[2022-06-17T11:44:24.870Z] Log level: Info
[2022-06-17T11:44:24.871Z] [info] Validating found git in: git
[2022-06-17T11:44:24.910Z] [info] Using git 2.36.1 from git
[2022-06-17T11:44:24.977Z] > git rev-parse --show-toplevel [32ms]
[2022-06-17T11:44:24.994Z] > git rev-parse --git-dir --git-common-dir [4ms]
[2022-06-17T11:44:25.013Z] [info] Open repository: /home/upalb/Cris-paul
[2022-06-17T11:44:25.037Z] > git status -z -uall [3ms]
[2022-06-17T11:44:25.477Z] > git symbolic-ref --short HEAD [424ms]
[2022-06-17T11:44:25.576Z] > git for-each-ref --format=%(refname)%00%(upstream:short)%00%(objectname)%00%(upstream:track)%00%(upstream:remotename)%00%(upstream:remoteref) refs/heads/main refs/remotes/main [89ms]
[2022-06-17T11:44:25.631Z] > git remote --verbose [31ms]
[2022-06-17T11:44:25.632Z] > git for-each-ref --sort -committerdate --format %(refname) %(objectname) %(*objectname) [42ms]
[2022-06-17T11:44:25.678Z] > git config --get commit.template [9ms]
[2022-06-17T11:44:26.004Z] > git check-ignore -v -z --stdin [2ms]
[2022-06-17T11:44:30.952Z] > git show --textconv :sass/_scrollbar [26ms]
[2022-06-17T11:44:30.956Z] > git ls-files --stage -- /home/upalb/Cris-paul/sass/_scrollbar [7ms]
[2022-06-17T11:44:31.102Z] > git check-ignore -v -z --stdin [4ms]
[2022-06-17T11:44:31.584Z] > git status -z -uall [3ms]
[2022-06-17T11:44:31.601Z] > git symbolic-ref --short HEAD [2ms]
[2022-06-17T11:44:31.616Z] > git for-each-ref --format=%(refname)%00%(upstream:short)%00%(objectname)%00%(upstream:track)%00%(upstream:remotename)%00%(upstream:remoteref) refs/heads/main refs/remotes/main [2ms]
[2022-06-17T11:44:31.645Z] > git remote --verbose [3ms]
[2022-06-17T11:44:31.646Z] > git for-each-ref --sort -committerdate --format %(refname) %(objectname) %(*objectname) [16ms]
[2022-06-17T11:44:31.665Z] > git config --get commit.template [3ms]
[2022-06-17T11:44:36.094Z] > git show --textconv :sass/_scrollbar.scss [37ms]
[2022-06-17T11:44:36.094Z] > git ls-files --stage -- /home/upalb/Cris-paul/sass/_scrollbar.scss [25ms]
[2022-06-17T11:44:36.259Z] > git check-ignore -v -z --stdin [2ms]
[2022-06-17T11:44:36.718Z] > git status -z -uall [2ms]
[2022-06-17T11:44:36.731Z] > git symbolic-ref --short HEAD [3ms]
[2022-06-17T11:44:36.750Z] > git for-each-ref --format=%(refname)%00%(upstream:short)%00%(objectname)%00%(upstream:track)%00%(upstream:remotename)%00%(upstream:remoteref) refs/heads/main refs/remotes/main [4ms]
[2022-06-17T11:44:36.773Z] > git remote --verbose [2ms]
[2022-06-17T11:44:36.774Z] > git for-each-ref --sort -committerdate --format %(refname) %(objectname) %(*objectname) [14ms]
[2022-06-17T11:44:36.792Z] > git config --get commit.template [3ms]
[2022-06-17T11:44:37.649Z] > git show --textconv :sass/style.scss [19ms]
[2022-06-17T11:44:37.652Z] > git ls-files --stage -- /home/upalb/Cris-paul/sass/style.scss [5ms]
[2022-06-17T11:44:37.676Z] > git cat-file -s 984813dcb6df1def090910cceee411a51ded3e36 [4ms]
[2022-06-17T11:44:44.711Z] > git status -z -uall [3ms]
[2022-06-17T11:44:44.729Z] > git symbolic-ref --short HEAD [2ms]
[2022-06-17T11:44:44.746Z] > git for-each-ref --format=%(refname)%00%(upstream:short)%00%(objectname)%00%(upstream:track)%00%(upstream:remotename)%00%(upstream:remoteref) refs/heads/main refs/remotes/main [2ms]
[2022-06-17T11:44:44.779Z] > git for-each-ref --sort -committerdate --format %(refname) %(objectname) %(*objectname) [17ms]
[2022-06-17T11:44:44.780Z] > git remote --verbose [2ms]
[2022-06-17T11:44:44.808Z] > git config --get commit.template [2ms]
[2022-06-17T11:44:46.874Z] > git show --textconv :sass/_scrollbar.scss [13ms]
[2022-06-17T11:44:46.877Z] > git ls-files --stage -- /home/upalb/Cris-paul/sass/_scrollbar.scss [5ms]
[2022-06-17T11:44:54.369Z] > git status -z -uall [4ms]
[2022-06-17T11:44:54.386Z] > git symbolic-ref --short HEAD [2ms]
[2022-06-17T11:44:54.402Z] > git for-each-ref --format=%(refname)%00%(upstream:short)%00%(objectname)%00%(upstream:track)%00%(upstream:remotename)%00%(upstream:remoteref) refs/heads/main refs/remotes/main [2ms]
[2022-06-17T11:44:54.426Z] > git for-each-ref --sort -committerdate --format %(refname) %(objectname) %(*objectname) [12ms]
[2022-06-17T11:44:54.427Z] > git remote --verbose [3ms]
[2022-06-17T11:44:54.442Z] > git config --get commit.template [3ms]
[2022-06-17T11:44:59.465Z] > git status -z -uall [6ms]
[2022-06-17T11:44:59.483Z] > git symbolic-ref --short HEAD [2ms]
[2022-06-17T11:44:59.504Z] > git for-each-ref --format=%(refname)%00%(upstream:short)%00%(objectname)%00%(upstream:track)%00%(upstream:remotename)%00%(upstream:remoteref) refs/heads/main refs/remotes/main [3ms]
[2022-06-17T11:44:59.541Z] > git for-each-ref --sort -committerdate --format %(refname) %(objectname) %(*objectname) [20ms]
[2022-06-17T11:44:59.543Z] > git remote --verbose [8ms]
[2022-06-17T11:44:59.564Z] > git config --get commit.template [2ms]
[2022-06-17T11:45:11.080Z] > git status -z -uall [4ms]
[2022-06-17T11:45:11.091Z] > git symbolic-ref --short HEAD [2ms]
[2022-06-17T11:45:11.103Z] > git for-each-ref --format=%(refname)%00%(upstream:short)%00%(objectname)%00%(upstream:track)%00%(upstream:remotename)%00%(upstream:remoteref) refs/heads/main refs/remotes/main [2ms]
[2022-06-17T11:45:11.125Z] > git for-each-ref --sort -committerdate --format %(refname) %(objectname) %(*objectname) [11ms]
[2022-06-17T11:45:11.126Z] > git remote --verbose [2ms]
[2022-06-17T11:45:11.142Z] > git config --get commit.template [2ms]
[2022-06-17T11:45:18.595Z] > git status -z -uall [3ms]
[2022-06-17T11:45:18.608Z] > git symbolic-ref --short HEAD [1ms]
[2022-06-17T11:45:18.619Z] > git for-each-ref --format=%(refname)%00%(upstream:short)%00%(objectname)%00%(upstream:track)%00%(upstream:remotename)%00%(upstream:remoteref) refs/heads/main refs/remotes/main [2ms]
[2022-06-17T11:45:18.640Z] > git for-each-ref --sort -committerdate --format %(refname) %(objectname) %(*objectname) [11ms]
[2022-06-17T11:45:18.640Z] > git remote --verbose [2ms]
[2022-06-17T11:45:18.655Z] > git config --get commit.template [3ms]
[2022-06-17T11:45:36.028Z] > git status -z -uall [3ms]
[2022-06-17T11:45:36.040Z] > git symbolic-ref --short HEAD [1ms]
[2022-06-17T11:45:36.052Z] > git for-each-ref --format=%(refname)%00%(upstream:short)%00%(objectname)%00%(upstream:track)%00%(upstream:remotename)%00%(upstream:remoteref) refs/heads/main refs/remotes/main [2ms]
[2022-06-17T11:45:36.078Z] > git for-each-ref --sort -committerdate --format %(refname) %(objectname) %(*objectname) [14ms]
[2022-06-17T11:45:36.078Z] > git remote --verbose [3ms]
[2022-06-17T11:45:36.094Z] > git config --get commit.template [2ms]
[2022-06-17T11:45:47.759Z] > git status -z -uall [3ms]
[2022-06-17T11:45:47.773Z] > git symbolic-ref --short HEAD [2ms]
[2022-06-17T11:45:47.787Z] > git for-each-ref --format=%(refname)%00%(upstream:short)%00%(objectname)%00%(upstream:track)%00%(upstream:remotename)%00%(upstream:remoteref) refs/heads/main refs/remotes/main [3ms]
[2022-06-17T11:45:47.809Z] > git for-each-ref --sort -committerdate --format %(refname) %(objectname) %(*objectname) [11ms]
[2022-06-17T11:45:47.810Z] > git remote --verbose [3ms]
[2022-06-17T11:45:47.825Z] > git config --get commit.template [1ms]
[2022-06-17T11:46:15.937Z] > git status -z -uall [2ms]
[2022-06-17T11:46:15.950Z] > git symbolic-ref --short HEAD [1ms]
[2022-06-17T11:46:15.963Z] > git for-each-ref --format=%(refname)%00%(upstream:short)%00%(objectname)%00%(upstream:track)%00%(upstream:remotename)%00%(upstream:remoteref) refs/heads/main refs/remotes/main [2ms]
[2022-06-17T11:46:15.987Z] > git for-each-ref --sort -committerdate --format %(refname) %(objectname) %(*objectname) [13ms]
[2022-06-17T11:46:15.988Z] > git remote --verbose [3ms]
[2022-06-17T11:46:16.003Z] > git config --get commit.template [2ms]
[2022-06-17T11:46:26.565Z] > git status -z -uall [3ms]
[2022-06-17T11:46:26.576Z] > git symbolic-ref --short HEAD [1ms]
[2022-06-17T11:46:26.589Z] > git for-each-ref --format=%(refname)%00%(upstream:short)%00%(objectname)%00%(upstream:track)%00%(upstream:remotename)%00%(upstream:remoteref) refs/heads/main refs/remotes/main [2ms]
[2022-06-17T11:46:26.609Z] > git for-each-ref --sort -committerdate --format %(refname) %(objectname) %(*objectname) [10ms]
[2022-06-17T11:46:26.610Z] > git remote --verbose [2ms]
[2022-06-17T11:46:26.625Z] > git config --get commit.template [2ms]
[2022-06-17T11:46:38.053Z] > git status -z -uall [3ms]
[2022-06-17T11:46:38.066Z] > git symbolic-ref --short HEAD [2ms]
[2022-06-17T11:46:38.080Z] > git for-each-ref --format=%(refname)%00%(upstream:short)%00%(objectname)%00%(upstream:track)%00%(upstream:remotename)%00%(upstream:remoteref) refs/heads/main refs/remotes/main [2ms]
[2022-06-17T11:46:38.101Z] > git for-each-ref --sort -committerdate --format %(refname) %(objectname) %(*objectname) [11ms]
[2022-06-17T11:46:38.102Z] > git remote --verbose [2ms]
[2022-06-17T11:46:38.116Z] > git config --get commit.template [1ms]
[2022-06-17T11:46:43.145Z] > git status -z -uall [6ms]
[2022-06-17T11:46:43.164Z] > git symbolic-ref --short HEAD [2ms]
[2022-06-17T11:46:43.183Z] > git for-each-ref --format=%(refname)%00%(upstream:short)%00%(objectname)%00%(upstream:track)%00%(upstream:remotename)%00%(upstream:remoteref) refs/heads/main refs/remotes/main [2ms]
[2022-06-17T11:46:43.215Z] > git for-each-ref --sort -committerdate --format %(refname) %(objectname) %(*objectname) [17ms]
[2022-06-17T11:46:43.216Z] > git remote --verbose [2ms]
[2022-06-17T11:46:43.239Z] > git config --get commit.template [4ms]
[2022-06-17T11:47:41.574Z] > git status -z -uall [3ms]
[2022-06-17T11:47:41.586Z] > git symbolic-ref --short HEAD [2ms]
[2022-06-17T11:47:41.598Z] > git for-each-ref --format=%(refname)%00%(upstream:short)%00%(objectname)%00%(upstream:track)%00%(upstream:remotename)%00%(upstream:remoteref) refs/heads/main refs/remotes/main [2ms]
[2022-06-17T11:47:41.619Z] > git for-each-ref --sort -committerdate --format %(refname) %(objectname) %(*objectname) [11ms]
[2022-06-17T11:47:41.620Z] > git remote --verbose [2ms]
[2022-06-17T11:47:41.635Z] > git config --get commit.template [1ms]
[2022-06-17T11:47:46.652Z] > git status -z -uall [3ms]
[2022-06-17T11:47:46.668Z] > git symbolic-ref --short HEAD [2ms]
[2022-06-17T11:47:46.680Z] > git for-each-ref --format=%(refname)%00%(upstream:short)%00%(objectname)%00%(upstream:track)%00%(upstream:remotename)%00%(upstream:remoteref) refs/heads/main refs/remotes/main [2ms]
[2022-06-17T11:47:46.708Z] > git for-each-ref --sort -committerdate --format %(refname) %(objectname) %(*objectname) [14ms]
[2022-06-17T11:47:46.709Z] > git remote --verbose [2ms]
[2022-06-17T11:47:46.726Z] > git config --get commit.template [1ms]
[2022-06-17T11:47:50.779Z] > git show --textconv :sass/style.scss [20ms]
[2022-06-17T11:47:50.781Z] > git ls-files --stage -- /home/upalb/Cris-paul/sass/style.scss [4ms]
[2022-06-17T11:47:50.795Z] > git cat-file -s 984813dcb6df1def090910cceee411a51ded3e36 [2ms]
