["INFO" - 10:45:07 AM] Extension Name: esbenp.prettier-vscode.
["INFO" - 10:45:07 AM] Extension Version: 9.5.0.
["INFO" - 10:46:44 AM] Formatting file:///home/upalb/Grover/index.html
["INFO" - 10:46:44 AM] Using ignore file (if present) at /home/upalb/Grover/.prettierignore
["INFO" - 10:46:44 AM] File Info:
{
  "ignored": false,
  "inferredParser": "html"
}
["INFO" - 10:46:44 AM] No local configuration (i.e. .prettierrc or .editorconfig) detected, falling back to VS Code configuration
["INFO" - 10:46:44 AM] Prettier Options:
{
  "arrowParens": "always",
  "bracketSpacing": true,
  "endOfLine": "lf",
  "htmlWhitespaceSensitivity": "css",
  "insertPragma": false,
  "jsxBracketSameLine": false,
  "jsxSingleQuote": false,
  "printWidth": 80,
  "proseWrap": "preserve",
  "quoteProps": "as-needed",
  "requirePragma": false,
  "semi": true,
  "singleQuote": true,
  "tabWidth": 2,
  "trailingComma": "es5",
  "useTabs": false,
  "vueIndentScriptAndStyle": false,
  "filepath": "/home/upalb/Grover/index.html",
  "parser": "html"
}
["INFO" - 10:46:44 AM] Formatting completed in 0.147ms.
["INFO" - 10:46:59 AM] Formatting file:///home/upalb/Grover/index.html
["INFO" - 10:46:59 AM] Using ignore file (if present) at /home/upalb/Grover/.prettierignore
["INFO" - 10:46:59 AM] File Info:
{
  "ignored": false,
  "inferredParser": "html"
}
["INFO" - 10:46:59 AM] No local configuration (i.e. .prettierrc or .editorconfig) detected, falling back to VS Code configuration
["INFO" - 10:46:59 AM] Prettier Options:
{
  "arrowParens": "always",
  "bracketSpacing": true,
  "endOfLine": "lf",
  "htmlWhitespaceSensitivity": "css",
  "insertPragma": false,
  "jsxBracketSameLine": false,
  "jsxSingleQuote": false,
  "printWidth": 80,
  "proseWrap": "preserve",
  "quoteProps": "as-needed",
  "requirePragma": false,
  "semi": true,
  "singleQuote": true,
  "tabWidth": 2,
  "trailingComma": "es5",
  "useTabs": false,
  "vueIndentScriptAndStyle": false,
  "filepath": "/home/upalb/Grover/index.html",
  "parser": "html"
}
["INFO" - 10:46:59 AM] Formatting completed in 0.111ms.
["INFO" - 10:47:08 AM] Formatting file:///home/upalb/Grover/index.html
["INFO" - 10:47:08 AM] Using ignore file (if present) at /home/upalb/Grover/.prettierignore
["INFO" - 10:47:08 AM] File Info:
{
  "ignored": false,
  "inferredParser": "html"
}
["INFO" - 10:47:08 AM] No local configuration (i.e. .prettierrc or .editorconfig) detected, falling back to VS Code configuration
["INFO" - 10:47:08 AM] Prettier Options:
{
  "arrowParens": "always",
  "bracketSpacing": true,
  "endOfLine": "lf",
  "htmlWhitespaceSensitivity": "css",
  "insertPragma": false,
  "jsxBracketSameLine": false,
  "jsxSingleQuote": false,
  "printWidth": 80,
  "proseWrap": "preserve",
  "quoteProps": "as-needed",
  "requirePragma": false,
  "semi": true,
  "singleQuote": true,
  "tabWidth": 2,
  "trailingComma": "es5",
  "useTabs": false,
  "vueIndentScriptAndStyle": false,
  "filepath": "/home/upalb/Grover/index.html",
  "parser": "html"
}
["INFO" - 10:47:08 AM] Formatting completed in 0.052ms.
["INFO" - 10:54:23 AM] Formatting file:///home/upalb/Grover/index.html
["INFO" - 10:54:23 AM] Using ignore file (if present) at /home/upalb/Grover/.prettierignore
["INFO" - 10:54:23 AM] File Info:
{
  "ignored": false,
  "inferredParser": "html"
}
["INFO" - 10:54:23 AM] No local configuration (i.e. .prettierrc or .editorconfig) detected, falling back to VS Code configuration
["INFO" - 10:54:23 AM] Prettier Options:
{
  "arrowParens": "always",
  "bracketSpacing": true,
  "endOfLine": "lf",
  "htmlWhitespaceSensitivity": "css",
  "insertPragma": false,
  "jsxBracketSameLine": false,
  "jsxSingleQuote": false,
  "printWidth": 80,
  "proseWrap": "preserve",
  "quoteProps": "as-needed",
  "requirePragma": false,
  "semi": true,
  "singleQuote": true,
  "tabWidth": 2,
  "trailingComma": "es5",
  "useTabs": false,
  "vueIndentScriptAndStyle": false,
  "filepath": "/home/upalb/Grover/index.html",
  "parser": "html"
}
["INFO" - 10:54:23 AM] Formatting completed in 0.055ms.
["INFO" - 10:58:34 AM] Formatting file:///home/upalb/Grover/index.html
["INFO" - 10:58:34 AM] Using ignore file (if present) at /home/upalb/Grover/.prettierignore
["INFO" - 10:58:34 AM] File Info:
{
  "ignored": false,
  "inferredParser": "html"
}
["INFO" - 10:58:34 AM] No local configuration (i.e. .prettierrc or .editorconfig) detected, falling back to VS Code configuration
["INFO" - 10:58:34 AM] Prettier Options:
{
  "arrowParens": "always",
  "bracketSpacing": true,
  "endOfLine": "lf",
  "htmlWhitespaceSensitivity": "css",
  "insertPragma": false,
  "jsxBracketSameLine": false,
  "jsxSingleQuote": false,
  "printWidth": 80,
  "proseWrap": "preserve",
  "quoteProps": "as-needed",
  "requirePragma": false,
  "semi": true,
  "singleQuote": true,
  "tabWidth": 2,
  "trailingComma": "es5",
  "useTabs": false,
  "vueIndentScriptAndStyle": false,
  "filepath": "/home/upalb/Grover/index.html",
  "parser": "html"
}
["INFO" - 10:58:34 AM] Formatting completed in 0.054ms.
["INFO" - 10:59:01 AM] Formatting file:///home/upalb/Grover/index.html
["INFO" - 10:59:01 AM] Using ignore file (if present) at /home/upalb/Grover/.prettierignore
["INFO" - 10:59:01 AM] File Info:
{
  "ignored": false,
  "inferredParser": "html"
}
["INFO" - 10:59:01 AM] No local configuration (i.e. .prettierrc or .editorconfig) detected, falling back to VS Code configuration
["INFO" - 10:59:01 AM] Prettier Options:
{
  "arrowParens": "always",
  "bracketSpacing": true,
  "endOfLine": "lf",
  "htmlWhitespaceSensitivity": "css",
  "insertPragma": false,
  "jsxBracketSameLine": false,
  "jsxSingleQuote": false,
  "printWidth": 80,
  "proseWrap": "preserve",
  "quoteProps": "as-needed",
  "requirePragma": false,
  "semi": true,
  "singleQuote": true,
  "tabWidth": 2,
  "trailingComma": "es5",
  "useTabs": false,
  "vueIndentScriptAndStyle": false,
  "filepath": "/home/upalb/Grover/index.html",
  "parser": "html"
}
["INFO" - 10:59:01 AM] Formatting completed in 0.056ms.
["INFO" - 10:59:05 AM] Formatting file:///home/upalb/Grover/index.html
["INFO" - 10:59:05 AM] Using ignore file (if present) at /home/upalb/Grover/.prettierignore
["INFO" - 10:59:05 AM] File Info:
{
  "ignored": false,
  "inferredParser": "html"
}
["INFO" - 10:59:05 AM] No local configuration (i.e. .prettierrc or .editorconfig) detected, falling back to VS Code configuration
["INFO" - 10:59:05 AM] Prettier Options:
{
  "arrowParens": "always",
  "bracketSpacing": true,
  "endOfLine": "lf",
  "htmlWhitespaceSensitivity": "css",
  "insertPragma": false,
  "jsxBracketSameLine": false,
  "jsxSingleQuote": false,
  "printWidth": 80,
  "proseWrap": "preserve",
  "quoteProps": "as-needed",
  "requirePragma": false,
  "semi": true,
  "singleQuote": true,
  "tabWidth": 2,
  "trailingComma": "es5",
  "useTabs": false,
  "vueIndentScriptAndStyle": false,
  "filepath": "/home/upalb/Grover/index.html",
  "parser": "html"
}
["INFO" - 10:59:05 AM] Formatting completed in 0.036ms.
["INFO" - 11:11:19 AM] Formatting file:///home/upalb/Grover/index.html
["INFO" - 11:11:19 AM] Using ignore file (if present) at /home/upalb/Grover/.prettierignore
["INFO" - 11:11:19 AM] File Info:
{
  "ignored": false,
  "inferredParser": "html"
}
["INFO" - 11:11:19 AM] No local configuration (i.e. .prettierrc or .editorconfig) detected, falling back to VS Code configuration
["INFO" - 11:11:19 AM] Prettier Options:
{
  "arrowParens": "always",
  "bracketSpacing": true,
  "endOfLine": "lf",
  "htmlWhitespaceSensitivity": "css",
  "insertPragma": false,
  "jsxBracketSameLine": false,
  "jsxSingleQuote": false,
  "printWidth": 80,
  "proseWrap": "preserve",
  "quoteProps": "as-needed",
  "requirePragma": false,
  "semi": true,
  "singleQuote": true,
  "tabWidth": 2,
  "trailingComma": "es5",
  "useTabs": false,
  "vueIndentScriptAndStyle": false,
  "filepath": "/home/upalb/Grover/index.html",
  "parser": "html"
}
["INFO" - 11:11:19 AM] Formatting completed in 0.064ms.
["INFO" - 11:15:38 AM] Formatting file:///home/upalb/Grover/index.html
["INFO" - 11:15:38 AM] Using ignore file (if present) at /home/upalb/Grover/.prettierignore
["INFO" - 11:15:38 AM] File Info:
{
  "ignored": false,
  "inferredParser": "html"
}
["INFO" - 11:15:38 AM] No local configuration (i.e. .prettierrc or .editorconfig) detected, falling back to VS Code configuration
["INFO" - 11:15:38 AM] Prettier Options:
{
  "arrowParens": "always",
  "bracketSpacing": true,
  "endOfLine": "lf",
  "htmlWhitespaceSensitivity": "css",
  "insertPragma": false,
  "jsxBracketSameLine": false,
  "jsxSingleQuote": false,
  "printWidth": 80,
  "proseWrap": "preserve",
  "quoteProps": "as-needed",
  "requirePragma": false,
  "semi": true,
  "singleQuote": true,
  "tabWidth": 2,
  "trailingComma": "es5",
  "useTabs": false,
  "vueIndentScriptAndStyle": false,
  "filepath": "/home/upalb/Grover/index.html",
  "parser": "html"
}
["INFO" - 11:15:38 AM] Formatting completed in 0.111ms.
["INFO" - 12:01:06 PM] Formatting file:///home/upalb/Grover/index.html
["INFO" - 12:01:06 PM] Using ignore file (if present) at /home/upalb/Grover/.prettierignore
["INFO" - 12:01:06 PM] File Info:
{
  "ignored": false,
  "inferredParser": "html"
}
["INFO" - 12:01:06 PM] No local configuration (i.e. .prettierrc or .editorconfig) detected, falling back to VS Code configuration
["INFO" - 12:01:06 PM] Prettier Options:
{
  "arrowParens": "always",
  "bracketSpacing": true,
  "endOfLine": "lf",
  "htmlWhitespaceSensitivity": "css",
  "insertPragma": false,
  "jsxBracketSameLine": false,
  "jsxSingleQuote": false,
  "printWidth": 80,
  "proseWrap": "preserve",
  "quoteProps": "as-needed",
  "requirePragma": false,
  "semi": true,
  "singleQuote": true,
  "tabWidth": 2,
  "trailingComma": "es5",
  "useTabs": false,
  "vueIndentScriptAndStyle": false,
  "filepath": "/home/upalb/Grover/index.html",
  "parser": "html"
}
["INFO" - 12:01:06 PM] Formatting completed in 0.096ms.
["INFO" - 12:01:22 PM] Formatting file:///home/upalb/Grover/index.html
["INFO" - 12:01:22 PM] Using ignore file (if present) at /home/upalb/Grover/.prettierignore
["INFO" - 12:01:22 PM] File Info:
{
  "ignored": false,
  "inferredParser": "html"
}
["INFO" - 12:01:22 PM] No local configuration (i.e. .prettierrc or .editorconfig) detected, falling back to VS Code configuration
["INFO" - 12:01:22 PM] Prettier Options:
{
  "arrowParens": "always",
  "bracketSpacing": true,
  "endOfLine": "lf",
  "htmlWhitespaceSensitivity": "css",
  "insertPragma": false,
  "jsxBracketSameLine": false,
  "jsxSingleQuote": false,
  "printWidth": 80,
  "proseWrap": "preserve",
  "quoteProps": "as-needed",
  "requirePragma": false,
  "semi": true,
  "singleQuote": true,
  "tabWidth": 2,
  "trailingComma": "es5",
  "useTabs": false,
  "vueIndentScriptAndStyle": false,
  "filepath": "/home/upalb/Grover/index.html",
  "parser": "html"
}
["INFO" - 12:01:22 PM] Formatting completed in 0.044ms.
["INFO" - 12:01:30 PM] Formatting file:///home/upalb/Grover/index.html
["INFO" - 12:01:30 PM] Using ignore file (if present) at /home/upalb/Grover/.prettierignore
["INFO" - 12:01:30 PM] File Info:
{
  "ignored": false,
  "inferredParser": "html"
}
["INFO" - 12:01:30 PM] No local configuration (i.e. .prettierrc or .editorconfig) detected, falling back to VS Code configuration
["INFO" - 12:01:30 PM] Prettier Options:
{
  "arrowParens": "always",
  "bracketSpacing": true,
  "endOfLine": "lf",
  "htmlWhitespaceSensitivity": "css",
  "insertPragma": false,
  "jsxBracketSameLine": false,
  "jsxSingleQuote": false,
  "printWidth": 80,
  "proseWrap": "preserve",
  "quoteProps": "as-needed",
  "requirePragma": false,
  "semi": true,
  "singleQuote": true,
  "tabWidth": 2,
  "trailingComma": "es5",
  "useTabs": false,
  "vueIndentScriptAndStyle": false,
  "filepath": "/home/upalb/Grover/index.html",
  "parser": "html"
}
["INFO" - 12:01:30 PM] Formatting completed in 0.026ms.
["INFO" - 12:16:07 PM] Formatting file:///home/upalb/Grover/index.html
["INFO" - 12:16:07 PM] Using ignore file (if present) at /home/upalb/Grover/.prettierignore
["INFO" - 12:16:07 PM] File Info:
{
  "ignored": false,
  "inferredParser": "html"
}
["INFO" - 12:16:07 PM] No local configuration (i.e. .prettierrc or .editorconfig) detected, falling back to VS Code configuration
["INFO" - 12:16:07 PM] Prettier Options:
{
  "arrowParens": "always",
  "bracketSpacing": true,
  "endOfLine": "lf",
  "htmlWhitespaceSensitivity": "css",
  "insertPragma": false,
  "jsxBracketSameLine": false,
  "jsxSingleQuote": false,
  "printWidth": 80,
  "proseWrap": "preserve",
  "quoteProps": "as-needed",
  "requirePragma": false,
  "semi": true,
  "singleQuote": true,
  "tabWidth": 2,
  "trailingComma": "es5",
  "useTabs": false,
  "vueIndentScriptAndStyle": false,
  "filepath": "/home/upalb/Grover/index.html",
  "parser": "html"
}
["INFO" - 12:16:07 PM] Formatting completed in 0.073ms.
["INFO" - 12:16:09 PM] Formatting file:///home/upalb/Grover/index.html
["INFO" - 12:16:09 PM] Using ignore file (if present) at /home/upalb/Grover/.prettierignore
["INFO" - 12:16:09 PM] File Info:
{
  "ignored": false,
  "inferredParser": "html"
}
["INFO" - 12:16:09 PM] No local configuration (i.e. .prettierrc or .editorconfig) detected, falling back to VS Code configuration
["INFO" - 12:16:09 PM] Prettier Options:
{
  "arrowParens": "always",
  "bracketSpacing": true,
  "endOfLine": "lf",
  "htmlWhitespaceSensitivity": "css",
  "insertPragma": false,
  "jsxBracketSameLine": false,
  "jsxSingleQuote": false,
  "printWidth": 80,
  "proseWrap": "preserve",
  "quoteProps": "as-needed",
  "requirePragma": false,
  "semi": true,
  "singleQuote": true,
  "tabWidth": 2,
  "trailingComma": "es5",
  "useTabs": false,
  "vueIndentScriptAndStyle": false,
  "filepath": "/home/upalb/Grover/index.html",
  "parser": "html"
}
["INFO" - 12:16:09 PM] Formatting completed in 0.028ms.
["INFO" - 12:27:40 PM] Formatting file:///home/upalb/Grover/index.html
["INFO" - 12:27:40 PM] Using ignore file (if present) at /home/upalb/Grover/.prettierignore
["INFO" - 12:27:40 PM] File Info:
{
  "ignored": false,
  "inferredParser": "html"
}
["INFO" - 12:27:40 PM] No local configuration (i.e. .prettierrc or .editorconfig) detected, falling back to VS Code configuration
["INFO" - 12:27:40 PM] Prettier Options:
{
  "arrowParens": "always",
  "bracketSpacing": true,
  "endOfLine": "lf",
  "htmlWhitespaceSensitivity": "css",
  "insertPragma": false,
  "jsxBracketSameLine": false,
  "jsxSingleQuote": false,
  "printWidth": 80,
  "proseWrap": "preserve",
  "quoteProps": "as-needed",
  "requirePragma": false,
  "semi": true,
  "singleQuote": true,
  "tabWidth": 2,
  "trailingComma": "es5",
  "useTabs": false,
  "vueIndentScriptAndStyle": false,
  "filepath": "/home/upalb/Grover/index.html",
  "parser": "html"
}
["INFO" - 12:27:40 PM] Formatting completed in 0.078ms.
["INFO" - 12:27:59 PM] Formatting file:///home/upalb/Grover/index.html
["INFO" - 12:27:59 PM] Using ignore file (if present) at /home/upalb/Grover/.prettierignore
["INFO" - 12:27:59 PM] File Info:
{
  "ignored": false,
  "inferredParser": "html"
}
["INFO" - 12:27:59 PM] No local configuration (i.e. .prettierrc or .editorconfig) detected, falling back to VS Code configuration
["INFO" - 12:27:59 PM] Prettier Options:
{
  "arrowParens": "always",
  "bracketSpacing": true,
  "endOfLine": "lf",
  "htmlWhitespaceSensitivity": "css",
  "insertPragma": false,
  "jsxBracketSameLine": false,
  "jsxSingleQuote": false,
  "printWidth": 80,
  "proseWrap": "preserve",
  "quoteProps": "as-needed",
  "requirePragma": false,
  "semi": true,
  "singleQuote": true,
  "tabWidth": 2,
  "trailingComma": "es5",
  "useTabs": false,
  "vueIndentScriptAndStyle": false,
  "filepath": "/home/upalb/Grover/index.html",
  "parser": "html"
}
["INFO" - 12:27:59 PM] Formatting completed in 0.028ms.
["INFO" - 12:28:33 PM] Formatting file:///home/upalb/Grover/index.html
["INFO" - 12:28:33 PM] Using ignore file (if present) at /home/upalb/Grover/.prettierignore
["INFO" - 12:28:33 PM] File Info:
{
  "ignored": false,
  "inferredParser": "html"
}
["INFO" - 12:28:33 PM] No local configuration (i.e. .prettierrc or .editorconfig) detected, falling back to VS Code configuration
["INFO" - 12:28:33 PM] Prettier Options:
{
  "arrowParens": "always",
  "bracketSpacing": true,
  "endOfLine": "lf",
  "htmlWhitespaceSensitivity": "css",
  "insertPragma": false,
  "jsxBracketSameLine": false,
  "jsxSingleQuote": false,
  "printWidth": 80,
  "proseWrap": "preserve",
  "quoteProps": "as-needed",
  "requirePragma": false,
  "semi": true,
  "singleQuote": true,
  "tabWidth": 2,
  "trailingComma": "es5",
  "useTabs": false,
  "vueIndentScriptAndStyle": false,
  "filepath": "/home/upalb/Grover/index.html",
  "parser": "html"
}
["INFO" - 12:28:33 PM] Formatting completed in 0.02ms.
["INFO" - 12:29:04 PM] Formatting file:///home/upalb/Grover/index.html
["INFO" - 12:29:04 PM] Using ignore file (if present) at /home/upalb/Grover/.prettierignore
["INFO" - 12:29:04 PM] File Info:
{
  "ignored": false,
  "inferredParser": "html"
}
["INFO" - 12:29:04 PM] No local configuration (i.e. .prettierrc or .editorconfig) detected, falling back to VS Code configuration
["INFO" - 12:29:04 PM] Prettier Options:
{
  "arrowParens": "always",
  "bracketSpacing": true,
  "endOfLine": "lf",
  "htmlWhitespaceSensitivity": "css",
  "insertPragma": false,
  "jsxBracketSameLine": false,
  "jsxSingleQuote": false,
  "printWidth": 80,
  "proseWrap": "preserve",
  "quoteProps": "as-needed",
  "requirePragma": false,
  "semi": true,
  "singleQuote": true,
  "tabWidth": 2,
  "trailingComma": "es5",
  "useTabs": false,
  "vueIndentScriptAndStyle": false,
  "filepath": "/home/upalb/Grover/index.html",
  "parser": "html"
}
["INFO" - 12:29:04 PM] Formatting completed in 0.024ms.
["INFO" - 12:30:09 PM] Formatting file:///home/upalb/Grover/index.html
["INFO" - 12:30:09 PM] Using ignore file (if present) at /home/upalb/Grover/.prettierignore
["INFO" - 12:30:09 PM] File Info:
{
  "ignored": false,
  "inferredParser": "html"
}
["INFO" - 12:30:09 PM] No local configuration (i.e. .prettierrc or .editorconfig) detected, falling back to VS Code configuration
["INFO" - 12:30:09 PM] Prettier Options:
{
  "arrowParens": "always",
  "bracketSpacing": true,
  "endOfLine": "lf",
  "htmlWhitespaceSensitivity": "css",
  "insertPragma": false,
  "jsxBracketSameLine": false,
  "jsxSingleQuote": false,
  "printWidth": 80,
  "proseWrap": "preserve",
  "quoteProps": "as-needed",
  "requirePragma": false,
  "semi": true,
  "singleQuote": true,
  "tabWidth": 2,
  "trailingComma": "es5",
  "useTabs": false,
  "vueIndentScriptAndStyle": false,
  "filepath": "/home/upalb/Grover/index.html",
  "parser": "html"
}
["INFO" - 12:30:09 PM] Formatting completed in 0.029ms.
["INFO" - 12:30:42 PM] Formatting file:///home/upalb/Grover/index.html
["INFO" - 12:30:42 PM] Using ignore file (if present) at /home/upalb/Grover/.prettierignore
["INFO" - 12:30:42 PM] File Info:
{
  "ignored": false,
  "inferredParser": "html"
}
["INFO" - 12:30:42 PM] No local configuration (i.e. .prettierrc or .editorconfig) detected, falling back to VS Code configuration
["INFO" - 12:30:42 PM] Prettier Options:
{
  "arrowParens": "always",
  "bracketSpacing": true,
  "endOfLine": "lf",
  "htmlWhitespaceSensitivity": "css",
  "insertPragma": false,
  "jsxBracketSameLine": false,
  "jsxSingleQuote": false,
  "printWidth": 80,
  "proseWrap": "preserve",
  "quoteProps": "as-needed",
  "requirePragma": false,
  "semi": true,
  "singleQuote": true,
  "tabWidth": 2,
  "trailingComma": "es5",
  "useTabs": false,
  "vueIndentScriptAndStyle": false,
  "filepath": "/home/upalb/Grover/index.html",
  "parser": "html"
}
["INFO" - 12:30:42 PM] Formatting completed in 0.029ms.
["INFO" - 12:30:44 PM] Formatting file:///home/upalb/Grover/index.html
["INFO" - 12:30:44 PM] Using ignore file (if present) at /home/upalb/Grover/.prettierignore
["INFO" - 12:30:44 PM] File Info:
{
  "ignored": false,
  "inferredParser": "html"
}
["INFO" - 12:30:44 PM] No local configuration (i.e. .prettierrc or .editorconfig) detected, falling back to VS Code configuration
["INFO" - 12:30:44 PM] Prettier Options:
{
  "arrowParens": "always",
  "bracketSpacing": true,
  "endOfLine": "lf",
  "htmlWhitespaceSensitivity": "css",
  "insertPragma": false,
  "jsxBracketSameLine": false,
  "jsxSingleQuote": false,
  "printWidth": 80,
  "proseWrap": "preserve",
  "quoteProps": "as-needed",
  "requirePragma": false,
  "semi": true,
  "singleQuote": true,
  "tabWidth": 2,
  "trailingComma": "es5",
  "useTabs": false,
  "vueIndentScriptAndStyle": false,
  "filepath": "/home/upalb/Grover/index.html",
  "parser": "html"
}
["INFO" - 12:30:44 PM] Formatting completed in 0.033ms.
["INFO" - 12:34:48 PM] Formatting file:///home/upalb/Grover/index.html
["INFO" - 12:34:48 PM] Using ignore file (if present) at /home/upalb/Grover/.prettierignore
["INFO" - 12:34:48 PM] File Info:
{
  "ignored": false,
  "inferredParser": "html"
}
["INFO" - 12:34:48 PM] No local configuration (i.e. .prettierrc or .editorconfig) detected, falling back to VS Code configuration
["INFO" - 12:34:48 PM] Prettier Options:
{
  "arrowParens": "always",
  "bracketSpacing": true,
  "endOfLine": "lf",
  "htmlWhitespaceSensitivity": "css",
  "insertPragma": false,
  "jsxBracketSameLine": false,
  "jsxSingleQuote": false,
  "printWidth": 80,
  "proseWrap": "preserve",
  "quoteProps": "as-needed",
  "requirePragma": false,
  "semi": true,
  "singleQuote": true,
  "tabWidth": 2,
  "trailingComma": "es5",
  "useTabs": false,
  "vueIndentScriptAndStyle": false,
  "filepath": "/home/upalb/Grover/index.html",
  "parser": "html"
}
["INFO" - 12:34:48 PM] Formatting completed in 0.035ms.
["INFO" - 12:34:54 PM] Formatting file:///home/upalb/Grover/index.html
["INFO" - 12:34:54 PM] Using ignore file (if present) at /home/upalb/Grover/.prettierignore
["INFO" - 12:34:54 PM] File Info:
{
  "ignored": false,
  "inferredParser": "html"
}
["INFO" - 12:34:54 PM] No local configuration (i.e. .prettierrc or .editorconfig) detected, falling back to VS Code configuration
["INFO" - 12:34:54 PM] Prettier Options:
{
  "arrowParens": "always",
  "bracketSpacing": true,
  "endOfLine": "lf",
  "htmlWhitespaceSensitivity": "css",
  "insertPragma": false,
  "jsxBracketSameLine": false,
  "jsxSingleQuote": false,
  "printWidth": 80,
  "proseWrap": "preserve",
  "quoteProps": "as-needed",
  "requirePragma": false,
  "semi": true,
  "singleQuote": true,
  "tabWidth": 2,
  "trailingComma": "es5",
  "useTabs": false,
  "vueIndentScriptAndStyle": false,
  "filepath": "/home/upalb/Grover/index.html",
  "parser": "html"
}
["INFO" - 12:34:54 PM] Formatting completed in 0.032ms.
["INFO" - 12:34:55 PM] Formatting file:///home/upalb/Grover/index.html
["INFO" - 12:34:55 PM] Using ignore file (if present) at /home/upalb/Grover/.prettierignore
["INFO" - 12:34:55 PM] File Info:
{
  "ignored": false,
  "inferredParser": "html"
}
["INFO" - 12:34:55 PM] No local configuration (i.e. .prettierrc or .editorconfig) detected, falling back to VS Code configuration
["INFO" - 12:34:55 PM] Prettier Options:
{
  "arrowParens": "always",
  "bracketSpacing": true,
  "endOfLine": "lf",
  "htmlWhitespaceSensitivity": "css",
  "insertPragma": false,
  "jsxBracketSameLine": false,
  "jsxSingleQuote": false,
  "printWidth": 80,
  "proseWrap": "preserve",
  "quoteProps": "as-needed",
  "requirePragma": false,
  "semi": true,
  "singleQuote": true,
  "tabWidth": 2,
  "trailingComma": "es5",
  "useTabs": false,
  "vueIndentScriptAndStyle": false,
  "filepath": "/home/upalb/Grover/index.html",
  "parser": "html"
}
["INFO" - 12:34:55 PM] Formatting completed in 0.029ms.
["INFO" - 12:36:40 PM] Formatting file:///home/upalb/Grover/index.html
["INFO" - 12:36:40 PM] Using ignore file (if present) at /home/upalb/Grover/.prettierignore
["INFO" - 12:36:40 PM] File Info:
{
  "ignored": false,
  "inferredParser": "html"
}
["INFO" - 12:36:40 PM] No local configuration (i.e. .prettierrc or .editorconfig) detected, falling back to VS Code configuration
["INFO" - 12:36:40 PM] Prettier Options:
{
  "arrowParens": "always",
  "bracketSpacing": true,
  "endOfLine": "lf",
  "htmlWhitespaceSensitivity": "css",
  "insertPragma": false,
  "jsxBracketSameLine": false,
  "jsxSingleQuote": false,
  "printWidth": 80,
  "proseWrap": "preserve",
  "quoteProps": "as-needed",
  "requirePragma": false,
  "semi": true,
  "singleQuote": true,
  "tabWidth": 2,
  "trailingComma": "es5",
  "useTabs": false,
  "vueIndentScriptAndStyle": false,
  "filepath": "/home/upalb/Grover/index.html",
  "parser": "html"
}
["INFO" - 12:36:40 PM] Formatting completed in 0.054ms.
["INFO" - 12:37:13 PM] Formatting file:///home/upalb/Grover/index.html
["INFO" - 12:37:13 PM] Using ignore file (if present) at /home/upalb/Grover/.prettierignore
["INFO" - 12:37:13 PM] File Info:
{
  "ignored": false,
  "inferredParser": "html"
}
["INFO" - 12:37:13 PM] No local configuration (i.e. .prettierrc or .editorconfig) detected, falling back to VS Code configuration
["INFO" - 12:37:13 PM] Prettier Options:
{
  "arrowParens": "always",
  "bracketSpacing": true,
  "endOfLine": "lf",
  "htmlWhitespaceSensitivity": "css",
  "insertPragma": false,
  "jsxBracketSameLine": false,
  "jsxSingleQuote": false,
  "printWidth": 80,
  "proseWrap": "preserve",
  "quoteProps": "as-needed",
  "requirePragma": false,
  "semi": true,
  "singleQuote": true,
  "tabWidth": 2,
  "trailingComma": "es5",
  "useTabs": false,
  "vueIndentScriptAndStyle": false,
  "filepath": "/home/upalb/Grover/index.html",
  "parser": "html"
}
["INFO" - 12:37:13 PM] Formatting completed in 0.034ms.
["INFO" - 12:47:51 PM] Formatting file:///home/upalb/Grover/index.html
["INFO" - 12:47:51 PM] Using ignore file (if present) at /home/upalb/Grover/.prettierignore
["INFO" - 12:47:51 PM] File Info:
{
  "ignored": false,
  "inferredParser": "html"
}
["INFO" - 12:47:51 PM] No local configuration (i.e. .prettierrc or .editorconfig) detected, falling back to VS Code configuration
["INFO" - 12:47:51 PM] Prettier Options:
{
  "arrowParens": "always",
  "bracketSpacing": true,
  "endOfLine": "lf",
  "htmlWhitespaceSensitivity": "css",
  "insertPragma": false,
  "jsxBracketSameLine": false,
  "jsxSingleQuote": false,
  "printWidth": 80,
  "proseWrap": "preserve",
  "quoteProps": "as-needed",
  "requirePragma": false,
  "semi": true,
  "singleQuote": true,
  "tabWidth": 2,
  "trailingComma": "es5",
  "useTabs": false,
  "vueIndentScriptAndStyle": false,
  "filepath": "/home/upalb/Grover/index.html",
  "parser": "html"
}
["INFO" - 12:47:51 PM] Formatting completed in 0.206ms.
["INFO" - 12:48:04 PM] Formatting file:///home/upalb/Grover/index.html
["INFO" - 12:48:04 PM] Using ignore file (if present) at /home/upalb/Grover/.prettierignore
["INFO" - 12:48:04 PM] File Info:
{
  "ignored": false,
  "inferredParser": "html"
}
["INFO" - 12:48:04 PM] No local configuration (i.e. .prettierrc or .editorconfig) detected, falling back to VS Code configuration
["INFO" - 12:48:04 PM] Prettier Options:
{
  "arrowParens": "always",
  "bracketSpacing": true,
  "endOfLine": "lf",
  "htmlWhitespaceSensitivity": "css",
  "insertPragma": false,
  "jsxBracketSameLine": false,
  "jsxSingleQuote": false,
  "printWidth": 80,
  "proseWrap": "preserve",
  "quoteProps": "as-needed",
  "requirePragma": false,
  "semi": true,
  "singleQuote": true,
  "tabWidth": 2,
  "trailingComma": "es5",
  "useTabs": false,
  "vueIndentScriptAndStyle": false,
  "filepath": "/home/upalb/Grover/index.html",
  "parser": "html"
}
["INFO" - 12:48:04 PM] Formatting completed in 0.043ms.
["INFO" - 12:48:38 PM] Formatting file:///home/upalb/Grover/index.html
["INFO" - 12:48:38 PM] Using ignore file (if present) at /home/upalb/Grover/.prettierignore
["INFO" - 12:48:38 PM] File Info:
{
  "ignored": false,
  "inferredParser": "html"
}
["INFO" - 12:48:38 PM] No local configuration (i.e. .prettierrc or .editorconfig) detected, falling back to VS Code configuration
["INFO" - 12:48:38 PM] Prettier Options:
{
  "arrowParens": "always",
  "bracketSpacing": true,
  "endOfLine": "lf",
  "htmlWhitespaceSensitivity": "css",
  "insertPragma": false,
  "jsxBracketSameLine": false,
  "jsxSingleQuote": false,
  "printWidth": 80,
  "proseWrap": "preserve",
  "quoteProps": "as-needed",
  "requirePragma": false,
  "semi": true,
  "singleQuote": true,
  "tabWidth": 2,
  "trailingComma": "es5",
  "useTabs": false,
  "vueIndentScriptAndStyle": false,
  "filepath": "/home/upalb/Grover/index.html",
  "parser": "html"
}
["INFO" - 12:48:38 PM] Formatting completed in 0.044ms.
["INFO" - 12:48:48 PM] Formatting file:///home/upalb/Grover/index.html
["INFO" - 12:48:48 PM] Using ignore file (if present) at /home/upalb/Grover/.prettierignore
["INFO" - 12:48:48 PM] File Info:
{
  "ignored": false,
  "inferredParser": "html"
}
["INFO" - 12:48:48 PM] No local configuration (i.e. .prettierrc or .editorconfig) detected, falling back to VS Code configuration
["INFO" - 12:48:48 PM] Prettier Options:
{
  "arrowParens": "always",
  "bracketSpacing": true,
  "endOfLine": "lf",
  "htmlWhitespaceSensitivity": "css",
  "insertPragma": false,
  "jsxBracketSameLine": false,
  "jsxSingleQuote": false,
  "printWidth": 80,
  "proseWrap": "preserve",
  "quoteProps": "as-needed",
  "requirePragma": false,
  "semi": true,
  "singleQuote": true,
  "tabWidth": 2,
  "trailingComma": "es5",
  "useTabs": false,
  "vueIndentScriptAndStyle": false,
  "filepath": "/home/upalb/Grover/index.html",
  "parser": "html"
}
["INFO" - 12:48:48 PM] Formatting completed in 0.041ms.
["INFO" - 12:48:51 PM] Formatting file:///home/upalb/Grover/index.html
["INFO" - 12:48:51 PM] Using ignore file (if present) at /home/upalb/Grover/.prettierignore
["INFO" - 12:48:51 PM] File Info:
{
  "ignored": false,
  "inferredParser": "html"
}
["INFO" - 12:48:51 PM] No local configuration (i.e. .prettierrc or .editorconfig) detected, falling back to VS Code configuration
["INFO" - 12:48:51 PM] Prettier Options:
{
  "arrowParens": "always",
  "bracketSpacing": true,
  "endOfLine": "lf",
  "htmlWhitespaceSensitivity": "css",
  "insertPragma": false,
  "jsxBracketSameLine": false,
  "jsxSingleQuote": false,
  "printWidth": 80,
  "proseWrap": "preserve",
  "quoteProps": "as-needed",
  "requirePragma": false,
  "semi": true,
  "singleQuote": true,
  "tabWidth": 2,
  "trailingComma": "es5",
  "useTabs": false,
  "vueIndentScriptAndStyle": false,
  "filepath": "/home/upalb/Grover/index.html",
  "parser": "html"
}
["INFO" - 12:48:51 PM] Formatting completed in 0.033ms.
["INFO" - 12:48:58 PM] Formatting file:///home/upalb/Grover/index.html
["INFO" - 12:48:58 PM] Using ignore file (if present) at /home/upalb/Grover/.prettierignore
["INFO" - 12:48:58 PM] File Info:
{
  "ignored": false,
  "inferredParser": "html"
}
["INFO" - 12:48:58 PM] No local configuration (i.e. .prettierrc or .editorconfig) detected, falling back to VS Code configuration
["INFO" - 12:48:58 PM] Prettier Options:
{
  "arrowParens": "always",
  "bracketSpacing": true,
  "endOfLine": "lf",
  "htmlWhitespaceSensitivity": "css",
  "insertPragma": false,
  "jsxBracketSameLine": false,
  "jsxSingleQuote": false,
  "printWidth": 80,
  "proseWrap": "preserve",
  "quoteProps": "as-needed",
  "requirePragma": false,
  "semi": true,
  "singleQuote": true,
  "tabWidth": 2,
  "trailingComma": "es5",
  "useTabs": false,
  "vueIndentScriptAndStyle": false,
  "filepath": "/home/upalb/Grover/index.html",
  "parser": "html"
}
["INFO" - 12:48:58 PM] Formatting completed in 0.025ms.
