[2022-06-15T15:39:39.265Z] Validating found git in: git
[2022-06-15T15:39:39.296Z] Using git 2.36.1 from git
[2022-06-15T15:39:39.368Z] > git rev-parse --show-toplevel [56ms]
[2022-06-15T15:39:39.369Z] fatal: not a git repository (or any parent up to mount point /run/media/upalb)
Stopping at filesystem boundary (GIT_DISCOVERY_ACROSS_FILESYSTEM not set).
[2022-06-15T15:39:42.903Z] > git rev-parse --show-toplevel [3520ms]
[2022-06-15T15:39:42.903Z] fatal: not a git repository (or any parent up to mount point /run/media/upalb)
Stopping at filesystem boundary (GIT_DISCOVERY_ACROSS_FILESYSTEM not set).
[2022-06-15T15:39:42.941Z] > git rev-parse --show-toplevel [27ms]
[2022-06-15T15:39:42.941Z] fatal: not a git repository (or any parent up to mount point /run/media/upalb)
Stopping at filesystem boundary (GIT_DISCOVERY_ACROSS_FILESYSTEM not set).
[2022-06-15T15:39:43.316Z] > git rev-parse --show-toplevel [343ms]
[2022-06-15T15:39:43.316Z] fatal: not a git repository (or any parent up to mount point /run/media/upalb)
Stopping at filesystem boundary (GIT_DISCOVERY_ACROSS_FILESYSTEM not set).
[2022-06-15T15:39:43.333Z] > git rev-parse --show-toplevel [4ms]
[2022-06-15T15:39:43.333Z] fatal: not a git repository (or any parent up to mount point /run/media/upalb)
Stopping at filesystem boundary (GIT_DISCOVERY_ACROSS_FILESYSTEM not set).
[2022-06-15T15:39:43.348Z] > git rev-parse --show-toplevel [2ms]
[2022-06-15T15:39:43.348Z] fatal: not a git repository (or any parent up to mount point /run/media/upalb)
Stopping at filesystem boundary (GIT_DISCOVERY_ACROSS_FILESYSTEM not set).
[2022-06-15T15:39:43.365Z] > git rev-parse --show-toplevel [4ms]
[2022-06-15T15:39:43.365Z] fatal: not a git repository (or any parent up to mount point /run/media/upalb)
Stopping at filesystem boundary (GIT_DISCOVERY_ACROSS_FILESYSTEM not set).
[2022-06-15T15:39:43.380Z] > git rev-parse --show-toplevel [3ms]
[2022-06-15T15:39:43.380Z] fatal: not a git repository (or any parent up to mount point /run/media/upalb)
Stopping at filesystem boundary (GIT_DISCOVERY_ACROSS_FILESYSTEM not set).
[2022-06-15T15:40:20.351Z] > git rev-parse --show-toplevel [88ms]
[2022-06-15T15:40:20.351Z] fatal: not a git repository (or any parent up to mount point /run/media/upalb)
Stopping at filesystem boundary (GIT_DISCOVERY_ACROSS_FILESYSTEM not set).
[2022-06-15T15:43:01.171Z] > git rev-parse --show-toplevel [21ms]
[2022-06-15T15:43:01.171Z] fatal: not a git repository (or any parent up to mount point /run/media/upalb)
Stopping at filesystem boundary (GIT_DISCOVERY_ACROSS_FILESYSTEM not set).
[2022-06-15T15:44:01.388Z] > git rev-parse --show-toplevel [20ms]
[2022-06-15T15:44:01.388Z] fatal: not a git repository (or any parent up to mount point /run/media/upalb)
Stopping at filesystem boundary (GIT_DISCOVERY_ACROSS_FILESYSTEM not set).
[2022-06-15T15:44:09.316Z] > git rev-parse --show-toplevel [13ms]
[2022-06-15T15:44:09.316Z] fatal: not a git repository (or any parent up to mount point /run/media/upalb)
Stopping at filesystem boundary (GIT_DISCOVERY_ACROSS_FILESYSTEM not set).
[2022-06-15T15:45:40.697Z] > git rev-parse --show-toplevel [12ms]
[2022-06-15T15:45:40.697Z] fatal: not a git repository (or any parent up to mount point /run/media/upalb)
Stopping at filesystem boundary (GIT_DISCOVERY_ACROSS_FILESYSTEM not set).
[2022-06-15T15:46:45.556Z] > git rev-parse --show-toplevel [9ms]
[2022-06-15T15:46:45.556Z] fatal: not a git repository (or any parent up to mount point /run/media/upalb)
Stopping at filesystem boundary (GIT_DISCOVERY_ACROSS_FILESYSTEM not set).
[2022-06-15T15:51:48.327Z] > git rev-parse --show-toplevel [87ms]
[2022-06-15T15:51:48.327Z] fatal: not a git repository (or any parent up to mount point /run/media/upalb)
Stopping at filesystem boundary (GIT_DISCOVERY_ACROSS_FILESYSTEM not set).
[2022-06-15T15:51:50.061Z] > git rev-parse --show-toplevel [8ms]
[2022-06-15T15:51:50.061Z] fatal: not a git repository (or any parent up to mount point /run/media/upalb)
Stopping at filesystem boundary (GIT_DISCOVERY_ACROSS_FILESYSTEM not set).
[2022-06-15T15:52:01.530Z] > git rev-parse --show-toplevel [4ms]
[2022-06-15T15:52:01.530Z] fatal: not a git repository (or any parent up to mount point /run/media/upalb)
Stopping at filesystem boundary (GIT_DISCOVERY_ACROSS_FILESYSTEM not set).
[2022-06-15T15:52:02.352Z] > git rev-parse --show-toplevel [5ms]
[2022-06-15T15:52:02.352Z] fatal: not a git repository (or any parent up to mount point /run/media/upalb)
Stopping at filesystem boundary (GIT_DISCOVERY_ACROSS_FILESYSTEM not set).
[2022-06-15T15:53:20.918Z] > git rev-parse --show-toplevel [9ms]
[2022-06-15T15:53:20.918Z] fatal: not a git repository (or any parent up to mount point /run/media/upalb)
Stopping at filesystem boundary (GIT_DISCOVERY_ACROSS_FILESYSTEM not set).
[2022-06-15T15:53:31.430Z] > git rev-parse --show-toplevel [10ms]
[2022-06-15T15:53:31.430Z] fatal: not a git repository (or any parent up to mount point /run/media/upalb)
Stopping at filesystem boundary (GIT_DISCOVERY_ACROSS_FILESYSTEM not set).
[2022-06-15T15:53:40.433Z] > git rev-parse --show-toplevel [7ms]
[2022-06-15T15:53:40.433Z] fatal: not a git repository (or any parent up to mount point /run/media/upalb)
Stopping at filesystem boundary (GIT_DISCOVERY_ACROSS_FILESYSTEM not set).
[2022-06-15T15:53:45.111Z] > git rev-parse --show-toplevel [35ms]
[2022-06-15T15:53:45.111Z] fatal: not a git repository (or any parent up to mount point /run/media/upalb)
Stopping at filesystem boundary (GIT_DISCOVERY_ACROSS_FILESYSTEM not set).
[2022-06-15T15:53:48.874Z] > git rev-parse --show-toplevel [29ms]
[2022-06-15T15:53:48.874Z] fatal: not a git repository (or any parent up to mount point /run/media/upalb)
Stopping at filesystem boundary (GIT_DISCOVERY_ACROSS_FILESYSTEM not set).
[2022-06-15T15:53:49.819Z] > git rev-parse --show-toplevel [10ms]
[2022-06-15T15:53:49.819Z] fatal: not a git repository (or any parent up to mount point /run/media/upalb)
Stopping at filesystem boundary (GIT_DISCOVERY_ACROSS_FILESYSTEM not set).
[2022-06-15T15:53:55.170Z] > git rev-parse --show-toplevel [3ms]
[2022-06-15T15:53:55.170Z] fatal: not a git repository (or any parent up to mount point /run/media/upalb)
Stopping at filesystem boundary (GIT_DISCOVERY_ACROSS_FILESYSTEM not set).
[2022-06-15T15:54:08.712Z] > git rev-parse --show-toplevel [12ms]
[2022-06-15T15:54:08.712Z] fatal: not a git repository (or any parent up to mount point /run/media/upalb)
Stopping at filesystem boundary (GIT_DISCOVERY_ACROSS_FILESYSTEM not set).
[2022-06-15T15:54:18.767Z] > git rev-parse --show-toplevel [12ms]
[2022-06-15T15:54:18.767Z] fatal: not a git repository (or any parent up to mount point /run/media/upalb)
Stopping at filesystem boundary (GIT_DISCOVERY_ACROSS_FILESYSTEM not set).
[2022-06-15T15:55:00.808Z] > git rev-parse --show-toplevel [5ms]
[2022-06-15T15:55:00.808Z] fatal: not a git repository (or any parent up to mount point /run/media/upalb)
Stopping at filesystem boundary (GIT_DISCOVERY_ACROSS_FILESYSTEM not set).
[2022-06-15T15:55:03.590Z] > git rev-parse --show-toplevel [6ms]
[2022-06-15T15:55:03.590Z] fatal: not a git repository (or any parent up to mount point /run/media/upalb)
Stopping at filesystem boundary (GIT_DISCOVERY_ACROSS_FILESYSTEM not set).
[2022-06-15T15:55:34.529Z] > git rev-parse --show-toplevel [6ms]
[2022-06-15T15:55:34.529Z] fatal: not a git repository (or any parent up to mount point /run/media/upalb)
Stopping at filesystem boundary (GIT_DISCOVERY_ACROSS_FILESYSTEM not set).
[2022-06-15T15:55:42.743Z] > git rev-parse --show-toplevel [3ms]
[2022-06-15T15:55:42.743Z] fatal: not a git repository (or any parent up to mount point /run/media/upalb)
Stopping at filesystem boundary (GIT_DISCOVERY_ACROSS_FILESYSTEM not set).
[2022-06-15T15:56:30.439Z] > git rev-parse --show-toplevel [5ms]
[2022-06-15T15:56:30.439Z] fatal: not a git repository (or any parent up to mount point /run/media/upalb)
Stopping at filesystem boundary (GIT_DISCOVERY_ACROSS_FILESYSTEM not set).
[2022-06-15T15:56:48.928Z] > git rev-parse --show-toplevel [5ms]
[2022-06-15T15:56:48.928Z] fatal: not a git repository (or any parent up to mount point /run/media/upalb)
Stopping at filesystem boundary (GIT_DISCOVERY_ACROSS_FILESYSTEM not set).
[2022-06-15T15:56:57.048Z] > git rev-parse --show-toplevel [6ms]
[2022-06-15T15:56:57.048Z] fatal: not a git repository (or any parent up to mount point /run/media/upalb)
Stopping at filesystem boundary (GIT_DISCOVERY_ACROSS_FILESYSTEM not set).
[2022-06-15T15:57:00.692Z] > git rev-parse --show-toplevel [6ms]
[2022-06-15T15:57:00.692Z] fatal: not a git repository (or any parent up to mount point /run/media/upalb)
Stopping at filesystem boundary (GIT_DISCOVERY_ACROSS_FILESYSTEM not set).
[2022-06-15T15:57:12.488Z] > git rev-parse --show-toplevel [9ms]
[2022-06-15T15:57:12.488Z] fatal: not a git repository (or any parent up to mount point /run/media/upalb)
Stopping at filesystem boundary (GIT_DISCOVERY_ACROSS_FILESYSTEM not set).
[2022-06-15T15:58:18.009Z] > git rev-parse --show-toplevel [4ms]
[2022-06-15T15:58:18.009Z] fatal: not a git repository (or any parent up to mount point /run/media/upalb)
Stopping at filesystem boundary (GIT_DISCOVERY_ACROSS_FILESYSTEM not set).
[2022-06-15T16:00:01.345Z] > git rev-parse --show-toplevel [7ms]
[2022-06-15T16:00:01.345Z] fatal: not a git repository (or any parent up to mount point /run/media/upalb)
Stopping at filesystem boundary (GIT_DISCOVERY_ACROSS_FILESYSTEM not set).
[2022-06-15T16:00:03.291Z] > git rev-parse --show-toplevel [11ms]
[2022-06-15T16:00:03.291Z] fatal: not a git repository (or any parent up to mount point /run/media/upalb)
Stopping at filesystem boundary (GIT_DISCOVERY_ACROSS_FILESYSTEM not set).
[2022-06-15T16:00:11.015Z] > git rev-parse --show-toplevel [6ms]
[2022-06-15T16:00:11.015Z] fatal: not a git repository (or any parent up to mount point /run/media/upalb)
Stopping at filesystem boundary (GIT_DISCOVERY_ACROSS_FILESYSTEM not set).
[2022-06-15T16:00:15.417Z] > git rev-parse --show-toplevel [12ms]
[2022-06-15T16:00:15.417Z] fatal: not a git repository (or any parent up to mount point /run/media/upalb)
Stopping at filesystem boundary (GIT_DISCOVERY_ACROSS_FILESYSTEM not set).
[2022-06-15T16:00:27.295Z] > git rev-parse --show-toplevel [5ms]
[2022-06-15T16:00:27.295Z] fatal: not a git repository (or any parent up to mount point /run/media/upalb)
Stopping at filesystem boundary (GIT_DISCOVERY_ACROSS_FILESYSTEM not set).
[2022-06-15T16:00:39.782Z] > git rev-parse --show-toplevel [7ms]
[2022-06-15T16:00:39.782Z] fatal: not a git repository (or any parent up to mount point /run/media/upalb)
Stopping at filesystem boundary (GIT_DISCOVERY_ACROSS_FILESYSTEM not set).
[2022-06-15T16:00:54.458Z] > git rev-parse --show-toplevel [9ms]
[2022-06-15T16:00:54.458Z] fatal: not a git repository (or any parent up to mount point /run/media/upalb)
Stopping at filesystem boundary (GIT_DISCOVERY_ACROSS_FILESYSTEM not set).
[2022-06-15T16:00:56.834Z] > git rev-parse --show-toplevel [9ms]
[2022-06-15T16:00:56.834Z] fatal: not a git repository (or any parent up to mount point /run/media/upalb)
Stopping at filesystem boundary (GIT_DISCOVERY_ACROSS_FILESYSTEM not set).
[2022-06-15T16:00:58.463Z] > git rev-parse --show-toplevel [7ms]
[2022-06-15T16:00:58.463Z] fatal: not a git repository (or any parent up to mount point /run/media/upalb)
Stopping at filesystem boundary (GIT_DISCOVERY_ACROSS_FILESYSTEM not set).
[2022-06-15T16:01:23.306Z] > git rev-parse --show-toplevel [8ms]
[2022-06-15T16:01:23.306Z] fatal: not a git repository (or any parent up to mount point /run/media/upalb)
Stopping at filesystem boundary (GIT_DISCOVERY_ACROSS_FILESYSTEM not set).
[2022-06-15T16:01:28.540Z] > git rev-parse --show-toplevel [9ms]
[2022-06-15T16:01:28.540Z] fatal: not a git repository (or any parent up to mount point /run/media/upalb)
Stopping at filesystem boundary (GIT_DISCOVERY_ACROSS_FILESYSTEM not set).
[2022-06-15T16:01:38.083Z] > git rev-parse --show-toplevel [3ms]
[2022-06-15T16:01:38.084Z] fatal: not a git repository (or any parent up to mount point /run/media/upalb)
Stopping at filesystem boundary (GIT_DISCOVERY_ACROSS_FILESYSTEM not set).
[2022-06-15T16:01:43.545Z] > git rev-parse --show-toplevel [5ms]
[2022-06-15T16:01:43.545Z] fatal: not a git repository (or any parent up to mount point /run/media/upalb)
Stopping at filesystem boundary (GIT_DISCOVERY_ACROSS_FILESYSTEM not set).
[2022-06-15T16:01:58.238Z] > git rev-parse --show-toplevel [45ms]
[2022-06-15T16:01:58.238Z] fatal: not a git repository (or any parent up to mount point /run/media/upalb)
Stopping at filesystem boundary (GIT_DISCOVERY_ACROSS_FILESYSTEM not set).
[2022-06-15T16:02:04.286Z] > git rev-parse --show-toplevel [20ms]
[2022-06-15T16:02:04.286Z] fatal: not a git repository (or any parent up to mount point /run/media/upalb)
Stopping at filesystem boundary (GIT_DISCOVERY_ACROSS_FILESYSTEM not set).
[2022-06-15T16:02:08.100Z] > git rev-parse --show-toplevel [13ms]
[2022-06-15T16:02:08.100Z] fatal: not a git repository (or any parent up to mount point /run/media/upalb)
Stopping at filesystem boundary (GIT_DISCOVERY_ACROSS_FILESYSTEM not set).
[2022-06-15T16:02:27.506Z] > git rev-parse --show-toplevel [10ms]
[2022-06-15T16:02:27.506Z] fatal: not a git repository (or any parent up to mount point /run/media/upalb)
Stopping at filesystem boundary (GIT_DISCOVERY_ACROSS_FILESYSTEM not set).
[2022-06-15T16:02:29.155Z] > git rev-parse --show-toplevel [10ms]
[2022-06-15T16:02:29.155Z] fatal: not a git repository (or any parent up to mount point /run/media/upalb)
Stopping at filesystem boundary (GIT_DISCOVERY_ACROSS_FILESYSTEM not set).
[2022-06-15T16:02:31.713Z] > git rev-parse --show-toplevel [10ms]
[2022-06-15T16:02:31.713Z] fatal: not a git repository (or any parent up to mount point /run/media/upalb)
Stopping at filesystem boundary (GIT_DISCOVERY_ACROSS_FILESYSTEM not set).
[2022-06-15T16:02:32.906Z] > git rev-parse --show-toplevel [18ms]
[2022-06-15T16:02:32.906Z] fatal: not a git repository (or any parent up to mount point /run/media/upalb)
Stopping at filesystem boundary (GIT_DISCOVERY_ACROSS_FILESYSTEM not set).
[2022-06-15T16:02:33.728Z] > git rev-parse --show-toplevel [17ms]
[2022-06-15T16:02:33.728Z] fatal: not a git repository (or any parent up to mount point /run/media/upalb)
Stopping at filesystem boundary (GIT_DISCOVERY_ACROSS_FILESYSTEM not set).
[2022-06-15T16:02:35.222Z] > git rev-parse --show-toplevel [13ms]
[2022-06-15T16:02:35.222Z] fatal: not a git repository (or any parent up to mount point /run/media/upalb)
Stopping at filesystem boundary (GIT_DISCOVERY_ACROSS_FILESYSTEM not set).
[2022-06-15T16:02:36.280Z] > git rev-parse --show-toplevel [11ms]
[2022-06-15T16:02:36.281Z] fatal: not a git repository (or any parent up to mount point /run/media/upalb)
Stopping at filesystem boundary (GIT_DISCOVERY_ACROSS_FILESYSTEM not set).
[2022-06-15T16:02:37.062Z] > git rev-parse --show-toplevel [16ms]
[2022-06-15T16:02:37.062Z] fatal: not a git repository (or any parent up to mount point /run/media/upalb)
Stopping at filesystem boundary (GIT_DISCOVERY_ACROSS_FILESYSTEM not set).
[2022-06-15T16:02:37.943Z] > git rev-parse --show-toplevel [21ms]
[2022-06-15T16:02:37.943Z] fatal: not a git repository (or any parent up to mount point /run/media/upalb)
Stopping at filesystem boundary (GIT_DISCOVERY_ACROSS_FILESYSTEM not set).
[2022-06-15T16:02:38.677Z] > git rev-parse --show-toplevel [12ms]
[2022-06-15T16:02:38.678Z] fatal: not a git repository (or any parent up to mount point /run/media/upalb)
Stopping at filesystem boundary (GIT_DISCOVERY_ACROSS_FILESYSTEM not set).
[2022-06-15T16:02:39.257Z] > git rev-parse --show-toplevel [8ms]
[2022-06-15T16:02:39.257Z] fatal: not a git repository (or any parent up to mount point /run/media/upalb)
Stopping at filesystem boundary (GIT_DISCOVERY_ACROSS_FILESYSTEM not set).
[2022-06-15T16:02:40.077Z] > git rev-parse --show-toplevel [53ms]
[2022-06-15T16:02:40.077Z] fatal: not a git repository (or any parent up to mount point /run/media/upalb)
Stopping at filesystem boundary (GIT_DISCOVERY_ACROSS_FILESYSTEM not set).
