Compilation Error
Error: Undefined variable.
   ╷
18 │   background-color: $clr-dark-alt;
   │                     ^^^^^^^^^^^^^
   ╵
  Code/Cris-paul/sass/_resets.scss 18:21  @import
  Code/Cris-paul/sass/style.scss 1:9      root stylesheet
--------------------
Compilation Error
Error: Undefined variable.
   ╷
18 │   background-color: $clr-dark-alt;
   │                     ^^^^^^^^^^^^^
   ╵
  Code/Cris-paul/sass/_resets.scss 18:21  @import
  Code/Cris-paul/sass/style.scss 1:9      root stylesheet
--------------------
Compilation Error
Error: Undefined variable.
   ╷
18 │   background-color: $clr-dark-alt;
   │                     ^^^^^^^^^^^^^
   ╵
  Code/Cris-paul/sass/_resets.scss 18:21  @import
  Code/Cris-paul/sass/style.scss 1:9      root stylesheet
--------------------
Compilation Error
Error: Undefined variable.
   ╷
18 │   background-color: $clr-dark-alt;
   │                     ^^^^^^^^^^^^^
   ╵
  Code/Cris-paul/sass/_resets.scss 18:21  @import
  Code/Cris-paul/sass/style.scss 1:9      root stylesheet
--------------------
Compilation Error
Error: Undefined variable.
   ╷
18 │   background-color: $clr-dark-alt;
   │                     ^^^^^^^^^^^^^
   ╵
  Code/Cris-paul/sass/_resets.scss 18:21  @import
  Code/Cris-paul/sass/style.scss 1:9      root stylesheet
--------------------
Compilation Error
Error: Undefined variable.
   ╷
18 │   background-color: $clr-dark-alt;
   │                     ^^^^^^^^^^^^^
   ╵
  Code/Cris-paul/sass/_resets.scss 18:21  @import
  Code/Cris-paul/sass/style.scss 1:9      root stylesheet
--------------------
Compilation Error
Error: Undefined variable.
   ╷
18 │   background-color: $clr-dark-alt;
   │                     ^^^^^^^^^^^^^
   ╵
  Code/Cris-paul/sass/_resets.scss 18:21  @import
  Code/Cris-paul/sass/style.scss 1:9      root stylesheet
--------------------
Compilation Error
Error: Undefined variable.
   ╷
18 │   background-color: $clr-dark-alt;
   │                     ^^^^^^^^^^^^^
   ╵
  Code/Cris-paul/sass/_resets.scss 18:21  @import
  Code/Cris-paul/sass/style.scss 1:9      root stylesheet
--------------------
Compilation Error
Error: Undefined variable.
   ╷
18 │   background-color: $clr-dark-alt;
   │                     ^^^^^^^^^^^^^
   ╵
  Code/Cris-paul/sass/_resets.scss 18:21  @import
  Code/Cris-paul/sass/style.scss 1:9      root stylesheet
--------------------
Compilation Error
Error: Undefined variable.
   ╷
18 │   background-color: $clr-dark-alt;
   │                     ^^^^^^^^^^^^^
   ╵
  Code/Cris-paul/sass/_resets.scss 18:21  @import
  Code/Cris-paul/sass/style.scss 1:9      root stylesheet
--------------------
Compilation Error
Error: Undefined variable.
   ╷
18 │   background-color: $clr-dark-alt;
   │                     ^^^^^^^^^^^^^
   ╵
  Code/Cris-paul/sass/_resets.scss 18:21  @import
  Code/Cris-paul/sass/style.scss 1:9      root stylesheet
--------------------
Compilation Error
Error: Undefined variable.
   ╷
18 │   background-color: $clr-dark-alt;
   │                     ^^^^^^^^^^^^^
   ╵
  Code/Cris-paul/sass/_resets.scss 18:21  @import
  Code/Cris-paul/sass/style.scss 1:9      root stylesheet
--------------------
Compilation Error
Error: Undefined variable.
   ╷
18 │   background-color: $clr-dark-alt;
   │                     ^^^^^^^^^^^^^
   ╵
  Code/Cris-paul/sass/_resets.scss 18:21  @import
  Code/Cris-paul/sass/style.scss 1:9      root stylesheet
--------------------
Compilation Error
Error: Undefined variable.
   ╷
18 │   background-color: $clr-dark-alt;
   │                     ^^^^^^^^^^^^^
   ╵
  Code/Cris-paul/sass/_resets.scss 18:21  @import
  Code/Cris-paul/sass/style.scss 1:9      root stylesheet
--------------------
Compilation Error
Error: Undefined variable.
   ╷
18 │   background-color: $clr-dark-alt;
   │                     ^^^^^^^^^^^^^
   ╵
  Code/Cris-paul/sass/_resets.scss 18:21  @import
  Code/Cris-paul/sass/style.scss 1:9      root stylesheet
--------------------
Compilation Error
Error: Undefined variable.
   ╷
18 │   background-color: $clr-dark-alt;
   │                     ^^^^^^^^^^^^^
   ╵
  Code/Cris-paul/sass/_resets.scss 18:21  @import
  Code/Cris-paul/sass/style.scss 1:9      root stylesheet
--------------------
Compilation Error
Error: Undefined variable.
   ╷
18 │   background-color: $clr-dark-alt;
   │                     ^^^^^^^^^^^^^
   ╵
  Code/Cris-paul/sass/_resets.scss 18:21  @import
  Code/Cris-paul/sass/style.scss 1:9      root stylesheet
--------------------
Compilation Error
Error: Undefined variable.
   ╷
18 │   background-color: $clr-dark-alt;
   │                     ^^^^^^^^^^^^^
   ╵
  Code/Cris-paul/sass/_resets.scss 18:21  @import
  Code/Cris-paul/sass/style.scss 1:9      root stylesheet
--------------------
Compilation Error
Error: Undefined variable.
   ╷
18 │   background-color: $clr-dark-alt;
   │                     ^^^^^^^^^^^^^
   ╵
  Code/Cris-paul/sass/_resets.scss 18:21  @import
  Code/Cris-paul/sass/style.scss 1:9      root stylesheet
--------------------
Compilation Error
Error: Undefined variable.
   ╷
18 │   background-color: $clr-dark-alt;
   │                     ^^^^^^^^^^^^^
   ╵
  Code/Cris-paul/sass/_resets.scss 18:21  @import
  Code/Cris-paul/sass/style.scss 1:9      root stylesheet
--------------------
Compilation Error
Error: Undefined mixin.
   ╷
72 │ ┌   @include for-tablet {
73 │ │     max-width: 100rem;
74 │ └   }
   ╵
  Code/Cris-paul/sass/_utils.scss 72:3  @import
  Code/Cris-paul/sass/style.scss 3:9    root stylesheet
--------------------
Compilation Error
Error: expected ";".
  ╷
7 │ /*---------- MAIN ----------*/
  │                               ^
  ╵
  Code/Cris-paul/sass/style.scss 7:31  root stylesheet
--------------------
Compilation Error
Error: expected ";".
   ╷
11 │ /*---------- SERVICES ----------*/
   │                                   ^
   ╵
  Code/Cris-paul/sass/style.scss 11:35  root stylesheet
--------------------
