[2022-06-07 10:41:24.815] [renderer1] [warning] Via 'product.json#extensionEnabledApiProposals' extension 'ms-vsliveshare.vsliveshare' wants API proposal 'notebookDocumentEvents' but that proposal DOES NOT EXIST. Likely, the proposal has been finalized (check 'vscode.d.ts') or was abandoned.
[2022-06-07 10:41:24.866] [renderer1] [warning] Via 'product.json#extensionEnabledApiProposals' extension 'ms-dotnettools.dotnet-interactive-vscode' wants API proposal 'notebookConcatTextDocument' but that proposal DOES NOT EXIST. Likely, the proposal has been finalized (check 'vscode.d.ts') or was abandoned.
[2022-06-07 10:41:24.866] [renderer1] [warning] Via 'product.json#extensionEnabledApiProposals' extension 'ms-python.vscode-pylance' wants API proposal 'notebookDocumentEvents' but that proposal DOES NOT EXIST. Likely, the proposal has been finalized (check 'vscode.d.ts') or was abandoned.
[2022-06-07 10:41:24.867] [renderer1] [warning] Via 'product.json#extensionEnabledApiProposals' extension 'ms-toolsai.jupyter' wants API proposal 'notebookConcatTextDocument' but that proposal DOES NOT EXIST. Likely, the proposal has been finalized (check 'vscode.d.ts') or was abandoned.
[2022-06-07 10:41:24.869] [renderer1] [warning] Via 'product.json#extensionEnabledApiProposals' extension 'ms-toolsai.jupyter' wants API proposal 'notebookDocumentEvents' but that proposal DOES NOT EXIST. Likely, the proposal has been finalized (check 'vscode.d.ts') or was abandoned.
[2022-06-07 10:41:24.871] [renderer1] [warning] Via 'product.json#extensionEnabledApiProposals' extension 'dbaeumer.vscode-eslint' wants API proposal 'tabs' but that proposal DOES NOT EXIST. Likely, the proposal has been finalized (check 'vscode.d.ts') or was abandoned.
[2022-06-07 10:41:24.872] [renderer1] [warning] Via 'product.json#extensionEnabledApiProposals' extension 'dbaeumer.vscode-eslint' wants API proposal 'notebookDocumentEvents' but that proposal DOES NOT EXIST. Likely, the proposal has been finalized (check 'vscode.d.ts') or was abandoned.
[2022-06-07 10:42:05.355] [renderer1] [error] Cannot read properties of undefined (reading 'getRuleStack'): TypeError: Cannot read properties of undefined (reading 'getRuleStack')
    at DocumentDecoration.onDidChangeTextDocument (/home/upalb/.vscode-oss/extensions/coenraads.bracket-pair-colorizer-2-0.1.4/out/src/documentDecoration.js:42:26)
    at DocumentDecorationManager.onDidChangeTextDocument (/home/upalb/.vscode-oss/extensions/coenraads.bracket-pair-colorizer-2-0.1.4/out/src/documentDecorationManager.js:47:32)
    at /home/upalb/.vscode-oss/extensions/coenraads.bracket-pair-colorizer-2-0.1.4/out/src/extension.js:30:39
    at m.invoke (/opt/vscodium-bin/resources/app/out/vs/workbench/api/node/extensionHostProcess.js:58:145)
    at b.deliver (/opt/vscodium-bin/resources/app/out/vs/workbench/api/node/extensionHostProcess.js:58:2265)
    at v.fire (/opt/vscodium-bin/resources/app/out/vs/workbench/api/node/extensionHostProcess.js:58:1843)
    at I.$acceptModelChanged (/opt/vscodium-bin/resources/app/out/vs/workbench/api/node/extensionHostProcess.js:83:73537)
    at s._doInvokeHandler (/opt/vscodium-bin/resources/app/out/vs/workbench/api/node/extensionHostProcess.js:86:13828)
    at s._invokeHandler (/opt/vscodium-bin/resources/app/out/vs/workbench/api/node/extensionHostProcess.js:86:13512)
    at s._receiveRequest (/opt/vscodium-bin/resources/app/out/vs/workbench/api/node/extensionHostProcess.js:86:12173)
    at s._receiveOneMessage (/opt/vscodium-bin/resources/app/out/vs/workbench/api/node/extensionHostProcess.js:86:10843)
    at /opt/vscodium-bin/resources/app/out/vs/workbench/api/node/extensionHostProcess.js:86:8949
    at m.invoke (/opt/vscodium-bin/resources/app/out/vs/workbench/api/node/extensionHostProcess.js:58:145)
    at b.deliver (/opt/vscodium-bin/resources/app/out/vs/workbench/api/node/extensionHostProcess.js:58:2265)
    at v.fire (/opt/vscodium-bin/resources/app/out/vs/workbench/api/node/extensionHostProcess.js:58:1843)
    at l.fire (/opt/vscodium-bin/resources/app/out/vs/workbench/api/node/extensionHostProcess.js:66:19001)
    at /opt/vscodium-bin/resources/app/out/vs/workbench/api/node/extensionHostProcess.js:102:34426
    at m.invoke (/opt/vscodium-bin/resources/app/out/vs/workbench/api/node/extensionHostProcess.js:58:145)
    at b.deliver (/opt/vscodium-bin/resources/app/out/vs/workbench/api/node/extensionHostProcess.js:58:2265)
    at v.fire (/opt/vscodium-bin/resources/app/out/vs/workbench/api/node/extensionHostProcess.js:58:1843)
    at l.fire (/opt/vscodium-bin/resources/app/out/vs/workbench/api/node/extensionHostProcess.js:66:19001)
    at r._receiveMessage (/opt/vscodium-bin/resources/app/out/vs/workbench/api/node/extensionHostProcess.js:66:23582)
    at /opt/vscodium-bin/resources/app/out/vs/workbench/api/node/extensionHostProcess.js:66:21116
    at m.invoke (/opt/vscodium-bin/resources/app/out/vs/workbench/api/node/extensionHostProcess.js:58:145)
    at b.deliver (/opt/vscodium-bin/resources/app/out/vs/workbench/api/node/extensionHostProcess.js:58:2265)
    at v.fire (/opt/vscodium-bin/resources/app/out/vs/workbench/api/node/extensionHostProcess.js:58:1843)
    at v.acceptChunk (/opt/vscodium-bin/resources/app/out/vs/workbench/api/node/extensionHostProcess.js:66:15832)
    at /opt/vscodium-bin/resources/app/out/vs/workbench/api/node/extensionHostProcess.js:66:14962
    at Socket.R (/opt/vscodium-bin/resources/app/out/vs/workbench/api/node/extensionHostProcess.js:102:13798)
    at Socket.emit (node:events:390:28)
    at addChunk (node:internal/streams/readable:315:12)
    at readableAddChunk (node:internal/streams/readable:289:9)
    at Socket.Readable.push (node:internal/streams/readable:228:10)
    at Pipe.onStreamRead (node:internal/stream_base_commons:199:23)
[2022-06-07 10:42:05.859] [renderer1] [error] Cannot read properties of undefined (reading 'getRuleStack'): TypeError: Cannot read properties of undefined (reading 'getRuleStack')
    at DocumentDecoration.tokenizeLine (/home/upalb/.vscode-oss/extensions/coenraads.bracket-pair-colorizer-2-0.1.4/out/src/documentDecoration.js:227:35)
    at DocumentDecoration.onDidChangeTextDocument (/home/upalb/.vscode-oss/extensions/coenraads.bracket-pair-colorizer-2-0.1.4/out/src/documentDecoration.js:39:30)
    at DocumentDecorationManager.onDidChangeTextDocument (/home/upalb/.vscode-oss/extensions/coenraads.bracket-pair-colorizer-2-0.1.4/out/src/documentDecorationManager.js:47:32)
    at /home/upalb/.vscode-oss/extensions/coenraads.bracket-pair-colorizer-2-0.1.4/out/src/extension.js:30:39
    at m.invoke (/opt/vscodium-bin/resources/app/out/vs/workbench/api/node/extensionHostProcess.js:58:145)
    at b.deliver (/opt/vscodium-bin/resources/app/out/vs/workbench/api/node/extensionHostProcess.js:58:2265)
    at v.fire (/opt/vscodium-bin/resources/app/out/vs/workbench/api/node/extensionHostProcess.js:58:1843)
    at I.$acceptModelChanged (/opt/vscodium-bin/resources/app/out/vs/workbench/api/node/extensionHostProcess.js:83:73537)
    at s._doInvokeHandler (/opt/vscodium-bin/resources/app/out/vs/workbench/api/node/extensionHostProcess.js:86:13828)
    at s._invokeHandler (/opt/vscodium-bin/resources/app/out/vs/workbench/api/node/extensionHostProcess.js:86:13512)
    at s._receiveRequest (/opt/vscodium-bin/resources/app/out/vs/workbench/api/node/extensionHostProcess.js:86:12173)
    at s._receiveOneMessage (/opt/vscodium-bin/resources/app/out/vs/workbench/api/node/extensionHostProcess.js:86:10843)
    at /opt/vscodium-bin/resources/app/out/vs/workbench/api/node/extensionHostProcess.js:86:8949
    at m.invoke (/opt/vscodium-bin/resources/app/out/vs/workbench/api/node/extensionHostProcess.js:58:145)
    at b.deliver (/opt/vscodium-bin/resources/app/out/vs/workbench/api/node/extensionHostProcess.js:58:2265)
    at v.fire (/opt/vscodium-bin/resources/app/out/vs/workbench/api/node/extensionHostProcess.js:58:1843)
    at l.fire (/opt/vscodium-bin/resources/app/out/vs/workbench/api/node/extensionHostProcess.js:66:19001)
    at /opt/vscodium-bin/resources/app/out/vs/workbench/api/node/extensionHostProcess.js:102:34426
    at m.invoke (/opt/vscodium-bin/resources/app/out/vs/workbench/api/node/extensionHostProcess.js:58:145)
    at b.deliver (/opt/vscodium-bin/resources/app/out/vs/workbench/api/node/extensionHostProcess.js:58:2265)
    at v.fire (/opt/vscodium-bin/resources/app/out/vs/workbench/api/node/extensionHostProcess.js:58:1843)
    at l.fire (/opt/vscodium-bin/resources/app/out/vs/workbench/api/node/extensionHostProcess.js:66:19001)
    at r._receiveMessage (/opt/vscodium-bin/resources/app/out/vs/workbench/api/node/extensionHostProcess.js:66:23582)
    at /opt/vscodium-bin/resources/app/out/vs/workbench/api/node/extensionHostProcess.js:66:21116
    at m.invoke (/opt/vscodium-bin/resources/app/out/vs/workbench/api/node/extensionHostProcess.js:58:145)
    at b.deliver (/opt/vscodium-bin/resources/app/out/vs/workbench/api/node/extensionHostProcess.js:58:2265)
    at v.fire (/opt/vscodium-bin/resources/app/out/vs/workbench/api/node/extensionHostProcess.js:58:1843)
    at v.acceptChunk (/opt/vscodium-bin/resources/app/out/vs/workbench/api/node/extensionHostProcess.js:66:15832)
    at /opt/vscodium-bin/resources/app/out/vs/workbench/api/node/extensionHostProcess.js:66:14962
    at Socket.R (/opt/vscodium-bin/resources/app/out/vs/workbench/api/node/extensionHostProcess.js:102:13798)
    at Socket.emit (node:events:390:28)
    at addChunk (node:internal/streams/readable:315:12)
    at readableAddChunk (node:internal/streams/readable:289:9)
    at Socket.Readable.push (node:internal/streams/readable:228:10)
    at Pipe.onStreamRead (node:internal/stream_base_commons:199:23)
[2022-06-07 10:42:07.177] [renderer1] [error] Cannot read properties of undefined (reading 'getRuleStack'): TypeError: Cannot read properties of undefined (reading 'getRuleStack')
    at DocumentDecoration.tokenizeLine (/home/upalb/.vscode-oss/extensions/coenraads.bracket-pair-colorizer-2-0.1.4/out/src/documentDecoration.js:227:35)
    at DocumentDecoration.onDidChangeTextDocument (/home/upalb/.vscode-oss/extensions/coenraads.bracket-pair-colorizer-2-0.1.4/out/src/documentDecoration.js:39:30)
    at DocumentDecorationManager.onDidChangeTextDocument (/home/upalb/.vscode-oss/extensions/coenraads.bracket-pair-colorizer-2-0.1.4/out/src/documentDecorationManager.js:47:32)
    at /home/upalb/.vscode-oss/extensions/coenraads.bracket-pair-colorizer-2-0.1.4/out/src/extension.js:30:39
    at m.invoke (/opt/vscodium-bin/resources/app/out/vs/workbench/api/node/extensionHostProcess.js:58:145)
    at b.deliver (/opt/vscodium-bin/resources/app/out/vs/workbench/api/node/extensionHostProcess.js:58:2265)
    at v.fire (/opt/vscodium-bin/resources/app/out/vs/workbench/api/node/extensionHostProcess.js:58:1843)
    at I.$acceptModelChanged (/opt/vscodium-bin/resources/app/out/vs/workbench/api/node/extensionHostProcess.js:83:73537)
    at s._doInvokeHandler (/opt/vscodium-bin/resources/app/out/vs/workbench/api/node/extensionHostProcess.js:86:13828)
    at s._invokeHandler (/opt/vscodium-bin/resources/app/out/vs/workbench/api/node/extensionHostProcess.js:86:13512)
    at s._receiveRequest (/opt/vscodium-bin/resources/app/out/vs/workbench/api/node/extensionHostProcess.js:86:12173)
    at s._receiveOneMessage (/opt/vscodium-bin/resources/app/out/vs/workbench/api/node/extensionHostProcess.js:86:10843)
    at /opt/vscodium-bin/resources/app/out/vs/workbench/api/node/extensionHostProcess.js:86:8949
    at m.invoke (/opt/vscodium-bin/resources/app/out/vs/workbench/api/node/extensionHostProcess.js:58:145)
    at b.deliver (/opt/vscodium-bin/resources/app/out/vs/workbench/api/node/extensionHostProcess.js:58:2265)
    at v.fire (/opt/vscodium-bin/resources/app/out/vs/workbench/api/node/extensionHostProcess.js:58:1843)
    at l.fire (/opt/vscodium-bin/resources/app/out/vs/workbench/api/node/extensionHostProcess.js:66:19001)
    at /opt/vscodium-bin/resources/app/out/vs/workbench/api/node/extensionHostProcess.js:102:34426
    at m.invoke (/opt/vscodium-bin/resources/app/out/vs/workbench/api/node/extensionHostProcess.js:58:145)
    at b.deliver (/opt/vscodium-bin/resources/app/out/vs/workbench/api/node/extensionHostProcess.js:58:2265)
    at v.fire (/opt/vscodium-bin/resources/app/out/vs/workbench/api/node/extensionHostProcess.js:58:1843)
    at l.fire (/opt/vscodium-bin/resources/app/out/vs/workbench/api/node/extensionHostProcess.js:66:19001)
    at r._receiveMessage (/opt/vscodium-bin/resources/app/out/vs/workbench/api/node/extensionHostProcess.js:66:23582)
    at /opt/vscodium-bin/resources/app/out/vs/workbench/api/node/extensionHostProcess.js:66:21116
    at m.invoke (/opt/vscodium-bin/resources/app/out/vs/workbench/api/node/extensionHostProcess.js:58:145)
    at b.deliver (/opt/vscodium-bin/resources/app/out/vs/workbench/api/node/extensionHostProcess.js:58:2265)
    at v.fire (/opt/vscodium-bin/resources/app/out/vs/workbench/api/node/extensionHostProcess.js:58:1843)
    at v.acceptChunk (/opt/vscodium-bin/resources/app/out/vs/workbench/api/node/extensionHostProcess.js:66:15832)
    at /opt/vscodium-bin/resources/app/out/vs/workbench/api/node/extensionHostProcess.js:66:14962
    at Socket.R (/opt/vscodium-bin/resources/app/out/vs/workbench/api/node/extensionHostProcess.js:102:13798)
    at Socket.emit (node:events:390:28)
    at addChunk (node:internal/streams/readable:315:12)
    at readableAddChunk (node:internal/streams/readable:289:9)
    at Socket.Readable.push (node:internal/streams/readable:228:10)
    at Pipe.onStreamRead (node:internal/stream_base_commons:199:23)
[2022-06-07 10:42:09.245] [renderer1] [error] Cannot read properties of undefined (reading 'getRuleStack'): TypeError: Cannot read properties of undefined (reading 'getRuleStack')
    at DocumentDecoration.tokenizeLine (/home/upalb/.vscode-oss/extensions/coenraads.bracket-pair-colorizer-2-0.1.4/out/src/documentDecoration.js:227:35)
    at DocumentDecoration.onDidChangeTextDocument (/home/upalb/.vscode-oss/extensions/coenraads.bracket-pair-colorizer-2-0.1.4/out/src/documentDecoration.js:39:30)
    at DocumentDecorationManager.onDidChangeTextDocument (/home/upalb/.vscode-oss/extensions/coenraads.bracket-pair-colorizer-2-0.1.4/out/src/documentDecorationManager.js:47:32)
    at /home/upalb/.vscode-oss/extensions/coenraads.bracket-pair-colorizer-2-0.1.4/out/src/extension.js:30:39
    at m.invoke (/opt/vscodium-bin/resources/app/out/vs/workbench/api/node/extensionHostProcess.js:58:145)
    at b.deliver (/opt/vscodium-bin/resources/app/out/vs/workbench/api/node/extensionHostProcess.js:58:2265)
    at v.fire (/opt/vscodium-bin/resources/app/out/vs/workbench/api/node/extensionHostProcess.js:58:1843)
    at I.$acceptModelChanged (/opt/vscodium-bin/resources/app/out/vs/workbench/api/node/extensionHostProcess.js:83:73537)
    at s._doInvokeHandler (/opt/vscodium-bin/resources/app/out/vs/workbench/api/node/extensionHostProcess.js:86:13828)
    at s._invokeHandler (/opt/vscodium-bin/resources/app/out/vs/workbench/api/node/extensionHostProcess.js:86:13512)
    at s._receiveRequest (/opt/vscodium-bin/resources/app/out/vs/workbench/api/node/extensionHostProcess.js:86:12173)
    at s._receiveOneMessage (/opt/vscodium-bin/resources/app/out/vs/workbench/api/node/extensionHostProcess.js:86:10843)
    at /opt/vscodium-bin/resources/app/out/vs/workbench/api/node/extensionHostProcess.js:86:8949
    at m.invoke (/opt/vscodium-bin/resources/app/out/vs/workbench/api/node/extensionHostProcess.js:58:145)
    at b.deliver (/opt/vscodium-bin/resources/app/out/vs/workbench/api/node/extensionHostProcess.js:58:2265)
    at v.fire (/opt/vscodium-bin/resources/app/out/vs/workbench/api/node/extensionHostProcess.js:58:1843)
    at l.fire (/opt/vscodium-bin/resources/app/out/vs/workbench/api/node/extensionHostProcess.js:66:19001)
    at /opt/vscodium-bin/resources/app/out/vs/workbench/api/node/extensionHostProcess.js:102:34426
    at m.invoke (/opt/vscodium-bin/resources/app/out/vs/workbench/api/node/extensionHostProcess.js:58:145)
    at b.deliver (/opt/vscodium-bin/resources/app/out/vs/workbench/api/node/extensionHostProcess.js:58:2265)
    at v.fire (/opt/vscodium-bin/resources/app/out/vs/workbench/api/node/extensionHostProcess.js:58:1843)
    at l.fire (/opt/vscodium-bin/resources/app/out/vs/workbench/api/node/extensionHostProcess.js:66:19001)
    at r._receiveMessage (/opt/vscodium-bin/resources/app/out/vs/workbench/api/node/extensionHostProcess.js:66:23582)
    at /opt/vscodium-bin/resources/app/out/vs/workbench/api/node/extensionHostProcess.js:66:21116
    at m.invoke (/opt/vscodium-bin/resources/app/out/vs/workbench/api/node/extensionHostProcess.js:58:145)
    at b.deliver (/opt/vscodium-bin/resources/app/out/vs/workbench/api/node/extensionHostProcess.js:58:2265)
    at v.fire (/opt/vscodium-bin/resources/app/out/vs/workbench/api/node/extensionHostProcess.js:58:1843)
    at v.acceptChunk (/opt/vscodium-bin/resources/app/out/vs/workbench/api/node/extensionHostProcess.js:66:15832)
    at /opt/vscodium-bin/resources/app/out/vs/workbench/api/node/extensionHostProcess.js:66:14962
    at Socket.R (/opt/vscodium-bin/resources/app/out/vs/workbench/api/node/extensionHostProcess.js:102:13798)
    at Socket.emit (node:events:390:28)
    at addChunk (node:internal/streams/readable:315:12)
    at readableAddChunk (node:internal/streams/readable:289:9)
    at Socket.Readable.push (node:internal/streams/readable:228:10)
    at Pipe.onStreamRead (node:internal/stream_base_commons:199:23)
[2022-06-07 10:43:57.814] [renderer1] [error] Unable to read file '/home/upalb/jsClock/style.scss' (Error: File not modified since): Error: Unable to read file '/home/upalb/jsClock/style.scss' (Error: File not modified since)
    at p.doReadFileStream (vscode-file://vscode-app/opt/vscodium-bin/resources/app/out/vs/workbench/workbench.desktop.main.js:594:24209)
    at async f.doRead (vscode-file://vscode-app/opt/vscodium-bin/resources/app/out/vs/workbench/workbench.desktop.main.js:2737:42343)
    at async f.readStream (vscode-file://vscode-app/opt/vscodium-bin/resources/app/out/vs/workbench/workbench.desktop.main.js:2737:42018)
    at async ir.resolveFromFile (vscode-file://vscode-app/opt/vscodium-bin/resources/app/out/vs/workbench/workbench.desktop.main.js:2726:66754)
    at async vscode-file://vscode-app/opt/vscodium-bin/resources/app/out/vs/workbench/workbench.desktop.main.js:2737:36475
