[2022-07-10T04:48:05.357Z] Log level: Info
[2022-07-10T04:48:05.359Z] [info] Validating found git in: git
[2022-07-10T04:48:05.445Z] [info] Using git 2.37.0 from git
[2022-07-10T04:48:05.557Z] > git rev-parse --show-toplevel [19ms]
[2022-07-10T04:48:05.557Z] fatal: not a git repository (or any parent up to mount point /run/media/upalb)
Stopping at filesystem boundary (GIT_DISCOVERY_ACROSS_FILESYSTEM not set).
[2022-07-10T04:48:06.837Z] > git rev-parse --show-toplevel [1214ms]
[2022-07-10T04:48:07.048Z] > git rev-parse --git-dir --git-common-dir [141ms]
[2022-07-10T04:48:07.062Z] [info] Open repository: /run/media/upalb/Miscellaneous/Code/Programming-Hero/Assigmnent 1
[2022-07-10T04:48:07.128Z] > git status -z -uall [44ms]
[2022-07-10T04:48:07.178Z] > git rev-parse --show-toplevel [70ms]
[2022-07-10T04:48:07.178Z] fatal: not a git repository (or any parent up to mount point /)
Stopping at filesystem boundary (GIT_DISCOVERY_ACROSS_FILESYSTEM not set).
[2022-07-10T04:48:07.207Z] > git symbolic-ref --short HEAD [36ms]
[2022-07-10T04:48:07.228Z] > git rev-parse --show-toplevel [23ms]
[2022-07-10T04:48:07.228Z] fatal: not a git repository (or any parent up to mount point /run/media/upalb)
Stopping at filesystem boundary (GIT_DISCOVERY_ACROSS_FILESYSTEM not set).
[2022-07-10T04:48:07.252Z] > git for-each-ref --format=%(refname)%00%(upstream:short)%00%(objectname)%00%(upstream:track)%00%(upstream:remotename)%00%(upstream:remoteref) refs/heads/main refs/remotes/main [28ms]
[2022-07-10T04:48:07.290Z] > git for-each-ref --sort -committerdate --format %(refname) %(objectname) %(*objectname) [19ms]
[2022-07-10T04:48:07.291Z] > git rev-parse --show-toplevel [41ms]
[2022-07-10T04:48:07.291Z] fatal: not a git repository (or any parent up to mount point /run/media/upalb)
Stopping at filesystem boundary (GIT_DISCOVERY_ACROSS_FILESYSTEM not set).
[2022-07-10T04:48:07.308Z] > git remote --verbose [22ms]
[2022-07-10T04:48:07.330Z] > git rev-parse --show-toplevel [24ms]
[2022-07-10T04:48:07.330Z] fatal: not a git repository (or any parent up to mount point /run/media/upalb)
Stopping at filesystem boundary (GIT_DISCOVERY_ACROSS_FILESYSTEM not set).
[2022-07-10T04:48:07.367Z] > git config --get commit.template [37ms]
[2022-07-10T04:48:07.373Z] > git rev-parse --show-toplevel [8ms]
[2022-07-10T04:48:07.373Z] fatal: not a git repository (or any parent up to mount point /run/media/upalb)
Stopping at filesystem boundary (GIT_DISCOVERY_ACROSS_FILESYSTEM not set).
[2022-07-10T04:48:07.405Z] > git rev-parse --show-toplevel [5ms]
[2022-07-10T04:48:07.405Z] fatal: not a git repository (or any parent up to mount point /run/media/upalb)
Stopping at filesystem boundary (GIT_DISCOVERY_ACROSS_FILESYSTEM not set).
[2022-07-10T04:48:07.426Z] > git rev-parse --show-toplevel [3ms]
[2022-07-10T04:48:07.426Z] fatal: not a git repository (or any parent up to mount point /run/media/upalb)
Stopping at filesystem boundary (GIT_DISCOVERY_ACROSS_FILESYSTEM not set).
[2022-07-10T04:48:07.454Z] > git rev-parse --show-toplevel [12ms]
[2022-07-10T04:48:07.455Z] fatal: not a git repository (or any parent up to mount point /run/media/upalb)
Stopping at filesystem boundary (GIT_DISCOVERY_ACROSS_FILESYSTEM not set).
[2022-07-10T04:48:07.480Z] > git rev-parse --show-toplevel [6ms]
[2022-07-10T04:48:07.480Z] fatal: not a git repository (or any parent up to mount point /run/media/upalb)
Stopping at filesystem boundary (GIT_DISCOVERY_ACROSS_FILESYSTEM not set).
[2022-07-10T04:48:07.499Z] > git rev-parse --show-toplevel [2ms]
[2022-07-10T04:48:07.499Z] fatal: not a git repository (or any parent up to mount point /run/media/upalb)
Stopping at filesystem boundary (GIT_DISCOVERY_ACROSS_FILESYSTEM not set).
[2022-07-10T04:48:07.523Z] > git rev-parse --show-toplevel [2ms]
[2022-07-10T04:48:07.523Z] fatal: not a git repository (or any parent up to mount point /)
Stopping at filesystem boundary (GIT_DISCOVERY_ACROSS_FILESYSTEM not set).
[2022-07-10T04:48:07.543Z] > git rev-parse --show-toplevel [4ms]
[2022-07-10T04:48:07.543Z] fatal: not a git repository (or any parent up to mount point /)
Stopping at filesystem boundary (GIT_DISCOVERY_ACROSS_FILESYSTEM not set).
[2022-07-10T04:48:07.561Z] > git rev-parse --show-toplevel [3ms]
[2022-07-10T04:48:07.561Z] fatal: not a git repository (or any parent up to mount point /)
Stopping at filesystem boundary (GIT_DISCOVERY_ACROSS_FILESYSTEM not set).
[2022-07-10T04:48:07.580Z] > git rev-parse --show-toplevel [3ms]
[2022-07-10T04:48:07.580Z] fatal: not a git repository (or any parent up to mount point /)
Stopping at filesystem boundary (GIT_DISCOVERY_ACROSS_FILESYSTEM not set).
[2022-07-10T04:48:07.604Z] > git rev-parse --show-toplevel [8ms]
[2022-07-10T04:48:07.604Z] fatal: not a git repository (or any parent up to mount point /)
Stopping at filesystem boundary (GIT_DISCOVERY_ACROSS_FILESYSTEM not set).
[2022-07-10T04:48:07.640Z] > git rev-parse --show-toplevel [10ms]
[2022-07-10T04:48:07.640Z] fatal: not a git repository (or any parent up to mount point /)
Stopping at filesystem boundary (GIT_DISCOVERY_ACROSS_FILESYSTEM not set).
[2022-07-10T04:48:07.666Z] > git rev-parse --show-toplevel [4ms]
[2022-07-10T04:48:07.666Z] fatal: not a git repository (or any parent up to mount point /)
Stopping at filesystem boundary (GIT_DISCOVERY_ACROSS_FILESYSTEM not set).
[2022-07-10T04:48:07.738Z] > git rev-parse --show-toplevel [52ms]
[2022-07-10T04:48:07.738Z] fatal: not a git repository (or any parent up to mount point /)
Stopping at filesystem boundary (GIT_DISCOVERY_ACROSS_FILESYSTEM not set).
[2022-07-10T04:48:07.791Z] > git check-ignore -v -z --stdin [56ms]
[2022-07-10T04:48:07.796Z] > git rev-parse --show-toplevel [23ms]
[2022-07-10T04:48:07.796Z] fatal: not a git repository (or any parent up to mount point /)
Stopping at filesystem boundary (GIT_DISCOVERY_ACROSS_FILESYSTEM not set).
[2022-07-10T04:48:07.829Z] > git rev-parse --show-toplevel [11ms]
[2022-07-10T04:48:07.829Z] fatal: not a git repository (or any parent up to mount point /)
Stopping at filesystem boundary (GIT_DISCOVERY_ACROSS_FILESYSTEM not set).
[2022-07-10T04:48:07.898Z] > git rev-parse --show-toplevel [7ms]
[2022-07-10T04:48:07.898Z] fatal: not a git repository (or any parent up to mount point /)
Stopping at filesystem boundary (GIT_DISCOVERY_ACROSS_FILESYSTEM not set).
[2022-07-10T04:48:07.936Z] > git rev-parse --show-toplevel [4ms]
[2022-07-10T04:48:07.936Z] fatal: not a git repository (or any parent up to mount point /)
Stopping at filesystem boundary (GIT_DISCOVERY_ACROSS_FILESYSTEM not set).
[2022-07-10T04:48:08.014Z] > git rev-parse --show-toplevel [16ms]
[2022-07-10T04:48:08.014Z] fatal: not a git repository (or any parent up to mount point /)
Stopping at filesystem boundary (GIT_DISCOVERY_ACROSS_FILESYSTEM not set).
[2022-07-10T04:48:08.060Z] > git rev-parse --show-toplevel [7ms]
[2022-07-10T04:48:08.060Z] fatal: not a git repository (or any parent up to mount point /)
Stopping at filesystem boundary (GIT_DISCOVERY_ACROSS_FILESYSTEM not set).
[2022-07-10T04:48:08.089Z] > git rev-parse --show-toplevel [5ms]
[2022-07-10T04:48:08.089Z] fatal: not a git repository (or any parent up to mount point /)
Stopping at filesystem boundary (GIT_DISCOVERY_ACROSS_FILESYSTEM not set).
[2022-07-10T04:48:08.148Z] > git rev-parse --show-toplevel [8ms]
[2022-07-10T04:48:08.148Z] fatal: not a git repository (or any parent up to mount point /)
Stopping at filesystem boundary (GIT_DISCOVERY_ACROSS_FILESYSTEM not set).
[2022-07-10T04:48:08.175Z] > git rev-parse --show-toplevel [6ms]
[2022-07-10T04:48:08.175Z] fatal: not a git repository (or any parent up to mount point /)
Stopping at filesystem boundary (GIT_DISCOVERY_ACROSS_FILESYSTEM not set).
[2022-07-10T04:48:08.202Z] > git rev-parse --show-toplevel [4ms]
[2022-07-10T04:48:08.202Z] fatal: not a git repository (or any parent up to mount point /)
Stopping at filesystem boundary (GIT_DISCOVERY_ACROSS_FILESYSTEM not set).
[2022-07-10T04:48:08.239Z] > git rev-parse --show-toplevel [11ms]
[2022-07-10T04:48:08.239Z] fatal: not a git repository (or any parent up to mount point /)
Stopping at filesystem boundary (GIT_DISCOVERY_ACROSS_FILESYSTEM not set).
[2022-07-10T04:48:08.270Z] > git rev-parse --show-toplevel [5ms]
[2022-07-10T04:48:08.270Z] fatal: not a git repository (or any parent up to mount point /)
Stopping at filesystem boundary (GIT_DISCOVERY_ACROSS_FILESYSTEM not set).
[2022-07-10T04:48:08.319Z] > git rev-parse --show-toplevel [5ms]
[2022-07-10T04:48:08.319Z] fatal: not a git repository (or any parent up to mount point /)
Stopping at filesystem boundary (GIT_DISCOVERY_ACROSS_FILESYSTEM not set).
[2022-07-10T04:48:08.388Z] > git rev-parse --show-toplevel [30ms]
[2022-07-10T04:48:08.388Z] fatal: not a git repository (or any parent up to mount point /)
Stopping at filesystem boundary (GIT_DISCOVERY_ACROSS_FILESYSTEM not set).
[2022-07-10T04:48:11.603Z] > git show --textconv :style.css [239ms]
[2022-07-10T04:48:11.604Z] > git ls-files --stage -- /run/media/upalb/Miscellaneous/Code/Programming-Hero/Assigmnent 1/style.css [193ms]
[2022-07-10T04:48:11.676Z] > git cat-file -s 17b3b034ba21ee13587fa09de2b18ae08a6ed46b [23ms]
