["INFO" - 9:11:00 PM] Extension Name: esbenp.prettier-vscode.
["INFO" - 9:11:00 PM] Extension Version: 9.5.0.
["INFO" - 9:11:04 PM] Formatting vscode-userdata:/home/upalb/.config/VSCodium/User/settings.json
["INFO" - 9:11:04 PM] File Info:
{
  "ignored": false,
  "inferredParser": "json"
}
["INFO" - 9:11:04 PM] No local configuration (i.e. .prettierrc or .editorconfig) detected, falling back to VS Code configuration
["INFO" - 9:11:04 PM] Prettier Options:
{
  "arrowParens": "always",
  "bracketSpacing": true,
  "endOfLine": "lf",
  "htmlWhitespaceSensitivity": "css",
  "insertPragma": false,
  "jsxBracketSameLine": false,
  "jsxSingleQuote": false,
  "printWidth": 80,
  "proseWrap": "preserve",
  "quoteProps": "as-needed",
  "requirePragma": false,
  "semi": true,
  "singleQuote": false,
  "tabWidth": 2,
  "trailingComma": "es5",
  "useTabs": false,
  "vueIndentScriptAndStyle": false,
  "filepath": "/home/upalb/.config/VSCodium/User/settings.json",
  "parser": "json"
}
["INFO" - 9:11:04 PM] Formatting completed in 0.361ms.
["INFO" - 9:15:47 PM] Formatting file:///run/media/upalb/Miscellaneous/Code/index.html
["INFO" - 9:15:47 PM] Using ignore file (if present) at /run/media/upalb/Miscellaneous/Code/.prettierignore
["INFO" - 9:15:47 PM] File Info:
{
  "ignored": false,
  "inferredParser": "html"
}
["INFO" - 9:15:47 PM] No local configuration (i.e. .prettierrc or .editorconfig) detected, falling back to VS Code configuration
["INFO" - 9:15:47 PM] Prettier Options:
{
  "arrowParens": "always",
  "bracketSpacing": true,
  "endOfLine": "lf",
  "htmlWhitespaceSensitivity": "css",
  "insertPragma": false,
  "jsxBracketSameLine": false,
  "jsxSingleQuote": false,
  "printWidth": 80,
  "proseWrap": "preserve",
  "quoteProps": "as-needed",
  "requirePragma": false,
  "semi": true,
  "singleQuote": false,
  "tabWidth": 2,
  "trailingComma": "es5",
  "useTabs": false,
  "vueIndentScriptAndStyle": false,
  "filepath": "/run/media/upalb/Miscellaneous/Code/index.html",
  "parser": "html"
}
["INFO" - 9:15:47 PM] Formatting completed in 0.455ms.
["INFO" - 9:15:53 PM] Formatting file:///run/media/upalb/Miscellaneous/Code/index.html
["INFO" - 9:15:53 PM] Using ignore file (if present) at /run/media/upalb/Miscellaneous/Code/.prettierignore
["INFO" - 9:15:53 PM] File Info:
{
  "ignored": false,
  "inferredParser": "html"
}
["INFO" - 9:15:53 PM] No local configuration (i.e. .prettierrc or .editorconfig) detected, falling back to VS Code configuration
["INFO" - 9:15:53 PM] Prettier Options:
{
  "arrowParens": "always",
  "bracketSpacing": true,
  "endOfLine": "lf",
  "htmlWhitespaceSensitivity": "css",
  "insertPragma": false,
  "jsxBracketSameLine": false,
  "jsxSingleQuote": false,
  "printWidth": 80,
  "proseWrap": "preserve",
  "quoteProps": "as-needed",
  "requirePragma": false,
  "semi": true,
  "singleQuote": false,
  "tabWidth": 2,
  "trailingComma": "es5",
  "useTabs": false,
  "vueIndentScriptAndStyle": false,
  "filepath": "/run/media/upalb/Miscellaneous/Code/index.html",
  "parser": "html"
}
["INFO" - 9:15:53 PM] Formatting completed in 0.071ms.
["INFO" - 9:15:54 PM] Formatting file:///run/media/upalb/Miscellaneous/Code/index.html
["INFO" - 9:15:54 PM] Using ignore file (if present) at /run/media/upalb/Miscellaneous/Code/.prettierignore
["INFO" - 9:15:54 PM] File Info:
{
  "ignored": false,
  "inferredParser": "html"
}
["INFO" - 9:15:54 PM] No local configuration (i.e. .prettierrc or .editorconfig) detected, falling back to VS Code configuration
["INFO" - 9:15:54 PM] Prettier Options:
{
  "arrowParens": "always",
  "bracketSpacing": true,
  "endOfLine": "lf",
  "htmlWhitespaceSensitivity": "css",
  "insertPragma": false,
  "jsxBracketSameLine": false,
  "jsxSingleQuote": false,
  "printWidth": 80,
  "proseWrap": "preserve",
  "quoteProps": "as-needed",
  "requirePragma": false,
  "semi": true,
  "singleQuote": false,
  "tabWidth": 2,
  "trailingComma": "es5",
  "useTabs": false,
  "vueIndentScriptAndStyle": false,
  "filepath": "/run/media/upalb/Miscellaneous/Code/index.html",
  "parser": "html"
}
["INFO" - 9:15:54 PM] Formatting completed in 0.139ms.
["INFO" - 9:15:55 PM] Formatting file:///run/media/upalb/Miscellaneous/Code/index.html
["INFO" - 9:15:55 PM] Using ignore file (if present) at /run/media/upalb/Miscellaneous/Code/.prettierignore
["INFO" - 9:15:55 PM] File Info:
{
  "ignored": false,
  "inferredParser": "html"
}
["INFO" - 9:15:55 PM] No local configuration (i.e. .prettierrc or .editorconfig) detected, falling back to VS Code configuration
["INFO" - 9:15:55 PM] Prettier Options:
{
  "arrowParens": "always",
  "bracketSpacing": true,
  "endOfLine": "lf",
  "htmlWhitespaceSensitivity": "css",
  "insertPragma": false,
  "jsxBracketSameLine": false,
  "jsxSingleQuote": false,
  "printWidth": 80,
  "proseWrap": "preserve",
  "quoteProps": "as-needed",
  "requirePragma": false,
  "semi": true,
  "singleQuote": false,
  "tabWidth": 2,
  "trailingComma": "es5",
  "useTabs": false,
  "vueIndentScriptAndStyle": false,
  "filepath": "/run/media/upalb/Miscellaneous/Code/index.html",
  "parser": "html"
}
["INFO" - 9:15:55 PM] Formatting completed in 0.147ms.
["INFO" - 9:15:55 PM] Formatting file:///run/media/upalb/Miscellaneous/Code/index.html
["INFO" - 9:15:55 PM] Using ignore file (if present) at /run/media/upalb/Miscellaneous/Code/.prettierignore
["INFO" - 9:15:55 PM] File Info:
{
  "ignored": false,
  "inferredParser": "html"
}
["INFO" - 9:15:55 PM] No local configuration (i.e. .prettierrc or .editorconfig) detected, falling back to VS Code configuration
["INFO" - 9:15:55 PM] Prettier Options:
{
  "arrowParens": "always",
  "bracketSpacing": true,
  "endOfLine": "lf",
  "htmlWhitespaceSensitivity": "css",
  "insertPragma": false,
  "jsxBracketSameLine": false,
  "jsxSingleQuote": false,
  "printWidth": 80,
  "proseWrap": "preserve",
  "quoteProps": "as-needed",
  "requirePragma": false,
  "semi": true,
  "singleQuote": false,
  "tabWidth": 2,
  "trailingComma": "es5",
  "useTabs": false,
  "vueIndentScriptAndStyle": false,
  "filepath": "/run/media/upalb/Miscellaneous/Code/index.html",
  "parser": "html"
}
["INFO" - 9:15:55 PM] Formatting completed in 0.165ms.
["INFO" - 9:15:55 PM] Formatting file:///run/media/upalb/Miscellaneous/Code/index.html
["INFO" - 9:15:56 PM] Using ignore file (if present) at /run/media/upalb/Miscellaneous/Code/.prettierignore
["INFO" - 9:15:56 PM] File Info:
{
  "ignored": false,
  "inferredParser": "html"
}
["INFO" - 9:15:56 PM] No local configuration (i.e. .prettierrc or .editorconfig) detected, falling back to VS Code configuration
["INFO" - 9:15:56 PM] Prettier Options:
{
  "arrowParens": "always",
  "bracketSpacing": true,
  "endOfLine": "lf",
  "htmlWhitespaceSensitivity": "css",
  "insertPragma": false,
  "jsxBracketSameLine": false,
  "jsxSingleQuote": false,
  "printWidth": 80,
  "proseWrap": "preserve",
  "quoteProps": "as-needed",
  "requirePragma": false,
  "semi": true,
  "singleQuote": false,
  "tabWidth": 2,
  "trailingComma": "es5",
  "useTabs": false,
  "vueIndentScriptAndStyle": false,
  "filepath": "/run/media/upalb/Miscellaneous/Code/index.html",
  "parser": "html"
}
["INFO" - 9:15:56 PM] Formatting completed in 0.205ms.
["INFO" - 9:17:00 PM] Formatting file:///run/media/upalb/Miscellaneous/Code/Learning%20Flexbox/index.html
["INFO" - 9:17:00 PM] Using ignore file (if present) at /run/media/upalb/Miscellaneous/Code/.prettierignore
["INFO" - 9:17:00 PM] File Info:
{
  "ignored": false,
  "inferredParser": "html"
}
["INFO" - 9:17:00 PM] No local configuration (i.e. .prettierrc or .editorconfig) detected, falling back to VS Code configuration
["INFO" - 9:17:00 PM] Prettier Options:
{
  "arrowParens": "always",
  "bracketSpacing": true,
  "endOfLine": "lf",
  "htmlWhitespaceSensitivity": "css",
  "insertPragma": false,
  "jsxBracketSameLine": false,
  "jsxSingleQuote": false,
  "printWidth": 80,
  "proseWrap": "preserve",
  "quoteProps": "as-needed",
  "requirePragma": false,
  "semi": true,
  "singleQuote": false,
  "tabWidth": 2,
  "trailingComma": "es5",
  "useTabs": false,
  "vueIndentScriptAndStyle": false,
  "filepath": "/run/media/upalb/Miscellaneous/Code/Learning Flexbox/index.html",
  "parser": "html"
}
["INFO" - 9:17:00 PM] Formatting completed in 0.128ms.
