[2022-07-10T05:10:03.055Z] Log level: Info
[2022-07-10T05:10:03.056Z] [info] Validating found git in: git
[2022-07-10T05:10:03.480Z] [info] Using git 2.37.0 from git
[2022-07-10T05:10:16.005Z] > git rev-parse --show-toplevel [12380ms]
[2022-07-10T05:10:16.005Z] fatal: not a git repository (or any parent up to mount point /run/media/upalb)
Stopping at filesystem boundary (GIT_DISCOVERY_ACROSS_FILESYSTEM not set).
[2022-07-10T05:10:16.329Z] > git rev-parse --show-toplevel [270ms]
[2022-07-10T05:10:17.087Z] > git rev-parse --git-dir --git-common-dir [726ms]
[2022-07-10T05:10:17.101Z] [info] Open repository: /run/media/upalb/Miscellaneous/Code/Programming-Hero/Assigmnent 1
[2022-07-10T05:10:18.568Z] > git rev-parse --show-toplevel [1369ms]
[2022-07-10T05:10:18.568Z] fatal: not a git repository (or any parent up to mount point /)
Stopping at filesystem boundary (GIT_DISCOVERY_ACROSS_FILESYSTEM not set).
[2022-07-10T05:10:18.635Z] > git rev-parse --show-toplevel [57ms]
[2022-07-10T05:10:18.635Z] fatal: not a git repository (or any parent up to mount point /)
Stopping at filesystem boundary (GIT_DISCOVERY_ACROSS_FILESYSTEM not set).
[2022-07-10T05:10:18.650Z] > git rev-parse --show-toplevel [4ms]
[2022-07-10T05:10:18.650Z] fatal: not a git repository (or any parent up to mount point /)
Stopping at filesystem boundary (GIT_DISCOVERY_ACROSS_FILESYSTEM not set).
[2022-07-10T05:10:18.671Z] > git rev-parse --show-toplevel [6ms]
[2022-07-10T05:10:18.671Z] fatal: not a git repository (or any parent up to mount point /)
Stopping at filesystem boundary (GIT_DISCOVERY_ACROSS_FILESYSTEM not set).
[2022-07-10T05:10:18.693Z] > git rev-parse --show-toplevel [8ms]
[2022-07-10T05:10:18.693Z] fatal: not a git repository (or any parent up to mount point /)
Stopping at filesystem boundary (GIT_DISCOVERY_ACROSS_FILESYSTEM not set).
[2022-07-10T05:10:18.720Z] > git rev-parse --show-toplevel [13ms]
[2022-07-10T05:10:18.720Z] fatal: not a git repository (or any parent up to mount point /)
Stopping at filesystem boundary (GIT_DISCOVERY_ACROSS_FILESYSTEM not set).
[2022-07-10T05:10:18.739Z] > git rev-parse --show-toplevel [5ms]
[2022-07-10T05:10:18.739Z] fatal: not a git repository (or any parent up to mount point /)
Stopping at filesystem boundary (GIT_DISCOVERY_ACROSS_FILESYSTEM not set).
[2022-07-10T05:10:18.768Z] > git rev-parse --show-toplevel [17ms]
[2022-07-10T05:10:18.768Z] fatal: not a git repository (or any parent up to mount point /)
Stopping at filesystem boundary (GIT_DISCOVERY_ACROSS_FILESYSTEM not set).
[2022-07-10T05:10:19.136Z] > git rev-parse --show-toplevel [352ms]
[2022-07-10T05:10:19.136Z] fatal: not a git repository (or any parent up to mount point /)
Stopping at filesystem boundary (GIT_DISCOVERY_ACROSS_FILESYSTEM not set).
[2022-07-10T05:10:19.156Z] > git rev-parse --show-toplevel [4ms]
[2022-07-10T05:10:19.156Z] fatal: not a git repository (or any parent up to mount point /)
Stopping at filesystem boundary (GIT_DISCOVERY_ACROSS_FILESYSTEM not set).
[2022-07-10T05:10:19.167Z] > git rev-parse --show-toplevel [1ms]
[2022-07-10T05:10:19.167Z] fatal: not a git repository (or any parent up to mount point /)
Stopping at filesystem boundary (GIT_DISCOVERY_ACROSS_FILESYSTEM not set).
[2022-07-10T05:10:19.179Z] > git rev-parse --show-toplevel [2ms]
[2022-07-10T05:10:19.179Z] fatal: not a git repository (or any parent up to mount point /)
Stopping at filesystem boundary (GIT_DISCOVERY_ACROSS_FILESYSTEM not set).
[2022-07-10T05:10:19.193Z] > git rev-parse --show-toplevel [1ms]
[2022-07-10T05:10:19.193Z] fatal: not a git repository (or any parent up to mount point /)
Stopping at filesystem boundary (GIT_DISCOVERY_ACROSS_FILESYSTEM not set).
[2022-07-10T05:10:19.205Z] > git rev-parse --show-toplevel [2ms]
[2022-07-10T05:10:19.205Z] fatal: not a git repository (or any parent up to mount point /)
Stopping at filesystem boundary (GIT_DISCOVERY_ACROSS_FILESYSTEM not set).
[2022-07-10T05:10:19.216Z] > git rev-parse --show-toplevel [1ms]
[2022-07-10T05:10:19.216Z] fatal: not a git repository (or any parent up to mount point /)
Stopping at filesystem boundary (GIT_DISCOVERY_ACROSS_FILESYSTEM not set).
[2022-07-10T05:10:19.228Z] > git rev-parse --show-toplevel [2ms]
[2022-07-10T05:10:19.228Z] fatal: not a git repository (or any parent up to mount point /)
Stopping at filesystem boundary (GIT_DISCOVERY_ACROSS_FILESYSTEM not set).
[2022-07-10T05:10:19.239Z] > git rev-parse --show-toplevel [1ms]
[2022-07-10T05:10:19.239Z] fatal: not a git repository (or any parent up to mount point /)
Stopping at filesystem boundary (GIT_DISCOVERY_ACROSS_FILESYSTEM not set).
[2022-07-10T05:10:19.250Z] > git rev-parse --show-toplevel [1ms]
[2022-07-10T05:10:19.250Z] fatal: not a git repository (or any parent up to mount point /)
Stopping at filesystem boundary (GIT_DISCOVERY_ACROSS_FILESYSTEM not set).
[2022-07-10T05:10:19.261Z] > git rev-parse --show-toplevel [1ms]
[2022-07-10T05:10:19.261Z] fatal: not a git repository (or any parent up to mount point /)
Stopping at filesystem boundary (GIT_DISCOVERY_ACROSS_FILESYSTEM not set).
[2022-07-10T05:10:19.274Z] > git rev-parse --show-toplevel [1ms]
[2022-07-10T05:10:19.274Z] fatal: not a git repository (or any parent up to mount point /)
Stopping at filesystem boundary (GIT_DISCOVERY_ACROSS_FILESYSTEM not set).
[2022-07-10T05:10:19.285Z] > git rev-parse --show-toplevel [1ms]
[2022-07-10T05:10:19.285Z] fatal: not a git repository (or any parent up to mount point /)
Stopping at filesystem boundary (GIT_DISCOVERY_ACROSS_FILESYSTEM not set).
[2022-07-10T05:10:19.296Z] > git rev-parse --show-toplevel [1ms]
[2022-07-10T05:10:19.296Z] fatal: not a git repository (or any parent up to mount point /)
Stopping at filesystem boundary (GIT_DISCOVERY_ACROSS_FILESYSTEM not set).
[2022-07-10T05:10:19.307Z] > git rev-parse --show-toplevel [1ms]
[2022-07-10T05:10:19.307Z] fatal: not a git repository (or any parent up to mount point /)
Stopping at filesystem boundary (GIT_DISCOVERY_ACROSS_FILESYSTEM not set).
[2022-07-10T05:10:20.082Z] > git check-ignore -v -z --stdin [1464ms]
[2022-07-10T05:10:20.085Z] > git rev-parse --show-toplevel [704ms]
[2022-07-10T05:10:20.085Z] fatal: not a git repository (or any parent up to mount point /run/media/upalb)
Stopping at filesystem boundary (GIT_DISCOVERY_ACROSS_FILESYSTEM not set).
[2022-07-10T05:10:20.210Z] > git rev-parse --show-toplevel [87ms]
[2022-07-10T05:10:20.210Z] fatal: not a git repository (or any parent up to mount point /run/media/upalb)
Stopping at filesystem boundary (GIT_DISCOVERY_ACROSS_FILESYSTEM not set).
[2022-07-10T05:10:20.270Z] > git rev-parse --show-toplevel [41ms]
[2022-07-10T05:10:20.270Z] fatal: not a git repository (or any parent up to mount point /run/media/upalb)
Stopping at filesystem boundary (GIT_DISCOVERY_ACROSS_FILESYSTEM not set).
[2022-07-10T05:10:20.376Z] > git rev-parse --show-toplevel [41ms]
[2022-07-10T05:10:20.376Z] fatal: not a git repository (or any parent up to mount point /run/media/upalb)
Stopping at filesystem boundary (GIT_DISCOVERY_ACROSS_FILESYSTEM not set).
[2022-07-10T05:10:20.419Z] > git rev-parse --show-toplevel [16ms]
[2022-07-10T05:10:20.419Z] fatal: not a git repository (or any parent up to mount point /run/media/upalb)
Stopping at filesystem boundary (GIT_DISCOVERY_ACROSS_FILESYSTEM not set).
[2022-07-10T05:10:20.444Z] > git rev-parse --show-toplevel [11ms]
[2022-07-10T05:10:20.444Z] fatal: not a git repository (or any parent up to mount point /run/media/upalb)
Stopping at filesystem boundary (GIT_DISCOVERY_ACROSS_FILESYSTEM not set).
[2022-07-10T05:10:20.474Z] > git rev-parse --show-toplevel [14ms]
[2022-07-10T05:10:20.474Z] fatal: not a git repository (or any parent up to mount point /run/media/upalb)
Stopping at filesystem boundary (GIT_DISCOVERY_ACROSS_FILESYSTEM not set).
[2022-07-10T05:10:20.524Z] > git rev-parse --show-toplevel [23ms]
[2022-07-10T05:10:20.524Z] fatal: not a git repository (or any parent up to mount point /run/media/upalb)
Stopping at filesystem boundary (GIT_DISCOVERY_ACROSS_FILESYSTEM not set).
[2022-07-10T05:10:20.549Z] > git rev-parse --show-toplevel [15ms]
[2022-07-10T05:10:20.549Z] fatal: not a git repository (or any parent up to mount point /)
Stopping at filesystem boundary (GIT_DISCOVERY_ACROSS_FILESYSTEM not set).
[2022-07-10T05:10:20.602Z] > git status -z -uall [3421ms]
[2022-07-10T05:10:20.724Z] > git symbolic-ref --short HEAD [83ms]
[2022-07-10T05:10:21.160Z] > git for-each-ref --format=%(refname)%00%(upstream:short)%00%(objectname)%00%(upstream:track)%00%(upstream:remotename)%00%(upstream:remoteref) refs/heads/main refs/remotes/main [382ms]
[2022-07-10T05:10:21.216Z] > git for-each-ref --sort -committerdate --format %(refname) %(objectname) %(*objectname) [40ms]
[2022-07-10T05:10:21.262Z] > git remote --verbose [48ms]
[2022-07-10T05:10:21.398Z] > git config --get commit.template [59ms]
