[2022-06-14 21:05:56.190] [renderer1] [warning] Via 'product.json#extensionEnabledApiProposals' extension 'ms-vsliveshare.vsliveshare' wants API proposal 'notebookDocumentEvents' but that proposal DOES NOT EXIST. Likely, the proposal has been finalized (check 'vscode.d.ts') or was abandoned.
[2022-06-14 21:05:56.245] [renderer1] [warning] Via 'product.json#extensionEnabledApiProposals' extension 'ms-dotnettools.dotnet-interactive-vscode' wants API proposal 'notebookConcatTextDocument' but that proposal DOES NOT EXIST. Likely, the proposal has been finalized (check 'vscode.d.ts') or was abandoned.
[2022-06-14 21:05:56.246] [renderer1] [warning] Via 'product.json#extensionEnabledApiProposals' extension 'ms-python.vscode-pylance' wants API proposal 'notebookDocumentEvents' but that proposal DOES NOT EXIST. Likely, the proposal has been finalized (check 'vscode.d.ts') or was abandoned.
[2022-06-14 21:05:56.248] [renderer1] [warning] Via 'product.json#extensionEnabledApiProposals' extension 'ms-toolsai.jupyter' wants API proposal 'notebookConcatTextDocument' but that proposal DOES NOT EXIST. Likely, the proposal has been finalized (check 'vscode.d.ts') or was abandoned.
[2022-06-14 21:05:56.249] [renderer1] [warning] Via 'product.json#extensionEnabledApiProposals' extension 'ms-toolsai.jupyter' wants API proposal 'notebookDocumentEvents' but that proposal DOES NOT EXIST. Likely, the proposal has been finalized (check 'vscode.d.ts') or was abandoned.
[2022-06-14 21:05:56.249] [renderer1] [warning] Via 'product.json#extensionEnabledApiProposals' extension 'dbaeumer.vscode-eslint' wants API proposal 'tabs' but that proposal DOES NOT EXIST. Likely, the proposal has been finalized (check 'vscode.d.ts') or was abandoned.
[2022-06-14 21:05:56.250] [renderer1] [warning] Via 'product.json#extensionEnabledApiProposals' extension 'dbaeumer.vscode-eslint' wants API proposal 'notebookDocumentEvents' but that proposal DOES NOT EXIST. Likely, the proposal has been finalized (check 'vscode.d.ts') or was abandoned.
[2022-06-14 21:06:07.750] [renderer1] [info] UNRESPONSIVE extension host: starting to profile NOW
[2022-06-14 21:06:10.809] [renderer1] [info] UNRESPONSIVE extension host: received responsive event and cancelling profiling session
[2022-06-14 21:06:11.085] [renderer1] [warning] UNRESPONSIVE extension host: 'WallabyJs.quokka-vscode' took 95% of 3164.42ms, saved PROFILE here: 'file:///tmp/exthost-4829e4.cpuprofile' [{"id":"gc","total":70137,"percentage":2},{"id":"program","total":6556,"percentage":0},{"id":"redwan-hossain.auto-rename-tag-clone","total":16525,"percentage":1},{"id":"self","total":47268,"percentage":1},{"id":"WallabyJs.quokka-vscode","total":3009868,"percentage":95}]
[2022-06-14 21:06:24.360] [renderer1] [error] Git error
[2022-06-14 21:08:25.318] [renderer1] [info] UNRESPONSIVE extension host: starting to profile NOW
[2022-06-14 21:08:27.428] [renderer1] [info] UNRESPONSIVE extension host: received responsive event and cancelling profiling session
[2022-06-14 21:08:27.699] [renderer1] [warning] UNRESPONSIVE extension host: 'vscode.git' took 56% of 2429.408ms, saved PROFILE here: 'file:///tmp/exthost-a34297.cpuprofile' [{"id":"CoenraadS.bracket-pair-colorizer-2","total":165674,"percentage":7},{"id":"esbenp.prettier-vscode","total":29203,"percentage":1},{"id":"gc","total":67051,"percentage":3},{"id":"program","total":5142,"percentage":0},{"id":"redwan-hossain.auto-rename-tag-clone","total":12647,"percentage":1},{"id":"self","total":760794,"percentage":31},{"id":"streetsidesoftware.code-spell-checker","total":26559,"percentage":1},{"id":"vscode.emmet","total":862,"percentage":0},{"id":"vscode.git","total":1359819,"percentage":56},{"id":"vscode.merge-conflict","total":676,"percentage":0},{"id":"WallabyJs.quokka-vscode","total":727,"percentage":0}]
[2022-06-14 21:08:28.200] [renderer1] [error] Git error
[2022-06-14 21:15:00.535] [renderer1] [error] Git error
[2022-06-14 21:16:58.559] [renderer1] [error] Git error
[2022-06-14 21:17:13.064] [renderer1] [error] Git error
[2022-06-14 21:17:14.573] [renderer1] [error] Git error
[2022-06-14 21:20:25.755] [renderer1] [error] Git error
[2022-06-14 21:32:21.865] [renderer1] [error] Git error
[2022-06-14 21:34:31.286] [renderer1] [error] Git error
