[2022-07-09T13:03:43.567Z] Log level: Info
[2022-07-09T13:03:43.576Z] [info] Validating found git in: git
[2022-07-09T13:03:43.721Z] [info] Using git 2.37.0 from git
[2022-07-09T13:03:44.167Z] > git rev-parse --show-toplevel [355ms]
[2022-07-09T13:03:44.167Z] fatal: not a git repository (or any parent up to mount point /run/media/upalb)
Stopping at filesystem boundary (GIT_DISCOVERY_ACROSS_FILESYSTEM not set).
[2022-07-09T13:03:44.479Z] > git rev-parse --show-toplevel [278ms]
[2022-07-09T13:03:44.661Z] > git rev-parse --git-dir --git-common-dir [154ms]
[2022-07-09T13:03:44.671Z] [info] Open repository: /run/media/upalb/Miscellaneous/Code/Programming-Hero/Assigmnent 1
[2022-07-09T13:03:44.830Z] > git rev-parse --show-toplevel [71ms]
[2022-07-09T13:03:44.830Z] fatal: not a git repository (or any parent up to mount point /run/media/upalb)
Stopping at filesystem boundary (GIT_DISCOVERY_ACROSS_FILESYSTEM not set).
[2022-07-09T13:03:44.867Z] > git rev-parse --show-toplevel [11ms]
[2022-07-09T13:03:44.867Z] fatal: not a git repository (or any parent up to mount point /run/media/upalb)
Stopping at filesystem boundary (GIT_DISCOVERY_ACROSS_FILESYSTEM not set).
[2022-07-09T13:03:44.916Z] > git rev-parse --show-toplevel [37ms]
[2022-07-09T13:03:44.916Z] fatal: not a git repository (or any parent up to mount point /run/media/upalb)
Stopping at filesystem boundary (GIT_DISCOVERY_ACROSS_FILESYSTEM not set).
[2022-07-09T13:03:44.977Z] > git status -z -uall [268ms]
[2022-07-09T13:03:44.994Z] > git rev-parse --show-toplevel [18ms]
[2022-07-09T13:03:44.994Z] fatal: not a git repository (or any parent up to mount point /run/media/upalb)
Stopping at filesystem boundary (GIT_DISCOVERY_ACROSS_FILESYSTEM not set).
[2022-07-09T13:03:45.100Z] > git symbolic-ref --short HEAD [110ms]
[2022-07-09T13:03:45.115Z] > git rev-parse --show-toplevel [18ms]
[2022-07-09T13:03:45.115Z] fatal: not a git repository (or any parent up to mount point /run/media/upalb)
Stopping at filesystem boundary (GIT_DISCOVERY_ACROSS_FILESYSTEM not set).
[2022-07-09T13:03:45.332Z] > git rev-parse --show-toplevel [19ms]
[2022-07-09T13:03:45.332Z] fatal: not a git repository (or any parent up to mount point /run/media/upalb)
Stopping at filesystem boundary (GIT_DISCOVERY_ACROSS_FILESYSTEM not set).
[2022-07-09T13:03:45.414Z] > git check-ignore -v -z --stdin [86ms]
[2022-07-09T13:03:45.417Z] > git rev-parse --show-toplevel [9ms]
[2022-07-09T13:03:45.417Z] fatal: not a git repository (or any parent up to mount point /run/media/upalb)
Stopping at filesystem boundary (GIT_DISCOVERY_ACROSS_FILESYSTEM not set).
[2022-07-09T13:03:45.431Z] > git for-each-ref --format=%(refname)%00%(upstream:short)%00%(objectname)%00%(upstream:track)%00%(upstream:remotename)%00%(upstream:remoteref) refs/heads/main refs/remotes/main [319ms]
[2022-07-09T13:03:45.518Z] > git rev-parse --show-toplevel [89ms]
[2022-07-09T13:03:45.518Z] fatal: not a git repository (or any parent up to mount point /run/media/upalb)
Stopping at filesystem boundary (GIT_DISCOVERY_ACROSS_FILESYSTEM not set).
[2022-07-09T13:03:45.578Z] > git for-each-ref --sort -committerdate --format %(refname) %(objectname) %(*objectname) [82ms]
[2022-07-09T13:03:45.580Z] > git remote --verbose [67ms]
[2022-07-09T13:03:45.599Z] > git show --textconv :style.css [67ms]
[2022-07-09T13:03:45.600Z] > git ls-files --stage -- /run/media/upalb/Miscellaneous/Code/Programming-Hero/Assigmnent 1/style.css [24ms]
[2022-07-09T13:03:45.657Z] > git cat-file -s 17b3b034ba21ee13587fa09de2b18ae08a6ed46b [12ms]
[2022-07-09T13:03:45.718Z] > git config --get commit.template [119ms]
[2022-07-09T13:05:23.875Z] > git rev-parse --show-toplevel [15ms]
[2022-07-09T13:05:23.875Z] fatal: not a git repository (or any parent up to mount point /run/media/upalb)
Stopping at filesystem boundary (GIT_DISCOVERY_ACROSS_FILESYSTEM not set).
