[2022-06-03T17:58:42.137Z] Validating found git in: git
[2022-06-03T17:58:43.354Z] Using git 2.36.1 from git
[2022-06-03T17:58:43.444Z] > git rev-parse --show-toplevel [44ms]
[2022-06-03T17:58:43.444Z] fatal: not a git repository (or any parent up to mount point /)
Stopping at filesystem boundary (GIT_DISCOVERY_ACROSS_FILESYSTEM not set).
[2022-06-03T17:58:47.412Z] > git rev-parse --show-toplevel [3907ms]
[2022-06-03T17:58:47.470Z] > git rev-parse --git-dir --git-common-dir [45ms]
[2022-06-03T17:58:47.483Z] Open repository: /home/upalb/Drum Kit
[2022-06-03T17:58:47.575Z] > git rev-parse --show-toplevel [66ms]
[2022-06-03T17:58:47.606Z] > git status -z -uall [108ms]
[2022-06-03T17:58:47.625Z] > git rev-parse --git-dir --git-common-dir [32ms]
[2022-06-03T17:58:47.631Z] Open repository: /home/upalb/NewsFlash/FreeCodeCamp-NewsFlash
[2022-06-03T17:58:47.689Z] > git symbolic-ref --short HEAD [64ms]
[2022-06-03T17:58:47.709Z] > git rev-parse --show-toplevel [45ms]
[2022-06-03T17:58:47.709Z] fatal: not a git repository (or any parent up to mount point /)
Stopping at filesystem boundary (GIT_DISCOVERY_ACROSS_FILESYSTEM not set).
[2022-06-03T17:58:47.741Z] > git rev-parse --show-toplevel [7ms]
[2022-06-03T17:58:47.741Z] fatal: not a git repository (or any parent up to mount point /)
Stopping at filesystem boundary (GIT_DISCOVERY_ACROSS_FILESYSTEM not set).
[2022-06-03T17:58:47.759Z] > git status -z -uall [110ms]
[2022-06-03T17:58:47.784Z] > git rev-parse --show-toplevel [28ms]
[2022-06-03T17:58:47.784Z] fatal: not a git repository (or any parent up to mount point /)
Stopping at filesystem boundary (GIT_DISCOVERY_ACROSS_FILESYSTEM not set).
[2022-06-03T17:58:47.786Z] > git for-each-ref --format=%(refname)%00%(upstream:short)%00%(objectname)%00%(upstream:track)%00%(upstream:remotename)%00%(upstream:remoteref) refs/heads/main refs/remotes/main [80ms]
[2022-06-03T17:58:47.826Z] > git for-each-ref --sort -committerdate --format %(refname) %(objectname) %(*objectname) [24ms]
[2022-06-03T17:58:47.827Z] > git symbolic-ref --short HEAD [45ms]
[2022-06-03T17:58:47.842Z] > git for-each-ref --format=%(refname)%00%(upstream:short)%00%(objectname)%00%(upstream:track)%00%(upstream:remotename)%00%(upstream:remoteref) refs/heads/main refs/remotes/main [2ms]
[2022-06-03T17:58:47.875Z] > git remote --verbose [55ms]
[2022-06-03T17:58:47.904Z] > git remote --verbose [30ms]
[2022-06-03T17:58:47.905Z] > git for-each-ref --sort -committerdate --format %(refname) %(objectname) %(*objectname) [49ms]
[2022-06-03T17:58:47.961Z] > git config --get commit.template [58ms]
[2022-06-03T17:58:47.964Z] > git config --get commit.template [4ms]
[2022-06-03T17:58:48.153Z] > git check-ignore -v -z --stdin [10ms]
[2022-06-03T17:58:48.398Z] > git ls-files --stage -- /home/upalb/Drum Kit/index.js [6ms]
[2022-06-03T17:58:48.441Z] > git cat-file -s dea16f5ab2af506c3a6dc4af6c109642aa31e4e1 [28ms]
[2022-06-03T17:58:48.466Z] > git show --textconv :index.js [90ms]
[2022-06-03T17:59:04.121Z] > git show --textconv :index.html [63ms]
[2022-06-03T17:59:04.121Z] > git ls-files --stage -- /home/upalb/Drum Kit/index.html [42ms]
[2022-06-03T17:59:04.181Z] > git cat-file -s 8e011fc7a90df189f823c1d77b2277a558c4e9c5 [24ms]
[2022-06-03T17:59:05.739Z] > git show --textconv :style.css [49ms]
[2022-06-03T17:59:05.739Z] > git ls-files --stage -- /home/upalb/Drum Kit/style.css [34ms]
[2022-06-03T17:59:05.758Z] > git cat-file -s 537a0e84065e80499845375e3306f94de8877aff [3ms]
[2022-06-03T17:59:12.859Z] > git check-ignore -v -z --stdin [3ms]
[2022-06-03T17:59:29.490Z] > git check-ignore -v -z --stdin [2ms]
[2022-06-03T17:59:43.623Z] > git rev-parse --show-toplevel [3ms]
[2022-06-03T17:59:43.623Z] fatal: not a git repository (or any parent up to mount point /)
Stopping at filesystem boundary (GIT_DISCOVERY_ACROSS_FILESYSTEM not set).
[2022-06-03T18:00:14.704Z] > git rev-parse --show-toplevel [22ms]
[2022-06-03T18:00:14.705Z] fatal: not a git repository (or any parent up to mount point /)
Stopping at filesystem boundary (GIT_DISCOVERY_ACROSS_FILESYSTEM not set).
[2022-06-03T18:00:15.822Z] > git rev-parse --show-toplevel [16ms]
[2022-06-03T18:00:15.822Z] fatal: not a git repository (or any parent up to mount point /)
Stopping at filesystem boundary (GIT_DISCOVERY_ACROSS_FILESYSTEM not set).
[2022-06-03T18:00:17.057Z] > git rev-parse --show-toplevel [13ms]
[2022-06-03T18:00:17.057Z] fatal: not a git repository (or any parent up to mount point /)
Stopping at filesystem boundary (GIT_DISCOVERY_ACROSS_FILESYSTEM not set).
[2022-06-03T18:00:19.449Z] > git rev-parse --show-toplevel [10ms]
[2022-06-03T18:00:19.449Z] fatal: not a git repository (or any parent up to mount point /)
Stopping at filesystem boundary (GIT_DISCOVERY_ACROSS_FILESYSTEM not set).
[2022-06-03T18:02:52.003Z] > git rev-parse --show-toplevel [301ms]
[2022-06-03T18:02:52.003Z] fatal: not a git repository (or any parent up to mount point /)
Stopping at filesystem boundary (GIT_DISCOVERY_ACROSS_FILESYSTEM not set).
[2022-06-03T18:02:52.379Z] > git rev-parse --show-toplevel [8ms]
[2022-06-03T18:02:52.379Z] fatal: not a git repository (or any parent up to mount point /)
Stopping at filesystem boundary (GIT_DISCOVERY_ACROSS_FILESYSTEM not set).
[2022-06-03T18:02:52.645Z] > git rev-parse --show-toplevel [7ms]
[2022-06-03T18:02:52.646Z] fatal: not a git repository (or any parent up to mount point /)
Stopping at filesystem boundary (GIT_DISCOVERY_ACROSS_FILESYSTEM not set).
[2022-06-03T18:02:52.666Z] > git rev-parse --show-toplevel [6ms]
[2022-06-03T18:02:52.666Z] fatal: not a git repository (or any parent up to mount point /)
Stopping at filesystem boundary (GIT_DISCOVERY_ACROSS_FILESYSTEM not set).
[2022-06-03T18:04:28.691Z] > git rev-parse --show-toplevel [16ms]
[2022-06-03T18:04:28.691Z] fatal: not a git repository (or any parent up to mount point /)
Stopping at filesystem boundary (GIT_DISCOVERY_ACROSS_FILESYSTEM not set).
[2022-06-03T18:05:25.247Z] > git rev-parse --show-toplevel [28ms]
[2022-06-03T18:05:25.247Z] fatal: not a git repository (or any parent up to mount point /)
Stopping at filesystem boundary (GIT_DISCOVERY_ACROSS_FILESYSTEM not set).
[2022-06-03T18:07:32.022Z] > git rev-parse --show-toplevel [26ms]
[2022-06-03T18:07:32.022Z] fatal: not a git repository (or any parent up to mount point /)
Stopping at filesystem boundary (GIT_DISCOVERY_ACROSS_FILESYSTEM not set).
[2022-06-03T18:07:37.939Z] > git rev-parse --show-toplevel [14ms]
[2022-06-03T18:07:37.939Z] fatal: not a git repository (or any parent up to mount point /)
Stopping at filesystem boundary (GIT_DISCOVERY_ACROSS_FILESYSTEM not set).
[2022-06-03T18:07:39.751Z] > git rev-parse --show-toplevel [7ms]
[2022-06-03T18:07:39.751Z] fatal: not a git repository (or any parent up to mount point /)
Stopping at filesystem boundary (GIT_DISCOVERY_ACROSS_FILESYSTEM not set).
[2022-06-03T18:07:39.773Z] > git rev-parse --show-toplevel [5ms]
[2022-06-03T18:07:39.773Z] fatal: not a git repository (or any parent up to mount point /)
Stopping at filesystem boundary (GIT_DISCOVERY_ACROSS_FILESYSTEM not set).
[2022-06-03T18:07:42.269Z] > git rev-parse --show-toplevel [5ms]
[2022-06-03T18:07:42.269Z] fatal: not a git repository (or any parent up to mount point /)
Stopping at filesystem boundary (GIT_DISCOVERY_ACROSS_FILESYSTEM not set).
[2022-06-03T18:07:42.293Z] > git rev-parse --show-toplevel [3ms]
[2022-06-03T18:07:42.293Z] fatal: not a git repository (or any parent up to mount point /)
Stopping at filesystem boundary (GIT_DISCOVERY_ACROSS_FILESYSTEM not set).
[2022-06-03T18:07:42.311Z] > git rev-parse --show-toplevel [2ms]
[2022-06-03T18:07:42.311Z] fatal: not a git repository (or any parent up to mount point /)
Stopping at filesystem boundary (GIT_DISCOVERY_ACROSS_FILESYSTEM not set).
[2022-06-03T18:07:43.769Z] > git rev-parse --show-toplevel [13ms]
[2022-06-03T18:07:43.769Z] fatal: not a git repository (or any parent up to mount point /)
Stopping at filesystem boundary (GIT_DISCOVERY_ACROSS_FILESYSTEM not set).
[2022-06-03T18:07:43.791Z] > git rev-parse --show-toplevel [7ms]
[2022-06-03T18:07:43.791Z] fatal: not a git repository (or any parent up to mount point /)
Stopping at filesystem boundary (GIT_DISCOVERY_ACROSS_FILESYSTEM not set).
[2022-06-03T18:07:43.818Z] > git rev-parse --show-toplevel [4ms]
[2022-06-03T18:07:43.818Z] fatal: not a git repository (or any parent up to mount point /)
Stopping at filesystem boundary (GIT_DISCOVERY_ACROSS_FILESYSTEM not set).
[2022-06-03T18:07:43.847Z] > git rev-parse --show-toplevel [4ms]
[2022-06-03T18:07:43.847Z] fatal: not a git repository (or any parent up to mount point /)
Stopping at filesystem boundary (GIT_DISCOVERY_ACROSS_FILESYSTEM not set).
[2022-06-03T18:18:15.971Z] > git rev-parse --show-toplevel [15ms]
[2022-06-03T18:18:15.971Z] fatal: not a git repository (or any parent up to mount point /)
Stopping at filesystem boundary (GIT_DISCOVERY_ACROSS_FILESYSTEM not set).
[2022-06-03T18:18:16.003Z] > git rev-parse --show-toplevel [10ms]
[2022-06-03T18:18:16.003Z] fatal: not a git repository (or any parent up to mount point /)
Stopping at filesystem boundary (GIT_DISCOVERY_ACROSS_FILESYSTEM not set).
[2022-06-03T18:18:16.026Z] > git rev-parse --show-toplevel [2ms]
[2022-06-03T18:18:16.026Z] fatal: not a git repository (or any parent up to mount point /)
Stopping at filesystem boundary (GIT_DISCOVERY_ACROSS_FILESYSTEM not set).
[2022-06-03T18:29:58.365Z] > git rev-parse --show-toplevel [730ms]
[2022-06-03T18:29:58.365Z] fatal: not a git repository (or any parent up to mount point /)
Stopping at filesystem boundary (GIT_DISCOVERY_ACROSS_FILESYSTEM not set).
[2022-06-03T18:29:58.389Z] > git rev-parse --show-toplevel [2ms]
[2022-06-03T18:29:58.389Z] fatal: not a git repository (or any parent up to mount point /)
Stopping at filesystem boundary (GIT_DISCOVERY_ACROSS_FILESYSTEM not set).
[2022-06-03T18:29:58.401Z] > git rev-parse --show-toplevel [2ms]
[2022-06-03T18:29:58.401Z] fatal: not a git repository (or any parent up to mount point /)
Stopping at filesystem boundary (GIT_DISCOVERY_ACROSS_FILESYSTEM not set).
[2022-06-03T18:30:04.375Z] > git rev-parse --show-toplevel [13ms]
[2022-06-03T18:30:04.375Z] fatal: not a git repository (or any parent up to mount point /)
Stopping at filesystem boundary (GIT_DISCOVERY_ACROSS_FILESYSTEM not set).
[2022-06-03T18:30:04.396Z] > git rev-parse --show-toplevel [3ms]
[2022-06-03T18:30:04.396Z] fatal: not a git repository (or any parent up to mount point /)
Stopping at filesystem boundary (GIT_DISCOVERY_ACROSS_FILESYSTEM not set).
[2022-06-03T18:30:04.429Z] > git rev-parse --show-toplevel [6ms]
[2022-06-03T18:30:04.429Z] fatal: not a git repository (or any parent up to mount point /)
Stopping at filesystem boundary (GIT_DISCOVERY_ACROSS_FILESYSTEM not set).
