[2022-07-13T03:57:34.978Z] Log level: Info
[2022-07-13T03:57:34.997Z] [info] Validating found git in: git
[2022-07-13T03:57:35.134Z] [info] Using git 2.37.0 from git
[2022-07-13T03:57:35.285Z] > git rev-parse --show-toplevel [60ms]
[2022-07-13T03:57:40.518Z] > git rev-parse --git-dir --git-common-dir [5208ms]
[2022-07-13T03:57:40.534Z] [info] Open repository: /home/upalb/Grover
[2022-07-13T03:57:40.610Z] > git status -z -uall [51ms]
[2022-07-13T03:57:40.691Z] > git symbolic-ref --short HEAD [18ms]
[2022-07-13T03:57:40.722Z] > git for-each-ref --format=%(refname)%00%(upstream:short)%00%(objectname)%00%(upstream:track)%00%(upstream:remotename)%00%(upstream:remoteref) refs/heads/main refs/remotes/main [7ms]
[2022-07-13T03:57:40.843Z] > git remote --verbose [66ms]
[2022-07-13T03:57:40.846Z] > git for-each-ref --sort -committerdate --format %(refname) %(objectname) %(*objectname) [98ms]
[2022-07-13T03:57:40.916Z] > git config --get commit.template [7ms]
[2022-07-13T03:57:41.209Z] > git show --textconv :scss/style.scss [22ms]
[2022-07-13T03:57:41.211Z] > git ls-files --stage -- /home/upalb/Grover/scss/style.scss [4ms]
[2022-07-13T03:57:41.227Z] > git cat-file -s 585df4f41676726486fd9639de1d1ca335d654e9 [2ms]
[2022-07-13T03:57:41.386Z] > git check-ignore -v -z --stdin [2ms]
[2022-07-13T04:07:22.187Z] > git show --textconv :index.html [233ms]
[2022-07-13T04:07:22.195Z] > git ls-files --stage -- /home/upalb/Grover/index.html [225ms]
[2022-07-13T04:07:22.272Z] > git cat-file -s cb80bd9861a1caf3564203f327d68c28e6c2982f [41ms]
[2022-07-13T04:09:14.424Z] > git show --textconv :scss/_navbar.scss [29ms]
[2022-07-13T04:09:14.424Z] > git ls-files --stage -- /home/upalb/Grover/scss/_navbar.scss [6ms]
[2022-07-13T04:09:14.447Z] > git cat-file -s ce76ba0869b3364ddde948067f643c4eec933768 [6ms]
[2022-07-13T04:10:00.216Z] > git show --textconv :scss/style.scss [18ms]
[2022-07-13T04:10:00.217Z] > git ls-files --stage -- /home/upalb/Grover/scss/style.scss [4ms]
[2022-07-13T04:10:00.231Z] > git cat-file -s 585df4f41676726486fd9639de1d1ca335d654e9 [3ms]
[2022-07-13T04:10:44.393Z] > git status -z -uall [4ms]
[2022-07-13T04:10:44.409Z] > git symbolic-ref --short HEAD [2ms]
[2022-07-13T04:10:44.427Z] > git for-each-ref --format=%(refname)%00%(upstream:short)%00%(objectname)%00%(upstream:track)%00%(upstream:remotename)%00%(upstream:remoteref) refs/heads/main refs/remotes/main [3ms]
[2022-07-13T04:10:44.458Z] > git remote --verbose [3ms]
[2022-07-13T04:10:44.459Z] > git for-each-ref --sort -committerdate --format %(refname) %(objectname) %(*objectname) [19ms]
[2022-07-13T04:10:44.479Z] > git config --get commit.template [2ms]
[2022-07-13T04:10:53.651Z] > git show --textconv :index.html [12ms]
[2022-07-13T04:10:53.653Z] > git ls-files --stage -- /home/upalb/Grover/index.html [3ms]
[2022-07-13T04:10:53.666Z] > git cat-file -s cb80bd9861a1caf3564203f327d68c28e6c2982f [2ms]
[2022-07-13T04:11:12.539Z] > git status -z -uall [3ms]
[2022-07-13T04:11:12.556Z] > git symbolic-ref --short HEAD [3ms]
[2022-07-13T04:11:12.573Z] > git for-each-ref --format=%(refname)%00%(upstream:short)%00%(objectname)%00%(upstream:track)%00%(upstream:remotename)%00%(upstream:remoteref) refs/heads/main refs/remotes/main [2ms]
[2022-07-13T04:11:12.599Z] > git for-each-ref --sort -committerdate --format %(refname) %(objectname) %(*objectname) [14ms]
[2022-07-13T04:11:12.600Z] > git remote --verbose [3ms]
[2022-07-13T04:11:12.619Z] > git config --get commit.template [2ms]
[2022-07-13T04:11:15.286Z] > git show --textconv :scss/_navbar.scss [30ms]
[2022-07-13T04:11:15.289Z] > git ls-files --stage -- /home/upalb/Grover/scss/_navbar.scss [20ms]
[2022-07-13T04:11:15.308Z] > git cat-file -s ce76ba0869b3364ddde948067f643c4eec933768 [5ms]
[2022-07-13T04:20:27.391Z] > git show --textconv :index.html [200ms]
[2022-07-13T04:20:27.468Z] > git ls-files --stage -- /home/upalb/Grover/index.html [254ms]
[2022-07-13T04:20:27.503Z] > git cat-file -s cb80bd9861a1caf3564203f327d68c28e6c2982f [3ms]
