[2022-06-03T19:03:52.840Z] Validating found git in: git
[2022-06-03T19:03:53.099Z] Using git 2.36.1 from git
[2022-06-03T19:03:53.197Z] > git rev-parse --show-toplevel [32ms]
[2022-06-03T19:03:53.197Z] fatal: not a git repository (or any parent up to mount point /)
Stopping at filesystem boundary (GIT_DISCOVERY_ACROSS_FILESYSTEM not set).
[2022-06-03T19:03:53.376Z] > git rev-parse --show-toplevel [96ms]
[2022-06-03T19:03:53.376Z] fatal: not a git repository (or any parent up to mount point /)
Stopping at filesystem boundary (GIT_DISCOVERY_ACROSS_FILESYSTEM not set).
[2022-06-03T19:04:01.335Z] > git rev-parse --show-toplevel [7934ms]
[2022-06-03T19:04:01.335Z] fatal: not a git repository (or any parent up to mount point /)
Stopping at filesystem boundary (GIT_DISCOVERY_ACROSS_FILESYSTEM not set).
[2022-06-03T19:04:01.401Z] > git rev-parse --show-toplevel [24ms]
[2022-06-03T19:04:01.401Z] fatal: not a git repository (or any parent up to mount point /)
Stopping at filesystem boundary (GIT_DISCOVERY_ACROSS_FILESYSTEM not set).
[2022-06-03T19:04:01.507Z] > git rev-parse --show-toplevel [68ms]
[2022-06-03T19:04:01.535Z] > git rev-parse --git-dir --git-common-dir [5ms]
[2022-06-03T19:04:01.551Z] Open repository: /home/upalb/NewsFlash/FreeCodeCamp-NewsFlash
[2022-06-03T19:04:01.617Z] > git rev-parse --show-toplevel [27ms]
[2022-06-03T19:04:01.617Z] fatal: not a git repository (or any parent up to mount point /)
Stopping at filesystem boundary (GIT_DISCOVERY_ACROSS_FILESYSTEM not set).
[2022-06-03T19:04:01.640Z] > git rev-parse --show-toplevel [5ms]
[2022-06-03T19:04:01.640Z] fatal: not a git repository (or any parent up to mount point /)
Stopping at filesystem boundary (GIT_DISCOVERY_ACROSS_FILESYSTEM not set).
[2022-06-03T19:04:01.658Z] > git rev-parse --show-toplevel [3ms]
[2022-06-03T19:04:01.658Z] fatal: not a git repository (or any parent up to mount point /)
Stopping at filesystem boundary (GIT_DISCOVERY_ACROSS_FILESYSTEM not set).
[2022-06-03T19:04:01.963Z] > git status -z -uall [387ms]
[2022-06-03T19:04:02.013Z] > git symbolic-ref --short HEAD [36ms]
[2022-06-03T19:04:02.048Z] > git for-each-ref --format=%(refname)%00%(upstream:short)%00%(objectname)%00%(upstream:track)%00%(upstream:remotename)%00%(upstream:remoteref) refs/heads/main refs/remotes/main [23ms]
[2022-06-03T19:04:02.101Z] > git for-each-ref --sort -committerdate --format %(refname) %(objectname) %(*objectname) [21ms]
[2022-06-03T19:04:02.103Z] > git remote --verbose [6ms]
[2022-06-03T19:04:02.146Z] > git config --get commit.template [3ms]
