[2022-06-18 19:12:58.578] [exthost] [info] Extension host with pid 17100 started
[2022-06-18 19:12:58.578] [exthost] [info] Skipping acquiring lock for /home/upalb/.config/VSCodium/User/workspaceStorage/fa84a96756ee31e53c73910e76cc5e69.
[2022-06-18 19:12:59.097] [exthost] [info] ExtensionService#_doActivateExtension vscode.typescript-language-features, startup: false, activationEvent: 'onLanguage:javascript'
[2022-06-18 19:12:59.262] [exthost] [info] ExtensionService#_doActivateExtension vscode.debug-auto-launch, startup: true, activationEvent: '*'
[2022-06-18 19:12:59.523] [exthost] [info] ExtensionService#_doActivateExtension vscode.git-base, startup: true, activationEvent: '*', root cause: vscode.git
[2022-06-18 19:12:59.725] [exthost] [info] ExtensionService#_doActivateExtension vscode.ipynb, startup: true, activationEvent: '*'
[2022-06-18 19:12:59.783] [exthost] [info] ExtensionService#_doActivateExtension CoenraadS.bracket-pair-colorizer-2, startup: true, activationEvent: '*'
[2022-06-18 19:13:01.309] [exthost] [info] ExtensionService#_doActivateExtension redwan-hossain.auto-rename-tag-clone, startup: true, activationEvent: '*'
[2022-06-18 19:13:01.493] [exthost] [info] ExtensionService#_doActivateExtension WallabyJs.quokka-vscode, startup: true, activationEvent: '*'
[2022-06-18 19:13:06.263] [exthost] [info] ExtensionService#_doActivateExtension vscode.git, startup: true, activationEvent: '*'
[2022-06-18 19:13:06.481] [exthost] [info] ExtensionService#_doActivateExtension vscode.github, startup: true, activationEvent: '*'
[2022-06-18 19:13:07.756] [exthost] [info] Eager extensions activated
[2022-06-18 19:13:07.813] [exthost] [info] ExtensionService#_doActivateExtension vscode.emmet, startup: false, activationEvent: 'onStartupFinished'
[2022-06-18 19:13:08.058] [exthost] [info] ExtensionService#_doActivateExtension vscode.merge-conflict, startup: false, activationEvent: 'onStartupFinished'
[2022-06-18 19:13:08.191] [exthost] [info] ExtensionService#_doActivateExtension dbaeumer.vscode-eslint, startup: false, activationEvent: 'onStartupFinished'
[2022-06-18 19:13:08.465] [exthost] [info] ExtensionService#_doActivateExtension esbenp.prettier-vscode, startup: false, activationEvent: 'onStartupFinished'
[2022-06-18 19:13:09.194] [exthost] [info] ExtensionService#_doActivateExtension formulahendry.code-runner, startup: false, activationEvent: 'onStartupFinished'
[2022-06-18 19:13:10.506] [exthost] [info] ExtensionService#_doActivateExtension PKief.material-icon-theme, startup: false, activationEvent: 'onStartupFinished'
[2022-06-18 19:13:10.626] [exthost] [info] ExtensionService#_doActivateExtension ritwickdey.LiveServer, startup: false, activationEvent: 'onStartupFinished'
[2022-06-18 19:13:20.339] [exthost] [info] ExtensionService#_doActivateExtension streetsidesoftware.code-spell-checker, startup: false, activationEvent: 'onStartupFinished'
[2022-06-18 19:14:44.591] [exthost] [info] ExtensionService#_doActivateExtension vscode.configuration-editing, startup: false, activationEvent: 'onLanguage:json'
[2022-06-18 19:14:44.673] [exthost] [info] ExtensionService#_doActivateExtension vscode.extension-editing, startup: false, activationEvent: 'onLanguage:json'
[2022-06-18 19:14:44.739] [exthost] [info] ExtensionService#_doActivateExtension vscode.json-language-features, startup: false, activationEvent: 'onLanguage:json'
[2022-06-18 19:14:44.855] [exthost] [info] ExtensionService#_doActivateExtension vscode.npm, startup: false, activationEvent: 'onLanguage:json'
[2022-06-18 19:14:45.384] [exthost] [info] Extension host terminating: received terminate message from renderer
[2022-06-18 19:14:45.441] [exthost] [info] Extension host with pid 17100 exiting with code 0
[2022-06-18 19:14:46.924] [exthost] [info] Extension host with pid 17532 started
[2022-06-18 19:14:46.924] [exthost] [info] Skipping acquiring lock for /home/upalb/.config/VSCodium/User/workspaceStorage/fa84a96756ee31e53c73910e76cc5e69.
[2022-06-18 19:14:47.013] [exthost] [info] ExtensionService#_doActivateExtension vscode.typescript-language-features, startup: false, activationEvent: 'onLanguage:javascript'
[2022-06-18 19:14:47.036] [exthost] [info] ExtensionService#_doActivateExtension vscode.configuration-editing, startup: false, activationEvent: 'onLanguage:json'
[2022-06-18 19:14:47.042] [exthost] [info] ExtensionService#_doActivateExtension vscode.extension-editing, startup: false, activationEvent: 'onLanguage:json'
[2022-06-18 19:14:47.052] [exthost] [info] ExtensionService#_doActivateExtension vscode.json-language-features, startup: false, activationEvent: 'onLanguage:json'
[2022-06-18 19:14:47.079] [exthost] [info] ExtensionService#_doActivateExtension vscode.npm, startup: false, activationEvent: 'onLanguage:json'
[2022-06-18 19:14:47.092] [exthost] [info] ExtensionService#_doActivateExtension vscode.debug-auto-launch, startup: true, activationEvent: '*'
[2022-06-18 19:14:47.095] [exthost] [info] ExtensionService#_doActivateExtension vscode.git-base, startup: true, activationEvent: '*', root cause: vscode.git
[2022-06-18 19:14:47.098] [exthost] [info] ExtensionService#_doActivateExtension vscode.ipynb, startup: true, activationEvent: '*'
[2022-06-18 19:14:47.103] [exthost] [info] ExtensionService#_doActivateExtension CoenraadS.bracket-pair-colorizer-2, startup: true, activationEvent: '*'
[2022-06-18 19:14:47.120] [exthost] [info] ExtensionService#_doActivateExtension redwan-hossain.auto-rename-tag-clone, startup: true, activationEvent: '*'
[2022-06-18 19:14:47.132] [exthost] [info] ExtensionService#_doActivateExtension WallabyJs.quokka-vscode, startup: true, activationEvent: '*'
[2022-06-18 19:14:47.514] [exthost] [info] ExtensionService#_doActivateExtension vscode.git, startup: true, activationEvent: '*'
[2022-06-18 19:14:47.617] [exthost] [info] ExtensionService#_doActivateExtension vscode.github, startup: true, activationEvent: '*'
[2022-06-18 19:14:47.934] [exthost] [info] Eager extensions activated
[2022-06-18 19:14:47.957] [exthost] [info] ExtensionService#_doActivateExtension vscode.emmet, startup: false, activationEvent: 'onStartupFinished'
[2022-06-18 19:14:47.977] [exthost] [info] ExtensionService#_doActivateExtension vscode.merge-conflict, startup: false, activationEvent: 'onStartupFinished'
[2022-06-18 19:14:47.982] [exthost] [info] ExtensionService#_doActivateExtension dbaeumer.vscode-eslint, startup: false, activationEvent: 'onStartupFinished'
[2022-06-18 19:14:48.032] [exthost] [info] ExtensionService#_doActivateExtension esbenp.prettier-vscode, startup: false, activationEvent: 'onStartupFinished'
[2022-06-18 19:14:48.095] [exthost] [info] ExtensionService#_doActivateExtension formulahendry.code-runner, startup: false, activationEvent: 'onStartupFinished'
[2022-06-18 19:14:48.126] [exthost] [info] ExtensionService#_doActivateExtension PKief.material-icon-theme, startup: false, activationEvent: 'onStartupFinished'
[2022-06-18 19:14:48.148] [exthost] [info] ExtensionService#_doActivateExtension ritwickdey.LiveServer, startup: false, activationEvent: 'onStartupFinished'
[2022-06-18 19:14:48.450] [exthost] [info] ExtensionService#_doActivateExtension streetsidesoftware.code-spell-checker, startup: false, activationEvent: 'onStartupFinished'
[2022-06-18 19:21:45.739] [exthost] [info] Extension host terminating: received terminate message from renderer
[2022-06-18 19:21:45.920] [exthost] [warning] {"name":"Canceled"}
[2022-06-18 19:21:45.922] [exthost] [error] Error: document 'output:extension-output-WallabyJs.quokka-vscode-%231-Quokka' NOT found
    at E.changeLanguage (/opt/vscodium-bin/resources/app/out/vs/workbench/api/node/extensionHostProcess.js:83:177455)
    at runMicrotasks (<anonymous>)
    at processTicksAndRejections (node:internal/process/task_queues:96:5)
[2022-06-18 19:21:45.923] [exthost] [error] Error: document 'output:extension-output-WallabyJs.quokka-vscode-%231-Quokka' NOT found
    at E.changeLanguage (/opt/vscodium-bin/resources/app/out/vs/workbench/api/node/extensionHostProcess.js:83:177455)
    at runMicrotasks (<anonymous>)
    at processTicksAndRejections (node:internal/process/task_queues:96:5)
[2022-06-18 19:21:45.923] [exthost] [error] Error: document 'output:extension-output-WallabyJs.quokka-vscode-%231-Quokka' NOT found
    at E.changeLanguage (/opt/vscodium-bin/resources/app/out/vs/workbench/api/node/extensionHostProcess.js:83:177455)
    at runMicrotasks (<anonymous>)
    at processTicksAndRejections (node:internal/process/task_queues:96:5)
[2022-06-18 19:21:45.923] [exthost] [error] Error: document 'output:extension-output-WallabyJs.quokka-vscode-%231-Quokka' NOT found
    at E.changeLanguage (/opt/vscodium-bin/resources/app/out/vs/workbench/api/node/extensionHostProcess.js:83:177455)
    at runMicrotasks (<anonymous>)
    at processTicksAndRejections (node:internal/process/task_queues:96:5)
[2022-06-18 19:21:45.923] [exthost] [error] Error: document 'output:extension-output-WallabyJs.quokka-vscode-%231-Quokka' NOT found
    at E.changeLanguage (/opt/vscodium-bin/resources/app/out/vs/workbench/api/node/extensionHostProcess.js:83:177455)
    at runMicrotasks (<anonymous>)
    at processTicksAndRejections (node:internal/process/task_queues:96:5)
[2022-06-18 19:21:45.923] [exthost] [error] Error: document 'output:extension-output-WallabyJs.quokka-vscode-%231-Quokka' NOT found
    at E.changeLanguage (/opt/vscodium-bin/resources/app/out/vs/workbench/api/node/extensionHostProcess.js:83:177455)
    at runMicrotasks (<anonymous>)
    at processTicksAndRejections (node:internal/process/task_queues:96:5)
[2022-06-18 19:21:45.923] [exthost] [error] Error: document 'output:extension-output-WallabyJs.quokka-vscode-%231-Quokka' NOT found
    at E.changeLanguage (/opt/vscodium-bin/resources/app/out/vs/workbench/api/node/extensionHostProcess.js:83:177455)
    at runMicrotasks (<anonymous>)
    at processTicksAndRejections (node:internal/process/task_queues:96:5)
[2022-06-18 19:21:45.924] [exthost] [error] Error: document 'output:extension-output-WallabyJs.quokka-vscode-%231-Quokka' NOT found
    at E.changeLanguage (/opt/vscodium-bin/resources/app/out/vs/workbench/api/node/extensionHostProcess.js:83:177455)
    at runMicrotasks (<anonymous>)
    at processTicksAndRejections (node:internal/process/task_queues:96:5)
[2022-06-18 19:21:45.924] [exthost] [error] Error: document 'output:extension-output-WallabyJs.quokka-vscode-%231-Quokka' NOT found
    at E.changeLanguage (/opt/vscodium-bin/resources/app/out/vs/workbench/api/node/extensionHostProcess.js:83:177455)
    at runMicrotasks (<anonymous>)
    at processTicksAndRejections (node:internal/process/task_queues:96:5)
[2022-06-18 19:21:45.924] [exthost] [error] Error: document 'output:extension-output-WallabyJs.quokka-vscode-%231-Quokka' NOT found
    at E.changeLanguage (/opt/vscodium-bin/resources/app/out/vs/workbench/api/node/extensionHostProcess.js:83:177455)
    at runMicrotasks (<anonymous>)
    at processTicksAndRejections (node:internal/process/task_queues:96:5)
[2022-06-18 19:21:45.924] [exthost] [error] Error: document 'output:extension-output-WallabyJs.quokka-vscode-%231-Quokka' NOT found
    at E.changeLanguage (/opt/vscodium-bin/resources/app/out/vs/workbench/api/node/extensionHostProcess.js:83:177455)
    at runMicrotasks (<anonymous>)
    at processTicksAndRejections (node:internal/process/task_queues:96:5)
[2022-06-18 19:21:45.924] [exthost] [error] Error: document 'output:extension-output-WallabyJs.quokka-vscode-%231-Quokka' NOT found
    at E.changeLanguage (/opt/vscodium-bin/resources/app/out/vs/workbench/api/node/extensionHostProcess.js:83:177455)
    at runMicrotasks (<anonymous>)
    at processTicksAndRejections (node:internal/process/task_queues:96:5)
[2022-06-18 19:21:45.925] [exthost] [error] Error: document 'output:extension-output-WallabyJs.quokka-vscode-%231-Quokka' NOT found
    at E.changeLanguage (/opt/vscodium-bin/resources/app/out/vs/workbench/api/node/extensionHostProcess.js:83:177455)
    at runMicrotasks (<anonymous>)
    at processTicksAndRejections (node:internal/process/task_queues:96:5)
[2022-06-18 19:21:45.925] [exthost] [error] Error: document 'output:extension-output-WallabyJs.quokka-vscode-%231-Quokka' NOT found
    at E.changeLanguage (/opt/vscodium-bin/resources/app/out/vs/workbench/api/node/extensionHostProcess.js:83:177455)
    at runMicrotasks (<anonymous>)
    at processTicksAndRejections (node:internal/process/task_queues:96:5)
[2022-06-18 19:21:45.925] [exthost] [error] Error: document 'output:extension-output-WallabyJs.quokka-vscode-%231-Quokka' NOT found
    at E.changeLanguage (/opt/vscodium-bin/resources/app/out/vs/workbench/api/node/extensionHostProcess.js:83:177455)
    at runMicrotasks (<anonymous>)
    at processTicksAndRejections (node:internal/process/task_queues:96:5)
[2022-06-18 19:21:45.925] [exthost] [error] Error: document 'output:extension-output-WallabyJs.quokka-vscode-%231-Quokka' NOT found
    at E.changeLanguage (/opt/vscodium-bin/resources/app/out/vs/workbench/api/node/extensionHostProcess.js:83:177455)
    at runMicrotasks (<anonymous>)
    at processTicksAndRejections (node:internal/process/task_queues:96:5)
[2022-06-18 19:21:45.925] [exthost] [error] Error: document 'output:extension-output-WallabyJs.quokka-vscode-%231-Quokka' NOT found
    at E.changeLanguage (/opt/vscodium-bin/resources/app/out/vs/workbench/api/node/extensionHostProcess.js:83:177455)
    at runMicrotasks (<anonymous>)
    at processTicksAndRejections (node:internal/process/task_queues:96:5)
[2022-06-18 19:21:45.926] [exthost] [error] Error: document 'output:extension-output-WallabyJs.quokka-vscode-%231-Quokka' NOT found
    at E.changeLanguage (/opt/vscodium-bin/resources/app/out/vs/workbench/api/node/extensionHostProcess.js:83:177455)
    at runMicrotasks (<anonymous>)
    at processTicksAndRejections (node:internal/process/task_queues:96:5)
[2022-06-18 19:21:45.926] [exthost] [error] Error: document 'output:extension-output-WallabyJs.quokka-vscode-%231-Quokka' NOT found
    at E.changeLanguage (/opt/vscodium-bin/resources/app/out/vs/workbench/api/node/extensionHostProcess.js:83:177455)
    at runMicrotasks (<anonymous>)
    at processTicksAndRejections (node:internal/process/task_queues:96:5)
[2022-06-18 19:21:45.926] [exthost] [error] Error: document 'output:extension-output-WallabyJs.quokka-vscode-%231-Quokka' NOT found
    at E.changeLanguage (/opt/vscodium-bin/resources/app/out/vs/workbench/api/node/extensionHostProcess.js:83:177455)
    at runMicrotasks (<anonymous>)
    at processTicksAndRejections (node:internal/process/task_queues:96:5)
[2022-06-18 19:21:45.926] [exthost] [error] Error: document 'output:extension-output-WallabyJs.quokka-vscode-%231-Quokka' NOT found
    at E.changeLanguage (/opt/vscodium-bin/resources/app/out/vs/workbench/api/node/extensionHostProcess.js:83:177455)
    at runMicrotasks (<anonymous>)
    at processTicksAndRejections (node:internal/process/task_queues:96:5)
[2022-06-18 19:21:45.926] [exthost] [error] Error: document 'output:extension-output-WallabyJs.quokka-vscode-%231-Quokka' NOT found
    at E.changeLanguage (/opt/vscodium-bin/resources/app/out/vs/workbench/api/node/extensionHostProcess.js:83:177455)
    at runMicrotasks (<anonymous>)
    at processTicksAndRejections (node:internal/process/task_queues:96:5)
[2022-06-18 19:21:45.926] [exthost] [error] Error: document 'output:extension-output-WallabyJs.quokka-vscode-%231-Quokka' NOT found
    at E.changeLanguage (/opt/vscodium-bin/resources/app/out/vs/workbench/api/node/extensionHostProcess.js:83:177455)
    at runMicrotasks (<anonymous>)
    at processTicksAndRejections (node:internal/process/task_queues:96:5)
[2022-06-18 19:21:45.927] [exthost] [error] Error: document 'output:extension-output-WallabyJs.quokka-vscode-%231-Quokka' NOT found
    at E.changeLanguage (/opt/vscodium-bin/resources/app/out/vs/workbench/api/node/extensionHostProcess.js:83:177455)
    at runMicrotasks (<anonymous>)
    at processTicksAndRejections (node:internal/process/task_queues:96:5)
[2022-06-18 19:21:45.927] [exthost] [error] Error: document 'output:extension-output-WallabyJs.quokka-vscode-%231-Quokka' NOT found
    at E.changeLanguage (/opt/vscodium-bin/resources/app/out/vs/workbench/api/node/extensionHostProcess.js:83:177455)
    at runMicrotasks (<anonymous>)
    at processTicksAndRejections (node:internal/process/task_queues:96:5)
[2022-06-18 19:21:45.927] [exthost] [error] Error: document 'output:extension-output-WallabyJs.quokka-vscode-%231-Quokka' NOT found
    at E.changeLanguage (/opt/vscodium-bin/resources/app/out/vs/workbench/api/node/extensionHostProcess.js:83:177455)
    at runMicrotasks (<anonymous>)
    at processTicksAndRejections (node:internal/process/task_queues:96:5)
[2022-06-18 19:21:45.927] [exthost] [error] Error: document 'output:extension-output-WallabyJs.quokka-vscode-%231-Quokka' NOT found
    at E.changeLanguage (/opt/vscodium-bin/resources/app/out/vs/workbench/api/node/extensionHostProcess.js:83:177455)
    at runMicrotasks (<anonymous>)
    at processTicksAndRejections (node:internal/process/task_queues:96:5)
[2022-06-18 19:21:45.927] [exthost] [error] Error: document 'output:extension-output-WallabyJs.quokka-vscode-%231-Quokka' NOT found
    at E.changeLanguage (/opt/vscodium-bin/resources/app/out/vs/workbench/api/node/extensionHostProcess.js:83:177455)
    at runMicrotasks (<anonymous>)
    at processTicksAndRejections (node:internal/process/task_queues:96:5)
[2022-06-18 19:21:45.928] [exthost] [error] Error: document 'output:extension-output-WallabyJs.quokka-vscode-%231-Quokka' NOT found
    at E.changeLanguage (/opt/vscodium-bin/resources/app/out/vs/workbench/api/node/extensionHostProcess.js:83:177455)
    at runMicrotasks (<anonymous>)
    at processTicksAndRejections (node:internal/process/task_queues:96:5)
[2022-06-18 19:21:45.964] [exthost] [error] Error: read ECONNRESET
    at Pipe.onStreamRead (node:internal/stream_base_commons:220:20)
[2022-06-18 19:21:45.971] [exthost] [info] Extension host with pid 17532 exiting with code 0
