["INFO" - 5:56:51 PM] Extension Name: esbenp.prettier-vscode.
["INFO" - 5:56:52 PM] Extension Version: 9.5.0.
["INFO" - 5:56:55 PM] Formatting file:///home/upalb/.config/VSCodium/Workspaces/1654163437602/workspace.json
["INFO" - 5:56:55 PM] File Info:
{
  "ignored": false,
  "inferredParser": "json"
}
["INFO" - 5:56:55 PM] No local configuration (i.e. .prettierrc or .editorconfig) detected, falling back to VS Code configuration
["INFO" - 5:56:55 PM] Prettier Options:
{
  "arrowParens": "always",
  "bracketSpacing": true,
  "endOfLine": "lf",
  "htmlWhitespaceSensitivity": "css",
  "insertPragma": false,
  "jsxBracketSameLine": false,
  "jsxSingleQuote": false,
  "printWidth": 80,
  "proseWrap": "preserve",
  "quoteProps": "as-needed",
  "requirePragma": false,
  "semi": true,
  "singleQuote": false,
  "tabWidth": 2,
  "trailingComma": "es5",
  "useTabs": false,
  "vueIndentScriptAndStyle": false,
  "filepath": "/home/upalb/.config/VSCodium/Workspaces/1654163437602/workspace.json",
  "parser": "json"
}
["INFO" - 5:56:56 PM] Formatting completed in 0.985ms.
["INFO" - 5:57:39 PM] Formatting file:///run/media/upalb/Miscellaneous/Code/index.html
["INFO" - 5:58:10 PM] Formatting file:///run/media/upalb/Miscellaneous/Code/index.html
["INFO" - 5:58:33 PM] Using ignore file (if present) at /run/media/upalb/Miscellaneous/Code/.prettierignore
["INFO" - 5:58:33 PM] Using ignore file (if present) at /run/media/upalb/Miscellaneous/Code/.prettierignore
["INFO" - 5:58:33 PM] File Info:
{
  "ignored": false,
  "inferredParser": "html"
}
["INFO" - 5:58:33 PM] No local configuration (i.e. .prettierrc or .editorconfig) detected, falling back to VS Code configuration
["INFO" - 5:58:33 PM] Prettier Options:
{
  "arrowParens": "always",
  "bracketSpacing": true,
  "endOfLine": "lf",
  "htmlWhitespaceSensitivity": "css",
  "insertPragma": false,
  "jsxBracketSameLine": false,
  "jsxSingleQuote": false,
  "printWidth": 80,
  "proseWrap": "preserve",
  "quoteProps": "as-needed",
  "requirePragma": false,
  "semi": true,
  "singleQuote": false,
  "tabWidth": 2,
  "trailingComma": "es5",
  "useTabs": false,
  "vueIndentScriptAndStyle": false,
  "filepath": "/run/media/upalb/Miscellaneous/Code/index.html",
  "parser": "html"
}
["INFO" - 5:58:34 PM] Formatting completed in 54.518ms.
["INFO" - 5:58:34 PM] File Info:
{
  "ignored": false,
  "inferredParser": "html"
}
["INFO" - 5:58:34 PM] No local configuration (i.e. .prettierrc or .editorconfig) detected, falling back to VS Code configuration
["INFO" - 5:58:34 PM] Prettier Options:
{
  "arrowParens": "always",
  "bracketSpacing": true,
  "endOfLine": "lf",
  "htmlWhitespaceSensitivity": "css",
  "insertPragma": false,
  "jsxBracketSameLine": false,
  "jsxSingleQuote": false,
  "printWidth": 80,
  "proseWrap": "preserve",
  "quoteProps": "as-needed",
  "requirePragma": false,
  "semi": true,
  "singleQuote": false,
  "tabWidth": 2,
  "trailingComma": "es5",
  "useTabs": false,
  "vueIndentScriptAndStyle": false,
  "filepath": "/run/media/upalb/Miscellaneous/Code/index.html",
  "parser": "html"
}
["INFO" - 5:58:34 PM] Formatting completed in 23.914ms.
