​​​​​​​Quokka 'Untitled-1.js' (node: v18.3.0)​​​​
​​​​​Quokka 'Untitled-1.js' (node: v18.3.0)​​​​
 
চং is not defined 
  ​​​​​at ​​​​​​quokka.js:1:1​
​​​​​Quokka 'Untitled-1.js' (node: v18.3.0)​​​​
​​​​​Quokka 'Untitled-1.js' (node: v18.3.0)​​​​
​​​​​Quokka 'Untitled-1.js' (node: v18.3.0)​​​​
 
con is not defined 
  ​​​​​at ​​​​​​quokka.js:1:1​
​​​​​Quokka 'Untitled-1.js' (node: v18.3.0)​​​​
​​​​​Quokka 'Untitled-1.js' (node: v18.3.0)​​​​
Failed to instrument quokka.js 
> 1 | const  
    |       ^ SyntaxError: Unexpected token (1:6) 
​​​​​Quokka 'Untitled-1.js' (node: v18.3.0)​​​​
Failed to instrument quokka.js 
> 1 | const set =  
    |             ^ SyntaxError: Unexpected token (1:12) 
​​​​​Quokka 'Untitled-1.js' (node: v18.3.0)​​​​
Failed to instrument quokka.js 
> 1 | const set = new  
    |                 ^ SyntaxError: Unexpected token (1:16) 
​​​​​Quokka 'Untitled-1.js' (node: v18.3.0)​​​​
​​​​​Quokka 'Untitled-1.js' (node: v18.3.0)​​​​
Failed to instrument quokka.js 
> 1 | const set = new Set)() 
    |                    ^ SyntaxError: Unexpected token (1:19) 
​​​​​Quokka 'Untitled-1.js' (node: v18.3.0)​​​​
​​​​​Quokka 'Untitled-1.js' (node: v18.3.0)​​​​
 
c is not defined 
  ​​​​​at ​​​​​​quokka.js:2:1​
​​​​​Quokka 'Untitled-1.js' (node: v18.3.0)​​​​
​​​​​Quokka 'Untitled-1.js' (node: v18.3.0)​​​​
​​​​​at ​​​​​​quokka.js:2:1​
​​​​​Quokka 'Untitled-1.js' (node: v18.3.0)​​​​

Set {  } ​​​​​at ​​​​​​​​set​​​ ​quokka.js:2:1​
​​​​​Quokka 'Untitled-1.js' (node: v18.3.0)​​​​

{ log: [λ],
  warn: [λ],
  dir: [λ],
  time: [λ: time],
  timeEnd: [λ: timeEnd],
  timeLog: [λ: timeLog],
  trace: [λ: trace],
  assert: [λ: assert],
  clear: [λ: clear],
  count: [λ: count],
  ... }
  ​​​​​at ​​​​​​​​console​​​ ​quokka.js:2:1​
​​​​​Quokka 'Untitled-1.js' (node: v18.3.0)​​​​
​​​​​Quokka 'Untitled-1.js' (node: v18.3.0)​​​​
Failed to instrument quokka.js 
> 1 | const  = new Set(); 
    |        ^ SyntaxError: Unexpected token (1:7) 
​​​​​Quokka 'Untitled-1.js' (node: v18.3.0)​​​​
​​​​​Quokka 'Untitled-1.js' (node: v18.3.0)​​​​
 
a is not defined 
  ​​​​​at ​​​​​​quokka.js:2:1​
​​​​​Quokka 'Untitled-1.js' (node: v18.3.0)​​​​
Failed to instrument quokka.js 
  1 | const aSet = new Set(); 
> 2 | aSet. 
    |      ^ SyntaxError: Unexpected token (2:5) 
​​​​​Quokka 'Untitled-1.js' (node: v18.3.0)​​​​
​​​​​Quokka 'Untitled-1.js' (node: v18.3.0)​​​​
​​​​​Quokka 'Untitled-1.js' (node: v18.3.0)​​​​
​​​​​at ​​​​​​quokka.js:3:1​
​​​​​Quokka 'Untitled-1.js' (node: v18.3.0)​​​​
 
as is not defined 
  ​​​​​at ​​​​​​quokka.js:3:1​
​​​​​Quokka 'Untitled-1.js' (node: v18.3.0)​​​​

Set { 'yay' } ​​​​​at ​​​​​​​​aSet​​​ ​quokka.js:3:1​
​​​​​Quokka 'Untitled-1.js' (node: v18.3.0)​​​​

Set { '' } ​​​​​at ​​​​​​​​aSet​​​ ​quokka.js:3:1​
​​​​​Quokka 'Untitled-1.js' (node: v18.3.0)​​​​

Set { 'Nishu kutto' }
  ​​​​​at ​​​​​​​​aSet​​​ ​quokka.js:3:1​
​​​​​Quokka 'Untitled-1.js' (node: v18.3.0)​​​​
​​​​​Quokka 'Untitled-1.js' (node: v18.3.0)​​​​
​​​​​Quokka 'Untitled-1.js' (node: v18.3.0)​​​​
​​​​​at ​​​​​​quokka.js:1:1​
​​​​​Quokka 'Untitled-1.js' (node: v18.3.0)​​​​
 
n is not defined 
  ​​​​​at ​​​​​​quokka.js:1:1​
​​​​​Quokka 'Untitled-1.js' (node: v18.3.0)​​​​
​​​​​at ​​​​​​quokka.js:1:1​
​​​​​Quokka 'Untitled-1.js' (node: v18.3.0)​​​​

Nishu ​​​​​at ​​​​​​quokka.js:1:1​
​​​​​Quokka 'Untitled-1.js' (node: v18.3.0)​​​​

Nishu kutto ​​​​​at ​​​​​​quokka.js:1:1​
​​​​​Quokka 'Untitled-1.js' (node: v18.3.0)​​​​
Failed to instrument quokka.js 
> 1 | console.log('Nishu kutto')! 
    |                           ^ SyntaxError: Unexpected token (1:26) 
​​​​​Quokka 'Untitled-1.js' (node: v18.3.0)​​​​

Nishu kutto ​​​​​at ​​​​​​quokka.js:1:1​
​​​​​Quokka 'Untitled-1.js' (node: v18.3.0)​​​​
​​​​​Quokka 'Untitled-1.js' (node: v18.3.0)​​​​

Nishu kutto ​​​​​at ​​​​​​quokka.js:1:1​
​​​​​Quokka 'Untitled-1.js' (node: v18.3.0)​​​​
Failed to instrument quokka.js 
> 1 | console.log('Nishu kutto')! 
    |                           ^ SyntaxError: Unexpected token (1:26) 
​​​​​Quokka 'Untitled-1.js' (node: v18.3.0)​​​​

Nishu kutto ​​​​​at ​​​​​​quokka.js:1:1​
​​​​​Quokka 'Untitled-1.js' (node: v18.3.0)​​​​

Nishu ​​​​​at ​​​​​​quokka.js:1:1​
​​​​​Quokka 'Untitled-1.js' (node: v18.3.0)​​​​
​​​​​at ​​​​​​quokka.js:1:1​
​​​​​Quokka 'Untitled-1.js' (node: v18.3.0)​​​​
 
n is not defined 
  ​​​​​at ​​​​​​quokka.js:1:1​
​​​​​Quokka 'Untitled-1.js' (node: v18.3.0)​​​​
​​​​​Quokka 'Untitled-1.js' (node: v18.3.0)​​​​
​​​​​at ​​​​​​quokka.js:1:1​
​​​​​Quokka 'Untitled-1.js' (node: v18.3.0)​​​​

yay ​​​​​at ​​​​​​quokka.js:1:1​
​​​​​Quokka 'Untitled-1.js' (node: v18.3.0)​​​​
​​​​​Quokka 'Untitled-1.js' (node: v18.3.0)​​​​
 
a is not defined 
  ​​​​​at ​​​​​​quokka.js:1:1​
​​​​​Quokka 'Untitled-1.js' (node: v18.3.0)​​​​
​​​​​Quokka 'Untitled-1.js' (node: v18.3.0)​​​​
 
cons is not defined 
  ​​​​​at ​​​​​​quokka.js:1:1​
​​​​​Quokka 'Untitled-1.js' (node: v18.3.0)​​​​
Failed to instrument quokka.js 
> 1 | const  
    |       ^ SyntaxError: Unexpected token (1:6) 
​​​​​Quokka 'Untitled-1.js' (node: v18.3.0)​​​​
Failed to instrument quokka.js 
> 1 | const a 
    |        ^ SyntaxError: Unexpected token (1:7) 
​​​​​Quokka 'Untitled-1.js' (node: v18.3.0)​​​​
Failed to instrument quokka.js 
> 1 | const aSet =  
    |              ^ SyntaxError: Unexpected token (1:13) 
​​​​​Quokka 'Untitled-1.js' (node: v18.3.0)​​​​
Failed to instrument quokka.js 
> 1 | const aSet = new  
    |                  ^ SyntaxError: Unexpected token (1:17) 
​​​​​Quokka 'Untitled-1.js' (node: v18.3.0)​​​​
​​​​​Quokka 'Untitled-1.js' (node: v18.3.0)​​​​
​​​​​Quokka 'Untitled-1.js' (node: v18.3.0)​​​​
​​​​​at ​​​​​​quokka.js:2:1​
​​​​​Quokka 'Untitled-1.js' (node: v18.3.0)​​​​
 
a is not defined 
  ​​​​​at ​​​​​​quokka.js:2:1​
​​​​​Quokka 'Untitled-1.js' (node: v18.3.0)​​​​
 
aset is not defined 
  ​​​​​at ​​​​​​quokka.js:2:1​
​​​​​Quokka 'Untitled-1.js' (node: v18.3.0)​​​​
 
aet is not defined 
  ​​​​​at ​​​​​​quokka.js:2:1​
​​​​​Quokka 'Untitled-1.js' (node: v18.3.0)​​​​

Set {  } ​​​​​at ​​​​​​​​aSet​​​ ​quokka.js:2:1​
​​​​​Quokka 'Untitled-1.js' (node: v18.3.0)​​​​

Set {  } ​​​​​at ​​​​​​​​aSet​​​ ​quokka.js:3:1​
​​​​​Quokka 'Untitled-1.js' (node: v18.3.0)​​​​

object ​​​​​at ​​​​​​​​typeof aSet​​​ ​quokka.js:3:1​
​​​​​Quokka 'Untitled-1.js' (node: v18.3.0)​​​​

Set {  } ​​​​​at ​​​​​​​​aSet​​​ ​quokka.js:3:1​
​​​​​Quokka 'Untitled-1.js' (node: v18.3.0)​​​​

Set {  } ​​​​​at ​​​​​​​​aSet​​​ ​quokka.js:4:1​
​​​​​Quokka 'Untitled-1.js' (node: v18.3.0)​​​​
 
a is not defined 
  ​​​​​at ​​​​​​quokka.js:2:1​
​​​​​Quokka 'Untitled-1.js' (node: v18.3.0)​​​​
 
Cannot read properties of undefined (reading 'log') 
  ​​​​​at ​​​​​​quokka.js:2:1​
​​​​​Quokka 'Untitled-1.js' (node: v18.3.0)​​​​

Set {  } ​​​​​at ​​​​​​​​aSet​​​ ​quokka.js:4:1​
​​​​​Quokka 'Untitled-1.js' (node: v18.3.0)​​​​

Set { undefined } ​​​​​at ​​​​​​​​aSet​​​ ​quokka.js:4:1​
​​​​​Quokka 'Untitled-1.js' (node: v18.3.0)​​​​

Set { '' } ​​​​​at ​​​​​​​​aSet​​​ ​quokka.js:4:1​
​​​​​Quokka 'Untitled-1.js' (node: v18.3.0)​​​​

Set { 'yay' } ​​​​​at ​​​​​​​​aSet​​​ ​quokka.js:4:1​
​​​​​Quokka 'Untitled-1.js' (node: v18.3.0)​​​​

Set { 'yay' } ​​​​​at ​​​​​​​​aSet​​​ ​quokka.js:5:1​
​​​​​Quokka 'Untitled-1.js' (node: v18.3.0)​​​​

Set { 'yay' } ​​​​​at ​​​​​​​​aSet​​​ ​quokka.js:6:1​
​​​​​Quokka 'Untitled-1.js' (node: v18.3.0)​​​​

Set { 'yay', 'ay' } ​​​​​at ​​​​​​​​aSet​​​ ​quokka.js:6:1​
​​​​​Quokka 'Untitled-1.js' (node: v18.3.0)​​​​

Set { 'yay', 'nay' } ​​​​​at ​​​​​​​​aSet​​​ ​quokka.js:6:1​
​​​​​Quokka 'Untitled-1.js' (node: v18.3.0)​​​​

Set { 'yay', 'nay' } ​​​​​at ​​​​​​​​aSet​​​ ​quokka.js:7:1​
​​​​​Quokka 'Untitled-1.js' (node: v18.3.0)​​​​

Set { 'yay', 'nay' } ​​​​​at ​​​​​​​​aSet​​​ ​quokka.js:8:1​
​​​​​Quokka 'Untitled-1.js' (node: v18.3.0)​​​​

Set { 'yay', 'nay' } ​​​​​at ​​​​​​​​aSet​​​ ​quokka.js:9:1​
​​​​​Quokka 'Untitled-1.js' (node: v18.3.0)​​​​

Set { 'yay', 'nay', 'ay' }
  ​​​​​at ​​​​​​​​aSet​​​ ​quokka.js:9:1​
​​​​​Quokka 'Untitled-1.js' (node: v18.3.0)​​​​

Set { 'yay', 'nay', 'aay' }
  ​​​​​at ​​​​​​​​aSet​​​ ​quokka.js:9:1​
​​​​​Quokka 'Untitled-1.js' (node: v18.3.0)​​​​

Set { 'yay', 'nay', 'aay', 'ay' }
  ​​​​​at ​​​​​​​​aSet​​​ ​quokka.js:9:1​
​​​​​Quokka 'Untitled-1.js' (node: v18.3.0)​​​​

Set { 'yay', 'nay', 'aay' }
  ​​​​​at ​​​​​​​​aSet​​​ ​quokka.js:9:1​
​​​​​Quokka 'Untitled-1.js' (node: v18.3.0)​​​​

Set { 'yay', 'nay', 'ay' }
  ​​​​​at ​​​​​​​​aSet​​​ ​quokka.js:9:1​
​​​​​Quokka 'Untitled-1.js' (node: v18.3.0)​​​​

Set { 'yay', 'nay' } ​​​​​at ​​​​​​​​aSet​​​ ​quokka.js:9:1​
​​​​​Quokka 'Untitled-1.js' (node: v18.3.0)​​​​

Set { 'yay', 'ay' } ​​​​​at ​​​​​​​​aSet​​​ ​quokka.js:9:1​
​​​​​Quokka 'Untitled-1.js' (node: v18.3.0)​​​​

Set { 'yay' } ​​​​​at ​​​​​​​​aSet​​​ ​quokka.js:9:1​
​​​​​Quokka 'Untitled-1.js' (node: v18.3.0)​​​​
​​​​​Quokka 'Untitled-1.js' (node: v18.3.0)​​​​
 
conso is not defined 
  ​​​​​at ​​​​​​quokka.js:1:1​
​​​​​Quokka 'Untitled-1.js' (node: v18.3.0)​​​​

{ log: [λ],
  warn: [λ],
  dir: [λ],
  time: [λ: time],
  timeEnd: [λ: timeEnd],
  timeLog: [λ: timeLog],
  trace: [λ: trace],
  assert: [λ: assert],
  clear: [λ: clear],
  count: [λ: count],
  ... }
  ​​​​​at ​​​​​​​​console​​​ ​quokka.js:1:1​
​​​​​Quokka 'Untitled-1.js' (node: v18.3.0)​​​​
Failed to instrument quokka.js 
> 1 | console. 
    |         ^ SyntaxError: Unexpected token (1:8) 
​​​​​Quokka 'Untitled-1.js' (node: v18.3.0)​​​​
​​​​​Quokka 'Untitled-1.js' (node: v18.3.0)​​​​
​​​​​at ​​​​​​quokka.js:1:1​
​​​​​Quokka 'Untitled-1.js' (node: v18.3.0)​​​​
 
type is not defined 
  ​​​​​at ​​​​​​quokka.js:1:1​
​​​​​Quokka 'Untitled-1.js' (node: v18.3.0)​​​​
 
typef is not defined 
  ​​​​​at ​​​​​​quokka.js:1:1​
​​​​​Quokka 'Untitled-1.js' (node: v18.3.0)​​​​
Failed to instrument quokka.js 
> 1 | console.log(typeof ) 
    |                    ^ SyntaxError: Unexpected token (1:19) 
​​​​​Quokka 'Untitled-1.js' (node: v18.3.0)​​​​
Failed to instrument quokka.js 
> 1 | console.log(typeof typeof) 
    |                          ^ SyntaxError: Unexpected token (1:25) 
​​​​​Quokka 'Untitled-1.js' (node: v18.3.0)​​​​
Failed to instrument quokka.js 
> 1 | console.log(typeof ) 
    |                    ^ SyntaxError: Unexpected token (1:19) 
​​​​​Quokka 'Untitled-1.js' (node: v18.3.0)​​​​

number ​​​​​at ​​​​​​​​typeof 12​​​ ​quokka.js:1:1​
​​​​​Quokka 'Untitled-1.js' (node: v18.3.0)​​​​
Failed to instrument quokka.js 
> 1 | console.log(typeof ) 
    |                    ^ SyntaxError: Unexpected token (1:19) 
​​​​​Quokka 'Untitled-1.js' (node: v18.3.0)​​​​

undefined ​​​​​at ​​​​​​​​typeof djfa​​​ ​quokka.js:1:1​
​​​​​Quokka 'Untitled-1.js' (node: v18.3.0)​​​​
Failed to instrument quokka.js 
> 1 | console.log(typeof ) 
    |                    ^ SyntaxError: Unexpected token (1:19) 
​​​​​Quokka 'Untitled-1.js' (node: v18.3.0)​​​​

string ​​​​​at ​​​​​​​​typeof 'dfa'​​​ ​quokka.js:1:1​
​​​​​Quokka 'Untitled-1.js' (node: v18.3.0)​​​​

string ​​​​​at ​​​​​​​​typeof ''​​​ ​quokka.js:1:1​
​​​​​Quokka 'Untitled-1.js' (node: v18.3.0)​​​​
Failed to instrument quokka.js 
> 1 | console.log(typeof ) 
    |                    ^ SyntaxError: Unexpected token (1:19) 
​​​​​Quokka 'Untitled-1.js' (node: v18.3.0)​​​​

object ​​​​​at ​​​​​​​​typeof {}​​​ ​quokka.js:1:1​
​​​​​Quokka 'Untitled-1.js' (node: v18.3.0)​​​​
Failed to instrument quokka.js 
> 1 | console.log(typeof ) 
    |                    ^ SyntaxError: Unexpected token (1:19) 
​​​​​Quokka 'Untitled-1.js' (node: v18.3.0)​​​​

object ​​​​​at ​​​​​​​​typeof []​​​ ​quokka.js:1:1​
​​​​​Quokka 'Untitled-1.js' (node: v18.3.0)​​​​
Failed to instrument quokka.js 
> 1 | console.log(typeof ) 
    |                    ^ SyntaxError: Unexpected token (1:19) 
​​​​​Quokka 'Untitled-1.js' (node: v18.3.0)​​​​

undefined ​​​​​at ​​​​​​​​typeof f​​​ ​quokka.js:1:1​
​​​​​Quokka 'Untitled-1.js' (node: v18.3.0)​​​​
Failed to instrument quokka.js 
> 1 | console.log(typeof ) 
    |                    ^ SyntaxError: Unexpected token (1:19) 
​​​​​Quokka 'Untitled-1.js' (node: v18.3.0)​​​​
Failed to instrument quokka.js 
> 1 | console.log(typeof ()) 
    |                     ^ SyntaxError: Unexpected token (1:20) 
​​​​​Quokka 'Untitled-1.js' (node: v18.3.0)​​​​
Failed to instrument quokka.js 
> 1 | console.log(typeof () ) 
    |                     ^ SyntaxError: Unexpected token (1:20) 
​​​​​Quokka 'Untitled-1.js' (node: v18.3.0)​​​​
Failed to instrument quokka.js 
> 1 | console.log(typeof () =) 
    |                     ^ SyntaxError: Unexpected token (1:20) 
​​​​​Quokka 'Untitled-1.js' (node: v18.3.0)​​​​
Failed to instrument quokka.js 
> 1 | console.log(typeof () => ) 
    |                     ^ SyntaxError: Unexpected token (1:20) 
​​​​​Quokka 'Untitled-1.js' (node: v18.3.0)​​​​
Failed to instrument quokka.js 
> 1 | console.log(typeof () => {}) 
    |                     ^ SyntaxError: Unexpected token (1:20) 
​​​​​Quokka 'Untitled-1.js' (node: v18.3.0)​​​​
Failed to instrument quokka.js 
> 1 | console.log(typeof () => { 
    |                     ^ SyntaxError: Unexpected token (1:20) 
  2 |    
  3 | }) 
​​​​​Quokka 'Untitled-1.js' (node: v18.3.0)​​​​
Failed to instrument quokka.js 
> 1 | console.log(typeof () => { 
    |                     ^ SyntaxError: Unexpected token (1:20) 
  2 |   f 
  3 | }) 
​​​​​Quokka 'Untitled-1.js' (node: v18.3.0)​​​​
Failed to instrument quokka.js 
> 1 | console.log(typeof () => { 
    |                     ^ SyntaxError: Unexpected token (1:20) 
  2 |   fdf 
  3 | }) 
​​​​​Quokka 'Untitled-1.js' (node: v18.3.0)​​​​
Failed to instrument quokka.js 
> 1 | console.log(typeof () => { 
    |                     ^ SyntaxError: Unexpected token (1:20) 
  2 |   fd 
  3 | }) 
​​​​​Quokka 'Untitled-1.js' (node: v18.3.0)​​​​
Failed to instrument quokka.js 
> 1 | console.log(typeof () => { 
    |                     ^ SyntaxError: Unexpected token (1:20) 
  2 |   fdlasjkd 
  3 | }) 
​​​​​Quokka 'Untitled-1.js' (node: v18.3.0)​​​​
​​​​​Quokka 'Untitled-1.js' (node: v18.3.0)​​​​
 
fun is not defined 
  ​​​​​at ​​​​​​quokka.js:1:1​
​​​​​Quokka 'Untitled-1.js' (node: v18.3.0)​​​​
 
f is not defined 
  ​​​​​at ​​​​​​quokka.js:1:1​
​​​​​Quokka 'Untitled-1.js' (node: v18.3.0)​​​​
​​​​​Quokka 'Untitled-1.js' (node: v18.3.0)​​​​
 
func is not defined 
  ​​​​​at ​​​​​​quokka.js:1:1​
​​​​​Quokka 'Untitled-1.js' (node: v18.3.0)​​​​
Failed to instrument quokka.js 
> 1 | function say 
    |             ^ SyntaxError: Unexpected token (1:12) 
​​​​​Quokka 'Untitled-1.js' (node: v18.3.0)​​​​
Failed to instrument quokka.js 
> 1 | function sayhell 
    |                 ^ SyntaxError: Unexpected token (1:16) 
​​​​​Quokka 'Untitled-1.js' (node: v18.3.0)​​​​
Failed to instrument quokka.js 
> 1 | function say 
    |             ^ SyntaxError: Unexpected token (1:12) 
​​​​​Quokka 'Untitled-1.js' (node: v18.3.0)​​​​
Failed to instrument quokka.js 
> 1 | function sayH 
    |              ^ SyntaxError: Unexpected token (1:13) 
​​​​​Quokka 'Untitled-1.js' (node: v18.3.0)​​​​
Failed to instrument quokka.js 
> 1 | function sayHi 
    |               ^ SyntaxError: Unexpected token (1:14) 
​​​​​Quokka 'Untitled-1.js' (node: v18.3.0)​​​​
Failed to instrument quokka.js 
> 1 | function sayHi  
    |                ^ SyntaxError: Unexpected token (1:15) 
​​​​​Quokka 'Untitled-1.js' (node: v18.3.0)​​​​
Failed to instrument quokka.js 
> 1 | function sayHi 
    |               ^ SyntaxError: Unexpected token (1:14) 
​​​​​Quokka 'Untitled-1.js' (node: v18.3.0)​​​​
Failed to instrument quokka.js 
> 1 | function sayHi* 
    |               ^ SyntaxError: Unexpected token (1:14) 
​​​​​Quokka 'Untitled-1.js' (node: v18.3.0)​​​​
Failed to instrument quokka.js 
> 1 | function sayHi 
    |               ^ SyntaxError: Unexpected token (1:14) 
​​​​​Quokka 'Untitled-1.js' (node: v18.3.0)​​​​
Failed to instrument quokka.js 
> 1 | function sayHi() 
    |                 ^ SyntaxError: Unexpected token (1:16) 
​​​​​Quokka 'Untitled-1.js' (node: v18.3.0)​​​​
Failed to instrument quokka.js 
> 1 | function sayHi()  
    |                  ^ SyntaxError: Unexpected token (1:17) 
​​​​​Quokka 'Untitled-1.js' (node: v18.3.0)​​​​
​​​​​Quokka 'Untitled-1.js' (node: v18.3.0)​​​​
Failed to instrument quokka.js 
  1 | function sayHi() { 
  2 |   console. 
> 3 | } 
    | ^ SyntaxError: Unexpected token (3:0) 
​​​​​Quokka 'Untitled-1.js' (node: v18.3.0)​​​​
​​​​​Quokka 'Untitled-1.js' (node: v18.3.0)​​​​
​​​​​Quokka 'Untitled-1.js' (node: v18.3.0)​​​​
Failed to instrument quokka.js 
  3 | } 
  4 |  
> 5 | console. 
    |         ^ SyntaxError: Unexpected token (5:8) 
​​​​​Quokka 'Untitled-1.js' (node: v18.3.0)​​​​
​​​​​Quokka 'Untitled-1.js' (node: v18.3.0)​​​​
​​​​​at ​​​​​​quokka.js:5:1​
​​​​​Quokka 'Untitled-1.js' (node: v18.3.0)​​​​
 
tyo is not defined 
  ​​​​​at ​​​​​​quokka.js:5:1​
​​​​​Quokka 'Untitled-1.js' (node: v18.3.0)​​​​
 
ty is not defined 
  ​​​​​at ​​​​​​quokka.js:5:1​
​​​​​Quokka 'Untitled-1.js' (node: v18.3.0)​​​​
Failed to instrument quokka.js 
  3 | } 
  4 |  
> 5 | console.log(typeof) 
    |                   ^ SyntaxError: Unexpected token (5:18) 
​​​​​Quokka 'Untitled-1.js' (node: v18.3.0)​​​​
Failed to instrument quokka.js 
  3 | } 
  4 |  
> 5 | console.log(typeof ) 
    |                    ^ SyntaxError: Unexpected token (5:19) 
​​​​​Quokka 'Untitled-1.js' (node: v18.3.0)​​​​

undefined ​​​​​at ​​​​​​​​typeof say​​​ ​quokka.js:5:1​
​​​​​Quokka 'Untitled-1.js' (node: v18.3.0)​​​​

function ​​​​​at ​​​​​​​​typeof sayHi​​​ ​quokka.js:5:1​
​​​​​Quokka 'Untitled-1.js' (node: v18.3.0)​​​​
Failed to instrument quokka.js 
> 1 | sayHi() { 
    |         ^ SyntaxError: Unexpected token (1:8) 
  2 |   console.log('Hi'); 
  3 | } 
  4 |  
​​​​​Quokka 'Untitled-1.js' (node: v18.3.0)​​​​
Failed to instrument quokka.js 
> 1 | const sayHi() { 
    |            ^ SyntaxError: Unexpected token (1:11) 
  2 |   console.log('Hi'); 
  3 | } 
  4 |  
​​​​​Quokka 'Untitled-1.js' (node: v18.3.0)​​​​
Failed to instrument quokka.js 
> 1 | const sayHi () { 
    |             ^ SyntaxError: Unexpected token (1:12) 
  2 |   console.log('Hi'); 
  3 | } 
  4 |  
​​​​​Quokka 'Untitled-1.js' (node: v18.3.0)​​​​
Failed to instrument quokka.js 
> 1 | const sayHi = () { 
    |                ^ SyntaxError: Unexpected token (1:15) 
  2 |   console.log('Hi'); 
  3 | } 
  4 |  
​​​​​Quokka 'Untitled-1.js' (node: v18.3.0)​​​​
Failed to instrument quokka.js 
> 1 | const sayHi = () = { 
    |                ^ SyntaxError: Unexpected token (1:15) 
  2 |   console.log('Hi'); 
  3 | } 
  4 |  
​​​​​Quokka 'Untitled-1.js' (node: v18.3.0)​​​​

function ​​​​​at ​​​​​​​​typeof sayHi​​​ ​quokka.js:5:1​
​