[2022-07-05T15:23:53.686Z] Log level: Info
[2022-07-05T15:23:53.688Z] [info] Validating found git in: git
[2022-07-05T15:23:53.794Z] [info] Using git 2.37.0 from git
[2022-07-05T15:23:53.880Z] > git rev-parse --show-toplevel [38ms]
[2022-07-05T15:23:53.880Z] fatal: not a git repository (or any parent up to mount point /run/media/upalb)
Stopping at filesystem boundary (GIT_DISCOVERY_ACROSS_FILESYSTEM not set).
[2022-07-05T15:23:54.400Z] > git rev-parse --show-toplevel [489ms]
[2022-07-05T15:23:54.400Z] fatal: not a git repository (or any parent up to mount point /run/media/upalb)
Stopping at filesystem boundary (GIT_DISCOVERY_ACROSS_FILESYSTEM not set).
[2022-07-05T15:23:54.447Z] > git rev-parse --show-toplevel [17ms]
[2022-07-05T15:23:54.447Z] fatal: not a git repository (or any parent up to mount point /run/media/upalb)
Stopping at filesystem boundary (GIT_DISCOVERY_ACROSS_FILESYSTEM not set).
[2022-07-05T15:23:54.560Z] > git rev-parse --show-toplevel [18ms]
[2022-07-05T15:23:54.560Z] fatal: not a git repository (or any parent up to mount point /run/media/upalb)
Stopping at filesystem boundary (GIT_DISCOVERY_ACROSS_FILESYSTEM not set).
[2022-07-05T15:23:54.638Z] > git rev-parse --show-toplevel [29ms]
[2022-07-05T15:23:54.727Z] > git rev-parse --git-dir --git-common-dir [38ms]
[2022-07-05T15:23:54.744Z] [info] Open repository: /run/media/upalb/Miscellaneous/Code/Programming-Hero/Module-04_portfolio
[2022-07-05T15:23:54.933Z] > git status -z -uall [116ms]
[2022-07-05T15:23:54.975Z] > git rev-parse --show-toplevel [113ms]
[2022-07-05T15:23:54.975Z] fatal: unsafe repository ('/run/media/upalb/Miscellaneous/Code/Programming-Hero/programing_hero_prj2' is owned by someone else)
To add an exception for this directory, call:

	git config --global --add safe.directory /run/media/upalb/Miscellaneous/Code/Programming-Hero/programing_hero_prj2
[2022-07-05T15:23:55.014Z] > git rev-parse --show-toplevel [7ms]
[2022-07-05T15:23:55.014Z] fatal: not a git repository (or any parent up to mount point /run/media/upalb)
Stopping at filesystem boundary (GIT_DISCOVERY_ACROSS_FILESYSTEM not set).
[2022-07-05T15:23:55.058Z] > git symbolic-ref --short HEAD [84ms]
[2022-07-05T15:23:55.117Z] > git rev-parse --show-toplevel [60ms]
[2022-07-05T15:23:55.117Z] fatal: not a git repository (or any parent up to mount point /run/media/upalb)
Stopping at filesystem boundary (GIT_DISCOVERY_ACROSS_FILESYSTEM not set).
[2022-07-05T15:23:55.143Z] > git for-each-ref --format=%(refname)%00%(upstream:short)%00%(objectname)%00%(upstream:track)%00%(upstream:remotename)%00%(upstream:remoteref) refs/heads/main refs/remotes/main [39ms]
[2022-07-05T15:23:55.267Z] > git rev-parse --show-toplevel [126ms]
[2022-07-05T15:23:55.267Z] fatal: not a git repository (or any parent up to mount point /run/media/upalb)
Stopping at filesystem boundary (GIT_DISCOVERY_ACROSS_FILESYSTEM not set).
[2022-07-05T15:23:55.382Z] > git rev-parse --show-toplevel [80ms]
[2022-07-05T15:23:55.382Z] fatal: not a git repository (or any parent up to mount point /run/media/upalb)
Stopping at filesystem boundary (GIT_DISCOVERY_ACROSS_FILESYSTEM not set).
[2022-07-05T15:23:55.415Z] > git remote --verbose [179ms]
[2022-07-05T15:23:55.416Z] > git for-each-ref --sort -committerdate --format %(refname) %(objectname) %(*objectname) [245ms]
[2022-07-05T15:23:55.538Z] > git rev-parse --show-toplevel [124ms]
[2022-07-05T15:23:55.538Z] fatal: not a git repository (or any parent up to mount point /run/media/upalb)
Stopping at filesystem boundary (GIT_DISCOVERY_ACROSS_FILESYSTEM not set).
[2022-07-05T15:23:55.573Z] > git config --get commit.template [42ms]
[2022-07-05T15:23:55.620Z] > git rev-parse --show-toplevel [49ms]
[2022-07-05T15:23:55.620Z] fatal: not a git repository (or any parent up to mount point /run/media/upalb)
Stopping at filesystem boundary (GIT_DISCOVERY_ACROSS_FILESYSTEM not set).
[2022-07-05T15:23:55.692Z] > git rev-parse --show-toplevel [48ms]
[2022-07-05T15:23:55.692Z] fatal: not a git repository (or any parent up to mount point /run/media/upalb)
Stopping at filesystem boundary (GIT_DISCOVERY_ACROSS_FILESYSTEM not set).
[2022-07-05T15:23:55.736Z] > git rev-parse --show-toplevel [19ms]
[2022-07-05T15:23:55.736Z] fatal: not a git repository (or any parent up to mount point /run/media/upalb)
Stopping at filesystem boundary (GIT_DISCOVERY_ACROSS_FILESYSTEM not set).
[2022-07-05T15:24:34.942Z] > git rev-parse --show-toplevel [22ms]
[2022-07-05T15:24:34.942Z] fatal: not a git repository (or any parent up to mount point /run/media/upalb)
Stopping at filesystem boundary (GIT_DISCOVERY_ACROSS_FILESYSTEM not set).
[2022-07-05T15:24:34.992Z] > git rev-parse --show-toplevel [26ms]
[2022-07-05T15:24:34.992Z] fatal: not a git repository (or any parent up to mount point /run/media/upalb)
Stopping at filesystem boundary (GIT_DISCOVERY_ACROSS_FILESYSTEM not set).
[2022-07-05T15:25:56.089Z] > git rev-parse --show-toplevel [76ms]
[2022-07-05T15:25:56.459Z] > git rev-parse --git-dir --git-common-dir [337ms]
[2022-07-05T15:25:56.472Z] [info] Open repository: /run/media/upalb/Miscellaneous/Code/Programming-Hero/Module-04.5_eat-healthy/Eat-Healthy
[2022-07-05T15:25:56.848Z] > git status -z -uall [320ms]
[2022-07-05T15:25:56.976Z] > git symbolic-ref --short HEAD [115ms]
[2022-07-05T15:25:56.997Z] > git show --textconv :index.html [168ms]
[2022-07-05T15:25:56.998Z] > git ls-files --stage -- /run/media/upalb/Miscellaneous/Code/Programming-Hero/Module-04.5_eat-healthy/Eat-Healthy/index.html [152ms]
[2022-07-05T15:25:57.101Z] > git cat-file -s e69de29bb2d1d6434b8b29ae775ad8c2e48c5391 [74ms]
[2022-07-05T15:25:57.114Z] > git check-ignore -v -z --stdin [36ms]
[2022-07-05T15:25:57.131Z] > git for-each-ref --format=%(refname)%00%(upstream:short)%00%(objectname)%00%(upstream:track)%00%(upstream:remotename)%00%(upstream:remoteref) refs/heads/main refs/remotes/main [136ms]
[2022-07-05T15:25:57.200Z] > git remote --verbose [19ms]
[2022-07-05T15:25:57.269Z] > git for-each-ref --sort -committerdate --format %(refname) %(objectname) %(*objectname) [112ms]
[2022-07-05T15:25:57.367Z] > git config --get commit.template [36ms]
[2022-07-05T15:26:40.193Z] > git rev-parse --show-toplevel [23ms]
[2022-07-05T15:26:40.193Z] fatal: not a git repository (or any parent up to mount point /run/media/upalb)
Stopping at filesystem boundary (GIT_DISCOVERY_ACROSS_FILESYSTEM not set).
[2022-07-05T15:26:40.249Z] > git rev-parse --show-toplevel [8ms]
[2022-07-05T15:26:40.249Z] fatal: not a git repository (or any parent up to mount point /run/media/upalb)
Stopping at filesystem boundary (GIT_DISCOVERY_ACROSS_FILESYSTEM not set).
