[2022-07-05 21:22:57.075] [sharedprocess] [info] Starting worker process with pid 898 (type: fileWatcher, window: 1).
[2022-07-05 21:22:59.955] [sharedprocess] [warning] SharedProcess: createWorker found an existing worker that will be terminated (window: 1, moduleId: vs/platform/files/node/watcher/watcherMain)
[2022-07-05 21:23:00.107] [sharedprocess] [info] Worker process with pid 898 terminated normally (type: fileWatcher, window: 1).
[2022-07-05 21:23:00.108] [sharedprocess] [info] Starting worker process with pid 972 (type: fileWatcher, window: 1).
[2022-07-05 21:23:00.976] [sharedprocess] [warning] SharedProcess: createWorker found an existing worker that will be terminated (window: 1, moduleId: vs/platform/files/node/watcher/watcherMain)
[2022-07-05 21:23:00.977] [sharedprocess] [info] Worker process with pid 972 terminated normally (type: fileWatcher, window: 1).
[2022-07-05 21:23:01.015] [sharedprocess] [info] Starting worker process with pid 995 (type: fileWatcher, window: 1).
[2022-07-05 21:23:01.472] [sharedprocess] [warning] SharedProcess: createWorker found an existing worker that will be terminated (window: 1, moduleId: vs/platform/files/node/watcher/watcherMain)
[2022-07-05 21:23:01.478] [sharedprocess] [info] Worker process with pid 995 terminated normally (type: fileWatcher, window: 1).
[2022-07-05 21:23:01.530] [sharedprocess] [info] Starting worker process with pid 1012 (type: fileWatcher, window: 1).
[2022-07-05 21:23:02.015] [sharedprocess] [warning] SharedProcess: createWorker found an existing worker that will be terminated (window: 1, moduleId: vs/platform/files/node/watcher/watcherMain)
[2022-07-05 21:23:02.017] [sharedprocess] [info] Worker process with pid 1012 terminated normally (type: fileWatcher, window: 1).
[2022-07-05 21:23:02.036] [sharedprocess] [info] Starting worker process with pid 1030 (type: fileWatcher, window: 1).
[2022-07-05 21:23:02.958] [sharedprocess] [warning] SharedProcess: createWorker found an existing worker that will be terminated (window: 1, moduleId: vs/platform/files/node/watcher/watcherMain)
[2022-07-05 21:23:02.961] [sharedprocess] [info] Worker process with pid 1030 terminated normally (type: fileWatcher, window: 1).
[2022-07-05 21:23:02.973] [sharedprocess] [info] Starting worker process with pid 1057 (type: fileWatcher, window: 1).
[2022-07-05 21:23:17.003] [sharedprocess] [info] Uninstalling extension: ritwickdey.liveserver
[2022-07-05 21:23:18.054] [sharedprocess] [info] Successfully uninstalled extension: ritwickdey.liveserver
[2022-07-05 21:23:26.216] [sharedprocess] [info] Getting Manifest... yandeu.five-server
[2022-07-05 21:23:26.760] [sharedprocess] [info] Installing extension: yandeu.five-server
[2022-07-05 21:23:35.333] [sharedprocess] [info] Downloaded extension: yandeu.five-server /home/upalb/.config/VSCodium/CachedExtensionVSIXs/yandeu.five-server-0.1.4
[2022-07-05 21:23:39.748] [sharedprocess] [info] Extracted extension to /home/upalb/.vscode-oss/extensions/.5d32a63c-e0a3-4b0c-8405-fb96877b83cd: yandeu.five-server
[2022-07-05 21:23:39.862] [sharedprocess] [info] Renamed to /home/upalb/.vscode-oss/extensions/yandeu.five-server-0.1.4
[2022-07-05 21:23:39.865] [sharedprocess] [info] Extracting completed. yandeu.five-server
[2022-07-05 21:23:39.872] [sharedprocess] [info] Extension installed successfully: yandeu.five-server
[2022-07-05 21:23:43.678] [sharedprocess] [info] Worker process with pid 1057 terminated normally (type: fileWatcher, window: 1).
[2022-07-05 21:23:46.766] [sharedprocess] [info] Starting worker process with pid 1192 (type: fileWatcher, window: 1).
[2022-07-05 21:23:48.199] [sharedprocess] [warning] SharedProcess: createWorker found an existing worker that will be terminated (window: 1, moduleId: vs/platform/files/node/watcher/watcherMain)
[2022-07-05 21:23:48.294] [sharedprocess] [info] Worker process with pid 1192 terminated normally (type: fileWatcher, window: 1).
[2022-07-05 21:23:48.305] [sharedprocess] [info] Starting worker process with pid 1219 (type: fileWatcher, window: 1).
[2022-07-05 21:23:50.411] [sharedprocess] [warning] SharedProcess: createWorker found an existing worker that will be terminated (window: 1, moduleId: vs/platform/files/node/watcher/watcherMain)
[2022-07-05 21:23:50.524] [sharedprocess] [info] Worker process with pid 1219 terminated normally (type: fileWatcher, window: 1).
[2022-07-05 21:23:50.527] [sharedprocess] [info] Starting worker process with pid 1240 (type: fileWatcher, window: 1).
[2022-07-05 21:23:51.528] [sharedprocess] [warning] SharedProcess: createWorker found an existing worker that will be terminated (window: 1, moduleId: vs/platform/files/node/watcher/watcherMain)
[2022-07-05 21:23:51.531] [sharedprocess] [info] Worker process with pid 1240 terminated normally (type: fileWatcher, window: 1).
[2022-07-05 21:23:51.559] [sharedprocess] [info] Starting worker process with pid 1268 (type: fileWatcher, window: 1).
[2022-07-05 21:23:52.652] [sharedprocess] [warning] SharedProcess: createWorker found an existing worker that will be terminated (window: 1, moduleId: vs/platform/files/node/watcher/watcherMain)
[2022-07-05 21:23:52.665] [sharedprocess] [info] Worker process with pid 1268 terminated normally (type: fileWatcher, window: 1).
[2022-07-05 21:23:52.904] [sharedprocess] [info] Starting worker process with pid 1299 (type: fileWatcher, window: 1).
[2022-07-05 21:23:53.531] [sharedprocess] [warning] SharedProcess: createWorker found an existing worker that will be terminated (window: 1, moduleId: vs/platform/files/node/watcher/watcherMain)
[2022-07-05 21:23:53.532] [sharedprocess] [info] Worker process with pid 1299 terminated normally (type: fileWatcher, window: 1).
[2022-07-05 21:23:53.565] [sharedprocess] [info] Starting worker process with pid 1314 (type: fileWatcher, window: 1).
[2022-07-05 21:26:37.818] [sharedprocess] [info] Getting Manifest... ritwickdey.liveserver
[2022-07-05 21:26:38.284] [sharedprocess] [info] Installing extension: ritwickdey.liveserver
[2022-07-05 21:26:39.400] [sharedprocess] [info] Uninstalling extension: yandeu.five-server
[2022-07-05 21:26:39.407] [sharedprocess] [info] Downloaded extension: ritwickdey.liveserver /home/upalb/.config/VSCodium/CachedExtensionVSIXs/ritwickdey.liveserver-5.7.5
[2022-07-05 21:26:39.694] [sharedprocess] [info] Removed the extension from uninstalled list: ritwickdey.liveserver
[2022-07-05 21:26:39.739] [sharedprocess] [info] Extension installed successfully: ritwickdey.liveserver
[2022-07-05 21:26:40.131] [sharedprocess] [info] Successfully uninstalled extension: yandeu.five-server
[2022-07-05 21:27:20.582] [sharedprocess] [info] Worker process with pid 1314 terminated normally (type: fileWatcher, window: 1).
[2022-07-05 21:27:23.684] [sharedprocess] [info] Starting worker process with pid 2072 (type: fileWatcher, window: 1).
[2022-07-05 21:27:24.873] [sharedprocess] [warning] SharedProcess: createWorker found an existing worker that will be terminated (window: 1, moduleId: vs/platform/files/node/watcher/watcherMain)
[2022-07-05 21:27:24.979] [sharedprocess] [info] Worker process with pid 2072 terminated normally (type: fileWatcher, window: 1).
[2022-07-05 21:27:24.981] [sharedprocess] [info] Starting worker process with pid 2093 (type: fileWatcher, window: 1).
[2022-07-05 21:27:27.078] [sharedprocess] [warning] SharedProcess: createWorker found an existing worker that will be terminated (window: 1, moduleId: vs/platform/files/node/watcher/watcherMain)
[2022-07-05 21:27:27.108] [sharedprocess] [info] Worker process with pid 2093 terminated normally (type: fileWatcher, window: 1).
[2022-07-05 21:27:27.158] [sharedprocess] [info] Starting worker process with pid 2109 (type: fileWatcher, window: 1).
[2022-07-05 21:27:28.590] [sharedprocess] [warning] SharedProcess: createWorker found an existing worker that will be terminated (window: 1, moduleId: vs/platform/files/node/watcher/watcherMain)
[2022-07-05 21:27:28.598] [sharedprocess] [info] Worker process with pid 2109 terminated normally (type: fileWatcher, window: 1).
[2022-07-05 21:27:28.756] [sharedprocess] [info] Starting worker process with pid 2143 (type: fileWatcher, window: 1).
[2022-07-05 21:27:30.045] [sharedprocess] [warning] SharedProcess: createWorker found an existing worker that will be terminated (window: 1, moduleId: vs/platform/files/node/watcher/watcherMain)
[2022-07-05 21:27:30.046] [sharedprocess] [info] Worker process with pid 2143 terminated normally (type: fileWatcher, window: 1).
[2022-07-05 21:27:30.071] [sharedprocess] [info] Starting worker process with pid 2177 (type: fileWatcher, window: 1).
[2022-07-05 21:27:30.731] [sharedprocess] [warning] SharedProcess: createWorker found an existing worker that will be terminated (window: 1, moduleId: vs/platform/files/node/watcher/watcherMain)
[2022-07-05 21:27:30.731] [sharedprocess] [info] Worker process with pid 2177 terminated normally (type: fileWatcher, window: 1).
[2022-07-05 21:27:30.760] [sharedprocess] [info] Starting worker process with pid 2192 (type: fileWatcher, window: 1).
