[2022-06-02 23:30:59.424] [renderer1] [warning] Via 'product.json#extensionEnabledApiProposals' extension 'ms-vsliveshare.vsliveshare' wants API proposal 'notebookDocumentEvents' but that proposal DOES NOT EXIST. Likely, the proposal has been finalized (check 'vscode.d.ts') or was abandoned.
[2022-06-02 23:30:59.472] [renderer1] [warning] Via 'product.json#extensionEnabledApiProposals' extension 'ms-dotnettools.dotnet-interactive-vscode' wants API proposal 'notebookConcatTextDocument' but that proposal DOES NOT EXIST. Likely, the proposal has been finalized (check 'vscode.d.ts') or was abandoned.
[2022-06-02 23:30:59.473] [renderer1] [warning] Via 'product.json#extensionEnabledApiProposals' extension 'ms-python.vscode-pylance' wants API proposal 'notebookDocumentEvents' but that proposal DOES NOT EXIST. Likely, the proposal has been finalized (check 'vscode.d.ts') or was abandoned.
[2022-06-02 23:30:59.473] [renderer1] [warning] Via 'product.json#extensionEnabledApiProposals' extension 'ms-toolsai.jupyter' wants API proposal 'notebookConcatTextDocument' but that proposal DOES NOT EXIST. Likely, the proposal has been finalized (check 'vscode.d.ts') or was abandoned.
[2022-06-02 23:30:59.474] [renderer1] [warning] Via 'product.json#extensionEnabledApiProposals' extension 'ms-toolsai.jupyter' wants API proposal 'notebookDocumentEvents' but that proposal DOES NOT EXIST. Likely, the proposal has been finalized (check 'vscode.d.ts') or was abandoned.
[2022-06-02 23:30:59.474] [renderer1] [warning] Via 'product.json#extensionEnabledApiProposals' extension 'dbaeumer.vscode-eslint' wants API proposal 'tabs' but that proposal DOES NOT EXIST. Likely, the proposal has been finalized (check 'vscode.d.ts') or was abandoned.
[2022-06-02 23:30:59.475] [renderer1] [warning] Via 'product.json#extensionEnabledApiProposals' extension 'dbaeumer.vscode-eslint' wants API proposal 'notebookDocumentEvents' but that proposal DOES NOT EXIST. Likely, the proposal has been finalized (check 'vscode.d.ts') or was abandoned.
[2022-06-02 23:31:04.817] [renderer1] [error] [Extension Host] Error: Must invoke loadWASM first.
    at new s (/opt/vscodium-bin/resources/app/node_modules.asar/vscode-oniguruma/release/main.js:1:1899)
    at Object.createOnigString (/home/upalb/.vscode-oss/extensions/coenraads.bracket-pair-colorizer-2-0.1.4/out/src/textMateLoader.js:53:48)
    at e.createOnigString (/opt/vscodium-bin/resources/app/node_modules.asar/vscode-textmate/release/main.js:1:6980)
    at e._tokenize (/opt/vscodium-bin/resources/app/node_modules.asar/vscode-textmate/release/main.js:1:9604)
    at e.tokenizeLine2 (/opt/vscodium-bin/resources/app/node_modules.asar/vscode-textmate/release/main.js:1:8866)
    at DocumentDecoration.tokenizeLine (/home/upalb/.vscode-oss/extensions/coenraads.bracket-pair-colorizer-2-0.1.4/out/src/documentDecoration.js:232:55)
    at DocumentDecoration.tokenizeDocument (/home/upalb/.vscode-oss/extensions/coenraads.bracket-pair-colorizer-2-0.1.4/out/src/documentDecoration.js:116:38)
    at DocumentDecorationManager.updateDocument (/home/upalb/.vscode-oss/extensions/coenraads.bracket-pair-colorizer-2-0.1.4/out/src/documentDecorationManager.js:33:32)
    at /home/upalb/.vscode-oss/extensions/coenraads.bracket-pair-colorizer-2-0.1.4/out/src/documentDecorationManager.js:94:30
[2022-06-03 00:36:58.733] [renderer1] [error] Cannot read properties of undefined (reading 'getRuleStack'): TypeError: Cannot read properties of undefined (reading 'getRuleStack')
    at DocumentDecoration.onDidChangeTextDocument (/home/upalb/.vscode-oss/extensions/coenraads.bracket-pair-colorizer-2-0.1.4/out/src/documentDecoration.js:42:26)
    at DocumentDecorationManager.onDidChangeTextDocument (/home/upalb/.vscode-oss/extensions/coenraads.bracket-pair-colorizer-2-0.1.4/out/src/documentDecorationManager.js:47:32)
    at /home/upalb/.vscode-oss/extensions/coenraads.bracket-pair-colorizer-2-0.1.4/out/src/extension.js:30:39
    at m.invoke (/opt/vscodium-bin/resources/app/out/vs/workbench/api/node/extensionHostProcess.js:58:145)
    at b.deliver (/opt/vscodium-bin/resources/app/out/vs/workbench/api/node/extensionHostProcess.js:58:2265)
    at v.fire (/opt/vscodium-bin/resources/app/out/vs/workbench/api/node/extensionHostProcess.js:58:1843)
    at I.$acceptModelChanged (/opt/vscodium-bin/resources/app/out/vs/workbench/api/node/extensionHostProcess.js:83:73537)
    at s._doInvokeHandler (/opt/vscodium-bin/resources/app/out/vs/workbench/api/node/extensionHostProcess.js:86:13828)
    at s._invokeHandler (/opt/vscodium-bin/resources/app/out/vs/workbench/api/node/extensionHostProcess.js:86:13512)
    at s._receiveRequest (/opt/vscodium-bin/resources/app/out/vs/workbench/api/node/extensionHostProcess.js:86:12173)
    at s._receiveOneMessage (/opt/vscodium-bin/resources/app/out/vs/workbench/api/node/extensionHostProcess.js:86:10843)
    at /opt/vscodium-bin/resources/app/out/vs/workbench/api/node/extensionHostProcess.js:86:8949
    at m.invoke (/opt/vscodium-bin/resources/app/out/vs/workbench/api/node/extensionHostProcess.js:58:145)
    at b.deliver (/opt/vscodium-bin/resources/app/out/vs/workbench/api/node/extensionHostProcess.js:58:2265)
    at v.fire (/opt/vscodium-bin/resources/app/out/vs/workbench/api/node/extensionHostProcess.js:58:1843)
    at l.fire (/opt/vscodium-bin/resources/app/out/vs/workbench/api/node/extensionHostProcess.js:66:19001)
    at /opt/vscodium-bin/resources/app/out/vs/workbench/api/node/extensionHostProcess.js:102:34426
    at m.invoke (/opt/vscodium-bin/resources/app/out/vs/workbench/api/node/extensionHostProcess.js:58:145)
    at b.deliver (/opt/vscodium-bin/resources/app/out/vs/workbench/api/node/extensionHostProcess.js:58:2265)
    at v.fire (/opt/vscodium-bin/resources/app/out/vs/workbench/api/node/extensionHostProcess.js:58:1843)
    at l.fire (/opt/vscodium-bin/resources/app/out/vs/workbench/api/node/extensionHostProcess.js:66:19001)
    at r._receiveMessage (/opt/vscodium-bin/resources/app/out/vs/workbench/api/node/extensionHostProcess.js:66:23582)
    at /opt/vscodium-bin/resources/app/out/vs/workbench/api/node/extensionHostProcess.js:66:21116
    at m.invoke (/opt/vscodium-bin/resources/app/out/vs/workbench/api/node/extensionHostProcess.js:58:145)
    at b.deliver (/opt/vscodium-bin/resources/app/out/vs/workbench/api/node/extensionHostProcess.js:58:2265)
    at v.fire (/opt/vscodium-bin/resources/app/out/vs/workbench/api/node/extensionHostProcess.js:58:1843)
    at v.acceptChunk (/opt/vscodium-bin/resources/app/out/vs/workbench/api/node/extensionHostProcess.js:66:15832)
    at /opt/vscodium-bin/resources/app/out/vs/workbench/api/node/extensionHostProcess.js:66:14962
    at Socket.R (/opt/vscodium-bin/resources/app/out/vs/workbench/api/node/extensionHostProcess.js:102:13798)
    at Socket.emit (node:events:390:28)
    at addChunk (node:internal/streams/readable:315:12)
    at readableAddChunk (node:internal/streams/readable:289:9)
    at Socket.Readable.push (node:internal/streams/readable:228:10)
    at Pipe.onStreamRead (node:internal/stream_base_commons:199:23)
[2022-06-03 00:36:59.382] [renderer1] [error] Cannot read properties of undefined (reading 'getRuleStack'): TypeError: Cannot read properties of undefined (reading 'getRuleStack')
    at DocumentDecoration.tokenizeLine (/home/upalb/.vscode-oss/extensions/coenraads.bracket-pair-colorizer-2-0.1.4/out/src/documentDecoration.js:227:35)
    at DocumentDecoration.onDidChangeTextDocument (/home/upalb/.vscode-oss/extensions/coenraads.bracket-pair-colorizer-2-0.1.4/out/src/documentDecoration.js:39:30)
    at DocumentDecorationManager.onDidChangeTextDocument (/home/upalb/.vscode-oss/extensions/coenraads.bracket-pair-colorizer-2-0.1.4/out/src/documentDecorationManager.js:47:32)
    at /home/upalb/.vscode-oss/extensions/coenraads.bracket-pair-colorizer-2-0.1.4/out/src/extension.js:30:39
    at m.invoke (/opt/vscodium-bin/resources/app/out/vs/workbench/api/node/extensionHostProcess.js:58:145)
    at b.deliver (/opt/vscodium-bin/resources/app/out/vs/workbench/api/node/extensionHostProcess.js:58:2265)
    at v.fire (/opt/vscodium-bin/resources/app/out/vs/workbench/api/node/extensionHostProcess.js:58:1843)
    at I.$acceptModelChanged (/opt/vscodium-bin/resources/app/out/vs/workbench/api/node/extensionHostProcess.js:83:73537)
    at s._doInvokeHandler (/opt/vscodium-bin/resources/app/out/vs/workbench/api/node/extensionHostProcess.js:86:13828)
    at s._invokeHandler (/opt/vscodium-bin/resources/app/out/vs/workbench/api/node/extensionHostProcess.js:86:13512)
    at s._receiveRequest (/opt/vscodium-bin/resources/app/out/vs/workbench/api/node/extensionHostProcess.js:86:12173)
    at s._receiveOneMessage (/opt/vscodium-bin/resources/app/out/vs/workbench/api/node/extensionHostProcess.js:86:10843)
    at /opt/vscodium-bin/resources/app/out/vs/workbench/api/node/extensionHostProcess.js:86:8949
    at m.invoke (/opt/vscodium-bin/resources/app/out/vs/workbench/api/node/extensionHostProcess.js:58:145)
    at b.deliver (/opt/vscodium-bin/resources/app/out/vs/workbench/api/node/extensionHostProcess.js:58:2265)
    at v.fire (/opt/vscodium-bin/resources/app/out/vs/workbench/api/node/extensionHostProcess.js:58:1843)
    at l.fire (/opt/vscodium-bin/resources/app/out/vs/workbench/api/node/extensionHostProcess.js:66:19001)
    at /opt/vscodium-bin/resources/app/out/vs/workbench/api/node/extensionHostProcess.js:102:34426
    at m.invoke (/opt/vscodium-bin/resources/app/out/vs/workbench/api/node/extensionHostProcess.js:58:145)
    at b.deliver (/opt/vscodium-bin/resources/app/out/vs/workbench/api/node/extensionHostProcess.js:58:2265)
    at v.fire (/opt/vscodium-bin/resources/app/out/vs/workbench/api/node/extensionHostProcess.js:58:1843)
    at l.fire (/opt/vscodium-bin/resources/app/out/vs/workbench/api/node/extensionHostProcess.js:66:19001)
    at r._receiveMessage (/opt/vscodium-bin/resources/app/out/vs/workbench/api/node/extensionHostProcess.js:66:23582)
    at /opt/vscodium-bin/resources/app/out/vs/workbench/api/node/extensionHostProcess.js:66:21116
    at m.invoke (/opt/vscodium-bin/resources/app/out/vs/workbench/api/node/extensionHostProcess.js:58:145)
    at b.deliver (/opt/vscodium-bin/resources/app/out/vs/workbench/api/node/extensionHostProcess.js:58:2265)
    at v.fire (/opt/vscodium-bin/resources/app/out/vs/workbench/api/node/extensionHostProcess.js:58:1843)
    at v.acceptChunk (/opt/vscodium-bin/resources/app/out/vs/workbench/api/node/extensionHostProcess.js:66:15832)
    at /opt/vscodium-bin/resources/app/out/vs/workbench/api/node/extensionHostProcess.js:66:14962
    at Socket.R (/opt/vscodium-bin/resources/app/out/vs/workbench/api/node/extensionHostProcess.js:102:13798)
    at Socket.emit (node:events:390:28)
    at addChunk (node:internal/streams/readable:315:12)
    at readableAddChunk (node:internal/streams/readable:289:9)
    at Socket.Readable.push (node:internal/streams/readable:228:10)
    at Pipe.onStreamRead (node:internal/stream_base_commons:199:23)
[2022-06-03 00:39:01.638] [renderer1] [error] Illegal value for `line`: Error: Illegal value for `line`
    at D._lineAt (/opt/vscodium-bin/resources/app/out/vs/workbench/api/node/extensionHostProcess.js:77:1174)
    at Object.rangeOffset [as lineAt] (/opt/vscodium-bin/resources/app/out/vs/workbench/api/node/extensionHostProcess.js:77:95)
    at /home/upalb/.vscode-oss/extensions/redwan-hossain.auto-rename-tag-clone-0.1.8/packages/extension/dist/webpack:/auto-rename-tag/src/extensionMain.ts:317:41
    at m.invoke (/opt/vscodium-bin/resources/app/out/vs/workbench/api/node/extensionHostProcess.js:58:145)
    at b.deliver (/opt/vscodium-bin/resources/app/out/vs/workbench/api/node/extensionHostProcess.js:58:2265)
    at v.fire (/opt/vscodium-bin/resources/app/out/vs/workbench/api/node/extensionHostProcess.js:58:1843)
    at I.$acceptModelChanged (/opt/vscodium-bin/resources/app/out/vs/workbench/api/node/extensionHostProcess.js:83:73537)
    at s._doInvokeHandler (/opt/vscodium-bin/resources/app/out/vs/workbench/api/node/extensionHostProcess.js:86:13828)
    at s._invokeHandler (/opt/vscodium-bin/resources/app/out/vs/workbench/api/node/extensionHostProcess.js:86:13512)
    at s._receiveRequest (/opt/vscodium-bin/resources/app/out/vs/workbench/api/node/extensionHostProcess.js:86:12173)
    at s._receiveOneMessage (/opt/vscodium-bin/resources/app/out/vs/workbench/api/node/extensionHostProcess.js:86:10843)
    at /opt/vscodium-bin/resources/app/out/vs/workbench/api/node/extensionHostProcess.js:86:8949
    at m.invoke (/opt/vscodium-bin/resources/app/out/vs/workbench/api/node/extensionHostProcess.js:58:145)
    at b.deliver (/opt/vscodium-bin/resources/app/out/vs/workbench/api/node/extensionHostProcess.js:58:2265)
    at v.fire (/opt/vscodium-bin/resources/app/out/vs/workbench/api/node/extensionHostProcess.js:58:1843)
    at l.fire (/opt/vscodium-bin/resources/app/out/vs/workbench/api/node/extensionHostProcess.js:66:19001)
    at /opt/vscodium-bin/resources/app/out/vs/workbench/api/node/extensionHostProcess.js:102:34426
    at m.invoke (/opt/vscodium-bin/resources/app/out/vs/workbench/api/node/extensionHostProcess.js:58:145)
    at b.deliver (/opt/vscodium-bin/resources/app/out/vs/workbench/api/node/extensionHostProcess.js:58:2265)
    at v.fire (/opt/vscodium-bin/resources/app/out/vs/workbench/api/node/extensionHostProcess.js:58:1843)
    at l.fire (/opt/vscodium-bin/resources/app/out/vs/workbench/api/node/extensionHostProcess.js:66:19001)
    at r._receiveMessage (/opt/vscodium-bin/resources/app/out/vs/workbench/api/node/extensionHostProcess.js:66:23582)
    at /opt/vscodium-bin/resources/app/out/vs/workbench/api/node/extensionHostProcess.js:66:21116
    at m.invoke (/opt/vscodium-bin/resources/app/out/vs/workbench/api/node/extensionHostProcess.js:58:145)
    at b.deliver (/opt/vscodium-bin/resources/app/out/vs/workbench/api/node/extensionHostProcess.js:58:2265)
    at v.fire (/opt/vscodium-bin/resources/app/out/vs/workbench/api/node/extensionHostProcess.js:58:1843)
    at v.acceptChunk (/opt/vscodium-bin/resources/app/out/vs/workbench/api/node/extensionHostProcess.js:66:15832)
    at /opt/vscodium-bin/resources/app/out/vs/workbench/api/node/extensionHostProcess.js:66:14962
    at Socket.R (/opt/vscodium-bin/resources/app/out/vs/workbench/api/node/extensionHostProcess.js:102:13798)
    at Socket.emit (node:events:390:28)
    at addChunk (node:internal/streams/readable:315:12)
    at readableAddChunk (node:internal/streams/readable:289:9)
    at Socket.Readable.push (node:internal/streams/readable:228:10)
    at Pipe.onStreamRead (node:internal/stream_base_commons:199:23)
