[2022-06-22T04:11:24.820Z] Log level: Info
[2022-06-22T04:11:24.838Z] [info] Validating found git in: git
[2022-06-22T04:11:25.166Z] [info] Using git 2.36.1 from git
[2022-06-22T04:11:25.246Z] > git rev-parse --show-toplevel [54ms]
[2022-06-22T04:11:25.246Z] fatal: not a git repository (or any parent up to mount point /run/media/upalb)
Stopping at filesystem boundary (GIT_DISCOVERY_ACROSS_FILESYSTEM not set).
[2022-06-22T04:11:26.932Z] > git rev-parse --show-toplevel [79ms]
[2022-06-22T04:11:26.932Z] fatal: not a git repository (or any parent up to mount point /run/media/upalb)
Stopping at filesystem boundary (GIT_DISCOVERY_ACROSS_FILESYSTEM not set).
[2022-06-22T04:12:34.920Z] > git rev-parse --show-toplevel [78ms]
[2022-06-22T04:12:34.921Z] fatal: not a git repository (or any parent up to mount point /run/media/upalb)
Stopping at filesystem boundary (GIT_DISCOVERY_ACROSS_FILESYSTEM not set).
[2022-06-22T04:18:10.576Z] > git rev-parse --show-toplevel [198ms]
[2022-06-22T04:18:10.576Z] fatal: not a git repository (or any parent up to mount point /run/media/upalb)
Stopping at filesystem boundary (GIT_DISCOVERY_ACROSS_FILESYSTEM not set).
[2022-06-22T04:18:13.934Z] > git rev-parse --show-toplevel [12ms]
[2022-06-22T04:18:13.934Z] fatal: not a git repository (or any parent up to mount point /run/media/upalb)
Stopping at filesystem boundary (GIT_DISCOVERY_ACROSS_FILESYSTEM not set).
[2022-06-22T04:18:38.143Z] > git rev-parse --show-toplevel [10ms]
[2022-06-22T04:18:38.143Z] fatal: not a git repository (or any parent up to mount point /run/media/upalb)
Stopping at filesystem boundary (GIT_DISCOVERY_ACROSS_FILESYSTEM not set).
[2022-06-22T04:18:42.228Z] > git rev-parse --show-toplevel [10ms]
[2022-06-22T04:18:42.228Z] fatal: not a git repository (or any parent up to mount point /run/media/upalb)
Stopping at filesystem boundary (GIT_DISCOVERY_ACROSS_FILESYSTEM not set).
[2022-06-22T04:18:51.848Z] > git rev-parse --show-toplevel [9ms]
[2022-06-22T04:18:51.848Z] fatal: not a git repository (or any parent up to mount point /run/media/upalb)
Stopping at filesystem boundary (GIT_DISCOVERY_ACROSS_FILESYSTEM not set).
[2022-06-22T04:20:18.754Z] > git rev-parse --show-toplevel [24ms]
[2022-06-22T04:20:18.754Z] fatal: not a git repository (or any parent up to mount point /run/media/upalb)
Stopping at filesystem boundary (GIT_DISCOVERY_ACROSS_FILESYSTEM not set).
[2022-06-22T04:22:35.425Z] > git rev-parse --show-toplevel [21ms]
[2022-06-22T04:22:35.425Z] fatal: not a git repository (or any parent up to mount point /run/media/upalb)
Stopping at filesystem boundary (GIT_DISCOVERY_ACROSS_FILESYSTEM not set).
[2022-06-22T04:22:43.390Z] > git rev-parse --show-toplevel [18ms]
[2022-06-22T04:22:43.390Z] fatal: not a git repository (or any parent up to mount point /run/media/upalb)
Stopping at filesystem boundary (GIT_DISCOVERY_ACROSS_FILESYSTEM not set).
[2022-06-22T04:33:04.363Z] > git rev-parse --show-toplevel [20ms]
[2022-06-22T04:33:04.363Z] fatal: not a git repository (or any parent up to mount point /run/media/upalb)
Stopping at filesystem boundary (GIT_DISCOVERY_ACROSS_FILESYSTEM not set).
[2022-06-22T04:33:22.518Z] > git rev-parse --show-toplevel [7ms]
[2022-06-22T04:33:22.518Z] fatal: not a git repository (or any parent up to mount point /run/media/upalb)
Stopping at filesystem boundary (GIT_DISCOVERY_ACROSS_FILESYSTEM not set).
[2022-06-22T04:33:25.016Z] > git rev-parse --show-toplevel [8ms]
[2022-06-22T04:33:25.016Z] fatal: not a git repository (or any parent up to mount point /run/media/upalb)
Stopping at filesystem boundary (GIT_DISCOVERY_ACROSS_FILESYSTEM not set).
[2022-06-22T04:33:26.567Z] > git rev-parse --show-toplevel [12ms]
[2022-06-22T04:33:26.567Z] fatal: not a git repository (or any parent up to mount point /run/media/upalb)
Stopping at filesystem boundary (GIT_DISCOVERY_ACROSS_FILESYSTEM not set).
[2022-06-22T04:39:18.855Z] > git rev-parse --show-toplevel [587ms]
[2022-06-22T04:39:18.855Z] fatal: not a git repository (or any parent up to mount point /run/media/upalb)
Stopping at filesystem boundary (GIT_DISCOVERY_ACROSS_FILESYSTEM not set).
[2022-06-22T04:39:18.982Z] > git rev-parse --show-toplevel [9ms]
[2022-06-22T04:39:18.982Z] fatal: not a git repository (or any parent up to mount point /run/media/upalb)
Stopping at filesystem boundary (GIT_DISCOVERY_ACROSS_FILESYSTEM not set).
[2022-06-22T04:39:22.894Z] > git rev-parse --show-toplevel [12ms]
[2022-06-22T04:39:22.894Z] fatal: not a git repository (or any parent up to mount point /run/media/upalb)
Stopping at filesystem boundary (GIT_DISCOVERY_ACROSS_FILESYSTEM not set).
[2022-06-22T04:39:23.742Z] > git rev-parse --show-toplevel [13ms]
[2022-06-22T04:39:23.742Z] fatal: not a git repository (or any parent up to mount point /run/media/upalb)
Stopping at filesystem boundary (GIT_DISCOVERY_ACROSS_FILESYSTEM not set).
[2022-06-22T04:39:47.176Z] > git rev-parse --show-toplevel [7ms]
[2022-06-22T04:39:47.176Z] fatal: not a git repository (or any parent up to mount point /run/media/upalb)
Stopping at filesystem boundary (GIT_DISCOVERY_ACROSS_FILESYSTEM not set).
[2022-06-22T04:41:20.044Z] > git rev-parse --show-toplevel [22ms]
[2022-06-22T04:41:20.044Z] fatal: not a git repository (or any parent up to mount point /run/media/upalb)
Stopping at filesystem boundary (GIT_DISCOVERY_ACROSS_FILESYSTEM not set).
[2022-06-22T04:44:43.599Z] > git rev-parse --show-toplevel [10ms]
[2022-06-22T04:44:43.599Z] fatal: not a git repository (or any parent up to mount point /run/media/upalb)
Stopping at filesystem boundary (GIT_DISCOVERY_ACROSS_FILESYSTEM not set).
[2022-06-22T04:47:45.999Z] > git rev-parse --show-toplevel [14ms]
[2022-06-22T04:47:46.000Z] fatal: not a git repository (or any parent up to mount point /run/media/upalb)
Stopping at filesystem boundary (GIT_DISCOVERY_ACROSS_FILESYSTEM not set).
[2022-06-22T04:47:47.318Z] > git rev-parse --show-toplevel [9ms]
[2022-06-22T04:47:47.318Z] fatal: not a git repository (or any parent up to mount point /run/media/upalb)
Stopping at filesystem boundary (GIT_DISCOVERY_ACROSS_FILESYSTEM not set).
[2022-06-22T04:48:29.205Z] > git rev-parse --show-toplevel [10ms]
[2022-06-22T04:48:29.205Z] fatal: not a git repository (or any parent up to mount point /run/media/upalb)
Stopping at filesystem boundary (GIT_DISCOVERY_ACROSS_FILESYSTEM not set).
[2022-06-22T04:48:43.016Z] > git rev-parse --show-toplevel [52ms]
[2022-06-22T04:48:43.016Z] fatal: not a git repository (or any parent up to mount point /run/media/upalb)
Stopping at filesystem boundary (GIT_DISCOVERY_ACROSS_FILESYSTEM not set).
[2022-06-22T04:48:55.815Z] > git rev-parse --show-toplevel [9ms]
[2022-06-22T04:48:55.815Z] fatal: not a git repository (or any parent up to mount point /run/media/upalb)
Stopping at filesystem boundary (GIT_DISCOVERY_ACROSS_FILESYSTEM not set).
[2022-06-22T05:47:41.210Z] > git rev-parse --show-toplevel [445ms]
[2022-06-22T05:47:41.210Z] fatal: not a git repository (or any parent up to mount point /run/media/upalb)
Stopping at filesystem boundary (GIT_DISCOVERY_ACROSS_FILESYSTEM not set).
[2022-06-22T05:54:42.428Z] > git rev-parse --show-toplevel [311ms]
[2022-06-22T05:54:42.428Z] fatal: not a git repository (or any parent up to mount point /run/media/upalb)
Stopping at filesystem boundary (GIT_DISCOVERY_ACROSS_FILESYSTEM not set).
[2022-06-22T06:01:30.941Z] > git rev-parse --show-toplevel [17ms]
[2022-06-22T06:01:30.941Z] fatal: not a git repository (or any parent up to mount point /run/media/upalb)
Stopping at filesystem boundary (GIT_DISCOVERY_ACROSS_FILESYSTEM not set).
[2022-06-22T06:09:24.706Z] > git rev-parse --show-toplevel [453ms]
[2022-06-22T06:09:24.706Z] fatal: not a git repository (or any parent up to mount point /run/media/upalb)
Stopping at filesystem boundary (GIT_DISCOVERY_ACROSS_FILESYSTEM not set).
[2022-06-22T06:09:26.850Z] > git rev-parse --show-toplevel [6ms]
[2022-06-22T06:09:26.850Z] fatal: not a git repository (or any parent up to mount point /run/media/upalb)
Stopping at filesystem boundary (GIT_DISCOVERY_ACROSS_FILESYSTEM not set).
[2022-06-22T06:09:27.783Z] > git rev-parse --show-toplevel [7ms]
[2022-06-22T06:09:27.783Z] fatal: not a git repository (or any parent up to mount point /run/media/upalb)
Stopping at filesystem boundary (GIT_DISCOVERY_ACROSS_FILESYSTEM not set).
[2022-06-22T06:09:29.203Z] > git rev-parse --show-toplevel [10ms]
[2022-06-22T06:09:29.203Z] fatal: not a git repository (or any parent up to mount point /run/media/upalb)
Stopping at filesystem boundary (GIT_DISCOVERY_ACROSS_FILESYSTEM not set).
