["INFO" - 11:37:13 PM] Extension Name: esbenp.prettier-vscode.
["INFO" - 11:37:13 PM] Extension Version: 9.5.0.
["INFO" - 11:37:54 PM] Formatting file:///home/upalb/Flex_Panels/index.html
["INFO" - 11:37:54 PM] Using ignore file (if present) at /home/upalb/Flex_Panels/.prettierignore
["INFO" - 11:37:54 PM] File Info:
{
  "ignored": false,
  "inferredParser": "html"
}
["INFO" - 11:37:54 PM] No local configuration (i.e. .prettierrc or .editorconfig) detected, falling back to VS Code configuration
["INFO" - 11:37:54 PM] Prettier Options:
{
  "arrowParens": "always",
  "bracketSpacing": true,
  "endOfLine": "lf",
  "htmlWhitespaceSensitivity": "css",
  "insertPragma": false,
  "jsxBracketSameLine": false,
  "jsxSingleQuote": false,
  "printWidth": 80,
  "proseWrap": "preserve",
  "quoteProps": "as-needed",
  "requirePragma": false,
  "semi": true,
  "singleQuote": false,
  "tabWidth": 2,
  "trailingComma": "es5",
  "useTabs": false,
  "vueIndentScriptAndStyle": false,
  "filepath": "/home/upalb/Flex_Panels/index.html",
  "parser": "html"
}
["INFO" - 11:37:54 PM] Formatting completed in 0.13ms.
["INFO" - 11:38:45 PM] Formatting file:///home/upalb/Flex_Panels/index.html
["INFO" - 11:38:45 PM] Using ignore file (if present) at /home/upalb/Flex_Panels/.prettierignore
["INFO" - 11:38:45 PM] File Info:
{
  "ignored": false,
  "inferredParser": "html"
}
["INFO" - 11:38:45 PM] No local configuration (i.e. .prettierrc or .editorconfig) detected, falling back to VS Code configuration
["INFO" - 11:38:45 PM] Prettier Options:
{
  "arrowParens": "always",
  "bracketSpacing": true,
  "endOfLine": "lf",
  "htmlWhitespaceSensitivity": "css",
  "insertPragma": false,
  "jsxBracketSameLine": false,
  "jsxSingleQuote": false,
  "printWidth": 80,
  "proseWrap": "preserve",
  "quoteProps": "as-needed",
  "requirePragma": false,
  "semi": true,
  "singleQuote": false,
  "tabWidth": 2,
  "trailingComma": "es5",
  "useTabs": false,
  "vueIndentScriptAndStyle": false,
  "filepath": "/home/upalb/Flex_Panels/index.html",
  "parser": "html"
}
["INFO" - 11:38:45 PM] Formatting completed in 0.13ms.
["INFO" - 11:41:43 PM] Formatting file:///home/upalb/Flex_Panels/index.html
["INFO" - 11:41:43 PM] Using ignore file (if present) at /home/upalb/Flex_Panels/.prettierignore
["INFO" - 11:41:43 PM] File Info:
{
  "ignored": false,
  "inferredParser": "html"
}
["INFO" - 11:41:43 PM] No local configuration (i.e. .prettierrc or .editorconfig) detected, falling back to VS Code configuration
["INFO" - 11:41:43 PM] Prettier Options:
{
  "arrowParens": "always",
  "bracketSpacing": true,
  "endOfLine": "lf",
  "htmlWhitespaceSensitivity": "css",
  "insertPragma": false,
  "jsxBracketSameLine": false,
  "jsxSingleQuote": false,
  "printWidth": 80,
  "proseWrap": "preserve",
  "quoteProps": "as-needed",
  "requirePragma": false,
  "semi": true,
  "singleQuote": false,
  "tabWidth": 2,
  "trailingComma": "es5",
  "useTabs": false,
  "vueIndentScriptAndStyle": false,
  "filepath": "/home/upalb/Flex_Panels/index.html",
  "parser": "html"
}
["INFO" - 11:41:43 PM] Formatting completed in 0.018ms.
["INFO" - 11:41:53 PM] Formatting file:///home/upalb/Flex_Panels/index.html
["INFO" - 11:41:53 PM] Using ignore file (if present) at /home/upalb/Flex_Panels/.prettierignore
["INFO" - 11:41:53 PM] File Info:
{
  "ignored": false,
  "inferredParser": "html"
}
["INFO" - 11:41:53 PM] No local configuration (i.e. .prettierrc or .editorconfig) detected, falling back to VS Code configuration
["INFO" - 11:41:53 PM] Prettier Options:
{
  "arrowParens": "always",
  "bracketSpacing": true,
  "endOfLine": "lf",
  "htmlWhitespaceSensitivity": "css",
  "insertPragma": false,
  "jsxBracketSameLine": false,
  "jsxSingleQuote": false,
  "printWidth": 80,
  "proseWrap": "preserve",
  "quoteProps": "as-needed",
  "requirePragma": false,
  "semi": true,
  "singleQuote": false,
  "tabWidth": 2,
  "trailingComma": "es5",
  "useTabs": false,
  "vueIndentScriptAndStyle": false,
  "filepath": "/home/upalb/Flex_Panels/index.html",
  "parser": "html"
}
["INFO" - 11:41:53 PM] Formatting completed in 0.022ms.
["INFO" - 11:41:53 PM] Formatting file:///home/upalb/Flex_Panels/index.html
["INFO" - 11:41:53 PM] Using ignore file (if present) at /home/upalb/Flex_Panels/.prettierignore
["INFO" - 11:41:53 PM] File Info:
{
  "ignored": false,
  "inferredParser": "html"
}
["INFO" - 11:41:53 PM] No local configuration (i.e. .prettierrc or .editorconfig) detected, falling back to VS Code configuration
["INFO" - 11:41:53 PM] Prettier Options:
{
  "arrowParens": "always",
  "bracketSpacing": true,
  "endOfLine": "lf",
  "htmlWhitespaceSensitivity": "css",
  "insertPragma": false,
  "jsxBracketSameLine": false,
  "jsxSingleQuote": false,
  "printWidth": 80,
  "proseWrap": "preserve",
  "quoteProps": "as-needed",
  "requirePragma": false,
  "semi": true,
  "singleQuote": false,
  "tabWidth": 2,
  "trailingComma": "es5",
  "useTabs": false,
  "vueIndentScriptAndStyle": false,
  "filepath": "/home/upalb/Flex_Panels/index.html",
  "parser": "html"
}
["INFO" - 11:41:53 PM] Formatting completed in 0.048ms.
["INFO" - 11:46:22 PM] Formatting file:///home/upalb/Flex_Panels/index.html
["INFO" - 11:46:22 PM] Using ignore file (if present) at /home/upalb/Flex_Panels/.prettierignore
["INFO" - 11:46:22 PM] File Info:
{
  "ignored": false,
  "inferredParser": "html"
}
["INFO" - 11:46:22 PM] No local configuration (i.e. .prettierrc or .editorconfig) detected, falling back to VS Code configuration
["INFO" - 11:46:22 PM] Prettier Options:
{
  "arrowParens": "always",
  "bracketSpacing": true,
  "endOfLine": "lf",
  "htmlWhitespaceSensitivity": "css",
  "insertPragma": false,
  "jsxBracketSameLine": false,
  "jsxSingleQuote": false,
  "printWidth": 80,
  "proseWrap": "preserve",
  "quoteProps": "as-needed",
  "requirePragma": false,
  "semi": true,
  "singleQuote": false,
  "tabWidth": 2,
  "trailingComma": "es5",
  "useTabs": false,
  "vueIndentScriptAndStyle": false,
  "filepath": "/home/upalb/Flex_Panels/index.html",
  "parser": "html"
}
["INFO" - 11:46:22 PM] Formatting completed in 0.028ms.
["INFO" - 11:47:16 PM] Formatting file:///home/upalb/Flex_Panels/index.html
["INFO" - 11:47:16 PM] Using ignore file (if present) at /home/upalb/Flex_Panels/.prettierignore
["INFO" - 11:47:16 PM] File Info:
{
  "ignored": false,
  "inferredParser": "html"
}
["INFO" - 11:47:16 PM] No local configuration (i.e. .prettierrc or .editorconfig) detected, falling back to VS Code configuration
["INFO" - 11:47:16 PM] Prettier Options:
{
  "arrowParens": "always",
  "bracketSpacing": true,
  "endOfLine": "lf",
  "htmlWhitespaceSensitivity": "css",
  "insertPragma": false,
  "jsxBracketSameLine": false,
  "jsxSingleQuote": false,
  "printWidth": 80,
  "proseWrap": "preserve",
  "quoteProps": "as-needed",
  "requirePragma": false,
  "semi": true,
  "singleQuote": false,
  "tabWidth": 2,
  "trailingComma": "es5",
  "useTabs": false,
  "vueIndentScriptAndStyle": false,
  "filepath": "/home/upalb/Flex_Panels/index.html",
  "parser": "html"
}
["INFO" - 11:47:16 PM] Formatting completed in 0.026ms.
["INFO" - 11:49:38 PM] Formatting file:///home/upalb/Flex_Panels/index.html
["INFO" - 11:49:38 PM] Using ignore file (if present) at /home/upalb/Flex_Panels/.prettierignore
["INFO" - 11:49:38 PM] File Info:
{
  "ignored": false,
  "inferredParser": "html"
}
["INFO" - 11:49:38 PM] No local configuration (i.e. .prettierrc or .editorconfig) detected, falling back to VS Code configuration
["INFO" - 11:49:38 PM] Prettier Options:
{
  "arrowParens": "always",
  "bracketSpacing": true,
  "endOfLine": "lf",
  "htmlWhitespaceSensitivity": "css",
  "insertPragma": false,
  "jsxBracketSameLine": false,
  "jsxSingleQuote": false,
  "printWidth": 80,
  "proseWrap": "preserve",
  "quoteProps": "as-needed",
  "requirePragma": false,
  "semi": true,
  "singleQuote": false,
  "tabWidth": 2,
  "trailingComma": "es5",
  "useTabs": false,
  "vueIndentScriptAndStyle": false,
  "filepath": "/home/upalb/Flex_Panels/index.html",
  "parser": "html"
}
["INFO" - 11:49:38 PM] Formatting completed in 0.032ms.
["INFO" - 11:50:47 PM] Formatting file:///home/upalb/Flex_Panels/index.html
["INFO" - 11:50:47 PM] Using ignore file (if present) at /home/upalb/Flex_Panels/.prettierignore
["INFO" - 11:50:47 PM] File Info:
{
  "ignored": false,
  "inferredParser": "html"
}
["INFO" - 11:50:47 PM] No local configuration (i.e. .prettierrc or .editorconfig) detected, falling back to VS Code configuration
["INFO" - 11:50:47 PM] Prettier Options:
{
  "arrowParens": "always",
  "bracketSpacing": true,
  "endOfLine": "lf",
  "htmlWhitespaceSensitivity": "css",
  "insertPragma": false,
  "jsxBracketSameLine": false,
  "jsxSingleQuote": false,
  "printWidth": 80,
  "proseWrap": "preserve",
  "quoteProps": "as-needed",
  "requirePragma": false,
  "semi": true,
  "singleQuote": false,
  "tabWidth": 2,
  "trailingComma": "es5",
  "useTabs": false,
  "vueIndentScriptAndStyle": false,
  "filepath": "/home/upalb/Flex_Panels/index.html",
  "parser": "html"
}
["INFO" - 11:50:47 PM] Formatting completed in 0.027ms.
["INFO" - 12:18:31 AM] Formatting file:///home/upalb/Flex_Panels/index.html
["INFO" - 12:18:31 AM] Using ignore file (if present) at /home/upalb/Flex_Panels/.prettierignore
["INFO" - 12:18:31 AM] File Info:
{
  "ignored": false,
  "inferredParser": "html"
}
["INFO" - 12:18:31 AM] No local configuration (i.e. .prettierrc or .editorconfig) detected, falling back to VS Code configuration
["INFO" - 12:18:31 AM] Prettier Options:
{
  "arrowParens": "always",
  "bracketSpacing": true,
  "endOfLine": "lf",
  "htmlWhitespaceSensitivity": "css",
  "insertPragma": false,
  "jsxBracketSameLine": false,
  "jsxSingleQuote": false,
  "printWidth": 80,
  "proseWrap": "preserve",
  "quoteProps": "as-needed",
  "requirePragma": false,
  "semi": true,
  "singleQuote": false,
  "tabWidth": 2,
  "trailingComma": "es5",
  "useTabs": false,
  "vueIndentScriptAndStyle": false,
  "filepath": "/home/upalb/Flex_Panels/index.html",
  "parser": "html"
}
["INFO" - 12:18:31 AM] Formatting completed in 0.106ms.
["INFO" - 12:22:17 AM] Formatting file:///home/upalb/Flex_Panels/index.html
["INFO" - 12:22:17 AM] Using ignore file (if present) at /home/upalb/Flex_Panels/.prettierignore
["INFO" - 12:22:17 AM] File Info:
{
  "ignored": false,
  "inferredParser": "html"
}
["INFO" - 12:22:17 AM] No local configuration (i.e. .prettierrc or .editorconfig) detected, falling back to VS Code configuration
["INFO" - 12:22:17 AM] Prettier Options:
{
  "arrowParens": "always",
  "bracketSpacing": true,
  "endOfLine": "lf",
  "htmlWhitespaceSensitivity": "css",
  "insertPragma": false,
  "jsxBracketSameLine": false,
  "jsxSingleQuote": false,
  "printWidth": 80,
  "proseWrap": "preserve",
  "quoteProps": "as-needed",
  "requirePragma": false,
  "semi": true,
  "singleQuote": false,
  "tabWidth": 2,
  "trailingComma": "es5",
  "useTabs": false,
  "vueIndentScriptAndStyle": false,
  "filepath": "/home/upalb/Flex_Panels/index.html",
  "parser": "html"
}
["INFO" - 12:22:17 AM] Formatting completed in 0.126ms.
["INFO" - 12:22:23 AM] Formatting file:///home/upalb/Flex_Panels/index.html
["INFO" - 12:22:23 AM] Using ignore file (if present) at /home/upalb/Flex_Panels/.prettierignore
["INFO" - 12:22:23 AM] File Info:
{
  "ignored": false,
  "inferredParser": "html"
}
["INFO" - 12:22:23 AM] No local configuration (i.e. .prettierrc or .editorconfig) detected, falling back to VS Code configuration
["INFO" - 12:22:23 AM] Prettier Options:
{
  "arrowParens": "always",
  "bracketSpacing": true,
  "endOfLine": "lf",
  "htmlWhitespaceSensitivity": "css",
  "insertPragma": false,
  "jsxBracketSameLine": false,
  "jsxSingleQuote": false,
  "printWidth": 80,
  "proseWrap": "preserve",
  "quoteProps": "as-needed",
  "requirePragma": false,
  "semi": true,
  "singleQuote": false,
  "tabWidth": 2,
  "trailingComma": "es5",
  "useTabs": false,
  "vueIndentScriptAndStyle": false,
  "filepath": "/home/upalb/Flex_Panels/index.html",
  "parser": "html"
}
["INFO" - 12:22:23 AM] Formatting completed in 0.032ms.
["INFO" - 12:22:27 AM] Formatting file:///home/upalb/Flex_Panels/index.html
["INFO" - 12:22:27 AM] Using ignore file (if present) at /home/upalb/Flex_Panels/.prettierignore
["INFO" - 12:22:27 AM] File Info:
{
  "ignored": false,
  "inferredParser": "html"
}
["INFO" - 12:22:27 AM] No local configuration (i.e. .prettierrc or .editorconfig) detected, falling back to VS Code configuration
["INFO" - 12:22:27 AM] Prettier Options:
{
  "arrowParens": "always",
  "bracketSpacing": true,
  "endOfLine": "lf",
  "htmlWhitespaceSensitivity": "css",
  "insertPragma": false,
  "jsxBracketSameLine": false,
  "jsxSingleQuote": false,
  "printWidth": 80,
  "proseWrap": "preserve",
  "quoteProps": "as-needed",
  "requirePragma": false,
  "semi": true,
  "singleQuote": false,
  "tabWidth": 2,
  "trailingComma": "es5",
  "useTabs": false,
  "vueIndentScriptAndStyle": false,
  "filepath": "/home/upalb/Flex_Panels/index.html",
  "parser": "html"
}
["INFO" - 12:22:27 AM] Formatting completed in 0.03ms.
["INFO" - 12:23:22 AM] Formatting file:///home/upalb/Flex_Panels/index.html
["INFO" - 12:23:22 AM] Using ignore file (if present) at /home/upalb/Flex_Panels/.prettierignore
["INFO" - 12:23:22 AM] File Info:
{
  "ignored": false,
  "inferredParser": "html"
}
["INFO" - 12:23:22 AM] No local configuration (i.e. .prettierrc or .editorconfig) detected, falling back to VS Code configuration
["INFO" - 12:23:22 AM] Prettier Options:
{
  "arrowParens": "always",
  "bracketSpacing": true,
  "endOfLine": "lf",
  "htmlWhitespaceSensitivity": "css",
  "insertPragma": false,
  "jsxBracketSameLine": false,
  "jsxSingleQuote": false,
  "printWidth": 80,
  "proseWrap": "preserve",
  "quoteProps": "as-needed",
  "requirePragma": false,
  "semi": true,
  "singleQuote": false,
  "tabWidth": 2,
  "trailingComma": "es5",
  "useTabs": false,
  "vueIndentScriptAndStyle": false,
  "filepath": "/home/upalb/Flex_Panels/index.html",
  "parser": "html"
}
["INFO" - 12:23:22 AM] Formatting completed in 0.029ms.
["INFO" - 12:23:25 AM] Formatting file:///home/upalb/Flex_Panels/index.html
["INFO" - 12:23:25 AM] Using ignore file (if present) at /home/upalb/Flex_Panels/.prettierignore
["INFO" - 12:23:25 AM] File Info:
{
  "ignored": false,
  "inferredParser": "html"
}
["INFO" - 12:23:25 AM] No local configuration (i.e. .prettierrc or .editorconfig) detected, falling back to VS Code configuration
["INFO" - 12:23:25 AM] Prettier Options:
{
  "arrowParens": "always",
  "bracketSpacing": true,
  "endOfLine": "lf",
  "htmlWhitespaceSensitivity": "css",
  "insertPragma": false,
  "jsxBracketSameLine": false,
  "jsxSingleQuote": false,
  "printWidth": 80,
  "proseWrap": "preserve",
  "quoteProps": "as-needed",
  "requirePragma": false,
  "semi": true,
  "singleQuote": false,
  "tabWidth": 2,
  "trailingComma": "es5",
  "useTabs": false,
  "vueIndentScriptAndStyle": false,
  "filepath": "/home/upalb/Flex_Panels/index.html",
  "parser": "html"
}
["INFO" - 12:23:25 AM] Formatting completed in 0.036ms.
