[2022-07-19T04:27:59.948Z] Log level: Info
[2022-07-19T04:27:59.949Z] [info] Validating found git in: git
[2022-07-19T04:28:00.208Z] [info] Using git 2.37.1 from git
[2022-07-19T04:28:15.372Z] > git rev-parse --show-toplevel [15138ms]
[2022-07-19T04:28:15.372Z] fatal: not a git repository (or any parent up to mount point /run/media/upalb)
Stopping at filesystem boundary (GIT_DISCOVERY_ACROSS_FILESYSTEM not set).
[2022-07-19T04:28:15.938Z] > git rev-parse --show-toplevel [528ms]
[2022-07-19T04:28:16.182Z] > git rev-parse --git-dir --git-common-dir [226ms]
[2022-07-19T04:28:16.193Z] [info] Open repository: /run/media/upalb/Miscellaneous/Code/Programming-Hero/Milestone 2 Practice
[2022-07-19T04:28:16.743Z] > git rev-parse --show-toplevel [515ms]
[2022-07-19T04:28:16.766Z] > git rev-parse --show-toplevel [4ms]
[2022-07-19T04:28:16.766Z] fatal: not a git repository (or any parent up to mount point /run/media/upalb)
Stopping at filesystem boundary (GIT_DISCOVERY_ACROSS_FILESYSTEM not set).
[2022-07-19T04:28:16.788Z] > git rev-parse --show-toplevel [4ms]
[2022-07-19T04:28:16.788Z] fatal: not a git repository (or any parent up to mount point /run/media/upalb)
Stopping at filesystem boundary (GIT_DISCOVERY_ACROSS_FILESYSTEM not set).
[2022-07-19T04:28:16.809Z] > git rev-parse --show-toplevel [5ms]
[2022-07-19T04:28:16.837Z] > git rev-parse --show-toplevel [11ms]
[2022-07-19T04:28:16.871Z] > git status -z -uall [660ms]
[2022-07-19T04:28:17.047Z] > git symbolic-ref --short HEAD [163ms]
[2022-07-19T04:28:17.304Z] > git for-each-ref --format=%(refname)%00%(upstream:short)%00%(objectname)%00%(upstream:track)%00%(upstream:remotename)%00%(upstream:remoteref) refs/heads/main refs/remotes/main [244ms]
[2022-07-19T04:28:17.350Z] > git for-each-ref --sort -committerdate --format %(refname) %(objectname) %(*objectname) [27ms]
[2022-07-19T04:28:17.480Z] > git remote --verbose [142ms]
[2022-07-19T04:28:17.588Z] > git config --get commit.template [88ms]
[2022-07-19T04:28:17.610Z] > git status -z -uall [8ms]
[2022-07-19T04:28:17.626Z] > git symbolic-ref --short HEAD [4ms]
[2022-07-19T04:28:17.642Z] > git for-each-ref --format=%(refname)%00%(upstream:short)%00%(objectname)%00%(upstream:track)%00%(upstream:remotename)%00%(upstream:remoteref) refs/heads/main refs/remotes/main [5ms]
[2022-07-19T04:28:17.670Z] > git for-each-ref --sort -committerdate --format %(refname) %(objectname) %(*objectname) [15ms]
[2022-07-19T04:28:17.671Z] > git remote --verbose [3ms]
[2022-07-19T04:28:17.688Z] > git config --get commit.template [2ms]
[2022-07-19T04:28:23.251Z] > git config --global user.email [8ms]
[2022-07-19T04:28:23.274Z] > git config --global user.name [6ms]
[2022-07-19T04:28:23.305Z] > git status -z -uall [13ms]
[2022-07-19T04:28:23.340Z] > git symbolic-ref --short HEAD [20ms]
[2022-07-19T04:28:23.359Z] > git for-each-ref --format=%(refname)%00%(upstream:short)%00%(objectname)%00%(upstream:track)%00%(upstream:remotename)%00%(upstream:remoteref) refs/heads/main refs/remotes/main [7ms]
[2022-07-19T04:28:23.384Z] > git for-each-ref --sort -committerdate --format %(refname) %(objectname) %(*objectname) [13ms]
[2022-07-19T04:28:23.387Z] > git remote --verbose [6ms]
[2022-07-19T04:28:23.407Z] > git config --get commit.template [4ms]
[2022-07-19T04:28:23.449Z] > git show -s --format=%an <%ae> [%ai] 2facb8bc50e094d9cf0e02b8a436153c8267d35b [28ms]
[2022-07-19T04:28:23.471Z] > git show -s --format=%H%n%aN%n%aE%n%at%n%ct%n%P%n%D%n%B -z 2facb8bc50e094d9cf0e02b8a436153c8267d35b [10ms]
[2022-07-19T04:29:03.143Z] > git rev-parse --show-toplevel [3ms]
[2022-07-19T04:29:03.694Z] > git status -z -uall [8ms]
[2022-07-19T04:29:03.708Z] > git symbolic-ref --short HEAD [3ms]
[2022-07-19T04:29:03.724Z] > git for-each-ref --format=%(refname)%00%(upstream:short)%00%(objectname)%00%(upstream:track)%00%(upstream:remotename)%00%(upstream:remoteref) refs/heads/main refs/remotes/main [5ms]
[2022-07-19T04:29:03.748Z] > git for-each-ref --sort -committerdate --format %(refname) %(objectname) %(*objectname) [13ms]
[2022-07-19T04:29:03.749Z] > git remote --verbose [3ms]
[2022-07-19T04:29:03.767Z] > git config --get commit.template [3ms]
[2022-07-19T04:29:04.205Z] > git rev-parse --show-toplevel [2ms]
[2022-07-19T04:29:08.800Z] > git status -z -uall [10ms]
[2022-07-19T04:29:08.817Z] > git symbolic-ref --short HEAD [3ms]
[2022-07-19T04:29:08.834Z] > git for-each-ref --format=%(refname)%00%(upstream:short)%00%(objectname)%00%(upstream:track)%00%(upstream:remotename)%00%(upstream:remoteref) refs/heads/main refs/remotes/main [5ms]
[2022-07-19T04:29:08.862Z] > git for-each-ref --sort -committerdate --format %(refname) %(objectname) %(*objectname) [14ms]
[2022-07-19T04:29:08.863Z] > git remote --verbose [3ms]
[2022-07-19T04:29:08.880Z] > git config --get commit.template [2ms]
[2022-07-19T04:30:20.556Z] > git rev-parse --show-toplevel [18ms]
[2022-07-19T04:30:50.522Z] > git status -z -uall [9ms]
[2022-07-19T04:30:50.538Z] > git symbolic-ref --short HEAD [3ms]
[2022-07-19T04:30:50.556Z] > git for-each-ref --format=%(refname)%00%(upstream:short)%00%(objectname)%00%(upstream:track)%00%(upstream:remotename)%00%(upstream:remoteref) refs/heads/main refs/remotes/main [5ms]
[2022-07-19T04:30:50.583Z] > git for-each-ref --sort -committerdate --format %(refname) %(objectname) %(*objectname) [14ms]
[2022-07-19T04:30:50.585Z] > git remote --verbose [4ms]
[2022-07-19T04:30:50.604Z] > git config --get commit.template [3ms]
[2022-07-19T04:30:55.640Z] > git status -z -uall [13ms]
[2022-07-19T04:30:55.660Z] > git symbolic-ref --short HEAD [3ms]
[2022-07-19T04:30:55.682Z] > git for-each-ref --format=%(refname)%00%(upstream:short)%00%(objectname)%00%(upstream:track)%00%(upstream:remotename)%00%(upstream:remoteref) refs/heads/main refs/remotes/main [6ms]
[2022-07-19T04:30:55.714Z] > git for-each-ref --sort -committerdate --format %(refname) %(objectname) %(*objectname) [17ms]
[2022-07-19T04:30:55.719Z] > git remote --verbose [7ms]
[2022-07-19T04:30:55.744Z] > git config --get commit.template [4ms]
[2022-07-19T04:31:00.776Z] > git status -z -uall [11ms]
[2022-07-19T04:31:00.792Z] > git symbolic-ref --short HEAD [3ms]
[2022-07-19T04:31:00.810Z] > git for-each-ref --format=%(refname)%00%(upstream:short)%00%(objectname)%00%(upstream:track)%00%(upstream:remotename)%00%(upstream:remoteref) refs/heads/main refs/remotes/main [5ms]
[2022-07-19T04:31:00.836Z] > git for-each-ref --sort -committerdate --format %(refname) %(objectname) %(*objectname) [14ms]
[2022-07-19T04:31:00.838Z] > git remote --verbose [3ms]
[2022-07-19T04:31:00.856Z] > git config --get commit.template [3ms]
[2022-07-19T04:31:13.534Z] > git status -z -uall [16ms]
[2022-07-19T04:31:13.584Z] > git symbolic-ref --short HEAD [15ms]
[2022-07-19T04:31:13.617Z] > git for-each-ref --format=%(refname)%00%(upstream:short)%00%(objectname)%00%(upstream:track)%00%(upstream:remotename)%00%(upstream:remoteref) refs/heads/main refs/remotes/main [6ms]
[2022-07-19T04:31:13.663Z] > git for-each-ref --sort -committerdate --format %(refname) %(objectname) %(*objectname) [26ms]
[2022-07-19T04:31:13.664Z] > git remote --verbose [5ms]
[2022-07-19T04:31:13.688Z] > git config --get commit.template [3ms]
[2022-07-19T04:31:13.835Z] > git rev-parse --show-toplevel [37ms]
[2022-07-19T04:36:23.479Z] > git status -z -uall [77ms]
[2022-07-19T04:36:23.529Z] > git symbolic-ref --short HEAD [7ms]
[2022-07-19T04:36:23.560Z] > git for-each-ref --format=%(refname)%00%(upstream:short)%00%(objectname)%00%(upstream:track)%00%(upstream:remotename)%00%(upstream:remoteref) refs/heads/main refs/remotes/main [11ms]
[2022-07-19T04:36:23.595Z] > git for-each-ref --sort -committerdate --format %(refname) %(objectname) %(*objectname) [21ms]
[2022-07-19T04:36:23.596Z] > git remote --verbose [4ms]
[2022-07-19T04:36:23.625Z] > git config --get commit.template [3ms]
[2022-07-19T04:37:01.447Z] > git status -z -uall [9ms]
[2022-07-19T04:37:01.463Z] > git symbolic-ref --short HEAD [3ms]
[2022-07-19T04:37:01.480Z] > git for-each-ref --format=%(refname)%00%(upstream:short)%00%(objectname)%00%(upstream:track)%00%(upstream:remotename)%00%(upstream:remoteref) refs/heads/main refs/remotes/main [4ms]
[2022-07-19T04:37:01.528Z] > git for-each-ref --sort -committerdate --format %(refname) %(objectname) %(*objectname) [35ms]
[2022-07-19T04:37:01.529Z] > git remote --verbose [3ms]
[2022-07-19T04:37:01.546Z] > git config --get commit.template [3ms]
[2022-07-19T04:38:50.416Z] > git status -z -uall [10ms]
[2022-07-19T04:38:50.434Z] > git symbolic-ref --short HEAD [3ms]
[2022-07-19T04:38:50.452Z] > git for-each-ref --format=%(refname)%00%(upstream:short)%00%(objectname)%00%(upstream:track)%00%(upstream:remotename)%00%(upstream:remoteref) refs/heads/main refs/remotes/main [5ms]
[2022-07-19T04:38:50.482Z] > git for-each-ref --sort -committerdate --format %(refname) %(objectname) %(*objectname) [16ms]
[2022-07-19T04:38:50.483Z] > git remote --verbose [3ms]
[2022-07-19T04:38:50.503Z] > git config --get commit.template [3ms]
[2022-07-19T04:38:55.533Z] > git status -z -uall [9ms]
[2022-07-19T04:38:55.562Z] > git symbolic-ref --short HEAD [8ms]
[2022-07-19T04:38:55.583Z] > git for-each-ref --format=%(refname)%00%(upstream:short)%00%(objectname)%00%(upstream:track)%00%(upstream:remotename)%00%(upstream:remoteref) refs/heads/main refs/remotes/main [5ms]
[2022-07-19T04:38:55.613Z] > git for-each-ref --sort -committerdate --format %(refname) %(objectname) %(*objectname) [17ms]
[2022-07-19T04:38:55.614Z] > git remote --verbose [3ms]
[2022-07-19T04:38:55.636Z] > git config --get commit.template [3ms]
[2022-07-19T04:42:27.335Z] > git status -z -uall [20ms]
[2022-07-19T04:42:27.373Z] > git symbolic-ref --short HEAD [7ms]
[2022-07-19T04:42:27.477Z] > git for-each-ref --format=%(refname)%00%(upstream:short)%00%(objectname)%00%(upstream:track)%00%(upstream:remotename)%00%(upstream:remoteref) refs/heads/main refs/remotes/main [43ms]
[2022-07-19T04:42:27.616Z] > git for-each-ref --sort -committerdate --format %(refname) %(objectname) %(*objectname) [83ms]
[2022-07-19T04:42:27.631Z] > git remote --verbose [25ms]
[2022-07-19T04:42:27.710Z] > git config --get commit.template [14ms]
[2022-07-19T04:42:32.000Z] > git rev-parse --show-toplevel [12ms]
[2022-07-19T04:43:05.795Z] > git rev-parse --show-toplevel [8ms]
[2022-07-19T04:43:12.256Z] > git status -z -uall [8ms]
[2022-07-19T04:43:12.272Z] > git symbolic-ref --short HEAD [3ms]
[2022-07-19T04:43:12.290Z] > git for-each-ref --format=%(refname)%00%(upstream:short)%00%(objectname)%00%(upstream:track)%00%(upstream:remotename)%00%(upstream:remoteref) refs/heads/main refs/remotes/main [5ms]
[2022-07-19T04:43:12.322Z] > git for-each-ref --sort -committerdate --format %(refname) %(objectname) %(*objectname) [19ms]
[2022-07-19T04:43:12.324Z] > git remote --verbose [3ms]
[2022-07-19T04:43:12.348Z] > git config --get commit.template [5ms]
[2022-07-19T04:43:15.834Z] > git rev-parse --show-toplevel [10ms]
[2022-07-19T04:43:27.801Z] > git status -z -uall [7ms]
[2022-07-19T04:43:27.816Z] > git symbolic-ref --short HEAD [3ms]
[2022-07-19T04:43:27.833Z] > git for-each-ref --format=%(refname)%00%(upstream:short)%00%(objectname)%00%(upstream:track)%00%(upstream:remotename)%00%(upstream:remoteref) refs/heads/main refs/remotes/main [4ms]
[2022-07-19T04:43:27.864Z] > git for-each-ref --sort -committerdate --format %(refname) %(objectname) %(*objectname) [18ms]
[2022-07-19T04:43:27.866Z] > git remote --verbose [3ms]
[2022-07-19T04:43:27.890Z] > git config --get commit.template [5ms]
[2022-07-19T04:43:36.497Z] > git status -z -uall [11ms]
[2022-07-19T04:43:36.518Z] > git symbolic-ref --short HEAD [5ms]
[2022-07-19T04:43:36.543Z] > git for-each-ref --format=%(refname)%00%(upstream:short)%00%(objectname)%00%(upstream:track)%00%(upstream:remotename)%00%(upstream:remoteref) refs/heads/main refs/remotes/main [8ms]
[2022-07-19T04:43:36.581Z] > git for-each-ref --sort -committerdate --format %(refname) %(objectname) %(*objectname) [20ms]
[2022-07-19T04:43:36.582Z] > git remote --verbose [3ms]
[2022-07-19T04:43:36.602Z] > git config --get commit.template [2ms]
[2022-07-19T04:44:03.034Z] > git status -z -uall [7ms]
[2022-07-19T04:44:03.052Z] > git symbolic-ref --short HEAD [3ms]
[2022-07-19T04:44:03.076Z] > git for-each-ref --format=%(refname)%00%(upstream:short)%00%(objectname)%00%(upstream:track)%00%(upstream:remotename)%00%(upstream:remoteref) refs/heads/main refs/remotes/main [5ms]
[2022-07-19T04:44:03.106Z] > git for-each-ref --sort -committerdate --format %(refname) %(objectname) %(*objectname) [15ms]
[2022-07-19T04:44:03.107Z] > git remote --verbose [3ms]
[2022-07-19T04:44:03.127Z] > git config --get commit.template [3ms]
[2022-07-19T04:44:11.548Z] > git status -z -uall [12ms]
[2022-07-19T04:44:11.566Z] > git symbolic-ref --short HEAD [3ms]
[2022-07-19T04:44:11.585Z] > git for-each-ref --format=%(refname)%00%(upstream:short)%00%(objectname)%00%(upstream:track)%00%(upstream:remotename)%00%(upstream:remoteref) refs/heads/main refs/remotes/main [5ms]
[2022-07-19T04:44:11.618Z] > git for-each-ref --sort -committerdate --format %(refname) %(objectname) %(*objectname) [18ms]
[2022-07-19T04:44:11.619Z] > git remote --verbose [3ms]
[2022-07-19T04:44:11.639Z] > git config --get commit.template [2ms]
[2022-07-19T04:44:24.802Z] > git status -z -uall [10ms]
[2022-07-19T04:44:24.824Z] > git symbolic-ref --short HEAD [5ms]
[2022-07-19T04:44:24.844Z] > git for-each-ref --format=%(refname)%00%(upstream:short)%00%(objectname)%00%(upstream:track)%00%(upstream:remotename)%00%(upstream:remoteref) refs/heads/main refs/remotes/main [6ms]
[2022-07-19T04:44:24.878Z] > git for-each-ref --sort -committerdate --format %(refname) %(objectname) %(*objectname) [18ms]
[2022-07-19T04:44:24.880Z] > git remote --verbose [3ms]
[2022-07-19T04:44:24.899Z] > git config --get commit.template [3ms]
[2022-07-19T04:44:52.647Z] > git status -z -uall [7ms]
[2022-07-19T04:44:52.665Z] > git symbolic-ref --short HEAD [5ms]
[2022-07-19T04:44:52.686Z] > git for-each-ref --format=%(refname)%00%(upstream:short)%00%(objectname)%00%(upstream:track)%00%(upstream:remotename)%00%(upstream:remoteref) refs/heads/main refs/remotes/main [7ms]
[2022-07-19T04:44:52.721Z] > git for-each-ref --sort -committerdate --format %(refname) %(objectname) %(*objectname) [18ms]
[2022-07-19T04:44:52.722Z] > git remote --verbose [3ms]
[2022-07-19T04:44:52.743Z] > git config --get commit.template [3ms]
[2022-07-19T04:45:06.498Z] > git status -z -uall [8ms]
[2022-07-19T04:45:06.514Z] > git symbolic-ref --short HEAD [3ms]
[2022-07-19T04:45:06.538Z] > git for-each-ref --format=%(refname)%00%(upstream:short)%00%(objectname)%00%(upstream:track)%00%(upstream:remotename)%00%(upstream:remoteref) refs/heads/main refs/remotes/main [8ms]
[2022-07-19T04:45:06.569Z] > git for-each-ref --sort -committerdate --format %(refname) %(objectname) %(*objectname) [15ms]
[2022-07-19T04:45:06.571Z] > git remote --verbose [5ms]
[2022-07-19T04:45:06.595Z] > git config --get commit.template [2ms]
[2022-07-19T04:45:39.417Z] > git status -z -uall [11ms]
[2022-07-19T04:45:39.441Z] > git symbolic-ref --short HEAD [6ms]
[2022-07-19T04:45:39.463Z] > git for-each-ref --format=%(refname)%00%(upstream:short)%00%(objectname)%00%(upstream:track)%00%(upstream:remotename)%00%(upstream:remoteref) refs/heads/main refs/remotes/main [4ms]
[2022-07-19T04:45:39.503Z] > git for-each-ref --sort -committerdate --format %(refname) %(objectname) %(*objectname) [20ms]
[2022-07-19T04:45:39.505Z] > git remote --verbose [3ms]
[2022-07-19T04:45:39.523Z] > git config --get commit.template [3ms]
[2022-07-19T04:45:44.564Z] > git status -z -uall [17ms]
[2022-07-19T04:45:44.610Z] > git symbolic-ref --short HEAD [33ms]
[2022-07-19T04:45:44.628Z] > git for-each-ref --format=%(refname)%00%(upstream:short)%00%(objectname)%00%(upstream:track)%00%(upstream:remotename)%00%(upstream:remoteref) refs/heads/main refs/remotes/main [6ms]
[2022-07-19T04:45:44.655Z] > git for-each-ref --sort -committerdate --format %(refname) %(objectname) %(*objectname) [15ms]
[2022-07-19T04:45:44.657Z] > git remote --verbose [3ms]
[2022-07-19T04:45:44.675Z] > git config --get commit.template [2ms]
[2022-07-19T04:46:23.939Z] > git status -z -uall [10ms]
[2022-07-19T04:46:23.957Z] > git symbolic-ref --short HEAD [5ms]
[2022-07-19T04:46:23.980Z] > git for-each-ref --format=%(refname)%00%(upstream:short)%00%(objectname)%00%(upstream:track)%00%(upstream:remotename)%00%(upstream:remoteref) refs/heads/main refs/remotes/main [5ms]
[2022-07-19T04:46:24.015Z] > git for-each-ref --sort -committerdate --format %(refname) %(objectname) %(*objectname) [20ms]
[2022-07-19T04:46:24.017Z] > git remote --verbose [4ms]
[2022-07-19T04:46:24.041Z] > git config --get commit.template [3ms]
[2022-07-19T04:46:25.697Z] > git rev-parse --show-toplevel [10ms]
[2022-07-19T04:46:44.630Z] > git status -z -uall [43ms]
[2022-07-19T04:46:44.651Z] > git symbolic-ref --short HEAD [4ms]
[2022-07-19T04:46:44.670Z] > git for-each-ref --format=%(refname)%00%(upstream:short)%00%(objectname)%00%(upstream:track)%00%(upstream:remotename)%00%(upstream:remoteref) refs/heads/main refs/remotes/main [4ms]
[2022-07-19T04:46:44.700Z] > git for-each-ref --sort -committerdate --format %(refname) %(objectname) %(*objectname) [16ms]
[2022-07-19T04:46:44.702Z] > git remote --verbose [3ms]
[2022-07-19T04:46:44.721Z] > git config --get commit.template [3ms]
[2022-07-19T04:47:04.332Z] > git status -z -uall [10ms]
[2022-07-19T04:47:04.347Z] > git symbolic-ref --short HEAD [2ms]
[2022-07-19T04:47:04.365Z] > git for-each-ref --format=%(refname)%00%(upstream:short)%00%(objectname)%00%(upstream:track)%00%(upstream:remotename)%00%(upstream:remoteref) refs/heads/main refs/remotes/main [5ms]
[2022-07-19T04:47:04.393Z] > git for-each-ref --sort -committerdate --format %(refname) %(objectname) %(*objectname) [15ms]
[2022-07-19T04:47:04.395Z] > git remote --verbose [3ms]
[2022-07-19T04:47:04.418Z] > git config --get commit.template [7ms]
[2022-07-19T04:47:33.368Z] > git status -z -uall [12ms]
[2022-07-19T04:47:33.392Z] > git symbolic-ref --short HEAD [3ms]
[2022-07-19T04:47:33.423Z] > git for-each-ref --format=%(refname)%00%(upstream:short)%00%(objectname)%00%(upstream:track)%00%(upstream:remotename)%00%(upstream:remoteref) refs/heads/main refs/remotes/main [4ms]
[2022-07-19T04:47:33.481Z] > git for-each-ref --sort -committerdate --format %(refname) %(objectname) %(*objectname) [30ms]
[2022-07-19T04:47:33.483Z] > git remote --verbose [5ms]
[2022-07-19T04:47:33.515Z] > git config --get commit.template [4ms]
[2022-07-19T04:48:20.359Z] > git status -z -uall [7ms]
[2022-07-19T04:48:20.377Z] > git symbolic-ref --short HEAD [4ms]
[2022-07-19T04:48:20.395Z] > git for-each-ref --format=%(refname)%00%(upstream:short)%00%(objectname)%00%(upstream:track)%00%(upstream:remotename)%00%(upstream:remoteref) refs/heads/main refs/remotes/main [5ms]
[2022-07-19T04:48:20.424Z] > git for-each-ref --sort -committerdate --format %(refname) %(objectname) %(*objectname) [14ms]
[2022-07-19T04:48:20.426Z] > git remote --verbose [3ms]
[2022-07-19T04:48:20.446Z] > git config --get commit.template [3ms]
[2022-07-19T04:48:25.468Z] > git status -z -uall [8ms]
[2022-07-19T04:48:25.485Z] > git symbolic-ref --short HEAD [3ms]
[2022-07-19T04:48:25.504Z] > git for-each-ref --format=%(refname)%00%(upstream:short)%00%(objectname)%00%(upstream:track)%00%(upstream:remotename)%00%(upstream:remoteref) refs/heads/main refs/remotes/main [5ms]
[2022-07-19T04:48:25.531Z] > git for-each-ref --sort -committerdate --format %(refname) %(objectname) %(*objectname) [15ms]
[2022-07-19T04:48:25.533Z] > git remote --verbose [3ms]
[2022-07-19T04:48:25.554Z] > git config --get commit.template [2ms]
[2022-07-19T04:48:29.761Z] > git rev-parse --show-toplevel [15ms]
[2022-07-19T04:48:48.193Z] > git status -z -uall [22ms]
[2022-07-19T04:48:48.245Z] > git symbolic-ref --short HEAD [10ms]
[2022-07-19T04:48:48.293Z] > git for-each-ref --format=%(refname)%00%(upstream:short)%00%(objectname)%00%(upstream:track)%00%(upstream:remotename)%00%(upstream:remoteref) refs/heads/main refs/remotes/main [21ms]
[2022-07-19T04:48:48.331Z] > git for-each-ref --sort -committerdate --format %(refname) %(objectname) %(*objectname) [21ms]
[2022-07-19T04:48:48.337Z] > git remote --verbose [10ms]
[2022-07-19T04:48:48.371Z] > git config --get commit.template [3ms]
[2022-07-19T04:48:56.961Z] > git status -z -uall [8ms]
[2022-07-19T04:48:56.979Z] > git symbolic-ref --short HEAD [3ms]
[2022-07-19T04:48:56.997Z] > git for-each-ref --format=%(refname)%00%(upstream:short)%00%(objectname)%00%(upstream:track)%00%(upstream:remotename)%00%(upstream:remoteref) refs/heads/main refs/remotes/main [5ms]
[2022-07-19T04:48:57.025Z] > git for-each-ref --sort -committerdate --format %(refname) %(objectname) %(*objectname) [15ms]
[2022-07-19T04:48:57.027Z] > git remote --verbose [3ms]
[2022-07-19T04:48:57.045Z] > git config --get commit.template [2ms]
[2022-07-19T04:49:04.073Z] > git status -z -uall [9ms]
[2022-07-19T04:49:04.091Z] > git symbolic-ref --short HEAD [5ms]
[2022-07-19T04:49:04.114Z] > git for-each-ref --format=%(refname)%00%(upstream:short)%00%(objectname)%00%(upstream:track)%00%(upstream:remotename)%00%(upstream:remoteref) refs/heads/main refs/remotes/main [4ms]
[2022-07-19T04:49:04.141Z] > git for-each-ref --sort -committerdate --format %(refname) %(objectname) %(*objectname) [14ms]
[2022-07-19T04:49:04.143Z] > git remote --verbose [3ms]
[2022-07-19T04:49:04.163Z] > git config --get commit.template [2ms]
[2022-07-19T04:49:17.510Z] > git status -z -uall [9ms]
[2022-07-19T04:49:17.527Z] > git symbolic-ref --short HEAD [4ms]
[2022-07-19T04:49:17.550Z] > git for-each-ref --format=%(refname)%00%(upstream:short)%00%(objectname)%00%(upstream:track)%00%(upstream:remotename)%00%(upstream:remoteref) refs/heads/main refs/remotes/main [7ms]
[2022-07-19T04:49:17.578Z] > git for-each-ref --sort -committerdate --format %(refname) %(objectname) %(*objectname) [15ms]
[2022-07-19T04:49:17.579Z] > git remote --verbose [3ms]
[2022-07-19T04:49:17.597Z] > git config --get commit.template [3ms]
[2022-07-19T04:49:22.672Z] > git status -z -uall [9ms]
[2022-07-19T04:49:22.697Z] > git symbolic-ref --short HEAD [5ms]
[2022-07-19T04:49:22.717Z] > git for-each-ref --format=%(refname)%00%(upstream:short)%00%(objectname)%00%(upstream:track)%00%(upstream:remotename)%00%(upstream:remoteref) refs/heads/main refs/remotes/main [5ms]
[2022-07-19T04:49:22.746Z] > git for-each-ref --sort -committerdate --format %(refname) %(objectname) %(*objectname) [15ms]
[2022-07-19T04:49:22.747Z] > git remote --verbose [3ms]
[2022-07-19T04:49:22.768Z] > git config --get commit.template [2ms]
[2022-07-19T04:49:52.428Z] > git status -z -uall [9ms]
[2022-07-19T04:49:52.446Z] > git symbolic-ref --short HEAD [4ms]
[2022-07-19T04:49:52.468Z] > git for-each-ref --format=%(refname)%00%(upstream:short)%00%(objectname)%00%(upstream:track)%00%(upstream:remotename)%00%(upstream:remoteref) refs/heads/main refs/remotes/main [6ms]
[2022-07-19T04:49:52.500Z] > git for-each-ref --sort -committerdate --format %(refname) %(objectname) %(*objectname) [17ms]
[2022-07-19T04:49:52.502Z] > git remote --verbose [3ms]
[2022-07-19T04:49:52.519Z] > git config --get commit.template [2ms]
[2022-07-19T04:49:57.563Z] > git status -z -uall [10ms]
[2022-07-19T04:49:57.581Z] > git symbolic-ref --short HEAD [5ms]
[2022-07-19T04:49:57.603Z] > git for-each-ref --format=%(refname)%00%(upstream:short)%00%(objectname)%00%(upstream:track)%00%(upstream:remotename)%00%(upstream:remoteref) refs/heads/main refs/remotes/main [8ms]
[2022-07-19T04:49:57.631Z] > git for-each-ref --sort -committerdate --format %(refname) %(objectname) %(*objectname) [16ms]
[2022-07-19T04:49:57.632Z] > git remote --verbose [3ms]
[2022-07-19T04:49:57.650Z] > git config --get commit.template [3ms]
[2022-07-19T04:50:16.938Z] > git status -z -uall [9ms]
[2022-07-19T04:50:16.959Z] > git symbolic-ref --short HEAD [4ms]
[2022-07-19T04:50:16.982Z] > git for-each-ref --format=%(refname)%00%(upstream:short)%00%(objectname)%00%(upstream:track)%00%(upstream:remotename)%00%(upstream:remoteref) refs/heads/main refs/remotes/main [6ms]
[2022-07-19T04:50:17.014Z] > git for-each-ref --sort -committerdate --format %(refname) %(objectname) %(*objectname) [18ms]
[2022-07-19T04:50:17.014Z] > git remote --verbose [4ms]
[2022-07-19T04:50:17.035Z] > git config --get commit.template [2ms]
[2022-07-19T04:50:23.415Z] > git status -z -uall [21ms]
[2022-07-19T04:50:23.451Z] > git symbolic-ref --short HEAD [6ms]
[2022-07-19T04:50:23.491Z] > git for-each-ref --format=%(refname)%00%(upstream:short)%00%(objectname)%00%(upstream:track)%00%(upstream:remotename)%00%(upstream:remoteref) refs/heads/main refs/remotes/main [8ms]
[2022-07-19T04:50:23.536Z] > git for-each-ref --sort -committerdate --format %(refname) %(objectname) %(*objectname) [19ms]
[2022-07-19T04:50:23.540Z] > git remote --verbose [6ms]
[2022-07-19T04:50:23.562Z] > git config --get commit.template [3ms]
[2022-07-19T04:50:38.622Z] > git status -z -uall [11ms]
[2022-07-19T04:50:38.654Z] > git symbolic-ref --short HEAD [4ms]
[2022-07-19T04:50:38.685Z] > git for-each-ref --format=%(refname)%00%(upstream:short)%00%(objectname)%00%(upstream:track)%00%(upstream:remotename)%00%(upstream:remoteref) refs/heads/main refs/remotes/main [8ms]
[2022-07-19T04:50:38.725Z] > git for-each-ref --sort -committerdate --format %(refname) %(objectname) %(*objectname) [20ms]
[2022-07-19T04:50:38.726Z] > git remote --verbose [3ms]
[2022-07-19T04:50:38.746Z] > git config --get commit.template [3ms]
[2022-07-19T04:50:50.810Z] > git status -z -uall [7ms]
[2022-07-19T04:50:50.832Z] > git symbolic-ref --short HEAD [3ms]
[2022-07-19T04:50:50.860Z] > git for-each-ref --format=%(refname)%00%(upstream:short)%00%(objectname)%00%(upstream:track)%00%(upstream:remotename)%00%(upstream:remoteref) refs/heads/main refs/remotes/main [5ms]
[2022-07-19T04:50:50.901Z] > git for-each-ref --sort -committerdate --format %(refname) %(objectname) %(*objectname) [22ms]
[2022-07-19T04:50:50.902Z] > git remote --verbose [4ms]
[2022-07-19T04:50:50.922Z] > git config --get commit.template [2ms]
[2022-07-19T04:51:20.852Z] > git status -z -uall [11ms]
[2022-07-19T04:51:20.874Z] > git symbolic-ref --short HEAD [5ms]
[2022-07-19T04:51:20.900Z] > git for-each-ref --format=%(refname)%00%(upstream:short)%00%(objectname)%00%(upstream:track)%00%(upstream:remotename)%00%(upstream:remoteref) refs/heads/main refs/remotes/main [7ms]
[2022-07-19T04:51:20.933Z] > git for-each-ref --sort -committerdate --format %(refname) %(objectname) %(*objectname) [19ms]
[2022-07-19T04:51:20.934Z] > git remote --verbose [3ms]
[2022-07-19T04:51:20.952Z] > git config --get commit.template [3ms]
[2022-07-19T04:51:25.977Z] > git status -z -uall [9ms]
[2022-07-19T04:51:25.996Z] > git symbolic-ref --short HEAD [3ms]
[2022-07-19T04:51:26.020Z] > git for-each-ref --format=%(refname)%00%(upstream:short)%00%(objectname)%00%(upstream:track)%00%(upstream:remotename)%00%(upstream:remoteref) refs/heads/main refs/remotes/main [8ms]
[2022-07-19T04:51:26.054Z] > git for-each-ref --sort -committerdate --format %(refname) %(objectname) %(*objectname) [17ms]
[2022-07-19T04:51:26.055Z] > git remote --verbose [3ms]
[2022-07-19T04:51:26.076Z] > git config --get commit.template [3ms]
[2022-07-19T04:51:58.838Z] > git status -z -uall [10ms]
[2022-07-19T04:51:58.859Z] > git symbolic-ref --short HEAD [5ms]
[2022-07-19T04:51:58.881Z] > git for-each-ref --format=%(refname)%00%(upstream:short)%00%(objectname)%00%(upstream:track)%00%(upstream:remotename)%00%(upstream:remoteref) refs/heads/main refs/remotes/main [6ms]
[2022-07-19T04:51:58.913Z] > git for-each-ref --sort -committerdate --format %(refname) %(objectname) %(*objectname) [17ms]
[2022-07-19T04:51:58.916Z] > git remote --verbose [5ms]
[2022-07-19T04:51:58.937Z] > git config --get commit.template [4ms]
[2022-07-19T04:52:03.961Z] > git status -z -uall [8ms]
[2022-07-19T04:52:03.979Z] > git symbolic-ref --short HEAD [3ms]
[2022-07-19T04:52:04.000Z] > git for-each-ref --format=%(refname)%00%(upstream:short)%00%(objectname)%00%(upstream:track)%00%(upstream:remotename)%00%(upstream:remoteref) refs/heads/main refs/remotes/main [6ms]
[2022-07-19T04:52:04.030Z] > git for-each-ref --sort -committerdate --format %(refname) %(objectname) %(*objectname) [16ms]
[2022-07-19T04:52:04.034Z] > git remote --verbose [5ms]
[2022-07-19T04:52:04.058Z] > git config --get commit.template [2ms]
[2022-07-19T04:52:24.757Z] > git status -z -uall [8ms]
[2022-07-19T04:52:24.779Z] > git symbolic-ref --short HEAD [5ms]
[2022-07-19T04:52:24.805Z] > git for-each-ref --format=%(refname)%00%(upstream:short)%00%(objectname)%00%(upstream:track)%00%(upstream:remotename)%00%(upstream:remoteref) refs/heads/main refs/remotes/main [6ms]
[2022-07-19T04:52:24.843Z] > git for-each-ref --sort -committerdate --format %(refname) %(objectname) %(*objectname) [21ms]
[2022-07-19T04:52:24.845Z] > git remote --verbose [5ms]
[2022-07-19T04:52:24.864Z] > git config --get commit.template [3ms]
[2022-07-19T04:52:49.762Z] > git status -z -uall [9ms]
[2022-07-19T04:52:49.786Z] > git symbolic-ref --short HEAD [5ms]
[2022-07-19T04:52:49.811Z] > git for-each-ref --format=%(refname)%00%(upstream:short)%00%(objectname)%00%(upstream:track)%00%(upstream:remotename)%00%(upstream:remoteref) refs/heads/main refs/remotes/main [9ms]
[2022-07-19T04:52:49.848Z] > git for-each-ref --sort -committerdate --format %(refname) %(objectname) %(*objectname) [20ms]
[2022-07-19T04:52:49.850Z] > git remote --verbose [3ms]
[2022-07-19T04:52:49.871Z] > git config --get commit.template [3ms]
[2022-07-19T04:53:19.540Z] > git rev-parse --show-toplevel [10ms]
[2022-07-19T04:53:34.679Z] > git rev-parse --show-toplevel [14ms]
[2022-07-19T04:53:52.980Z] > git status -z -uall [11ms]
[2022-07-19T04:53:53.003Z] > git symbolic-ref --short HEAD [4ms]
[2022-07-19T04:53:53.024Z] > git for-each-ref --format=%(refname)%00%(upstream:short)%00%(objectname)%00%(upstream:track)%00%(upstream:remotename)%00%(upstream:remoteref) refs/heads/main refs/remotes/main [5ms]
[2022-07-19T04:53:53.062Z] > git for-each-ref --sort -committerdate --format %(refname) %(objectname) %(*objectname) [20ms]
[2022-07-19T04:53:53.063Z] > git remote --verbose [3ms]
[2022-07-19T04:53:53.086Z] > git config --get commit.template [2ms]
[2022-07-19T04:53:53.686Z] > git rev-parse --show-toplevel [8ms]
[2022-07-19T04:54:08.830Z] > git status -z -uall [10ms]
[2022-07-19T04:54:08.849Z] > git symbolic-ref --short HEAD [3ms]
[2022-07-19T04:54:08.873Z] > git for-each-ref --format=%(refname)%00%(upstream:short)%00%(objectname)%00%(upstream:track)%00%(upstream:remotename)%00%(upstream:remoteref) refs/heads/main refs/remotes/main [6ms]
[2022-07-19T04:54:08.910Z] > git for-each-ref --sort -committerdate --format %(refname) %(objectname) %(*objectname) [20ms]
[2022-07-19T04:54:08.912Z] > git remote --verbose [4ms]
[2022-07-19T04:54:08.930Z] > git config --get commit.template [3ms]
[2022-07-19T04:54:10.102Z] > git rev-parse --show-toplevel [5ms]
[2022-07-19T04:54:36.609Z] > git status -z -uall [9ms]
[2022-07-19T04:54:36.636Z] > git symbolic-ref --short HEAD [6ms]
[2022-07-19T04:54:36.662Z] > git for-each-ref --format=%(refname)%00%(upstream:short)%00%(objectname)%00%(upstream:track)%00%(upstream:remotename)%00%(upstream:remoteref) refs/heads/main refs/remotes/main [6ms]
[2022-07-19T04:54:36.703Z] > git for-each-ref --sort -committerdate --format %(refname) %(objectname) %(*objectname) [23ms]
[2022-07-19T04:54:36.704Z] > git remote --verbose [4ms]
[2022-07-19T04:54:36.725Z] > git config --get commit.template [2ms]
[2022-07-19T04:54:41.750Z] > git status -z -uall [10ms]
[2022-07-19T04:54:41.766Z] > git symbolic-ref --short HEAD [3ms]
[2022-07-19T04:54:41.785Z] > git for-each-ref --format=%(refname)%00%(upstream:short)%00%(objectname)%00%(upstream:track)%00%(upstream:remotename)%00%(upstream:remoteref) refs/heads/main refs/remotes/main [5ms]
[2022-07-19T04:54:41.814Z] > git for-each-ref --sort -committerdate --format %(refname) %(objectname) %(*objectname) [15ms]
[2022-07-19T04:54:41.816Z] > git remote --verbose [3ms]
[2022-07-19T04:54:41.835Z] > git config --get commit.template [2ms]
[2022-07-19T04:54:50.692Z] > git rev-parse --show-toplevel [13ms]
[2022-07-19T04:55:23.283Z] > git rev-parse --show-toplevel [10ms]
[2022-07-19T04:55:49.381Z] > git status -z -uall [8ms]
[2022-07-19T04:55:49.407Z] > git symbolic-ref --short HEAD [7ms]
[2022-07-19T04:55:49.432Z] > git for-each-ref --format=%(refname)%00%(upstream:short)%00%(objectname)%00%(upstream:track)%00%(upstream:remotename)%00%(upstream:remoteref) refs/heads/main refs/remotes/main [4ms]
[2022-07-19T04:55:49.479Z] > git for-each-ref --sort -committerdate --format %(refname) %(objectname) %(*objectname) [28ms]
[2022-07-19T04:55:49.482Z] > git remote --verbose [5ms]
[2022-07-19T04:55:49.501Z] > git config --get commit.template [2ms]
[2022-07-19T04:56:16.397Z] > git status -z -uall [10ms]
[2022-07-19T04:56:16.418Z] > git symbolic-ref --short HEAD [5ms]
[2022-07-19T04:56:16.439Z] > git for-each-ref --format=%(refname)%00%(upstream:short)%00%(objectname)%00%(upstream:track)%00%(upstream:remotename)%00%(upstream:remoteref) refs/heads/main refs/remotes/main [5ms]
[2022-07-19T04:56:16.468Z] > git for-each-ref --sort -committerdate --format %(refname) %(objectname) %(*objectname) [15ms]
[2022-07-19T04:56:16.469Z] > git remote --verbose [2ms]
[2022-07-19T04:56:16.489Z] > git config --get commit.template [3ms]
[2022-07-19T04:56:31.697Z] > git status -z -uall [11ms]
[2022-07-19T04:56:31.723Z] > git symbolic-ref --short HEAD [6ms]
[2022-07-19T04:56:31.747Z] > git for-each-ref --format=%(refname)%00%(upstream:short)%00%(objectname)%00%(upstream:track)%00%(upstream:remotename)%00%(upstream:remoteref) refs/heads/main refs/remotes/main [7ms]
[2022-07-19T04:56:31.795Z] > git for-each-ref --sort -committerdate --format %(refname) %(objectname) %(*objectname) [29ms]
[2022-07-19T04:56:31.796Z] > git remote --verbose [4ms]
[2022-07-19T04:56:31.825Z] > git config --get commit.template [4ms]
[2022-07-19T04:56:55.626Z] > git status -z -uall [10ms]
[2022-07-19T04:56:55.647Z] > git symbolic-ref --short HEAD [4ms]
[2022-07-19T04:56:55.669Z] > git for-each-ref --format=%(refname)%00%(upstream:short)%00%(objectname)%00%(upstream:track)%00%(upstream:remotename)%00%(upstream:remoteref) refs/heads/main refs/remotes/main [6ms]
[2022-07-19T04:56:55.698Z] > git for-each-ref --sort -committerdate --format %(refname) %(objectname) %(*objectname) [15ms]
[2022-07-19T04:56:55.700Z] > git remote --verbose [3ms]
[2022-07-19T04:56:55.720Z] > git config --get commit.template [3ms]
[2022-07-19T04:57:07.201Z] > git status -z -uall [8ms]
[2022-07-19T04:57:07.225Z] > git symbolic-ref --short HEAD [7ms]
[2022-07-19T04:57:07.249Z] > git for-each-ref --format=%(refname)%00%(upstream:short)%00%(objectname)%00%(upstream:track)%00%(upstream:remotename)%00%(upstream:remoteref) refs/heads/main refs/remotes/main [5ms]
[2022-07-19T04:57:07.290Z] > git for-each-ref --sort -committerdate --format %(refname) %(objectname) %(*objectname) [24ms]
[2022-07-19T04:57:07.291Z] > git remote --verbose [4ms]
[2022-07-19T04:57:07.309Z] > git config --get commit.template [2ms]
[2022-07-19T04:57:08.669Z] > git rev-parse --show-toplevel [6ms]
