[2022-06-20T03:21:05.792Z] Log level: Info
[2022-06-20T03:21:05.797Z] [info] Validating found git in: git
[2022-06-20T03:21:05.850Z] [info] Using git 2.36.1 from git
[2022-06-20T03:21:06.796Z] > git rev-parse --show-toplevel [881ms]
[2022-06-20T03:21:06.796Z] fatal: not a git repository (or any parent up to mount point /run/media/upalb)
Stopping at filesystem boundary (GIT_DISCOVERY_ACROSS_FILESYSTEM not set).
[2022-06-20T03:21:16.790Z] > git rev-parse --show-toplevel [9971ms]
[2022-06-20T03:21:16.790Z] fatal: not a git repository (or any parent up to mount point /run/media/upalb)
Stopping at filesystem boundary (GIT_DISCOVERY_ACROSS_FILESYSTEM not set).
[2022-06-20T03:21:16.959Z] > git rev-parse --show-toplevel [135ms]
[2022-06-20T03:21:16.959Z] fatal: not a git repository (or any parent up to mount point /run/media/upalb)
Stopping at filesystem boundary (GIT_DISCOVERY_ACROSS_FILESYSTEM not set).
[2022-06-20T03:21:17.042Z] > git rev-parse --show-toplevel [5ms]
[2022-06-20T03:21:17.042Z] fatal: not a git repository (or any parent up to mount point /run/media/upalb)
Stopping at filesystem boundary (GIT_DISCOVERY_ACROSS_FILESYSTEM not set).
[2022-06-20T03:21:17.205Z] > git rev-parse --show-toplevel [109ms]
[2022-06-20T03:21:17.205Z] fatal: not a git repository (or any parent up to mount point /run/media/upalb)
Stopping at filesystem boundary (GIT_DISCOVERY_ACROSS_FILESYSTEM not set).
[2022-06-20T03:21:17.224Z] > git rev-parse --show-toplevel [7ms]
[2022-06-20T03:21:17.224Z] fatal: not a git repository (or any parent up to mount point /run/media/upalb)
Stopping at filesystem boundary (GIT_DISCOVERY_ACROSS_FILESYSTEM not set).
[2022-06-20T03:31:40.268Z] > git rev-parse --show-toplevel [30ms]
[2022-06-20T03:31:40.268Z] fatal: not a git repository (or any parent up to mount point /run/media/upalb)
Stopping at filesystem boundary (GIT_DISCOVERY_ACROSS_FILESYSTEM not set).
[2022-06-20T03:31:49.580Z] > git rev-parse --show-toplevel [15ms]
[2022-06-20T03:31:49.580Z] fatal: not a git repository (or any parent up to mount point /run/media/upalb)
Stopping at filesystem boundary (GIT_DISCOVERY_ACROSS_FILESYSTEM not set).
[2022-06-20T03:32:23.654Z] > git rev-parse --show-toplevel [7ms]
[2022-06-20T03:32:23.654Z] fatal: not a git repository (or any parent up to mount point /run/media/upalb)
Stopping at filesystem boundary (GIT_DISCOVERY_ACROSS_FILESYSTEM not set).
[2022-06-20T03:38:42.337Z] > git rev-parse --show-toplevel [6ms]
[2022-06-20T03:38:42.337Z] fatal: not a git repository (or any parent up to mount point /run/media/upalb)
Stopping at filesystem boundary (GIT_DISCOVERY_ACROSS_FILESYSTEM not set).
[2022-06-20T03:38:50.210Z] > git rev-parse --show-toplevel [11ms]
[2022-06-20T03:38:50.210Z] fatal: not a git repository (or any parent up to mount point /run/media/upalb)
Stopping at filesystem boundary (GIT_DISCOVERY_ACROSS_FILESYSTEM not set).
