[2022-06-22T03:47:56.623Z] Log level: Info
[2022-06-22T03:47:56.633Z] [info] Validating found git in: git
[2022-06-22T03:47:56.916Z] [info] Using git 2.36.1 from git
[2022-06-22T03:47:57.214Z] > git rev-parse --show-toplevel [283ms]
[2022-06-22T03:47:57.214Z] fatal: not a git repository (or any parent up to mount point /run/media/upalb)
Stopping at filesystem boundary (GIT_DISCOVERY_ACROSS_FILESYSTEM not set).
[2022-06-22T03:47:57.568Z] > git rev-parse --show-toplevel [182ms]
[2022-06-22T03:47:57.568Z] fatal: not a git repository (or any parent up to mount point /run/media/upalb)
Stopping at filesystem boundary (GIT_DISCOVERY_ACROSS_FILESYSTEM not set).
[2022-06-22T03:47:57.839Z] > git rev-parse --show-toplevel [254ms]
[2022-06-22T03:47:57.839Z] fatal: unsafe repository ('/run/media/upalb/Miscellaneous/Code/Projects/manage-landing-page/COMPLETED' is owned by someone else)
To add an exception for this directory, call:

	git config --global --add safe.directory /run/media/upalb/Miscellaneous/Code/Projects/manage-landing-page/COMPLETED
[2022-06-22T03:47:57.903Z] > git rev-parse --show-toplevel [24ms]
[2022-06-22T03:47:57.903Z] fatal: not a git repository (or any parent up to mount point /run/media/upalb)
Stopping at filesystem boundary (GIT_DISCOVERY_ACROSS_FILESYSTEM not set).
[2022-06-22T03:48:02.631Z] > git rev-parse --show-toplevel [4716ms]
[2022-06-22T03:48:02.631Z] fatal: not a git repository (or any parent up to mount point /run/media/upalb)
Stopping at filesystem boundary (GIT_DISCOVERY_ACROSS_FILESYSTEM not set).
[2022-06-22T03:52:37.211Z] > git rev-parse --show-toplevel [42ms]
[2022-06-22T03:52:37.211Z] fatal: unsafe repository ('/run/media/upalb/Miscellaneous/Code/Projects/manage-landing-page/COMPLETED' is owned by someone else)
To add an exception for this directory, call:

	git config --global --add safe.directory /run/media/upalb/Miscellaneous/Code/Projects/manage-landing-page/COMPLETED
[2022-06-22T03:52:37.855Z] > git rev-parse --show-toplevel [126ms]
[2022-06-22T03:52:37.855Z] fatal: not a git repository (or any parent up to mount point /run/media/upalb)
Stopping at filesystem boundary (GIT_DISCOVERY_ACROSS_FILESYSTEM not set).
[2022-06-22T03:52:38.735Z] > git rev-parse --show-toplevel [321ms]
[2022-06-22T03:52:38.735Z] fatal: not a git repository (or any parent up to mount point /run/media/upalb)
Stopping at filesystem boundary (GIT_DISCOVERY_ACROSS_FILESYSTEM not set).
