[2022-07-20T05:17:30.222Z] Log level: Info
[2022-07-20T05:17:30.228Z] [info] Validating found git in: git
[2022-07-20T05:17:30.832Z] [info] Using git 2.37.1 from git
[2022-07-20T05:17:30.951Z] > git rev-parse --show-toplevel [98ms]
[2022-07-20T05:17:32.978Z] > git rev-parse --git-dir --git-common-dir [1994ms]
[2022-07-20T05:17:32.984Z] [info] Open repository: /home/upalb/Assignment-2
[2022-07-20T05:17:33.024Z] > git status -z -uall [22ms]
[2022-07-20T05:17:33.080Z] > git symbolic-ref --short HEAD [33ms]
[2022-07-20T05:17:33.101Z] > git rev-parse --show-toplevel [84ms]
[2022-07-20T05:17:33.134Z] > git rev-parse --git-dir --git-common-dir [14ms]
[2022-07-20T05:17:33.137Z] [info] Open repository: /home/upalb/downloads/second-asignment
[2022-07-20T05:17:33.166Z] > git for-each-ref --format=%(refname)%00%(upstream:short)%00%(objectname)%00%(upstream:track)%00%(upstream:remotename)%00%(upstream:remoteref) refs/heads/main refs/remotes/main [66ms]
[2022-07-20T05:17:33.201Z] > git status -z -uall [50ms]
[2022-07-20T05:17:33.224Z] > git remote --verbose [33ms]
[2022-07-20T05:17:33.225Z] > git for-each-ref --sort -committerdate --format %(refname) %(objectname) %(*objectname) [46ms]
[2022-07-20T05:17:33.228Z] > git ls-files --stage -- /home/upalb/Assignment-2/css/style.css [62ms]
[2022-07-20T05:17:33.266Z] > git symbolic-ref --short HEAD [46ms]
[2022-07-20T05:17:33.284Z] > git config --get commit.template [25ms]
[2022-07-20T05:17:33.302Z] > git cat-file -s e69de29bb2d1d6434b8b29ae775ad8c2e48c5391 [60ms]
[2022-07-20T05:17:33.307Z] > git status -z -uall [4ms]
[2022-07-20T05:17:33.327Z] > git for-each-ref --format=%(refname)%00%(upstream:short)%00%(objectname)%00%(upstream:track)%00%(upstream:remotename)%00%(upstream:remoteref) refs/heads/main refs/remotes/main [46ms]
[2022-07-20T05:17:33.378Z] > git remote --verbose [23ms]
[2022-07-20T05:17:33.378Z] > git for-each-ref --sort -committerdate --format %(refname) %(objectname) %(*objectname) [36ms]
[2022-07-20T05:17:33.382Z] > git symbolic-ref --short HEAD [58ms]
[2022-07-20T05:17:33.414Z] > git show --textconv :css/style.css [38ms]
[2022-07-20T05:17:33.426Z] > git config --get commit.template [12ms]
[2022-07-20T05:17:33.442Z] > git for-each-ref --format=%(refname)%00%(upstream:short)%00%(objectname)%00%(upstream:track)%00%(upstream:remotename)%00%(upstream:remoteref) refs/heads/main refs/remotes/main [48ms]
[2022-07-20T05:17:33.470Z] > git status -z -uall [28ms]
[2022-07-20T05:17:33.484Z] > git remote --verbose [16ms]
[2022-07-20T05:17:33.484Z] > git for-each-ref --sort -committerdate --format %(refname) %(objectname) %(*objectname) [29ms]
[2022-07-20T05:17:33.503Z] > git symbolic-ref --short HEAD [20ms]
[2022-07-20T05:17:33.520Z] > git config --get commit.template [19ms]
[2022-07-20T05:17:33.522Z] > git for-each-ref --format=%(refname)%00%(upstream:short)%00%(objectname)%00%(upstream:track)%00%(upstream:remotename)%00%(upstream:remoteref) refs/heads/main refs/remotes/main [5ms]
[2022-07-20T05:17:33.641Z] > git for-each-ref --sort -committerdate --format %(refname) %(objectname) %(*objectname) [106ms]
[2022-07-20T05:17:33.649Z] > git remote --verbose [101ms]
[2022-07-20T05:17:33.665Z] > git config --get commit.template [2ms]
[2022-07-20T05:17:33.791Z] > git check-ignore -v -z --stdin [16ms]
[2022-07-20T05:17:33.792Z] > git check-ignore -v -z --stdin [3ms]
[2022-07-20T05:17:42.135Z] > git config --global user.email [8ms]
[2022-07-20T05:17:42.185Z] > git config --global user.name [26ms]
[2022-07-20T05:17:42.215Z] > git status -z -uall [11ms]
[2022-07-20T05:17:42.233Z] > git symbolic-ref --short HEAD [4ms]
[2022-07-20T05:17:42.253Z] > git for-each-ref --format=%(refname)%00%(upstream:short)%00%(objectname)%00%(upstream:track)%00%(upstream:remotename)%00%(upstream:remoteref) refs/heads/main refs/remotes/main [4ms]
[2022-07-20T05:17:42.291Z] > git remote --verbose [10ms]
[2022-07-20T05:17:42.292Z] > git for-each-ref --sort -committerdate --format %(refname) %(objectname) %(*objectname) [26ms]
[2022-07-20T05:17:42.316Z] > git config --get commit.template [2ms]
[2022-07-20T05:17:42.335Z] > git show -s --format=%an <%ae> [%ai] 95491182c4d868731107848e32288055c4d4abad [3ms]
[2022-07-20T05:17:42.352Z] > git show -s --format=%H%n%aN%n%aE%n%at%n%ct%n%P%n%D%n%B -z 95491182c4d868731107848e32288055c4d4abad [3ms]
[2022-07-20T05:19:56.272Z] > git show --textconv :index.html [58ms]
[2022-07-20T05:19:56.285Z] > git ls-files --stage -- /home/upalb/Assignment-2/index.html [15ms]
[2022-07-20T05:19:56.367Z] > git cat-file -s e69de29bb2d1d6434b8b29ae775ad8c2e48c5391 [20ms]
[2022-07-20T05:20:32.394Z] > git show --textconv :css/style.css [27ms]
[2022-07-20T05:20:32.395Z] > git ls-files --stage -- /home/upalb/Assignment-2/css/style.css [5ms]
[2022-07-20T05:20:32.418Z] > git cat-file -s e69de29bb2d1d6434b8b29ae775ad8c2e48c5391 [3ms]
[2022-07-20T05:20:34.229Z] > git show --textconv :index.html [28ms]
[2022-07-20T05:20:34.233Z] > git ls-files --stage -- /home/upalb/Assignment-2/index.html [7ms]
[2022-07-20T05:20:34.259Z] > git cat-file -s e69de29bb2d1d6434b8b29ae775ad8c2e48c5391 [7ms]
[2022-07-20T05:21:37.094Z] > git show --textconv :css/style.css [34ms]
[2022-07-20T05:21:37.096Z] > git ls-files --stage -- /home/upalb/Assignment-2/css/style.css [6ms]
[2022-07-20T05:21:37.136Z] > git cat-file -s e69de29bb2d1d6434b8b29ae775ad8c2e48c5391 [5ms]
[2022-07-20T05:21:40.947Z] > git show --textconv :index.css [33ms]
[2022-07-20T05:21:40.954Z] > git ls-files --stage -- /home/upalb/downloads/second-asignment/index.css [10ms]
[2022-07-20T05:21:40.996Z] > git cat-file -s acfdd26a5221e348dc4fab7a89a800ad6aa8c52e [12ms]
[2022-07-20T05:21:41.760Z] > git show --textconv :index.html [49ms]
[2022-07-20T05:21:41.761Z] > git ls-files --stage -- /home/upalb/downloads/second-asignment/index.html [6ms]
[2022-07-20T05:21:41.800Z] > git cat-file -s 0c358f89fdba3560ddf8a15723f0afd539191b97 [3ms]
[2022-07-20T05:21:49.127Z] > git show --textconv :index.html [18ms]
[2022-07-20T05:21:49.129Z] > git ls-files --stage -- /home/upalb/downloads/second-asignment/index.html [4ms]
[2022-07-20T05:21:49.147Z] > git cat-file -s 0c358f89fdba3560ddf8a15723f0afd539191b97 [2ms]
[2022-07-20T05:21:52.067Z] > git show --textconv :index.html [19ms]
[2022-07-20T05:21:52.068Z] > git ls-files --stage -- /home/upalb/downloads/second-asignment/index.html [3ms]
[2022-07-20T05:21:52.087Z] > git cat-file -s 0c358f89fdba3560ddf8a15723f0afd539191b97 [2ms]
[2022-07-20T05:22:29.819Z] > git show --textconv :index.css [73ms]
[2022-07-20T05:22:29.829Z] > git ls-files --stage -- /home/upalb/downloads/second-asignment/index.css [12ms]
[2022-07-20T05:22:29.868Z] > git cat-file -s acfdd26a5221e348dc4fab7a89a800ad6aa8c52e [3ms]
[2022-07-20T05:22:37.692Z] > git show --textconv :index.html [23ms]
[2022-07-20T05:22:37.694Z] > git ls-files --stage -- /home/upalb/downloads/second-asignment/index.html [3ms]
[2022-07-20T05:22:37.714Z] > git cat-file -s 0c358f89fdba3560ddf8a15723f0afd539191b97 [4ms]
[2022-07-20T05:22:59.240Z] > git show --textconv :index.css [28ms]
[2022-07-20T05:22:59.242Z] > git ls-files --stage -- /home/upalb/downloads/second-asignment/index.css [3ms]
[2022-07-20T05:22:59.265Z] > git cat-file -s acfdd26a5221e348dc4fab7a89a800ad6aa8c52e [3ms]
[2022-07-20T05:23:29.519Z] > git status -z -uall [4ms]
[2022-07-20T05:23:29.537Z] > git symbolic-ref --short HEAD [2ms]
[2022-07-20T05:23:29.554Z] > git for-each-ref --format=%(refname)%00%(upstream:short)%00%(objectname)%00%(upstream:track)%00%(upstream:remotename)%00%(upstream:remoteref) refs/heads/main refs/remotes/main [3ms]
[2022-07-20T05:23:29.590Z] > git remote --verbose [4ms]
[2022-07-20T05:23:29.590Z] > git for-each-ref --sort -committerdate --format %(refname) %(objectname) %(*objectname) [21ms]
[2022-07-20T05:23:29.616Z] > git config --get commit.template [4ms]
[2022-07-20T05:23:32.310Z] > git show --textconv :index.html [24ms]
[2022-07-20T05:23:32.312Z] > git ls-files --stage -- /home/upalb/downloads/second-asignment/index.html [4ms]
[2022-07-20T05:23:32.333Z] > git cat-file -s 0c358f89fdba3560ddf8a15723f0afd539191b97 [2ms]
[2022-07-20T05:23:34.644Z] > git status -z -uall [6ms]
[2022-07-20T05:23:34.661Z] > git symbolic-ref --short HEAD [2ms]
[2022-07-20T05:23:34.678Z] > git for-each-ref --format=%(refname)%00%(upstream:short)%00%(objectname)%00%(upstream:track)%00%(upstream:remotename)%00%(upstream:remoteref) refs/heads/main refs/remotes/main [2ms]
[2022-07-20T05:23:34.711Z] > git for-each-ref --sort -committerdate --format %(refname) %(objectname) %(*objectname) [18ms]
[2022-07-20T05:23:34.712Z] > git remote --verbose [2ms]
[2022-07-20T05:23:34.733Z] > git config --get commit.template [3ms]
[2022-07-20T05:23:50.410Z] > git show --textconv :index.css [30ms]
[2022-07-20T05:23:50.413Z] > git ls-files --stage -- /home/upalb/downloads/second-asignment/index.css [6ms]
[2022-07-20T05:23:50.447Z] > git cat-file -s acfdd26a5221e348dc4fab7a89a800ad6aa8c52e [5ms]
[2022-07-20T05:24:04.644Z] > git show --textconv :index.html [33ms]
[2022-07-20T05:24:04.651Z] > git ls-files --stage -- /home/upalb/downloads/second-asignment/index.html [16ms]
[2022-07-20T05:24:04.689Z] > git cat-file -s 0c358f89fdba3560ddf8a15723f0afd539191b97 [16ms]
[2022-07-20T05:24:13.087Z] > git show --textconv :index.css [25ms]
[2022-07-20T05:24:13.089Z] > git ls-files --stage -- /home/upalb/downloads/second-asignment/index.css [3ms]
[2022-07-20T05:24:13.116Z] > git cat-file -s acfdd26a5221e348dc4fab7a89a800ad6aa8c52e [3ms]
[2022-07-20T05:24:49.567Z] > git ls-files --stage -- /home/upalb/downloads/second-asignment/index.html [148ms]
[2022-07-20T05:24:49.590Z] > git show --textconv :index.html [187ms]
[2022-07-20T05:24:49.592Z] > git cat-file -s 0c358f89fdba3560ddf8a15723f0afd539191b97 [4ms]
[2022-07-20T05:25:14.206Z] > git status -z -uall [4ms]
[2022-07-20T05:25:14.224Z] > git symbolic-ref --short HEAD [3ms]
[2022-07-20T05:25:14.243Z] > git for-each-ref --format=%(refname)%00%(upstream:short)%00%(objectname)%00%(upstream:track)%00%(upstream:remotename)%00%(upstream:remoteref) refs/heads/main refs/remotes/main [2ms]
[2022-07-20T05:25:14.283Z] > git for-each-ref --sort -committerdate --format %(refname) %(objectname) %(*objectname) [21ms]
[2022-07-20T05:25:14.288Z] > git remote --verbose [7ms]
[2022-07-20T05:25:14.323Z] > git config --get commit.template [4ms]
[2022-07-20T05:25:17.753Z] > git show --textconv :index.css [37ms]
[2022-07-20T05:25:17.758Z] > git ls-files --stage -- /home/upalb/downloads/second-asignment/index.css [6ms]
[2022-07-20T05:25:17.782Z] > git cat-file -s acfdd26a5221e348dc4fab7a89a800ad6aa8c52e [2ms]
[2022-07-20T05:25:26.299Z] > git status -z -uall [6ms]
[2022-07-20T05:25:26.330Z] > git symbolic-ref --short HEAD [4ms]
[2022-07-20T05:25:26.351Z] > git for-each-ref --format=%(refname)%00%(upstream:short)%00%(objectname)%00%(upstream:track)%00%(upstream:remotename)%00%(upstream:remoteref) refs/heads/main refs/remotes/main [3ms]
[2022-07-20T05:25:26.383Z] > git remote --verbose [2ms]
[2022-07-20T05:25:26.384Z] > git for-each-ref --sort -committerdate --format %(refname) %(objectname) %(*objectname) [18ms]
[2022-07-20T05:25:26.413Z] > git config --get commit.template [2ms]
[2022-07-20T05:25:29.978Z] > git show --textconv :index.html [22ms]
[2022-07-20T05:25:29.978Z] > git ls-files --stage -- /home/upalb/downloads/second-asignment/index.html [2ms]
[2022-07-20T05:25:30.008Z] > git cat-file -s 0c358f89fdba3560ddf8a15723f0afd539191b97 [7ms]
[2022-07-20T05:25:36.640Z] > git show --textconv :index.css [19ms]
[2022-07-20T05:25:36.642Z] > git ls-files --stage -- /home/upalb/downloads/second-asignment/index.css [4ms]
[2022-07-20T05:25:36.662Z] > git cat-file -s acfdd26a5221e348dc4fab7a89a800ad6aa8c52e [3ms]
[2022-07-20T05:26:06.451Z] > git status -z -uall [7ms]
[2022-07-20T05:26:06.481Z] > git symbolic-ref --short HEAD [5ms]
[2022-07-20T05:26:06.504Z] > git for-each-ref --format=%(refname)%00%(upstream:short)%00%(objectname)%00%(upstream:track)%00%(upstream:remotename)%00%(upstream:remoteref) refs/heads/main refs/remotes/main [2ms]
[2022-07-20T05:26:06.563Z] > git for-each-ref --sort -committerdate --format %(refname) %(objectname) %(*objectname) [38ms]
[2022-07-20T05:26:06.565Z] > git remote --verbose [9ms]
[2022-07-20T05:26:06.603Z] > git config --get commit.template [2ms]
[2022-07-20T05:26:08.098Z] > git show --textconv :index.html [26ms]
[2022-07-20T05:26:08.099Z] > git ls-files --stage -- /home/upalb/downloads/second-asignment/index.html [4ms]
[2022-07-20T05:26:08.121Z] > git cat-file -s 0c358f89fdba3560ddf8a15723f0afd539191b97 [3ms]
[2022-07-20T05:26:11.624Z] > git status -z -uall [5ms]
[2022-07-20T05:26:11.640Z] > git symbolic-ref --short HEAD [2ms]
[2022-07-20T05:26:11.656Z] > git for-each-ref --format=%(refname)%00%(upstream:short)%00%(objectname)%00%(upstream:track)%00%(upstream:remotename)%00%(upstream:remoteref) refs/heads/main refs/remotes/main [2ms]
[2022-07-20T05:26:11.689Z] > git for-each-ref --sort -committerdate --format %(refname) %(objectname) %(*objectname) [17ms]
[2022-07-20T05:26:11.690Z] > git remote --verbose [3ms]
[2022-07-20T05:26:11.709Z] > git config --get commit.template [1ms]
[2022-07-20T05:27:02.011Z] > git status -z -uall [4ms]
[2022-07-20T05:27:02.028Z] > git symbolic-ref --short HEAD [2ms]
[2022-07-20T05:27:02.046Z] > git for-each-ref --format=%(refname)%00%(upstream:short)%00%(objectname)%00%(upstream:track)%00%(upstream:remotename)%00%(upstream:remoteref) refs/heads/main refs/remotes/main [2ms]
[2022-07-20T05:27:02.081Z] > git for-each-ref --sort -committerdate --format %(refname) %(objectname) %(*objectname) [18ms]
[2022-07-20T05:27:02.082Z] > git remote --verbose [3ms]
[2022-07-20T05:27:02.102Z] > git config --get commit.template [2ms]
[2022-07-20T05:27:25.406Z] > git show --textconv :index.css [36ms]
[2022-07-20T05:27:25.408Z] > git ls-files --stage -- /home/upalb/downloads/second-asignment/index.css [5ms]
[2022-07-20T05:27:25.435Z] > git cat-file -s acfdd26a5221e348dc4fab7a89a800ad6aa8c52e [5ms]
[2022-07-20T05:29:20.406Z] > git show --textconv :index.html [18ms]
[2022-07-20T05:29:20.408Z] > git ls-files --stage -- /home/upalb/downloads/second-asignment/index.html [3ms]
[2022-07-20T05:29:20.426Z] > git cat-file -s 0c358f89fdba3560ddf8a15723f0afd539191b97 [2ms]
[2022-07-20T05:31:05.978Z] > git status -z -uall [39ms]
[2022-07-20T05:31:06.002Z] > git symbolic-ref --short HEAD [2ms]
[2022-07-20T05:31:06.020Z] > git for-each-ref --format=%(refname)%00%(upstream:short)%00%(objectname)%00%(upstream:track)%00%(upstream:remotename)%00%(upstream:remoteref) refs/heads/main refs/remotes/main [2ms]
[2022-07-20T05:31:06.054Z] > git remote --verbose [2ms]
[2022-07-20T05:31:06.055Z] > git for-each-ref --sort -committerdate --format %(refname) %(objectname) %(*objectname) [19ms]
[2022-07-20T05:31:06.081Z] > git config --get commit.template [2ms]
[2022-07-20T05:33:51.855Z] > git show --textconv :index.css [25ms]
[2022-07-20T05:33:51.858Z] > git ls-files --stage -- /home/upalb/downloads/second-asignment/index.css [5ms]
[2022-07-20T05:33:51.885Z] > git cat-file -s acfdd26a5221e348dc4fab7a89a800ad6aa8c52e [3ms]
[2022-07-20T05:34:00.069Z] > git show --textconv :index.html [23ms]
[2022-07-20T05:34:00.070Z] > git ls-files --stage -- /home/upalb/Assignment-2/index.html [4ms]
[2022-07-20T05:34:00.101Z] > git cat-file -s e69de29bb2d1d6434b8b29ae775ad8c2e48c5391 [5ms]
[2022-07-20T05:34:13.339Z] > git status -z -uall [4ms]
[2022-07-20T05:34:13.360Z] > git symbolic-ref --short HEAD [4ms]
[2022-07-20T05:34:13.385Z] > git for-each-ref --format=%(refname)%00%(upstream:short)%00%(objectname)%00%(upstream:track)%00%(upstream:remotename)%00%(upstream:remoteref) refs/heads/main refs/remotes/main [2ms]
[2022-07-20T05:34:13.431Z] > git remote --verbose [9ms]
[2022-07-20T05:34:13.432Z] > git for-each-ref --sort -committerdate --format %(refname) %(objectname) %(*objectname) [28ms]
[2022-07-20T05:34:13.484Z] > git config --get commit.template [20ms]
[2022-07-20T05:34:13.487Z] > git ls-files --stage -- /home/upalb/Assignment-2/index.html [5ms]
[2022-07-20T05:34:13.510Z] > git cat-file -s e69de29bb2d1d6434b8b29ae775ad8c2e48c5391 [2ms]
[2022-07-20T05:34:13.532Z] > git show --textconv :index.html [3ms]
[2022-07-20T05:34:20.909Z] > git status -z -uall [3ms]
[2022-07-20T05:34:20.927Z] > git symbolic-ref --short HEAD [2ms]
[2022-07-20T05:34:20.949Z] > git for-each-ref --format=%(refname)%00%(upstream:short)%00%(objectname)%00%(upstream:track)%00%(upstream:remotename)%00%(upstream:remoteref) refs/heads/main refs/remotes/main [2ms]
[2022-07-20T05:34:20.995Z] > git for-each-ref --sort -committerdate --format %(refname) %(objectname) %(*objectname) [20ms]
[2022-07-20T05:34:20.996Z] > git remote --verbose [3ms]
[2022-07-20T05:34:21.046Z] > git ls-files --stage -- /home/upalb/Assignment-2/index.html [24ms]
[2022-07-20T05:34:21.070Z] > git config --get commit.template [26ms]
[2022-07-20T05:34:21.072Z] > git cat-file -s 96da85353ee595f7e6f19ebc27bf8b41449feb31 [3ms]
[2022-07-20T05:34:21.094Z] > git show --textconv :index.html [3ms]
[2022-07-20T05:35:30.583Z] > git status -z -uall [3ms]
[2022-07-20T05:35:30.602Z] > git symbolic-ref --short HEAD [3ms]
[2022-07-20T05:35:30.620Z] > git for-each-ref --format=%(refname)%00%(upstream:short)%00%(objectname)%00%(upstream:track)%00%(upstream:remotename)%00%(upstream:remoteref) refs/heads/main refs/remotes/main [2ms]
[2022-07-20T05:35:30.653Z] > git for-each-ref --sort -committerdate --format %(refname) %(objectname) %(*objectname) [17ms]
[2022-07-20T05:35:30.654Z] > git remote --verbose [2ms]
[2022-07-20T05:35:30.677Z] > git config --get commit.template [2ms]
[2022-07-20T05:35:30.698Z] > git ls-files --stage -- /home/upalb/Assignment-2/index.html [2ms]
[2022-07-20T05:35:30.716Z] > git cat-file -s 96da85353ee595f7e6f19ebc27bf8b41449feb31 [2ms]
[2022-07-20T05:35:30.738Z] > git show --textconv :index.html [2ms]
[2022-07-20T05:35:58.500Z] > git status -z -uall [3ms]
[2022-07-20T05:35:58.517Z] > git symbolic-ref --short HEAD [2ms]
[2022-07-20T05:35:58.533Z] > git for-each-ref --format=%(refname)%00%(upstream:short)%00%(objectname)%00%(upstream:track)%00%(upstream:remotename)%00%(upstream:remoteref) refs/heads/main refs/remotes/main [1ms]
[2022-07-20T05:35:58.572Z] > git for-each-ref --sort -committerdate --format %(refname) %(objectname) %(*objectname) [22ms]
[2022-07-20T05:35:58.572Z] > git remote --verbose [3ms]
[2022-07-20T05:35:58.592Z] > git config --get commit.template [2ms]
[2022-07-20T05:35:58.611Z] > git ls-files --stage -- /home/upalb/Assignment-2/index.html [1ms]
[2022-07-20T05:35:58.628Z] > git cat-file -s 96da85353ee595f7e6f19ebc27bf8b41449feb31 [2ms]
[2022-07-20T05:35:58.650Z] > git show --textconv :index.html [2ms]
[2022-07-20T05:37:04.714Z] > git check-ignore -v -z --stdin [31ms]
[2022-07-20T05:37:05.823Z] > git show --textconv :index.html [194ms]
[2022-07-20T05:37:05.892Z] > git ls-files --stage -- /home/upalb/Assignment-2/index.html [191ms]
[2022-07-20T05:37:05.942Z] > git cat-file -s 96da85353ee595f7e6f19ebc27bf8b41449feb31 [14ms]
[2022-07-20T05:37:08.333Z] > git show --textconv :css/style.css [41ms]
[2022-07-20T05:37:08.335Z] > git ls-files --stage -- /home/upalb/Assignment-2/css/style.css [5ms]
[2022-07-20T05:37:08.370Z] > git cat-file -s 7650b2ad213f3def473c9f1735027b2dd830cae1 [5ms]
[2022-07-20T05:37:12.557Z] > git status -z -uall [4ms]
[2022-07-20T05:37:12.595Z] > git symbolic-ref --short HEAD [5ms]
[2022-07-20T05:37:12.675Z] > git for-each-ref --format=%(refname)%00%(upstream:short)%00%(objectname)%00%(upstream:track)%00%(upstream:remotename)%00%(upstream:remoteref) refs/heads/main refs/remotes/main [51ms]
[2022-07-20T05:37:12.772Z] > git remote --verbose [32ms]
[2022-07-20T05:37:12.773Z] > git for-each-ref --sort -committerdate --format %(refname) %(objectname) %(*objectname) [68ms]
[2022-07-20T05:37:12.991Z] > git show --textconv :index.html [43ms]
[2022-07-20T05:37:12.991Z] > git config --get commit.template [164ms]
[2022-07-20T05:37:12.995Z] > git ls-files --stage -- /home/upalb/Assignment-2/index.html [17ms]
[2022-07-20T05:37:13.021Z] > git cat-file -s 96da85353ee595f7e6f19ebc27bf8b41449feb31 [4ms]
[2022-07-20T05:41:05.104Z] > git show --textconv :css/style.css [18ms]
[2022-07-20T05:41:05.106Z] > git ls-files --stage -- /home/upalb/Assignment-2/css/style.css [2ms]
[2022-07-20T05:41:05.127Z] > git cat-file -s 7650b2ad213f3def473c9f1735027b2dd830cae1 [3ms]
[2022-07-20T05:41:43.080Z] > git status -z -uall [2ms]
[2022-07-20T05:41:43.103Z] > git symbolic-ref --short HEAD [3ms]
[2022-07-20T05:41:43.126Z] > git for-each-ref --format=%(refname)%00%(upstream:short)%00%(objectname)%00%(upstream:track)%00%(upstream:remotename)%00%(upstream:remoteref) refs/heads/main refs/remotes/main [2ms]
[2022-07-20T05:41:43.172Z] > git remote --verbose [3ms]
[2022-07-20T05:41:43.173Z] > git for-each-ref --sort -committerdate --format %(refname) %(objectname) %(*objectname) [28ms]
[2022-07-20T05:41:43.217Z] > git config --get commit.template [6ms]
[2022-07-20T05:42:10.549Z] > git status -z -uall [7ms]
[2022-07-20T05:42:10.580Z] > git symbolic-ref --short HEAD [4ms]
[2022-07-20T05:42:10.606Z] > git for-each-ref --format=%(refname)%00%(upstream:short)%00%(objectname)%00%(upstream:track)%00%(upstream:remotename)%00%(upstream:remoteref) refs/heads/main refs/remotes/main [2ms]
[2022-07-20T05:42:10.651Z] > git for-each-ref --sort -committerdate --format %(refname) %(objectname) %(*objectname) [23ms]
[2022-07-20T05:42:10.651Z] > git remote --verbose [2ms]
[2022-07-20T05:42:10.680Z] > git config --get commit.template [3ms]
[2022-07-20T05:42:50.564Z] > git status -z -uall [4ms]
[2022-07-20T05:42:50.588Z] > git symbolic-ref --short HEAD [2ms]
[2022-07-20T05:42:50.606Z] > git for-each-ref --format=%(refname)%00%(upstream:short)%00%(objectname)%00%(upstream:track)%00%(upstream:remotename)%00%(upstream:remoteref) refs/heads/main refs/remotes/main [2ms]
[2022-07-20T05:42:50.644Z] > git remote --verbose [3ms]
[2022-07-20T05:42:50.645Z] > git for-each-ref --sort -committerdate --format %(refname) %(objectname) %(*objectname) [21ms]
[2022-07-20T05:42:50.665Z] > git config --get commit.template [2ms]
[2022-07-20T05:42:57.813Z] > git status -z -uall [5ms]
[2022-07-20T05:42:57.839Z] > git symbolic-ref --short HEAD [2ms]
[2022-07-20T05:42:57.859Z] > git for-each-ref --format=%(refname)%00%(upstream:short)%00%(objectname)%00%(upstream:track)%00%(upstream:remotename)%00%(upstream:remoteref) refs/heads/main refs/remotes/main [1ms]
[2022-07-20T05:42:57.893Z] > git for-each-ref --sort -committerdate --format %(refname) %(objectname) %(*objectname) [18ms]
[2022-07-20T05:42:57.893Z] > git remote --verbose [2ms]
[2022-07-20T05:42:57.914Z] > git config --get commit.template [1ms]
[2022-07-20T05:43:06.477Z] > git status -z -uall [3ms]
[2022-07-20T05:43:06.495Z] > git symbolic-ref --short HEAD [2ms]
[2022-07-20T05:43:06.512Z] > git for-each-ref --format=%(refname)%00%(upstream:short)%00%(objectname)%00%(upstream:track)%00%(upstream:remotename)%00%(upstream:remoteref) refs/heads/main refs/remotes/main [2ms]
[2022-07-20T05:43:06.547Z] > git for-each-ref --sort -committerdate --format %(refname) %(objectname) %(*objectname) [19ms]
[2022-07-20T05:43:06.547Z] > git remote --verbose [1ms]
[2022-07-20T05:43:06.571Z] > git config --get commit.template [3ms]
[2022-07-20T05:43:11.465Z] > git show --textconv :index.html [24ms]
[2022-07-20T05:43:11.467Z] > git ls-files --stage -- /home/upalb/Assignment-2/index.html [3ms]
[2022-07-20T05:43:11.498Z] > git cat-file -s 96da85353ee595f7e6f19ebc27bf8b41449feb31 [2ms]
[2022-07-20T05:43:44.395Z] > git status -z -uall [7ms]
[2022-07-20T05:43:44.420Z] > git symbolic-ref --short HEAD [2ms]
[2022-07-20T05:43:44.456Z] > git for-each-ref --format=%(refname)%00%(upstream:short)%00%(objectname)%00%(upstream:track)%00%(upstream:remotename)%00%(upstream:remoteref) refs/heads/main refs/remotes/main [5ms]
[2022-07-20T05:43:44.514Z] > git for-each-ref --sort -committerdate --format %(refname) %(objectname) %(*objectname) [29ms]
[2022-07-20T05:43:44.515Z] > git remote --verbose [3ms]
[2022-07-20T05:43:44.553Z] > git config --get commit.template [2ms]
[2022-07-20T05:43:58.104Z] > git show --textconv :css/style.css [32ms]
[2022-07-20T05:43:58.107Z] > git ls-files --stage -- /home/upalb/Assignment-2/css/style.css [5ms]
[2022-07-20T05:43:58.143Z] > git cat-file -s 7650b2ad213f3def473c9f1735027b2dd830cae1 [4ms]
[2022-07-20T05:44:59.795Z] > git status -z -uall [5ms]
[2022-07-20T05:44:59.820Z] > git symbolic-ref --short HEAD [2ms]
[2022-07-20T05:44:59.846Z] > git for-each-ref --format=%(refname)%00%(upstream:short)%00%(objectname)%00%(upstream:track)%00%(upstream:remotename)%00%(upstream:remoteref) refs/heads/main refs/remotes/main [2ms]
[2022-07-20T05:44:59.883Z] > git for-each-ref --sort -committerdate --format %(refname) %(objectname) %(*objectname) [21ms]
[2022-07-20T05:44:59.883Z] > git remote --verbose [2ms]
[2022-07-20T05:44:59.903Z] > git config --get commit.template [2ms]
[2022-07-20T05:45:27.799Z] > git status -z -uall [3ms]
[2022-07-20T05:45:27.818Z] > git symbolic-ref --short HEAD [2ms]
[2022-07-20T05:45:27.836Z] > git for-each-ref --format=%(refname)%00%(upstream:short)%00%(objectname)%00%(upstream:track)%00%(upstream:remotename)%00%(upstream:remoteref) refs/heads/main refs/remotes/main [3ms]
[2022-07-20T05:45:27.870Z] > git for-each-ref --sort -committerdate --format %(refname) %(objectname) %(*objectname) [18ms]
[2022-07-20T05:45:27.870Z] > git remote --verbose [2ms]
[2022-07-20T05:45:27.891Z] > git config --get commit.template [2ms]
[2022-07-20T05:46:33.636Z] > git status -z -uall [3ms]
[2022-07-20T05:46:33.656Z] > git symbolic-ref --short HEAD [2ms]
[2022-07-20T05:46:33.675Z] > git for-each-ref --format=%(refname)%00%(upstream:short)%00%(objectname)%00%(upstream:track)%00%(upstream:remotename)%00%(upstream:remoteref) refs/heads/main refs/remotes/main [3ms]
[2022-07-20T05:46:33.719Z] > git for-each-ref --sort -committerdate --format %(refname) %(objectname) %(*objectname) [23ms]
[2022-07-20T05:46:33.720Z] > git remote --verbose [2ms]
[2022-07-20T05:46:33.746Z] > git config --get commit.template [3ms]
[2022-07-20T05:48:09.115Z] > git status -z -uall [60ms]
[2022-07-20T05:48:09.149Z] > git symbolic-ref --short HEAD [5ms]
[2022-07-20T05:48:09.186Z] > git for-each-ref --format=%(refname)%00%(upstream:short)%00%(objectname)%00%(upstream:track)%00%(upstream:remotename)%00%(upstream:remoteref) refs/heads/main refs/remotes/main [3ms]
[2022-07-20T05:48:09.237Z] > git for-each-ref --sort -committerdate --format %(refname) %(objectname) %(*objectname) [28ms]
[2022-07-20T05:48:09.239Z] > git remote --verbose [3ms]
[2022-07-20T05:48:09.267Z] > git config --get commit.template [2ms]
[2022-07-20T05:48:51.659Z] > git status -z -uall [29ms]
[2022-07-20T05:48:51.690Z] > git symbolic-ref --short HEAD [2ms]
[2022-07-20T05:48:51.708Z] > git for-each-ref --format=%(refname)%00%(upstream:short)%00%(objectname)%00%(upstream:track)%00%(upstream:remotename)%00%(upstream:remoteref) refs/heads/main refs/remotes/main [2ms]
[2022-07-20T05:48:51.750Z] > git for-each-ref --sort -committerdate --format %(refname) %(objectname) %(*objectname) [25ms]
[2022-07-20T05:48:51.751Z] > git remote --verbose [4ms]
[2022-07-20T05:48:51.776Z] > git config --get commit.template [1ms]
[2022-07-20T05:48:59.917Z] > git status -z -uall [4ms]
[2022-07-20T05:48:59.940Z] > git symbolic-ref --short HEAD [2ms]
[2022-07-20T05:48:59.960Z] > git for-each-ref --format=%(refname)%00%(upstream:short)%00%(objectname)%00%(upstream:track)%00%(upstream:remotename)%00%(upstream:remoteref) refs/heads/main refs/remotes/main [2ms]
[2022-07-20T05:49:00.001Z] > git for-each-ref --sort -committerdate --format %(refname) %(objectname) %(*objectname) [21ms]
[2022-07-20T05:49:00.002Z] > git remote --verbose [2ms]
[2022-07-20T05:49:00.027Z] > git config --get commit.template [2ms]
[2022-07-20T05:49:10.247Z] > git status -z -uall [42ms]
[2022-07-20T05:49:10.269Z] > git symbolic-ref --short HEAD [3ms]
[2022-07-20T05:49:10.293Z] > git for-each-ref --format=%(refname)%00%(upstream:short)%00%(objectname)%00%(upstream:track)%00%(upstream:remotename)%00%(upstream:remoteref) refs/heads/main refs/remotes/main [2ms]
[2022-07-20T05:49:10.331Z] > git for-each-ref --sort -committerdate --format %(refname) %(objectname) %(*objectname) [20ms]
[2022-07-20T05:49:10.332Z] > git remote --verbose [2ms]
[2022-07-20T05:49:10.359Z] > git config --get commit.template [2ms]
[2022-07-20T05:49:23.907Z] > git status -z -uall [71ms]
[2022-07-20T05:49:23.925Z] > git symbolic-ref --short HEAD [2ms]
[2022-07-20T05:49:23.942Z] > git for-each-ref --format=%(refname)%00%(upstream:short)%00%(objectname)%00%(upstream:track)%00%(upstream:remotename)%00%(upstream:remoteref) refs/heads/main refs/remotes/main [2ms]
[2022-07-20T05:49:23.977Z] > git for-each-ref --sort -committerdate --format %(refname) %(objectname) %(*objectname) [18ms]
[2022-07-20T05:49:23.978Z] > git remote --verbose [2ms]
[2022-07-20T05:49:24.003Z] > git config --get commit.template [4ms]
[2022-07-20T05:49:29.031Z] > git status -z -uall [3ms]
[2022-07-20T05:49:29.057Z] > git symbolic-ref --short HEAD [8ms]
[2022-07-20T05:49:29.113Z] > git for-each-ref --format=%(refname)%00%(upstream:short)%00%(objectname)%00%(upstream:track)%00%(upstream:remotename)%00%(upstream:remoteref) refs/heads/main refs/remotes/main [32ms]
[2022-07-20T05:49:29.178Z] > git for-each-ref --sort -committerdate --format %(refname) %(objectname) %(*objectname) [33ms]
[2022-07-20T05:49:29.222Z] > git remote --verbose [50ms]
[2022-07-20T05:49:29.289Z] > git config --get commit.template [6ms]
[2022-07-20T05:49:41.412Z] > git status -z -uall [197ms]
[2022-07-20T05:49:41.430Z] > git symbolic-ref --short HEAD [2ms]
[2022-07-20T05:49:41.447Z] > git for-each-ref --format=%(refname)%00%(upstream:short)%00%(objectname)%00%(upstream:track)%00%(upstream:remotename)%00%(upstream:remoteref) refs/heads/main refs/remotes/main [3ms]
[2022-07-20T05:49:41.480Z] > git for-each-ref --sort -committerdate --format %(refname) %(objectname) %(*objectname) [18ms]
[2022-07-20T05:49:41.480Z] > git remote --verbose [2ms]
[2022-07-20T05:49:41.504Z] > git config --get commit.template [3ms]
[2022-07-20T05:49:47.130Z] > git status -z -uall [3ms]
[2022-07-20T05:49:47.148Z] > git symbolic-ref --short HEAD [1ms]
[2022-07-20T05:49:47.171Z] > git for-each-ref --format=%(refname)%00%(upstream:short)%00%(objectname)%00%(upstream:track)%00%(upstream:remotename)%00%(upstream:remoteref) refs/heads/main refs/remotes/main [4ms]
[2022-07-20T05:49:47.213Z] > git for-each-ref --sort -committerdate --format %(refname) %(objectname) %(*objectname) [21ms]
[2022-07-20T05:49:47.214Z] > git remote --verbose [2ms]
[2022-07-20T05:49:47.242Z] > git config --get commit.template [4ms]
[2022-07-20T05:49:52.266Z] > git status -z -uall [3ms]
[2022-07-20T05:49:52.285Z] > git symbolic-ref --short HEAD [2ms]
[2022-07-20T05:49:52.305Z] > git for-each-ref --format=%(refname)%00%(upstream:short)%00%(objectname)%00%(upstream:track)%00%(upstream:remotename)%00%(upstream:remoteref) refs/heads/main refs/remotes/main [2ms]
[2022-07-20T05:49:52.376Z] > git for-each-ref --sort -committerdate --format %(refname) %(objectname) %(*objectname) [46ms]
[2022-07-20T05:49:52.378Z] > git remote --verbose [8ms]
[2022-07-20T05:49:52.409Z] > git config --get commit.template [3ms]
[2022-07-20T05:50:09.746Z] > git status -z -uall [3ms]
[2022-07-20T05:50:09.778Z] > git symbolic-ref --short HEAD [2ms]
[2022-07-20T05:50:09.805Z] > git for-each-ref --format=%(refname)%00%(upstream:short)%00%(objectname)%00%(upstream:track)%00%(upstream:remotename)%00%(upstream:remoteref) refs/heads/main refs/remotes/main [2ms]
[2022-07-20T05:50:09.841Z] > git for-each-ref --sort -committerdate --format %(refname) %(objectname) %(*objectname) [19ms]
[2022-07-20T05:50:09.841Z] > git remote --verbose [2ms]
[2022-07-20T05:50:09.865Z] > git config --get commit.template [3ms]
[2022-07-20T05:50:42.478Z] > git status -z -uall [2692ms]
[2022-07-20T05:50:42.564Z] > git symbolic-ref --short HEAD [36ms]
[2022-07-20T05:50:42.762Z] > git for-each-ref --format=%(refname)%00%(upstream:short)%00%(objectname)%00%(upstream:track)%00%(upstream:remotename)%00%(upstream:remoteref) refs/heads/main refs/remotes/main [182ms]
[2022-07-20T05:50:42.804Z] > git for-each-ref --sort -committerdate --format %(refname) %(objectname) %(*objectname) [25ms]
[2022-07-20T05:50:42.814Z] > git remote --verbose [17ms]
[2022-07-20T05:50:42.866Z] > git config --get commit.template [32ms]
[2022-07-20T05:52:39.184Z] > git status -z -uall [822ms]
[2022-07-20T05:52:39.228Z] > git symbolic-ref --short HEAD [2ms]
[2022-07-20T05:52:39.278Z] > git for-each-ref --format=%(refname)%00%(upstream:short)%00%(objectname)%00%(upstream:track)%00%(upstream:remotename)%00%(upstream:remoteref) refs/heads/main refs/remotes/main [32ms]
[2022-07-20T05:52:39.319Z] > git remote --verbose [2ms]
[2022-07-20T05:52:39.331Z] > git for-each-ref --sort -committerdate --format %(refname) %(objectname) %(*objectname) [34ms]
[2022-07-20T05:52:39.359Z] > git config --get commit.template [2ms]
[2022-07-20T05:52:44.399Z] > git status -z -uall [2ms]
[2022-07-20T05:52:44.420Z] > git symbolic-ref --short HEAD [2ms]
[2022-07-20T05:52:44.438Z] > git for-each-ref --format=%(refname)%00%(upstream:short)%00%(objectname)%00%(upstream:track)%00%(upstream:remotename)%00%(upstream:remoteref) refs/heads/main refs/remotes/main [2ms]
[2022-07-20T05:52:44.481Z] > git remote --verbose [11ms]
[2022-07-20T05:52:44.482Z] > git for-each-ref --sort -committerdate --format %(refname) %(objectname) %(*objectname) [27ms]
[2022-07-20T05:52:44.502Z] > git config --get commit.template [1ms]
[2022-07-20T05:53:01.604Z] > git status -z -uall [12ms]
[2022-07-20T05:53:01.624Z] > git symbolic-ref --short HEAD [2ms]
[2022-07-20T05:53:01.643Z] > git for-each-ref --format=%(refname)%00%(upstream:short)%00%(objectname)%00%(upstream:track)%00%(upstream:remotename)%00%(upstream:remoteref) refs/heads/main refs/remotes/main [2ms]
[2022-07-20T05:53:01.680Z] > git for-each-ref --sort -committerdate --format %(refname) %(objectname) %(*objectname) [19ms]
[2022-07-20T05:53:01.680Z] > git remote --verbose [2ms]
[2022-07-20T05:53:01.721Z] > git config --get commit.template [2ms]
[2022-07-20T05:53:57.124Z] > git status -z -uall [3ms]
[2022-07-20T05:53:57.147Z] > git symbolic-ref --short HEAD [2ms]
[2022-07-20T05:53:57.172Z] > git for-each-ref --format=%(refname)%00%(upstream:short)%00%(objectname)%00%(upstream:track)%00%(upstream:remotename)%00%(upstream:remoteref) refs/heads/main refs/remotes/main [3ms]
[2022-07-20T05:53:57.214Z] > git for-each-ref --sort -committerdate --format %(refname) %(objectname) %(*objectname) [22ms]
[2022-07-20T05:53:57.214Z] > git remote --verbose [2ms]
[2022-07-20T05:53:57.237Z] > git config --get commit.template [1ms]
[2022-07-20T05:54:35.744Z] > git status -z -uall [22ms]
[2022-07-20T05:54:35.770Z] > git symbolic-ref --short HEAD [5ms]
[2022-07-20T05:54:35.796Z] > git for-each-ref --format=%(refname)%00%(upstream:short)%00%(objectname)%00%(upstream:track)%00%(upstream:remotename)%00%(upstream:remoteref) refs/heads/main refs/remotes/main [4ms]
[2022-07-20T05:54:35.832Z] > git for-each-ref --sort -committerdate --format %(refname) %(objectname) %(*objectname) [17ms]
[2022-07-20T05:54:35.832Z] > git remote --verbose [2ms]
[2022-07-20T05:54:35.851Z] > git config --get commit.template [2ms]
[2022-07-20T05:54:42.584Z] > git status -z -uall [3ms]
[2022-07-20T05:54:42.601Z] > git symbolic-ref --short HEAD [2ms]
[2022-07-20T05:54:42.618Z] > git for-each-ref --format=%(refname)%00%(upstream:short)%00%(objectname)%00%(upstream:track)%00%(upstream:remotename)%00%(upstream:remoteref) refs/heads/main refs/remotes/main [2ms]
[2022-07-20T05:54:42.650Z] > git for-each-ref --sort -committerdate --format %(refname) %(objectname) %(*objectname) [17ms]
[2022-07-20T05:54:42.651Z] > git remote --verbose [2ms]
[2022-07-20T05:54:42.671Z] > git config --get commit.template [2ms]
[2022-07-20T05:55:04.685Z] > git status -z -uall [5ms]
[2022-07-20T05:55:04.708Z] > git symbolic-ref --short HEAD [1ms]
[2022-07-20T05:55:04.741Z] > git for-each-ref --format=%(refname)%00%(upstream:short)%00%(objectname)%00%(upstream:track)%00%(upstream:remotename)%00%(upstream:remoteref) refs/heads/main refs/remotes/main [5ms]
[2022-07-20T05:55:04.828Z] > git for-each-ref --sort -committerdate --format %(refname) %(objectname) %(*objectname) [43ms]
[2022-07-20T05:55:04.829Z] > git remote --verbose [2ms]
[2022-07-20T05:55:04.876Z] > git config --get commit.template [5ms]
[2022-07-20T06:17:49.914Z] > git status -z -uall [396ms]
[2022-07-20T06:17:49.961Z] > git symbolic-ref --short HEAD [9ms]
[2022-07-20T06:17:49.990Z] > git for-each-ref --format=%(refname)%00%(upstream:short)%00%(objectname)%00%(upstream:track)%00%(upstream:remotename)%00%(upstream:remoteref) refs/heads/main refs/remotes/main [5ms]
[2022-07-20T06:17:50.038Z] > git for-each-ref --sort -committerdate --format %(refname) %(objectname) %(*objectname) [24ms]
[2022-07-20T06:17:50.062Z] > git remote --verbose [26ms]
[2022-07-20T06:17:50.102Z] > git config --get commit.template [2ms]
[2022-07-20T06:23:10.599Z] > git rev-parse --show-toplevel [140ms]
[2022-07-20T06:23:10.678Z] > git rev-parse --git-dir --git-common-dir [2ms]
[2022-07-20T06:23:10.688Z] [info] Open repository: /home/upalb/downloads/second-asignment
[2022-07-20T06:23:10.714Z] > git status -z -uall [8ms]
[2022-07-20T06:23:10.738Z] > git symbolic-ref --short HEAD [1ms]
[2022-07-20T06:23:10.771Z] > git for-each-ref --format=%(refname)%00%(upstream:short)%00%(objectname)%00%(upstream:track)%00%(upstream:remotename)%00%(upstream:remoteref) refs/heads/main refs/remotes/main [5ms]
[2022-07-20T06:23:10.810Z] > git remote --verbose [2ms]
[2022-07-20T06:23:10.811Z] > git for-each-ref --sort -committerdate --format %(refname) %(objectname) %(*objectname) [20ms]
[2022-07-20T06:23:10.834Z] > git config --get commit.template [2ms]
[2022-07-20T06:23:11.345Z] > git check-ignore -v -z --stdin [2ms]
[2022-07-20T06:23:11.377Z] > git check-ignore -v -z --stdin [91ms]
[2022-07-20T06:23:28.284Z] > git show --textconv :index.css [334ms]
[2022-07-20T06:23:28.315Z] > git ls-files --stage -- /home/upalb/downloads/second-asignment/index.css [293ms]
[2022-07-20T06:23:28.371Z] > git cat-file -s 4d9e067c8e79312b204b644f1198bd8c00892abc [5ms]
[2022-07-20T06:24:00.144Z] > git show --textconv :index.html [43ms]
[2022-07-20T06:24:00.156Z] > git ls-files --stage -- /home/upalb/downloads/second-asignment/index.html [14ms]
[2022-07-20T06:24:00.181Z] > git cat-file -s a5067936eca7dda2d9afa0e79b7aa820d1a73723 [3ms]
[2022-07-20T06:24:06.486Z] > git status -z -uall [7ms]
[2022-07-20T06:24:06.504Z] > git symbolic-ref --short HEAD [1ms]
[2022-07-20T06:24:06.526Z] > git for-each-ref --format=%(refname)%00%(upstream:short)%00%(objectname)%00%(upstream:track)%00%(upstream:remotename)%00%(upstream:remoteref) refs/heads/main refs/remotes/main [3ms]
[2022-07-20T06:24:06.602Z] > git for-each-ref --sort -committerdate --format %(refname) %(objectname) %(*objectname) [50ms]
[2022-07-20T06:24:06.603Z] > git remote --verbose [3ms]
[2022-07-20T06:24:06.656Z] > git config --get commit.template [5ms]
[2022-07-20T06:24:08.598Z] > git show --textconv :index.css [31ms]
[2022-07-20T06:24:08.600Z] > git ls-files --stage -- /home/upalb/downloads/second-asignment/index.css [4ms]
[2022-07-20T06:24:08.643Z] > git cat-file -s 4d9e067c8e79312b204b644f1198bd8c00892abc [4ms]
[2022-07-20T06:24:11.701Z] > git status -z -uall [8ms]
[2022-07-20T06:24:11.777Z] > git symbolic-ref --short HEAD [9ms]
[2022-07-20T06:24:11.891Z] > git for-each-ref --format=%(refname)%00%(upstream:short)%00%(objectname)%00%(upstream:track)%00%(upstream:remotename)%00%(upstream:remoteref) refs/heads/main refs/remotes/main [23ms]
[2022-07-20T06:24:11.957Z] > git for-each-ref --sort -committerdate --format %(refname) %(objectname) %(*objectname) [33ms]
[2022-07-20T06:24:11.958Z] > git remote --verbose [3ms]
[2022-07-20T06:24:12.000Z] > git config --get commit.template [3ms]
[2022-07-20T06:24:15.407Z] > git show --textconv :index.html [76ms]
[2022-07-20T06:24:15.417Z] > git ls-files --stage -- /home/upalb/downloads/second-asignment/index.html [12ms]
[2022-07-20T06:24:15.498Z] > git cat-file -s a5067936eca7dda2d9afa0e79b7aa820d1a73723 [2ms]
[2022-07-20T06:24:17.036Z] > git status -z -uall [8ms]
[2022-07-20T06:24:17.091Z] > git symbolic-ref --short HEAD [5ms]
[2022-07-20T06:24:17.137Z] > git for-each-ref --format=%(refname)%00%(upstream:short)%00%(objectname)%00%(upstream:track)%00%(upstream:remotename)%00%(upstream:remoteref) refs/heads/main refs/remotes/main [3ms]
[2022-07-20T06:24:17.198Z] > git for-each-ref --sort -committerdate --format %(refname) %(objectname) %(*objectname) [33ms]
[2022-07-20T06:24:17.205Z] > git remote --verbose [9ms]
[2022-07-20T06:24:17.257Z] > git config --get commit.template [5ms]
[2022-07-20T06:24:39.029Z] > git status -z -uall [7ms]
[2022-07-20T06:24:39.048Z] > git symbolic-ref --short HEAD [1ms]
[2022-07-20T06:24:39.068Z] > git for-each-ref --format=%(refname)%00%(upstream:short)%00%(objectname)%00%(upstream:track)%00%(upstream:remotename)%00%(upstream:remoteref) refs/heads/main refs/remotes/main [2ms]
[2022-07-20T06:24:39.109Z] > git for-each-ref --sort -committerdate --format %(refname) %(objectname) %(*objectname) [24ms]
[2022-07-20T06:24:39.111Z] > git remote --verbose [4ms]
[2022-07-20T06:24:39.137Z] > git config --get commit.template [1ms]
[2022-07-20T06:32:04.716Z] > git show --textconv :index.css [27ms]
[2022-07-20T06:32:04.718Z] > git ls-files --stage -- /home/upalb/downloads/second-asignment/index.css [4ms]
[2022-07-20T06:32:04.740Z] > git cat-file -s 4d9e067c8e79312b204b644f1198bd8c00892abc [3ms]
[2022-07-20T06:32:07.279Z] > git ls-files --stage -- /home/upalb/Assignment-2/css/style.css [5ms]
[2022-07-20T06:32:07.317Z] > git cat-file -s 7650b2ad213f3def473c9f1735027b2dd830cae1 [19ms]
[2022-07-20T06:32:07.318Z] > git show --textconv :css/style.css [63ms]
[2022-07-20T06:32:13.505Z] > git ls-files --stage -- /home/upalb/Assignment-2/index.html [6ms]
[2022-07-20T06:32:13.538Z] > git show --textconv :index.html [68ms]
[2022-07-20T06:32:13.543Z] > git cat-file -s 96da85353ee595f7e6f19ebc27bf8b41449feb31 [14ms]
[2022-07-20T06:32:21.303Z] > git show --textconv :css/style.css [25ms]
[2022-07-20T06:32:21.306Z] > git ls-files --stage -- /home/upalb/Assignment-2/css/style.css [5ms]
[2022-07-20T06:32:21.331Z] > git cat-file -s 7650b2ad213f3def473c9f1735027b2dd830cae1 [4ms]
[2022-07-20T06:32:58.517Z] > git status -z -uall [76ms]
[2022-07-20T06:32:58.543Z] > git symbolic-ref --short HEAD [3ms]
[2022-07-20T06:32:58.566Z] > git for-each-ref --format=%(refname)%00%(upstream:short)%00%(objectname)%00%(upstream:track)%00%(upstream:remotename)%00%(upstream:remoteref) refs/heads/main refs/remotes/main [2ms]
[2022-07-20T06:32:58.613Z] > git for-each-ref --sort -committerdate --format %(refname) %(objectname) %(*objectname) [24ms]
[2022-07-20T06:32:58.614Z] > git remote --verbose [3ms]
[2022-07-20T06:32:58.642Z] > git config --get commit.template [3ms]
[2022-07-20T06:33:41.027Z] > git status -z -uall [3ms]
[2022-07-20T06:33:41.046Z] > git symbolic-ref --short HEAD [3ms]
[2022-07-20T06:33:41.065Z] > git for-each-ref --format=%(refname)%00%(upstream:short)%00%(objectname)%00%(upstream:track)%00%(upstream:remotename)%00%(upstream:remoteref) refs/heads/main refs/remotes/main [2ms]
[2022-07-20T06:33:41.096Z] > git for-each-ref --sort -committerdate --format %(refname) %(objectname) %(*objectname) [16ms]
[2022-07-20T06:33:41.097Z] > git remote --verbose [2ms]
[2022-07-20T06:33:41.122Z] > git config --get commit.template [3ms]
[2022-07-20T06:33:46.151Z] > git status -z -uall [3ms]
[2022-07-20T06:33:46.170Z] > git symbolic-ref --short HEAD [2ms]
[2022-07-20T06:33:46.190Z] > git for-each-ref --format=%(refname)%00%(upstream:short)%00%(objectname)%00%(upstream:track)%00%(upstream:remotename)%00%(upstream:remoteref) refs/heads/main refs/remotes/main [2ms]
[2022-07-20T06:33:46.223Z] > git for-each-ref --sort -committerdate --format %(refname) %(objectname) %(*objectname) [17ms]
[2022-07-20T06:33:46.224Z] > git remote --verbose [2ms]
[2022-07-20T06:33:46.244Z] > git config --get commit.template [2ms]
[2022-07-20T06:33:51.267Z] > git status -z -uall [2ms]
[2022-07-20T06:33:51.289Z] > git symbolic-ref --short HEAD [2ms]
[2022-07-20T06:33:51.314Z] > git for-each-ref --format=%(refname)%00%(upstream:short)%00%(objectname)%00%(upstream:track)%00%(upstream:remotename)%00%(upstream:remoteref) refs/heads/main refs/remotes/main [4ms]
[2022-07-20T06:33:51.355Z] > git for-each-ref --sort -committerdate --format %(refname) %(objectname) %(*objectname) [19ms]
[2022-07-20T06:33:51.356Z] > git remote --verbose [2ms]
[2022-07-20T06:33:51.375Z] > git config --get commit.template [1ms]
[2022-07-20T06:34:15.108Z] > git status -z -uall [6ms]
[2022-07-20T06:34:15.132Z] > git symbolic-ref --short HEAD [2ms]
[2022-07-20T06:34:15.151Z] > git for-each-ref --format=%(refname)%00%(upstream:short)%00%(objectname)%00%(upstream:track)%00%(upstream:remotename)%00%(upstream:remoteref) refs/heads/main refs/remotes/main [2ms]
[2022-07-20T06:34:15.187Z] > git for-each-ref --sort -committerdate --format %(refname) %(objectname) %(*objectname) [19ms]
[2022-07-20T06:34:15.188Z] > git remote --verbose [3ms]
[2022-07-20T06:34:15.209Z] > git config --get commit.template [2ms]
[2022-07-20T06:34:51.633Z] > git status -z -uall [3ms]
[2022-07-20T06:34:51.652Z] > git symbolic-ref --short HEAD [2ms]
[2022-07-20T06:34:51.669Z] > git for-each-ref --format=%(refname)%00%(upstream:short)%00%(objectname)%00%(upstream:track)%00%(upstream:remotename)%00%(upstream:remoteref) refs/heads/main refs/remotes/main [1ms]
[2022-07-20T06:34:51.701Z] > git for-each-ref --sort -committerdate --format %(refname) %(objectname) %(*objectname) [18ms]
[2022-07-20T06:34:51.702Z] > git remote --verbose [2ms]
[2022-07-20T06:34:51.723Z] > git config --get commit.template [3ms]
[2022-07-20T06:35:37.631Z] > git status -z -uall [3ms]
[2022-07-20T06:35:37.650Z] > git symbolic-ref --short HEAD [2ms]
[2022-07-20T06:35:37.668Z] > git for-each-ref --format=%(refname)%00%(upstream:short)%00%(objectname)%00%(upstream:track)%00%(upstream:remotename)%00%(upstream:remoteref) refs/heads/main refs/remotes/main [2ms]
[2022-07-20T06:35:37.704Z] > git for-each-ref --sort -committerdate --format %(refname) %(objectname) %(*objectname) [19ms]
[2022-07-20T06:35:37.704Z] > git remote --verbose [1ms]
[2022-07-20T06:35:37.725Z] > git config --get commit.template [2ms]
[2022-07-20T06:36:02.752Z] > git status -z -uall [2ms]
[2022-07-20T06:36:02.777Z] > git symbolic-ref --short HEAD [2ms]
[2022-07-20T06:36:02.799Z] > git for-each-ref --format=%(refname)%00%(upstream:short)%00%(objectname)%00%(upstream:track)%00%(upstream:remotename)%00%(upstream:remoteref) refs/heads/main refs/remotes/main [2ms]
[2022-07-20T06:36:02.838Z] > git for-each-ref --sort -committerdate --format %(refname) %(objectname) %(*objectname) [21ms]
[2022-07-20T06:36:02.839Z] > git remote --verbose [3ms]
[2022-07-20T06:36:02.858Z] > git config --get commit.template [1ms]
[2022-07-20T06:36:08.745Z] > git status -z -uall [3ms]
[2022-07-20T06:36:08.763Z] > git symbolic-ref --short HEAD [2ms]
[2022-07-20T06:36:08.780Z] > git for-each-ref --format=%(refname)%00%(upstream:short)%00%(objectname)%00%(upstream:track)%00%(upstream:remotename)%00%(upstream:remoteref) refs/heads/main refs/remotes/main [2ms]
[2022-07-20T06:36:08.810Z] > git for-each-ref --sort -committerdate --format %(refname) %(objectname) %(*objectname) [16ms]
[2022-07-20T06:36:08.810Z] > git remote --verbose [2ms]
[2022-07-20T06:36:08.830Z] > git config --get commit.template [2ms]
[2022-07-20T06:36:18.820Z] > git status -z -uall [3ms]
[2022-07-20T06:36:18.838Z] > git symbolic-ref --short HEAD [2ms]
[2022-07-20T06:36:18.856Z] > git for-each-ref --format=%(refname)%00%(upstream:short)%00%(objectname)%00%(upstream:track)%00%(upstream:remotename)%00%(upstream:remoteref) refs/heads/main refs/remotes/main [2ms]
[2022-07-20T06:36:18.888Z] > git for-each-ref --sort -committerdate --format %(refname) %(objectname) %(*objectname) [17ms]
[2022-07-20T06:36:18.888Z] > git remote --verbose [2ms]
[2022-07-20T06:36:18.908Z] > git config --get commit.template [2ms]
[2022-07-20T06:36:23.927Z] > git status -z -uall [2ms]
[2022-07-20T06:36:23.944Z] > git symbolic-ref --short HEAD [2ms]
[2022-07-20T06:36:23.963Z] > git for-each-ref --format=%(refname)%00%(upstream:short)%00%(objectname)%00%(upstream:track)%00%(upstream:remotename)%00%(upstream:remoteref) refs/heads/main refs/remotes/main [2ms]
[2022-07-20T06:36:23.994Z] > git for-each-ref --sort -committerdate --format %(refname) %(objectname) %(*objectname) [16ms]
[2022-07-20T06:36:23.995Z] > git remote --verbose [2ms]
[2022-07-20T06:36:24.015Z] > git config --get commit.template [3ms]
[2022-07-20T06:36:32.366Z] > git status -z -uall [3ms]
[2022-07-20T06:36:32.385Z] > git symbolic-ref --short HEAD [3ms]
[2022-07-20T06:36:32.409Z] > git for-each-ref --format=%(refname)%00%(upstream:short)%00%(objectname)%00%(upstream:track)%00%(upstream:remotename)%00%(upstream:remoteref) refs/heads/main refs/remotes/main [3ms]
[2022-07-20T06:36:32.451Z] > git for-each-ref --sort -committerdate --format %(refname) %(objectname) %(*objectname) [21ms]
[2022-07-20T06:36:32.452Z] > git remote --verbose [3ms]
[2022-07-20T06:36:32.477Z] > git config --get commit.template [2ms]
[2022-07-20T06:36:47.926Z] > git status -z -uall [3ms]
[2022-07-20T06:36:47.945Z] > git symbolic-ref --short HEAD [2ms]
[2022-07-20T06:36:47.963Z] > git for-each-ref --format=%(refname)%00%(upstream:short)%00%(objectname)%00%(upstream:track)%00%(upstream:remotename)%00%(upstream:remoteref) refs/heads/main refs/remotes/main [2ms]
[2022-07-20T06:36:47.996Z] > git for-each-ref --sort -committerdate --format %(refname) %(objectname) %(*objectname) [16ms]
[2022-07-20T06:36:47.997Z] > git remote --verbose [2ms]
[2022-07-20T06:36:48.016Z] > git config --get commit.template [2ms]
[2022-07-20T06:36:59.108Z] > git status -z -uall [3ms]
[2022-07-20T06:36:59.127Z] > git symbolic-ref --short HEAD [2ms]
[2022-07-20T06:36:59.148Z] > git for-each-ref --format=%(refname)%00%(upstream:short)%00%(objectname)%00%(upstream:track)%00%(upstream:remotename)%00%(upstream:remoteref) refs/heads/main refs/remotes/main [3ms]
[2022-07-20T06:36:59.189Z] > git remote --verbose [3ms]
[2022-07-20T06:36:59.190Z] > git for-each-ref --sort -committerdate --format %(refname) %(objectname) %(*objectname) [22ms]
[2022-07-20T06:36:59.221Z] > git config --get commit.template [2ms]
[2022-07-20T06:37:07.449Z] > git status -z -uall [2ms]
[2022-07-20T06:37:07.468Z] > git symbolic-ref --short HEAD [2ms]
[2022-07-20T06:37:07.491Z] > git for-each-ref --format=%(refname)%00%(upstream:short)%00%(objectname)%00%(upstream:track)%00%(upstream:remotename)%00%(upstream:remoteref) refs/heads/main refs/remotes/main [3ms]
[2022-07-20T06:37:07.547Z] > git for-each-ref --sort -committerdate --format %(refname) %(objectname) %(*objectname) [24ms]
[2022-07-20T06:37:07.548Z] > git remote --verbose [3ms]
[2022-07-20T06:37:07.577Z] > git config --get commit.template [3ms]
[2022-07-20T06:37:36.838Z] > git status -z -uall [3ms]
[2022-07-20T06:37:36.860Z] > git symbolic-ref --short HEAD [2ms]
[2022-07-20T06:37:36.877Z] > git for-each-ref --format=%(refname)%00%(upstream:short)%00%(objectname)%00%(upstream:track)%00%(upstream:remotename)%00%(upstream:remoteref) refs/heads/main refs/remotes/main [2ms]
[2022-07-20T06:37:36.909Z] > git for-each-ref --sort -committerdate --format %(refname) %(objectname) %(*objectname) [17ms]
[2022-07-20T06:37:36.910Z] > git remote --verbose [2ms]
[2022-07-20T06:37:36.934Z] > git config --get commit.template [2ms]
[2022-07-20T06:38:28.596Z] > git status -z -uall [3ms]
[2022-07-20T06:38:28.623Z] > git symbolic-ref --short HEAD [4ms]
[2022-07-20T06:38:28.644Z] > git for-each-ref --format=%(refname)%00%(upstream:short)%00%(objectname)%00%(upstream:track)%00%(upstream:remotename)%00%(upstream:remoteref) refs/heads/main refs/remotes/main [2ms]
[2022-07-20T06:38:28.679Z] > git for-each-ref --sort -committerdate --format %(refname) %(objectname) %(*objectname) [19ms]
[2022-07-20T06:38:28.680Z] > git remote --verbose [2ms]
[2022-07-20T06:38:28.704Z] > git config --get commit.template [3ms]
[2022-07-20T06:38:52.345Z] > git status -z -uall [2ms]
[2022-07-20T06:38:52.366Z] > git symbolic-ref --short HEAD [3ms]
[2022-07-20T06:38:52.386Z] > git for-each-ref --format=%(refname)%00%(upstream:short)%00%(objectname)%00%(upstream:track)%00%(upstream:remotename)%00%(upstream:remoteref) refs/heads/main refs/remotes/main [2ms]
[2022-07-20T06:38:52.424Z] > git for-each-ref --sort -committerdate --format %(refname) %(objectname) %(*objectname) [20ms]
[2022-07-20T06:38:52.425Z] > git remote --verbose [2ms]
[2022-07-20T06:38:52.447Z] > git config --get commit.template [2ms]
[2022-07-20T06:38:59.689Z] > git status -z -uall [3ms]
[2022-07-20T06:38:59.713Z] > git symbolic-ref --short HEAD [2ms]
[2022-07-20T06:38:59.737Z] > git for-each-ref --format=%(refname)%00%(upstream:short)%00%(objectname)%00%(upstream:track)%00%(upstream:remotename)%00%(upstream:remoteref) refs/heads/main refs/remotes/main [3ms]
[2022-07-20T06:38:59.777Z] > git for-each-ref --sort -committerdate --format %(refname) %(objectname) %(*objectname) [19ms]
[2022-07-20T06:38:59.778Z] > git remote --verbose [2ms]
[2022-07-20T06:38:59.798Z] > git config --get commit.template [1ms]
[2022-07-20T06:40:30.397Z] > git status -z -uall [4ms]
[2022-07-20T06:40:30.415Z] > git symbolic-ref --short HEAD [2ms]
[2022-07-20T06:40:30.439Z] > git for-each-ref --format=%(refname)%00%(upstream:short)%00%(objectname)%00%(upstream:track)%00%(upstream:remotename)%00%(upstream:remoteref) refs/heads/main refs/remotes/main [2ms]
[2022-07-20T06:40:30.472Z] > git for-each-ref --sort -committerdate --format %(refname) %(objectname) %(*objectname) [17ms]
[2022-07-20T06:40:30.473Z] > git remote --verbose [2ms]
[2022-07-20T06:40:30.492Z] > git config --get commit.template [2ms]
[2022-07-20T06:41:13.755Z] > git status -z -uall [3ms]
[2022-07-20T06:41:13.779Z] > git symbolic-ref --short HEAD [2ms]
[2022-07-20T06:41:13.803Z] > git for-each-ref --format=%(refname)%00%(upstream:short)%00%(objectname)%00%(upstream:track)%00%(upstream:remotename)%00%(upstream:remoteref) refs/heads/main refs/remotes/main [2ms]
[2022-07-20T06:41:13.838Z] > git for-each-ref --sort -committerdate --format %(refname) %(objectname) %(*objectname) [17ms]
[2022-07-20T06:41:13.839Z] > git remote --verbose [2ms]
[2022-07-20T06:41:13.858Z] > git config --get commit.template [2ms]
[2022-07-20T06:41:27.614Z] > git status -z -uall [3ms]
[2022-07-20T06:41:27.633Z] > git symbolic-ref --short HEAD [2ms]
[2022-07-20T06:41:27.650Z] > git for-each-ref --format=%(refname)%00%(upstream:short)%00%(objectname)%00%(upstream:track)%00%(upstream:remotename)%00%(upstream:remoteref) refs/heads/main refs/remotes/main [2ms]
[2022-07-20T06:41:27.682Z] > git for-each-ref --sort -committerdate --format %(refname) %(objectname) %(*objectname) [17ms]
[2022-07-20T06:41:27.683Z] > git remote --verbose [2ms]
[2022-07-20T06:41:27.704Z] > git config --get commit.template [1ms]
[2022-07-20T06:41:48.868Z] > git status -z -uall [3ms]
[2022-07-20T06:41:48.887Z] > git symbolic-ref --short HEAD [1ms]
[2022-07-20T06:41:48.909Z] > git for-each-ref --format=%(refname)%00%(upstream:short)%00%(objectname)%00%(upstream:track)%00%(upstream:remotename)%00%(upstream:remoteref) refs/heads/main refs/remotes/main [2ms]
[2022-07-20T06:41:48.946Z] > git for-each-ref --sort -committerdate --format %(refname) %(objectname) %(*objectname) [18ms]
[2022-07-20T06:41:48.947Z] > git remote --verbose [3ms]
[2022-07-20T06:41:48.966Z] > git config --get commit.template [1ms]
[2022-07-20T06:41:54.061Z] > git status -z -uall [3ms]
[2022-07-20T06:41:54.084Z] > git symbolic-ref --short HEAD [4ms]
[2022-07-20T06:41:54.106Z] > git for-each-ref --format=%(refname)%00%(upstream:short)%00%(objectname)%00%(upstream:track)%00%(upstream:remotename)%00%(upstream:remoteref) refs/heads/main refs/remotes/main [2ms]
[2022-07-20T06:41:54.144Z] > git for-each-ref --sort -committerdate --format %(refname) %(objectname) %(*objectname) [20ms]
[2022-07-20T06:41:54.144Z] > git remote --verbose [1ms]
[2022-07-20T06:41:54.170Z] > git config --get commit.template [3ms]
[2022-07-20T06:42:16.210Z] > git status -z -uall [2ms]
[2022-07-20T06:42:16.226Z] > git symbolic-ref --short HEAD [2ms]
[2022-07-20T06:42:16.242Z] > git for-each-ref --format=%(refname)%00%(upstream:short)%00%(objectname)%00%(upstream:track)%00%(upstream:remotename)%00%(upstream:remoteref) refs/heads/main refs/remotes/main [2ms]
[2022-07-20T06:42:16.272Z] > git for-each-ref --sort -committerdate --format %(refname) %(objectname) %(*objectname) [16ms]
[2022-07-20T06:42:16.273Z] > git remote --verbose [2ms]
[2022-07-20T06:42:16.291Z] > git config --get commit.template [1ms]
[2022-07-20T06:42:43.257Z] > git status -z -uall [3ms]
[2022-07-20T06:42:43.274Z] > git symbolic-ref --short HEAD [2ms]
[2022-07-20T06:42:43.298Z] > git for-each-ref --format=%(refname)%00%(upstream:short)%00%(objectname)%00%(upstream:track)%00%(upstream:remotename)%00%(upstream:remoteref) refs/heads/main refs/remotes/main [2ms]
[2022-07-20T06:42:43.328Z] > git for-each-ref --sort -committerdate --format %(refname) %(objectname) %(*objectname) [15ms]
[2022-07-20T06:42:43.329Z] > git remote --verbose [2ms]
[2022-07-20T06:42:43.347Z] > git config --get commit.template [1ms]
[2022-07-20T06:42:50.378Z] > git status -z -uall [3ms]
[2022-07-20T06:42:50.403Z] > git symbolic-ref --short HEAD [3ms]
[2022-07-20T06:42:50.436Z] > git for-each-ref --format=%(refname)%00%(upstream:short)%00%(objectname)%00%(upstream:track)%00%(upstream:remotename)%00%(upstream:remoteref) refs/heads/main refs/remotes/main [2ms]
[2022-07-20T06:42:50.467Z] > git for-each-ref --sort -committerdate --format %(refname) %(objectname) %(*objectname) [16ms]
[2022-07-20T06:42:50.467Z] > git remote --verbose [2ms]
[2022-07-20T06:42:50.485Z] > git config --get commit.template [1ms]
[2022-07-20T06:42:55.786Z] > git status -z -uall [2ms]
[2022-07-20T06:42:55.808Z] > git symbolic-ref --short HEAD [2ms]
[2022-07-20T06:42:55.829Z] > git for-each-ref --format=%(refname)%00%(upstream:short)%00%(objectname)%00%(upstream:track)%00%(upstream:remotename)%00%(upstream:remoteref) refs/heads/main refs/remotes/main [2ms]
[2022-07-20T06:42:55.860Z] > git for-each-ref --sort -committerdate --format %(refname) %(objectname) %(*objectname) [16ms]
[2022-07-20T06:42:55.861Z] > git remote --verbose [2ms]
[2022-07-20T06:42:55.880Z] > git config --get commit.template [2ms]
[2022-07-20T06:43:01.904Z] > git status -z -uall [5ms]
[2022-07-20T06:43:01.921Z] > git symbolic-ref --short HEAD [2ms]
[2022-07-20T06:43:01.942Z] > git for-each-ref --format=%(refname)%00%(upstream:short)%00%(objectname)%00%(upstream:track)%00%(upstream:remotename)%00%(upstream:remoteref) refs/heads/main refs/remotes/main [2ms]
[2022-07-20T06:43:01.989Z] > git for-each-ref --sort -committerdate --format %(refname) %(objectname) %(*objectname) [31ms]
[2022-07-20T06:43:01.995Z] > git remote --verbose [21ms]
[2022-07-20T06:43:02.046Z] > git config --get commit.template [3ms]
[2022-07-20T06:43:09.350Z] > git status -z -uall [4ms]
[2022-07-20T06:43:09.369Z] > git symbolic-ref --short HEAD [2ms]
[2022-07-20T06:43:09.392Z] > git for-each-ref --format=%(refname)%00%(upstream:short)%00%(objectname)%00%(upstream:track)%00%(upstream:remotename)%00%(upstream:remoteref) refs/heads/main refs/remotes/main [2ms]
[2022-07-20T06:43:09.433Z] > git for-each-ref --sort -committerdate --format %(refname) %(objectname) %(*objectname) [22ms]
[2022-07-20T06:43:09.434Z] > git remote --verbose [4ms]
[2022-07-20T06:43:09.470Z] > git config --get commit.template [6ms]
[2022-07-20T06:44:04.942Z] > git status -z -uall [3ms]
[2022-07-20T06:44:04.977Z] > git symbolic-ref --short HEAD [4ms]
[2022-07-20T06:44:05.003Z] > git for-each-ref --format=%(refname)%00%(upstream:short)%00%(objectname)%00%(upstream:track)%00%(upstream:remotename)%00%(upstream:remoteref) refs/heads/main refs/remotes/main [2ms]
[2022-07-20T06:44:05.045Z] > git for-each-ref --sort -committerdate --format %(refname) %(objectname) %(*objectname) [23ms]
[2022-07-20T06:44:05.046Z] > git remote --verbose [4ms]
[2022-07-20T06:44:05.069Z] > git config --get commit.template [2ms]
[2022-07-20T06:45:06.172Z] > git status -z -uall [6ms]
[2022-07-20T06:45:06.200Z] > git symbolic-ref --short HEAD [2ms]
[2022-07-20T06:45:06.230Z] > git for-each-ref --format=%(refname)%00%(upstream:short)%00%(objectname)%00%(upstream:track)%00%(upstream:remotename)%00%(upstream:remoteref) refs/heads/main refs/remotes/main [2ms]
[2022-07-20T06:45:06.271Z] > git for-each-ref --sort -committerdate --format %(refname) %(objectname) %(*objectname) [20ms]
[2022-07-20T06:45:06.271Z] > git remote --verbose [3ms]
[2022-07-20T06:45:06.295Z] > git config --get commit.template [2ms]
[2022-07-20T06:45:19.188Z] > git status -z -uall [2ms]
[2022-07-20T06:45:19.213Z] > git symbolic-ref --short HEAD [3ms]
[2022-07-20T06:45:19.231Z] > git for-each-ref --format=%(refname)%00%(upstream:short)%00%(objectname)%00%(upstream:track)%00%(upstream:remotename)%00%(upstream:remoteref) refs/heads/main refs/remotes/main [2ms]
[2022-07-20T06:45:19.264Z] > git for-each-ref --sort -committerdate --format %(refname) %(objectname) %(*objectname) [17ms]
[2022-07-20T06:45:19.264Z] > git remote --verbose [1ms]
[2022-07-20T06:45:19.284Z] > git config --get commit.template [1ms]
[2022-07-20T06:45:25.631Z] > git status -z -uall [5ms]
[2022-07-20T06:45:25.657Z] > git symbolic-ref --short HEAD [1ms]
[2022-07-20T06:45:25.676Z] > git for-each-ref --format=%(refname)%00%(upstream:short)%00%(objectname)%00%(upstream:track)%00%(upstream:remotename)%00%(upstream:remoteref) refs/heads/main refs/remotes/main [2ms]
[2022-07-20T06:45:25.709Z] > git for-each-ref --sort -committerdate --format %(refname) %(objectname) %(*objectname) [17ms]
[2022-07-20T06:45:25.709Z] > git remote --verbose [2ms]
[2022-07-20T06:45:25.729Z] > git config --get commit.template [1ms]
[2022-07-20T06:46:58.769Z] > git status -z -uall [5ms]
[2022-07-20T06:46:58.794Z] > git symbolic-ref --short HEAD [2ms]
[2022-07-20T06:46:58.816Z] > git for-each-ref --format=%(refname)%00%(upstream:short)%00%(objectname)%00%(upstream:track)%00%(upstream:remotename)%00%(upstream:remoteref) refs/heads/main refs/remotes/main [2ms]
[2022-07-20T06:46:58.854Z] > git for-each-ref --sort -committerdate --format %(refname) %(objectname) %(*objectname) [20ms]
[2022-07-20T06:46:58.856Z] > git remote --verbose [4ms]
[2022-07-20T06:46:58.879Z] > git config --get commit.template [2ms]
[2022-07-20T06:47:03.905Z] > git status -z -uall [2ms]
[2022-07-20T06:47:03.930Z] > git symbolic-ref --short HEAD [3ms]
[2022-07-20T06:47:04.271Z] > git for-each-ref --format=%(refname)%00%(upstream:short)%00%(objectname)%00%(upstream:track)%00%(upstream:remotename)%00%(upstream:remoteref) refs/heads/main refs/remotes/main [2ms]
[2022-07-20T06:47:04.305Z] > git for-each-ref --sort -committerdate --format %(refname) %(objectname) %(*objectname) [18ms]
[2022-07-20T06:47:04.305Z] > git remote --verbose [2ms]
[2022-07-20T06:47:04.324Z] > git config --get commit.template [1ms]
[2022-07-20T07:14:16.321Z] > git status -z -uall [4ms]
[2022-07-20T07:14:16.345Z] > git symbolic-ref --short HEAD [2ms]
[2022-07-20T07:14:16.368Z] > git for-each-ref --format=%(refname)%00%(upstream:short)%00%(objectname)%00%(upstream:track)%00%(upstream:remotename)%00%(upstream:remoteref) refs/heads/main refs/remotes/main [3ms]
[2022-07-20T07:14:16.409Z] > git for-each-ref --sort -committerdate --format %(refname) %(objectname) %(*objectname) [18ms]
[2022-07-20T07:14:16.410Z] > git remote --verbose [2ms]
[2022-07-20T07:14:16.432Z] > git config --get commit.template [2ms]
[2022-07-20T07:14:29.066Z] > git show --textconv :index.html [26ms]
[2022-07-20T07:14:29.070Z] > git ls-files --stage -- /home/upalb/Assignment-2/index.html [8ms]
[2022-07-20T07:14:29.095Z] > git cat-file -s 96da85353ee595f7e6f19ebc27bf8b41449feb31 [3ms]
[2022-07-20T07:14:58.950Z] > git status -z -uall [3ms]
[2022-07-20T07:14:58.974Z] > git symbolic-ref --short HEAD [3ms]
[2022-07-20T07:14:58.996Z] > git for-each-ref --format=%(refname)%00%(upstream:short)%00%(objectname)%00%(upstream:track)%00%(upstream:remotename)%00%(upstream:remoteref) refs/heads/main refs/remotes/main [2ms]
[2022-07-20T07:14:59.032Z] > git for-each-ref --sort -committerdate --format %(refname) %(objectname) %(*objectname) [17ms]
[2022-07-20T07:14:59.033Z] > git remote --verbose [2ms]
[2022-07-20T07:14:59.052Z] > git config --get commit.template [2ms]
[2022-07-20T07:15:37.961Z] > git show --textconv :upcoming-match.html [30ms]
[2022-07-20T07:15:37.966Z] > git ls-files --stage -- /home/upalb/Assignment-2/upcoming-match.html [7ms]
[2022-07-20T07:15:38.175Z] > git check-ignore -v -z --stdin [1ms]
[2022-07-20T07:15:41.277Z] > git status -z -uall [3ms]
[2022-07-20T07:15:41.294Z] > git symbolic-ref --short HEAD [2ms]
[2022-07-20T07:15:41.312Z] > git for-each-ref --format=%(refname)%00%(upstream:short)%00%(objectname)%00%(upstream:track)%00%(upstream:remotename)%00%(upstream:remoteref) refs/heads/main refs/remotes/main [2ms]
[2022-07-20T07:15:41.346Z] > git for-each-ref --sort -committerdate --format %(refname) %(objectname) %(*objectname) [18ms]
[2022-07-20T07:15:41.346Z] > git remote --verbose [2ms]
[2022-07-20T07:15:41.366Z] > git config --get commit.template [1ms]
[2022-07-20T07:18:00.948Z] > git status -z -uall [3ms]
[2022-07-20T07:18:00.972Z] > git symbolic-ref --short HEAD [3ms]
[2022-07-20T07:18:00.993Z] > git for-each-ref --format=%(refname)%00%(upstream:short)%00%(objectname)%00%(upstream:track)%00%(upstream:remotename)%00%(upstream:remoteref) refs/heads/main refs/remotes/main [3ms]
[2022-07-20T07:18:01.045Z] > git for-each-ref --sort -committerdate --format %(refname) %(objectname) %(*objectname) [32ms]
[2022-07-20T07:18:01.046Z] > git remote --verbose [3ms]
[2022-07-20T07:18:01.081Z] > git config --get commit.template [2ms]
[2022-07-20T07:19:28.299Z] > git status -z -uall [3ms]
[2022-07-20T07:19:28.323Z] > git symbolic-ref --short HEAD [3ms]
[2022-07-20T07:19:28.348Z] > git for-each-ref --format=%(refname)%00%(upstream:short)%00%(objectname)%00%(upstream:track)%00%(upstream:remotename)%00%(upstream:remoteref) refs/heads/main refs/remotes/main [3ms]
[2022-07-20T07:19:28.394Z] > git for-each-ref --sort -committerdate --format %(refname) %(objectname) %(*objectname) [25ms]
[2022-07-20T07:19:28.395Z] > git remote --verbose [2ms]
[2022-07-20T07:19:28.428Z] > git config --get commit.template [10ms]
[2022-07-20T07:19:41.303Z] > git show --textconv :index.html [16ms]
[2022-07-20T07:19:41.305Z] > git ls-files --stage -- /home/upalb/Assignment-2/index.html [3ms]
[2022-07-20T07:19:41.323Z] > git cat-file -s 96da85353ee595f7e6f19ebc27bf8b41449feb31 [2ms]
[2022-07-20T07:19:49.893Z] > git status -z -uall [3ms]
[2022-07-20T07:19:49.913Z] > git symbolic-ref --short HEAD [2ms]
[2022-07-20T07:19:49.934Z] > git for-each-ref --format=%(refname)%00%(upstream:short)%00%(objectname)%00%(upstream:track)%00%(upstream:remotename)%00%(upstream:remoteref) refs/heads/main refs/remotes/main [3ms]
[2022-07-20T07:19:49.973Z] > git for-each-ref --sort -committerdate --format %(refname) %(objectname) %(*objectname) [20ms]
[2022-07-20T07:19:49.974Z] > git remote --verbose [2ms]
[2022-07-20T07:19:49.996Z] > git config --get commit.template [2ms]
[2022-07-20T07:20:17.143Z] > git status -z -uall [3ms]
[2022-07-20T07:20:17.164Z] > git symbolic-ref --short HEAD [1ms]
[2022-07-20T07:20:17.180Z] > git for-each-ref --format=%(refname)%00%(upstream:short)%00%(objectname)%00%(upstream:track)%00%(upstream:remotename)%00%(upstream:remoteref) refs/heads/main refs/remotes/main [2ms]
[2022-07-20T07:20:17.211Z] > git for-each-ref --sort -committerdate --format %(refname) %(objectname) %(*objectname) [16ms]
[2022-07-20T07:20:17.211Z] > git remote --verbose [1ms]
[2022-07-20T07:20:17.231Z] > git config --get commit.template [1ms]
[2022-07-20T07:23:04.527Z] > git status -z -uall [5ms]
[2022-07-20T07:23:04.550Z] > git symbolic-ref --short HEAD [2ms]
[2022-07-20T07:23:04.570Z] > git for-each-ref --format=%(refname)%00%(upstream:short)%00%(objectname)%00%(upstream:track)%00%(upstream:remotename)%00%(upstream:remoteref) refs/heads/main refs/remotes/main [2ms]
[2022-07-20T07:23:04.611Z] > git remote --verbose [2ms]
[2022-07-20T07:23:04.611Z] > git for-each-ref --sort -committerdate --format %(refname) %(objectname) %(*objectname) [23ms]
[2022-07-20T07:23:04.631Z] > git config --get commit.template [2ms]
[2022-07-20T07:25:17.937Z] > git status -z -uall [9ms]
[2022-07-20T07:25:17.959Z] > git symbolic-ref --short HEAD [3ms]
[2022-07-20T07:25:17.977Z] > git for-each-ref --format=%(refname)%00%(upstream:short)%00%(objectname)%00%(upstream:track)%00%(upstream:remotename)%00%(upstream:remoteref) refs/heads/main refs/remotes/main [1ms]
[2022-07-20T07:25:18.014Z] > git for-each-ref --sort -committerdate --format %(refname) %(objectname) %(*objectname) [18ms]
[2022-07-20T07:25:18.015Z] > git remote --verbose [2ms]
[2022-07-20T07:25:18.037Z] > git config --get commit.template [2ms]
[2022-07-20T07:25:23.067Z] > git status -z -uall [3ms]
[2022-07-20T07:25:23.095Z] > git symbolic-ref --short HEAD [2ms]
[2022-07-20T07:25:23.117Z] > git for-each-ref --format=%(refname)%00%(upstream:short)%00%(objectname)%00%(upstream:track)%00%(upstream:remotename)%00%(upstream:remoteref) refs/heads/main refs/remotes/main [2ms]
[2022-07-20T07:25:23.167Z] > git for-each-ref --sort -committerdate --format %(refname) %(objectname) %(*objectname) [23ms]
[2022-07-20T07:25:23.167Z] > git remote --verbose [2ms]
[2022-07-20T07:25:23.194Z] > git config --get commit.template [2ms]
[2022-07-20T07:25:25.711Z] > git show --textconv :upcoming-match.html [29ms]
[2022-07-20T07:25:25.713Z] > git ls-files --stage -- /home/upalb/Assignment-2/upcoming-match.html [3ms]
[2022-07-20T07:25:47.144Z] > git status -z -uall [4ms]
[2022-07-20T07:25:47.174Z] > git symbolic-ref --short HEAD [4ms]
[2022-07-20T07:25:47.208Z] > git for-each-ref --format=%(refname)%00%(upstream:short)%00%(objectname)%00%(upstream:track)%00%(upstream:remotename)%00%(upstream:remoteref) refs/heads/main refs/remotes/main [2ms]
[2022-07-20T07:25:47.262Z] > git for-each-ref --sort -committerdate --format %(refname) %(objectname) %(*objectname) [24ms]
[2022-07-20T07:25:47.264Z] > git remote --verbose [3ms]
[2022-07-20T07:25:47.294Z] > git config --get commit.template [1ms]
[2022-07-20T07:26:29.256Z] > git status -z -uall [4ms]
[2022-07-20T07:26:29.296Z] > git symbolic-ref --short HEAD [5ms]
[2022-07-20T07:26:29.338Z] > git for-each-ref --format=%(refname)%00%(upstream:short)%00%(objectname)%00%(upstream:track)%00%(upstream:remotename)%00%(upstream:remoteref) refs/heads/main refs/remotes/main [11ms]
[2022-07-20T07:26:29.431Z] > git for-each-ref --sort -committerdate --format %(refname) %(objectname) %(*objectname) [63ms]
[2022-07-20T07:26:29.438Z] > git remote --verbose [9ms]
[2022-07-20T07:26:29.507Z] > git config --get commit.template [7ms]
[2022-07-20T07:28:53.390Z] > git status -z -uall [11ms]
[2022-07-20T07:28:53.422Z] > git symbolic-ref --short HEAD [4ms]
[2022-07-20T07:28:53.446Z] > git for-each-ref --format=%(refname)%00%(upstream:short)%00%(objectname)%00%(upstream:track)%00%(upstream:remotename)%00%(upstream:remoteref) refs/heads/main refs/remotes/main [2ms]
[2022-07-20T07:28:53.492Z] > git for-each-ref --sort -committerdate --format %(refname) %(objectname) %(*objectname) [25ms]
[2022-07-20T07:28:53.493Z] > git remote --verbose [2ms]
[2022-07-20T07:28:53.520Z] > git config --get commit.template [2ms]
[2022-07-20T07:30:18.048Z] > git show --textconv :css/style.css [22ms]
[2022-07-20T07:30:18.050Z] > git ls-files --stage -- /home/upalb/Assignment-2/css/style.css [3ms]
[2022-07-20T07:30:18.077Z] > git cat-file -s 7650b2ad213f3def473c9f1735027b2dd830cae1 [4ms]
[2022-07-20T07:30:56.106Z] > git status -z -uall [26ms]
[2022-07-20T07:30:56.170Z] > git symbolic-ref --short HEAD [29ms]
[2022-07-20T07:30:56.205Z] > git for-each-ref --format=%(refname)%00%(upstream:short)%00%(objectname)%00%(upstream:track)%00%(upstream:remotename)%00%(upstream:remoteref) refs/heads/main refs/remotes/main [3ms]
[2022-07-20T07:30:56.263Z] > git for-each-ref --sort -committerdate --format %(refname) %(objectname) %(*objectname) [31ms]
[2022-07-20T07:30:56.263Z] > git remote --verbose [2ms]
[2022-07-20T07:30:56.295Z] > git config --get commit.template [3ms]
[2022-07-20T07:32:50.164Z] > git status -z -uall [8ms]
[2022-07-20T07:32:50.202Z] > git symbolic-ref --short HEAD [6ms]
[2022-07-20T07:32:50.229Z] > git for-each-ref --format=%(refname)%00%(upstream:short)%00%(objectname)%00%(upstream:track)%00%(upstream:remotename)%00%(upstream:remoteref) refs/heads/main refs/remotes/main [4ms]
[2022-07-20T07:32:50.266Z] > git for-each-ref --sort -committerdate --format %(refname) %(objectname) %(*objectname) [18ms]
[2022-07-20T07:32:50.267Z] > git remote --verbose [2ms]
[2022-07-20T07:32:50.289Z] > git config --get commit.template [2ms]
[2022-07-20T07:32:55.329Z] > git status -z -uall [7ms]
[2022-07-20T07:32:55.374Z] > git symbolic-ref --short HEAD [5ms]
[2022-07-20T07:32:55.421Z] > git for-each-ref --format=%(refname)%00%(upstream:short)%00%(objectname)%00%(upstream:track)%00%(upstream:remotename)%00%(upstream:remoteref) refs/heads/main refs/remotes/main [6ms]
[2022-07-20T07:32:55.511Z] > git for-each-ref --sort -committerdate --format %(refname) %(objectname) %(*objectname) [39ms]
[2022-07-20T07:32:55.515Z] > git remote --verbose [6ms]
[2022-07-20T07:32:55.566Z] > git config --get commit.template [4ms]
[2022-07-20T07:33:00.599Z] > git status -z -uall [5ms]
[2022-07-20T07:33:00.663Z] > git symbolic-ref --short HEAD [4ms]
[2022-07-20T07:33:00.754Z] > git for-each-ref --format=%(refname)%00%(upstream:short)%00%(objectname)%00%(upstream:track)%00%(upstream:remotename)%00%(upstream:remoteref) refs/heads/main refs/remotes/main [13ms]
[2022-07-20T07:33:00.862Z] > git for-each-ref --sort -committerdate --format %(refname) %(objectname) %(*objectname) [56ms]
[2022-07-20T07:33:00.872Z] > git remote --verbose [16ms]
[2022-07-20T07:33:01.003Z] > git config --get commit.template [12ms]
[2022-07-20T07:33:06.041Z] > git status -z -uall [1ms]
[2022-07-20T07:33:06.079Z] > git symbolic-ref --short HEAD [4ms]
[2022-07-20T07:33:06.107Z] > git for-each-ref --format=%(refname)%00%(upstream:short)%00%(objectname)%00%(upstream:track)%00%(upstream:remotename)%00%(upstream:remoteref) refs/heads/main refs/remotes/main [3ms]
[2022-07-20T07:33:06.158Z] > git for-each-ref --sort -committerdate --format %(refname) %(objectname) %(*objectname) [25ms]
[2022-07-20T07:33:06.160Z] > git remote --verbose [4ms]
[2022-07-20T07:33:06.196Z] > git config --get commit.template [5ms]
[2022-07-20T07:33:40.418Z] > git show --textconv :index.html [21ms]
[2022-07-20T07:33:40.420Z] > git ls-files --stage -- /home/upalb/Assignment-2/index.html [3ms]
[2022-07-20T07:33:40.437Z] > git cat-file -s 96da85353ee595f7e6f19ebc27bf8b41449feb31 [2ms]
[2022-07-20T07:33:42.190Z] > git show --textconv :upcoming-match.html [31ms]
[2022-07-20T07:33:42.194Z] > git ls-files --stage -- /home/upalb/Assignment-2/upcoming-match.html [6ms]
[2022-07-20T07:34:24.153Z] > git status -z -uall [3ms]
[2022-07-20T07:34:24.176Z] > git symbolic-ref --short HEAD [2ms]
[2022-07-20T07:34:24.198Z] > git for-each-ref --format=%(refname)%00%(upstream:short)%00%(objectname)%00%(upstream:track)%00%(upstream:remotename)%00%(upstream:remoteref) refs/heads/main refs/remotes/main [3ms]
[2022-07-20T07:34:24.245Z] > git for-each-ref --sort -committerdate --format %(refname) %(objectname) %(*objectname) [25ms]
[2022-07-20T07:34:24.246Z] > git remote --verbose [2ms]
[2022-07-20T07:34:24.277Z] > git config --get commit.template [2ms]
[2022-07-20T07:34:36.755Z] > git status -z -uall [3ms]
[2022-07-20T07:34:36.778Z] > git symbolic-ref --short HEAD [2ms]
[2022-07-20T07:34:36.805Z] > git for-each-ref --format=%(refname)%00%(upstream:short)%00%(objectname)%00%(upstream:track)%00%(upstream:remotename)%00%(upstream:remoteref) refs/heads/main refs/remotes/main [2ms]
[2022-07-20T07:34:36.866Z] > git for-each-ref --sort -committerdate --format %(refname) %(objectname) %(*objectname) [33ms]
[2022-07-20T07:34:36.867Z] > git remote --verbose [3ms]
[2022-07-20T07:34:36.890Z] > git config --get commit.template [2ms]
[2022-07-20T07:35:08.806Z] > git status -z -uall [5ms]
[2022-07-20T07:35:08.829Z] > git symbolic-ref --short HEAD [2ms]
[2022-07-20T07:35:08.850Z] > git for-each-ref --format=%(refname)%00%(upstream:short)%00%(objectname)%00%(upstream:track)%00%(upstream:remotename)%00%(upstream:remoteref) refs/heads/main refs/remotes/main [2ms]
[2022-07-20T07:35:08.922Z] > git for-each-ref --sort -committerdate --format %(refname) %(objectname) %(*objectname) [42ms]
[2022-07-20T07:35:08.931Z] > git remote --verbose [10ms]
[2022-07-20T07:35:08.994Z] > git config --get commit.template [8ms]
[2022-07-20T07:36:14.193Z] > git status -z -uall [3ms]
[2022-07-20T07:36:14.210Z] > git symbolic-ref --short HEAD [1ms]
[2022-07-20T07:36:14.232Z] > git for-each-ref --format=%(refname)%00%(upstream:short)%00%(objectname)%00%(upstream:track)%00%(upstream:remotename)%00%(upstream:remoteref) refs/heads/main refs/remotes/main [2ms]
[2022-07-20T07:36:14.282Z] > git for-each-ref --sort -committerdate --format %(refname) %(objectname) %(*objectname) [25ms]
[2022-07-20T07:36:14.284Z] > git remote --verbose [3ms]
[2022-07-20T07:36:14.313Z] > git config --get commit.template [1ms]
[2022-07-20T07:38:13.270Z] > git show --textconv :index.html [18ms]
[2022-07-20T07:38:13.271Z] > git ls-files --stage -- /home/upalb/Assignment-2/index.html [2ms]
[2022-07-20T07:38:13.290Z] > git cat-file -s 96da85353ee595f7e6f19ebc27bf8b41449feb31 [3ms]
[2022-07-20T07:38:25.487Z] > git status -z -uall [2ms]
[2022-07-20T07:38:25.507Z] > git symbolic-ref --short HEAD [2ms]
[2022-07-20T07:38:25.525Z] > git for-each-ref --format=%(refname)%00%(upstream:short)%00%(objectname)%00%(upstream:track)%00%(upstream:remotename)%00%(upstream:remoteref) refs/heads/main refs/remotes/main [2ms]
[2022-07-20T07:38:25.555Z] > git for-each-ref --sort -committerdate --format %(refname) %(objectname) %(*objectname) [15ms]
[2022-07-20T07:38:25.555Z] > git remote --verbose [2ms]
[2022-07-20T07:38:25.576Z] > git config --get commit.template [3ms]
[2022-07-20T07:38:28.179Z] > git show --textconv :css/style.css [19ms]
[2022-07-20T07:38:28.181Z] > git ls-files --stage -- /home/upalb/Assignment-2/css/style.css [4ms]
[2022-07-20T07:38:28.201Z] > git cat-file -s 7650b2ad213f3def473c9f1735027b2dd830cae1 [3ms]
[2022-07-20T07:39:02.570Z] > git status -z -uall [3ms]
[2022-07-20T07:39:02.591Z] > git symbolic-ref --short HEAD [3ms]
[2022-07-20T07:39:02.612Z] > git for-each-ref --format=%(refname)%00%(upstream:short)%00%(objectname)%00%(upstream:track)%00%(upstream:remotename)%00%(upstream:remoteref) refs/heads/main refs/remotes/main [4ms]
[2022-07-20T07:39:02.650Z] > git for-each-ref --sort -committerdate --format %(refname) %(objectname) %(*objectname) [20ms]
[2022-07-20T07:39:02.650Z] > git remote --verbose [3ms]
[2022-07-20T07:39:02.672Z] > git config --get commit.template [2ms]
[2022-07-20T07:39:07.693Z] > git status -z -uall [2ms]
[2022-07-20T07:39:07.712Z] > git symbolic-ref --short HEAD [2ms]
[2022-07-20T07:39:07.732Z] > git for-each-ref --format=%(refname)%00%(upstream:short)%00%(objectname)%00%(upstream:track)%00%(upstream:remotename)%00%(upstream:remoteref) refs/heads/main refs/remotes/main [2ms]
[2022-07-20T07:39:07.769Z] > git for-each-ref --sort -committerdate --format %(refname) %(objectname) %(*objectname) [19ms]
[2022-07-20T07:39:07.770Z] > git remote --verbose [3ms]
[2022-07-20T07:39:07.791Z] > git config --get commit.template [2ms]
[2022-07-20T07:39:30.667Z] > git status -z -uall [3ms]
[2022-07-20T07:39:30.687Z] > git symbolic-ref --short HEAD [2ms]
[2022-07-20T07:39:30.708Z] > git for-each-ref --format=%(refname)%00%(upstream:short)%00%(objectname)%00%(upstream:track)%00%(upstream:remotename)%00%(upstream:remoteref) refs/heads/main refs/remotes/main [3ms]
[2022-07-20T07:39:30.745Z] > git for-each-ref --sort -committerdate --format %(refname) %(objectname) %(*objectname) [20ms]
[2022-07-20T07:39:30.746Z] > git remote --verbose [3ms]
[2022-07-20T07:39:30.767Z] > git config --get commit.template [2ms]
[2022-07-20T07:39:35.786Z] > git status -z -uall [3ms]
[2022-07-20T07:39:35.803Z] > git symbolic-ref --short HEAD [2ms]
[2022-07-20T07:39:35.821Z] > git for-each-ref --format=%(refname)%00%(upstream:short)%00%(objectname)%00%(upstream:track)%00%(upstream:remotename)%00%(upstream:remoteref) refs/heads/main refs/remotes/main [2ms]
[2022-07-20T07:39:35.858Z] > git for-each-ref --sort -committerdate --format %(refname) %(objectname) %(*objectname) [19ms]
[2022-07-20T07:39:35.861Z] > git remote --verbose [4ms]
[2022-07-20T07:39:35.928Z] > git config --get commit.template [43ms]
[2022-07-20T07:39:40.959Z] > git status -z -uall [3ms]
[2022-07-20T07:39:40.976Z] > git symbolic-ref --short HEAD [2ms]
[2022-07-20T07:39:40.993Z] > git for-each-ref --format=%(refname)%00%(upstream:short)%00%(objectname)%00%(upstream:track)%00%(upstream:remotename)%00%(upstream:remoteref) refs/heads/main refs/remotes/main [2ms]
[2022-07-20T07:39:41.023Z] > git for-each-ref --sort -committerdate --format %(refname) %(objectname) %(*objectname) [16ms]
[2022-07-20T07:39:41.024Z] > git remote --verbose [2ms]
[2022-07-20T07:39:41.042Z] > git config --get commit.template [1ms]
[2022-07-20T07:41:12.835Z] > git status -z -uall [3ms]
[2022-07-20T07:41:12.852Z] > git symbolic-ref --short HEAD [2ms]
[2022-07-20T07:41:12.869Z] > git for-each-ref --format=%(refname)%00%(upstream:short)%00%(objectname)%00%(upstream:track)%00%(upstream:remotename)%00%(upstream:remoteref) refs/heads/main refs/remotes/main [2ms]
[2022-07-20T07:41:12.900Z] > git for-each-ref --sort -committerdate --format %(refname) %(objectname) %(*objectname) [16ms]
[2022-07-20T07:41:12.900Z] > git remote --verbose [1ms]
[2022-07-20T07:41:12.921Z] > git config --get commit.template [2ms]
