["INFO" - 11:57:53 PM] Extension Name: esbenp.prettier-vscode.
["INFO" - 11:57:53 PM] Extension Version: 9.5.0.
["INFO" - 12:13:35 AM] Formatting file:///home/upalb/Grover/index.html
["INFO" - 12:13:35 AM] Using ignore file (if present) at /home/upalb/Grover/.prettierignore
["INFO" - 12:13:35 AM] File Info:
{
  "ignored": false,
  "inferredParser": "html"
}
["INFO" - 12:13:35 AM] No local configuration (i.e. .prettierrc or .editorconfig) detected, falling back to VS Code configuration
["INFO" - 12:13:35 AM] Prettier Options:
{
  "arrowParens": "always",
  "bracketSpacing": true,
  "endOfLine": "lf",
  "htmlWhitespaceSensitivity": "css",
  "insertPragma": false,
  "jsxBracketSameLine": false,
  "jsxSingleQuote": false,
  "printWidth": 80,
  "proseWrap": "preserve",
  "quoteProps": "as-needed",
  "requirePragma": false,
  "semi": true,
  "singleQuote": true,
  "tabWidth": 2,
  "trailingComma": "es5",
  "useTabs": false,
  "vueIndentScriptAndStyle": false,
  "filepath": "/home/upalb/Grover/index.html",
  "parser": "html"
}
["INFO" - 12:13:35 AM] Formatting completed in 0.26ms.
["INFO" - 12:14:22 AM] Formatting file:///home/upalb/Grover/index.html
["INFO" - 12:14:22 AM] Using ignore file (if present) at /home/upalb/Grover/.prettierignore
["INFO" - 12:14:22 AM] File Info:
{
  "ignored": false,
  "inferredParser": "html"
}
["INFO" - 12:14:22 AM] No local configuration (i.e. .prettierrc or .editorconfig) detected, falling back to VS Code configuration
["INFO" - 12:14:22 AM] Prettier Options:
{
  "arrowParens": "always",
  "bracketSpacing": true,
  "endOfLine": "lf",
  "htmlWhitespaceSensitivity": "css",
  "insertPragma": false,
  "jsxBracketSameLine": false,
  "jsxSingleQuote": false,
  "printWidth": 80,
  "proseWrap": "preserve",
  "quoteProps": "as-needed",
  "requirePragma": false,
  "semi": true,
  "singleQuote": true,
  "tabWidth": 2,
  "trailingComma": "es5",
  "useTabs": false,
  "vueIndentScriptAndStyle": false,
  "filepath": "/home/upalb/Grover/index.html",
  "parser": "html"
}
["INFO" - 12:14:22 AM] Formatting completed in 0.067ms.
["INFO" - 12:14:24 AM] Formatting file:///home/upalb/Grover/index.html
["INFO" - 12:14:24 AM] Using ignore file (if present) at /home/upalb/Grover/.prettierignore
["INFO" - 12:14:24 AM] File Info:
{
  "ignored": false,
  "inferredParser": "html"
}
["INFO" - 12:14:24 AM] No local configuration (i.e. .prettierrc or .editorconfig) detected, falling back to VS Code configuration
["INFO" - 12:14:24 AM] Prettier Options:
{
  "arrowParens": "always",
  "bracketSpacing": true,
  "endOfLine": "lf",
  "htmlWhitespaceSensitivity": "css",
  "insertPragma": false,
  "jsxBracketSameLine": false,
  "jsxSingleQuote": false,
  "printWidth": 80,
  "proseWrap": "preserve",
  "quoteProps": "as-needed",
  "requirePragma": false,
  "semi": true,
  "singleQuote": true,
  "tabWidth": 2,
  "trailingComma": "es5",
  "useTabs": false,
  "vueIndentScriptAndStyle": false,
  "filepath": "/home/upalb/Grover/index.html",
  "parser": "html"
}
["INFO" - 12:14:24 AM] Formatting completed in 0.052ms.
["INFO" - 12:22:23 AM] Formatting file:///home/upalb/Grover/index.html
["INFO" - 12:22:23 AM] Using ignore file (if present) at /home/upalb/Grover/.prettierignore
["INFO" - 12:22:23 AM] File Info:
{
  "ignored": false,
  "inferredParser": "html"
}
["INFO" - 12:22:23 AM] No local configuration (i.e. .prettierrc or .editorconfig) detected, falling back to VS Code configuration
["INFO" - 12:22:23 AM] Prettier Options:
{
  "arrowParens": "always",
  "bracketSpacing": true,
  "endOfLine": "lf",
  "htmlWhitespaceSensitivity": "css",
  "insertPragma": false,
  "jsxBracketSameLine": false,
  "jsxSingleQuote": false,
  "printWidth": 80,
  "proseWrap": "preserve",
  "quoteProps": "as-needed",
  "requirePragma": false,
  "semi": true,
  "singleQuote": true,
  "tabWidth": 2,
  "trailingComma": "es5",
  "useTabs": false,
  "vueIndentScriptAndStyle": false,
  "filepath": "/home/upalb/Grover/index.html",
  "parser": "html"
}
["INFO" - 12:22:23 AM] Formatting completed in 0.088ms.
["INFO" - 12:22:42 AM] Formatting file:///home/upalb/Grover/index.html
["INFO" - 12:22:42 AM] Using ignore file (if present) at /home/upalb/Grover/.prettierignore
["INFO" - 12:22:42 AM] File Info:
{
  "ignored": false,
  "inferredParser": "html"
}
["INFO" - 12:22:42 AM] No local configuration (i.e. .prettierrc or .editorconfig) detected, falling back to VS Code configuration
["INFO" - 12:22:42 AM] Prettier Options:
{
  "arrowParens": "always",
  "bracketSpacing": true,
  "endOfLine": "lf",
  "htmlWhitespaceSensitivity": "css",
  "insertPragma": false,
  "jsxBracketSameLine": false,
  "jsxSingleQuote": false,
  "printWidth": 80,
  "proseWrap": "preserve",
  "quoteProps": "as-needed",
  "requirePragma": false,
  "semi": true,
  "singleQuote": true,
  "tabWidth": 2,
  "trailingComma": "es5",
  "useTabs": false,
  "vueIndentScriptAndStyle": false,
  "filepath": "/home/upalb/Grover/index.html",
  "parser": "html"
}
["INFO" - 12:22:42 AM] Formatting completed in 0.044ms.
["INFO" - 12:23:07 AM] Formatting file:///home/upalb/Grover/index.html
["INFO" - 12:23:07 AM] Using ignore file (if present) at /home/upalb/Grover/.prettierignore
["INFO" - 12:23:07 AM] File Info:
{
  "ignored": false,
  "inferredParser": "html"
}
["INFO" - 12:23:07 AM] No local configuration (i.e. .prettierrc or .editorconfig) detected, falling back to VS Code configuration
["INFO" - 12:23:07 AM] Prettier Options:
{
  "arrowParens": "always",
  "bracketSpacing": true,
  "endOfLine": "lf",
  "htmlWhitespaceSensitivity": "css",
  "insertPragma": false,
  "jsxBracketSameLine": false,
  "jsxSingleQuote": false,
  "printWidth": 80,
  "proseWrap": "preserve",
  "quoteProps": "as-needed",
  "requirePragma": false,
  "semi": true,
  "singleQuote": true,
  "tabWidth": 2,
  "trailingComma": "es5",
  "useTabs": false,
  "vueIndentScriptAndStyle": false,
  "filepath": "/home/upalb/Grover/index.html",
  "parser": "html"
}
["INFO" - 12:23:07 AM] Formatting completed in 0.034ms.
["INFO" - 1:12:26 AM] Formatting file:///home/upalb/Grover/index.html
["INFO" - 1:12:26 AM] Using ignore file (if present) at /home/upalb/Grover/.prettierignore
["INFO" - 1:12:26 AM] File Info:
{
  "ignored": false,
  "inferredParser": "html"
}
["INFO" - 1:12:26 AM] No local configuration (i.e. .prettierrc or .editorconfig) detected, falling back to VS Code configuration
["INFO" - 1:12:26 AM] Prettier Options:
{
  "arrowParens": "always",
  "bracketSpacing": true,
  "endOfLine": "lf",
  "htmlWhitespaceSensitivity": "css",
  "insertPragma": false,
  "jsxBracketSameLine": false,
  "jsxSingleQuote": false,
  "printWidth": 80,
  "proseWrap": "preserve",
  "quoteProps": "as-needed",
  "requirePragma": false,
  "semi": true,
  "singleQuote": true,
  "tabWidth": 2,
  "trailingComma": "es5",
  "useTabs": false,
  "vueIndentScriptAndStyle": false,
  "filepath": "/home/upalb/Grover/index.html",
  "parser": "html"
}
["INFO" - 1:12:26 AM] Formatting completed in 0.076ms.
["INFO" - 1:13:47 AM] Formatting file:///home/upalb/Grover/index.html
["INFO" - 1:13:47 AM] Using ignore file (if present) at /home/upalb/Grover/.prettierignore
["INFO" - 1:13:47 AM] File Info:
{
  "ignored": false,
  "inferredParser": "html"
}
["INFO" - 1:13:47 AM] No local configuration (i.e. .prettierrc or .editorconfig) detected, falling back to VS Code configuration
["INFO" - 1:13:47 AM] Prettier Options:
{
  "arrowParens": "always",
  "bracketSpacing": true,
  "endOfLine": "lf",
  "htmlWhitespaceSensitivity": "css",
  "insertPragma": false,
  "jsxBracketSameLine": false,
  "jsxSingleQuote": false,
  "printWidth": 80,
  "proseWrap": "preserve",
  "quoteProps": "as-needed",
  "requirePragma": false,
  "semi": true,
  "singleQuote": true,
  "tabWidth": 2,
  "trailingComma": "es5",
  "useTabs": false,
  "vueIndentScriptAndStyle": false,
  "filepath": "/home/upalb/Grover/index.html",
  "parser": "html"
}
["INFO" - 1:13:47 AM] Formatting completed in 0.034ms.
