Compilation Error
Error: Invalid parent selector ":nth-child(2)"
   ╷
27 │       &-img {
   │       ^^^^^^
   ╵
  Grover/scss/_hero.scss 27:7  @import
  Grover/scss/style.scss 6:9   root stylesheet
--------------------
Compilation Error
Error: expected ";".
   ╷
17 │     align-items: ;
   │                ^
   ╵
  Grover/scss/_hero.scss 17:16  @import
  Grover/scss/style.scss 6:9    root stylesheet
--------------------
Compilation Error
Error: Undefined mixin.
  ╷
7 │ ┌   @include for-tablet {
8 │ │     max-width: 80%;
9 │ └   }
  ╵
  Grover/scss/_utils.scss 7:3  @import
  Grover/scss/style.scss 3:9   root stylesheet
--------------------
Compilation Error
Error: Undefined mixin.
  ╷
7 │ ┌   @include for-tablet {
8 │ │     max-width: 80%;
9 │ └   }
  ╵
  Grover/scss/_utils.scss 7:3  @import
  Grover/scss/style.scss 3:9   root stylesheet
--------------------
Compilation Error
Error: Undefined mixin.
  ╷
7 │ ┌   @include for-tablet {
8 │ │     max-width: 80%;
9 │ └   }
  ╵
  Grover/scss/_utils.scss 7:3  @import
  Grover/scss/style.scss 3:9   root stylesheet
--------------------
Compilation Error
Error: Undefined mixin.
  ╷
7 │ ┌   @include for-tablet {
8 │ │     max-width: 80%;
9 │ └   }
  ╵
  Grover/scss/_utils.scss 7:3  @import
  Grover/scss/style.scss 3:9   root stylesheet
--------------------
