[2022-06-29T11:40:52.319Z] Log level: Info
[2022-06-29T11:40:52.321Z] [info] Validating found git in: git
[2022-06-29T11:41:09.768Z] [info] Using git 2.36.1 from git
[2022-06-29T11:41:09.942Z] > git rev-parse --show-toplevel [129ms]
[2022-06-29T11:41:09.942Z] fatal: not a git repository (or any parent up to mount point /)
Stopping at filesystem boundary (GIT_DISCOVERY_ACROSS_FILESYSTEM not set).
[2022-06-29T11:41:10.062Z] > git rev-parse --show-toplevel [74ms]
[2022-06-29T11:41:10.062Z] fatal: not a git repository (or any parent up to mount point /run/media/upalb)
Stopping at filesystem boundary (GIT_DISCOVERY_ACROSS_FILESYSTEM not set).
[2022-06-29T11:41:10.567Z] > git rev-parse --show-toplevel [6ms]
[2022-06-29T11:41:10.567Z] fatal: not a git repository (or any parent up to mount point /)
Stopping at filesystem boundary (GIT_DISCOVERY_ACROSS_FILESYSTEM not set).
[2022-06-29T11:41:10.914Z] > git rev-parse --show-toplevel [57ms]
[2022-06-29T11:41:10.915Z] fatal: not a git repository (or any parent up to mount point /run/media/upalb)
Stopping at filesystem boundary (GIT_DISCOVERY_ACROSS_FILESYSTEM not set).
[2022-06-29T11:41:11.343Z] > git rev-parse --show-toplevel [12ms]
[2022-06-29T11:41:11.343Z] fatal: not a git repository (or any parent up to mount point /)
Stopping at filesystem boundary (GIT_DISCOVERY_ACROSS_FILESYSTEM not set).
[2022-06-29T11:41:15.344Z] > git rev-parse --show-toplevel [30ms]
[2022-06-29T11:41:15.344Z] fatal: not a git repository (or any parent up to mount point /)
Stopping at filesystem boundary (GIT_DISCOVERY_ACROSS_FILESYSTEM not set).
