[2022-06-13T17:52:22.322Z] Validating found git in: git
[2022-06-13T17:52:22.485Z] Using git 2.36.1 from git
[2022-06-13T17:52:26.847Z] > git rev-parse --show-toplevel [4347ms]
[2022-06-13T17:52:26.847Z] fatal: not a git repository (or any parent up to mount point /run/media/upalb)
Stopping at filesystem boundary (GIT_DISCOVERY_ACROSS_FILESYSTEM not set).
[2022-06-13T17:52:26.882Z] > git rev-parse --show-toplevel [10ms]
[2022-06-13T17:52:26.882Z] fatal: not a git repository (or any parent up to mount point /run/media/upalb)
Stopping at filesystem boundary (GIT_DISCOVERY_ACROSS_FILESYSTEM not set).
[2022-06-13T17:52:26.902Z] > git rev-parse --show-toplevel [4ms]
[2022-06-13T17:52:26.902Z] fatal: not a git repository (or any parent up to mount point /run/media/upalb)
Stopping at filesystem boundary (GIT_DISCOVERY_ACROSS_FILESYSTEM not set).
[2022-06-13T17:52:26.922Z] > git rev-parse --show-toplevel [4ms]
[2022-06-13T17:52:26.922Z] fatal: not a git repository (or any parent up to mount point /run/media/upalb)
Stopping at filesystem boundary (GIT_DISCOVERY_ACROSS_FILESYSTEM not set).
[2022-06-13T17:52:26.969Z] > git rev-parse --show-toplevel [31ms]
[2022-06-13T17:52:26.969Z] fatal: not a git repository (or any parent up to mount point /run/media/upalb)
Stopping at filesystem boundary (GIT_DISCOVERY_ACROSS_FILESYSTEM not set).
[2022-06-13T17:52:26.999Z] > git rev-parse --show-toplevel [15ms]
[2022-06-13T17:52:26.999Z] fatal: not a git repository (or any parent up to mount point /run/media/upalb)
Stopping at filesystem boundary (GIT_DISCOVERY_ACROSS_FILESYSTEM not set).
[2022-06-13T17:52:27.018Z] > git rev-parse --show-toplevel [3ms]
[2022-06-13T17:52:27.018Z] fatal: not a git repository (or any parent up to mount point /run/media/upalb)
Stopping at filesystem boundary (GIT_DISCOVERY_ACROSS_FILESYSTEM not set).
[2022-06-13T17:52:27.037Z] > git rev-parse --show-toplevel [3ms]
[2022-06-13T17:52:27.037Z] fatal: not a git repository (or any parent up to mount point /run/media/upalb)
Stopping at filesystem boundary (GIT_DISCOVERY_ACROSS_FILESYSTEM not set).
[2022-06-13T17:54:59.080Z] > git rev-parse --show-toplevel [28ms]
[2022-06-13T17:54:59.080Z] fatal: not a git repository (or any parent up to mount point /run/media/upalb)
Stopping at filesystem boundary (GIT_DISCOVERY_ACROSS_FILESYSTEM not set).
[2022-06-13T18:00:56.912Z] > git rev-parse --show-toplevel [7ms]
[2022-06-13T18:00:56.912Z] fatal: not a git repository (or any parent up to mount point /)
Stopping at filesystem boundary (GIT_DISCOVERY_ACROSS_FILESYSTEM not set).
[2022-06-13T18:02:21.037Z] > git rev-parse --show-toplevel [32ms]
[2022-06-13T18:02:21.037Z] fatal: not a git repository (or any parent up to mount point /)
Stopping at filesystem boundary (GIT_DISCOVERY_ACROSS_FILESYSTEM not set).
[2022-06-13T18:02:22.062Z] > git rev-parse --show-toplevel [40ms]
[2022-06-13T18:02:22.062Z] fatal: not a git repository (or any parent up to mount point /)
Stopping at filesystem boundary (GIT_DISCOVERY_ACROSS_FILESYSTEM not set).
[2022-06-13T18:02:26.296Z] > git rev-parse --show-toplevel [19ms]
[2022-06-13T18:02:26.296Z] fatal: not a git repository (or any parent up to mount point /)
Stopping at filesystem boundary (GIT_DISCOVERY_ACROSS_FILESYSTEM not set).
[2022-06-13T18:02:41.270Z] > git rev-parse --show-toplevel [11ms]
[2022-06-13T18:02:41.270Z] fatal: not a git repository (or any parent up to mount point /)
Stopping at filesystem boundary (GIT_DISCOVERY_ACROSS_FILESYSTEM not set).
[2022-06-13T18:02:45.468Z] > git rev-parse --show-toplevel [12ms]
[2022-06-13T18:02:45.468Z] fatal: not a git repository (or any parent up to mount point /)
Stopping at filesystem boundary (GIT_DISCOVERY_ACROSS_FILESYSTEM not set).
[2022-06-13T18:03:40.037Z] > git rev-parse --show-toplevel [33ms]
[2022-06-13T18:03:40.037Z] fatal: not a git repository (or any parent up to mount point /)
Stopping at filesystem boundary (GIT_DISCOVERY_ACROSS_FILESYSTEM not set).
