["INFO" - 11:52:26 PM] Extension Name: esbenp.prettier-vscode.
["INFO" - 11:52:26 PM] Extension Version: 9.5.0.
["INFO" - 12:00:55 AM] Formatting file:///home/upalb/.config/VSCodium/Workspaces/1654163437602/workspace.json
["INFO" - 12:00:56 AM] File Info:
{
  "ignored": false,
  "inferredParser": "json"
}
["INFO" - 12:00:56 AM] No local configuration (i.e. .prettierrc or .editorconfig) detected, falling back to VS Code configuration
["INFO" - 12:00:56 AM] Prettier Options:
{
  "arrowParens": "always",
  "bracketSpacing": true,
  "endOfLine": "lf",
  "htmlWhitespaceSensitivity": "css",
  "insertPragma": false,
  "jsxBracketSameLine": false,
  "jsxSingleQuote": false,
  "printWidth": 80,
  "proseWrap": "preserve",
  "quoteProps": "as-needed",
  "requirePragma": false,
  "semi": true,
  "singleQuote": false,
  "tabWidth": 2,
  "trailingComma": "es5",
  "useTabs": false,
  "vueIndentScriptAndStyle": false,
  "filepath": "/home/upalb/.config/VSCodium/Workspaces/1654163437602/workspace.json",
  "parser": "json"
}
["INFO" - 12:00:56 AM] Formatting completed in 0.693ms.
["INFO" - 12:02:59 AM] Formatting file:///home/upalb/04%20-%20Array%20Cardio%20Day%201/index-START.html
["INFO" - 12:02:59 AM] Using ignore file (if present) at /home/upalb/04 - Array Cardio Day 1/.prettierignore
["INFO" - 12:02:59 AM] File Info:
{
  "ignored": false,
  "inferredParser": "html"
}
["INFO" - 12:02:59 AM] No local configuration (i.e. .prettierrc or .editorconfig) detected, falling back to VS Code configuration
["INFO" - 12:02:59 AM] Prettier Options:
{
  "arrowParens": "always",
  "bracketSpacing": true,
  "endOfLine": "lf",
  "htmlWhitespaceSensitivity": "css",
  "insertPragma": false,
  "jsxBracketSameLine": false,
  "jsxSingleQuote": false,
  "printWidth": 80,
  "proseWrap": "preserve",
  "quoteProps": "as-needed",
  "requirePragma": false,
  "semi": true,
  "singleQuote": false,
  "tabWidth": 2,
  "trailingComma": "es5",
  "useTabs": false,
  "vueIndentScriptAndStyle": false,
  "filepath": "/home/upalb/04 - Array Cardio Day 1/index-START.html",
  "parser": "html"
}
["INFO" - 12:02:59 AM] Formatting completed in 0.096ms.
