[2022-07-10T03:02:02.302Z] Log level: Info
[2022-07-10T03:02:02.303Z] [info] Validating found git in: git
[2022-07-10T03:02:14.277Z] [info] Using git 2.37.0 from git
[2022-07-10T03:02:14.531Z] > git rev-parse --show-toplevel [223ms]
[2022-07-10T03:02:14.531Z] fatal: not a git repository (or any parent up to mount point /run/media/upalb)
Stopping at filesystem boundary (GIT_DISCOVERY_ACROSS_FILESYSTEM not set).
[2022-07-10T03:02:15.003Z] > git rev-parse --show-toplevel [274ms]
[2022-07-10T03:02:15.041Z] > git rev-parse --git-dir --git-common-dir [16ms]
[2022-07-10T03:02:15.056Z] [info] Open repository: /run/media/upalb/Miscellaneous/Code/Programming-Hero/Assigmnent 1
[2022-07-10T03:02:15.209Z] > git rev-parse --show-toplevel [73ms]
[2022-07-10T03:02:15.209Z] fatal: not a git repository (or any parent up to mount point /run/media/upalb)
Stopping at filesystem boundary (GIT_DISCOVERY_ACROSS_FILESYSTEM not set).
[2022-07-10T03:02:15.335Z] > git rev-parse --show-toplevel [88ms]
[2022-07-10T03:02:15.336Z] fatal: not a git repository (or any parent up to mount point /run/media/upalb)
Stopping at filesystem boundary (GIT_DISCOVERY_ACROSS_FILESYSTEM not set).
[2022-07-10T03:02:16.071Z] > git rev-parse --show-toplevel [569ms]
[2022-07-10T03:02:16.071Z] fatal: not a git repository (or any parent up to mount point /run/media/upalb)
Stopping at filesystem boundary (GIT_DISCOVERY_ACROSS_FILESYSTEM not set).
[2022-07-10T03:02:16.382Z] > git rev-parse --show-toplevel [289ms]
[2022-07-10T03:02:16.382Z] fatal: not a git repository (or any parent up to mount point /run/media/upalb)
Stopping at filesystem boundary (GIT_DISCOVERY_ACROSS_FILESYSTEM not set).
[2022-07-10T03:02:16.926Z] > git rev-parse --show-toplevel [264ms]
[2022-07-10T03:02:16.926Z] fatal: not a git repository (or any parent up to mount point /run/media/upalb)
Stopping at filesystem boundary (GIT_DISCOVERY_ACROSS_FILESYSTEM not set).
[2022-07-10T03:02:16.970Z] > git check-ignore -v -z --stdin [1098ms]
[2022-07-10T03:02:17.342Z] > git rev-parse --show-toplevel [394ms]
[2022-07-10T03:02:17.342Z] fatal: not a git repository (or any parent up to mount point /run/media/upalb)
Stopping at filesystem boundary (GIT_DISCOVERY_ACROSS_FILESYSTEM not set).
[2022-07-10T03:02:17.579Z] > git rev-parse --show-toplevel [175ms]
[2022-07-10T03:02:17.579Z] fatal: not a git repository (or any parent up to mount point /run/media/upalb)
Stopping at filesystem boundary (GIT_DISCOVERY_ACROSS_FILESYSTEM not set).
[2022-07-10T03:02:17.800Z] > git rev-parse --show-toplevel [148ms]
[2022-07-10T03:02:17.800Z] fatal: not a git repository (or any parent up to mount point /run/media/upalb)
Stopping at filesystem boundary (GIT_DISCOVERY_ACROSS_FILESYSTEM not set).
[2022-07-10T03:02:18.028Z] > git ls-files --stage -- /run/media/upalb/Miscellaneous/Code/Programming-Hero/Assigmnent 1/style.css [176ms]
[2022-07-10T03:02:18.129Z] > git status -z -uall [3005ms]
[2022-07-10T03:02:18.720Z] > git show --textconv :style.css [902ms]
[2022-07-10T03:02:18.873Z] > git symbolic-ref --short HEAD [721ms]
[2022-07-10T03:02:19.108Z] > git cat-file -s 17b3b034ba21ee13587fa09de2b18ae08a6ed46b [1009ms]
[2022-07-10T03:02:19.972Z] > git for-each-ref --format=%(refname)%00%(upstream:short)%00%(objectname)%00%(upstream:track)%00%(upstream:remotename)%00%(upstream:remoteref) refs/heads/main refs/remotes/main [1026ms]
[2022-07-10T03:02:20.524Z] > git remote --verbose [483ms]
[2022-07-10T03:02:21.165Z] > git for-each-ref --sort -committerdate --format %(refname) %(objectname) %(*objectname) [1143ms]
[2022-07-10T03:02:21.729Z] > git config --get commit.template [486ms]
[2022-07-10T03:11:21.583Z] > git rev-parse --show-toplevel [9ms]
[2022-07-10T03:11:21.583Z] fatal: not a git repository (or any parent up to mount point /run/media/upalb)
Stopping at filesystem boundary (GIT_DISCOVERY_ACROSS_FILESYSTEM not set).
[2022-07-10T03:11:24.008Z] > git rev-parse --show-toplevel [21ms]
[2022-07-10T03:11:24.008Z] fatal: not a git repository (or any parent up to mount point /run/media/upalb)
Stopping at filesystem boundary (GIT_DISCOVERY_ACROSS_FILESYSTEM not set).
[2022-07-10T03:11:24.942Z] > git show --textconv :style.css [31ms]
[2022-07-10T03:11:24.944Z] > git ls-files --stage -- /run/media/upalb/Miscellaneous/Code/Programming-Hero/Assigmnent 1/style.css [12ms]
[2022-07-10T03:11:24.966Z] > git cat-file -s 17b3b034ba21ee13587fa09de2b18ae08a6ed46b [8ms]
[2022-07-10T03:11:48.583Z] > git rev-parse --show-toplevel [2ms]
[2022-07-10T03:11:48.583Z] fatal: not a git repository (or any parent up to mount point /run/media/upalb)
Stopping at filesystem boundary (GIT_DISCOVERY_ACROSS_FILESYSTEM not set).
[2022-07-10T03:14:42.839Z] > git rev-parse --show-toplevel [2ms]
[2022-07-10T03:14:42.839Z] fatal: not a git repository (or any parent up to mount point /run/media/upalb)
Stopping at filesystem boundary (GIT_DISCOVERY_ACROSS_FILESYSTEM not set).
[2022-07-10T03:14:49.720Z] > git show --textconv :index.html [70ms]
[2022-07-10T03:14:49.721Z] > git ls-files --stage -- /run/media/upalb/Miscellaneous/Code/Programming-Hero/Assigmnent 1/index.html [54ms]
[2022-07-10T03:14:49.747Z] > git cat-file -s e342112bc28d2a3ab56f787bef46424c5714e3fb [8ms]
[2022-07-10T03:14:58.979Z] > git show --textconv :style.css [16ms]
[2022-07-10T03:14:58.981Z] > git ls-files --stage -- /run/media/upalb/Miscellaneous/Code/Programming-Hero/Assigmnent 1/style.css [4ms]
[2022-07-10T03:14:58.996Z] > git cat-file -s 17b3b034ba21ee13587fa09de2b18ae08a6ed46b [4ms]
[2022-07-10T03:15:03.416Z] > git show --textconv :index.html [17ms]
[2022-07-10T03:15:03.419Z] > git ls-files --stage -- /run/media/upalb/Miscellaneous/Code/Programming-Hero/Assigmnent 1/index.html [5ms]
[2022-07-10T03:15:03.435Z] > git cat-file -s e342112bc28d2a3ab56f787bef46424c5714e3fb [4ms]
[2022-07-10T03:15:15.308Z] > git rev-parse --show-toplevel [3ms]
[2022-07-10T03:15:15.308Z] fatal: not a git repository (or any parent up to mount point /run/media/upalb)
Stopping at filesystem boundary (GIT_DISCOVERY_ACROSS_FILESYSTEM not set).
[2022-07-10T03:15:17.337Z] > git show --textconv :style.css [31ms]
[2022-07-10T03:15:17.338Z] > git ls-files --stage -- /run/media/upalb/Miscellaneous/Code/Programming-Hero/Assigmnent 1/style.css [6ms]
[2022-07-10T03:15:17.410Z] > git cat-file -s 17b3b034ba21ee13587fa09de2b18ae08a6ed46b [39ms]
[2022-07-10T03:19:26.980Z] > git rev-parse --show-toplevel [3ms]
[2022-07-10T03:19:26.980Z] fatal: not a git repository (or any parent up to mount point /run/media/upalb)
Stopping at filesystem boundary (GIT_DISCOVERY_ACROSS_FILESYSTEM not set).
[2022-07-10T03:19:30.993Z] > git show --textconv :index.html [25ms]
[2022-07-10T03:19:30.998Z] > git ls-files --stage -- /run/media/upalb/Miscellaneous/Code/Programming-Hero/Assigmnent 1/index.html [10ms]
[2022-07-10T03:19:31.020Z] > git cat-file -s e342112bc28d2a3ab56f787bef46424c5714e3fb [6ms]
[2022-07-10T03:19:31.697Z] > git show --textconv :style.css [15ms]
[2022-07-10T03:19:31.699Z] > git ls-files --stage -- /run/media/upalb/Miscellaneous/Code/Programming-Hero/Assigmnent 1/style.css [6ms]
[2022-07-10T03:19:31.712Z] > git cat-file -s 17b3b034ba21ee13587fa09de2b18ae08a6ed46b [4ms]
[2022-07-10T03:19:35.084Z] > git rev-parse --show-toplevel [61ms]
[2022-07-10T03:19:35.084Z] fatal: not a git repository (or any parent up to mount point /run/media/upalb)
Stopping at filesystem boundary (GIT_DISCOVERY_ACROSS_FILESYSTEM not set).
[2022-07-10T03:19:40.212Z] > git ls-files --stage -- /run/media/upalb/Miscellaneous/Code/Programming-Hero/Assigmnent 1/style.css [217ms]
[2022-07-10T03:19:40.275Z] > git show --textconv :style.css [295ms]
[2022-07-10T03:19:40.276Z] > git rev-parse --show-toplevel [68ms]
[2022-07-10T03:19:40.276Z] fatal: not a git repository (or any parent up to mount point /run/media/upalb)
Stopping at filesystem boundary (GIT_DISCOVERY_ACROSS_FILESYSTEM not set).
[2022-07-10T03:19:40.417Z] > git cat-file -s 17b3b034ba21ee13587fa09de2b18ae08a6ed46b [154ms]
[2022-07-10T03:19:57.868Z] > git rev-parse --show-toplevel [3ms]
[2022-07-10T03:19:57.868Z] fatal: not a git repository (or any parent up to mount point /run/media/upalb)
Stopping at filesystem boundary (GIT_DISCOVERY_ACROSS_FILESYSTEM not set).
[2022-07-10T03:24:24.163Z] > git rev-parse --show-toplevel [2ms]
[2022-07-10T03:24:24.163Z] fatal: not a git repository (or any parent up to mount point /run/media/upalb)
Stopping at filesystem boundary (GIT_DISCOVERY_ACROSS_FILESYSTEM not set).
[2022-07-10T03:24:26.116Z] > git show --textconv :style.css [24ms]
[2022-07-10T03:24:26.118Z] > git ls-files --stage -- /run/media/upalb/Miscellaneous/Code/Programming-Hero/Assigmnent 1/style.css [3ms]
[2022-07-10T03:24:26.140Z] > git cat-file -s 17b3b034ba21ee13587fa09de2b18ae08a6ed46b [8ms]
[2022-07-10T03:24:35.118Z] > git rev-parse --show-toplevel [19ms]
[2022-07-10T03:24:35.118Z] fatal: not a git repository (or any parent up to mount point /run/media/upalb)
Stopping at filesystem boundary (GIT_DISCOVERY_ACROSS_FILESYSTEM not set).
[2022-07-10T03:24:47.904Z] > git show --textconv :style.css [14ms]
[2022-07-10T03:24:47.906Z] > git ls-files --stage -- /run/media/upalb/Miscellaneous/Code/Programming-Hero/Assigmnent 1/style.css [3ms]
[2022-07-10T03:24:47.920Z] > git cat-file -s 17b3b034ba21ee13587fa09de2b18ae08a6ed46b [4ms]
[2022-07-10T03:24:49.711Z] > git show --textconv :index.html [25ms]
[2022-07-10T03:24:49.714Z] > git ls-files --stage -- /run/media/upalb/Miscellaneous/Code/Programming-Hero/Assigmnent 1/index.html [4ms]
[2022-07-10T03:24:49.747Z] > git cat-file -s e342112bc28d2a3ab56f787bef46424c5714e3fb [13ms]
[2022-07-10T03:24:52.127Z] > git show --textconv :style.css [15ms]
[2022-07-10T03:24:52.128Z] > git ls-files --stage -- /run/media/upalb/Miscellaneous/Code/Programming-Hero/Assigmnent 1/style.css [6ms]
[2022-07-10T03:24:52.142Z] > git cat-file -s 17b3b034ba21ee13587fa09de2b18ae08a6ed46b [4ms]
[2022-07-10T03:25:00.325Z] > git rev-parse --show-toplevel [2ms]
[2022-07-10T03:25:00.325Z] fatal: not a git repository (or any parent up to mount point /run/media/upalb)
Stopping at filesystem boundary (GIT_DISCOVERY_ACROSS_FILESYSTEM not set).
[2022-07-10T03:31:57.812Z] > git rev-parse --show-toplevel [3ms]
[2022-07-10T03:31:57.812Z] fatal: not a git repository (or any parent up to mount point /run/media/upalb)
Stopping at filesystem boundary (GIT_DISCOVERY_ACROSS_FILESYSTEM not set).
[2022-07-10T03:32:30.965Z] > git rev-parse --show-toplevel [2ms]
[2022-07-10T03:32:30.965Z] fatal: not a git repository (or any parent up to mount point /run/media/upalb)
Stopping at filesystem boundary (GIT_DISCOVERY_ACROSS_FILESYSTEM not set).
[2022-07-10T03:33:06.613Z] > git rev-parse --show-toplevel [4ms]
[2022-07-10T03:33:06.613Z] fatal: not a git repository (or any parent up to mount point /run/media/upalb)
Stopping at filesystem boundary (GIT_DISCOVERY_ACROSS_FILESYSTEM not set).
[2022-07-10T03:33:17.658Z] > git rev-parse --show-toplevel [2ms]
[2022-07-10T03:33:17.658Z] fatal: not a git repository (or any parent up to mount point /run/media/upalb)
Stopping at filesystem boundary (GIT_DISCOVERY_ACROSS_FILESYSTEM not set).
[2022-07-10T03:33:37.865Z] > git show --textconv :index.html [26ms]
[2022-07-10T03:33:37.869Z] > git ls-files --stage -- /run/media/upalb/Miscellaneous/Code/Programming-Hero/Assigmnent 1/index.html [7ms]
[2022-07-10T03:33:37.892Z] > git cat-file -s e342112bc28d2a3ab56f787bef46424c5714e3fb [5ms]
[2022-07-10T03:35:28.687Z] > git show --textconv :style.css [22ms]
[2022-07-10T03:35:28.688Z] > git ls-files --stage -- /run/media/upalb/Miscellaneous/Code/Programming-Hero/Assigmnent 1/style.css [3ms]
[2022-07-10T03:35:28.704Z] > git cat-file -s 17b3b034ba21ee13587fa09de2b18ae08a6ed46b [4ms]
[2022-07-10T03:35:50.017Z] > git show --textconv :style.css [19ms]
[2022-07-10T03:35:50.024Z] > git ls-files --stage -- /run/media/upalb/Miscellaneous/Code/Programming-Hero/Assigmnent 1/style.css [10ms]
[2022-07-10T03:35:50.038Z] > git cat-file -s 17b3b034ba21ee13587fa09de2b18ae08a6ed46b [3ms]
[2022-07-10T03:36:15.113Z] > git rev-parse --show-toplevel [11ms]
[2022-07-10T03:36:15.113Z] fatal: not a git repository (or any parent up to mount point /run/media/upalb)
Stopping at filesystem boundary (GIT_DISCOVERY_ACROSS_FILESYSTEM not set).
[2022-07-10T03:36:55.692Z] > git rev-parse --show-toplevel [2ms]
[2022-07-10T03:36:55.692Z] fatal: not a git repository (or any parent up to mount point /run/media/upalb)
Stopping at filesystem boundary (GIT_DISCOVERY_ACROSS_FILESYSTEM not set).
[2022-07-10T03:40:08.767Z] > git rev-parse --show-toplevel [33ms]
[2022-07-10T03:40:08.767Z] fatal: not a git repository (or any parent up to mount point /run/media/upalb)
Stopping at filesystem boundary (GIT_DISCOVERY_ACROSS_FILESYSTEM not set).
[2022-07-10T03:40:31.566Z] > git rev-parse --show-toplevel [3ms]
[2022-07-10T03:40:31.566Z] fatal: not a git repository (or any parent up to mount point /run/media/upalb)
Stopping at filesystem boundary (GIT_DISCOVERY_ACROSS_FILESYSTEM not set).
[2022-07-10T03:40:34.911Z] > git show --textconv :style.css [32ms]
[2022-07-10T03:40:34.914Z] > git ls-files --stage -- /run/media/upalb/Miscellaneous/Code/Programming-Hero/Assigmnent 1/style.css [4ms]
[2022-07-10T03:40:34.985Z] > git cat-file -s 17b3b034ba21ee13587fa09de2b18ae08a6ed46b [37ms]
[2022-07-10T03:40:39.268Z] > git show --textconv :index.html [47ms]
[2022-07-10T03:40:39.271Z] > git ls-files --stage -- /run/media/upalb/Miscellaneous/Code/Programming-Hero/Assigmnent 1/index.html [5ms]
[2022-07-10T03:40:39.296Z] > git cat-file -s e342112bc28d2a3ab56f787bef46424c5714e3fb [7ms]
