[2022-07-06T05:38:04.731Z] Log level: Info
[2022-07-06T05:38:04.753Z] [info] Validating found git in: git
[2022-07-06T05:38:04.851Z] [info] Using git 2.37.0 from git
[2022-07-06T05:38:05.243Z] > git rev-parse --show-toplevel [316ms]
[2022-07-06T05:38:05.243Z] fatal: not a git repository (or any parent up to mount point /run/media/upalb)
Stopping at filesystem boundary (GIT_DISCOVERY_ACROSS_FILESYSTEM not set).
[2022-07-06T05:38:05.570Z] > git rev-parse --show-toplevel [265ms]
[2022-07-06T05:38:05.799Z] > git rev-parse --git-dir --git-common-dir [196ms]
[2022-07-06T05:38:05.811Z] [info] Open repository: /run/media/upalb/Miscellaneous/Code/Programming-Hero/Assigmnent 1
[2022-07-06T05:38:06.020Z] > git rev-parse --show-toplevel [28ms]
[2022-07-06T05:38:06.020Z] fatal: not a git repository (or any parent up to mount point /run/media/upalb)
Stopping at filesystem boundary (GIT_DISCOVERY_ACROSS_FILESYSTEM not set).
[2022-07-06T05:38:06.612Z] > git rev-parse --show-toplevel [506ms]
[2022-07-06T05:38:06.612Z] fatal: not a git repository (or any parent up to mount point /run/media/upalb)
Stopping at filesystem boundary (GIT_DISCOVERY_ACROSS_FILESYSTEM not set).
[2022-07-06T05:38:20.752Z] > git status -z -uall [14881ms]
[2022-07-06T05:38:20.769Z] > git check-ignore -v -z --stdin [397ms]
[2022-07-06T05:38:20.771Z] > git rev-parse --show-toplevel [14043ms]
[2022-07-06T05:38:20.771Z] fatal: not a git repository (or any parent up to mount point /run/media/upalb)
Stopping at filesystem boundary (GIT_DISCOVERY_ACROSS_FILESYSTEM not set).
[2022-07-06T05:38:20.804Z] > git rev-parse --show-toplevel [16ms]
[2022-07-06T05:38:20.804Z] fatal: not a git repository (or any parent up to mount point /run/media/upalb)
Stopping at filesystem boundary (GIT_DISCOVERY_ACROSS_FILESYSTEM not set).
[2022-07-06T05:38:20.892Z] > git symbolic-ref --short HEAD [123ms]
[2022-07-06T05:38:20.913Z] > git rev-parse --show-toplevel [70ms]
[2022-07-06T05:38:20.913Z] fatal: not a git repository (or any parent up to mount point /run/media/upalb)
Stopping at filesystem boundary (GIT_DISCOVERY_ACROSS_FILESYSTEM not set).
[2022-07-06T05:38:21.169Z] > git rev-parse --show-toplevel [223ms]
[2022-07-06T05:38:21.169Z] fatal: not a git repository (or any parent up to mount point /run/media/upalb)
Stopping at filesystem boundary (GIT_DISCOVERY_ACROSS_FILESYSTEM not set).
[2022-07-06T05:38:21.196Z] > git for-each-ref --format=%(refname)%00%(upstream:short)%00%(objectname)%00%(upstream:track)%00%(upstream:remotename)%00%(upstream:remoteref) refs/heads/main refs/remotes/main [283ms]
[2022-07-06T05:38:21.286Z] > git rev-parse --show-toplevel [100ms]
[2022-07-06T05:38:21.286Z] fatal: not a git repository (or any parent up to mount point /run/media/upalb)
Stopping at filesystem boundary (GIT_DISCOVERY_ACROSS_FILESYSTEM not set).
[2022-07-06T05:38:21.719Z] > git rev-parse --show-toplevel [305ms]
[2022-07-06T05:38:21.719Z] fatal: not a git repository (or any parent up to mount point /run/media/upalb)
Stopping at filesystem boundary (GIT_DISCOVERY_ACROSS_FILESYSTEM not set).
[2022-07-06T05:38:22.484Z] > git remote --verbose [1203ms]
[2022-07-06T05:38:22.801Z] > git ls-files --stage -- /run/media/upalb/Miscellaneous/Code/Programming-Hero/Assigmnent 1/index.html [940ms]
[2022-07-06T05:38:23.407Z] > git show --textconv :index.html [1649ms]
[2022-07-06T05:38:23.408Z] > git for-each-ref --sort -committerdate --format %(refname) %(objectname) %(*objectname) [2165ms]
[2022-07-06T05:38:23.518Z] > git cat-file -s 5fcc7ce5b99fb0321ba5e70bc1a5eb92866a9387 [706ms]
[2022-07-06T05:38:23.895Z] > git config --get commit.template [428ms]
[2022-07-06T05:40:14.014Z] > git ls-files --stage -- /run/media/upalb/Miscellaneous/Code/Programming-Hero/Assigmnent 1/style.css [82ms]
[2022-07-06T05:40:14.234Z] > git show --textconv :style.css [330ms]
[2022-07-06T05:40:14.312Z] > git cat-file -s 4cece37ea50f6b8c1e3b378007bf243b7efae7c9 [216ms]
[2022-07-06T05:40:32.695Z] > git status -z -uall [8ms]
[2022-07-06T05:40:32.709Z] > git symbolic-ref --short HEAD [3ms]
[2022-07-06T05:40:32.724Z] > git for-each-ref --format=%(refname)%00%(upstream:short)%00%(objectname)%00%(upstream:track)%00%(upstream:remotename)%00%(upstream:remoteref) refs/heads/main refs/remotes/main [4ms]
[2022-07-06T05:40:32.748Z] > git for-each-ref --sort -committerdate --format %(refname) %(objectname) %(*objectname) [13ms]
[2022-07-06T05:40:32.749Z] > git remote --verbose [4ms]
[2022-07-06T05:40:32.774Z] > git config --get commit.template [3ms]
[2022-07-06T05:41:01.070Z] > git status -z -uall [10ms]
[2022-07-06T05:41:01.084Z] > git symbolic-ref --short HEAD [4ms]
[2022-07-06T05:41:01.100Z] > git for-each-ref --format=%(refname)%00%(upstream:short)%00%(objectname)%00%(upstream:track)%00%(upstream:remotename)%00%(upstream:remoteref) refs/heads/main refs/remotes/main [6ms]
[2022-07-06T05:41:01.123Z] > git for-each-ref --sort -committerdate --format %(refname) %(objectname) %(*objectname) [13ms]
[2022-07-06T05:41:01.124Z] > git remote --verbose [3ms]
[2022-07-06T05:41:01.141Z] > git config --get commit.template [2ms]
[2022-07-06T05:41:43.562Z] > git status -z -uall [10ms]
[2022-07-06T05:41:43.579Z] > git symbolic-ref --short HEAD [3ms]
[2022-07-06T05:41:43.596Z] > git for-each-ref --format=%(refname)%00%(upstream:short)%00%(objectname)%00%(upstream:track)%00%(upstream:remotename)%00%(upstream:remoteref) refs/heads/main refs/remotes/main [5ms]
[2022-07-06T05:41:43.619Z] > git for-each-ref --sort -committerdate --format %(refname) %(objectname) %(*objectname) [12ms]
[2022-07-06T05:41:43.622Z] > git remote --verbose [4ms]
[2022-07-06T05:41:43.642Z] > git config --get commit.template [3ms]
[2022-07-06T05:41:50.933Z] > git status -z -uall [8ms]
[2022-07-06T05:41:50.955Z] > git symbolic-ref --short HEAD [7ms]
[2022-07-06T05:41:50.978Z] > git for-each-ref --format=%(refname)%00%(upstream:short)%00%(objectname)%00%(upstream:track)%00%(upstream:remotename)%00%(upstream:remoteref) refs/heads/main refs/remotes/main [8ms]
[2022-07-06T05:41:51.012Z] > git for-each-ref --sort -committerdate --format %(refname) %(objectname) %(*objectname) [19ms]
[2022-07-06T05:41:51.013Z] > git remote --verbose [3ms]
[2022-07-06T05:41:51.038Z] > git config --get commit.template [6ms]
[2022-07-06T05:41:53.383Z] > git show --textconv :index.html [27ms]
[2022-07-06T05:41:53.402Z] > git ls-files --stage -- /run/media/upalb/Miscellaneous/Code/Programming-Hero/Assigmnent 1/index.html [19ms]
[2022-07-06T05:41:53.447Z] > git cat-file -s 5fcc7ce5b99fb0321ba5e70bc1a5eb92866a9387 [14ms]
[2022-07-06T05:43:27.823Z] > git show --textconv :style.css [29ms]
[2022-07-06T05:43:27.830Z] > git ls-files --stage -- /run/media/upalb/Miscellaneous/Code/Programming-Hero/Assigmnent 1/style.css [10ms]
[2022-07-06T05:43:27.865Z] > git cat-file -s 4cece37ea50f6b8c1e3b378007bf243b7efae7c9 [22ms]
[2022-07-06T05:44:04.376Z] > git status -z -uall [8ms]
[2022-07-06T05:44:04.389Z] > git symbolic-ref --short HEAD [3ms]
[2022-07-06T05:44:04.405Z] > git for-each-ref --format=%(refname)%00%(upstream:short)%00%(objectname)%00%(upstream:track)%00%(upstream:remotename)%00%(upstream:remoteref) refs/heads/main refs/remotes/main [5ms]
[2022-07-06T05:44:04.428Z] > git for-each-ref --sort -committerdate --format %(refname) %(objectname) %(*objectname) [11ms]
[2022-07-06T05:44:04.431Z] > git remote --verbose [5ms]
[2022-07-06T05:44:04.448Z] > git config --get commit.template [3ms]
[2022-07-06T05:44:29.708Z] > git status -z -uall [7ms]
[2022-07-06T05:44:29.720Z] > git symbolic-ref --short HEAD [3ms]
[2022-07-06T05:44:29.735Z] > git for-each-ref --format=%(refname)%00%(upstream:short)%00%(objectname)%00%(upstream:track)%00%(upstream:remotename)%00%(upstream:remoteref) refs/heads/main refs/remotes/main [4ms]
[2022-07-06T05:44:29.758Z] > git for-each-ref --sort -committerdate --format %(refname) %(objectname) %(*objectname) [12ms]
[2022-07-06T05:44:29.760Z] > git remote --verbose [4ms]
[2022-07-06T05:44:29.778Z] > git config --get commit.template [3ms]
[2022-07-06T05:44:38.366Z] > git status -z -uall [8ms]
[2022-07-06T05:44:38.379Z] > git symbolic-ref --short HEAD [4ms]
[2022-07-06T05:44:38.396Z] > git for-each-ref --format=%(refname)%00%(upstream:short)%00%(objectname)%00%(upstream:track)%00%(upstream:remotename)%00%(upstream:remoteref) refs/heads/main refs/remotes/main [6ms]
[2022-07-06T05:44:38.418Z] > git for-each-ref --sort -committerdate --format %(refname) %(objectname) %(*objectname) [11ms]
[2022-07-06T05:44:38.419Z] > git remote --verbose [3ms]
[2022-07-06T05:44:38.435Z] > git config --get commit.template [2ms]
[2022-07-06T05:44:50.092Z] > git status -z -uall [10ms]
[2022-07-06T05:44:50.110Z] > git symbolic-ref --short HEAD [8ms]
[2022-07-06T05:44:50.126Z] > git for-each-ref --format=%(refname)%00%(upstream:short)%00%(objectname)%00%(upstream:track)%00%(upstream:remotename)%00%(upstream:remoteref) refs/heads/main refs/remotes/main [5ms]
[2022-07-06T05:44:50.148Z] > git for-each-ref --sort -committerdate --format %(refname) %(objectname) %(*objectname) [12ms]
[2022-07-06T05:44:50.150Z] > git remote --verbose [4ms]
[2022-07-06T05:44:50.165Z] > git config --get commit.template [2ms]
[2022-07-06T05:45:28.782Z] > git status -z -uall [8ms]
[2022-07-06T05:45:28.796Z] > git symbolic-ref --short HEAD [3ms]
[2022-07-06T05:45:28.814Z] > git for-each-ref --format=%(refname)%00%(upstream:short)%00%(objectname)%00%(upstream:track)%00%(upstream:remotename)%00%(upstream:remoteref) refs/heads/main refs/remotes/main [5ms]
[2022-07-06T05:45:28.835Z] > git for-each-ref --sort -committerdate --format %(refname) %(objectname) %(*objectname) [11ms]
[2022-07-06T05:45:28.837Z] > git remote --verbose [4ms]
[2022-07-06T05:45:28.855Z] > git config --get commit.template [3ms]
[2022-07-06T05:45:41.415Z] > git status -z -uall [7ms]
[2022-07-06T05:45:41.430Z] > git symbolic-ref --short HEAD [3ms]
[2022-07-06T05:45:41.446Z] > git for-each-ref --format=%(refname)%00%(upstream:short)%00%(objectname)%00%(upstream:track)%00%(upstream:remotename)%00%(upstream:remoteref) refs/heads/main refs/remotes/main [5ms]
[2022-07-06T05:45:41.482Z] > git for-each-ref --sort -committerdate --format %(refname) %(objectname) %(*objectname) [25ms]
[2022-07-06T05:45:41.483Z] > git remote --verbose [14ms]
[2022-07-06T05:45:41.502Z] > git config --get commit.template [3ms]
[2022-07-06T05:45:47.985Z] > git status -z -uall [8ms]
[2022-07-06T05:45:47.999Z] > git symbolic-ref --short HEAD [3ms]
[2022-07-06T05:45:48.015Z] > git for-each-ref --format=%(refname)%00%(upstream:short)%00%(objectname)%00%(upstream:track)%00%(upstream:remotename)%00%(upstream:remoteref) refs/heads/main refs/remotes/main [6ms]
[2022-07-06T05:45:48.037Z] > git for-each-ref --sort -committerdate --format %(refname) %(objectname) %(*objectname) [12ms]
[2022-07-06T05:45:48.039Z] > git remote --verbose [3ms]
[2022-07-06T05:45:48.057Z] > git config --get commit.template [3ms]
[2022-07-06T06:08:57.384Z] > git status -z -uall [205ms]
[2022-07-06T06:08:57.412Z] > git symbolic-ref --short HEAD [3ms]
[2022-07-06T06:08:57.427Z] > git for-each-ref --format=%(refname)%00%(upstream:short)%00%(objectname)%00%(upstream:track)%00%(upstream:remotename)%00%(upstream:remoteref) refs/heads/main refs/remotes/main [5ms]
[2022-07-06T06:08:57.450Z] > git for-each-ref --sort -committerdate --format %(refname) %(objectname) %(*objectname) [12ms]
[2022-07-06T06:08:57.451Z] > git remote --verbose [5ms]
[2022-07-06T06:08:57.468Z] > git config --get commit.template [3ms]
[2022-07-06T06:09:18.806Z] > git status -z -uall [17ms]
[2022-07-06T06:09:18.836Z] > git symbolic-ref --short HEAD [7ms]
[2022-07-06T06:09:18.862Z] > git for-each-ref --format=%(refname)%00%(upstream:short)%00%(objectname)%00%(upstream:track)%00%(upstream:remotename)%00%(upstream:remoteref) refs/heads/main refs/remotes/main [5ms]
[2022-07-06T06:09:18.885Z] > git for-each-ref --sort -committerdate --format %(refname) %(objectname) %(*objectname) [12ms]
[2022-07-06T06:09:18.886Z] > git remote --verbose [2ms]
[2022-07-06T06:09:18.905Z] > git config --get commit.template [3ms]
[2022-07-06T06:10:47.702Z] > git status -z -uall [11ms]
[2022-07-06T06:10:47.714Z] > git symbolic-ref --short HEAD [3ms]
[2022-07-06T06:10:47.727Z] > git for-each-ref --format=%(refname)%00%(upstream:short)%00%(objectname)%00%(upstream:track)%00%(upstream:remotename)%00%(upstream:remoteref) refs/heads/main refs/remotes/main [4ms]
[2022-07-06T06:10:47.749Z] > git remote --verbose [4ms]
[2022-07-06T06:10:47.749Z] > git for-each-ref --sort -committerdate --format %(refname) %(objectname) %(*objectname) [13ms]
[2022-07-06T06:10:47.767Z] > git config --get commit.template [3ms]
[2022-07-06T06:11:46.418Z] > git status -z -uall [17ms]
[2022-07-06T06:11:46.443Z] > git symbolic-ref --short HEAD [4ms]
[2022-07-06T06:11:46.474Z] > git for-each-ref --format=%(refname)%00%(upstream:short)%00%(objectname)%00%(upstream:track)%00%(upstream:remotename)%00%(upstream:remoteref) refs/heads/main refs/remotes/main [12ms]
[2022-07-06T06:11:46.510Z] > git for-each-ref --sort -committerdate --format %(refname) %(objectname) %(*objectname) [18ms]
[2022-07-06T06:11:46.516Z] > git remote --verbose [7ms]
[2022-07-06T06:11:46.541Z] > git config --get commit.template [4ms]
[2022-07-06T06:12:34.475Z] > git status -z -uall [19ms]
[2022-07-06T06:12:34.508Z] > git symbolic-ref --short HEAD [9ms]
[2022-07-06T06:12:34.543Z] > git for-each-ref --format=%(refname)%00%(upstream:short)%00%(objectname)%00%(upstream:track)%00%(upstream:remotename)%00%(upstream:remoteref) refs/heads/main refs/remotes/main [13ms]
[2022-07-06T06:12:34.593Z] > git for-each-ref --sort -committerdate --format %(refname) %(objectname) %(*objectname) [30ms]
[2022-07-06T06:12:34.597Z] > git remote --verbose [7ms]
[2022-07-06T06:12:34.639Z] > git config --get commit.template [10ms]
[2022-07-06T06:13:08.221Z] > git status -z -uall [9ms]
[2022-07-06T06:13:08.235Z] > git symbolic-ref --short HEAD [4ms]
[2022-07-06T06:13:08.250Z] > git for-each-ref --format=%(refname)%00%(upstream:short)%00%(objectname)%00%(upstream:track)%00%(upstream:remotename)%00%(upstream:remoteref) refs/heads/main refs/remotes/main [4ms]
[2022-07-06T06:13:08.273Z] > git for-each-ref --sort -committerdate --format %(refname) %(objectname) %(*objectname) [12ms]
[2022-07-06T06:13:08.274Z] > git remote --verbose [3ms]
[2022-07-06T06:13:08.290Z] > git config --get commit.template [3ms]
[2022-07-06T06:13:42.957Z] > git status -z -uall [9ms]
[2022-07-06T06:13:42.974Z] > git symbolic-ref --short HEAD [4ms]
[2022-07-06T06:13:43.007Z] > git for-each-ref --format=%(refname)%00%(upstream:short)%00%(objectname)%00%(upstream:track)%00%(upstream:remotename)%00%(upstream:remoteref) refs/heads/main refs/remotes/main [14ms]
[2022-07-06T06:13:43.055Z] > git for-each-ref --sort -committerdate --format %(refname) %(objectname) %(*objectname) [29ms]
[2022-07-06T06:13:43.057Z] > git remote --verbose [8ms]
[2022-07-06T06:13:43.088Z] > git config --get commit.template [4ms]
[2022-07-06T06:16:48.061Z] > git status -z -uall [8ms]
[2022-07-06T06:16:48.076Z] > git symbolic-ref --short HEAD [3ms]
[2022-07-06T06:16:48.090Z] > git for-each-ref --format=%(refname)%00%(upstream:short)%00%(objectname)%00%(upstream:track)%00%(upstream:remotename)%00%(upstream:remoteref) refs/heads/main refs/remotes/main [5ms]
[2022-07-06T06:16:48.111Z] > git for-each-ref --sort -committerdate --format %(refname) %(objectname) %(*objectname) [11ms]
[2022-07-06T06:16:48.112Z] > git remote --verbose [2ms]
[2022-07-06T06:16:48.128Z] > git config --get commit.template [2ms]
[2022-07-06T06:17:33.089Z] > git status -z -uall [9ms]
[2022-07-06T06:17:33.103Z] > git symbolic-ref --short HEAD [3ms]
[2022-07-06T06:17:33.117Z] > git for-each-ref --format=%(refname)%00%(upstream:short)%00%(objectname)%00%(upstream:track)%00%(upstream:remotename)%00%(upstream:remoteref) refs/heads/main refs/remotes/main [4ms]
[2022-07-06T06:17:33.139Z] > git for-each-ref --sort -committerdate --format %(refname) %(objectname) %(*objectname) [11ms]
[2022-07-06T06:17:33.141Z] > git remote --verbose [4ms]
[2022-07-06T06:17:33.156Z] > git config --get commit.template [3ms]
