[2022-06-18T13:47:09.715Z] Log level: Info
[2022-06-18T13:47:09.717Z] [info] Validating found git in: git
[2022-06-18T13:47:09.881Z] [info] Using git 2.36.1 from git
[2022-06-18T13:47:09.918Z] > git rev-parse --show-toplevel [11ms]
[2022-06-18T13:47:09.918Z] fatal: unsafe repository ('/run/media/upalb/Miscellaneous/Code/Projects/Cris-paul' is owned by someone else)
To add an exception for this directory, call:

	git config --global --add safe.directory /run/media/upalb/Miscellaneous/Code/Projects/Cris-paul
[2022-06-18T13:47:09.950Z] > git rev-parse --show-toplevel [11ms]
[2022-06-18T13:47:09.950Z] fatal: unsafe repository ('/run/media/upalb/Miscellaneous/Code/Projects/Cris-paul' is owned by someone else)
To add an exception for this directory, call:

	git config --global --add safe.directory /run/media/upalb/Miscellaneous/Code/Projects/Cris-paul
[2022-06-18T13:47:10.468Z] > git rev-parse --show-toplevel [505ms]
[2022-06-18T13:47:10.468Z] fatal: unsafe repository ('/run/media/upalb/Miscellaneous/Code/Projects/Cris-paul' is owned by someone else)
To add an exception for this directory, call:

	git config --global --add safe.directory /run/media/upalb/Miscellaneous/Code/Projects/Cris-paul
[2022-06-18T13:47:10.585Z] > git rev-parse --show-toplevel [100ms]
[2022-06-18T13:47:10.585Z] fatal: unsafe repository ('/run/media/upalb/Miscellaneous/Code/Projects/Cris-paul' is owned by someone else)
To add an exception for this directory, call:

	git config --global --add safe.directory /run/media/upalb/Miscellaneous/Code/Projects/Cris-paul
[2022-06-18T13:47:10.617Z] > git rev-parse --show-toplevel [14ms]
[2022-06-18T13:47:10.617Z] fatal: unsafe repository ('/run/media/upalb/Miscellaneous/Code/Projects/Cris-paul' is owned by someone else)
To add an exception for this directory, call:

	git config --global --add safe.directory /run/media/upalb/Miscellaneous/Code/Projects/Cris-paul
[2022-06-18T13:47:10.640Z] > git rev-parse --show-toplevel [6ms]
[2022-06-18T13:47:10.640Z] fatal: unsafe repository ('/run/media/upalb/Miscellaneous/Code/Projects/Cris-paul' is owned by someone else)
To add an exception for this directory, call:

	git config --global --add safe.directory /run/media/upalb/Miscellaneous/Code/Projects/Cris-paul
[2022-06-18T13:47:10.660Z] > git rev-parse --show-toplevel [2ms]
[2022-06-18T13:47:10.660Z] fatal: unsafe repository ('/run/media/upalb/Miscellaneous/Code/Projects/Cris-paul' is owned by someone else)
To add an exception for this directory, call:

	git config --global --add safe.directory /run/media/upalb/Miscellaneous/Code/Projects/Cris-paul
[2022-06-18T13:47:19.530Z] > git rev-parse --show-toplevel [10ms]
[2022-06-18T13:47:19.530Z] fatal: unsafe repository ('/run/media/upalb/Miscellaneous/Code/Projects/Cris-paul' is owned by someone else)
To add an exception for this directory, call:

	git config --global --add safe.directory /run/media/upalb/Miscellaneous/Code/Projects/Cris-paul
[2022-06-18T13:48:31.374Z] > git rev-parse --show-toplevel [3ms]
[2022-06-18T13:48:31.374Z] fatal: unsafe repository ('/run/media/upalb/Miscellaneous/Code/Projects/Cris-paul' is owned by someone else)
To add an exception for this directory, call:

	git config --global --add safe.directory /run/media/upalb/Miscellaneous/Code/Projects/Cris-paul
[2022-06-18T13:48:32.334Z] > git rev-parse --show-toplevel [2ms]
[2022-06-18T13:48:32.334Z] fatal: unsafe repository ('/run/media/upalb/Miscellaneous/Code/Projects/Cris-paul' is owned by someone else)
To add an exception for this directory, call:

	git config --global --add safe.directory /run/media/upalb/Miscellaneous/Code/Projects/Cris-paul
