[2022-06-15 20:35:37.577] [exthost] [info] Extension host with pid 1302 started
[2022-06-15 20:35:37.577] [exthost] [info] Skipping acquiring lock for /home/upalb/.config/VSCodium/User/workspaceStorage/fa84a96756ee31e53c73910e76cc5e69.
[2022-06-15 20:35:37.913] [exthost] [info] ExtensionService#_doActivateExtension vscode.css-language-features, startup: false, activationEvent: 'onLanguage:css'
[2022-06-15 20:35:38.174] [exthost] [info] ExtensionService#_doActivateExtension vscode.debug-auto-launch, startup: true, activationEvent: '*'
[2022-06-15 20:35:38.331] [exthost] [info] ExtensionService#_doActivateExtension vscode.git-base, startup: true, activationEvent: '*', root cause: vscode.git
[2022-06-15 20:35:38.453] [exthost] [info] ExtensionService#_doActivateExtension vscode.ipynb, startup: true, activationEvent: '*'
[2022-06-15 20:35:38.595] [exthost] [info] ExtensionService#_doActivateExtension CoenraadS.bracket-pair-colorizer-2, startup: true, activationEvent: '*'
[2022-06-15 20:35:39.608] [exthost] [info] ExtensionService#_doActivateExtension redwan-hossain.auto-rename-tag-clone, startup: true, activationEvent: '*'
[2022-06-15 20:35:39.716] [exthost] [info] ExtensionService#_doActivateExtension WallabyJs.quokka-vscode, startup: true, activationEvent: '*'
[2022-06-15 20:35:45.323] [exthost] [info] Not activating extension 'glenn2223.live-sass': Timed out while searching for 'workspaceContains' pattern **/*.s[ac]ss
[2022-06-15 20:35:45.838] [exthost] [info] ExtensionService#_doActivateExtension vscode.git, startup: true, activationEvent: '*'
[2022-06-15 20:35:46.403] [exthost] [info] ExtensionService#_doActivateExtension vscode.github, startup: true, activationEvent: '*'
[2022-06-15 20:35:46.916] [exthost] [info] Eager extensions activated
[2022-06-15 20:35:46.936] [exthost] [info] ExtensionService#_doActivateExtension vscode.emmet, startup: false, activationEvent: 'onStartupFinished'
[2022-06-15 20:35:47.082] [exthost] [info] ExtensionService#_doActivateExtension vscode.merge-conflict, startup: false, activationEvent: 'onStartupFinished'
[2022-06-15 20:35:47.128] [exthost] [info] ExtensionService#_doActivateExtension dbaeumer.vscode-eslint, startup: false, activationEvent: 'onStartupFinished'
[2022-06-15 20:35:47.341] [exthost] [info] ExtensionService#_doActivateExtension esbenp.prettier-vscode, startup: false, activationEvent: 'onStartupFinished'
[2022-06-15 20:35:47.742] [exthost] [info] ExtensionService#_doActivateExtension formulahendry.code-runner, startup: false, activationEvent: 'onStartupFinished'
[2022-06-15 20:35:48.961] [exthost] [info] ExtensionService#_doActivateExtension PKief.material-icon-theme, startup: false, activationEvent: 'onStartupFinished'
[2022-06-15 20:35:49.068] [exthost] [info] ExtensionService#_doActivateExtension ritwickdey.LiveServer, startup: false, activationEvent: 'onStartupFinished'
[2022-06-15 20:35:55.820] [exthost] [info] ExtensionService#_doActivateExtension streetsidesoftware.code-spell-checker, startup: false, activationEvent: 'onStartupFinished'
[2022-06-15 20:35:56.488] [exthost] [info] ExtensionService#_doActivateExtension vscode.configuration-editing, startup: false, activationEvent: 'onLanguage:json'
[2022-06-15 20:35:56.800] [exthost] [info] ExtensionService#_doActivateExtension vscode.extension-editing, startup: false, activationEvent: 'onLanguage:json'
[2022-06-15 20:35:56.984] [exthost] [info] ExtensionService#_doActivateExtension vscode.json-language-features, startup: false, activationEvent: 'onLanguage:json'
[2022-06-15 20:35:57.543] [exthost] [info] ExtensionService#_doActivateExtension vscode.npm, startup: false, activationEvent: 'onLanguage:json'
[2022-06-15 20:36:07.698] [exthost] [warning] [Decorations] CAPPING events from decorations provider vscode.git 1126
[2022-06-15 20:36:09.150] [exthost] [info] ExtensionService#_doActivateExtension vscode.html-language-features, startup: false, activationEvent: 'onLanguage:html'
[2022-06-15 20:36:15.242] [exthost] [info] ExtensionService#_doActivateExtension glenn2223.live-sass, startup: false, activationEvent: 'onLanguage:scss'
[2022-06-15 20:36:22.024] [exthost] [warning] [Decorations] CAPPING events from decorations provider vscode.git 10000
[2022-06-15 20:36:27.567] [exthost] [info] ExtensionService#_doActivateExtension vscode.typescript-language-features, startup: false, activationEvent: 'onLanguage:jsonc'
[2022-06-15 20:39:27.287] [exthost] [warning] [Decorations] CAPPING events from decorations provider vscode.git 1128
[2022-06-15 20:39:32.502] [exthost] [warning] [Decorations] CAPPING events from decorations provider vscode.git 1128
[2022-06-15 20:39:37.688] [exthost] [warning] [Decorations] CAPPING events from decorations provider vscode.git 1128
[2022-06-15 20:39:42.884] [exthost] [warning] [Decorations] CAPPING events from decorations provider vscode.git 1128
[2022-06-15 20:39:48.067] [exthost] [warning] [Decorations] CAPPING events from decorations provider vscode.git 1128
[2022-06-15 20:39:53.251] [exthost] [warning] [Decorations] CAPPING events from decorations provider vscode.git 1128
[2022-06-15 20:39:58.434] [exthost] [warning] [Decorations] CAPPING events from decorations provider vscode.git 1128
[2022-06-15 20:40:03.620] [exthost] [warning] [Decorations] CAPPING events from decorations provider vscode.git 1128
[2022-06-15 20:40:08.844] [exthost] [warning] [Decorations] CAPPING events from decorations provider vscode.git 1128
[2022-06-15 20:40:14.031] [exthost] [warning] [Decorations] CAPPING events from decorations provider vscode.git 1128
[2022-06-15 20:40:19.239] [exthost] [warning] [Decorations] CAPPING events from decorations provider vscode.git 1128
[2022-06-15 20:40:24.437] [exthost] [warning] [Decorations] CAPPING events from decorations provider vscode.git 1128
[2022-06-15 20:40:48.847] [exthost] [warning] [Decorations] CAPPING events from decorations provider vscode.git 1128
[2022-06-15 20:40:54.080] [exthost] [warning] [Decorations] CAPPING events from decorations provider vscode.git 1128
[2022-06-15 20:40:59.456] [exthost] [warning] [Decorations] CAPPING events from decorations provider vscode.git 1129
[2022-06-15 20:41:04.743] [exthost] [warning] [Decorations] CAPPING events from decorations provider vscode.git 1129
[2022-06-15 20:41:09.931] [exthost] [warning] [Decorations] CAPPING events from decorations provider vscode.git 1129
[2022-06-15 20:41:15.308] [exthost] [warning] [Decorations] CAPPING events from decorations provider vscode.git 1130
[2022-06-15 20:41:26.590] [exthost] [warning] [Decorations] CAPPING events from decorations provider vscode.git 1130
[2022-06-15 20:41:37.114] [exthost] [warning] [Decorations] CAPPING events from decorations provider vscode.git 1131
[2022-06-15 20:41:44.472] [exthost] [warning] [Decorations] CAPPING events from decorations provider vscode.git 1132
[2022-06-15 20:41:49.655] [exthost] [warning] [Decorations] CAPPING events from decorations provider vscode.git 1132
[2022-06-15 20:42:05.582] [exthost] [warning] [Decorations] CAPPING events from decorations provider vscode.git 1133
[2022-06-15 20:42:10.801] [exthost] [warning] [Decorations] CAPPING events from decorations provider vscode.git 1134
[2022-06-15 20:42:20.176] [exthost] [warning] [Decorations] CAPPING events from decorations provider vscode.git 1134
[2022-06-15 20:44:05.178] [exthost] [warning] [Decorations] CAPPING events from decorations provider vscode.git 1135
[2022-06-15 20:44:43.824] [exthost] [warning] [Decorations] CAPPING events from decorations provider vscode.git 1135
[2022-06-15 20:44:49.033] [exthost] [warning] [Decorations] CAPPING events from decorations provider vscode.git 1136
[2022-06-15 20:44:54.255] [exthost] [warning] [Decorations] CAPPING events from decorations provider vscode.git 1136
[2022-06-15 20:44:59.442] [exthost] [warning] [Decorations] CAPPING events from decorations provider vscode.git 1136
[2022-06-15 20:45:04.656] [exthost] [warning] [Decorations] CAPPING events from decorations provider vscode.git 1137
[2022-06-15 20:45:15.261] [exthost] [warning] [Decorations] CAPPING events from decorations provider vscode.git 1136
[2022-06-15 20:45:33.924] [exthost] [warning] [Decorations] CAPPING events from decorations provider vscode.git 1136
[2022-06-15 20:45:42.850] [exthost] [warning] [Decorations] CAPPING events from decorations provider vscode.git 1137
[2022-06-15 20:45:48.127] [exthost] [warning] [Decorations] CAPPING events from decorations provider vscode.git 1138
[2022-06-15 20:45:54.046] [exthost] [warning] [Decorations] CAPPING events from decorations provider vscode.git 1138
[2022-06-15 20:45:59.262] [exthost] [warning] [Decorations] CAPPING events from decorations provider vscode.git 1139
[2022-06-15 20:50:04.246] [exthost] [warning] [Decorations] CAPPING events from decorations provider vscode.git 1140
[2022-06-15 20:50:09.465] [exthost] [warning] [Decorations] CAPPING events from decorations provider vscode.git 1130
[2022-06-15 20:50:14.651] [exthost] [warning] [Decorations] CAPPING events from decorations provider vscode.git 1130
[2022-06-15 20:50:19.855] [exthost] [warning] [Decorations] CAPPING events from decorations provider vscode.git 1130
[2022-06-15 20:50:25.040] [exthost] [warning] [Decorations] CAPPING events from decorations provider vscode.git 1130
[2022-06-15 20:50:30.220] [exthost] [warning] [Decorations] CAPPING events from decorations provider vscode.git 1130
[2022-06-15 20:50:35.403] [exthost] [warning] [Decorations] CAPPING events from decorations provider vscode.git 1130
[2022-06-15 20:50:44.458] [exthost] [warning] [Decorations] CAPPING events from decorations provider vscode.git 1130
[2022-06-15 20:50:49.690] [exthost] [warning] [Decorations] CAPPING events from decorations provider vscode.git 1130
[2022-06-15 20:50:54.896] [exthost] [warning] [Decorations] CAPPING events from decorations provider vscode.git 1130
[2022-06-15 20:51:00.092] [exthost] [warning] [Decorations] CAPPING events from decorations provider vscode.git 1130
[2022-06-15 20:51:05.289] [exthost] [warning] [Decorations] CAPPING events from decorations provider vscode.git 1130
[2022-06-15 20:51:10.479] [exthost] [warning] [Decorations] CAPPING events from decorations provider vscode.git 1130
[2022-06-15 20:51:15.674] [exthost] [warning] [Decorations] CAPPING events from decorations provider vscode.git 1130
[2022-06-15 20:51:20.909] [exthost] [warning] [Decorations] CAPPING events from decorations provider vscode.git 1130
[2022-06-15 20:51:27.813] [exthost] [warning] [Decorations] CAPPING events from decorations provider vscode.git 1131
[2022-06-15 20:51:33.025] [exthost] [warning] [Decorations] CAPPING events from decorations provider vscode.git 1131
[2022-06-15 20:51:38.228] [exthost] [warning] [Decorations] CAPPING events from decorations provider vscode.git 1131
[2022-06-15 20:51:43.414] [exthost] [warning] [Decorations] CAPPING events from decorations provider vscode.git 1131
[2022-06-15 20:51:48.603] [exthost] [warning] [Decorations] CAPPING events from decorations provider vscode.git 1131
[2022-06-15 20:51:53.787] [exthost] [warning] [Decorations] CAPPING events from decorations provider vscode.git 1131
[2022-06-15 20:51:58.994] [exthost] [warning] [Decorations] CAPPING events from decorations provider vscode.git 1131
[2022-06-15 20:52:04.192] [exthost] [warning] [Decorations] CAPPING events from decorations provider vscode.git 1131
[2022-06-15 20:52:09.407] [exthost] [warning] [Decorations] CAPPING events from decorations provider vscode.git 1131
[2022-06-15 20:52:14.613] [exthost] [warning] [Decorations] CAPPING events from decorations provider vscode.git 1131
[2022-06-15 20:52:19.803] [exthost] [warning] [Decorations] CAPPING events from decorations provider vscode.git 1131
[2022-06-15 20:52:24.991] [exthost] [warning] [Decorations] CAPPING events from decorations provider vscode.git 1131
[2022-06-15 20:52:30.175] [exthost] [warning] [Decorations] CAPPING events from decorations provider vscode.git 1131
[2022-06-15 20:52:35.352] [exthost] [warning] [Decorations] CAPPING events from decorations provider vscode.git 1131
[2022-06-15 20:52:40.540] [exthost] [warning] [Decorations] CAPPING events from decorations provider vscode.git 1131
[2022-06-15 20:52:45.727] [exthost] [warning] [Decorations] CAPPING events from decorations provider vscode.git 1131
[2022-06-15 20:52:50.903] [exthost] [warning] [Decorations] CAPPING events from decorations provider vscode.git 1131
[2022-06-15 20:52:56.089] [exthost] [warning] [Decorations] CAPPING events from decorations provider vscode.git 1131
[2022-06-15 20:53:01.337] [exthost] [warning] [Decorations] CAPPING events from decorations provider vscode.git 1132
[2022-06-15 20:53:06.548] [exthost] [warning] [Decorations] CAPPING events from decorations provider vscode.git 1132
[2022-06-15 20:53:11.737] [exthost] [warning] [Decorations] CAPPING events from decorations provider vscode.git 1132
[2022-06-15 20:53:16.993] [exthost] [warning] [Decorations] CAPPING events from decorations provider vscode.git 1132
[2022-06-15 20:53:22.196] [exthost] [warning] [Decorations] CAPPING events from decorations provider vscode.git 1132
[2022-06-15 20:53:27.405] [exthost] [warning] [Decorations] CAPPING events from decorations provider vscode.git 1132
[2022-06-15 20:53:32.604] [exthost] [warning] [Decorations] CAPPING events from decorations provider vscode.git 1132
[2022-06-15 20:53:37.824] [exthost] [warning] [Decorations] CAPPING events from decorations provider vscode.git 1132
[2022-06-15 20:53:43.026] [exthost] [warning] [Decorations] CAPPING events from decorations provider vscode.git 1132
[2022-06-15 20:53:48.222] [exthost] [warning] [Decorations] CAPPING events from decorations provider vscode.git 1132
[2022-06-15 20:53:53.407] [exthost] [warning] [Decorations] CAPPING events from decorations provider vscode.git 1132
[2022-06-15 20:53:58.602] [exthost] [warning] [Decorations] CAPPING events from decorations provider vscode.git 1132
[2022-06-15 20:54:03.795] [exthost] [warning] [Decorations] CAPPING events from decorations provider vscode.git 1132
[2022-06-15 20:54:08.994] [exthost] [warning] [Decorations] CAPPING events from decorations provider vscode.git 1132
[2022-06-15 20:54:14.184] [exthost] [warning] [Decorations] CAPPING events from decorations provider vscode.git 1132
[2022-06-15 20:54:19.377] [exthost] [warning] [Decorations] CAPPING events from decorations provider vscode.git 1132
[2022-06-15 20:54:24.573] [exthost] [warning] [Decorations] CAPPING events from decorations provider vscode.git 1132
[2022-06-15 20:54:29.833] [exthost] [warning] [Decorations] CAPPING events from decorations provider vscode.git 1132
[2022-06-15 20:54:35.029] [exthost] [warning] [Decorations] CAPPING events from decorations provider vscode.git 1132
[2022-06-15 20:54:40.218] [exthost] [warning] [Decorations] CAPPING events from decorations provider vscode.git 1132
[2022-06-15 20:54:45.415] [exthost] [warning] [Decorations] CAPPING events from decorations provider vscode.git 1132
[2022-06-15 20:54:50.632] [exthost] [warning] [Decorations] CAPPING events from decorations provider vscode.git 1133
[2022-06-15 20:54:55.844] [exthost] [warning] [Decorations] CAPPING events from decorations provider vscode.git 1133
[2022-06-15 20:55:01.046] [exthost] [warning] [Decorations] CAPPING events from decorations provider vscode.git 1133
[2022-06-15 20:55:06.234] [exthost] [warning] [Decorations] CAPPING events from decorations provider vscode.git 1133
[2022-06-15 20:55:11.429] [exthost] [warning] [Decorations] CAPPING events from decorations provider vscode.git 1133
[2022-06-15 20:55:16.628] [exthost] [warning] [Decorations] CAPPING events from decorations provider vscode.git 1133
[2022-06-15 20:55:21.824] [exthost] [warning] [Decorations] CAPPING events from decorations provider vscode.git 1133
[2022-06-15 20:55:27.025] [exthost] [warning] [Decorations] CAPPING events from decorations provider vscode.git 1133
[2022-06-15 20:55:32.216] [exthost] [warning] [Decorations] CAPPING events from decorations provider vscode.git 1133
[2022-06-15 20:55:37.423] [exthost] [warning] [Decorations] CAPPING events from decorations provider vscode.git 1133
[2022-06-15 20:55:42.630] [exthost] [warning] [Decorations] CAPPING events from decorations provider vscode.git 1133
[2022-06-15 20:55:47.876] [exthost] [warning] [Decorations] CAPPING events from decorations provider vscode.git 1133
[2022-06-15 20:55:53.071] [exthost] [warning] [Decorations] CAPPING events from decorations provider vscode.git 1133
[2022-06-15 20:55:58.260] [exthost] [warning] [Decorations] CAPPING events from decorations provider vscode.git 1133
[2022-06-15 20:56:56.911] [exthost] [warning] [Decorations] CAPPING events from decorations provider vscode.git 1133
[2022-06-15 20:57:02.217] [exthost] [warning] [Decorations] CAPPING events from decorations provider vscode.git 1131
[2022-06-15 20:57:09.176] [exthost] [warning] [Decorations] CAPPING events from decorations provider vscode.git 1130
[2022-06-15 20:57:18.096] [exthost] [warning] [Decorations] CAPPING events from decorations provider vscode.git 1130
[2022-06-15 20:57:23.295] [exthost] [warning] [Decorations] CAPPING events from decorations provider vscode.git 1130
[2022-06-15 20:57:28.490] [exthost] [warning] [Decorations] CAPPING events from decorations provider vscode.git 1130
[2022-06-15 20:57:33.733] [exthost] [warning] [Decorations] CAPPING events from decorations provider vscode.git 1130
[2022-06-15 20:57:38.953] [exthost] [warning] [Decorations] CAPPING events from decorations provider vscode.git 1131
[2022-06-15 20:57:44.248] [exthost] [warning] [Decorations] CAPPING events from decorations provider vscode.git 1131
[2022-06-15 20:57:49.467] [exthost] [warning] [Decorations] CAPPING events from decorations provider vscode.git 1131
[2022-06-15 20:57:54.664] [exthost] [warning] [Decorations] CAPPING events from decorations provider vscode.git 1131
[2022-06-15 20:57:59.846] [exthost] [warning] [Decorations] CAPPING events from decorations provider vscode.git 1131
[2022-06-15 20:58:05.043] [exthost] [warning] [Decorations] CAPPING events from decorations provider vscode.git 1131
[2022-06-15 20:58:10.231] [exthost] [warning] [Decorations] CAPPING events from decorations provider vscode.git 1131
[2022-06-15 20:58:15.420] [exthost] [warning] [Decorations] CAPPING events from decorations provider vscode.git 1131
[2022-06-15 20:58:20.619] [exthost] [warning] [Decorations] CAPPING events from decorations provider vscode.git 1131
[2022-06-15 20:58:25.842] [exthost] [warning] [Decorations] CAPPING events from decorations provider vscode.git 1131
[2022-06-15 20:58:31.052] [exthost] [warning] [Decorations] CAPPING events from decorations provider vscode.git 1132
[2022-06-15 20:58:36.249] [exthost] [warning] [Decorations] CAPPING events from decorations provider vscode.git 1132
[2022-06-15 20:58:43.635] [exthost] [warning] [Decorations] CAPPING events from decorations provider vscode.git 1131
[2022-06-15 20:58:49.484] [exthost] [warning] [Decorations] CAPPING events from decorations provider vscode.git 1131
[2022-06-15 20:58:57.289] [exthost] [warning] [Decorations] CAPPING events from decorations provider vscode.git 1131
[2022-06-15 20:59:02.496] [exthost] [warning] [Decorations] CAPPING events from decorations provider vscode.git 1131
[2022-06-15 20:59:10.333] [exthost] [warning] [Decorations] CAPPING events from decorations provider vscode.git 1132
[2022-06-15 20:59:15.541] [exthost] [warning] [Decorations] CAPPING events from decorations provider vscode.git 1132
[2022-06-15 20:59:20.753] [exthost] [warning] [Decorations] CAPPING events from decorations provider vscode.git 1132
[2022-06-15 20:59:26.025] [exthost] [warning] [Decorations] CAPPING events from decorations provider vscode.git 1133
[2022-06-15 20:59:33.531] [exthost] [warning] [Decorations] CAPPING events from decorations provider vscode.git 1133
[2022-06-15 20:59:38.730] [exthost] [warning] [Decorations] CAPPING events from decorations provider vscode.git 1133
[2022-06-15 20:59:43.935] [exthost] [warning] [Decorations] CAPPING events from decorations provider vscode.git 1134
[2022-06-15 20:59:49.156] [exthost] [warning] [Decorations] CAPPING events from decorations provider vscode.git 1134
[2022-06-15 21:00:00.154] [exthost] [warning] [Decorations] CAPPING events from decorations provider vscode.git 1134
[2022-06-15 21:00:05.349] [exthost] [warning] [Decorations] CAPPING events from decorations provider vscode.git 1134
[2022-06-15 21:00:10.543] [exthost] [warning] [Decorations] CAPPING events from decorations provider vscode.git 1134
[2022-06-15 21:00:15.814] [exthost] [warning] [Decorations] CAPPING events from decorations provider vscode.git 1134
[2022-06-15 21:00:25.278] [exthost] [warning] [Decorations] CAPPING events from decorations provider vscode.git 1135
[2022-06-15 21:00:30.480] [exthost] [warning] [Decorations] CAPPING events from decorations provider vscode.git 1136
[2022-06-15 21:00:35.676] [exthost] [warning] [Decorations] CAPPING events from decorations provider vscode.git 1136
[2022-06-15 21:00:40.864] [exthost] [warning] [Decorations] CAPPING events from decorations provider vscode.git 1135
[2022-06-15 21:00:46.170] [exthost] [warning] [Decorations] CAPPING events from decorations provider vscode.git 1135
[2022-06-15 21:00:51.401] [exthost] [warning] [Decorations] CAPPING events from decorations provider vscode.git 1135
[2022-06-15 21:00:56.594] [exthost] [warning] [Decorations] CAPPING events from decorations provider vscode.git 1135
[2022-06-15 21:01:01.785] [exthost] [warning] [Decorations] CAPPING events from decorations provider vscode.git 1135
[2022-06-15 21:01:06.990] [exthost] [warning] [Decorations] CAPPING events from decorations provider vscode.git 1135
[2022-06-15 21:01:15.716] [exthost] [warning] [Decorations] CAPPING events from decorations provider vscode.git 1136
[2022-06-15 21:01:20.914] [exthost] [warning] [Decorations] CAPPING events from decorations provider vscode.git 1136
[2022-06-15 21:01:34.144] [exthost] [warning] [Decorations] CAPPING events from decorations provider vscode.git 1137
[2022-06-15 21:01:39.352] [exthost] [warning] [Decorations] CAPPING events from decorations provider vscode.git 1130
[2022-06-15 21:01:44.580] [exthost] [warning] [Decorations] CAPPING events from decorations provider vscode.git 1131
[2022-06-15 21:01:53.468] [exthost] [warning] [Decorations] CAPPING events from decorations provider vscode.git 1131
[2022-06-15 21:01:58.779] [exthost] [warning] [Decorations] CAPPING events from decorations provider vscode.git 1131
[2022-06-15 21:02:14.089] [exthost] [warning] [Decorations] CAPPING events from decorations provider vscode.git 1132
[2022-06-15 21:02:19.324] [exthost] [warning] [Decorations] CAPPING events from decorations provider vscode.git 1132
[2022-06-15 21:02:25.091] [exthost] [warning] [Decorations] CAPPING events from decorations provider vscode.git 1133
[2022-06-15 21:02:30.310] [exthost] [warning] [Decorations] CAPPING events from decorations provider vscode.git 1133
[2022-06-15 21:02:35.589] [exthost] [warning] [Decorations] CAPPING events from decorations provider vscode.git 1133
[2022-06-15 21:02:40.779] [exthost] [warning] [Decorations] CAPPING events from decorations provider vscode.git 1133
[2022-06-15 21:02:45.990] [exthost] [warning] [Decorations] CAPPING events from decorations provider vscode.git 1134
[2022-06-15 21:02:51.247] [exthost] [warning] [Decorations] CAPPING events from decorations provider vscode.git 1134
[2022-06-15 21:02:56.448] [exthost] [warning] [Decorations] CAPPING events from decorations provider vscode.git 1134
[2022-06-15 21:03:01.629] [exthost] [warning] [Decorations] CAPPING events from decorations provider vscode.git 1134
[2022-06-15 21:03:06.878] [exthost] [warning] [Decorations] CAPPING events from decorations provider vscode.git 1134
[2022-06-15 21:03:12.093] [exthost] [warning] [Decorations] CAPPING events from decorations provider vscode.git 1134
[2022-06-15 21:03:17.280] [exthost] [warning] [Decorations] CAPPING events from decorations provider vscode.git 1134
[2022-06-15 21:03:22.530] [exthost] [warning] [Decorations] CAPPING events from decorations provider vscode.git 1134
[2022-06-15 21:03:27.752] [exthost] [warning] [Decorations] CAPPING events from decorations provider vscode.git 1134
[2022-06-15 21:03:32.939] [exthost] [warning] [Decorations] CAPPING events from decorations provider vscode.git 1134
[2022-06-15 21:03:38.168] [exthost] [warning] [Decorations] CAPPING events from decorations provider vscode.git 1134
[2022-06-15 21:03:43.381] [exthost] [warning] [Decorations] CAPPING events from decorations provider vscode.git 1135
[2022-06-15 21:03:48.567] [exthost] [warning] [Decorations] CAPPING events from decorations provider vscode.git 1135
[2022-06-15 21:03:53.806] [exthost] [warning] [Decorations] CAPPING events from decorations provider vscode.git 1135
[2022-06-15 21:03:59.108] [exthost] [warning] [Decorations] CAPPING events from decorations provider vscode.git 1136
[2022-06-15 21:04:04.328] [exthost] [warning] [Decorations] CAPPING events from decorations provider vscode.git 1135
[2022-06-15 21:04:09.544] [exthost] [warning] [Decorations] CAPPING events from decorations provider vscode.git 1135
[2022-06-15 21:04:14.792] [exthost] [warning] [Decorations] CAPPING events from decorations provider vscode.git 1135
[2022-06-15 21:04:20.236] [exthost] [warning] [Decorations] CAPPING events from decorations provider vscode.git 1135
[2022-06-15 21:04:25.445] [exthost] [warning] [Decorations] CAPPING events from decorations provider vscode.git 1135
[2022-06-15 21:04:30.655] [exthost] [warning] [Decorations] CAPPING events from decorations provider vscode.git 1136
[2022-06-15 21:04:35.897] [exthost] [warning] [Decorations] CAPPING events from decorations provider vscode.git 1136
[2022-06-15 21:04:41.110] [exthost] [warning] [Decorations] CAPPING events from decorations provider vscode.git 1136
[2022-06-15 21:04:56.967] [exthost] [warning] [Decorations] CAPPING events from decorations provider vscode.git 1136
[2022-06-15 21:05:02.161] [exthost] [warning] [Decorations] CAPPING events from decorations provider vscode.git 1136
[2022-06-15 21:05:07.365] [exthost] [warning] [Decorations] CAPPING events from decorations provider vscode.git 1137
[2022-06-15 21:05:29.645] [exthost] [warning] [Decorations] CAPPING events from decorations provider vscode.git 1137
[2022-06-15 21:05:34.895] [exthost] [warning] [Decorations] CAPPING events from decorations provider vscode.git 1137
[2022-06-15 21:05:40.088] [exthost] [warning] [Decorations] CAPPING events from decorations provider vscode.git 1137
[2022-06-15 21:05:45.283] [exthost] [warning] [Decorations] CAPPING events from decorations provider vscode.git 1137
[2022-06-15 21:05:50.476] [exthost] [warning] [Decorations] CAPPING events from decorations provider vscode.git 1137
[2022-06-15 21:06:14.571] [exthost] [warning] [Decorations] CAPPING events from decorations provider vscode.git 1138
[2022-06-15 21:06:19.768] [exthost] [warning] [Decorations] CAPPING events from decorations provider vscode.git 1137
[2022-06-15 21:06:24.981] [exthost] [warning] [Decorations] CAPPING events from decorations provider vscode.git 1137
[2022-06-15 21:06:30.185] [exthost] [warning] [Decorations] CAPPING events from decorations provider vscode.git 1129
[2022-06-15 21:06:35.418] [exthost] [warning] [Decorations] CAPPING events from decorations provider vscode.git 1129
[2022-06-15 21:06:40.618] [exthost] [warning] [Decorations] CAPPING events from decorations provider vscode.git 1129
[2022-06-15 21:06:45.796] [exthost] [warning] [Decorations] CAPPING events from decorations provider vscode.git 1130
[2022-06-15 21:06:50.994] [exthost] [warning] [Decorations] CAPPING events from decorations provider vscode.git 1130
[2022-06-15 21:06:56.195] [exthost] [warning] [Decorations] CAPPING events from decorations provider vscode.git 1130
[2022-06-15 21:07:02.814] [exthost] [warning] [Decorations] CAPPING events from decorations provider vscode.git 1130
[2022-06-15 21:07:08.018] [exthost] [warning] [Decorations] CAPPING events from decorations provider vscode.git 1130
[2022-06-15 21:07:20.777] [exthost] [warning] [Decorations] CAPPING events from decorations provider vscode.git 1131
[2022-06-15 21:07:26.230] [exthost] [warning] [Decorations] CAPPING events from decorations provider vscode.git 1130
[2022-06-15 21:07:31.505] [exthost] [warning] [Decorations] CAPPING events from decorations provider vscode.git 1131
[2022-06-15 21:07:40.049] [exthost] [warning] [Decorations] CAPPING events from decorations provider vscode.git 1131
[2022-06-15 21:07:45.267] [exthost] [warning] [Decorations] CAPPING events from decorations provider vscode.git 1131
[2022-06-15 21:07:50.555] [exthost] [warning] [Decorations] CAPPING events from decorations provider vscode.git 1133
[2022-06-15 21:07:55.806] [exthost] [warning] [Decorations] CAPPING events from decorations provider vscode.git 1133
[2022-06-15 21:08:04.642] [exthost] [warning] [Decorations] CAPPING events from decorations provider vscode.git 1132
[2022-06-15 21:08:09.849] [exthost] [warning] [Decorations] CAPPING events from decorations provider vscode.git 1132
[2022-06-15 21:08:15.034] [exthost] [warning] [Decorations] CAPPING events from decorations provider vscode.git 1133
[2022-06-15 21:08:20.223] [exthost] [warning] [Decorations] CAPPING events from decorations provider vscode.git 1133
[2022-06-15 21:08:25.418] [exthost] [warning] [Decorations] CAPPING events from decorations provider vscode.git 1133
[2022-06-15 21:08:30.607] [exthost] [warning] [Decorations] CAPPING events from decorations provider vscode.git 1133
[2022-06-15 21:08:38.259] [exthost] [warning] [Decorations] CAPPING events from decorations provider vscode.git 1133
[2022-06-15 21:08:46.684] [exthost] [warning] [Decorations] CAPPING events from decorations provider vscode.git 1133
[2022-06-15 21:08:51.889] [exthost] [warning] [Decorations] CAPPING events from decorations provider vscode.git 1134
[2022-06-15 21:08:57.113] [exthost] [warning] [Decorations] CAPPING events from decorations provider vscode.git 1134
[2022-06-15 21:09:06.135] [exthost] [warning] [Decorations] CAPPING events from decorations provider vscode.git 1135
[2022-06-15 21:09:12.015] [exthost] [warning] [Decorations] CAPPING events from decorations provider vscode.git 1134
[2022-06-15 21:09:17.249] [exthost] [warning] [Decorations] CAPPING events from decorations provider vscode.git 1134
[2022-06-15 21:09:22.512] [exthost] [warning] [Decorations] CAPPING events from decorations provider vscode.git 1134
[2022-06-15 21:09:27.711] [exthost] [warning] [Decorations] CAPPING events from decorations provider vscode.git 1134
[2022-06-15 21:09:32.924] [exthost] [warning] [Decorations] CAPPING events from decorations provider vscode.git 1135
[2022-06-15 21:09:41.416] [exthost] [warning] [Decorations] CAPPING events from decorations provider vscode.git 1135
[2022-06-15 21:09:47.789] [exthost] [warning] [Decorations] CAPPING events from decorations provider vscode.git 1135
[2022-06-15 21:09:52.996] [exthost] [warning] [Decorations] CAPPING events from decorations provider vscode.git 1136
[2022-06-15 21:09:58.222] [exthost] [warning] [Decorations] CAPPING events from decorations provider vscode.git 1136
[2022-06-15 21:10:03.437] [exthost] [warning] [Decorations] CAPPING events from decorations provider vscode.git 1137
[2022-06-15 21:10:08.634] [exthost] [warning] [Decorations] CAPPING events from decorations provider vscode.git 1137
[2022-06-15 21:10:13.835] [exthost] [warning] [Decorations] CAPPING events from decorations provider vscode.git 1137
[2022-06-15 21:10:19.211] [exthost] [warning] [Decorations] CAPPING events from decorations provider vscode.git 1138
[2022-06-15 21:10:24.411] [exthost] [warning] [Decorations] CAPPING events from decorations provider vscode.git 1137
[2022-06-15 21:10:29.651] [exthost] [warning] [Decorations] CAPPING events from decorations provider vscode.git 1137
[2022-06-15 21:10:34.859] [exthost] [warning] [Decorations] CAPPING events from decorations provider vscode.git 1139
[2022-06-15 21:10:40.104] [exthost] [warning] [Decorations] CAPPING events from decorations provider vscode.git 1139
[2022-06-15 21:10:45.328] [exthost] [warning] [Decorations] CAPPING events from decorations provider vscode.git 1139
[2022-06-15 21:10:50.620] [exthost] [warning] [Decorations] CAPPING events from decorations provider vscode.git 1139
[2022-06-15 21:10:55.855] [exthost] [warning] [Decorations] CAPPING events from decorations provider vscode.git 1140
[2022-06-15 21:11:01.056] [exthost] [warning] [Decorations] CAPPING events from decorations provider vscode.git 1139
[2022-06-15 21:11:06.253] [exthost] [warning] [Decorations] CAPPING events from decorations provider vscode.git 1139
[2022-06-15 21:11:11.510] [exthost] [warning] [Decorations] CAPPING events from decorations provider vscode.git 1140
[2022-06-15 21:11:16.706] [exthost] [warning] [Decorations] CAPPING events from decorations provider vscode.git 1141
[2022-06-15 21:11:21.944] [exthost] [warning] [Decorations] CAPPING events from decorations provider vscode.git 1140
[2022-06-15 21:11:27.182] [exthost] [warning] [Decorations] CAPPING events from decorations provider vscode.git 1140
[2022-06-15 21:11:32.380] [exthost] [warning] [Decorations] CAPPING events from decorations provider vscode.git 1130
[2022-06-15 21:11:37.625] [exthost] [warning] [Decorations] CAPPING events from decorations provider vscode.git 1130
[2022-06-15 21:11:42.864] [exthost] [warning] [Decorations] CAPPING events from decorations provider vscode.git 1131
[2022-06-15 21:11:48.057] [exthost] [warning] [Decorations] CAPPING events from decorations provider vscode.git 1131
[2022-06-15 21:11:53.252] [exthost] [warning] [Decorations] CAPPING events from decorations provider vscode.git 1131
[2022-06-15 21:12:08.786] [exthost] [warning] [Decorations] CAPPING events from decorations provider vscode.git 1131
[2022-06-15 21:12:14.547] [exthost] [warning] [Decorations] CAPPING events from decorations provider vscode.git 1131
[2022-06-15 21:12:19.758] [exthost] [warning] [Decorations] CAPPING events from decorations provider vscode.git 1132
[2022-06-15 21:12:24.993] [exthost] [warning] [Decorations] CAPPING events from decorations provider vscode.git 1132
[2022-06-15 21:12:30.194] [exthost] [warning] [Decorations] CAPPING events from decorations provider vscode.git 1132
[2022-06-15 21:12:35.388] [exthost] [warning] [Decorations] CAPPING events from decorations provider vscode.git 1132
[2022-06-15 21:12:40.632] [exthost] [warning] [Decorations] CAPPING events from decorations provider vscode.git 1132
[2022-06-15 21:12:45.867] [exthost] [warning] [Decorations] CAPPING events from decorations provider vscode.git 1132
[2022-06-15 21:12:51.060] [exthost] [warning] [Decorations] CAPPING events from decorations provider vscode.git 1132
[2022-06-15 21:12:56.304] [exthost] [warning] [Decorations] CAPPING events from decorations provider vscode.git 1132
[2022-06-15 21:13:01.647] [exthost] [warning] [Decorations] CAPPING events from decorations provider vscode.git 1132
[2022-06-15 21:13:06.969] [exthost] [warning] [Decorations] CAPPING events from decorations provider vscode.git 1132
[2022-06-15 21:13:12.194] [exthost] [warning] [Decorations] CAPPING events from decorations provider vscode.git 1133
[2022-06-15 21:13:17.390] [exthost] [warning] [Decorations] CAPPING events from decorations provider vscode.git 1132
[2022-06-15 21:13:22.614] [exthost] [warning] [Decorations] CAPPING events from decorations provider vscode.git 1132
[2022-06-15 21:13:27.821] [exthost] [warning] [Decorations] CAPPING events from decorations provider vscode.git 1132
[2022-06-15 21:13:33.019] [exthost] [warning] [Decorations] CAPPING events from decorations provider vscode.git 1132
[2022-06-15 21:13:38.220] [exthost] [warning] [Decorations] CAPPING events from decorations provider vscode.git 1132
[2022-06-15 21:13:48.061] [exthost] [warning] [Decorations] CAPPING events from decorations provider vscode.git 1132
[2022-06-15 21:13:53.275] [exthost] [warning] [Decorations] CAPPING events from decorations provider vscode.git 1132
[2022-06-15 21:13:58.482] [exthost] [warning] [Decorations] CAPPING events from decorations provider vscode.git 1132
[2022-06-15 21:14:03.693] [exthost] [warning] [Decorations] CAPPING events from decorations provider vscode.git 1133
[2022-06-15 21:14:08.906] [exthost] [warning] [Decorations] CAPPING events from decorations provider vscode.git 1133
[2022-06-15 21:14:14.303] [exthost] [warning] [Decorations] CAPPING events from decorations provider vscode.git 1134
[2022-06-15 21:14:19.641] [exthost] [warning] [Decorations] CAPPING events from decorations provider vscode.git 1134
[2022-06-15 21:14:24.840] [exthost] [warning] [Decorations] CAPPING events from decorations provider vscode.git 1134
[2022-06-15 21:14:30.039] [exthost] [warning] [Decorations] CAPPING events from decorations provider vscode.git 1134
[2022-06-15 21:14:35.487] [exthost] [warning] [Decorations] CAPPING events from decorations provider vscode.git 1134
[2022-06-15 21:14:40.682] [exthost] [warning] [Decorations] CAPPING events from decorations provider vscode.git 1134
[2022-06-15 21:14:45.888] [exthost] [warning] [Decorations] CAPPING events from decorations provider vscode.git 1134
[2022-06-15 21:14:51.316] [exthost] [warning] [Decorations] CAPPING events from decorations provider vscode.git 1134
[2022-06-15 21:14:56.531] [exthost] [warning] [Decorations] CAPPING events from decorations provider vscode.git 1134
[2022-06-15 21:15:02.873] [exthost] [warning] [Decorations] CAPPING events from decorations provider vscode.git 1135
[2022-06-15 21:15:08.072] [exthost] [warning] [Decorations] CAPPING events from decorations provider vscode.git 1134
[2022-06-15 21:15:13.280] [exthost] [warning] [Decorations] CAPPING events from decorations provider vscode.git 1134
[2022-06-15 21:15:45.666] [exthost] [warning] [Decorations] CAPPING events from decorations provider vscode.git 1135
[2022-06-15 21:15:58.400] [exthost] [warning] [Decorations] CAPPING events from decorations provider vscode.git 1135
[2022-06-15 21:16:03.602] [exthost] [warning] [Decorations] CAPPING events from decorations provider vscode.git 1135
[2022-06-15 21:16:08.800] [exthost] [warning] [Decorations] CAPPING events from decorations provider vscode.git 1135
[2022-06-15 21:16:13.996] [exthost] [warning] [Decorations] CAPPING events from decorations provider vscode.git 1136
[2022-06-15 21:16:19.198] [exthost] [warning] [Decorations] CAPPING events from decorations provider vscode.git 1136
[2022-06-15 21:16:24.485] [exthost] [warning] [Decorations] CAPPING events from decorations provider vscode.git 1137
[2022-06-15 21:16:29.714] [exthost] [warning] [Decorations] CAPPING events from decorations provider vscode.git 1130
[2022-06-15 21:16:34.910] [exthost] [warning] [Decorations] CAPPING events from decorations provider vscode.git 1130
[2022-06-15 21:16:46.357] [exthost] [warning] [Decorations] CAPPING events from decorations provider vscode.git 1131
[2022-06-15 21:16:51.558] [exthost] [warning] [Decorations] CAPPING events from decorations provider vscode.git 1130
[2022-06-15 21:16:56.777] [exthost] [warning] [Decorations] CAPPING events from decorations provider vscode.git 1130
[2022-06-15 21:17:01.993] [exthost] [warning] [Decorations] CAPPING events from decorations provider vscode.git 1131
[2022-06-15 21:17:20.095] [exthost] [warning] [Decorations] CAPPING events from decorations provider vscode.git 1131
[2022-06-15 21:17:25.283] [exthost] [warning] [Decorations] CAPPING events from decorations provider vscode.git 1131
[2022-06-15 21:17:32.490] [exthost] [warning] [Decorations] CAPPING events from decorations provider vscode.git 1131
[2022-06-15 21:17:37.679] [exthost] [warning] [Decorations] CAPPING events from decorations provider vscode.git 1131
[2022-06-15 21:17:42.879] [exthost] [warning] [Decorations] CAPPING events from decorations provider vscode.git 1132
[2022-06-15 21:17:48.084] [exthost] [warning] [Decorations] CAPPING events from decorations provider vscode.git 1133
[2022-06-15 21:17:53.290] [exthost] [warning] [Decorations] CAPPING events from decorations provider vscode.git 1132
[2022-06-15 21:17:58.526] [exthost] [warning] [Decorations] CAPPING events from decorations provider vscode.git 1133
[2022-06-15 21:18:03.757] [exthost] [warning] [Decorations] CAPPING events from decorations provider vscode.git 1134
[2022-06-15 21:18:10.584] [exthost] [warning] [Decorations] CAPPING events from decorations provider vscode.git 1134
[2022-06-15 21:18:20.858] [exthost] [warning] [Decorations] CAPPING events from decorations provider vscode.git 1135
[2022-06-15 21:18:26.067] [exthost] [warning] [Decorations] CAPPING events from decorations provider vscode.git 1135
[2022-06-15 21:18:31.268] [exthost] [warning] [Decorations] CAPPING events from decorations provider vscode.git 1135
[2022-06-15 21:18:36.474] [exthost] [warning] [Decorations] CAPPING events from decorations provider vscode.git 1135
[2022-06-15 21:18:41.710] [exthost] [warning] [Decorations] CAPPING events from decorations provider vscode.git 1136
[2022-06-15 21:18:48.969] [exthost] [warning] [Decorations] CAPPING events from decorations provider vscode.git 1137
[2022-06-15 21:18:54.167] [exthost] [warning] [Decorations] CAPPING events from decorations provider vscode.git 1136
[2022-06-15 21:18:59.364] [exthost] [warning] [Decorations] CAPPING events from decorations provider vscode.git 1136
[2022-06-15 21:19:04.557] [exthost] [warning] [Decorations] CAPPING events from decorations provider vscode.git 1136
[2022-06-15 21:19:09.756] [exthost] [warning] [Decorations] CAPPING events from decorations provider vscode.git 1136
[2022-06-15 21:19:14.951] [exthost] [warning] [Decorations] CAPPING events from decorations provider vscode.git 1137
[2022-06-15 21:19:22.616] [exthost] [warning] [Decorations] CAPPING events from decorations provider vscode.git 1138
[2022-06-15 21:19:30.337] [exthost] [warning] [Decorations] CAPPING events from decorations provider vscode.git 1137
[2022-06-15 21:19:35.539] [exthost] [warning] [Decorations] CAPPING events from decorations provider vscode.git 1137
[2022-06-15 21:19:40.759] [exthost] [warning] [Decorations] CAPPING events from decorations provider vscode.git 1137
[2022-06-15 21:19:45.983] [exthost] [warning] [Decorations] CAPPING events from decorations provider vscode.git 1138
[2022-06-15 21:19:51.212] [exthost] [warning] [Decorations] CAPPING events from decorations provider vscode.git 1139
[2022-06-15 21:19:56.429] [exthost] [warning] [Decorations] CAPPING events from decorations provider vscode.git 1138
[2022-06-15 21:20:01.680] [exthost] [warning] [Decorations] CAPPING events from decorations provider vscode.git 1138
[2022-06-15 21:20:06.876] [exthost] [warning] [Decorations] CAPPING events from decorations provider vscode.git 1138
[2022-06-15 21:20:12.078] [exthost] [warning] [Decorations] CAPPING events from decorations provider vscode.git 1139
[2022-06-15 21:20:27.506] [exthost] [warning] [Decorations] CAPPING events from decorations provider vscode.git 1140
[2022-06-15 21:20:42.616] [exthost] [warning] [Decorations] CAPPING events from decorations provider vscode.git 1139
[2022-06-15 21:20:50.647] [exthost] [warning] [Decorations] CAPPING events from decorations provider vscode.git 1139
[2022-06-15 21:20:56.104] [exthost] [warning] [Decorations] CAPPING events from decorations provider vscode.git 1139
[2022-06-15 21:21:01.303] [exthost] [warning] [Decorations] CAPPING events from decorations provider vscode.git 1139
[2022-06-15 21:21:06.500] [exthost] [warning] [Decorations] CAPPING events from decorations provider vscode.git 1139
[2022-06-15 21:21:26.548] [exthost] [warning] [Decorations] CAPPING events from decorations provider vscode.git 1140
[2022-06-15 21:21:35.118] [exthost] [warning] [Decorations] CAPPING events from decorations provider vscode.git 1129
[2022-06-15 21:21:40.318] [exthost] [warning] [Decorations] CAPPING events from decorations provider vscode.git 1129
[2022-06-15 21:21:47.522] [exthost] [warning] [Decorations] CAPPING events from decorations provider vscode.git 1130
[2022-06-15 21:21:52.729] [exthost] [warning] [Decorations] CAPPING events from decorations provider vscode.git 1130
[2022-06-15 21:21:58.108] [exthost] [warning] [Decorations] CAPPING events from decorations provider vscode.git 1130
[2022-06-15 21:22:03.307] [exthost] [warning] [Decorations] CAPPING events from decorations provider vscode.git 1130
[2022-06-15 21:22:08.513] [exthost] [warning] [Decorations] CAPPING events from decorations provider vscode.git 1131
[2022-06-15 21:22:13.801] [exthost] [warning] [Decorations] CAPPING events from decorations provider vscode.git 1131
[2022-06-15 21:22:19.020] [exthost] [warning] [Decorations] CAPPING events from decorations provider vscode.git 1132
[2022-06-15 21:22:28.042] [exthost] [warning] [Decorations] CAPPING events from decorations provider vscode.git 1131
[2022-06-15 21:22:33.243] [exthost] [warning] [Decorations] CAPPING events from decorations provider vscode.git 1131
[2022-06-15 21:22:57.208] [exthost] [warning] [Decorations] CAPPING events from decorations provider vscode.git 1132
[2022-06-15 21:23:02.402] [exthost] [warning] [Decorations] CAPPING events from decorations provider vscode.git 1133
[2022-06-15 21:23:07.913] [exthost] [warning] [Decorations] CAPPING events from decorations provider vscode.git 1133
[2022-06-15 21:23:13.123] [exthost] [warning] [Decorations] CAPPING events from decorations provider vscode.git 1133
[2022-06-15 21:23:18.324] [exthost] [warning] [Decorations] CAPPING events from decorations provider vscode.git 1133
[2022-06-15 21:23:23.563] [exthost] [warning] [Decorations] CAPPING events from decorations provider vscode.git 1134
[2022-06-15 21:23:28.944] [exthost] [warning] [Decorations] CAPPING events from decorations provider vscode.git 1133
[2022-06-15 21:23:39.054] [exthost] [warning] [Decorations] CAPPING events from decorations provider vscode.git 1133
[2022-06-15 21:23:44.320] [exthost] [warning] [Decorations] CAPPING events from decorations provider vscode.git 1134
[2022-06-15 21:23:49.635] [exthost] [warning] [Decorations] CAPPING events from decorations provider vscode.git 1134
[2022-06-15 21:24:05.065] [exthost] [warning] [Decorations] CAPPING events from decorations provider vscode.git 1134
[2022-06-15 21:25:12.415] [exthost] [warning] [Decorations] CAPPING events from decorations provider vscode.git 1136
[2022-06-15 21:25:18.377] [exthost] [warning] [Decorations] CAPPING events from decorations provider vscode.git 1136
[2022-06-15 21:25:24.215] [exthost] [warning] [Decorations] CAPPING events from decorations provider vscode.git 1137
[2022-06-15 21:26:03.824] [exthost] [warning] [Decorations] CAPPING events from decorations provider vscode.git 1137
[2022-06-15 21:26:09.012] [exthost] [warning] [Decorations] CAPPING events from decorations provider vscode.git 1137
[2022-06-15 21:26:14.273] [exthost] [warning] [Decorations] CAPPING events from decorations provider vscode.git 1137
[2022-06-15 21:26:19.511] [exthost] [warning] [Decorations] CAPPING events from decorations provider vscode.git 1137
[2022-06-15 21:26:24.776] [exthost] [warning] [Decorations] CAPPING events from decorations provider vscode.git 1137
[2022-06-15 21:26:29.965] [exthost] [warning] [Decorations] CAPPING events from decorations provider vscode.git 1129
[2022-06-15 21:26:35.163] [exthost] [warning] [Decorations] CAPPING events from decorations provider vscode.git 1129
[2022-06-15 21:26:40.377] [exthost] [warning] [Decorations] CAPPING events from decorations provider vscode.git 1129
[2022-06-15 21:26:45.574] [exthost] [warning] [Decorations] CAPPING events from decorations provider vscode.git 1129
[2022-06-15 21:26:50.778] [exthost] [warning] [Decorations] CAPPING events from decorations provider vscode.git 1129
[2022-06-15 21:26:55.969] [exthost] [warning] [Decorations] CAPPING events from decorations provider vscode.git 1129
[2022-06-15 21:27:01.164] [exthost] [warning] [Decorations] CAPPING events from decorations provider vscode.git 1129
[2022-06-15 21:27:06.363] [exthost] [warning] [Decorations] CAPPING events from decorations provider vscode.git 1129
[2022-06-15 21:27:11.569] [exthost] [warning] [Decorations] CAPPING events from decorations provider vscode.git 1129
[2022-06-15 21:27:16.767] [exthost] [warning] [Decorations] CAPPING events from decorations provider vscode.git 1129
[2022-06-15 21:27:21.990] [exthost] [warning] [Decorations] CAPPING events from decorations provider vscode.git 1129
[2022-06-15 21:27:27.183] [exthost] [warning] [Decorations] CAPPING events from decorations provider vscode.git 1129
[2022-06-15 21:27:32.379] [exthost] [warning] [Decorations] CAPPING events from decorations provider vscode.git 1130
[2022-06-15 21:27:37.579] [exthost] [warning] [Decorations] CAPPING events from decorations provider vscode.git 1131
[2022-06-15 21:27:42.902] [exthost] [warning] [Decorations] CAPPING events from decorations provider vscode.git 1131
[2022-06-15 21:27:48.203] [exthost] [warning] [Decorations] CAPPING events from decorations provider vscode.git 1131
[2022-06-15 21:27:53.462] [exthost] [warning] [Decorations] CAPPING events from decorations provider vscode.git 1132
[2022-06-15 21:27:59.239] [exthost] [warning] [Decorations] CAPPING events from decorations provider vscode.git 1132
[2022-06-15 21:28:04.449] [exthost] [warning] [Decorations] CAPPING events from decorations provider vscode.git 1131
[2022-06-15 21:28:09.772] [exthost] [warning] [Decorations] CAPPING events from decorations provider vscode.git 1131
[2022-06-15 21:28:14.974] [exthost] [warning] [Decorations] CAPPING events from decorations provider vscode.git 1131
[2022-06-15 21:28:20.175] [exthost] [warning] [Decorations] CAPPING events from decorations provider vscode.git 1131
[2022-06-15 21:28:25.382] [exthost] [warning] [Decorations] CAPPING events from decorations provider vscode.git 1131
[2022-06-15 21:28:30.632] [exthost] [warning] [Decorations] CAPPING events from decorations provider vscode.git 1131
[2022-06-15 21:28:35.827] [exthost] [warning] [Decorations] CAPPING events from decorations provider vscode.git 1131
[2022-06-15 21:28:41.037] [exthost] [warning] [Decorations] CAPPING events from decorations provider vscode.git 1131
[2022-06-15 21:28:46.250] [exthost] [warning] [Decorations] CAPPING events from decorations provider vscode.git 1132
[2022-06-15 21:28:51.490] [exthost] [warning] [Decorations] CAPPING events from decorations provider vscode.git 1134
[2022-06-15 21:28:56.712] [exthost] [warning] [Decorations] CAPPING events from decorations provider vscode.git 1134
[2022-06-15 21:29:01.924] [exthost] [warning] [Decorations] CAPPING events from decorations provider vscode.git 1134
[2022-06-15 21:29:07.125] [exthost] [warning] [Decorations] CAPPING events from decorations provider vscode.git 1135
[2022-06-15 21:29:12.339] [exthost] [warning] [Decorations] CAPPING events from decorations provider vscode.git 1134
[2022-06-15 21:29:17.554] [exthost] [warning] [Decorations] CAPPING events from decorations provider vscode.git 1134
[2022-06-15 21:29:22.756] [exthost] [warning] [Decorations] CAPPING events from decorations provider vscode.git 1134
[2022-06-15 21:29:27.996] [exthost] [warning] [Decorations] CAPPING events from decorations provider vscode.git 1134
[2022-06-15 21:29:33.207] [exthost] [warning] [Decorations] CAPPING events from decorations provider vscode.git 1134
[2022-06-15 21:29:38.491] [exthost] [warning] [Decorations] CAPPING events from decorations provider vscode.git 1134
[2022-06-15 21:29:43.721] [exthost] [warning] [Decorations] CAPPING events from decorations provider vscode.git 1134
[2022-06-15 21:29:48.919] [exthost] [warning] [Decorations] CAPPING events from decorations provider vscode.git 1134
[2022-06-15 21:29:54.158] [exthost] [warning] [Decorations] CAPPING events from decorations provider vscode.git 1135
[2022-06-15 21:29:59.377] [exthost] [warning] [Decorations] CAPPING events from decorations provider vscode.git 1136
[2022-06-15 21:30:04.620] [exthost] [warning] [Decorations] CAPPING events from decorations provider vscode.git 1137
[2022-06-15 21:30:09.830] [exthost] [warning] [Decorations] CAPPING events from decorations provider vscode.git 1137
[2022-06-15 21:30:15.082] [exthost] [warning] [Decorations] CAPPING events from decorations provider vscode.git 1136
[2022-06-15 21:30:20.307] [exthost] [warning] [Decorations] CAPPING events from decorations provider vscode.git 1137
[2022-06-15 21:30:25.503] [exthost] [warning] [Decorations] CAPPING events from decorations provider vscode.git 1137
[2022-06-15 21:30:30.715] [exthost] [warning] [Decorations] CAPPING events from decorations provider vscode.git 1137
[2022-06-15 21:30:35.911] [exthost] [warning] [Decorations] CAPPING events from decorations provider vscode.git 1137
[2022-06-15 21:30:41.120] [exthost] [warning] [Decorations] CAPPING events from decorations provider vscode.git 1138
[2022-06-15 21:30:46.349] [exthost] [warning] [Decorations] CAPPING events from decorations provider vscode.git 1137
[2022-06-15 21:30:51.565] [exthost] [warning] [Decorations] CAPPING events from decorations provider vscode.git 1137
[2022-06-15 21:30:57.013] [exthost] [warning] [Decorations] CAPPING events from decorations provider vscode.git 1137
[2022-06-15 21:31:02.282] [exthost] [warning] [Decorations] CAPPING events from decorations provider vscode.git 1138
[2022-06-15 21:31:07.595] [exthost] [warning] [Decorations] CAPPING events from decorations provider vscode.git 1138
[2022-06-15 21:31:12.833] [exthost] [warning] [Decorations] CAPPING events from decorations provider vscode.git 1138
[2022-06-15 21:31:17.502] [exthost] [info] Extension host terminating: renderer closed the socket
[2022-06-15 21:31:17.750] [exthost] [info] Extension host with pid 1302 exiting with code 0
