[2022-06-03T07:11:37.487Z] Validating found git in: git
[2022-06-03T07:11:37.622Z] Using git 2.36.1 from git
[2022-06-03T07:11:37.767Z] > git rev-parse --show-toplevel [72ms]
[2022-06-03T07:11:37.767Z] fatal: not a git repository (or any parent up to mount point /)
Stopping at filesystem boundary (GIT_DISCOVERY_ACROSS_FILESYSTEM not set).
[2022-06-03T07:11:37.816Z] > git rev-parse --show-toplevel [33ms]
[2022-06-03T07:11:37.816Z] fatal: not a git repository (or any parent up to mount point /)
Stopping at filesystem boundary (GIT_DISCOVERY_ACROSS_FILESYSTEM not set).
[2022-06-03T07:11:37.905Z] > git rev-parse --show-toplevel [80ms]
[2022-06-03T07:11:37.905Z] fatal: not a git repository (or any parent up to mount point /)
Stopping at filesystem boundary (GIT_DISCOVERY_ACROSS_FILESYSTEM not set).
[2022-06-03T07:11:37.937Z] > git rev-parse --show-toplevel [25ms]
[2022-06-03T07:11:37.947Z] > git rev-parse --git-dir --git-common-dir [1ms]
[2022-06-03T07:11:37.957Z] Open repository: /home/upalb/NewsFlash/FreeCodeCamp-NewsFlash
[2022-06-03T07:11:37.988Z] > git rev-parse --show-toplevel [11ms]
[2022-06-03T07:11:37.988Z] fatal: not a git repository (or any parent up to mount point /)
Stopping at filesystem boundary (GIT_DISCOVERY_ACROSS_FILESYSTEM not set).
[2022-06-03T07:11:38.003Z] > git rev-parse --show-toplevel [5ms]
[2022-06-03T07:11:38.003Z] fatal: not a git repository (or any parent up to mount point /)
Stopping at filesystem boundary (GIT_DISCOVERY_ACROSS_FILESYSTEM not set).
[2022-06-03T07:11:38.014Z] > git rev-parse --show-toplevel [2ms]
[2022-06-03T07:11:38.014Z] fatal: not a git repository (or any parent up to mount point /)
Stopping at filesystem boundary (GIT_DISCOVERY_ACROSS_FILESYSTEM not set).
[2022-06-03T07:11:38.025Z] > git rev-parse --show-toplevel [2ms]
[2022-06-03T07:11:38.025Z] fatal: not a git repository (or any parent up to mount point /)
Stopping at filesystem boundary (GIT_DISCOVERY_ACROSS_FILESYSTEM not set).
[2022-06-03T07:11:38.630Z] > git status -z -uall [661ms]
[2022-06-03T07:11:38.643Z] > git symbolic-ref --short HEAD [4ms]
[2022-06-03T07:11:38.749Z] > git for-each-ref --format=%(refname)%00%(upstream:short)%00%(objectname)%00%(upstream:track)%00%(upstream:remotename)%00%(upstream:remoteref) refs/heads/main refs/remotes/main [92ms]
[2022-06-03T07:11:38.770Z] > git remote --verbose [4ms]
[2022-06-03T07:11:42.137Z] > git for-each-ref --sort -committerdate --format %(refname) %(objectname) %(*objectname) [3380ms]
[2022-06-03T07:11:42.189Z] > git config --get commit.template [8ms]
[2022-06-03T07:12:17.247Z] > git rev-parse --show-toplevel [16ms]
[2022-06-03T07:12:17.247Z] fatal: not a git repository (or any parent up to mount point /)
Stopping at filesystem boundary (GIT_DISCOVERY_ACROSS_FILESYSTEM not set).
[2022-06-03T07:20:20.907Z] > git rev-parse --show-toplevel [7ms]
[2022-06-03T07:20:20.907Z] fatal: not a git repository (or any parent up to mount point /)
Stopping at filesystem boundary (GIT_DISCOVERY_ACROSS_FILESYSTEM not set).
[2022-06-03T07:20:22.894Z] > git rev-parse --show-toplevel [10ms]
[2022-06-03T07:20:22.894Z] fatal: not a git repository (or any parent up to mount point /)
Stopping at filesystem boundary (GIT_DISCOVERY_ACROSS_FILESYSTEM not set).
[2022-06-03T07:21:34.107Z] > git rev-parse --show-toplevel [2ms]
[2022-06-03T07:21:34.121Z] > git rev-parse --git-dir --git-common-dir [2ms]
[2022-06-03T07:21:34.129Z] Open repository: /home/upalb/Drum Kit
[2022-06-03T07:21:34.145Z] > git status -z -uall [3ms]
[2022-06-03T07:21:34.161Z] > git symbolic-ref --short HEAD [2ms]
[2022-06-03T07:21:34.178Z] > git for-each-ref --format=%(refname)%00%(upstream:short)%00%(objectname)%00%(upstream:track)%00%(upstream:remotename)%00%(upstream:remoteref) refs/heads/master refs/remotes/master [2ms]
[2022-06-03T07:21:34.203Z] > git remote --verbose [3ms]
[2022-06-03T07:21:34.203Z] > git for-each-ref --sort -committerdate --format %(refname) %(objectname) %(*objectname) [14ms]
[2022-06-03T07:21:34.220Z] > git config --get commit.template [2ms]
[2022-06-03T07:21:34.476Z] > git show --textconv :index.js [14ms]
[2022-06-03T07:21:34.477Z] > git ls-files --stage -- /home/upalb/Drum Kit/index.js [3ms]
[2022-06-03T07:21:34.693Z] > git check-ignore -v -z --stdin [3ms]
[2022-06-03T07:21:35.558Z] > git status -z -uall [3ms]
[2022-06-03T07:21:35.569Z] > git symbolic-ref --short HEAD [1ms]
[2022-06-03T07:21:35.580Z] > git for-each-ref --format=%(refname)%00%(upstream:short)%00%(objectname)%00%(upstream:track)%00%(upstream:remotename)%00%(upstream:remoteref) refs/heads/master refs/remotes/master [1ms]
[2022-06-03T07:21:35.600Z] > git for-each-ref --sort -committerdate --format %(refname) %(objectname) %(*objectname) [11ms]
[2022-06-03T07:21:35.601Z] > git remote --verbose [2ms]
[2022-06-03T07:21:35.617Z] > git config --get commit.template [2ms]
[2022-06-03T07:21:41.090Z] > git ls-files --stage -- /home/upalb/Drum Kit/index.js [3ms]
[2022-06-03T07:21:41.114Z] > git show --textconv :index.js [2ms]
[2022-06-03T07:21:54.668Z] > git status -z -uall [3ms]
[2022-06-03T07:21:54.694Z] > git symbolic-ref --short HEAD [13ms]
[2022-06-03T07:21:54.709Z] > git ls-files --stage -- /home/upalb/Drum Kit/index.js [16ms]
[2022-06-03T07:21:54.721Z] > git for-each-ref --format=%(refname)%00%(upstream:short)%00%(objectname)%00%(upstream:track)%00%(upstream:remotename)%00%(upstream:remoteref) refs/heads/master refs/remotes/master [14ms]
[2022-06-03T07:21:54.744Z] > git for-each-ref --sort -committerdate --format %(refname) %(objectname) %(*objectname) [12ms]
[2022-06-03T07:21:54.745Z] > git cat-file -s dea16f5ab2af506c3a6dc4af6c109642aa31e4e1 [25ms]
[2022-06-03T07:21:54.746Z] > git remote --verbose [3ms]
[2022-06-03T07:21:54.769Z] > git config --get commit.template [12ms]
[2022-06-03T07:21:54.771Z] > git show --textconv :index.js [4ms]
[2022-06-03T07:22:37.152Z] > git status -z -uall [4ms]
[2022-06-03T07:22:37.165Z] > git symbolic-ref --short HEAD [2ms]
[2022-06-03T07:22:37.177Z] > git for-each-ref --format=%(refname)%00%(upstream:short)%00%(objectname)%00%(upstream:track)%00%(upstream:remotename)%00%(upstream:remoteref) refs/heads/main refs/remotes/main [3ms]
[2022-06-03T07:22:37.206Z] > git for-each-ref --sort -committerdate --format %(refname) %(objectname) %(*objectname) [14ms]
[2022-06-03T07:22:37.206Z] > git remote --verbose [2ms]
[2022-06-03T07:22:37.226Z] > git config --get commit.template [1ms]
[2022-06-03T07:22:37.719Z] > git ls-files --stage -- /home/upalb/Drum Kit/index.js [3ms]
[2022-06-03T07:22:37.734Z] > git cat-file -s dea16f5ab2af506c3a6dc4af6c109642aa31e4e1 [3ms]
[2022-06-03T07:22:37.753Z] > git show --textconv :index.js [2ms]
[2022-06-03T07:22:42.247Z] > git status -z -uall [4ms]
[2022-06-03T07:22:42.258Z] > git symbolic-ref --short HEAD [2ms]
[2022-06-03T07:22:42.269Z] > git for-each-ref --format=%(refname)%00%(upstream:short)%00%(objectname)%00%(upstream:track)%00%(upstream:remotename)%00%(upstream:remoteref) refs/heads/main refs/remotes/main [2ms]
[2022-06-03T07:22:42.291Z] > git for-each-ref --sort -committerdate --format %(refname) %(objectname) %(*objectname) [13ms]
[2022-06-03T07:22:42.291Z] > git remote --verbose [2ms]
[2022-06-03T07:22:42.303Z] > git config --get commit.template [1ms]
[2022-06-03T07:22:45.647Z] > git ls-files --stage -- /home/upalb/Drum Kit/index.js [3ms]
[2022-06-03T07:22:45.659Z] > git cat-file -s dea16f5ab2af506c3a6dc4af6c109642aa31e4e1 [2ms]
[2022-06-03T07:22:45.674Z] > git show --textconv :index.js [2ms]
[2022-06-03T07:22:47.316Z] > git status -z -uall [3ms]
[2022-06-03T07:22:47.328Z] > git symbolic-ref --short HEAD [2ms]
[2022-06-03T07:22:47.341Z] > git for-each-ref --format=%(refname)%00%(upstream:short)%00%(objectname)%00%(upstream:track)%00%(upstream:remotename)%00%(upstream:remoteref) refs/heads/main refs/remotes/main [3ms]
[2022-06-03T07:22:47.363Z] > git for-each-ref --sort -committerdate --format %(refname) %(objectname) %(*objectname) [12ms]
[2022-06-03T07:22:47.364Z] > git remote --verbose [2ms]
[2022-06-03T07:22:47.377Z] > git config --get commit.template [2ms]
[2022-06-03T07:24:34.763Z] > git status -z -uall [3ms]
[2022-06-03T07:24:34.775Z] > git symbolic-ref --short HEAD [1ms]
[2022-06-03T07:24:34.787Z] > git for-each-ref --format=%(refname)%00%(upstream:short)%00%(objectname)%00%(upstream:track)%00%(upstream:remotename)%00%(upstream:remoteref) refs/heads/main refs/remotes/main [2ms]
[2022-06-03T07:24:34.807Z] > git for-each-ref --sort -committerdate --format %(refname) %(objectname) %(*objectname) [11ms]
[2022-06-03T07:24:34.808Z] > git remote --verbose [3ms]
[2022-06-03T07:24:34.823Z] > git config --get commit.template [2ms]
[2022-06-03T07:24:34.866Z] > git ls-files --stage -- /home/upalb/Drum Kit/index.js [3ms]
[2022-06-03T07:24:34.877Z] > git cat-file -s dea16f5ab2af506c3a6dc4af6c109642aa31e4e1 [2ms]
[2022-06-03T07:24:34.892Z] > git show --textconv :index.js [2ms]
