[2022-06-20T14:01:34.736Z] Log level: Info
[2022-06-20T14:01:34.751Z] [info] Validating found git in: git
[2022-06-20T14:01:34.929Z] [info] Using git 2.36.1 from git
[2022-06-20T14:01:35.002Z] > git rev-parse --show-toplevel [45ms]
[2022-06-20T14:01:35.002Z] fatal: not a git repository (or any parent up to mount point /run/media/upalb)
Stopping at filesystem boundary (GIT_DISCOVERY_ACROSS_FILESYSTEM not set).
[2022-06-20T14:16:02.732Z] > git rev-parse --show-toplevel [95ms]
[2022-06-20T14:16:02.733Z] fatal: unsafe repository ('/run/media/upalb/Miscellaneous/Code/React-calc/react-calc' is owned by someone else)
To add an exception for this directory, call:

	git config --global --add safe.directory /run/media/upalb/Miscellaneous/Code/React-calc/react-calc
[2022-06-20T14:19:11.383Z] > git rev-parse --show-toplevel [107ms]
[2022-06-20T14:19:11.383Z] fatal: not a git repository (or any parent up to mount point /run/media/upalb)
Stopping at filesystem boundary (GIT_DISCOVERY_ACROSS_FILESYSTEM not set).
[2022-06-20T14:19:15.250Z] > git rev-parse --show-toplevel [26ms]
[2022-06-20T14:19:15.250Z] fatal: not a git repository (or any parent up to mount point /run/media/upalb)
Stopping at filesystem boundary (GIT_DISCOVERY_ACROSS_FILESYSTEM not set).
[2022-06-20T14:19:36.081Z] > git rev-parse --show-toplevel [42ms]
[2022-06-20T14:19:36.081Z] fatal: not a git repository (or any parent up to mount point /run/media/upalb)
Stopping at filesystem boundary (GIT_DISCOVERY_ACROSS_FILESYSTEM not set).
[2022-06-20T14:20:35.260Z] > git rev-parse --show-toplevel [10ms]
[2022-06-20T14:20:35.260Z] fatal: not a git repository (or any parent up to mount point /run/media/upalb)
Stopping at filesystem boundary (GIT_DISCOVERY_ACROSS_FILESYSTEM not set).
[2022-06-20T14:20:46.923Z] > git rev-parse --show-toplevel [12ms]
[2022-06-20T14:20:46.923Z] fatal: not a git repository (or any parent up to mount point /run/media/upalb)
Stopping at filesystem boundary (GIT_DISCOVERY_ACROSS_FILESYSTEM not set).
[2022-06-20T14:20:58.503Z] > git rev-parse --show-toplevel [32ms]
[2022-06-20T14:20:58.503Z] fatal: not a git repository (or any parent up to mount point /run/media/upalb)
Stopping at filesystem boundary (GIT_DISCOVERY_ACROSS_FILESYSTEM not set).
[2022-06-20T14:21:01.967Z] > git rev-parse --show-toplevel [23ms]
[2022-06-20T14:21:01.967Z] fatal: not a git repository (or any parent up to mount point /run/media/upalb)
Stopping at filesystem boundary (GIT_DISCOVERY_ACROSS_FILESYSTEM not set).
[2022-06-20T14:33:03.288Z] > git rev-parse --show-toplevel [663ms]
[2022-06-20T14:33:03.288Z] fatal: not a git repository (or any parent up to mount point /run/media/upalb)
Stopping at filesystem boundary (GIT_DISCOVERY_ACROSS_FILESYSTEM not set).
[2022-06-20T14:38:20.850Z] > git rev-parse --show-toplevel [22ms]
[2022-06-20T14:38:20.850Z] fatal: not a git repository (or any parent up to mount point /run/media/upalb)
Stopping at filesystem boundary (GIT_DISCOVERY_ACROSS_FILESYSTEM not set).
[2022-06-20T14:38:29.324Z] > git rev-parse --show-toplevel [8ms]
[2022-06-20T14:38:29.324Z] fatal: not a git repository (or any parent up to mount point /run/media/upalb)
Stopping at filesystem boundary (GIT_DISCOVERY_ACROSS_FILESYSTEM not set).
[2022-06-20T14:38:58.291Z] > git rev-parse --show-toplevel [13ms]
[2022-06-20T14:38:58.291Z] fatal: not a git repository (or any parent up to mount point /run/media/upalb)
Stopping at filesystem boundary (GIT_DISCOVERY_ACROSS_FILESYSTEM not set).
[2022-06-20T14:39:25.702Z] > git rev-parse --show-toplevel [33ms]
[2022-06-20T14:39:25.702Z] fatal: not a git repository (or any parent up to mount point /run/media/upalb)
Stopping at filesystem boundary (GIT_DISCOVERY_ACROSS_FILESYSTEM not set).
[2022-06-20T14:42:15.453Z] > git rev-parse --show-toplevel [8ms]
[2022-06-20T14:42:15.453Z] fatal: not a git repository (or any parent up to mount point /run/media/upalb)
Stopping at filesystem boundary (GIT_DISCOVERY_ACROSS_FILESYSTEM not set).
[2022-06-20T14:44:18.566Z] > git rev-parse --show-toplevel [9ms]
[2022-06-20T14:44:18.566Z] fatal: not a git repository (or any parent up to mount point /run/media/upalb)
Stopping at filesystem boundary (GIT_DISCOVERY_ACROSS_FILESYSTEM not set).
[2022-06-20T14:44:43.115Z] > git rev-parse --show-toplevel [9ms]
[2022-06-20T14:44:43.115Z] fatal: not a git repository (or any parent up to mount point /run/media/upalb)
Stopping at filesystem boundary (GIT_DISCOVERY_ACROSS_FILESYSTEM not set).
[2022-06-20T14:51:34.707Z] > git rev-parse --show-toplevel [21ms]
[2022-06-20T14:51:34.707Z] fatal: not a git repository (or any parent up to mount point /run/media/upalb)
Stopping at filesystem boundary (GIT_DISCOVERY_ACROSS_FILESYSTEM not set).
[2022-06-20T14:51:53.426Z] > git rev-parse --show-toplevel [16ms]
[2022-06-20T14:51:53.426Z] fatal: not a git repository (or any parent up to mount point /run/media/upalb)
Stopping at filesystem boundary (GIT_DISCOVERY_ACROSS_FILESYSTEM not set).
[2022-06-20T15:12:17.193Z] > git rev-parse --show-toplevel [36ms]
[2022-06-20T15:12:17.193Z] fatal: not a git repository (or any parent up to mount point /run/media/upalb)
Stopping at filesystem boundary (GIT_DISCOVERY_ACROSS_FILESYSTEM not set).
