[2022-07-18T13:53:45.864Z] Log level: Info
[2022-07-18T13:53:46.198Z] [info] Validating found git in: git
[2022-07-18T13:53:46.510Z] [info] Using git 2.37.1 from git
[2022-07-18T13:53:46.695Z] > git rev-parse --show-toplevel [149ms]
[2022-07-18T13:53:46.695Z] fatal: not a git repository (or any parent up to mount point /run/media/upalb)
Stopping at filesystem boundary (GIT_DISCOVERY_ACROSS_FILESYSTEM not set).
[2022-07-18T13:53:46.745Z] > git rev-parse --show-toplevel [17ms]
[2022-07-18T13:53:46.745Z] fatal: not a git repository (or any parent up to mount point /run/media/upalb)
Stopping at filesystem boundary (GIT_DISCOVERY_ACROSS_FILESYSTEM not set).
[2022-07-18T13:53:46.780Z] > git rev-parse --show-toplevel [8ms]
[2022-07-18T13:53:46.780Z] fatal: not a git repository (or any parent up to mount point /run/media/upalb)
Stopping at filesystem boundary (GIT_DISCOVERY_ACROSS_FILESYSTEM not set).
[2022-07-18T13:53:46.824Z] > git rev-parse --show-toplevel [10ms]
[2022-07-18T13:53:46.824Z] fatal: not a git repository (or any parent up to mount point /run/media/upalb)
Stopping at filesystem boundary (GIT_DISCOVERY_ACROSS_FILESYSTEM not set).
[2022-07-18T13:53:46.871Z] > git rev-parse --show-toplevel [9ms]
[2022-07-18T13:53:46.871Z] fatal: not a git repository (or any parent up to mount point /run/media/upalb)
Stopping at filesystem boundary (GIT_DISCOVERY_ACROSS_FILESYSTEM not set).
[2022-07-18T13:53:46.911Z] > git rev-parse --show-toplevel [2ms]
[2022-07-18T13:53:46.911Z] fatal: not a git repository (or any parent up to mount point /run/media/upalb)
Stopping at filesystem boundary (GIT_DISCOVERY_ACROSS_FILESYSTEM not set).
[2022-07-18T13:53:46.949Z] > git rev-parse --show-toplevel [10ms]
[2022-07-18T13:53:46.949Z] fatal: not a git repository (or any parent up to mount point /run/media/upalb)
Stopping at filesystem boundary (GIT_DISCOVERY_ACROSS_FILESYSTEM not set).
[2022-07-18T14:02:28.729Z] > git rev-parse --show-toplevel [32ms]
[2022-07-18T14:02:28.729Z] fatal: not a git repository (or any parent up to mount point /run/media/upalb)
Stopping at filesystem boundary (GIT_DISCOVERY_ACROSS_FILESYSTEM not set).
[2022-07-18T14:02:28.774Z] > git rev-parse --show-toplevel [8ms]
[2022-07-18T14:02:28.774Z] fatal: not a git repository (or any parent up to mount point /run/media/upalb)
Stopping at filesystem boundary (GIT_DISCOVERY_ACROSS_FILESYSTEM not set).
[2022-07-18T14:03:28.464Z] > git rev-parse --show-toplevel [2ms]
[2022-07-18T14:03:28.464Z] fatal: detected dubious ownership in repository at '/run/media/upalb/Miscellaneous/Code/Programming-Hero/Milestone 2 Practice/images'
To add an exception for this directory, call:

	git config --global --add safe.directory '/run/media/upalb/Miscellaneous/Code/Programming-Hero/Milestone 2 Practice/images'
[2022-07-18T14:03:29.439Z] > git rev-parse --show-toplevel [2ms]
[2022-07-18T14:03:29.439Z] fatal: detected dubious ownership in repository at '/run/media/upalb/Miscellaneous/Code/Programming-Hero/Milestone 2 Practice/images'
To add an exception for this directory, call:

	git config --global --add safe.directory '/run/media/upalb/Miscellaneous/Code/Programming-Hero/Milestone 2 Practice/images'
[2022-07-18T14:03:52.780Z] > git rev-parse --show-toplevel [2ms]
[2022-07-18T14:03:52.780Z] fatal: not a git repository (or any parent up to mount point /run/media/upalb)
Stopping at filesystem boundary (GIT_DISCOVERY_ACROSS_FILESYSTEM not set).
[2022-07-18T14:03:59.509Z] > git rev-parse --show-toplevel [3ms]
[2022-07-18T14:03:59.509Z] fatal: detected dubious ownership in repository at '/run/media/upalb/Miscellaneous/Code/Programming-Hero/Milestone 2 Practice'
To add an exception for this directory, call:

	git config --global --add safe.directory '/run/media/upalb/Miscellaneous/Code/Programming-Hero/Milestone 2 Practice'
[2022-07-18T14:04:00.474Z] > git rev-parse --show-toplevel [2ms]
[2022-07-18T14:04:00.474Z] fatal: detected dubious ownership in repository at '/run/media/upalb/Miscellaneous/Code/Programming-Hero/Milestone 2 Practice'
To add an exception for this directory, call:

	git config --global --add safe.directory '/run/media/upalb/Miscellaneous/Code/Programming-Hero/Milestone 2 Practice'
[2022-07-18T14:04:16.508Z] > git rev-parse --show-toplevel [2ms]
[2022-07-18T14:04:16.529Z] > git rev-parse --git-dir --git-common-dir [2ms]
[2022-07-18T14:04:16.539Z] [info] Open repository: /run/media/upalb/Miscellaneous/Code/Programming-Hero/Milestone 2 Practice
[2022-07-18T14:04:16.576Z] > git config --global user.email [18ms]
[2022-07-18T14:04:16.599Z] > git config --global user.name [2ms]
[2022-07-18T14:04:16.606Z] > git status -z -uall [31ms]
[2022-07-18T14:04:16.630Z] > git symbolic-ref --short HEAD [3ms]
[2022-07-18T14:04:16.679Z] > git for-each-ref --format=%(refname)%00%(upstream:short)%00%(objectname)%00%(upstream:track)%00%(upstream:remotename)%00%(upstream:remoteref) refs/heads/master refs/remotes/master [15ms]
[2022-07-18T14:04:16.721Z] > git for-each-ref --sort -committerdate --format %(refname) %(objectname) %(*objectname) [20ms]
[2022-07-18T14:04:16.722Z] > git remote --verbose [4ms]
[2022-07-18T14:04:16.747Z] > git config --get commit.template [4ms]
[2022-07-18T14:04:16.772Z] > git status -z -uall [7ms]
[2022-07-18T14:04:16.791Z] > git symbolic-ref --short HEAD [3ms]
[2022-07-18T14:04:16.809Z] > git for-each-ref --format=%(refname)%00%(upstream:short)%00%(objectname)%00%(upstream:track)%00%(upstream:remotename)%00%(upstream:remoteref) refs/heads/master refs/remotes/master [3ms]
[2022-07-18T14:04:16.858Z] > git remote --verbose [18ms]
[2022-07-18T14:04:16.858Z] > git for-each-ref --sort -committerdate --format %(refname) %(objectname) %(*objectname) [33ms]
[2022-07-18T14:04:16.878Z] > git config --get commit.template [2ms]
[2022-07-18T14:04:24.427Z] > git rev-parse --show-toplevel [2ms]
[2022-07-18T14:04:25.041Z] > git status -z -uall [10ms]
[2022-07-18T14:04:25.060Z] > git symbolic-ref --short HEAD [3ms]
[2022-07-18T14:04:25.080Z] > git for-each-ref --format=%(refname)%00%(upstream:short)%00%(objectname)%00%(upstream:track)%00%(upstream:remotename)%00%(upstream:remoteref) refs/heads/master refs/remotes/master [3ms]
[2022-07-18T14:04:25.117Z] > git for-each-ref --sort -committerdate --format %(refname) %(objectname) %(*objectname) [19ms]
[2022-07-18T14:04:25.118Z] > git remote --verbose [3ms]
[2022-07-18T14:04:25.140Z] > git config --get commit.template [3ms]
[2022-07-18T14:04:30.525Z] > git rev-parse --show-toplevel [3ms]
[2022-07-18T14:04:31.120Z] > git status -z -uall [9ms]
[2022-07-18T14:04:31.140Z] > git symbolic-ref --short HEAD [3ms]
[2022-07-18T14:04:31.159Z] > git for-each-ref --format=%(refname)%00%(upstream:short)%00%(objectname)%00%(upstream:track)%00%(upstream:remotename)%00%(upstream:remoteref) refs/heads/main refs/remotes/main [4ms]
[2022-07-18T14:04:31.192Z] > git for-each-ref --sort -committerdate --format %(refname) %(objectname) %(*objectname) [18ms]
[2022-07-18T14:04:31.194Z] > git remote --verbose [4ms]
[2022-07-18T14:04:31.215Z] > git config --get commit.template [3ms]
[2022-07-18T14:04:37.565Z] > git rev-parse --show-toplevel [5ms]
[2022-07-18T14:04:38.175Z] > git status -z -uall [11ms]
[2022-07-18T14:04:38.200Z] > git symbolic-ref --short HEAD [4ms]
[2022-07-18T14:04:38.222Z] > git for-each-ref --format=%(refname)%00%(upstream:short)%00%(objectname)%00%(upstream:track)%00%(upstream:remotename)%00%(upstream:remoteref) refs/heads/main refs/remotes/main [3ms]
[2022-07-18T14:04:38.255Z] > git for-each-ref --sort -committerdate --format %(refname) %(objectname) %(*objectname) [18ms]
[2022-07-18T14:04:38.256Z] > git remote --verbose [2ms]
[2022-07-18T14:04:38.277Z] > git config --get commit.template [3ms]
[2022-07-18T14:05:42.382Z] > git rev-parse --show-toplevel [3ms]
[2022-07-18T14:05:42.957Z] > git status -z -uall [9ms]
[2022-07-18T14:05:42.978Z] > git symbolic-ref --short HEAD [4ms]
[2022-07-18T14:05:42.997Z] > git for-each-ref --format=%(refname)%00%(upstream:short)%00%(objectname)%00%(upstream:track)%00%(upstream:remotename)%00%(upstream:remoteref) refs/heads/main refs/remotes/main [4ms]
[2022-07-18T14:05:43.032Z] > git for-each-ref --sort -committerdate --format %(refname) %(objectname) %(*objectname) [19ms]
[2022-07-18T14:05:43.033Z] > git remote --verbose [3ms]
[2022-07-18T14:05:43.056Z] > git config --get commit.template [2ms]
[2022-07-18T14:06:01.722Z] > git rev-parse --show-toplevel [20ms]
[2022-07-18T14:06:01.722Z] fatal: not a git repository (or any parent up to mount point /run/media/upalb)
Stopping at filesystem boundary (GIT_DISCOVERY_ACROSS_FILESYSTEM not set).
[2022-07-18T14:06:01.740Z] > git rev-parse --show-toplevel [2ms]
[2022-07-18T14:06:03.636Z] > git rev-parse --show-toplevel [4ms]
[2022-07-18T14:06:03.636Z] fatal: not a git repository (or any parent up to mount point /run/media/upalb)
Stopping at filesystem boundary (GIT_DISCOVERY_ACROSS_FILESYSTEM not set).
[2022-07-18T14:06:03.713Z] > git rev-parse --show-toplevel [60ms]
[2022-07-18T14:06:32.251Z] > git rev-parse --show-toplevel [7ms]
[2022-07-18T14:07:04.174Z] > git rev-parse --show-toplevel [5ms]
[2022-07-18T14:07:04.200Z] > git rev-parse --show-toplevel [4ms]
[2022-07-18T14:07:05.688Z] > git rev-parse --show-toplevel [8ms]
[2022-07-18T14:07:05.714Z] > git rev-parse --show-toplevel [3ms]
[2022-07-18T14:07:05.743Z] > git rev-parse --show-toplevel [3ms]
[2022-07-18T14:07:07.054Z] > git rev-parse --show-toplevel [7ms]
[2022-07-18T14:07:07.093Z] > git rev-parse --show-toplevel [4ms]
[2022-07-18T14:07:07.424Z] > git rev-parse --show-toplevel [4ms]
[2022-07-18T14:08:32.927Z] > git rev-parse --show-toplevel [9ms]
[2022-07-18T14:08:44.935Z] > git status -z -uall [13ms]
[2022-07-18T14:08:44.968Z] > git symbolic-ref --short HEAD [7ms]
[2022-07-18T14:08:45.003Z] > git for-each-ref --format=%(refname)%00%(upstream:short)%00%(objectname)%00%(upstream:track)%00%(upstream:remotename)%00%(upstream:remoteref) refs/heads/main refs/remotes/main [11ms]
[2022-07-18T14:08:45.070Z] > git for-each-ref --sort -committerdate --format %(refname) %(objectname) %(*objectname) [33ms]
[2022-07-18T14:08:45.075Z] > git remote --verbose [12ms]
[2022-07-18T14:08:45.154Z] > git config --get commit.template [16ms]
[2022-07-18T14:08:48.555Z] > git rev-parse --show-toplevel [9ms]
[2022-07-18T14:08:56.692Z] > git status -z -uall [12ms]
[2022-07-18T14:08:56.716Z] > git symbolic-ref --short HEAD [4ms]
[2022-07-18T14:08:56.744Z] > git for-each-ref --format=%(refname)%00%(upstream:short)%00%(objectname)%00%(upstream:track)%00%(upstream:remotename)%00%(upstream:remoteref) refs/heads/main refs/remotes/main [5ms]
[2022-07-18T14:08:56.793Z] > git for-each-ref --sort -committerdate --format %(refname) %(objectname) %(*objectname) [27ms]
[2022-07-18T14:08:56.795Z] > git remote --verbose [3ms]
[2022-07-18T14:08:56.827Z] > git config --get commit.template [2ms]
[2022-07-18T14:09:01.861Z] > git status -z -uall [11ms]
[2022-07-18T14:09:01.886Z] > git symbolic-ref --short HEAD [4ms]
[2022-07-18T14:09:01.914Z] > git for-each-ref --format=%(refname)%00%(upstream:short)%00%(objectname)%00%(upstream:track)%00%(upstream:remotename)%00%(upstream:remoteref) refs/heads/main refs/remotes/main [6ms]
[2022-07-18T14:09:01.960Z] > git for-each-ref --sort -committerdate --format %(refname) %(objectname) %(*objectname) [25ms]
[2022-07-18T14:09:01.962Z] > git remote --verbose [3ms]
[2022-07-18T14:09:01.992Z] > git config --get commit.template [3ms]
[2022-07-18T14:09:07.020Z] > git status -z -uall [8ms]
[2022-07-18T14:09:07.048Z] > git symbolic-ref --short HEAD [4ms]
[2022-07-18T14:09:07.082Z] > git for-each-ref --format=%(refname)%00%(upstream:short)%00%(objectname)%00%(upstream:track)%00%(upstream:remotename)%00%(upstream:remoteref) refs/heads/main refs/remotes/main [6ms]
[2022-07-18T14:09:07.127Z] > git for-each-ref --sort -committerdate --format %(refname) %(objectname) %(*objectname) [21ms]
[2022-07-18T14:09:07.128Z] > git remote --verbose [3ms]
[2022-07-18T14:09:07.151Z] > git config --get commit.template [2ms]
[2022-07-18T14:10:03.605Z] > git status -z -uall [9ms]
[2022-07-18T14:10:03.630Z] > git symbolic-ref --short HEAD [3ms]
[2022-07-18T14:10:03.738Z] > git for-each-ref --format=%(refname)%00%(upstream:short)%00%(objectname)%00%(upstream:track)%00%(upstream:remotename)%00%(upstream:remoteref) refs/heads/main refs/remotes/main [79ms]
[2022-07-18T14:10:03.791Z] > git for-each-ref --sort -committerdate --format %(refname) %(objectname) %(*objectname) [24ms]
[2022-07-18T14:10:03.792Z] > git remote --verbose [3ms]
[2022-07-18T14:10:03.823Z] > git config --get commit.template [3ms]
[2022-07-18T14:10:34.002Z] > git status -z -uall [8ms]
[2022-07-18T14:10:34.023Z] > git symbolic-ref --short HEAD [3ms]
[2022-07-18T14:10:34.054Z] > git for-each-ref --format=%(refname)%00%(upstream:short)%00%(objectname)%00%(upstream:track)%00%(upstream:remotename)%00%(upstream:remoteref) refs/heads/main refs/remotes/main [13ms]
[2022-07-18T14:10:34.090Z] > git for-each-ref --sort -committerdate --format %(refname) %(objectname) %(*objectname) [19ms]
[2022-07-18T14:10:34.092Z] > git remote --verbose [3ms]
[2022-07-18T14:10:34.116Z] > git config --get commit.template [2ms]
[2022-07-18T14:11:25.463Z] > git status -z -uall [33ms]
[2022-07-18T14:11:25.485Z] > git symbolic-ref --short HEAD [4ms]
[2022-07-18T14:11:25.508Z] > git for-each-ref --format=%(refname)%00%(upstream:short)%00%(objectname)%00%(upstream:track)%00%(upstream:remotename)%00%(upstream:remoteref) refs/heads/main refs/remotes/main [5ms]
[2022-07-18T14:11:25.544Z] > git for-each-ref --sort -committerdate --format %(refname) %(objectname) %(*objectname) [19ms]
[2022-07-18T14:11:25.546Z] > git remote --verbose [3ms]
[2022-07-18T14:11:25.569Z] > git config --get commit.template [2ms]
[2022-07-18T14:11:54.180Z] > git status -z -uall [35ms]
[2022-07-18T14:11:54.200Z] > git symbolic-ref --short HEAD [3ms]
[2022-07-18T14:11:54.222Z] > git for-each-ref --format=%(refname)%00%(upstream:short)%00%(objectname)%00%(upstream:track)%00%(upstream:remotename)%00%(upstream:remoteref) refs/heads/main refs/remotes/main [5ms]
[2022-07-18T14:11:54.257Z] > git for-each-ref --sort -committerdate --format %(refname) %(objectname) %(*objectname) [18ms]
[2022-07-18T14:11:54.259Z] > git remote --verbose [3ms]
[2022-07-18T14:11:54.286Z] > git config --get commit.template [2ms]
[2022-07-18T14:11:59.788Z] > git status -z -uall [8ms]
[2022-07-18T14:11:59.808Z] > git symbolic-ref --short HEAD [3ms]
[2022-07-18T14:11:59.830Z] > git for-each-ref --format=%(refname)%00%(upstream:short)%00%(objectname)%00%(upstream:track)%00%(upstream:remotename)%00%(upstream:remoteref) refs/heads/main refs/remotes/main [4ms]
[2022-07-18T14:11:59.868Z] > git for-each-ref --sort -committerdate --format %(refname) %(objectname) %(*objectname) [20ms]
[2022-07-18T14:11:59.869Z] > git remote --verbose [3ms]
[2022-07-18T14:11:59.892Z] > git config --get commit.template [2ms]
[2022-07-18T14:12:04.927Z] > git status -z -uall [7ms]
[2022-07-18T14:12:04.948Z] > git symbolic-ref --short HEAD [4ms]
[2022-07-18T14:12:04.969Z] > git for-each-ref --format=%(refname)%00%(upstream:short)%00%(objectname)%00%(upstream:track)%00%(upstream:remotename)%00%(upstream:remoteref) refs/heads/main refs/remotes/main [5ms]
[2022-07-18T14:12:05.008Z] > git for-each-ref --sort -committerdate --format %(refname) %(objectname) %(*objectname) [22ms]
[2022-07-18T14:12:05.009Z] > git remote --verbose [3ms]
[2022-07-18T14:12:05.037Z] > git config --get commit.template [4ms]
[2022-07-18T14:12:18.096Z] > git rev-parse --show-toplevel [9ms]
[2022-07-18T14:13:11.931Z] > git status -z -uall [8ms]
[2022-07-18T14:13:11.955Z] > git symbolic-ref --short HEAD [4ms]
[2022-07-18T14:13:11.977Z] > git for-each-ref --format=%(refname)%00%(upstream:short)%00%(objectname)%00%(upstream:track)%00%(upstream:remotename)%00%(upstream:remoteref) refs/heads/main refs/remotes/main [5ms]
[2022-07-18T14:13:12.015Z] > git for-each-ref --sort -committerdate --format %(refname) %(objectname) %(*objectname) [19ms]
[2022-07-18T14:13:12.017Z] > git remote --verbose [4ms]
[2022-07-18T14:13:12.041Z] > git config --get commit.template [2ms]
[2022-07-18T14:13:30.236Z] > git rev-parse --show-toplevel [3ms]
[2022-07-18T14:13:31.285Z] > git rev-parse --show-toplevel [3ms]
[2022-07-18T14:13:31.840Z] > git status -z -uall [7ms]
[2022-07-18T14:13:31.861Z] > git symbolic-ref --short HEAD [3ms]
[2022-07-18T14:13:31.883Z] > git for-each-ref --format=%(refname)%00%(upstream:short)%00%(objectname)%00%(upstream:track)%00%(upstream:remotename)%00%(upstream:remoteref) refs/heads/main refs/remotes/main [5ms]
[2022-07-18T14:13:31.921Z] > git for-each-ref --sort -committerdate --format %(refname) %(objectname) %(*objectname) [20ms]
[2022-07-18T14:13:31.922Z] > git remote --verbose [3ms]
[2022-07-18T14:13:31.946Z] > git config --get commit.template [2ms]
[2022-07-18T14:15:21.302Z] > git status -z -uall [73ms]
[2022-07-18T14:15:21.331Z] > git symbolic-ref --short HEAD [7ms]
[2022-07-18T14:15:21.374Z] > git for-each-ref --format=%(refname)%00%(upstream:short)%00%(objectname)%00%(upstream:track)%00%(upstream:remotename)%00%(upstream:remoteref) refs/heads/main refs/remotes/main [7ms]
[2022-07-18T14:15:21.429Z] > git for-each-ref --sort -committerdate --format %(refname) %(objectname) %(*objectname) [24ms]
[2022-07-18T14:15:21.431Z] > git remote --verbose [4ms]
[2022-07-18T14:15:21.458Z] > git config --get commit.template [4ms]
[2022-07-18T14:15:33.209Z] > git status -z -uall [7ms]
[2022-07-18T14:15:33.237Z] > git symbolic-ref --short HEAD [5ms]
[2022-07-18T14:15:33.266Z] > git for-each-ref --format=%(refname)%00%(upstream:short)%00%(objectname)%00%(upstream:track)%00%(upstream:remotename)%00%(upstream:remoteref) refs/heads/main refs/remotes/main [6ms]
[2022-07-18T14:15:33.312Z] > git for-each-ref --sort -committerdate --format %(refname) %(objectname) %(*objectname) [25ms]
[2022-07-18T14:15:33.318Z] > git remote --verbose [9ms]
[2022-07-18T14:15:33.347Z] > git config --get commit.template [3ms]
[2022-07-18T14:15:40.294Z] > git status -z -uall [9ms]
[2022-07-18T14:15:40.314Z] > git symbolic-ref --short HEAD [3ms]
[2022-07-18T14:15:40.340Z] > git for-each-ref --format=%(refname)%00%(upstream:short)%00%(objectname)%00%(upstream:track)%00%(upstream:remotename)%00%(upstream:remoteref) refs/heads/main refs/remotes/main [6ms]
[2022-07-18T14:15:40.377Z] > git for-each-ref --sort -committerdate --format %(refname) %(objectname) %(*objectname) [19ms]
[2022-07-18T14:15:40.379Z] > git remote --verbose [3ms]
[2022-07-18T14:15:40.402Z] > git config --get commit.template [3ms]
[2022-07-18T14:17:10.066Z] > git status -z -uall [15ms]
[2022-07-18T14:17:10.142Z] > git symbolic-ref --short HEAD [30ms]
[2022-07-18T14:17:10.190Z] > git for-each-ref --format=%(refname)%00%(upstream:short)%00%(objectname)%00%(upstream:track)%00%(upstream:remotename)%00%(upstream:remoteref) refs/heads/main refs/remotes/main [7ms]
[2022-07-18T14:17:10.306Z] > git for-each-ref --sort -committerdate --format %(refname) %(objectname) %(*objectname) [46ms]
[2022-07-18T14:17:10.308Z] > git remote --verbose [4ms]
[2022-07-18T14:17:10.354Z] > git config --get commit.template [4ms]
[2022-07-18T14:17:16.733Z] > git status -z -uall [23ms]
[2022-07-18T14:17:16.760Z] > git symbolic-ref --short HEAD [3ms]
[2022-07-18T14:17:16.784Z] > git for-each-ref --format=%(refname)%00%(upstream:short)%00%(objectname)%00%(upstream:track)%00%(upstream:remotename)%00%(upstream:remoteref) refs/heads/main refs/remotes/main [6ms]
[2022-07-18T14:17:16.822Z] > git for-each-ref --sort -committerdate --format %(refname) %(objectname) %(*objectname) [20ms]
[2022-07-18T14:17:16.824Z] > git remote --verbose [3ms]
[2022-07-18T14:17:16.846Z] > git config --get commit.template [2ms]
[2022-07-18T14:18:27.039Z] > git status -z -uall [33ms]
[2022-07-18T14:18:27.068Z] > git symbolic-ref --short HEAD [5ms]
[2022-07-18T14:18:27.102Z] > git for-each-ref --format=%(refname)%00%(upstream:short)%00%(objectname)%00%(upstream:track)%00%(upstream:remotename)%00%(upstream:remoteref) refs/heads/main refs/remotes/main [11ms]
[2022-07-18T14:18:27.156Z] > git for-each-ref --sort -committerdate --format %(refname) %(objectname) %(*objectname) [31ms]
[2022-07-18T14:18:27.157Z] > git remote --verbose [3ms]
[2022-07-18T14:18:27.199Z] > git config --get commit.template [4ms]
[2022-07-18T14:18:34.818Z] > git status -z -uall [10ms]
[2022-07-18T14:18:34.843Z] > git symbolic-ref --short HEAD [3ms]
[2022-07-18T14:18:34.866Z] > git for-each-ref --format=%(refname)%00%(upstream:short)%00%(objectname)%00%(upstream:track)%00%(upstream:remotename)%00%(upstream:remoteref) refs/heads/main refs/remotes/main [5ms]
[2022-07-18T14:18:34.905Z] > git for-each-ref --sort -committerdate --format %(refname) %(objectname) %(*objectname) [20ms]
[2022-07-18T14:18:34.906Z] > git remote --verbose [3ms]
[2022-07-18T14:18:34.929Z] > git config --get commit.template [2ms]
[2022-07-18T14:18:41.710Z] > git rev-parse --show-toplevel [24ms]
[2022-07-18T14:19:50.597Z] > git status -z -uall [32ms]
[2022-07-18T14:19:50.628Z] > git symbolic-ref --short HEAD [3ms]
[2022-07-18T14:19:50.650Z] > git for-each-ref --format=%(refname)%00%(upstream:short)%00%(objectname)%00%(upstream:track)%00%(upstream:remotename)%00%(upstream:remoteref) refs/heads/main refs/remotes/main [4ms]
[2022-07-18T14:19:50.687Z] > git for-each-ref --sort -committerdate --format %(refname) %(objectname) %(*objectname) [19ms]
[2022-07-18T14:19:50.689Z] > git remote --verbose [3ms]
[2022-07-18T14:19:50.712Z] > git config --get commit.template [2ms]
[2022-07-18T14:20:00.428Z] > git status -z -uall [10ms]
[2022-07-18T14:20:00.449Z] > git symbolic-ref --short HEAD [3ms]
[2022-07-18T14:20:00.473Z] > git for-each-ref --format=%(refname)%00%(upstream:short)%00%(objectname)%00%(upstream:track)%00%(upstream:remotename)%00%(upstream:remoteref) refs/heads/main refs/remotes/main [6ms]
[2022-07-18T14:20:00.515Z] > git for-each-ref --sort -committerdate --format %(refname) %(objectname) %(*objectname) [23ms]
[2022-07-18T14:20:00.517Z] > git remote --verbose [3ms]
[2022-07-18T14:20:00.543Z] > git config --get commit.template [4ms]
[2022-07-18T14:20:15.213Z] > git status -z -uall [8ms]
[2022-07-18T14:20:15.236Z] > git symbolic-ref --short HEAD [4ms]
[2022-07-18T14:20:15.262Z] > git for-each-ref --format=%(refname)%00%(upstream:short)%00%(objectname)%00%(upstream:track)%00%(upstream:remotename)%00%(upstream:remoteref) refs/heads/main refs/remotes/main [5ms]
[2022-07-18T14:20:15.325Z] > git for-each-ref --sort -committerdate --format %(refname) %(objectname) %(*objectname) [35ms]
[2022-07-18T14:20:15.330Z] > git remote --verbose [6ms]
[2022-07-18T14:20:15.372Z] > git config --get commit.template [5ms]
[2022-07-18T14:20:28.309Z] > git status -z -uall [11ms]
[2022-07-18T14:20:28.337Z] > git symbolic-ref --short HEAD [6ms]
[2022-07-18T14:20:28.363Z] > git for-each-ref --format=%(refname)%00%(upstream:short)%00%(objectname)%00%(upstream:track)%00%(upstream:remotename)%00%(upstream:remoteref) refs/heads/main refs/remotes/main [5ms]
[2022-07-18T14:20:28.406Z] > git for-each-ref --sort -committerdate --format %(refname) %(objectname) %(*objectname) [20ms]
[2022-07-18T14:20:28.408Z] > git remote --verbose [3ms]
[2022-07-18T14:20:28.432Z] > git config --get commit.template [4ms]
[2022-07-18T14:20:34.745Z] > git status -z -uall [9ms]
[2022-07-18T14:20:34.775Z] > git symbolic-ref --short HEAD [7ms]
[2022-07-18T14:20:34.805Z] > git for-each-ref --format=%(refname)%00%(upstream:short)%00%(objectname)%00%(upstream:track)%00%(upstream:remotename)%00%(upstream:remoteref) refs/heads/main refs/remotes/main [8ms]
[2022-07-18T14:20:34.852Z] > git for-each-ref --sort -committerdate --format %(refname) %(objectname) %(*objectname) [24ms]
[2022-07-18T14:20:34.853Z] > git remote --verbose [3ms]
[2022-07-18T14:20:34.875Z] > git config --get commit.template [2ms]
[2022-07-18T14:20:43.144Z] > git status -z -uall [11ms]
[2022-07-18T14:20:43.171Z] > git symbolic-ref --short HEAD [3ms]
[2022-07-18T14:20:43.202Z] > git for-each-ref --format=%(refname)%00%(upstream:short)%00%(objectname)%00%(upstream:track)%00%(upstream:remotename)%00%(upstream:remoteref) refs/heads/main refs/remotes/main [5ms]
[2022-07-18T14:20:43.248Z] > git for-each-ref --sort -committerdate --format %(refname) %(objectname) %(*objectname) [21ms]
[2022-07-18T14:20:43.250Z] > git remote --verbose [4ms]
[2022-07-18T14:20:43.271Z] > git config --get commit.template [3ms]
[2022-07-18T14:21:04.472Z] > git status -z -uall [8ms]
[2022-07-18T14:21:04.500Z] > git symbolic-ref --short HEAD [6ms]
[2022-07-18T14:21:04.526Z] > git for-each-ref --format=%(refname)%00%(upstream:short)%00%(objectname)%00%(upstream:track)%00%(upstream:remotename)%00%(upstream:remoteref) refs/heads/main refs/remotes/main [5ms]
[2022-07-18T14:21:04.563Z] > git for-each-ref --sort -committerdate --format %(refname) %(objectname) %(*objectname) [19ms]
[2022-07-18T14:21:04.565Z] > git remote --verbose [3ms]
[2022-07-18T14:21:04.588Z] > git config --get commit.template [2ms]
[2022-07-18T14:21:11.283Z] > git status -z -uall [9ms]
[2022-07-18T14:21:11.307Z] > git symbolic-ref --short HEAD [4ms]
[2022-07-18T14:21:11.332Z] > git for-each-ref --format=%(refname)%00%(upstream:short)%00%(objectname)%00%(upstream:track)%00%(upstream:remotename)%00%(upstream:remoteref) refs/heads/main refs/remotes/main [5ms]
[2022-07-18T14:21:11.371Z] > git for-each-ref --sort -committerdate --format %(refname) %(objectname) %(*objectname) [20ms]
[2022-07-18T14:21:11.372Z] > git remote --verbose [3ms]
[2022-07-18T14:21:11.397Z] > git config --get commit.template [2ms]
[2022-07-18T14:21:16.424Z] > git status -z -uall [9ms]
[2022-07-18T14:21:16.446Z] > git symbolic-ref --short HEAD [4ms]
[2022-07-18T14:21:16.470Z] > git for-each-ref --format=%(refname)%00%(upstream:short)%00%(objectname)%00%(upstream:track)%00%(upstream:remotename)%00%(upstream:remoteref) refs/heads/main refs/remotes/main [5ms]
[2022-07-18T14:21:16.511Z] > git for-each-ref --sort -committerdate --format %(refname) %(objectname) %(*objectname) [21ms]
[2022-07-18T14:21:16.512Z] > git remote --verbose [3ms]
[2022-07-18T14:21:16.539Z] > git config --get commit.template [3ms]
[2022-07-18T14:21:35.604Z] > git status -z -uall [10ms]
[2022-07-18T14:21:35.625Z] > git symbolic-ref --short HEAD [4ms]
[2022-07-18T14:21:35.648Z] > git for-each-ref --format=%(refname)%00%(upstream:short)%00%(objectname)%00%(upstream:track)%00%(upstream:remotename)%00%(upstream:remoteref) refs/heads/main refs/remotes/main [6ms]
[2022-07-18T14:21:35.686Z] > git for-each-ref --sort -committerdate --format %(refname) %(objectname) %(*objectname) [20ms]
[2022-07-18T14:21:35.688Z] > git remote --verbose [3ms]
[2022-07-18T14:21:35.717Z] > git config --get commit.template [2ms]
[2022-07-18T14:21:40.748Z] > git status -z -uall [8ms]
[2022-07-18T14:21:40.775Z] > git symbolic-ref --short HEAD [4ms]
[2022-07-18T14:21:40.804Z] > git for-each-ref --format=%(refname)%00%(upstream:short)%00%(objectname)%00%(upstream:track)%00%(upstream:remotename)%00%(upstream:remoteref) refs/heads/main refs/remotes/main [7ms]
[2022-07-18T14:21:40.846Z] > git for-each-ref --sort -committerdate --format %(refname) %(objectname) %(*objectname) [22ms]
[2022-07-18T14:21:40.847Z] > git remote --verbose [3ms]
[2022-07-18T14:21:40.870Z] > git config --get commit.template [3ms]
[2022-07-18T14:22:40.180Z] > git status -z -uall [11ms]
[2022-07-18T14:22:40.208Z] > git symbolic-ref --short HEAD [4ms]
[2022-07-18T14:22:40.233Z] > git for-each-ref --format=%(refname)%00%(upstream:short)%00%(objectname)%00%(upstream:track)%00%(upstream:remotename)%00%(upstream:remoteref) refs/heads/main refs/remotes/main [5ms]
[2022-07-18T14:22:40.269Z] > git for-each-ref --sort -committerdate --format %(refname) %(objectname) %(*objectname) [18ms]
[2022-07-18T14:22:40.270Z] > git remote --verbose [3ms]
[2022-07-18T14:22:40.296Z] > git config --get commit.template [3ms]
[2022-07-18T14:22:51.540Z] > git status -z -uall [8ms]
[2022-07-18T14:22:51.566Z] > git symbolic-ref --short HEAD [3ms]
[2022-07-18T14:22:51.588Z] > git for-each-ref --format=%(refname)%00%(upstream:short)%00%(objectname)%00%(upstream:track)%00%(upstream:remotename)%00%(upstream:remoteref) refs/heads/main refs/remotes/main [4ms]
[2022-07-18T14:22:51.627Z] > git for-each-ref --sort -committerdate --format %(refname) %(objectname) %(*objectname) [21ms]
[2022-07-18T14:22:51.628Z] > git remote --verbose [3ms]
[2022-07-18T14:22:51.657Z] > git config --get commit.template [3ms]
[2022-07-18T14:24:03.319Z] > git status -z -uall [229ms]
[2022-07-18T14:24:03.360Z] > git symbolic-ref --short HEAD [3ms]
[2022-07-18T14:24:03.385Z] > git for-each-ref --format=%(refname)%00%(upstream:short)%00%(objectname)%00%(upstream:track)%00%(upstream:remotename)%00%(upstream:remoteref) refs/heads/main refs/remotes/main [8ms]
[2022-07-18T14:24:03.420Z] > git for-each-ref --sort -committerdate --format %(refname) %(objectname) %(*objectname) [18ms]
[2022-07-18T14:24:03.421Z] > git remote --verbose [2ms]
[2022-07-18T14:24:03.443Z] > git config --get commit.template [2ms]
[2022-07-18T14:24:18.235Z] > git status -z -uall [8ms]
[2022-07-18T14:24:18.263Z] > git symbolic-ref --short HEAD [4ms]
[2022-07-18T14:24:18.292Z] > git for-each-ref --format=%(refname)%00%(upstream:short)%00%(objectname)%00%(upstream:track)%00%(upstream:remotename)%00%(upstream:remoteref) refs/heads/main refs/remotes/main [7ms]
[2022-07-18T14:24:18.337Z] > git for-each-ref --sort -committerdate --format %(refname) %(objectname) %(*objectname) [23ms]
[2022-07-18T14:24:18.341Z] > git remote --verbose [6ms]
[2022-07-18T14:24:18.369Z] > git config --get commit.template [3ms]
[2022-07-18T14:24:50.883Z] > git status -z -uall [8ms]
[2022-07-18T14:24:50.910Z] > git symbolic-ref --short HEAD [3ms]
[2022-07-18T14:24:50.948Z] > git for-each-ref --format=%(refname)%00%(upstream:short)%00%(objectname)%00%(upstream:track)%00%(upstream:remotename)%00%(upstream:remoteref) refs/heads/main refs/remotes/main [6ms]
[2022-07-18T14:24:51.052Z] > git for-each-ref --sort -committerdate --format %(refname) %(objectname) %(*objectname) [62ms]
[2022-07-18T14:24:51.060Z] > git remote --verbose [16ms]
[2022-07-18T14:24:51.112Z] > git config --get commit.template [7ms]
[2022-07-18T14:24:56.148Z] > git status -z -uall [12ms]
[2022-07-18T14:24:56.176Z] > git symbolic-ref --short HEAD [6ms]
[2022-07-18T14:24:56.207Z] > git for-each-ref --format=%(refname)%00%(upstream:short)%00%(objectname)%00%(upstream:track)%00%(upstream:remotename)%00%(upstream:remoteref) refs/heads/main refs/remotes/main [7ms]
[2022-07-18T14:24:56.260Z] > git for-each-ref --sort -committerdate --format %(refname) %(objectname) %(*objectname) [29ms]
[2022-07-18T14:24:56.262Z] > git remote --verbose [4ms]
[2022-07-18T14:24:56.292Z] > git config --get commit.template [5ms]
[2022-07-18T14:25:12.875Z] > git status -z -uall [10ms]
[2022-07-18T14:25:12.895Z] > git symbolic-ref --short HEAD [3ms]
[2022-07-18T14:25:12.917Z] > git for-each-ref --format=%(refname)%00%(upstream:short)%00%(objectname)%00%(upstream:track)%00%(upstream:remotename)%00%(upstream:remoteref) refs/heads/main refs/remotes/main [5ms]
[2022-07-18T14:25:12.955Z] > git for-each-ref --sort -committerdate --format %(refname) %(objectname) %(*objectname) [21ms]
[2022-07-18T14:25:12.957Z] > git remote --verbose [3ms]
[2022-07-18T14:25:12.979Z] > git config --get commit.template [2ms]
[2022-07-18T14:25:29.133Z] > git status -z -uall [7ms]
[2022-07-18T14:25:29.154Z] > git symbolic-ref --short HEAD [3ms]
[2022-07-18T14:25:29.177Z] > git for-each-ref --format=%(refname)%00%(upstream:short)%00%(objectname)%00%(upstream:track)%00%(upstream:remotename)%00%(upstream:remoteref) refs/heads/main refs/remotes/main [4ms]
[2022-07-18T14:25:29.215Z] > git for-each-ref --sort -committerdate --format %(refname) %(objectname) %(*objectname) [20ms]
[2022-07-18T14:25:29.216Z] > git remote --verbose [3ms]
[2022-07-18T14:25:29.238Z] > git config --get commit.template [2ms]
[2022-07-18T14:25:45.787Z] > git status -z -uall [15ms]
[2022-07-18T14:25:45.826Z] > git symbolic-ref --short HEAD [5ms]
[2022-07-18T14:25:45.882Z] > git for-each-ref --format=%(refname)%00%(upstream:short)%00%(objectname)%00%(upstream:track)%00%(upstream:remotename)%00%(upstream:remoteref) refs/heads/main refs/remotes/main [8ms]
[2022-07-18T14:25:45.941Z] > git for-each-ref --sort -committerdate --format %(refname) %(objectname) %(*objectname) [25ms]
[2022-07-18T14:25:45.942Z] > git remote --verbose [3ms]
[2022-07-18T14:25:45.980Z] > git config --get commit.template [5ms]
[2022-07-18T14:26:12.277Z] > git status -z -uall [10ms]
[2022-07-18T14:26:12.300Z] > git symbolic-ref --short HEAD [4ms]
[2022-07-18T14:26:12.323Z] > git for-each-ref --format=%(refname)%00%(upstream:short)%00%(objectname)%00%(upstream:track)%00%(upstream:remotename)%00%(upstream:remoteref) refs/heads/main refs/remotes/main [5ms]
[2022-07-18T14:26:12.362Z] > git for-each-ref --sort -committerdate --format %(refname) %(objectname) %(*objectname) [21ms]
[2022-07-18T14:26:12.363Z] > git remote --verbose [3ms]
[2022-07-18T14:26:12.386Z] > git config --get commit.template [2ms]
[2022-07-18T14:27:20.133Z] > git status -z -uall [8ms]
[2022-07-18T14:27:20.165Z] > git symbolic-ref --short HEAD [3ms]
[2022-07-18T14:27:20.194Z] > git for-each-ref --format=%(refname)%00%(upstream:short)%00%(objectname)%00%(upstream:track)%00%(upstream:remotename)%00%(upstream:remoteref) refs/heads/main refs/remotes/main [7ms]
[2022-07-18T14:27:20.241Z] > git for-each-ref --sort -committerdate --format %(refname) %(objectname) %(*objectname) [24ms]
[2022-07-18T14:27:20.242Z] > git remote --verbose [3ms]
[2022-07-18T14:27:20.264Z] > git config --get commit.template [2ms]
[2022-07-18T14:27:25.292Z] > git status -z -uall [9ms]
[2022-07-18T14:27:25.320Z] > git symbolic-ref --short HEAD [4ms]
[2022-07-18T14:27:25.345Z] > git for-each-ref --format=%(refname)%00%(upstream:short)%00%(objectname)%00%(upstream:track)%00%(upstream:remotename)%00%(upstream:remoteref) refs/heads/main refs/remotes/main [7ms]
[2022-07-18T14:27:25.388Z] > git for-each-ref --sort -committerdate --format %(refname) %(objectname) %(*objectname) [21ms]
[2022-07-18T14:27:25.389Z] > git remote --verbose [4ms]
[2022-07-18T14:27:25.413Z] > git config --get commit.template [2ms]
[2022-07-18T14:27:35.699Z] > git status -z -uall [13ms]
[2022-07-18T14:27:35.721Z] > git symbolic-ref --short HEAD [3ms]
[2022-07-18T14:27:35.744Z] > git for-each-ref --format=%(refname)%00%(upstream:short)%00%(objectname)%00%(upstream:track)%00%(upstream:remotename)%00%(upstream:remoteref) refs/heads/main refs/remotes/main [5ms]
[2022-07-18T14:27:35.789Z] > git for-each-ref --sort -committerdate --format %(refname) %(objectname) %(*objectname) [27ms]
[2022-07-18T14:27:35.797Z] > git remote --verbose [9ms]
[2022-07-18T14:27:35.823Z] > git config --get commit.template [2ms]
[2022-07-18T14:27:40.862Z] > git status -z -uall [13ms]
[2022-07-18T14:27:40.911Z] > git symbolic-ref --short HEAD [28ms]
[2022-07-18T14:27:40.937Z] > git for-each-ref --format=%(refname)%00%(upstream:short)%00%(objectname)%00%(upstream:track)%00%(upstream:remotename)%00%(upstream:remoteref) refs/heads/main refs/remotes/main [7ms]
[2022-07-18T14:27:40.985Z] > git for-each-ref --sort -committerdate --format %(refname) %(objectname) %(*objectname) [29ms]
[2022-07-18T14:27:40.986Z] > git remote --verbose [5ms]
[2022-07-18T14:27:41.015Z] > git config --get commit.template [3ms]
[2022-07-18T14:27:46.042Z] > git status -z -uall [8ms]
[2022-07-18T14:27:46.072Z] > git symbolic-ref --short HEAD [8ms]
[2022-07-18T14:27:46.104Z] > git for-each-ref --format=%(refname)%00%(upstream:short)%00%(objectname)%00%(upstream:track)%00%(upstream:remotename)%00%(upstream:remoteref) refs/heads/main refs/remotes/main [9ms]
[2022-07-18T14:27:46.151Z] > git for-each-ref --sort -committerdate --format %(refname) %(objectname) %(*objectname) [25ms]
[2022-07-18T14:27:46.154Z] > git remote --verbose [6ms]
[2022-07-18T14:27:46.185Z] > git config --get commit.template [5ms]
[2022-07-18T14:28:01.142Z] > git status -z -uall [10ms]
[2022-07-18T14:28:01.171Z] > git symbolic-ref --short HEAD [5ms]
[2022-07-18T14:28:01.198Z] > git for-each-ref --format=%(refname)%00%(upstream:short)%00%(objectname)%00%(upstream:track)%00%(upstream:remotename)%00%(upstream:remoteref) refs/heads/main refs/remotes/main [6ms]
[2022-07-18T14:28:01.240Z] > git for-each-ref --sort -committerdate --format %(refname) %(objectname) %(*objectname) [22ms]
[2022-07-18T14:28:01.241Z] > git remote --verbose [3ms]
[2022-07-18T14:28:01.265Z] > git config --get commit.template [4ms]
[2022-07-18T14:28:08.198Z] > git status -z -uall [15ms]
[2022-07-18T14:28:08.239Z] > git symbolic-ref --short HEAD [8ms]
[2022-07-18T14:28:08.281Z] > git for-each-ref --format=%(refname)%00%(upstream:short)%00%(objectname)%00%(upstream:track)%00%(upstream:remotename)%00%(upstream:remoteref) refs/heads/main refs/remotes/main [10ms]
[2022-07-18T14:28:08.325Z] > git for-each-ref --sort -committerdate --format %(refname) %(objectname) %(*objectname) [18ms]
[2022-07-18T14:28:08.327Z] > git remote --verbose [3ms]
[2022-07-18T14:28:08.349Z] > git config --get commit.template [3ms]
[2022-07-18T14:28:23.111Z] > git status -z -uall [7ms]
[2022-07-18T14:28:23.139Z] > git symbolic-ref --short HEAD [4ms]
[2022-07-18T14:28:23.165Z] > git for-each-ref --format=%(refname)%00%(upstream:short)%00%(objectname)%00%(upstream:track)%00%(upstream:remotename)%00%(upstream:remoteref) refs/heads/main refs/remotes/main [5ms]
[2022-07-18T14:28:23.212Z] > git for-each-ref --sort -committerdate --format %(refname) %(objectname) %(*objectname) [22ms]
[2022-07-18T14:28:23.213Z] > git remote --verbose [2ms]
[2022-07-18T14:28:23.239Z] > git config --get commit.template [3ms]
[2022-07-18T14:28:33.899Z] > git status -z -uall [10ms]
[2022-07-18T14:28:33.929Z] > git symbolic-ref --short HEAD [4ms]
[2022-07-18T14:28:33.958Z] > git for-each-ref --format=%(refname)%00%(upstream:short)%00%(objectname)%00%(upstream:track)%00%(upstream:remotename)%00%(upstream:remoteref) refs/heads/main refs/remotes/main [7ms]
[2022-07-18T14:28:34.001Z] > git for-each-ref --sort -committerdate --format %(refname) %(objectname) %(*objectname) [20ms]
[2022-07-18T14:28:34.002Z] > git remote --verbose [3ms]
[2022-07-18T14:28:34.026Z] > git config --get commit.template [3ms]
[2022-07-18T14:28:45.074Z] > git status -z -uall [10ms]
[2022-07-18T14:28:45.104Z] > git symbolic-ref --short HEAD [3ms]
[2022-07-18T14:28:45.136Z] > git for-each-ref --format=%(refname)%00%(upstream:short)%00%(objectname)%00%(upstream:track)%00%(upstream:remotename)%00%(upstream:remoteref) refs/heads/main refs/remotes/main [5ms]
[2022-07-18T14:28:45.177Z] > git for-each-ref --sort -committerdate --format %(refname) %(objectname) %(*objectname) [20ms]
[2022-07-18T14:28:45.178Z] > git remote --verbose [3ms]
[2022-07-18T14:28:45.200Z] > git config --get commit.template [2ms]
[2022-07-18T14:29:00.128Z] > git status -z -uall [8ms]
[2022-07-18T14:29:00.152Z] > git symbolic-ref --short HEAD [3ms]
[2022-07-18T14:29:00.175Z] > git for-each-ref --format=%(refname)%00%(upstream:short)%00%(objectname)%00%(upstream:track)%00%(upstream:remotename)%00%(upstream:remoteref) refs/heads/main refs/remotes/main [5ms]
[2022-07-18T14:29:00.212Z] > git for-each-ref --sort -committerdate --format %(refname) %(objectname) %(*objectname) [19ms]
[2022-07-18T14:29:00.214Z] > git remote --verbose [3ms]
[2022-07-18T14:29:00.239Z] > git config --get commit.template [3ms]
[2022-07-18T14:29:05.238Z] > git rev-parse --show-toplevel [13ms]
[2022-07-18T14:29:12.501Z] > git rev-parse --show-toplevel [6ms]
[2022-07-18T14:29:22.881Z] > git status -z -uall [9ms]
[2022-07-18T14:29:22.905Z] > git symbolic-ref --short HEAD [3ms]
[2022-07-18T14:29:22.949Z] > git for-each-ref --format=%(refname)%00%(upstream:short)%00%(objectname)%00%(upstream:track)%00%(upstream:remotename)%00%(upstream:remoteref) refs/heads/main refs/remotes/main [11ms]
[2022-07-18T14:29:23.005Z] > git for-each-ref --sort -committerdate --format %(refname) %(objectname) %(*objectname) [31ms]
[2022-07-18T14:29:23.006Z] > git remote --verbose [2ms]
[2022-07-18T14:29:23.040Z] > git config --get commit.template [2ms]
[2022-07-18T14:29:40.062Z] > git status -z -uall [9ms]
[2022-07-18T14:29:40.089Z] > git symbolic-ref --short HEAD [5ms]
[2022-07-18T14:29:40.116Z] > git for-each-ref --format=%(refname)%00%(upstream:short)%00%(objectname)%00%(upstream:track)%00%(upstream:remotename)%00%(upstream:remoteref) refs/heads/main refs/remotes/main [4ms]
[2022-07-18T14:29:40.159Z] > git for-each-ref --sort -committerdate --format %(refname) %(objectname) %(*objectname) [20ms]
[2022-07-18T14:29:40.160Z] > git remote --verbose [3ms]
[2022-07-18T14:29:40.184Z] > git config --get commit.template [2ms]
[2022-07-18T14:29:49.085Z] > git status -z -uall [8ms]
[2022-07-18T14:29:49.116Z] > git symbolic-ref --short HEAD [3ms]
[2022-07-18T14:29:49.145Z] > git for-each-ref --format=%(refname)%00%(upstream:short)%00%(objectname)%00%(upstream:track)%00%(upstream:remotename)%00%(upstream:remoteref) refs/heads/main refs/remotes/main [8ms]
[2022-07-18T14:29:49.192Z] > git for-each-ref --sort -committerdate --format %(refname) %(objectname) %(*objectname) [23ms]
[2022-07-18T14:29:49.193Z] > git remote --verbose [3ms]
[2022-07-18T14:29:49.216Z] > git config --get commit.template [2ms]
[2022-07-18T14:29:54.259Z] > git status -z -uall [13ms]
[2022-07-18T14:29:54.280Z] > git symbolic-ref --short HEAD [3ms]
[2022-07-18T14:29:54.303Z] > git for-each-ref --format=%(refname)%00%(upstream:short)%00%(objectname)%00%(upstream:track)%00%(upstream:remotename)%00%(upstream:remoteref) refs/heads/main refs/remotes/main [5ms]
[2022-07-18T14:29:54.345Z] > git for-each-ref --sort -committerdate --format %(refname) %(objectname) %(*objectname) [22ms]
[2022-07-18T14:29:54.346Z] > git remote --verbose [3ms]
[2022-07-18T14:29:54.369Z] > git config --get commit.template [2ms]
[2022-07-18T14:30:16.284Z] > git status -z -uall [8ms]
[2022-07-18T14:30:16.321Z] > git symbolic-ref --short HEAD [6ms]
[2022-07-18T14:30:16.349Z] > git for-each-ref --format=%(refname)%00%(upstream:short)%00%(objectname)%00%(upstream:track)%00%(upstream:remotename)%00%(upstream:remoteref) refs/heads/main refs/remotes/main [5ms]
[2022-07-18T14:30:16.393Z] > git for-each-ref --sort -committerdate --format %(refname) %(objectname) %(*objectname) [20ms]
[2022-07-18T14:30:16.395Z] > git remote --verbose [3ms]
[2022-07-18T14:30:16.418Z] > git config --get commit.template [3ms]
[2022-07-18T14:30:17.782Z] > git rev-parse --show-toplevel [5ms]
[2022-07-18T14:30:57.767Z] > git status -z -uall [7ms]
[2022-07-18T14:30:57.790Z] > git symbolic-ref --short HEAD [4ms]
[2022-07-18T14:30:57.813Z] > git for-each-ref --format=%(refname)%00%(upstream:short)%00%(objectname)%00%(upstream:track)%00%(upstream:remotename)%00%(upstream:remoteref) refs/heads/main refs/remotes/main [4ms]
[2022-07-18T14:30:57.857Z] > git for-each-ref --sort -committerdate --format %(refname) %(objectname) %(*objectname) [25ms]
[2022-07-18T14:30:57.860Z] > git remote --verbose [6ms]
[2022-07-18T14:30:57.892Z] > git config --get commit.template [10ms]
[2022-07-18T14:31:05.521Z] > git status -z -uall [8ms]
[2022-07-18T14:31:05.543Z] > git symbolic-ref --short HEAD [4ms]
[2022-07-18T14:31:05.568Z] > git for-each-ref --format=%(refname)%00%(upstream:short)%00%(objectname)%00%(upstream:track)%00%(upstream:remotename)%00%(upstream:remoteref) refs/heads/main refs/remotes/main [6ms]
[2022-07-18T14:31:05.610Z] > git for-each-ref --sort -committerdate --format %(refname) %(objectname) %(*objectname) [21ms]
[2022-07-18T14:31:05.611Z] > git remote --verbose [2ms]
[2022-07-18T14:31:05.634Z] > git config --get commit.template [3ms]
[2022-07-18T14:31:07.617Z] > git rev-parse --show-toplevel [11ms]
[2022-07-18T14:31:13.970Z] > git status -z -uall [11ms]
[2022-07-18T14:31:14.002Z] > git symbolic-ref --short HEAD [5ms]
[2022-07-18T14:31:14.034Z] > git for-each-ref --format=%(refname)%00%(upstream:short)%00%(objectname)%00%(upstream:track)%00%(upstream:remotename)%00%(upstream:remoteref) refs/heads/main refs/remotes/main [7ms]
[2022-07-18T14:31:14.089Z] > git for-each-ref --sort -committerdate --format %(refname) %(objectname) %(*objectname) [31ms]
[2022-07-18T14:31:14.092Z] > git remote --verbose [4ms]
[2022-07-18T14:31:14.132Z] > git config --get commit.template [5ms]
[2022-07-18T14:31:21.756Z] > git status -z -uall [19ms]
[2022-07-18T14:31:21.779Z] > git symbolic-ref --short HEAD [4ms]
[2022-07-18T14:31:21.823Z] > git for-each-ref --format=%(refname)%00%(upstream:short)%00%(objectname)%00%(upstream:track)%00%(upstream:remotename)%00%(upstream:remoteref) refs/heads/main refs/remotes/main [13ms]
[2022-07-18T14:31:21.883Z] > git for-each-ref --sort -committerdate --format %(refname) %(objectname) %(*objectname) [27ms]
[2022-07-18T14:31:21.885Z] > git remote --verbose [5ms]
[2022-07-18T14:31:21.920Z] > git config --get commit.template [4ms]
[2022-07-18T14:31:31.160Z] > git status -z -uall [15ms]
[2022-07-18T14:31:31.188Z] > git symbolic-ref --short HEAD [5ms]
[2022-07-18T14:31:31.221Z] > git for-each-ref --format=%(refname)%00%(upstream:short)%00%(objectname)%00%(upstream:track)%00%(upstream:remotename)%00%(upstream:remoteref) refs/heads/main refs/remotes/main [6ms]
[2022-07-18T14:31:31.263Z] > git for-each-ref --sort -committerdate --format %(refname) %(objectname) %(*objectname) [21ms]
[2022-07-18T14:31:31.264Z] > git remote --verbose [3ms]
[2022-07-18T14:31:31.287Z] > git config --get commit.template [3ms]
[2022-07-18T14:31:32.466Z] > git rev-parse --show-toplevel [6ms]
[2022-07-18T14:31:41.281Z] > git status -z -uall [10ms]
[2022-07-18T14:31:41.307Z] > git symbolic-ref --short HEAD [4ms]
[2022-07-18T14:31:41.335Z] > git for-each-ref --format=%(refname)%00%(upstream:short)%00%(objectname)%00%(upstream:track)%00%(upstream:remotename)%00%(upstream:remoteref) refs/heads/main refs/remotes/main [5ms]
[2022-07-18T14:31:41.380Z] > git for-each-ref --sort -committerdate --format %(refname) %(objectname) %(*objectname) [24ms]
[2022-07-18T14:31:41.381Z] > git remote --verbose [3ms]
[2022-07-18T14:31:41.412Z] > git config --get commit.template [4ms]
[2022-07-18T14:31:46.932Z] > git rev-parse --show-toplevel [9ms]
[2022-07-18T14:32:02.280Z] > git status -z -uall [14ms]
[2022-07-18T14:32:02.312Z] > git symbolic-ref --short HEAD [4ms]
[2022-07-18T14:32:02.341Z] > git for-each-ref --format=%(refname)%00%(upstream:short)%00%(objectname)%00%(upstream:track)%00%(upstream:remotename)%00%(upstream:remoteref) refs/heads/main refs/remotes/main [8ms]
[2022-07-18T14:32:02.386Z] > git for-each-ref --sort -committerdate --format %(refname) %(objectname) %(*objectname) [24ms]
[2022-07-18T14:32:02.387Z] > git remote --verbose [3ms]
[2022-07-18T14:32:02.411Z] > git config --get commit.template [2ms]
[2022-07-18T14:32:36.084Z] > git status -z -uall [18ms]
[2022-07-18T14:32:36.153Z] > git symbolic-ref --short HEAD [9ms]
[2022-07-18T14:32:36.191Z] > git for-each-ref --format=%(refname)%00%(upstream:short)%00%(objectname)%00%(upstream:track)%00%(upstream:remotename)%00%(upstream:remoteref) refs/heads/main refs/remotes/main [4ms]
[2022-07-18T14:32:36.236Z] > git for-each-ref --sort -committerdate --format %(refname) %(objectname) %(*objectname) [26ms]
[2022-07-18T14:32:36.237Z] > git remote --verbose [7ms]
[2022-07-18T14:32:36.268Z] > git config --get commit.template [4ms]
