["INFO" - 7:53:56 PM] Extension Name: esbenp.prettier-vscode.
["INFO" - 7:53:56 PM] Extension Version: 9.5.0.
["INFO" - 7:54:30 PM] Formatting file:///home/upalb/Code/Programming-Hero/Milestone%202%20Practice/index.html
["INFO" - 7:54:30 PM] Using ignore file (if present) at /home/upalb/Code/Programming-Hero/Milestone 2 Practice/.prettierignore
["INFO" - 7:54:30 PM] File Info:
{
  "ignored": false,
  "inferredParser": "html"
}
["INFO" - 7:54:30 PM] No local configuration (i.e. .prettierrc or .editorconfig) detected, falling back to VS Code configuration
["INFO" - 7:54:30 PM] Prettier Options:
{
  "arrowParens": "always",
  "bracketSpacing": true,
  "endOfLine": "lf",
  "htmlWhitespaceSensitivity": "css",
  "insertPragma": false,
  "jsxBracketSameLine": false,
  "jsxSingleQuote": false,
  "printWidth": 80,
  "proseWrap": "preserve",
  "quoteProps": "as-needed",
  "requirePragma": false,
  "semi": true,
  "singleQuote": true,
  "tabWidth": 2,
  "trailingComma": "es5",
  "useTabs": false,
  "vueIndentScriptAndStyle": false,
  "filepath": "/home/upalb/Code/Programming-Hero/Milestone 2 Practice/index.html",
  "parser": "html"
}
["INFO" - 7:54:30 PM] Formatting completed in 0.267ms.
["INFO" - 7:59:25 PM] Formatting file:///home/upalb/Code/Programming-Hero/Milestone%202%20Practice/index.html
["INFO" - 7:59:25 PM] Using ignore file (if present) at /home/upalb/Code/Programming-Hero/Milestone 2 Practice/.prettierignore
["INFO" - 7:59:25 PM] File Info:
{
  "ignored": false,
  "inferredParser": "html"
}
["INFO" - 7:59:25 PM] No local configuration (i.e. .prettierrc or .editorconfig) detected, falling back to VS Code configuration
["INFO" - 7:59:25 PM] Prettier Options:
{
  "arrowParens": "always",
  "bracketSpacing": true,
  "endOfLine": "lf",
  "htmlWhitespaceSensitivity": "css",
  "insertPragma": false,
  "jsxBracketSameLine": false,
  "jsxSingleQuote": false,
  "printWidth": 80,
  "proseWrap": "preserve",
  "quoteProps": "as-needed",
  "requirePragma": false,
  "semi": true,
  "singleQuote": true,
  "tabWidth": 2,
  "trailingComma": "es5",
  "useTabs": false,
  "vueIndentScriptAndStyle": false,
  "filepath": "/home/upalb/Code/Programming-Hero/Milestone 2 Practice/index.html",
  "parser": "html"
}
["INFO" - 7:59:25 PM] Formatting completed in 0.034ms.
["INFO" - 7:59:28 PM] Formatting file:///home/upalb/Code/Programming-Hero/Milestone%202%20Practice/index.html
["INFO" - 7:59:28 PM] Using ignore file (if present) at /home/upalb/Code/Programming-Hero/Milestone 2 Practice/.prettierignore
["INFO" - 7:59:28 PM] File Info:
{
  "ignored": false,
  "inferredParser": "html"
}
["INFO" - 7:59:28 PM] No local configuration (i.e. .prettierrc or .editorconfig) detected, falling back to VS Code configuration
["INFO" - 7:59:28 PM] Prettier Options:
{
  "arrowParens": "always",
  "bracketSpacing": true,
  "endOfLine": "lf",
  "htmlWhitespaceSensitivity": "css",
  "insertPragma": false,
  "jsxBracketSameLine": false,
  "jsxSingleQuote": false,
  "printWidth": 80,
  "proseWrap": "preserve",
  "quoteProps": "as-needed",
  "requirePragma": false,
  "semi": true,
  "singleQuote": true,
  "tabWidth": 2,
  "trailingComma": "es5",
  "useTabs": false,
  "vueIndentScriptAndStyle": false,
  "filepath": "/home/upalb/Code/Programming-Hero/Milestone 2 Practice/index.html",
  "parser": "html"
}
["INFO" - 7:59:28 PM] Formatting completed in 0.021ms.
["INFO" - 7:59:43 PM] Formatting file:///home/upalb/Code/Programming-Hero/Milestone%202%20Practice/index.html
["INFO" - 7:59:43 PM] Using ignore file (if present) at /home/upalb/Code/Programming-Hero/Milestone 2 Practice/.prettierignore
["INFO" - 7:59:43 PM] File Info:
{
  "ignored": false,
  "inferredParser": "html"
}
["INFO" - 7:59:43 PM] No local configuration (i.e. .prettierrc or .editorconfig) detected, falling back to VS Code configuration
["INFO" - 7:59:43 PM] Prettier Options:
{
  "arrowParens": "always",
  "bracketSpacing": true,
  "endOfLine": "lf",
  "htmlWhitespaceSensitivity": "css",
  "insertPragma": false,
  "jsxBracketSameLine": false,
  "jsxSingleQuote": false,
  "printWidth": 80,
  "proseWrap": "preserve",
  "quoteProps": "as-needed",
  "requirePragma": false,
  "semi": true,
  "singleQuote": true,
  "tabWidth": 2,
  "trailingComma": "es5",
  "useTabs": false,
  "vueIndentScriptAndStyle": false,
  "filepath": "/home/upalb/Code/Programming-Hero/Milestone 2 Practice/index.html",
  "parser": "html"
}
["INFO" - 7:59:43 PM] Formatting completed in 0.02ms.
["INFO" - 8:00:15 PM] Formatting file:///home/upalb/Code/Programming-Hero/Milestone%202%20Practice/index.html
["INFO" - 8:00:15 PM] Using ignore file (if present) at /home/upalb/Code/Programming-Hero/Milestone 2 Practice/.prettierignore
["INFO" - 8:00:15 PM] File Info:
{
  "ignored": false,
  "inferredParser": "html"
}
["INFO" - 8:00:15 PM] No local configuration (i.e. .prettierrc or .editorconfig) detected, falling back to VS Code configuration
["INFO" - 8:00:15 PM] Prettier Options:
{
  "arrowParens": "always",
  "bracketSpacing": true,
  "endOfLine": "lf",
  "htmlWhitespaceSensitivity": "css",
  "insertPragma": false,
  "jsxBracketSameLine": false,
  "jsxSingleQuote": false,
  "printWidth": 80,
  "proseWrap": "preserve",
  "quoteProps": "as-needed",
  "requirePragma": false,
  "semi": true,
  "singleQuote": true,
  "tabWidth": 2,
  "trailingComma": "es5",
  "useTabs": false,
  "vueIndentScriptAndStyle": false,
  "filepath": "/home/upalb/Code/Programming-Hero/Milestone 2 Practice/index.html",
  "parser": "html"
}
["INFO" - 8:00:15 PM] Formatting completed in 0.017ms.
["INFO" - 8:02:18 PM] Formatting file:///home/upalb/Code/Programming-Hero/Milestone%202%20Practice/index.html
["INFO" - 8:02:18 PM] Using ignore file (if present) at /home/upalb/Code/Programming-Hero/Milestone 2 Practice/.prettierignore
["INFO" - 8:02:18 PM] File Info:
{
  "ignored": false,
  "inferredParser": "html"
}
["INFO" - 8:02:18 PM] No local configuration (i.e. .prettierrc or .editorconfig) detected, falling back to VS Code configuration
["INFO" - 8:02:18 PM] Prettier Options:
{
  "arrowParens": "always",
  "bracketSpacing": true,
  "endOfLine": "lf",
  "htmlWhitespaceSensitivity": "css",
  "insertPragma": false,
  "jsxBracketSameLine": false,
  "jsxSingleQuote": false,
  "printWidth": 80,
  "proseWrap": "preserve",
  "quoteProps": "as-needed",
  "requirePragma": false,
  "semi": true,
  "singleQuote": true,
  "tabWidth": 2,
  "trailingComma": "es5",
  "useTabs": false,
  "vueIndentScriptAndStyle": false,
  "filepath": "/home/upalb/Code/Programming-Hero/Milestone 2 Practice/index.html",
  "parser": "html"
}
["INFO" - 8:02:18 PM] Formatting completed in 0.023ms.
["INFO" - 8:02:19 PM] Formatting file:///home/upalb/Code/Programming-Hero/Milestone%202%20Practice/index.html
["INFO" - 8:02:19 PM] Using ignore file (if present) at /home/upalb/Code/Programming-Hero/Milestone 2 Practice/.prettierignore
["INFO" - 8:02:19 PM] File Info:
{
  "ignored": false,
  "inferredParser": "html"
}
["INFO" - 8:02:19 PM] No local configuration (i.e. .prettierrc or .editorconfig) detected, falling back to VS Code configuration
["INFO" - 8:02:19 PM] Prettier Options:
{
  "arrowParens": "always",
  "bracketSpacing": true,
  "endOfLine": "lf",
  "htmlWhitespaceSensitivity": "css",
  "insertPragma": false,
  "jsxBracketSameLine": false,
  "jsxSingleQuote": false,
  "printWidth": 80,
  "proseWrap": "preserve",
  "quoteProps": "as-needed",
  "requirePragma": false,
  "semi": true,
  "singleQuote": true,
  "tabWidth": 2,
  "trailingComma": "es5",
  "useTabs": false,
  "vueIndentScriptAndStyle": false,
  "filepath": "/home/upalb/Code/Programming-Hero/Milestone 2 Practice/index.html",
  "parser": "html"
}
["INFO" - 8:02:19 PM] Formatting completed in 0.023ms.
["INFO" - 8:02:27 PM] Formatting vscode-userdata:/home/upalb/.config/VSCodium/User/settings.json
["INFO" - 8:02:28 PM] File Info:
{
  "ignored": false,
  "inferredParser": "json"
}
["INFO" - 8:02:28 PM] No local configuration (i.e. .prettierrc or .editorconfig) detected, falling back to VS Code configuration
["INFO" - 8:02:28 PM] Prettier Options:
{
  "arrowParens": "always",
  "bracketSpacing": true,
  "endOfLine": "lf",
  "htmlWhitespaceSensitivity": "css",
  "insertPragma": false,
  "jsxBracketSameLine": false,
  "jsxSingleQuote": false,
  "printWidth": 80,
  "proseWrap": "preserve",
  "quoteProps": "as-needed",
  "requirePragma": false,
  "semi": true,
  "singleQuote": true,
  "tabWidth": 2,
  "trailingComma": "es5",
  "useTabs": false,
  "vueIndentScriptAndStyle": false,
  "filepath": "/home/upalb/.config/VSCodium/User/settings.json",
  "parser": "json"
}
["INFO" - 8:02:28 PM] Formatting completed in 0.409ms.
["INFO" - 8:06:01 PM] Formatting file:///home/upalb/.config/VSCodium/Workspaces/1654163437602/workspace.json
["INFO" - 8:06:01 PM] File Info:
{
  "ignored": false,
  "inferredParser": "json"
}
["INFO" - 8:06:01 PM] No local configuration (i.e. .prettierrc or .editorconfig) detected, falling back to VS Code configuration
["INFO" - 8:06:01 PM] Prettier Options:
{
  "arrowParens": "always",
  "bracketSpacing": true,
  "endOfLine": "lf",
  "htmlWhitespaceSensitivity": "css",
  "insertPragma": false,
  "jsxBracketSameLine": false,
  "jsxSingleQuote": false,
  "printWidth": 80,
  "proseWrap": "preserve",
  "quoteProps": "as-needed",
  "requirePragma": false,
  "semi": true,
  "singleQuote": true,
  "tabWidth": 2,
  "trailingComma": "es5",
  "useTabs": false,
  "vueIndentScriptAndStyle": false,
  "filepath": "/home/upalb/.config/VSCodium/Workspaces/1654163437602/workspace.json",
  "parser": "json"
}
["INFO" - 8:06:01 PM] Formatting completed in 0.303ms.
["INFO" - 8:06:03 PM] Formatting file:///home/upalb/.config/VSCodium/Workspaces/1654163437602/workspace.json
["INFO" - 8:06:03 PM] File Info:
{
  "ignored": false,
  "inferredParser": "json"
}
["INFO" - 8:06:03 PM] No local configuration (i.e. .prettierrc or .editorconfig) detected, falling back to VS Code configuration
["INFO" - 8:06:03 PM] Prettier Options:
{
  "arrowParens": "always",
  "bracketSpacing": true,
  "endOfLine": "lf",
  "htmlWhitespaceSensitivity": "css",
  "insertPragma": false,
  "jsxBracketSameLine": false,
  "jsxSingleQuote": false,
  "printWidth": 80,
  "proseWrap": "preserve",
  "quoteProps": "as-needed",
  "requirePragma": false,
  "semi": true,
  "singleQuote": true,
  "tabWidth": 2,
  "trailingComma": "es5",
  "useTabs": false,
  "vueIndentScriptAndStyle": false,
  "filepath": "/home/upalb/.config/VSCodium/Workspaces/1654163437602/workspace.json",
  "parser": "json"
}
["INFO" - 8:06:03 PM] Formatting completed in 0.018ms.
["INFO" - 8:08:43 PM] Formatting file:///home/upalb/Code/Programming-Hero/Milestone%202%20Practice/index.html
["INFO" - 8:08:43 PM] Using ignore file (if present) at /home/upalb/Code/Programming-Hero/Milestone 2 Practice/.prettierignore
["INFO" - 8:08:43 PM] File Info:
{
  "ignored": false,
  "inferredParser": "html"
}
["INFO" - 8:08:43 PM] No local configuration (i.e. .prettierrc or .editorconfig) detected, falling back to VS Code configuration
["INFO" - 8:08:43 PM] Prettier Options:
{
  "arrowParens": "always",
  "bracketSpacing": true,
  "endOfLine": "lf",
  "htmlWhitespaceSensitivity": "css",
  "insertPragma": false,
  "jsxBracketSameLine": false,
  "jsxSingleQuote": false,
  "printWidth": 80,
  "proseWrap": "preserve",
  "quoteProps": "as-needed",
  "requirePragma": false,
  "semi": true,
  "singleQuote": true,
  "tabWidth": 2,
  "trailingComma": "es5",
  "useTabs": false,
  "vueIndentScriptAndStyle": false,
  "filepath": "/home/upalb/Code/Programming-Hero/Milestone 2 Practice/index.html",
  "parser": "html"
}
["INFO" - 8:08:43 PM] Formatting completed in 0.034ms.
["INFO" - 8:08:55 PM] Formatting file:///home/upalb/Code/Programming-Hero/Milestone%202%20Practice/css/style.css
["INFO" - 8:08:55 PM] Using ignore file (if present) at /home/upalb/Code/Programming-Hero/Milestone 2 Practice/.prettierignore
["INFO" - 8:08:55 PM] File Info:
{
  "ignored": false,
  "inferredParser": "css"
}
["INFO" - 8:08:55 PM] No local configuration (i.e. .prettierrc or .editorconfig) detected, falling back to VS Code configuration
["INFO" - 8:08:55 PM] Prettier Options:
{
  "arrowParens": "always",
  "bracketSpacing": true,
  "endOfLine": "lf",
  "htmlWhitespaceSensitivity": "css",
  "insertPragma": false,
  "jsxBracketSameLine": false,
  "jsxSingleQuote": false,
  "printWidth": 80,
  "proseWrap": "preserve",
  "quoteProps": "as-needed",
  "requirePragma": false,
  "semi": true,
  "singleQuote": true,
  "tabWidth": 2,
  "trailingComma": "es5",
  "useTabs": false,
  "vueIndentScriptAndStyle": false,
  "filepath": "/home/upalb/Code/Programming-Hero/Milestone 2 Practice/css/style.css",
  "parser": "css"
}
["INFO" - 8:08:55 PM] Formatting completed in 0.073ms.
["INFO" - 8:09:00 PM] Formatting file:///home/upalb/Code/Programming-Hero/Milestone%202%20Practice/css/style.css
["INFO" - 8:09:00 PM] Using ignore file (if present) at /home/upalb/Code/Programming-Hero/Milestone 2 Practice/.prettierignore
["INFO" - 8:09:00 PM] File Info:
{
  "ignored": false,
  "inferredParser": "css"
}
["INFO" - 8:09:00 PM] No local configuration (i.e. .prettierrc or .editorconfig) detected, falling back to VS Code configuration
["INFO" - 8:09:00 PM] Prettier Options:
{
  "arrowParens": "always",
  "bracketSpacing": true,
  "endOfLine": "lf",
  "htmlWhitespaceSensitivity": "css",
  "insertPragma": false,
  "jsxBracketSameLine": false,
  "jsxSingleQuote": false,
  "printWidth": 80,
  "proseWrap": "preserve",
  "quoteProps": "as-needed",
  "requirePragma": false,
  "semi": true,
  "singleQuote": true,
  "tabWidth": 2,
  "trailingComma": "es5",
  "useTabs": false,
  "vueIndentScriptAndStyle": false,
  "filepath": "/home/upalb/Code/Programming-Hero/Milestone 2 Practice/css/style.css",
  "parser": "css"
}
["INFO" - 8:09:00 PM] Formatting completed in 0.039ms.
["INFO" - 8:09:04 PM] Formatting file:///home/upalb/Code/Programming-Hero/Milestone%202%20Practice/css/style.css
["INFO" - 8:09:04 PM] Using ignore file (if present) at /home/upalb/Code/Programming-Hero/Milestone 2 Practice/.prettierignore
["INFO" - 8:09:04 PM] File Info:
{
  "ignored": false,
  "inferredParser": "css"
}
["INFO" - 8:09:04 PM] No local configuration (i.e. .prettierrc or .editorconfig) detected, falling back to VS Code configuration
["INFO" - 8:09:04 PM] Prettier Options:
{
  "arrowParens": "always",
  "bracketSpacing": true,
  "endOfLine": "lf",
  "htmlWhitespaceSensitivity": "css",
  "insertPragma": false,
  "jsxBracketSameLine": false,
  "jsxSingleQuote": false,
  "printWidth": 80,
  "proseWrap": "preserve",
  "quoteProps": "as-needed",
  "requirePragma": false,
  "semi": true,
  "singleQuote": true,
  "tabWidth": 2,
  "trailingComma": "es5",
  "useTabs": false,
  "vueIndentScriptAndStyle": false,
  "filepath": "/home/upalb/Code/Programming-Hero/Milestone 2 Practice/css/style.css",
  "parser": "css"
}
["INFO" - 8:09:04 PM] Formatting completed in 0.02ms.
["INFO" - 8:10:02 PM] Formatting file:///home/upalb/Code/Programming-Hero/Milestone%202%20Practice/css/style.css
["INFO" - 8:10:02 PM] Using ignore file (if present) at /home/upalb/Code/Programming-Hero/Milestone 2 Practice/.prettierignore
["INFO" - 8:10:02 PM] File Info:
{
  "ignored": false,
  "inferredParser": "css"
}
["INFO" - 8:10:02 PM] No local configuration (i.e. .prettierrc or .editorconfig) detected, falling back to VS Code configuration
["INFO" - 8:10:02 PM] Prettier Options:
{
  "arrowParens": "always",
  "bracketSpacing": true,
  "endOfLine": "lf",
  "htmlWhitespaceSensitivity": "css",
  "insertPragma": false,
  "jsxBracketSameLine": false,
  "jsxSingleQuote": false,
  "printWidth": 80,
  "proseWrap": "preserve",
  "quoteProps": "as-needed",
  "requirePragma": false,
  "semi": true,
  "singleQuote": true,
  "tabWidth": 2,
  "trailingComma": "es5",
  "useTabs": false,
  "vueIndentScriptAndStyle": false,
  "filepath": "/home/upalb/Code/Programming-Hero/Milestone 2 Practice/css/style.css",
  "parser": "css"
}
["INFO" - 8:10:02 PM] Formatting completed in 0.028ms.
["INFO" - 8:10:32 PM] Formatting file:///home/upalb/Code/Programming-Hero/Milestone%202%20Practice/css/style.css
["INFO" - 8:10:32 PM] Using ignore file (if present) at /home/upalb/Code/Programming-Hero/Milestone 2 Practice/.prettierignore
["INFO" - 8:10:32 PM] File Info:
{
  "ignored": false,
  "inferredParser": "css"
}
["INFO" - 8:10:32 PM] No local configuration (i.e. .prettierrc or .editorconfig) detected, falling back to VS Code configuration
["INFO" - 8:10:32 PM] Prettier Options:
{
  "arrowParens": "always",
  "bracketSpacing": true,
  "endOfLine": "lf",
  "htmlWhitespaceSensitivity": "css",
  "insertPragma": false,
  "jsxBracketSameLine": false,
  "jsxSingleQuote": false,
  "printWidth": 80,
  "proseWrap": "preserve",
  "quoteProps": "as-needed",
  "requirePragma": false,
  "semi": true,
  "singleQuote": true,
  "tabWidth": 2,
  "trailingComma": "es5",
  "useTabs": false,
  "vueIndentScriptAndStyle": false,
  "filepath": "/home/upalb/Code/Programming-Hero/Milestone 2 Practice/css/style.css",
  "parser": "css"
}
["INFO" - 8:10:32 PM] Formatting completed in 0.054ms.
["INFO" - 8:11:24 PM] Formatting file:///home/upalb/Code/Programming-Hero/Milestone%202%20Practice/css/style.css
["INFO" - 8:11:24 PM] Using ignore file (if present) at /home/upalb/Code/Programming-Hero/Milestone 2 Practice/.prettierignore
["INFO" - 8:11:24 PM] File Info:
{
  "ignored": false,
  "inferredParser": "css"
}
["INFO" - 8:11:24 PM] No local configuration (i.e. .prettierrc or .editorconfig) detected, falling back to VS Code configuration
["INFO" - 8:11:24 PM] Prettier Options:
{
  "arrowParens": "always",
  "bracketSpacing": true,
  "endOfLine": "lf",
  "htmlWhitespaceSensitivity": "css",
  "insertPragma": false,
  "jsxBracketSameLine": false,
  "jsxSingleQuote": false,
  "printWidth": 80,
  "proseWrap": "preserve",
  "quoteProps": "as-needed",
  "requirePragma": false,
  "semi": true,
  "singleQuote": true,
  "tabWidth": 2,
  "trailingComma": "es5",
  "useTabs": false,
  "vueIndentScriptAndStyle": false,
  "filepath": "/home/upalb/Code/Programming-Hero/Milestone 2 Practice/css/style.css",
  "parser": "css"
}
["INFO" - 8:11:24 PM] Formatting completed in 0.026ms.
["INFO" - 8:11:53 PM] Formatting file:///home/upalb/Code/Programming-Hero/Milestone%202%20Practice/css/style.css
["INFO" - 8:11:53 PM] Using ignore file (if present) at /home/upalb/Code/Programming-Hero/Milestone 2 Practice/.prettierignore
["INFO" - 8:11:53 PM] File Info:
{
  "ignored": false,
  "inferredParser": "css"
}
["INFO" - 8:11:53 PM] No local configuration (i.e. .prettierrc or .editorconfig) detected, falling back to VS Code configuration
["INFO" - 8:11:53 PM] Prettier Options:
{
  "arrowParens": "always",
  "bracketSpacing": true,
  "endOfLine": "lf",
  "htmlWhitespaceSensitivity": "css",
  "insertPragma": false,
  "jsxBracketSameLine": false,
  "jsxSingleQuote": false,
  "printWidth": 80,
  "proseWrap": "preserve",
  "quoteProps": "as-needed",
  "requirePragma": false,
  "semi": true,
  "singleQuote": true,
  "tabWidth": 2,
  "trailingComma": "es5",
  "useTabs": false,
  "vueIndentScriptAndStyle": false,
  "filepath": "/home/upalb/Code/Programming-Hero/Milestone 2 Practice/css/style.css",
  "parser": "css"
}
["INFO" - 8:11:53 PM] Formatting completed in 0.026ms.
["INFO" - 8:11:58 PM] Formatting file:///home/upalb/Code/Programming-Hero/Milestone%202%20Practice/css/style.css
["INFO" - 8:11:58 PM] Using ignore file (if present) at /home/upalb/Code/Programming-Hero/Milestone 2 Practice/.prettierignore
["INFO" - 8:11:58 PM] File Info:
{
  "ignored": false,
  "inferredParser": "css"
}
["INFO" - 8:11:58 PM] No local configuration (i.e. .prettierrc or .editorconfig) detected, falling back to VS Code configuration
["INFO" - 8:11:58 PM] Prettier Options:
{
  "arrowParens": "always",
  "bracketSpacing": true,
  "endOfLine": "lf",
  "htmlWhitespaceSensitivity": "css",
  "insertPragma": false,
  "jsxBracketSameLine": false,
  "jsxSingleQuote": false,
  "printWidth": 80,
  "proseWrap": "preserve",
  "quoteProps": "as-needed",
  "requirePragma": false,
  "semi": true,
  "singleQuote": true,
  "tabWidth": 2,
  "trailingComma": "es5",
  "useTabs": false,
  "vueIndentScriptAndStyle": false,
  "filepath": "/home/upalb/Code/Programming-Hero/Milestone 2 Practice/css/style.css",
  "parser": "css"
}
["INFO" - 8:11:58 PM] Formatting completed in 0.023ms.
["INFO" - 8:12:02 PM] Formatting file:///home/upalb/Code/Programming-Hero/Milestone%202%20Practice/css/style.css
["INFO" - 8:12:02 PM] Using ignore file (if present) at /home/upalb/Code/Programming-Hero/Milestone 2 Practice/.prettierignore
["INFO" - 8:12:02 PM] File Info:
{
  "ignored": false,
  "inferredParser": "css"
}
["INFO" - 8:12:02 PM] No local configuration (i.e. .prettierrc or .editorconfig) detected, falling back to VS Code configuration
["INFO" - 8:12:02 PM] Prettier Options:
{
  "arrowParens": "always",
  "bracketSpacing": true,
  "endOfLine": "lf",
  "htmlWhitespaceSensitivity": "css",
  "insertPragma": false,
  "jsxBracketSameLine": false,
  "jsxSingleQuote": false,
  "printWidth": 80,
  "proseWrap": "preserve",
  "quoteProps": "as-needed",
  "requirePragma": false,
  "semi": true,
  "singleQuote": true,
  "tabWidth": 2,
  "trailingComma": "es5",
  "useTabs": false,
  "vueIndentScriptAndStyle": false,
  "filepath": "/home/upalb/Code/Programming-Hero/Milestone 2 Practice/css/style.css",
  "parser": "css"
}
["INFO" - 8:12:02 PM] Formatting completed in 0.021ms.
["INFO" - 8:13:10 PM] Formatting file:///home/upalb/Code/Programming-Hero/Milestone%202%20Practice/index.html
["INFO" - 8:13:10 PM] Using ignore file (if present) at /home/upalb/Code/Programming-Hero/Milestone 2 Practice/.prettierignore
["INFO" - 8:13:10 PM] File Info:
{
  "ignored": false,
  "inferredParser": "html"
}
["INFO" - 8:13:10 PM] No local configuration (i.e. .prettierrc or .editorconfig) detected, falling back to VS Code configuration
["INFO" - 8:13:10 PM] Prettier Options:
{
  "arrowParens": "always",
  "bracketSpacing": true,
  "endOfLine": "lf",
  "htmlWhitespaceSensitivity": "css",
  "insertPragma": false,
  "jsxBracketSameLine": false,
  "jsxSingleQuote": false,
  "printWidth": 80,
  "proseWrap": "preserve",
  "quoteProps": "as-needed",
  "requirePragma": false,
  "semi": true,
  "singleQuote": true,
  "tabWidth": 2,
  "trailingComma": "es5",
  "useTabs": false,
  "vueIndentScriptAndStyle": false,
  "filepath": "/home/upalb/Code/Programming-Hero/Milestone 2 Practice/index.html",
  "parser": "html"
}
["INFO" - 8:13:10 PM] Formatting completed in 0.041ms.
["INFO" - 8:15:20 PM] Formatting file:///home/upalb/Code/Programming-Hero/Milestone%202%20Practice/index.html
["INFO" - 8:15:20 PM] Using ignore file (if present) at /home/upalb/Code/Programming-Hero/Milestone 2 Practice/.prettierignore
["INFO" - 8:15:20 PM] File Info:
{
  "ignored": false,
  "inferredParser": "html"
}
["INFO" - 8:15:20 PM] No local configuration (i.e. .prettierrc or .editorconfig) detected, falling back to VS Code configuration
["INFO" - 8:15:20 PM] Prettier Options:
{
  "arrowParens": "always",
  "bracketSpacing": true,
  "endOfLine": "lf",
  "htmlWhitespaceSensitivity": "css",
  "insertPragma": false,
  "jsxBracketSameLine": false,
  "jsxSingleQuote": false,
  "printWidth": 80,
  "proseWrap": "preserve",
  "quoteProps": "as-needed",
  "requirePragma": false,
  "semi": true,
  "singleQuote": true,
  "tabWidth": 2,
  "trailingComma": "es5",
  "useTabs": false,
  "vueIndentScriptAndStyle": false,
  "filepath": "/home/upalb/Code/Programming-Hero/Milestone 2 Practice/index.html",
  "parser": "html"
}
["INFO" - 8:15:20 PM] Formatting completed in 0.026ms.
["INFO" - 8:15:32 PM] Formatting file:///home/upalb/Code/Programming-Hero/Milestone%202%20Practice/index.html
["INFO" - 8:15:32 PM] Using ignore file (if present) at /home/upalb/Code/Programming-Hero/Milestone 2 Practice/.prettierignore
["INFO" - 8:15:32 PM] File Info:
{
  "ignored": false,
  "inferredParser": "html"
}
["INFO" - 8:15:32 PM] No local configuration (i.e. .prettierrc or .editorconfig) detected, falling back to VS Code configuration
["INFO" - 8:15:32 PM] Prettier Options:
{
  "arrowParens": "always",
  "bracketSpacing": true,
  "endOfLine": "lf",
  "htmlWhitespaceSensitivity": "css",
  "insertPragma": false,
  "jsxBracketSameLine": false,
  "jsxSingleQuote": false,
  "printWidth": 80,
  "proseWrap": "preserve",
  "quoteProps": "as-needed",
  "requirePragma": false,
  "semi": true,
  "singleQuote": true,
  "tabWidth": 2,
  "trailingComma": "es5",
  "useTabs": false,
  "vueIndentScriptAndStyle": false,
  "filepath": "/home/upalb/Code/Programming-Hero/Milestone 2 Practice/index.html",
  "parser": "html"
}
["INFO" - 8:15:32 PM] Formatting completed in 0.027ms.
["INFO" - 8:15:39 PM] Formatting file:///home/upalb/Code/Programming-Hero/Milestone%202%20Practice/index.html
["INFO" - 8:15:39 PM] Using ignore file (if present) at /home/upalb/Code/Programming-Hero/Milestone 2 Practice/.prettierignore
["INFO" - 8:15:39 PM] File Info:
{
  "ignored": false,
  "inferredParser": "html"
}
["INFO" - 8:15:39 PM] No local configuration (i.e. .prettierrc or .editorconfig) detected, falling back to VS Code configuration
["INFO" - 8:15:39 PM] Prettier Options:
{
  "arrowParens": "always",
  "bracketSpacing": true,
  "endOfLine": "lf",
  "htmlWhitespaceSensitivity": "css",
  "insertPragma": false,
  "jsxBracketSameLine": false,
  "jsxSingleQuote": false,
  "printWidth": 80,
  "proseWrap": "preserve",
  "quoteProps": "as-needed",
  "requirePragma": false,
  "semi": true,
  "singleQuote": true,
  "tabWidth": 2,
  "trailingComma": "es5",
  "useTabs": false,
  "vueIndentScriptAndStyle": false,
  "filepath": "/home/upalb/Code/Programming-Hero/Milestone 2 Practice/index.html",
  "parser": "html"
}
["INFO" - 8:15:39 PM] Formatting completed in 0.024ms.
["INFO" - 8:17:08 PM] Formatting file:///home/upalb/Code/Programming-Hero/Milestone%202%20Practice/index.html
["INFO" - 8:17:08 PM] Using ignore file (if present) at /home/upalb/Code/Programming-Hero/Milestone 2 Practice/.prettierignore
["INFO" - 8:17:08 PM] File Info:
{
  "ignored": false,
  "inferredParser": "html"
}
["INFO" - 8:17:08 PM] No local configuration (i.e. .prettierrc or .editorconfig) detected, falling back to VS Code configuration
["INFO" - 8:17:08 PM] Prettier Options:
{
  "arrowParens": "always",
  "bracketSpacing": true,
  "endOfLine": "lf",
  "htmlWhitespaceSensitivity": "css",
  "insertPragma": false,
  "jsxBracketSameLine": false,
  "jsxSingleQuote": false,
  "printWidth": 80,
  "proseWrap": "preserve",
  "quoteProps": "as-needed",
  "requirePragma": false,
  "semi": true,
  "singleQuote": true,
  "tabWidth": 2,
  "trailingComma": "es5",
  "useTabs": false,
  "vueIndentScriptAndStyle": false,
  "filepath": "/home/upalb/Code/Programming-Hero/Milestone 2 Practice/index.html",
  "parser": "html"
}
["INFO" - 8:17:08 PM] Formatting completed in 0.04ms.
["INFO" - 8:17:10 PM] Formatting file:///home/upalb/Code/Programming-Hero/Milestone%202%20Practice/index.html
["INFO" - 8:17:10 PM] Using ignore file (if present) at /home/upalb/Code/Programming-Hero/Milestone 2 Practice/.prettierignore
["INFO" - 8:17:10 PM] File Info:
{
  "ignored": false,
  "inferredParser": "html"
}
["INFO" - 8:17:10 PM] No local configuration (i.e. .prettierrc or .editorconfig) detected, falling back to VS Code configuration
["INFO" - 8:17:10 PM] Prettier Options:
{
  "arrowParens": "always",
  "bracketSpacing": true,
  "endOfLine": "lf",
  "htmlWhitespaceSensitivity": "css",
  "insertPragma": false,
  "jsxBracketSameLine": false,
  "jsxSingleQuote": false,
  "printWidth": 80,
  "proseWrap": "preserve",
  "quoteProps": "as-needed",
  "requirePragma": false,
  "semi": true,
  "singleQuote": true,
  "tabWidth": 2,
  "trailingComma": "es5",
  "useTabs": false,
  "vueIndentScriptAndStyle": false,
  "filepath": "/home/upalb/Code/Programming-Hero/Milestone 2 Practice/index.html",
  "parser": "html"
}
["INFO" - 8:17:10 PM] Formatting completed in 0.034ms.
["INFO" - 8:18:25 PM] Formatting file:///home/upalb/Code/Programming-Hero/Milestone%202%20Practice/index.html
["INFO" - 8:18:25 PM] Using ignore file (if present) at /home/upalb/Code/Programming-Hero/Milestone 2 Practice/.prettierignore
["INFO" - 8:18:25 PM] File Info:
{
  "ignored": false,
  "inferredParser": "html"
}
["INFO" - 8:18:25 PM] No local configuration (i.e. .prettierrc or .editorconfig) detected, falling back to VS Code configuration
["INFO" - 8:18:25 PM] Prettier Options:
{
  "arrowParens": "always",
  "bracketSpacing": true,
  "endOfLine": "lf",
  "htmlWhitespaceSensitivity": "css",
  "insertPragma": false,
  "jsxBracketSameLine": false,
  "jsxSingleQuote": false,
  "printWidth": 80,
  "proseWrap": "preserve",
  "quoteProps": "as-needed",
  "requirePragma": false,
  "semi": true,
  "singleQuote": true,
  "tabWidth": 2,
  "trailingComma": "es5",
  "useTabs": false,
  "vueIndentScriptAndStyle": false,
  "filepath": "/home/upalb/Code/Programming-Hero/Milestone 2 Practice/index.html",
  "parser": "html"
}
["INFO" - 8:18:25 PM] Formatting completed in 0.023ms.
["INFO" - 8:18:33 PM] Formatting file:///home/upalb/Code/Programming-Hero/Milestone%202%20Practice/index.html
["INFO" - 8:18:33 PM] Using ignore file (if present) at /home/upalb/Code/Programming-Hero/Milestone 2 Practice/.prettierignore
["INFO" - 8:18:33 PM] File Info:
{
  "ignored": false,
  "inferredParser": "html"
}
["INFO" - 8:18:33 PM] No local configuration (i.e. .prettierrc or .editorconfig) detected, falling back to VS Code configuration
["INFO" - 8:18:33 PM] Prettier Options:
{
  "arrowParens": "always",
  "bracketSpacing": true,
  "endOfLine": "lf",
  "htmlWhitespaceSensitivity": "css",
  "insertPragma": false,
  "jsxBracketSameLine": false,
  "jsxSingleQuote": false,
  "printWidth": 80,
  "proseWrap": "preserve",
  "quoteProps": "as-needed",
  "requirePragma": false,
  "semi": true,
  "singleQuote": true,
  "tabWidth": 2,
  "trailingComma": "es5",
  "useTabs": false,
  "vueIndentScriptAndStyle": false,
  "filepath": "/home/upalb/Code/Programming-Hero/Milestone 2 Practice/index.html",
  "parser": "html"
}
["INFO" - 8:18:33 PM] Formatting completed in 0.027ms.
["INFO" - 8:19:48 PM] Formatting file:///home/upalb/Code/Programming-Hero/Milestone%202%20Practice/css/style.css
["INFO" - 8:19:48 PM] Using ignore file (if present) at /home/upalb/Code/Programming-Hero/Milestone 2 Practice/.prettierignore
["INFO" - 8:19:48 PM] File Info:
{
  "ignored": false,
  "inferredParser": "css"
}
["INFO" - 8:19:48 PM] No local configuration (i.e. .prettierrc or .editorconfig) detected, falling back to VS Code configuration
["INFO" - 8:19:48 PM] Prettier Options:
{
  "arrowParens": "always",
  "bracketSpacing": true,
  "endOfLine": "lf",
  "htmlWhitespaceSensitivity": "css",
  "insertPragma": false,
  "jsxBracketSameLine": false,
  "jsxSingleQuote": false,
  "printWidth": 80,
  "proseWrap": "preserve",
  "quoteProps": "as-needed",
  "requirePragma": false,
  "semi": true,
  "singleQuote": true,
  "tabWidth": 2,
  "trailingComma": "es5",
  "useTabs": false,
  "vueIndentScriptAndStyle": false,
  "filepath": "/home/upalb/Code/Programming-Hero/Milestone 2 Practice/css/style.css",
  "parser": "css"
}
["INFO" - 8:19:48 PM] Formatting completed in 0.033ms.
["INFO" - 8:19:59 PM] Formatting file:///home/upalb/Code/Programming-Hero/Milestone%202%20Practice/css/style.css
["INFO" - 8:19:59 PM] Using ignore file (if present) at /home/upalb/Code/Programming-Hero/Milestone 2 Practice/.prettierignore
["INFO" - 8:19:59 PM] File Info:
{
  "ignored": false,
  "inferredParser": "css"
}
["INFO" - 8:19:59 PM] No local configuration (i.e. .prettierrc or .editorconfig) detected, falling back to VS Code configuration
["INFO" - 8:19:59 PM] Prettier Options:
{
  "arrowParens": "always",
  "bracketSpacing": true,
  "endOfLine": "lf",
  "htmlWhitespaceSensitivity": "css",
  "insertPragma": false,
  "jsxBracketSameLine": false,
  "jsxSingleQuote": false,
  "printWidth": 80,
  "proseWrap": "preserve",
  "quoteProps": "as-needed",
  "requirePragma": false,
  "semi": true,
  "singleQuote": true,
  "tabWidth": 2,
  "trailingComma": "es5",
  "useTabs": false,
  "vueIndentScriptAndStyle": false,
  "filepath": "/home/upalb/Code/Programming-Hero/Milestone 2 Practice/css/style.css",
  "parser": "css"
}
["INFO" - 8:19:59 PM] Formatting completed in 0.021ms.
["INFO" - 8:20:07 PM] Formatting file:///home/upalb/Code/Programming-Hero/Milestone%202%20Practice/css/style.css
["INFO" - 8:20:07 PM] Using ignore file (if present) at /home/upalb/Code/Programming-Hero/Milestone 2 Practice/.prettierignore
["INFO" - 8:20:07 PM] File Info:
{
  "ignored": false,
  "inferredParser": "css"
}
["INFO" - 8:20:07 PM] No local configuration (i.e. .prettierrc or .editorconfig) detected, falling back to VS Code configuration
["INFO" - 8:20:07 PM] Prettier Options:
{
  "arrowParens": "always",
  "bracketSpacing": true,
  "endOfLine": "lf",
  "htmlWhitespaceSensitivity": "css",
  "insertPragma": false,
  "jsxBracketSameLine": false,
  "jsxSingleQuote": false,
  "printWidth": 80,
  "proseWrap": "preserve",
  "quoteProps": "as-needed",
  "requirePragma": false,
  "semi": true,
  "singleQuote": true,
  "tabWidth": 2,
  "trailingComma": "es5",
  "useTabs": false,
  "vueIndentScriptAndStyle": false,
  "filepath": "/home/upalb/Code/Programming-Hero/Milestone 2 Practice/css/style.css",
  "parser": "css"
}
["INFO" - 8:20:07 PM] Formatting completed in 0.026ms.
["INFO" - 8:20:13 PM] Formatting file:///home/upalb/Code/Programming-Hero/Milestone%202%20Practice/css/style.css
["INFO" - 8:20:13 PM] Using ignore file (if present) at /home/upalb/Code/Programming-Hero/Milestone 2 Practice/.prettierignore
["INFO" - 8:20:13 PM] File Info:
{
  "ignored": false,
  "inferredParser": "css"
}
["INFO" - 8:20:13 PM] No local configuration (i.e. .prettierrc or .editorconfig) detected, falling back to VS Code configuration
["INFO" - 8:20:13 PM] Prettier Options:
{
  "arrowParens": "always",
  "bracketSpacing": true,
  "endOfLine": "lf",
  "htmlWhitespaceSensitivity": "css",
  "insertPragma": false,
  "jsxBracketSameLine": false,
  "jsxSingleQuote": false,
  "printWidth": 80,
  "proseWrap": "preserve",
  "quoteProps": "as-needed",
  "requirePragma": false,
  "semi": true,
  "singleQuote": true,
  "tabWidth": 2,
  "trailingComma": "es5",
  "useTabs": false,
  "vueIndentScriptAndStyle": false,
  "filepath": "/home/upalb/Code/Programming-Hero/Milestone 2 Practice/css/style.css",
  "parser": "css"
}
["INFO" - 8:20:13 PM] Formatting completed in 0.022ms.
["INFO" - 8:20:30 PM] Formatting file:///home/upalb/Code/Programming-Hero/Milestone%202%20Practice/css/style.css
["INFO" - 8:20:30 PM] Using ignore file (if present) at /home/upalb/Code/Programming-Hero/Milestone 2 Practice/.prettierignore
["INFO" - 8:20:30 PM] File Info:
{
  "ignored": false,
  "inferredParser": "css"
}
["INFO" - 8:20:30 PM] No local configuration (i.e. .prettierrc or .editorconfig) detected, falling back to VS Code configuration
["INFO" - 8:20:30 PM] Prettier Options:
{
  "arrowParens": "always",
  "bracketSpacing": true,
  "endOfLine": "lf",
  "htmlWhitespaceSensitivity": "css",
  "insertPragma": false,
  "jsxBracketSameLine": false,
  "jsxSingleQuote": false,
  "printWidth": 80,
  "proseWrap": "preserve",
  "quoteProps": "as-needed",
  "requirePragma": false,
  "semi": true,
  "singleQuote": true,
  "tabWidth": 2,
  "trailingComma": "es5",
  "useTabs": false,
  "vueIndentScriptAndStyle": false,
  "filepath": "/home/upalb/Code/Programming-Hero/Milestone 2 Practice/css/style.css",
  "parser": "css"
}
["INFO" - 8:20:30 PM] Formatting completed in 0.021ms.
["INFO" - 8:20:36 PM] Formatting file:///home/upalb/Code/Programming-Hero/Milestone%202%20Practice/css/style.css
["INFO" - 8:20:36 PM] Using ignore file (if present) at /home/upalb/Code/Programming-Hero/Milestone 2 Practice/.prettierignore
["INFO" - 8:20:36 PM] File Info:
{
  "ignored": false,
  "inferredParser": "css"
}
["INFO" - 8:20:36 PM] No local configuration (i.e. .prettierrc or .editorconfig) detected, falling back to VS Code configuration
["INFO" - 8:20:36 PM] Prettier Options:
{
  "arrowParens": "always",
  "bracketSpacing": true,
  "endOfLine": "lf",
  "htmlWhitespaceSensitivity": "css",
  "insertPragma": false,
  "jsxBracketSameLine": false,
  "jsxSingleQuote": false,
  "printWidth": 80,
  "proseWrap": "preserve",
  "quoteProps": "as-needed",
  "requirePragma": false,
  "semi": true,
  "singleQuote": true,
  "tabWidth": 2,
  "trailingComma": "es5",
  "useTabs": false,
  "vueIndentScriptAndStyle": false,
  "filepath": "/home/upalb/Code/Programming-Hero/Milestone 2 Practice/css/style.css",
  "parser": "css"
}
["INFO" - 8:20:36 PM] Formatting completed in 0.024ms.
["INFO" - 8:20:59 PM] Formatting file:///home/upalb/Code/Programming-Hero/Milestone%202%20Practice/css/style.css
["INFO" - 8:20:59 PM] Using ignore file (if present) at /home/upalb/Code/Programming-Hero/Milestone 2 Practice/.prettierignore
["INFO" - 8:20:59 PM] File Info:
{
  "ignored": false,
  "inferredParser": "css"
}
["INFO" - 8:20:59 PM] No local configuration (i.e. .prettierrc or .editorconfig) detected, falling back to VS Code configuration
["INFO" - 8:20:59 PM] Prettier Options:
{
  "arrowParens": "always",
  "bracketSpacing": true,
  "endOfLine": "lf",
  "htmlWhitespaceSensitivity": "css",
  "insertPragma": false,
  "jsxBracketSameLine": false,
  "jsxSingleQuote": false,
  "printWidth": 80,
  "proseWrap": "preserve",
  "quoteProps": "as-needed",
  "requirePragma": false,
  "semi": true,
  "singleQuote": true,
  "tabWidth": 2,
  "trailingComma": "es5",
  "useTabs": false,
  "vueIndentScriptAndStyle": false,
  "filepath": "/home/upalb/Code/Programming-Hero/Milestone 2 Practice/css/style.css",
  "parser": "css"
}
["INFO" - 8:20:59 PM] Formatting completed in 0.041ms.
["INFO" - 8:21:08 PM] Formatting file:///home/upalb/Code/Programming-Hero/Milestone%202%20Practice/css/style.css
["INFO" - 8:21:08 PM] Using ignore file (if present) at /home/upalb/Code/Programming-Hero/Milestone 2 Practice/.prettierignore
["INFO" - 8:21:08 PM] File Info:
{
  "ignored": false,
  "inferredParser": "css"
}
["INFO" - 8:21:08 PM] No local configuration (i.e. .prettierrc or .editorconfig) detected, falling back to VS Code configuration
["INFO" - 8:21:08 PM] Prettier Options:
{
  "arrowParens": "always",
  "bracketSpacing": true,
  "endOfLine": "lf",
  "htmlWhitespaceSensitivity": "css",
  "insertPragma": false,
  "jsxBracketSameLine": false,
  "jsxSingleQuote": false,
  "printWidth": 80,
  "proseWrap": "preserve",
  "quoteProps": "as-needed",
  "requirePragma": false,
  "semi": true,
  "singleQuote": true,
  "tabWidth": 2,
  "trailingComma": "es5",
  "useTabs": false,
  "vueIndentScriptAndStyle": false,
  "filepath": "/home/upalb/Code/Programming-Hero/Milestone 2 Practice/css/style.css",
  "parser": "css"
}
["INFO" - 8:21:08 PM] Formatting completed in 0.02ms.
["INFO" - 8:21:12 PM] Formatting file:///home/upalb/Code/Programming-Hero/Milestone%202%20Practice/css/style.css
["INFO" - 8:21:12 PM] Using ignore file (if present) at /home/upalb/Code/Programming-Hero/Milestone 2 Practice/.prettierignore
["INFO" - 8:21:12 PM] File Info:
{
  "ignored": false,
  "inferredParser": "css"
}
["INFO" - 8:21:12 PM] No local configuration (i.e. .prettierrc or .editorconfig) detected, falling back to VS Code configuration
["INFO" - 8:21:12 PM] Prettier Options:
{
  "arrowParens": "always",
  "bracketSpacing": true,
  "endOfLine": "lf",
  "htmlWhitespaceSensitivity": "css",
  "insertPragma": false,
  "jsxBracketSameLine": false,
  "jsxSingleQuote": false,
  "printWidth": 80,
  "proseWrap": "preserve",
  "quoteProps": "as-needed",
  "requirePragma": false,
  "semi": true,
  "singleQuote": true,
  "tabWidth": 2,
  "trailingComma": "es5",
  "useTabs": false,
  "vueIndentScriptAndStyle": false,
  "filepath": "/home/upalb/Code/Programming-Hero/Milestone 2 Practice/css/style.css",
  "parser": "css"
}
["INFO" - 8:21:12 PM] Formatting completed in 0.023ms.
["INFO" - 8:21:34 PM] Formatting file:///home/upalb/Code/Programming-Hero/Milestone%202%20Practice/css/style.css
["INFO" - 8:21:34 PM] Using ignore file (if present) at /home/upalb/Code/Programming-Hero/Milestone 2 Practice/.prettierignore
["INFO" - 8:21:34 PM] File Info:
{
  "ignored": false,
  "inferredParser": "css"
}
["INFO" - 8:21:34 PM] No local configuration (i.e. .prettierrc or .editorconfig) detected, falling back to VS Code configuration
["INFO" - 8:21:34 PM] Prettier Options:
{
  "arrowParens": "always",
  "bracketSpacing": true,
  "endOfLine": "lf",
  "htmlWhitespaceSensitivity": "css",
  "insertPragma": false,
  "jsxBracketSameLine": false,
  "jsxSingleQuote": false,
  "printWidth": 80,
  "proseWrap": "preserve",
  "quoteProps": "as-needed",
  "requirePragma": false,
  "semi": true,
  "singleQuote": true,
  "tabWidth": 2,
  "trailingComma": "es5",
  "useTabs": false,
  "vueIndentScriptAndStyle": false,
  "filepath": "/home/upalb/Code/Programming-Hero/Milestone 2 Practice/css/style.css",
  "parser": "css"
}
["INFO" - 8:21:34 PM] Formatting completed in 0.034ms.
["INFO" - 8:21:38 PM] Formatting file:///home/upalb/Code/Programming-Hero/Milestone%202%20Practice/css/style.css
["INFO" - 8:21:38 PM] Using ignore file (if present) at /home/upalb/Code/Programming-Hero/Milestone 2 Practice/.prettierignore
["INFO" - 8:21:38 PM] File Info:
{
  "ignored": false,
  "inferredParser": "css"
}
["INFO" - 8:21:38 PM] No local configuration (i.e. .prettierrc or .editorconfig) detected, falling back to VS Code configuration
["INFO" - 8:21:38 PM] Prettier Options:
{
  "arrowParens": "always",
  "bracketSpacing": true,
  "endOfLine": "lf",
  "htmlWhitespaceSensitivity": "css",
  "insertPragma": false,
  "jsxBracketSameLine": false,
  "jsxSingleQuote": false,
  "printWidth": 80,
  "proseWrap": "preserve",
  "quoteProps": "as-needed",
  "requirePragma": false,
  "semi": true,
  "singleQuote": true,
  "tabWidth": 2,
  "trailingComma": "es5",
  "useTabs": false,
  "vueIndentScriptAndStyle": false,
  "filepath": "/home/upalb/Code/Programming-Hero/Milestone 2 Practice/css/style.css",
  "parser": "css"
}
["INFO" - 8:21:38 PM] Formatting completed in 0.058ms.
["INFO" - 8:22:38 PM] Formatting file:///home/upalb/Code/Programming-Hero/Milestone%202%20Practice/css/style.css
["INFO" - 8:22:38 PM] Using ignore file (if present) at /home/upalb/Code/Programming-Hero/Milestone 2 Practice/.prettierignore
["INFO" - 8:22:38 PM] File Info:
{
  "ignored": false,
  "inferredParser": "css"
}
["INFO" - 8:22:38 PM] No local configuration (i.e. .prettierrc or .editorconfig) detected, falling back to VS Code configuration
["INFO" - 8:22:38 PM] Prettier Options:
{
  "arrowParens": "always",
  "bracketSpacing": true,
  "endOfLine": "lf",
  "htmlWhitespaceSensitivity": "css",
  "insertPragma": false,
  "jsxBracketSameLine": false,
  "jsxSingleQuote": false,
  "printWidth": 80,
  "proseWrap": "preserve",
  "quoteProps": "as-needed",
  "requirePragma": false,
  "semi": true,
  "singleQuote": true,
  "tabWidth": 2,
  "trailingComma": "es5",
  "useTabs": false,
  "vueIndentScriptAndStyle": false,
  "filepath": "/home/upalb/Code/Programming-Hero/Milestone 2 Practice/css/style.css",
  "parser": "css"
}
["ERROR" - 8:22:38 PM] Error formatting document.
["ERROR" - 8:22:38 PM] CssSyntaxError: Missed semicolon (7:3)
   5 |   /* colors */
   6 |   --clr-dark: 
>  7 |   --clr-light: 
     |   ^
   8 |   --clr--accent: 
   9 |   --ff-sans: 'Poppins', sans-serif;
  10 | }
SyntaxError: CssSyntaxError: Missed semicolon (7:3)
   5 |   /* colors */
   6 |   --clr-dark: 
>  7 |   --clr-light: 
     |   ^
   8 |   --clr--accent: 
   9 |   --ff-sans: 'Poppins', sans-serif;
  10 | }
    at i (/home/upalb/.vscode-oss/extensions/esbenp.prettier-vscode-9.5.0/node_modules/prettier/parser-postcss.js:1:12833)
    at la (/home/upalb/.vscode-oss/extensions/esbenp.prettier-vscode-9.5.0/node_modules/prettier/parser-postcss.js:76:8032)
    at bt (/home/upalb/.vscode-oss/extensions/esbenp.prettier-vscode-9.5.0/node_modules/prettier/parser-postcss.js:76:8475)
    at Object.cp [as parse] (/home/upalb/.vscode-oss/extensions/esbenp.prettier-vscode-9.5.0/node_modules/prettier/parser-postcss.js:76:8342)
    at Object.parse (/home/upalb/.vscode-oss/extensions/esbenp.prettier-vscode-9.5.0/node_modules/prettier/index.js:7330:23)
    at coreFormat (/home/upalb/.vscode-oss/extensions/esbenp.prettier-vscode-9.5.0/node_modules/prettier/index.js:8641:18)
    at formatWithCursor2 (/home/upalb/.vscode-oss/extensions/esbenp.prettier-vscode-9.5.0/node_modules/prettier/index.js:8833:18)
    at /home/upalb/.vscode-oss/extensions/esbenp.prettier-vscode-9.5.0/node_modules/prettier/index.js:39137:12
    at Object.Success [as format] (/home/upalb/.vscode-oss/extensions/esbenp.prettier-vscode-9.5.0/node_modules/prettier/index.js:39151:12)
    at t.default.format (/home/upalb/.vscode-oss/extensions/esbenp.prettier-vscode-9.5.0/src/PrettierEditService.ts:463:45)
    at t.PrettierEditProvider.provideEdits (/home/upalb/.vscode-oss/extensions/esbenp.prettier-vscode-9.5.0/src/PrettierEditService.ts:322:22)
    at N.provideDocumentFormattingEdits (/opt/vscodium-bin/resources/app/out/vs/workbench/api/node/extensionHostProcess.js:87:45332)
["INFO" - 8:22:39 PM] Formatting completed in 0.276ms.
["INFO" - 8:22:50 PM] Formatting file:///home/upalb/Code/Programming-Hero/Milestone%202%20Practice/css/style.css
["INFO" - 8:22:50 PM] Using ignore file (if present) at /home/upalb/Code/Programming-Hero/Milestone 2 Practice/.prettierignore
["INFO" - 8:22:50 PM] File Info:
{
  "ignored": false,
  "inferredParser": "css"
}
["INFO" - 8:22:50 PM] No local configuration (i.e. .prettierrc or .editorconfig) detected, falling back to VS Code configuration
["INFO" - 8:22:50 PM] Prettier Options:
{
  "arrowParens": "always",
  "bracketSpacing": true,
  "endOfLine": "lf",
  "htmlWhitespaceSensitivity": "css",
  "insertPragma": false,
  "jsxBracketSameLine": false,
  "jsxSingleQuote": false,
  "printWidth": 80,
  "proseWrap": "preserve",
  "quoteProps": "as-needed",
  "requirePragma": false,
  "semi": true,
  "singleQuote": true,
  "tabWidth": 2,
  "trailingComma": "es5",
  "useTabs": false,
  "vueIndentScriptAndStyle": false,
  "filepath": "/home/upalb/Code/Programming-Hero/Milestone 2 Practice/css/style.css",
  "parser": "css"
}
["ERROR" - 8:22:50 PM] Error formatting document.
["ERROR" - 8:22:50 PM] CssSyntaxError: Missed semicolon (7:3)
   5 |   /* colors */
   6 |   --clr-dark: 
>  7 |   --clr-light: 
     |   ^
   8 |   --clr--accent: 
   9 |   --ff-sans: 'Poppins', sans-serif;
  10 | }
SyntaxError: CssSyntaxError: Missed semicolon (7:3)
   5 |   /* colors */
   6 |   --clr-dark: 
>  7 |   --clr-light: 
     |   ^
   8 |   --clr--accent: 
   9 |   --ff-sans: 'Poppins', sans-serif;
  10 | }
    at i (/home/upalb/.vscode-oss/extensions/esbenp.prettier-vscode-9.5.0/node_modules/prettier/parser-postcss.js:1:12833)
    at la (/home/upalb/.vscode-oss/extensions/esbenp.prettier-vscode-9.5.0/node_modules/prettier/parser-postcss.js:76:8032)
    at bt (/home/upalb/.vscode-oss/extensions/esbenp.prettier-vscode-9.5.0/node_modules/prettier/parser-postcss.js:76:8475)
    at Object.cp [as parse] (/home/upalb/.vscode-oss/extensions/esbenp.prettier-vscode-9.5.0/node_modules/prettier/parser-postcss.js:76:8342)
    at Object.parse (/home/upalb/.vscode-oss/extensions/esbenp.prettier-vscode-9.5.0/node_modules/prettier/index.js:7330:23)
    at coreFormat (/home/upalb/.vscode-oss/extensions/esbenp.prettier-vscode-9.5.0/node_modules/prettier/index.js:8641:18)
    at formatWithCursor2 (/home/upalb/.vscode-oss/extensions/esbenp.prettier-vscode-9.5.0/node_modules/prettier/index.js:8833:18)
    at /home/upalb/.vscode-oss/extensions/esbenp.prettier-vscode-9.5.0/node_modules/prettier/index.js:39137:12
    at Object.Success [as format] (/home/upalb/.vscode-oss/extensions/esbenp.prettier-vscode-9.5.0/node_modules/prettier/index.js:39151:12)
    at t.default.format (/home/upalb/.vscode-oss/extensions/esbenp.prettier-vscode-9.5.0/src/PrettierEditService.ts:463:45)
    at t.PrettierEditProvider.provideEdits (/home/upalb/.vscode-oss/extensions/esbenp.prettier-vscode-9.5.0/src/PrettierEditService.ts:322:22)
    at N.provideDocumentFormattingEdits (/opt/vscodium-bin/resources/app/out/vs/workbench/api/node/extensionHostProcess.js:87:45332)
["INFO" - 8:22:50 PM] Formatting completed in 0.013ms.
["INFO" - 8:23:37 PM] Formatting file:///home/upalb/Code/Programming-Hero/Milestone%202%20Practice/css/style.css
["INFO" - 8:23:37 PM] Using ignore file (if present) at /home/upalb/Code/Programming-Hero/Milestone 2 Practice/.prettierignore
["INFO" - 8:23:37 PM] File Info:
{
  "ignored": false,
  "inferredParser": "css"
}
["INFO" - 8:23:37 PM] No local configuration (i.e. .prettierrc or .editorconfig) detected, falling back to VS Code configuration
["INFO" - 8:23:37 PM] Prettier Options:
{
  "arrowParens": "always",
  "bracketSpacing": true,
  "endOfLine": "lf",
  "htmlWhitespaceSensitivity": "css",
  "insertPragma": false,
  "jsxBracketSameLine": false,
  "jsxSingleQuote": false,
  "printWidth": 80,
  "proseWrap": "preserve",
  "quoteProps": "as-needed",
  "requirePragma": false,
  "semi": true,
  "singleQuote": true,
  "tabWidth": 2,
  "trailingComma": "es5",
  "useTabs": false,
  "vueIndentScriptAndStyle": false,
  "filepath": "/home/upalb/Code/Programming-Hero/Milestone 2 Practice/css/style.css",
  "parser": "css"
}
["ERROR" - 8:23:37 PM] Error formatting document.
["ERROR" - 8:23:37 PM] CssSyntaxError: Missed semicolon (7:3)
   5 |   /* colors */
   6 |   --clr-dark: 
>  7 |   --clr-light: #fff;
     |   ^
   8 |   --clr--accent: #562EFF;
   9 |   --ff-sans: 'Poppins', sans-serif;
  10 | }
SyntaxError: CssSyntaxError: Missed semicolon (7:3)
   5 |   /* colors */
   6 |   --clr-dark: 
>  7 |   --clr-light: #fff;
     |   ^
   8 |   --clr--accent: #562EFF;
   9 |   --ff-sans: 'Poppins', sans-serif;
  10 | }
    at i (/home/upalb/.vscode-oss/extensions/esbenp.prettier-vscode-9.5.0/node_modules/prettier/parser-postcss.js:1:12833)
    at la (/home/upalb/.vscode-oss/extensions/esbenp.prettier-vscode-9.5.0/node_modules/prettier/parser-postcss.js:76:8032)
    at bt (/home/upalb/.vscode-oss/extensions/esbenp.prettier-vscode-9.5.0/node_modules/prettier/parser-postcss.js:76:8475)
    at Object.cp [as parse] (/home/upalb/.vscode-oss/extensions/esbenp.prettier-vscode-9.5.0/node_modules/prettier/parser-postcss.js:76:8342)
    at Object.parse (/home/upalb/.vscode-oss/extensions/esbenp.prettier-vscode-9.5.0/node_modules/prettier/index.js:7330:23)
    at coreFormat (/home/upalb/.vscode-oss/extensions/esbenp.prettier-vscode-9.5.0/node_modules/prettier/index.js:8641:18)
    at formatWithCursor2 (/home/upalb/.vscode-oss/extensions/esbenp.prettier-vscode-9.5.0/node_modules/prettier/index.js:8833:18)
    at /home/upalb/.vscode-oss/extensions/esbenp.prettier-vscode-9.5.0/node_modules/prettier/index.js:39137:12
    at Object.Success [as format] (/home/upalb/.vscode-oss/extensions/esbenp.prettier-vscode-9.5.0/node_modules/prettier/index.js:39151:12)
    at t.default.format (/home/upalb/.vscode-oss/extensions/esbenp.prettier-vscode-9.5.0/src/PrettierEditService.ts:463:45)
    at t.PrettierEditProvider.provideEdits (/home/upalb/.vscode-oss/extensions/esbenp.prettier-vscode-9.5.0/src/PrettierEditService.ts:322:22)
    at N.provideDocumentFormattingEdits (/opt/vscodium-bin/resources/app/out/vs/workbench/api/node/extensionHostProcess.js:87:45332)
["INFO" - 8:23:37 PM] Formatting completed in 0.117ms.
["INFO" - 8:24:17 PM] Formatting file:///home/upalb/Code/Programming-Hero/Milestone%202%20Practice/css/style.css
["INFO" - 8:24:17 PM] Using ignore file (if present) at /home/upalb/Code/Programming-Hero/Milestone 2 Practice/.prettierignore
["INFO" - 8:24:17 PM] File Info:
{
  "ignored": false,
  "inferredParser": "css"
}
["INFO" - 8:24:17 PM] No local configuration (i.e. .prettierrc or .editorconfig) detected, falling back to VS Code configuration
["INFO" - 8:24:17 PM] Prettier Options:
{
  "arrowParens": "always",
  "bracketSpacing": true,
  "endOfLine": "lf",
  "htmlWhitespaceSensitivity": "css",
  "insertPragma": false,
  "jsxBracketSameLine": false,
  "jsxSingleQuote": false,
  "printWidth": 80,
  "proseWrap": "preserve",
  "quoteProps": "as-needed",
  "requirePragma": false,
  "semi": true,
  "singleQuote": true,
  "tabWidth": 2,
  "trailingComma": "es5",
  "useTabs": false,
  "vueIndentScriptAndStyle": false,
  "filepath": "/home/upalb/Code/Programming-Hero/Milestone 2 Practice/css/style.css",
  "parser": "css"
}
["INFO" - 8:24:17 PM] Formatting completed in 0.06ms.
["INFO" - 8:24:49 PM] Formatting file:///home/upalb/Code/Programming-Hero/Milestone%202%20Practice/css/style.css
["INFO" - 8:24:49 PM] Using ignore file (if present) at /home/upalb/Code/Programming-Hero/Milestone 2 Practice/.prettierignore
["INFO" - 8:24:49 PM] File Info:
{
  "ignored": false,
  "inferredParser": "css"
}
["INFO" - 8:24:49 PM] No local configuration (i.e. .prettierrc or .editorconfig) detected, falling back to VS Code configuration
["INFO" - 8:24:49 PM] Prettier Options:
{
  "arrowParens": "always",
  "bracketSpacing": true,
  "endOfLine": "lf",
  "htmlWhitespaceSensitivity": "css",
  "insertPragma": false,
  "jsxBracketSameLine": false,
  "jsxSingleQuote": false,
  "printWidth": 80,
  "proseWrap": "preserve",
  "quoteProps": "as-needed",
  "requirePragma": false,
  "semi": true,
  "singleQuote": true,
  "tabWidth": 2,
  "trailingComma": "es5",
  "useTabs": false,
  "vueIndentScriptAndStyle": false,
  "filepath": "/home/upalb/Code/Programming-Hero/Milestone 2 Practice/css/style.css",
  "parser": "css"
}
["INFO" - 8:24:49 PM] Formatting completed in 0.06ms.
["INFO" - 8:24:54 PM] Formatting file:///home/upalb/Code/Programming-Hero/Milestone%202%20Practice/css/style.css
["INFO" - 8:24:54 PM] Using ignore file (if present) at /home/upalb/Code/Programming-Hero/Milestone 2 Practice/.prettierignore
["INFO" - 8:24:54 PM] File Info:
{
  "ignored": false,
  "inferredParser": "css"
}
["INFO" - 8:24:54 PM] No local configuration (i.e. .prettierrc or .editorconfig) detected, falling back to VS Code configuration
["INFO" - 8:24:54 PM] Prettier Options:
{
  "arrowParens": "always",
  "bracketSpacing": true,
  "endOfLine": "lf",
  "htmlWhitespaceSensitivity": "css",
  "insertPragma": false,
  "jsxBracketSameLine": false,
  "jsxSingleQuote": false,
  "printWidth": 80,
  "proseWrap": "preserve",
  "quoteProps": "as-needed",
  "requirePragma": false,
  "semi": true,
  "singleQuote": true,
  "tabWidth": 2,
  "trailingComma": "es5",
  "useTabs": false,
  "vueIndentScriptAndStyle": false,
  "filepath": "/home/upalb/Code/Programming-Hero/Milestone 2 Practice/css/style.css",
  "parser": "css"
}
["INFO" - 8:24:54 PM] Formatting completed in 0.054ms.
["INFO" - 8:25:11 PM] Formatting file:///home/upalb/Code/Programming-Hero/Milestone%202%20Practice/css/style.css
["INFO" - 8:25:11 PM] Using ignore file (if present) at /home/upalb/Code/Programming-Hero/Milestone 2 Practice/.prettierignore
["INFO" - 8:25:11 PM] File Info:
{
  "ignored": false,
  "inferredParser": "css"
}
["INFO" - 8:25:11 PM] No local configuration (i.e. .prettierrc or .editorconfig) detected, falling back to VS Code configuration
["INFO" - 8:25:11 PM] Prettier Options:
{
  "arrowParens": "always",
  "bracketSpacing": true,
  "endOfLine": "lf",
  "htmlWhitespaceSensitivity": "css",
  "insertPragma": false,
  "jsxBracketSameLine": false,
  "jsxSingleQuote": false,
  "printWidth": 80,
  "proseWrap": "preserve",
  "quoteProps": "as-needed",
  "requirePragma": false,
  "semi": true,
  "singleQuote": true,
  "tabWidth": 2,
  "trailingComma": "es5",
  "useTabs": false,
  "vueIndentScriptAndStyle": false,
  "filepath": "/home/upalb/Code/Programming-Hero/Milestone 2 Practice/css/style.css",
  "parser": "css"
}
["INFO" - 8:25:11 PM] Formatting completed in 0.042ms.
["INFO" - 8:25:27 PM] Formatting file:///home/upalb/Code/Programming-Hero/Milestone%202%20Practice/css/style.css
["INFO" - 8:25:27 PM] Using ignore file (if present) at /home/upalb/Code/Programming-Hero/Milestone 2 Practice/.prettierignore
["INFO" - 8:25:27 PM] File Info:
{
  "ignored": false,
  "inferredParser": "css"
}
["INFO" - 8:25:27 PM] No local configuration (i.e. .prettierrc or .editorconfig) detected, falling back to VS Code configuration
["INFO" - 8:25:27 PM] Prettier Options:
{
  "arrowParens": "always",
  "bracketSpacing": true,
  "endOfLine": "lf",
  "htmlWhitespaceSensitivity": "css",
  "insertPragma": false,
  "jsxBracketSameLine": false,
  "jsxSingleQuote": false,
  "printWidth": 80,
  "proseWrap": "preserve",
  "quoteProps": "as-needed",
  "requirePragma": false,
  "semi": true,
  "singleQuote": true,
  "tabWidth": 2,
  "trailingComma": "es5",
  "useTabs": false,
  "vueIndentScriptAndStyle": false,
  "filepath": "/home/upalb/Code/Programming-Hero/Milestone 2 Practice/css/style.css",
  "parser": "css"
}
["INFO" - 8:25:27 PM] Formatting completed in 0.024ms.
["INFO" - 8:25:44 PM] Formatting file:///home/upalb/Code/Programming-Hero/Milestone%202%20Practice/css/style.css
["INFO" - 8:25:44 PM] Using ignore file (if present) at /home/upalb/Code/Programming-Hero/Milestone 2 Practice/.prettierignore
["INFO" - 8:25:44 PM] File Info:
{
  "ignored": false,
  "inferredParser": "css"
}
["INFO" - 8:25:44 PM] No local configuration (i.e. .prettierrc or .editorconfig) detected, falling back to VS Code configuration
["INFO" - 8:25:44 PM] Prettier Options:
{
  "arrowParens": "always",
  "bracketSpacing": true,
  "endOfLine": "lf",
  "htmlWhitespaceSensitivity": "css",
  "insertPragma": false,
  "jsxBracketSameLine": false,
  "jsxSingleQuote": false,
  "printWidth": 80,
  "proseWrap": "preserve",
  "quoteProps": "as-needed",
  "requirePragma": false,
  "semi": true,
  "singleQuote": true,
  "tabWidth": 2,
  "trailingComma": "es5",
  "useTabs": false,
  "vueIndentScriptAndStyle": false,
  "filepath": "/home/upalb/Code/Programming-Hero/Milestone 2 Practice/css/style.css",
  "parser": "css"
}
["INFO" - 8:25:44 PM] Formatting completed in 0.027ms.
["INFO" - 8:26:11 PM] Formatting file:///home/upalb/Code/Programming-Hero/Milestone%202%20Practice/css/style.css
["INFO" - 8:26:11 PM] Using ignore file (if present) at /home/upalb/Code/Programming-Hero/Milestone 2 Practice/.prettierignore
["INFO" - 8:26:11 PM] File Info:
{
  "ignored": false,
  "inferredParser": "css"
}
["INFO" - 8:26:11 PM] No local configuration (i.e. .prettierrc or .editorconfig) detected, falling back to VS Code configuration
["INFO" - 8:26:11 PM] Prettier Options:
{
  "arrowParens": "always",
  "bracketSpacing": true,
  "endOfLine": "lf",
  "htmlWhitespaceSensitivity": "css",
  "insertPragma": false,
  "jsxBracketSameLine": false,
  "jsxSingleQuote": false,
  "printWidth": 80,
  "proseWrap": "preserve",
  "quoteProps": "as-needed",
  "requirePragma": false,
  "semi": true,
  "singleQuote": true,
  "tabWidth": 2,
  "trailingComma": "es5",
  "useTabs": false,
  "vueIndentScriptAndStyle": false,
  "filepath": "/home/upalb/Code/Programming-Hero/Milestone 2 Practice/css/style.css",
  "parser": "css"
}
["INFO" - 8:26:11 PM] Formatting completed in 0.021ms.
["INFO" - 8:26:28 PM] Formatting file:///home/upalb/Code/Programming-Hero/Milestone%202%20Practice/css/style.css
["INFO" - 8:26:28 PM] Using ignore file (if present) at /home/upalb/Code/Programming-Hero/Milestone 2 Practice/.prettierignore
["INFO" - 8:26:28 PM] File Info:
{
  "ignored": false,
  "inferredParser": "css"
}
["INFO" - 8:26:28 PM] No local configuration (i.e. .prettierrc or .editorconfig) detected, falling back to VS Code configuration
["INFO" - 8:26:28 PM] Prettier Options:
{
  "arrowParens": "always",
  "bracketSpacing": true,
  "endOfLine": "lf",
  "htmlWhitespaceSensitivity": "css",
  "insertPragma": false,
  "jsxBracketSameLine": false,
  "jsxSingleQuote": false,
  "printWidth": 80,
  "proseWrap": "preserve",
  "quoteProps": "as-needed",
  "requirePragma": false,
  "semi": true,
  "singleQuote": true,
  "tabWidth": 2,
  "trailingComma": "es5",
  "useTabs": false,
  "vueIndentScriptAndStyle": false,
  "filepath": "/home/upalb/Code/Programming-Hero/Milestone 2 Practice/css/style.css",
  "parser": "css"
}
["INFO" - 8:26:29 PM] Formatting completed in 0.035ms.
["INFO" - 8:26:37 PM] Formatting file:///home/upalb/Code/Programming-Hero/Milestone%202%20Practice/css/style.css
["INFO" - 8:26:37 PM] Using ignore file (if present) at /home/upalb/Code/Programming-Hero/Milestone 2 Practice/.prettierignore
["INFO" - 8:26:37 PM] File Info:
{
  "ignored": false,
  "inferredParser": "css"
}
["INFO" - 8:26:37 PM] No local configuration (i.e. .prettierrc or .editorconfig) detected, falling back to VS Code configuration
["INFO" - 8:26:37 PM] Prettier Options:
{
  "arrowParens": "always",
  "bracketSpacing": true,
  "endOfLine": "lf",
  "htmlWhitespaceSensitivity": "css",
  "insertPragma": false,
  "jsxBracketSameLine": false,
  "jsxSingleQuote": false,
  "printWidth": 80,
  "proseWrap": "preserve",
  "quoteProps": "as-needed",
  "requirePragma": false,
  "semi": true,
  "singleQuote": true,
  "tabWidth": 2,
  "trailingComma": "es5",
  "useTabs": false,
  "vueIndentScriptAndStyle": false,
  "filepath": "/home/upalb/Code/Programming-Hero/Milestone 2 Practice/css/style.css",
  "parser": "css"
}
["INFO" - 8:26:37 PM] Formatting completed in 0.028ms.
["INFO" - 8:26:49 PM] Formatting file:///home/upalb/Code/Programming-Hero/Milestone%202%20Practice/css/style.css
["INFO" - 8:26:49 PM] Using ignore file (if present) at /home/upalb/Code/Programming-Hero/Milestone 2 Practice/.prettierignore
["INFO" - 8:26:49 PM] File Info:
{
  "ignored": false,
  "inferredParser": "css"
}
["INFO" - 8:26:49 PM] No local configuration (i.e. .prettierrc or .editorconfig) detected, falling back to VS Code configuration
["INFO" - 8:26:49 PM] Prettier Options:
{
  "arrowParens": "always",
  "bracketSpacing": true,
  "endOfLine": "lf",
  "htmlWhitespaceSensitivity": "css",
  "insertPragma": false,
  "jsxBracketSameLine": false,
  "jsxSingleQuote": false,
  "printWidth": 80,
  "proseWrap": "preserve",
  "quoteProps": "as-needed",
  "requirePragma": false,
  "semi": true,
  "singleQuote": true,
  "tabWidth": 2,
  "trailingComma": "es5",
  "useTabs": false,
  "vueIndentScriptAndStyle": false,
  "filepath": "/home/upalb/Code/Programming-Hero/Milestone 2 Practice/css/style.css",
  "parser": "css"
}
["INFO" - 8:26:49 PM] Formatting completed in 0.023ms.
["INFO" - 8:27:34 PM] Formatting file:///home/upalb/Code/Programming-Hero/Milestone%202%20Practice/css/style.css
["INFO" - 8:27:34 PM] Using ignore file (if present) at /home/upalb/Code/Programming-Hero/Milestone 2 Practice/.prettierignore
["INFO" - 8:27:34 PM] File Info:
{
  "ignored": false,
  "inferredParser": "css"
}
["INFO" - 8:27:34 PM] No local configuration (i.e. .prettierrc or .editorconfig) detected, falling back to VS Code configuration
["INFO" - 8:27:34 PM] Prettier Options:
{
  "arrowParens": "always",
  "bracketSpacing": true,
  "endOfLine": "lf",
  "htmlWhitespaceSensitivity": "css",
  "insertPragma": false,
  "jsxBracketSameLine": false,
  "jsxSingleQuote": false,
  "printWidth": 80,
  "proseWrap": "preserve",
  "quoteProps": "as-needed",
  "requirePragma": false,
  "semi": true,
  "singleQuote": true,
  "tabWidth": 2,
  "trailingComma": "es5",
  "useTabs": false,
  "vueIndentScriptAndStyle": false,
  "filepath": "/home/upalb/Code/Programming-Hero/Milestone 2 Practice/css/style.css",
  "parser": "css"
}
["INFO" - 8:27:34 PM] Formatting completed in 0.036ms.
["INFO" - 8:27:37 PM] Formatting file:///home/upalb/Code/Programming-Hero/Milestone%202%20Practice/css/style.css
["INFO" - 8:27:37 PM] Using ignore file (if present) at /home/upalb/Code/Programming-Hero/Milestone 2 Practice/.prettierignore
["INFO" - 8:27:37 PM] File Info:
{
  "ignored": false,
  "inferredParser": "css"
}
["INFO" - 8:27:37 PM] No local configuration (i.e. .prettierrc or .editorconfig) detected, falling back to VS Code configuration
["INFO" - 8:27:37 PM] Prettier Options:
{
  "arrowParens": "always",
  "bracketSpacing": true,
  "endOfLine": "lf",
  "htmlWhitespaceSensitivity": "css",
  "insertPragma": false,
  "jsxBracketSameLine": false,
  "jsxSingleQuote": false,
  "printWidth": 80,
  "proseWrap": "preserve",
  "quoteProps": "as-needed",
  "requirePragma": false,
  "semi": true,
  "singleQuote": true,
  "tabWidth": 2,
  "trailingComma": "es5",
  "useTabs": false,
  "vueIndentScriptAndStyle": false,
  "filepath": "/home/upalb/Code/Programming-Hero/Milestone 2 Practice/css/style.css",
  "parser": "css"
}
["INFO" - 8:27:37 PM] Formatting completed in 0.028ms.
["INFO" - 8:27:41 PM] Formatting file:///home/upalb/Code/Programming-Hero/Milestone%202%20Practice/css/style.css
["INFO" - 8:27:41 PM] Using ignore file (if present) at /home/upalb/Code/Programming-Hero/Milestone 2 Practice/.prettierignore
["INFO" - 8:27:41 PM] File Info:
{
  "ignored": false,
  "inferredParser": "css"
}
["INFO" - 8:27:41 PM] No local configuration (i.e. .prettierrc or .editorconfig) detected, falling back to VS Code configuration
["INFO" - 8:27:41 PM] Prettier Options:
{
  "arrowParens": "always",
  "bracketSpacing": true,
  "endOfLine": "lf",
  "htmlWhitespaceSensitivity": "css",
  "insertPragma": false,
  "jsxBracketSameLine": false,
  "jsxSingleQuote": false,
  "printWidth": 80,
  "proseWrap": "preserve",
  "quoteProps": "as-needed",
  "requirePragma": false,
  "semi": true,
  "singleQuote": true,
  "tabWidth": 2,
  "trailingComma": "es5",
  "useTabs": false,
  "vueIndentScriptAndStyle": false,
  "filepath": "/home/upalb/Code/Programming-Hero/Milestone 2 Practice/css/style.css",
  "parser": "css"
}
["INFO" - 8:27:41 PM] Formatting completed in 0.022ms.
["INFO" - 8:27:43 PM] Formatting file:///home/upalb/Code/Programming-Hero/Milestone%202%20Practice/css/style.css
["INFO" - 8:27:43 PM] Using ignore file (if present) at /home/upalb/Code/Programming-Hero/Milestone 2 Practice/.prettierignore
["INFO" - 8:27:43 PM] File Info:
{
  "ignored": false,
  "inferredParser": "css"
}
["INFO" - 8:27:43 PM] No local configuration (i.e. .prettierrc or .editorconfig) detected, falling back to VS Code configuration
["INFO" - 8:27:43 PM] Prettier Options:
{
  "arrowParens": "always",
  "bracketSpacing": true,
  "endOfLine": "lf",
  "htmlWhitespaceSensitivity": "css",
  "insertPragma": false,
  "jsxBracketSameLine": false,
  "jsxSingleQuote": false,
  "printWidth": 80,
  "proseWrap": "preserve",
  "quoteProps": "as-needed",
  "requirePragma": false,
  "semi": true,
  "singleQuote": true,
  "tabWidth": 2,
  "trailingComma": "es5",
  "useTabs": false,
  "vueIndentScriptAndStyle": false,
  "filepath": "/home/upalb/Code/Programming-Hero/Milestone 2 Practice/css/style.css",
  "parser": "css"
}
["INFO" - 8:27:43 PM] Formatting completed in 0.024ms.
["INFO" - 8:27:49 PM] Formatting file:///home/upalb/Code/Programming-Hero/Milestone%202%20Practice/css/style.css
["INFO" - 8:27:49 PM] Using ignore file (if present) at /home/upalb/Code/Programming-Hero/Milestone 2 Practice/.prettierignore
["INFO" - 8:27:49 PM] File Info:
{
  "ignored": false,
  "inferredParser": "css"
}
["INFO" - 8:27:49 PM] No local configuration (i.e. .prettierrc or .editorconfig) detected, falling back to VS Code configuration
["INFO" - 8:27:49 PM] Prettier Options:
{
  "arrowParens": "always",
  "bracketSpacing": true,
  "endOfLine": "lf",
  "htmlWhitespaceSensitivity": "css",
  "insertPragma": false,
  "jsxBracketSameLine": false,
  "jsxSingleQuote": false,
  "printWidth": 80,
  "proseWrap": "preserve",
  "quoteProps": "as-needed",
  "requirePragma": false,
  "semi": true,
  "singleQuote": true,
  "tabWidth": 2,
  "trailingComma": "es5",
  "useTabs": false,
  "vueIndentScriptAndStyle": false,
  "filepath": "/home/upalb/Code/Programming-Hero/Milestone 2 Practice/css/style.css",
  "parser": "css"
}
["INFO" - 8:27:49 PM] Formatting completed in 0.025ms.
["INFO" - 8:28:07 PM] Formatting file:///home/upalb/Code/Programming-Hero/Milestone%202%20Practice/css/style.css
["INFO" - 8:28:07 PM] Using ignore file (if present) at /home/upalb/Code/Programming-Hero/Milestone 2 Practice/.prettierignore
["INFO" - 8:28:07 PM] File Info:
{
  "ignored": false,
  "inferredParser": "css"
}
["INFO" - 8:28:07 PM] No local configuration (i.e. .prettierrc or .editorconfig) detected, falling back to VS Code configuration
["INFO" - 8:28:07 PM] Prettier Options:
{
  "arrowParens": "always",
  "bracketSpacing": true,
  "endOfLine": "lf",
  "htmlWhitespaceSensitivity": "css",
  "insertPragma": false,
  "jsxBracketSameLine": false,
  "jsxSingleQuote": false,
  "printWidth": 80,
  "proseWrap": "preserve",
  "quoteProps": "as-needed",
  "requirePragma": false,
  "semi": true,
  "singleQuote": true,
  "tabWidth": 2,
  "trailingComma": "es5",
  "useTabs": false,
  "vueIndentScriptAndStyle": false,
  "filepath": "/home/upalb/Code/Programming-Hero/Milestone 2 Practice/css/style.css",
  "parser": "css"
}
["INFO" - 8:28:07 PM] Formatting completed in 0.065ms.
["INFO" - 8:28:18 PM] Formatting file:///home/upalb/Code/Programming-Hero/Milestone%202%20Practice/css/style.css
["INFO" - 8:28:18 PM] Using ignore file (if present) at /home/upalb/Code/Programming-Hero/Milestone 2 Practice/.prettierignore
["INFO" - 8:28:18 PM] File Info:
{
  "ignored": false,
  "inferredParser": "css"
}
["INFO" - 8:28:18 PM] No local configuration (i.e. .prettierrc or .editorconfig) detected, falling back to VS Code configuration
["INFO" - 8:28:18 PM] Prettier Options:
{
  "arrowParens": "always",
  "bracketSpacing": true,
  "endOfLine": "lf",
  "htmlWhitespaceSensitivity": "css",
  "insertPragma": false,
  "jsxBracketSameLine": false,
  "jsxSingleQuote": false,
  "printWidth": 80,
  "proseWrap": "preserve",
  "quoteProps": "as-needed",
  "requirePragma": false,
  "semi": true,
  "singleQuote": true,
  "tabWidth": 2,
  "trailingComma": "es5",
  "useTabs": false,
  "vueIndentScriptAndStyle": false,
  "filepath": "/home/upalb/Code/Programming-Hero/Milestone 2 Practice/css/style.css",
  "parser": "css"
}
["INFO" - 8:28:18 PM] Formatting completed in 0.051ms.
["INFO" - 8:28:28 PM] Formatting file:///home/upalb/Code/Programming-Hero/Milestone%202%20Practice/css/style.css
["INFO" - 8:28:28 PM] Using ignore file (if present) at /home/upalb/Code/Programming-Hero/Milestone 2 Practice/.prettierignore
["INFO" - 8:28:28 PM] File Info:
{
  "ignored": false,
  "inferredParser": "css"
}
["INFO" - 8:28:28 PM] No local configuration (i.e. .prettierrc or .editorconfig) detected, falling back to VS Code configuration
["INFO" - 8:28:28 PM] Prettier Options:
{
  "arrowParens": "always",
  "bracketSpacing": true,
  "endOfLine": "lf",
  "htmlWhitespaceSensitivity": "css",
  "insertPragma": false,
  "jsxBracketSameLine": false,
  "jsxSingleQuote": false,
  "printWidth": 80,
  "proseWrap": "preserve",
  "quoteProps": "as-needed",
  "requirePragma": false,
  "semi": true,
  "singleQuote": true,
  "tabWidth": 2,
  "trailingComma": "es5",
  "useTabs": false,
  "vueIndentScriptAndStyle": false,
  "filepath": "/home/upalb/Code/Programming-Hero/Milestone 2 Practice/css/style.css",
  "parser": "css"
}
["INFO" - 8:28:28 PM] Formatting completed in 0.026ms.
["INFO" - 8:28:38 PM] Formatting file:///home/upalb/Code/Programming-Hero/Milestone%202%20Practice/css/style.css
["INFO" - 8:28:38 PM] Using ignore file (if present) at /home/upalb/Code/Programming-Hero/Milestone 2 Practice/.prettierignore
["INFO" - 8:28:38 PM] File Info:
{
  "ignored": false,
  "inferredParser": "css"
}
["INFO" - 8:28:38 PM] No local configuration (i.e. .prettierrc or .editorconfig) detected, falling back to VS Code configuration
["INFO" - 8:28:38 PM] Prettier Options:
{
  "arrowParens": "always",
  "bracketSpacing": true,
  "endOfLine": "lf",
  "htmlWhitespaceSensitivity": "css",
  "insertPragma": false,
  "jsxBracketSameLine": false,
  "jsxSingleQuote": false,
  "printWidth": 80,
  "proseWrap": "preserve",
  "quoteProps": "as-needed",
  "requirePragma": false,
  "semi": true,
  "singleQuote": true,
  "tabWidth": 2,
  "trailingComma": "es5",
  "useTabs": false,
  "vueIndentScriptAndStyle": false,
  "filepath": "/home/upalb/Code/Programming-Hero/Milestone 2 Practice/css/style.css",
  "parser": "css"
}
["INFO" - 8:28:38 PM] Formatting completed in 0.032ms.
["INFO" - 8:28:58 PM] Formatting file:///home/upalb/Code/Programming-Hero/Milestone%202%20Practice/css/style.css
["INFO" - 8:28:59 PM] Using ignore file (if present) at /home/upalb/Code/Programming-Hero/Milestone 2 Practice/.prettierignore
["INFO" - 8:28:59 PM] File Info:
{
  "ignored": false,
  "inferredParser": "css"
}
["INFO" - 8:28:59 PM] No local configuration (i.e. .prettierrc or .editorconfig) detected, falling back to VS Code configuration
["INFO" - 8:28:59 PM] Prettier Options:
{
  "arrowParens": "always",
  "bracketSpacing": true,
  "endOfLine": "lf",
  "htmlWhitespaceSensitivity": "css",
  "insertPragma": false,
  "jsxBracketSameLine": false,
  "jsxSingleQuote": false,
  "printWidth": 80,
  "proseWrap": "preserve",
  "quoteProps": "as-needed",
  "requirePragma": false,
  "semi": true,
  "singleQuote": true,
  "tabWidth": 2,
  "trailingComma": "es5",
  "useTabs": false,
  "vueIndentScriptAndStyle": false,
  "filepath": "/home/upalb/Code/Programming-Hero/Milestone 2 Practice/css/style.css",
  "parser": "css"
}
["INFO" - 8:28:59 PM] Formatting completed in 0.026ms.
["INFO" - 8:29:21 PM] Formatting file:///home/upalb/Code/Programming-Hero/Milestone%202%20Practice/css/style.css
["INFO" - 8:29:21 PM] Using ignore file (if present) at /home/upalb/Code/Programming-Hero/Milestone 2 Practice/.prettierignore
["INFO" - 8:29:21 PM] File Info:
{
  "ignored": false,
  "inferredParser": "css"
}
["INFO" - 8:29:21 PM] No local configuration (i.e. .prettierrc or .editorconfig) detected, falling back to VS Code configuration
["INFO" - 8:29:21 PM] Prettier Options:
{
  "arrowParens": "always",
  "bracketSpacing": true,
  "endOfLine": "lf",
  "htmlWhitespaceSensitivity": "css",
  "insertPragma": false,
  "jsxBracketSameLine": false,
  "jsxSingleQuote": false,
  "printWidth": 80,
  "proseWrap": "preserve",
  "quoteProps": "as-needed",
  "requirePragma": false,
  "semi": true,
  "singleQuote": true,
  "tabWidth": 2,
  "trailingComma": "es5",
  "useTabs": false,
  "vueIndentScriptAndStyle": false,
  "filepath": "/home/upalb/Code/Programming-Hero/Milestone 2 Practice/css/style.css",
  "parser": "css"
}
["INFO" - 8:29:21 PM] Formatting completed in 0.032ms.
["INFO" - 8:29:34 PM] Formatting file:///home/upalb/Code/Programming-Hero/Milestone%202%20Practice/css/style.css
["INFO" - 8:29:34 PM] Using ignore file (if present) at /home/upalb/Code/Programming-Hero/Milestone 2 Practice/.prettierignore
["INFO" - 8:29:34 PM] File Info:
{
  "ignored": false,
  "inferredParser": "css"
}
["INFO" - 8:29:34 PM] No local configuration (i.e. .prettierrc or .editorconfig) detected, falling back to VS Code configuration
["INFO" - 8:29:34 PM] Prettier Options:
{
  "arrowParens": "always",
  "bracketSpacing": true,
  "endOfLine": "lf",
  "htmlWhitespaceSensitivity": "css",
  "insertPragma": false,
  "jsxBracketSameLine": false,
  "jsxSingleQuote": false,
  "printWidth": 80,
  "proseWrap": "preserve",
  "quoteProps": "as-needed",
  "requirePragma": false,
  "semi": true,
  "singleQuote": true,
  "tabWidth": 2,
  "trailingComma": "es5",
  "useTabs": false,
  "vueIndentScriptAndStyle": false,
  "filepath": "/home/upalb/Code/Programming-Hero/Milestone 2 Practice/css/style.css",
  "parser": "css"
}
["INFO" - 8:29:34 PM] Formatting completed in 0.056ms.
["INFO" - 8:29:45 PM] Formatting file:///home/upalb/Code/Programming-Hero/Milestone%202%20Practice/css/style.css
["INFO" - 8:29:45 PM] Using ignore file (if present) at /home/upalb/Code/Programming-Hero/Milestone 2 Practice/.prettierignore
["INFO" - 8:29:45 PM] File Info:
{
  "ignored": false,
  "inferredParser": "css"
}
["INFO" - 8:29:45 PM] No local configuration (i.e. .prettierrc or .editorconfig) detected, falling back to VS Code configuration
["INFO" - 8:29:45 PM] Prettier Options:
{
  "arrowParens": "always",
  "bracketSpacing": true,
  "endOfLine": "lf",
  "htmlWhitespaceSensitivity": "css",
  "insertPragma": false,
  "jsxBracketSameLine": false,
  "jsxSingleQuote": false,
  "printWidth": 80,
  "proseWrap": "preserve",
  "quoteProps": "as-needed",
  "requirePragma": false,
  "semi": true,
  "singleQuote": true,
  "tabWidth": 2,
  "trailingComma": "es5",
  "useTabs": false,
  "vueIndentScriptAndStyle": false,
  "filepath": "/home/upalb/Code/Programming-Hero/Milestone 2 Practice/css/style.css",
  "parser": "css"
}
["INFO" - 8:29:45 PM] Formatting completed in 0.042ms.
["INFO" - 8:29:50 PM] Formatting file:///home/upalb/Code/Programming-Hero/Milestone%202%20Practice/css/style.css
["INFO" - 8:29:50 PM] Using ignore file (if present) at /home/upalb/Code/Programming-Hero/Milestone 2 Practice/.prettierignore
["INFO" - 8:29:50 PM] File Info:
{
  "ignored": false,
  "inferredParser": "css"
}
["INFO" - 8:29:50 PM] No local configuration (i.e. .prettierrc or .editorconfig) detected, falling back to VS Code configuration
["INFO" - 8:29:50 PM] Prettier Options:
{
  "arrowParens": "always",
  "bracketSpacing": true,
  "endOfLine": "lf",
  "htmlWhitespaceSensitivity": "css",
  "insertPragma": false,
  "jsxBracketSameLine": false,
  "jsxSingleQuote": false,
  "printWidth": 80,
  "proseWrap": "preserve",
  "quoteProps": "as-needed",
  "requirePragma": false,
  "semi": true,
  "singleQuote": true,
  "tabWidth": 2,
  "trailingComma": "es5",
  "useTabs": false,
  "vueIndentScriptAndStyle": false,
  "filepath": "/home/upalb/Code/Programming-Hero/Milestone 2 Practice/css/style.css",
  "parser": "css"
}
["INFO" - 8:29:50 PM] Formatting completed in 0.031ms.
["INFO" - 8:29:54 PM] Formatting file:///home/upalb/Code/Programming-Hero/Milestone%202%20Practice/css/style.css
["INFO" - 8:29:54 PM] Using ignore file (if present) at /home/upalb/Code/Programming-Hero/Milestone 2 Practice/.prettierignore
["INFO" - 8:29:54 PM] File Info:
{
  "ignored": false,
  "inferredParser": "css"
}
["INFO" - 8:29:54 PM] No local configuration (i.e. .prettierrc or .editorconfig) detected, falling back to VS Code configuration
["INFO" - 8:29:54 PM] Prettier Options:
{
  "arrowParens": "always",
  "bracketSpacing": true,
  "endOfLine": "lf",
  "htmlWhitespaceSensitivity": "css",
  "insertPragma": false,
  "jsxBracketSameLine": false,
  "jsxSingleQuote": false,
  "printWidth": 80,
  "proseWrap": "preserve",
  "quoteProps": "as-needed",
  "requirePragma": false,
  "semi": true,
  "singleQuote": true,
  "tabWidth": 2,
  "trailingComma": "es5",
  "useTabs": false,
  "vueIndentScriptAndStyle": false,
  "filepath": "/home/upalb/Code/Programming-Hero/Milestone 2 Practice/css/style.css",
  "parser": "css"
}
["INFO" - 8:29:54 PM] Formatting completed in 0.031ms.
["INFO" - 8:30:56 PM] Formatting file:///home/upalb/Code/Programming-Hero/Milestone%202%20Practice/index.html
["INFO" - 8:30:56 PM] Using ignore file (if present) at /home/upalb/Code/Programming-Hero/Milestone 2 Practice/.prettierignore
["INFO" - 8:30:56 PM] File Info:
{
  "ignored": false,
  "inferredParser": "html"
}
["INFO" - 8:30:56 PM] No local configuration (i.e. .prettierrc or .editorconfig) detected, falling back to VS Code configuration
["INFO" - 8:30:56 PM] Prettier Options:
{
  "arrowParens": "always",
  "bracketSpacing": true,
  "endOfLine": "lf",
  "htmlWhitespaceSensitivity": "css",
  "insertPragma": false,
  "jsxBracketSameLine": false,
  "jsxSingleQuote": false,
  "printWidth": 80,
  "proseWrap": "preserve",
  "quoteProps": "as-needed",
  "requirePragma": false,
  "semi": true,
  "singleQuote": true,
  "tabWidth": 2,
  "trailingComma": "es5",
  "useTabs": false,
  "vueIndentScriptAndStyle": false,
  "filepath": "/home/upalb/Code/Programming-Hero/Milestone 2 Practice/index.html",
  "parser": "html"
}
["INFO" - 8:30:56 PM] Formatting completed in 0.09ms.
["INFO" - 8:30:57 PM] Formatting file:///home/upalb/Code/Programming-Hero/Milestone%202%20Practice/index.html
["INFO" - 8:30:57 PM] Using ignore file (if present) at /home/upalb/Code/Programming-Hero/Milestone 2 Practice/.prettierignore
["INFO" - 8:30:57 PM] File Info:
{
  "ignored": false,
  "inferredParser": "html"
}
["INFO" - 8:30:57 PM] No local configuration (i.e. .prettierrc or .editorconfig) detected, falling back to VS Code configuration
["INFO" - 8:30:57 PM] Prettier Options:
{
  "arrowParens": "always",
  "bracketSpacing": true,
  "endOfLine": "lf",
  "htmlWhitespaceSensitivity": "css",
  "insertPragma": false,
  "jsxBracketSameLine": false,
  "jsxSingleQuote": false,
  "printWidth": 80,
  "proseWrap": "preserve",
  "quoteProps": "as-needed",
  "requirePragma": false,
  "semi": true,
  "singleQuote": true,
  "tabWidth": 2,
  "trailingComma": "es5",
  "useTabs": false,
  "vueIndentScriptAndStyle": false,
  "filepath": "/home/upalb/Code/Programming-Hero/Milestone 2 Practice/index.html",
  "parser": "html"
}
["INFO" - 8:30:57 PM] Formatting completed in 0.079ms.
["INFO" - 8:31:12 PM] Formatting file:///home/upalb/Code/Programming-Hero/Milestone%202%20Practice/css/style.css
["INFO" - 8:31:12 PM] Using ignore file (if present) at /home/upalb/Code/Programming-Hero/Milestone 2 Practice/.prettierignore
["INFO" - 8:31:12 PM] File Info:
{
  "ignored": false,
  "inferredParser": "css"
}
["INFO" - 8:31:12 PM] No local configuration (i.e. .prettierrc or .editorconfig) detected, falling back to VS Code configuration
["INFO" - 8:31:12 PM] Prettier Options:
{
  "arrowParens": "always",
  "bracketSpacing": true,
  "endOfLine": "lf",
  "htmlWhitespaceSensitivity": "css",
  "insertPragma": false,
  "jsxBracketSameLine": false,
  "jsxSingleQuote": false,
  "printWidth": 80,
  "proseWrap": "preserve",
  "quoteProps": "as-needed",
  "requirePragma": false,
  "semi": true,
  "singleQuote": true,
  "tabWidth": 2,
  "trailingComma": "es5",
  "useTabs": false,
  "vueIndentScriptAndStyle": false,
  "filepath": "/home/upalb/Code/Programming-Hero/Milestone 2 Practice/css/style.css",
  "parser": "css"
}
["INFO" - 8:31:12 PM] Formatting completed in 0.079ms.
["INFO" - 8:31:20 PM] Formatting file:///home/upalb/Code/Programming-Hero/Milestone%202%20Practice/css/style.css
["INFO" - 8:31:20 PM] Using ignore file (if present) at /home/upalb/Code/Programming-Hero/Milestone 2 Practice/.prettierignore
["INFO" - 8:31:20 PM] File Info:
{
  "ignored": false,
  "inferredParser": "css"
}
["INFO" - 8:31:20 PM] No local configuration (i.e. .prettierrc or .editorconfig) detected, falling back to VS Code configuration
["INFO" - 8:31:20 PM] Prettier Options:
{
  "arrowParens": "always",
  "bracketSpacing": true,
  "endOfLine": "lf",
  "htmlWhitespaceSensitivity": "css",
  "insertPragma": false,
  "jsxBracketSameLine": false,
  "jsxSingleQuote": false,
  "printWidth": 80,
  "proseWrap": "preserve",
  "quoteProps": "as-needed",
  "requirePragma": false,
  "semi": true,
  "singleQuote": true,
  "tabWidth": 2,
  "trailingComma": "es5",
  "useTabs": false,
  "vueIndentScriptAndStyle": false,
  "filepath": "/home/upalb/Code/Programming-Hero/Milestone 2 Practice/css/style.css",
  "parser": "css"
}
["INFO" - 8:31:20 PM] Formatting completed in 0.031ms.
["INFO" - 8:31:24 PM] Formatting file:///home/upalb/Code/Programming-Hero/Milestone%202%20Practice/css/style.css
["INFO" - 8:31:24 PM] Using ignore file (if present) at /home/upalb/Code/Programming-Hero/Milestone 2 Practice/.prettierignore
["INFO" - 8:31:24 PM] File Info:
{
  "ignored": false,
  "inferredParser": "css"
}
["INFO" - 8:31:24 PM] No local configuration (i.e. .prettierrc or .editorconfig) detected, falling back to VS Code configuration
["INFO" - 8:31:24 PM] Prettier Options:
{
  "arrowParens": "always",
  "bracketSpacing": true,
  "endOfLine": "lf",
  "htmlWhitespaceSensitivity": "css",
  "insertPragma": false,
  "jsxBracketSameLine": false,
  "jsxSingleQuote": false,
  "printWidth": 80,
  "proseWrap": "preserve",
  "quoteProps": "as-needed",
  "requirePragma": false,
  "semi": true,
  "singleQuote": true,
  "tabWidth": 2,
  "trailingComma": "es5",
  "useTabs": false,
  "vueIndentScriptAndStyle": false,
  "filepath": "/home/upalb/Code/Programming-Hero/Milestone 2 Practice/css/style.css",
  "parser": "css"
}
["INFO" - 8:31:24 PM] Formatting completed in 0.025ms.
["INFO" - 8:31:40 PM] Formatting file:///home/upalb/Code/Programming-Hero/Milestone%202%20Practice/index.html
["INFO" - 8:31:40 PM] Using ignore file (if present) at /home/upalb/Code/Programming-Hero/Milestone 2 Practice/.prettierignore
["INFO" - 8:31:40 PM] File Info:
{
  "ignored": false,
  "inferredParser": "html"
}
["INFO" - 8:31:40 PM] No local configuration (i.e. .prettierrc or .editorconfig) detected, falling back to VS Code configuration
["INFO" - 8:31:40 PM] Prettier Options:
{
  "arrowParens": "always",
  "bracketSpacing": true,
  "endOfLine": "lf",
  "htmlWhitespaceSensitivity": "css",
  "insertPragma": false,
  "jsxBracketSameLine": false,
  "jsxSingleQuote": false,
  "printWidth": 80,
  "proseWrap": "preserve",
  "quoteProps": "as-needed",
  "requirePragma": false,
  "semi": true,
  "singleQuote": true,
  "tabWidth": 2,
  "trailingComma": "es5",
  "useTabs": false,
  "vueIndentScriptAndStyle": false,
  "filepath": "/home/upalb/Code/Programming-Hero/Milestone 2 Practice/index.html",
  "parser": "html"
}
["INFO" - 8:31:40 PM] Formatting completed in 0.025ms.
["INFO" - 8:31:55 PM] Formatting file:///home/upalb/Code/Programming-Hero/Milestone%202%20Practice/css/style.css
["INFO" - 8:31:55 PM] Using ignore file (if present) at /home/upalb/Code/Programming-Hero/Milestone 2 Practice/.prettierignore
["INFO" - 8:31:55 PM] File Info:
{
  "ignored": false,
  "inferredParser": "css"
}
["INFO" - 8:31:55 PM] No local configuration (i.e. .prettierrc or .editorconfig) detected, falling back to VS Code configuration
["INFO" - 8:31:55 PM] Prettier Options:
{
  "arrowParens": "always",
  "bracketSpacing": true,
  "endOfLine": "lf",
  "htmlWhitespaceSensitivity": "css",
  "insertPragma": false,
  "jsxBracketSameLine": false,
  "jsxSingleQuote": false,
  "printWidth": 80,
  "proseWrap": "preserve",
  "quoteProps": "as-needed",
  "requirePragma": false,
  "semi": true,
  "singleQuote": true,
  "tabWidth": 2,
  "trailingComma": "es5",
  "useTabs": false,
  "vueIndentScriptAndStyle": false,
  "filepath": "/home/upalb/Code/Programming-Hero/Milestone 2 Practice/css/style.css",
  "parser": "css"
}
["INFO" - 8:31:55 PM] Formatting completed in 0.032ms.
["INFO" - 8:32:08 PM] Formatting file:///home/upalb/Code/Programming-Hero/Milestone%202%20Practice/css/style.css
["INFO" - 8:32:08 PM] Using ignore file (if present) at /home/upalb/Code/Programming-Hero/Milestone 2 Practice/.prettierignore
["INFO" - 8:32:08 PM] File Info:
{
  "ignored": false,
  "inferredParser": "css"
}
["INFO" - 8:32:08 PM] No local configuration (i.e. .prettierrc or .editorconfig) detected, falling back to VS Code configuration
["INFO" - 8:32:08 PM] Prettier Options:
{
  "arrowParens": "always",
  "bracketSpacing": true,
  "endOfLine": "lf",
  "htmlWhitespaceSensitivity": "css",
  "insertPragma": false,
  "jsxBracketSameLine": false,
  "jsxSingleQuote": false,
  "printWidth": 80,
  "proseWrap": "preserve",
  "quoteProps": "as-needed",
  "requirePragma": false,
  "semi": true,
  "singleQuote": true,
  "tabWidth": 2,
  "trailingComma": "es5",
  "useTabs": false,
  "vueIndentScriptAndStyle": false,
  "filepath": "/home/upalb/Code/Programming-Hero/Milestone 2 Practice/css/style.css",
  "parser": "css"
}
["INFO" - 8:32:08 PM] Formatting completed in 0.05ms.
