[2022-06-29T12:09:04.823Z] Log level: Info
[2022-06-29T12:09:04.824Z] [info] Validating found git in: git
[2022-06-29T12:09:26.014Z] [info] Using git 2.36.1 from git
[2022-06-29T12:09:26.494Z] > git rev-parse --show-toplevel [448ms]
[2022-06-29T12:09:26.495Z] fatal: not a git repository (or any parent up to mount point /run/media/upalb)
Stopping at filesystem boundary (GIT_DISCOVERY_ACROSS_FILESYSTEM not set).
[2022-06-29T12:09:26.814Z] > git rev-parse --show-toplevel [134ms]
[2022-06-29T12:09:26.814Z] fatal: not a git repository (or any parent up to mount point /run/media/upalb)
Stopping at filesystem boundary (GIT_DISCOVERY_ACROSS_FILESYSTEM not set).
[2022-06-29T12:09:27.027Z] > git rev-parse --show-toplevel [183ms]
[2022-06-29T12:09:27.027Z] fatal: not a git repository (or any parent up to mount point /run/media/upalb)
Stopping at filesystem boundary (GIT_DISCOVERY_ACROSS_FILESYSTEM not set).
[2022-06-29T12:09:27.170Z] > git rev-parse --show-toplevel [101ms]
[2022-06-29T12:09:27.170Z] fatal: not a git repository (or any parent up to mount point /run/media/upalb)
Stopping at filesystem boundary (GIT_DISCOVERY_ACROSS_FILESYSTEM not set).
[2022-06-29T12:09:27.416Z] > git rev-parse --show-toplevel [14ms]
[2022-06-29T12:09:27.417Z] fatal: not a git repository (or any parent up to mount point /run/media/upalb)
Stopping at filesystem boundary (GIT_DISCOVERY_ACROSS_FILESYSTEM not set).
[2022-06-29T12:09:27.659Z] > git rev-parse --show-toplevel [196ms]
[2022-06-29T12:09:27.659Z] fatal: not a git repository (or any parent up to mount point /run/media/upalb)
Stopping at filesystem boundary (GIT_DISCOVERY_ACROSS_FILESYSTEM not set).
[2022-06-29T12:09:28.318Z] > git rev-parse --show-toplevel [562ms]
[2022-06-29T12:09:28.318Z] fatal: not a git repository (or any parent up to mount point /run/media/upalb)
Stopping at filesystem boundary (GIT_DISCOVERY_ACROSS_FILESYSTEM not set).
[2022-06-29T12:09:28.679Z] > git rev-parse --show-toplevel [324ms]
[2022-06-29T12:09:28.679Z] fatal: not a git repository (or any parent up to mount point /run/media/upalb)
Stopping at filesystem boundary (GIT_DISCOVERY_ACROSS_FILESYSTEM not set).
[2022-06-29T12:12:58.686Z] > git rev-parse --show-toplevel [13ms]
[2022-06-29T12:12:58.686Z] fatal: not a git repository (or any parent up to mount point /run/media/upalb)
Stopping at filesystem boundary (GIT_DISCOVERY_ACROSS_FILESYSTEM not set).
