[2022-06-14 20:09:37.508] [exthost] [info] Extension host with pid 7959 started
[2022-06-14 20:09:37.508] [exthost] [info] Skipping acquiring lock for /home/upalb/.config/VSCodium/User/workspaceStorage/fa84a96756ee31e53c73910e76cc5e69.
[2022-06-14 20:09:38.753] [exthost] [info] ExtensionService#_doActivateExtension vscode.typescript-language-features, startup: false, activationEvent: 'onLanguage:javascript'
[2022-06-14 20:09:38.993] [exthost] [info] ExtensionService#_doActivateExtension vscode.debug-auto-launch, startup: true, activationEvent: '*'
[2022-06-14 20:09:39.109] [exthost] [info] ExtensionService#_doActivateExtension vscode.git-base, startup: true, activationEvent: '*', root cause: vscode.git
[2022-06-14 20:09:39.228] [exthost] [info] ExtensionService#_doActivateExtension vscode.ipynb, startup: true, activationEvent: '*'
[2022-06-14 20:09:39.426] [exthost] [info] ExtensionService#_doActivateExtension CoenraadS.bracket-pair-colorizer-2, startup: true, activationEvent: '*'
[2022-06-14 20:09:40.370] [exthost] [info] ExtensionService#_doActivateExtension redwan-hossain.auto-rename-tag-clone, startup: true, activationEvent: '*'
[2022-06-14 20:09:40.502] [exthost] [info] ExtensionService#_doActivateExtension WallabyJs.quokka-vscode, startup: true, activationEvent: '*'
[2022-06-14 20:09:43.001] [exthost] [info] ExtensionService#_doActivateExtension vscode.git, startup: true, activationEvent: '*'
[2022-06-14 20:09:43.124] [exthost] [info] ExtensionService#_doActivateExtension vscode.github, startup: true, activationEvent: '*'
[2022-06-14 20:09:43.253] [exthost] [info] ExtensionService#_doActivateExtension glenn2223.live-sass, startup: true, activationEvent: 'workspaceContains:**/*.s[ac]ss'
[2022-06-14 20:09:43.754] [exthost] [info] Eager extensions activated
[2022-06-14 20:09:43.766] [exthost] [info] ExtensionService#_doActivateExtension vscode.emmet, startup: false, activationEvent: 'onStartupFinished'
[2022-06-14 20:09:43.877] [exthost] [info] ExtensionService#_doActivateExtension vscode.merge-conflict, startup: false, activationEvent: 'onStartupFinished'
[2022-06-14 20:09:43.912] [exthost] [info] ExtensionService#_doActivateExtension dbaeumer.vscode-eslint, startup: false, activationEvent: 'onStartupFinished'
[2022-06-14 20:09:43.971] [exthost] [info] ExtensionService#_doActivateExtension esbenp.prettier-vscode, startup: false, activationEvent: 'onStartupFinished'
[2022-06-14 20:09:44.537] [exthost] [info] ExtensionService#_doActivateExtension formulahendry.code-runner, startup: false, activationEvent: 'onStartupFinished'
[2022-06-14 20:09:45.236] [exthost] [info] ExtensionService#_doActivateExtension PKief.material-icon-theme, startup: false, activationEvent: 'onStartupFinished'
[2022-06-14 20:09:45.270] [exthost] [info] ExtensionService#_doActivateExtension ritwickdey.LiveServer, startup: false, activationEvent: 'onStartupFinished'
[2022-06-14 20:09:47.419] [exthost] [info] ExtensionService#_doActivateExtension streetsidesoftware.code-spell-checker, startup: false, activationEvent: 'onStartupFinished'
[2022-06-14 20:10:08.218] [exthost] [info] ExtensionService#_doActivateExtension vscode.configuration-editing, startup: false, activationEvent: 'onLanguage:json'
[2022-06-14 20:10:08.286] [exthost] [info] ExtensionService#_doActivateExtension vscode.extension-editing, startup: false, activationEvent: 'onLanguage:json'
[2022-06-14 20:10:08.331] [exthost] [info] ExtensionService#_doActivateExtension vscode.json-language-features, startup: false, activationEvent: 'onLanguage:json'
[2022-06-14 20:10:08.499] [exthost] [info] ExtensionService#_doActivateExtension vscode.npm, startup: false, activationEvent: 'onLanguage:json'
[2022-06-14 20:10:27.115] [exthost] [warning] [Decorations] CAPPING events from decorations provider vscode.git 1037
[2022-06-14 20:12:11.737] [exthost] [warning] [Decorations] CAPPING events from decorations provider vscode.git 1043
[2022-06-14 20:12:16.920] [exthost] [warning] [Decorations] CAPPING events from decorations provider vscode.git 1044
[2022-06-14 20:12:22.146] [exthost] [warning] [Decorations] CAPPING events from decorations provider vscode.git 1044
[2022-06-14 20:12:27.349] [exthost] [warning] [Decorations] CAPPING events from decorations provider vscode.git 1044
[2022-06-14 20:12:32.542] [exthost] [warning] [Decorations] CAPPING events from decorations provider vscode.git 1045
[2022-06-14 20:12:37.780] [exthost] [warning] [Decorations] CAPPING events from decorations provider vscode.git 1045
[2022-06-14 20:12:42.983] [exthost] [warning] [Decorations] CAPPING events from decorations provider vscode.git 1044
[2022-06-14 20:12:48.186] [exthost] [warning] [Decorations] CAPPING events from decorations provider vscode.git 1044
[2022-06-14 20:12:53.420] [exthost] [warning] [Decorations] CAPPING events from decorations provider vscode.git 1044
[2022-06-14 20:12:58.621] [exthost] [warning] [Decorations] CAPPING events from decorations provider vscode.git 1044
[2022-06-14 20:13:03.831] [exthost] [warning] [Decorations] CAPPING events from decorations provider vscode.git 1044
[2022-06-14 20:13:09.104] [exthost] [warning] [Decorations] CAPPING events from decorations provider vscode.git 1044
[2022-06-14 20:13:14.310] [exthost] [warning] [Decorations] CAPPING events from decorations provider vscode.git 1044
[2022-06-14 20:13:19.565] [exthost] [warning] [Decorations] CAPPING events from decorations provider vscode.git 1044
[2022-06-14 20:13:24.763] [exthost] [warning] [Decorations] CAPPING events from decorations provider vscode.git 1044
[2022-06-14 20:13:30.035] [exthost] [warning] [Decorations] CAPPING events from decorations provider vscode.git 1044
[2022-06-14 20:13:35.325] [exthost] [warning] [Decorations] CAPPING events from decorations provider vscode.git 1044
[2022-06-14 20:13:40.530] [exthost] [warning] [Decorations] CAPPING events from decorations provider vscode.git 1044
[2022-06-14 20:13:45.719] [exthost] [warning] [Decorations] CAPPING events from decorations provider vscode.git 1044
[2022-06-14 20:13:50.919] [exthost] [warning] [Decorations] CAPPING events from decorations provider vscode.git 1044
[2022-06-14 20:13:56.105] [exthost] [warning] [Decorations] CAPPING events from decorations provider vscode.git 1044
[2022-06-14 20:14:01.296] [exthost] [warning] [Decorations] CAPPING events from decorations provider vscode.git 1044
[2022-06-14 20:14:06.483] [exthost] [warning] [Decorations] CAPPING events from decorations provider vscode.git 1044
[2022-06-14 20:14:11.684] [exthost] [warning] [Decorations] CAPPING events from decorations provider vscode.git 1044
[2022-06-14 20:14:16.882] [exthost] [warning] [Decorations] CAPPING events from decorations provider vscode.git 1044
[2022-06-14 20:14:22.083] [exthost] [warning] [Decorations] CAPPING events from decorations provider vscode.git 1044
[2022-06-14 20:14:27.274] [exthost] [warning] [Decorations] CAPPING events from decorations provider vscode.git 1044
[2022-06-14 20:14:32.466] [exthost] [warning] [Decorations] CAPPING events from decorations provider vscode.git 1044
[2022-06-14 20:14:37.656] [exthost] [warning] [Decorations] CAPPING events from decorations provider vscode.git 1044
[2022-06-14 20:14:42.908] [exthost] [warning] [Decorations] CAPPING events from decorations provider vscode.git 1044
[2022-06-14 20:14:48.185] [exthost] [warning] [Decorations] CAPPING events from decorations provider vscode.git 1044
[2022-06-14 20:14:53.480] [exthost] [warning] [Decorations] CAPPING events from decorations provider vscode.git 1044
[2022-06-14 20:14:58.871] [exthost] [warning] [Decorations] CAPPING events from decorations provider vscode.git 1044
[2022-06-14 20:15:04.110] [exthost] [warning] [Decorations] CAPPING events from decorations provider vscode.git 1044
[2022-06-14 20:15:09.316] [exthost] [warning] [Decorations] CAPPING events from decorations provider vscode.git 1046
[2022-06-14 20:15:14.559] [exthost] [warning] [Decorations] CAPPING events from decorations provider vscode.git 1046
[2022-06-14 20:15:19.762] [exthost] [warning] [Decorations] CAPPING events from decorations provider vscode.git 1046
[2022-06-14 20:15:25.025] [exthost] [warning] [Decorations] CAPPING events from decorations provider vscode.git 1046
[2022-06-14 20:15:30.331] [exthost] [warning] [Decorations] CAPPING events from decorations provider vscode.git 1046
[2022-06-14 20:15:35.536] [exthost] [warning] [Decorations] CAPPING events from decorations provider vscode.git 1046
[2022-06-14 20:15:40.718] [exthost] [warning] [Decorations] CAPPING events from decorations provider vscode.git 1046
[2022-06-14 20:15:45.896] [exthost] [warning] [Decorations] CAPPING events from decorations provider vscode.git 1046
[2022-06-14 20:15:51.091] [exthost] [warning] [Decorations] CAPPING events from decorations provider vscode.git 1046
[2022-06-14 20:15:56.285] [exthost] [warning] [Decorations] CAPPING events from decorations provider vscode.git 1046
[2022-06-14 20:16:01.470] [exthost] [warning] [Decorations] CAPPING events from decorations provider vscode.git 1046
[2022-06-14 20:16:06.684] [exthost] [warning] [Decorations] CAPPING events from decorations provider vscode.git 1046
[2022-06-14 20:16:11.969] [exthost] [warning] [Decorations] CAPPING events from decorations provider vscode.git 1046
[2022-06-14 20:16:17.165] [exthost] [warning] [Decorations] CAPPING events from decorations provider vscode.git 1046
[2022-06-14 20:16:22.521] [exthost] [warning] [Decorations] CAPPING events from decorations provider vscode.git 1046
[2022-06-14 20:16:27.774] [exthost] [warning] [Decorations] CAPPING events from decorations provider vscode.git 1046
[2022-06-14 20:16:32.970] [exthost] [warning] [Decorations] CAPPING events from decorations provider vscode.git 1046
[2022-06-14 20:16:38.163] [exthost] [warning] [Decorations] CAPPING events from decorations provider vscode.git 1046
[2022-06-14 20:16:43.363] [exthost] [warning] [Decorations] CAPPING events from decorations provider vscode.git 1046
[2022-06-14 20:16:48.560] [exthost] [warning] [Decorations] CAPPING events from decorations provider vscode.git 1046
[2022-06-14 20:16:53.828] [exthost] [warning] [Decorations] CAPPING events from decorations provider vscode.git 1046
[2022-06-14 20:16:59.207] [exthost] [warning] [Decorations] CAPPING events from decorations provider vscode.git 1046
[2022-06-14 20:17:04.417] [exthost] [warning] [Decorations] CAPPING events from decorations provider vscode.git 1046
[2022-06-14 20:17:09.613] [exthost] [warning] [Decorations] CAPPING events from decorations provider vscode.git 1046
[2022-06-14 20:17:14.879] [exthost] [warning] [Decorations] CAPPING events from decorations provider vscode.git 1046
[2022-06-14 20:17:20.082] [exthost] [warning] [Decorations] CAPPING events from decorations provider vscode.git 1046
[2022-06-14 20:17:25.293] [exthost] [warning] [Decorations] CAPPING events from decorations provider vscode.git 1046
[2022-06-14 20:17:30.307] [exthost] [warning] [Decorations] CAPPING events from decorations provider vscode.git 4333
[2022-06-14 20:17:32.504] [exthost] [warning] [Decorations] CAPPING events from decorations provider vscode.git 1046
[2022-06-14 20:17:37.766] [exthost] [warning] [Decorations] CAPPING events from decorations provider vscode.git 1046
[2022-06-14 20:17:43.101] [exthost] [warning] [Decorations] CAPPING events from decorations provider vscode.git 1046
[2022-06-14 20:17:48.350] [exthost] [warning] [Decorations] CAPPING events from decorations provider vscode.git 1046
[2022-06-14 20:17:49.428] [exthost] [warning] [Decorations] CAPPING events from decorations provider vscode.git 4333
[2022-06-14 20:17:55.655] [exthost] [warning] [Decorations] CAPPING events from decorations provider vscode.git 1046
[2022-06-14 20:18:00.875] [exthost] [warning] [Decorations] CAPPING events from decorations provider vscode.git 1046
[2022-06-14 20:18:02.024] [exthost] [warning] [Decorations] CAPPING events from decorations provider vscode.git 4948
[2022-06-14 20:18:06.097] [exthost] [warning] [Decorations] CAPPING events from decorations provider vscode.git 1046
[2022-06-14 20:18:10.406] [exthost] [warning] [Decorations] CAPPING events from decorations provider vscode.git 5567
[2022-06-14 20:18:15.978] [exthost] [warning] [Decorations] CAPPING events from decorations provider vscode.git 1046
[2022-06-14 20:18:17.120] [exthost] [warning] [Decorations] CAPPING events from decorations provider vscode.git 6186
[2022-06-14 20:18:24.429] [exthost] [warning] [Decorations] CAPPING events from decorations provider vscode.git 1046
[2022-06-14 20:18:29.822] [exthost] [warning] [Decorations] CAPPING events from decorations provider vscode.git 1046
[2022-06-14 20:18:29.969] [exthost] [warning] [Decorations] CAPPING events from decorations provider vscode.git 7424
[2022-06-14 20:18:41.580] [exthost] [warning] [Decorations] CAPPING events from decorations provider vscode.git 1046
[2022-06-14 20:18:51.928] [exthost] [warning] [Decorations] CAPPING events from decorations provider vscode.git 8045
[2022-06-14 20:19:00.129] [exthost] [warning] [Decorations] CAPPING events from decorations provider vscode.git 1046
[2022-06-14 20:19:05.568] [exthost] [warning] [Decorations] CAPPING events from decorations provider vscode.git 1046
[2022-06-14 20:19:11.500] [exthost] [warning] [Decorations] CAPPING events from decorations provider vscode.git 8662
[2022-06-14 20:19:18.856] [exthost] [warning] [Decorations] CAPPING events from decorations provider vscode.git 1046
[2022-06-14 20:19:24.069] [exthost] [warning] [Decorations] CAPPING events from decorations provider vscode.git 1046
[2022-06-14 20:19:29.335] [exthost] [warning] [Decorations] CAPPING events from decorations provider vscode.git 1046
[2022-06-14 20:19:34.556] [exthost] [warning] [Decorations] CAPPING events from decorations provider vscode.git 1046
[2022-06-14 20:19:39.849] [exthost] [warning] [Decorations] CAPPING events from decorations provider vscode.git 1046
[2022-06-14 20:19:45.068] [exthost] [warning] [Decorations] CAPPING events from decorations provider vscode.git 1046
[2022-06-14 20:19:50.324] [exthost] [warning] [Decorations] CAPPING events from decorations provider vscode.git 1046
[2022-06-14 20:19:55.584] [exthost] [warning] [Decorations] CAPPING events from decorations provider vscode.git 1046
[2022-06-14 20:20:00.831] [exthost] [warning] [Decorations] CAPPING events from decorations provider vscode.git 1046
[2022-06-14 20:20:06.031] [exthost] [warning] [Decorations] CAPPING events from decorations provider vscode.git 1046
[2022-06-14 20:20:11.227] [exthost] [warning] [Decorations] CAPPING events from decorations provider vscode.git 1046
[2022-06-14 20:20:16.441] [exthost] [warning] [Decorations] CAPPING events from decorations provider vscode.git 1046
[2022-06-14 20:20:21.642] [exthost] [warning] [Decorations] CAPPING events from decorations provider vscode.git 1046
[2022-06-14 20:20:26.851] [exthost] [warning] [Decorations] CAPPING events from decorations provider vscode.git 1046
[2022-06-14 20:20:32.066] [exthost] [warning] [Decorations] CAPPING events from decorations provider vscode.git 1046
[2022-06-14 20:20:37.345] [exthost] [warning] [Decorations] CAPPING events from decorations provider vscode.git 1046
[2022-06-14 20:20:42.665] [exthost] [warning] [Decorations] CAPPING events from decorations provider vscode.git 1046
[2022-06-14 20:20:47.984] [exthost] [warning] [Decorations] CAPPING events from decorations provider vscode.git 1046
[2022-06-14 20:20:53.396] [exthost] [warning] [Decorations] CAPPING events from decorations provider vscode.git 1046
[2022-06-14 20:21:02.609] [exthost] [warning] [Decorations] CAPPING events from decorations provider vscode.git 1046
[2022-06-14 20:21:07.824] [exthost] [warning] [Decorations] CAPPING events from decorations provider vscode.git 1046
[2022-06-14 20:21:13.122] [exthost] [warning] [Decorations] CAPPING events from decorations provider vscode.git 1046
[2022-06-14 20:21:18.470] [exthost] [warning] [Decorations] CAPPING events from decorations provider vscode.git 1046
[2022-06-14 20:21:27.193] [exthost] [warning] [Decorations] CAPPING events from decorations provider vscode.git 1046
[2022-06-14 20:21:35.218] [exthost] [warning] [Decorations] CAPPING events from decorations provider vscode.git 1046
[2022-06-14 20:21:40.575] [exthost] [warning] [Decorations] CAPPING events from decorations provider vscode.git 1046
[2022-06-14 20:21:58.878] [exthost] [warning] [Decorations] CAPPING events from decorations provider vscode.git 1046
[2022-06-14 20:22:04.071] [exthost] [warning] [Decorations] CAPPING events from decorations provider vscode.git 1046
[2022-06-14 20:22:09.273] [exthost] [warning] [Decorations] CAPPING events from decorations provider vscode.git 1046
[2022-06-14 20:22:14.468] [exthost] [warning] [Decorations] CAPPING events from decorations provider vscode.git 1046
[2022-06-14 20:22:19.666] [exthost] [warning] [Decorations] CAPPING events from decorations provider vscode.git 1046
[2022-06-14 20:22:24.928] [exthost] [warning] [Decorations] CAPPING events from decorations provider vscode.git 1046
[2022-06-14 20:22:36.205] [exthost] [warning] [Decorations] CAPPING events from decorations provider vscode.git 1046
[2022-06-14 20:23:38.207] [exthost] [warning] [Decorations] CAPPING events from decorations provider vscode.git 1046
[2022-06-14 20:23:43.447] [exthost] [warning] [Decorations] CAPPING events from decorations provider vscode.git 1046
[2022-06-14 20:23:48.673] [exthost] [warning] [Decorations] CAPPING events from decorations provider vscode.git 1046
[2022-06-14 20:23:53.862] [exthost] [warning] [Decorations] CAPPING events from decorations provider vscode.git 1046
[2022-06-14 20:23:59.057] [exthost] [warning] [Decorations] CAPPING events from decorations provider vscode.git 1046
[2022-06-14 20:24:04.263] [exthost] [warning] [Decorations] CAPPING events from decorations provider vscode.git 1046
[2022-06-14 20:24:09.912] [exthost] [warning] [Decorations] CAPPING events from decorations provider vscode.git 1046
[2022-06-14 20:24:19.446] [exthost] [warning] [Decorations] CAPPING events from decorations provider vscode.git 1046
[2022-06-14 20:24:45.784] [exthost] [warning] [Decorations] CAPPING events from decorations provider vscode.git 1046
[2022-06-14 20:24:55.100] [exthost] [warning] [Decorations] CAPPING events from decorations provider vscode.git 1046
[2022-06-14 20:25:41.706] [exthost] [warning] [Decorations] CAPPING events from decorations provider vscode.git 1048
[2022-06-14 20:25:47.815] [exthost] [warning] [Decorations] CAPPING events from decorations provider vscode.git 1048
[2022-06-14 20:25:53.002] [exthost] [warning] [Decorations] CAPPING events from decorations provider vscode.git 1048
[2022-06-14 20:25:58.208] [exthost] [warning] [Decorations] CAPPING events from decorations provider vscode.git 1049
[2022-06-14 20:26:03.474] [exthost] [warning] [Decorations] CAPPING events from decorations provider vscode.git 1048
[2022-06-14 20:26:08.699] [exthost] [warning] [Decorations] CAPPING events from decorations provider vscode.git 1048
[2022-06-14 20:26:13.893] [exthost] [warning] [Decorations] CAPPING events from decorations provider vscode.git 1048
[2022-06-14 20:26:19.213] [exthost] [warning] [Decorations] CAPPING events from decorations provider vscode.git 1048
[2022-06-14 20:26:24.478] [exthost] [warning] [Decorations] CAPPING events from decorations provider vscode.git 1048
[2022-06-14 20:26:34.732] [exthost] [warning] [Decorations] CAPPING events from decorations provider vscode.git 1048
[2022-06-14 20:26:40.041] [exthost] [warning] [Decorations] CAPPING events from decorations provider vscode.git 1048
[2022-06-14 20:26:45.251] [exthost] [warning] [Decorations] CAPPING events from decorations provider vscode.git 1048
[2022-06-14 20:26:50.572] [exthost] [warning] [Decorations] CAPPING events from decorations provider vscode.git 1048
[2022-06-14 20:26:55.783] [exthost] [warning] [Decorations] CAPPING events from decorations provider vscode.git 1048
[2022-06-14 20:27:01.007] [exthost] [warning] [Decorations] CAPPING events from decorations provider vscode.git 1048
[2022-06-14 20:27:06.208] [exthost] [warning] [Decorations] CAPPING events from decorations provider vscode.git 1048
[2022-06-14 20:27:11.438] [exthost] [warning] [Decorations] CAPPING events from decorations provider vscode.git 1048
[2022-06-14 20:27:43.369] [exthost] [warning] [Decorations] CAPPING events from decorations provider vscode.git 1048
[2022-06-14 20:27:48.575] [exthost] [warning] [Decorations] CAPPING events from decorations provider vscode.git 1048
[2022-06-14 20:27:53.884] [exthost] [warning] [Decorations] CAPPING events from decorations provider vscode.git 1048
[2022-06-14 20:27:59.186] [exthost] [warning] [Decorations] CAPPING events from decorations provider vscode.git 1048
[2022-06-14 20:28:49.275] [exthost] [warning] [Decorations] CAPPING events from decorations provider vscode.git 1048
[2022-06-14 20:28:54.544] [exthost] [warning] [Decorations] CAPPING events from decorations provider vscode.git 1048
[2022-06-14 20:28:59.758] [exthost] [warning] [Decorations] CAPPING events from decorations provider vscode.git 1048
[2022-06-14 20:29:04.985] [exthost] [warning] [Decorations] CAPPING events from decorations provider vscode.git 1049
[2022-06-14 20:29:10.191] [exthost] [warning] [Decorations] CAPPING events from decorations provider vscode.git 1049
[2022-06-14 20:29:15.387] [exthost] [warning] [Decorations] CAPPING events from decorations provider vscode.git 1049
[2022-06-14 20:29:20.586] [exthost] [warning] [Decorations] CAPPING events from decorations provider vscode.git 1049
[2022-06-14 20:29:25.783] [exthost] [warning] [Decorations] CAPPING events from decorations provider vscode.git 1049
[2022-06-14 20:29:31.047] [exthost] [warning] [Decorations] CAPPING events from decorations provider vscode.git 1050
[2022-06-14 20:29:36.270] [exthost] [warning] [Decorations] CAPPING events from decorations provider vscode.git 1050
[2022-06-14 20:29:41.466] [exthost] [warning] [Decorations] CAPPING events from decorations provider vscode.git 1050
[2022-06-14 20:29:46.657] [exthost] [warning] [Decorations] CAPPING events from decorations provider vscode.git 1049
[2022-06-14 20:29:51.857] [exthost] [warning] [Decorations] CAPPING events from decorations provider vscode.git 1049
[2022-06-14 20:29:57.052] [exthost] [warning] [Decorations] CAPPING events from decorations provider vscode.git 1049
[2022-06-14 20:30:02.242] [exthost] [warning] [Decorations] CAPPING events from decorations provider vscode.git 1049
[2022-06-14 20:30:07.446] [exthost] [warning] [Decorations] CAPPING events from decorations provider vscode.git 1049
[2022-06-14 20:30:12.647] [exthost] [warning] [Decorations] CAPPING events from decorations provider vscode.git 1051
[2022-06-14 20:30:17.848] [exthost] [warning] [Decorations] CAPPING events from decorations provider vscode.git 1052
[2022-06-14 20:30:23.050] [exthost] [warning] [Decorations] CAPPING events from decorations provider vscode.git 1052
[2022-06-14 20:30:28.262] [exthost] [warning] [Decorations] CAPPING events from decorations provider vscode.git 1053
[2022-06-14 20:30:33.466] [exthost] [warning] [Decorations] CAPPING events from decorations provider vscode.git 1052
[2022-06-14 20:30:38.662] [exthost] [warning] [Decorations] CAPPING events from decorations provider vscode.git 1052
[2022-06-14 20:30:43.863] [exthost] [warning] [Decorations] CAPPING events from decorations provider vscode.git 1052
[2022-06-14 20:30:49.058] [exthost] [warning] [Decorations] CAPPING events from decorations provider vscode.git 1052
[2022-06-14 20:30:54.265] [exthost] [warning] [Decorations] CAPPING events from decorations provider vscode.git 1053
[2022-06-14 20:30:59.476] [exthost] [warning] [Decorations] CAPPING events from decorations provider vscode.git 1053
[2022-06-14 20:31:04.673] [exthost] [warning] [Decorations] CAPPING events from decorations provider vscode.git 1054
[2022-06-14 20:31:09.872] [exthost] [warning] [Decorations] CAPPING events from decorations provider vscode.git 1053
[2022-06-14 20:31:15.070] [exthost] [warning] [Decorations] CAPPING events from decorations provider vscode.git 1053
[2022-06-14 20:31:20.291] [exthost] [warning] [Decorations] CAPPING events from decorations provider vscode.git 1053
[2022-06-14 20:31:25.493] [exthost] [warning] [Decorations] CAPPING events from decorations provider vscode.git 1054
[2022-06-14 20:31:30.750] [exthost] [warning] [Decorations] CAPPING events from decorations provider vscode.git 1054
[2022-06-14 20:31:36.010] [exthost] [warning] [Decorations] CAPPING events from decorations provider vscode.git 1054
[2022-06-14 20:38:26.598] [exthost] [warning] [Decorations] CAPPING events from decorations provider vscode.git 1054
[2022-06-14 20:38:31.835] [exthost] [warning] [Decorations] CAPPING events from decorations provider vscode.git 1054
[2022-06-14 20:38:37.067] [exthost] [warning] [Decorations] CAPPING events from decorations provider vscode.git 1054
[2022-06-14 20:38:42.261] [exthost] [warning] [Decorations] CAPPING events from decorations provider vscode.git 1054
[2022-06-14 20:38:47.471] [exthost] [warning] [Decorations] CAPPING events from decorations provider vscode.git 1054
[2022-06-14 20:38:52.665] [exthost] [warning] [Decorations] CAPPING events from decorations provider vscode.git 1054
[2022-06-14 20:38:57.859] [exthost] [warning] [Decorations] CAPPING events from decorations provider vscode.git 1054
[2022-06-14 20:39:03.056] [exthost] [warning] [Decorations] CAPPING events from decorations provider vscode.git 1054
[2022-06-14 20:39:08.250] [exthost] [warning] [Decorations] CAPPING events from decorations provider vscode.git 1054
[2022-06-14 20:39:13.447] [exthost] [warning] [Decorations] CAPPING events from decorations provider vscode.git 1054
[2022-06-14 20:39:18.632] [exthost] [warning] [Decorations] CAPPING events from decorations provider vscode.git 1054
[2022-06-14 20:39:23.843] [exthost] [warning] [Decorations] CAPPING events from decorations provider vscode.git 1054
[2022-06-14 20:39:29.031] [exthost] [warning] [Decorations] CAPPING events from decorations provider vscode.git 1054
[2022-06-14 20:39:34.216] [exthost] [warning] [Decorations] CAPPING events from decorations provider vscode.git 1054
[2022-06-14 20:39:39.462] [exthost] [warning] [Decorations] CAPPING events from decorations provider vscode.git 1054
[2022-06-14 20:39:44.652] [exthost] [warning] [Decorations] CAPPING events from decorations provider vscode.git 1054
[2022-06-14 20:39:49.944] [exthost] [warning] [Decorations] CAPPING events from decorations provider vscode.git 1054
[2022-06-14 20:39:55.155] [exthost] [warning] [Decorations] CAPPING events from decorations provider vscode.git 1055
[2022-06-14 20:40:00.350] [exthost] [warning] [Decorations] CAPPING events from decorations provider vscode.git 1055
[2022-06-14 20:40:05.586] [exthost] [warning] [Decorations] CAPPING events from decorations provider vscode.git 1055
[2022-06-14 20:40:10.854] [exthost] [warning] [Decorations] CAPPING events from decorations provider vscode.git 1055
[2022-06-14 20:40:16.042] [exthost] [warning] [Decorations] CAPPING events from decorations provider vscode.git 1055
[2022-06-14 20:40:21.240] [exthost] [warning] [Decorations] CAPPING events from decorations provider vscode.git 1056
[2022-06-14 20:40:26.463] [exthost] [warning] [Decorations] CAPPING events from decorations provider vscode.git 1056
[2022-06-14 20:40:31.723] [exthost] [warning] [Decorations] CAPPING events from decorations provider vscode.git 1056
[2022-06-14 20:40:36.921] [exthost] [warning] [Decorations] CAPPING events from decorations provider vscode.git 1056
[2022-06-14 20:40:42.201] [exthost] [warning] [Decorations] CAPPING events from decorations provider vscode.git 1056
[2022-06-14 20:40:47.494] [exthost] [warning] [Decorations] CAPPING events from decorations provider vscode.git 1056
[2022-06-14 20:40:52.732] [exthost] [warning] [Decorations] CAPPING events from decorations provider vscode.git 1056
[2022-06-14 20:40:57.928] [exthost] [warning] [Decorations] CAPPING events from decorations provider vscode.git 1056
[2022-06-14 20:41:03.156] [exthost] [warning] [Decorations] CAPPING events from decorations provider vscode.git 1056
[2022-06-14 20:41:08.439] [exthost] [warning] [Decorations] CAPPING events from decorations provider vscode.git 1056
[2022-06-14 20:41:13.645] [exthost] [warning] [Decorations] CAPPING events from decorations provider vscode.git 1057
[2022-06-14 20:41:18.849] [exthost] [warning] [Decorations] CAPPING events from decorations provider vscode.git 1057
[2022-06-14 20:41:24.034] [exthost] [warning] [Decorations] CAPPING events from decorations provider vscode.git 1057
[2022-06-14 20:41:29.228] [exthost] [warning] [Decorations] CAPPING events from decorations provider vscode.git 1058
[2022-06-14 20:41:34.453] [exthost] [warning] [Decorations] CAPPING events from decorations provider vscode.git 1057
[2022-06-14 20:41:39.701] [exthost] [warning] [Decorations] CAPPING events from decorations provider vscode.git 1057
[2022-06-14 20:41:44.905] [exthost] [warning] [Decorations] CAPPING events from decorations provider vscode.git 1057
[2022-06-14 20:41:50.131] [exthost] [warning] [Decorations] CAPPING events from decorations provider vscode.git 1057
[2022-06-14 20:41:55.364] [exthost] [warning] [Decorations] CAPPING events from decorations provider vscode.git 1057
[2022-06-14 20:42:00.555] [exthost] [warning] [Decorations] CAPPING events from decorations provider vscode.git 1057
[2022-06-14 20:42:05.765] [exthost] [warning] [Decorations] CAPPING events from decorations provider vscode.git 1057
[2022-06-14 20:42:11.014] [exthost] [warning] [Decorations] CAPPING events from decorations provider vscode.git 1057
[2022-06-14 20:42:16.264] [exthost] [warning] [Decorations] CAPPING events from decorations provider vscode.git 1057
[2022-06-14 20:43:20.932] [exthost] [warning] [Decorations] CAPPING events from decorations provider vscode.git 1057
[2022-06-14 20:43:26.127] [exthost] [warning] [Decorations] CAPPING events from decorations provider vscode.git 1057
[2022-06-14 20:43:31.386] [exthost] [warning] [Decorations] CAPPING events from decorations provider vscode.git 1057
[2022-06-14 20:43:36.645] [exthost] [warning] [Decorations] CAPPING events from decorations provider vscode.git 1057
[2022-06-14 20:43:41.955] [exthost] [warning] [Decorations] CAPPING events from decorations provider vscode.git 1059
[2022-06-14 20:43:47.216] [exthost] [warning] [Decorations] CAPPING events from decorations provider vscode.git 1059
[2022-06-14 20:43:52.473] [exthost] [warning] [Decorations] CAPPING events from decorations provider vscode.git 1059
[2022-06-14 20:43:57.752] [exthost] [warning] [Decorations] CAPPING events from decorations provider vscode.git 1059
[2022-06-14 20:44:02.988] [exthost] [warning] [Decorations] CAPPING events from decorations provider vscode.git 1057
[2022-06-14 20:44:08.363] [exthost] [warning] [Decorations] CAPPING events from decorations provider vscode.git 1057
[2022-06-14 20:44:13.584] [exthost] [warning] [Decorations] CAPPING events from decorations provider vscode.git 1058
[2022-06-14 20:44:18.769] [exthost] [warning] [Decorations] CAPPING events from decorations provider vscode.git 1059
[2022-06-14 20:44:24.026] [exthost] [warning] [Decorations] CAPPING events from decorations provider vscode.git 1058
[2022-06-14 20:44:29.252] [exthost] [warning] [Decorations] CAPPING events from decorations provider vscode.git 1060
[2022-06-14 20:44:34.517] [exthost] [warning] [Decorations] CAPPING events from decorations provider vscode.git 1061
[2022-06-14 20:44:39.721] [exthost] [warning] [Decorations] CAPPING events from decorations provider vscode.git 1060
[2022-06-14 20:44:44.968] [exthost] [warning] [Decorations] CAPPING events from decorations provider vscode.git 1059
[2022-06-14 20:44:50.249] [exthost] [warning] [Decorations] CAPPING events from decorations provider vscode.git 1059
[2022-06-14 20:44:55.553] [exthost] [warning] [Decorations] CAPPING events from decorations provider vscode.git 1059
[2022-06-14 20:45:00.790] [exthost] [warning] [Decorations] CAPPING events from decorations provider vscode.git 1059
[2022-06-14 20:45:06.069] [exthost] [warning] [Decorations] CAPPING events from decorations provider vscode.git 1059
[2022-06-14 20:45:11.366] [exthost] [warning] [Decorations] CAPPING events from decorations provider vscode.git 1059
[2022-06-14 20:45:16.615] [exthost] [warning] [Decorations] CAPPING events from decorations provider vscode.git 1059
[2022-06-14 20:45:21.834] [exthost] [warning] [Decorations] CAPPING events from decorations provider vscode.git 1059
[2022-06-14 20:45:31.452] [exthost] [warning] [Decorations] CAPPING events from decorations provider vscode.git 1059
[2022-06-14 20:45:36.672] [exthost] [warning] [Decorations] CAPPING events from decorations provider vscode.git 1059
[2022-06-14 20:45:41.858] [exthost] [warning] [Decorations] CAPPING events from decorations provider vscode.git 1059
[2022-06-14 20:45:47.048] [exthost] [warning] [Decorations] CAPPING events from decorations provider vscode.git 1059
[2022-06-14 20:45:52.236] [exthost] [warning] [Decorations] CAPPING events from decorations provider vscode.git 1059
[2022-06-14 20:45:57.424] [exthost] [warning] [Decorations] CAPPING events from decorations provider vscode.git 1059
[2022-06-14 20:46:02.609] [exthost] [warning] [Decorations] CAPPING events from decorations provider vscode.git 1059
[2022-06-14 20:46:07.798] [exthost] [warning] [Decorations] CAPPING events from decorations provider vscode.git 1059
[2022-06-14 20:46:12.987] [exthost] [warning] [Decorations] CAPPING events from decorations provider vscode.git 1059
[2022-06-14 20:46:18.173] [exthost] [warning] [Decorations] CAPPING events from decorations provider vscode.git 1059
[2022-06-14 20:46:23.372] [exthost] [warning] [Decorations] CAPPING events from decorations provider vscode.git 1060
[2022-06-14 20:46:28.558] [exthost] [warning] [Decorations] CAPPING events from decorations provider vscode.git 1062
[2022-06-14 20:46:34.040] [exthost] [warning] [Decorations] CAPPING events from decorations provider vscode.git 1061
[2022-06-14 20:46:39.327] [exthost] [warning] [Decorations] CAPPING events from decorations provider vscode.git 1061
[2022-06-14 20:46:52.041] [exthost] [warning] [Decorations] CAPPING events from decorations provider vscode.git 1061
[2022-06-14 20:46:57.247] [exthost] [warning] [Decorations] CAPPING events from decorations provider vscode.git 1061
[2022-06-14 20:47:02.435] [exthost] [warning] [Decorations] CAPPING events from decorations provider vscode.git 1061
[2022-06-14 20:47:07.633] [exthost] [warning] [Decorations] CAPPING events from decorations provider vscode.git 1061
[2022-06-14 20:47:12.828] [exthost] [warning] [Decorations] CAPPING events from decorations provider vscode.git 1062
[2022-06-14 20:47:18.017] [exthost] [warning] [Decorations] CAPPING events from decorations provider vscode.git 1062
[2022-06-14 20:47:23.208] [exthost] [warning] [Decorations] CAPPING events from decorations provider vscode.git 1063
[2022-06-14 20:47:28.393] [exthost] [warning] [Decorations] CAPPING events from decorations provider vscode.git 1063
[2022-06-14 20:47:33.588] [exthost] [warning] [Decorations] CAPPING events from decorations provider vscode.git 1063
[2022-06-14 20:47:38.780] [exthost] [warning] [Decorations] CAPPING events from decorations provider vscode.git 1063
[2022-06-14 20:47:43.964] [exthost] [warning] [Decorations] CAPPING events from decorations provider vscode.git 1063
[2022-06-14 20:47:49.161] [exthost] [warning] [Decorations] CAPPING events from decorations provider vscode.git 1063
[2022-06-14 20:47:54.357] [exthost] [warning] [Decorations] CAPPING events from decorations provider vscode.git 1063
[2022-06-14 20:47:59.607] [exthost] [warning] [Decorations] CAPPING events from decorations provider vscode.git 1063
[2022-06-14 20:48:04.811] [exthost] [warning] [Decorations] CAPPING events from decorations provider vscode.git 1063
[2022-06-14 20:48:09.998] [exthost] [warning] [Decorations] CAPPING events from decorations provider vscode.git 1063
[2022-06-14 20:48:35.296] [exthost] [warning] [Decorations] CAPPING events from decorations provider vscode.git 1063
[2022-06-14 20:48:40.481] [exthost] [warning] [Decorations] CAPPING events from decorations provider vscode.git 1063
[2022-06-14 20:48:45.670] [exthost] [warning] [Decorations] CAPPING events from decorations provider vscode.git 1063
[2022-06-14 20:49:20.375] [exthost] [warning] [Decorations] CAPPING events from decorations provider vscode.git 1063
[2022-06-14 20:49:25.568] [exthost] [warning] [Decorations] CAPPING events from decorations provider vscode.git 1063
[2022-06-14 20:49:30.753] [exthost] [warning] [Decorations] CAPPING events from decorations provider vscode.git 1063
[2022-06-14 20:49:35.942] [exthost] [warning] [Decorations] CAPPING events from decorations provider vscode.git 1063
[2022-06-14 20:49:41.246] [exthost] [warning] [Decorations] CAPPING events from decorations provider vscode.git 1063
[2022-06-14 20:49:46.459] [exthost] [warning] [Decorations] CAPPING events from decorations provider vscode.git 1063
[2022-06-14 20:49:51.664] [exthost] [warning] [Decorations] CAPPING events from decorations provider vscode.git 1063
[2022-06-14 20:49:56.996] [exthost] [warning] [Decorations] CAPPING events from decorations provider vscode.git 1063
[2022-06-14 20:50:02.231] [exthost] [warning] [Decorations] CAPPING events from decorations provider vscode.git 1063
[2022-06-14 20:50:07.417] [exthost] [warning] [Decorations] CAPPING events from decorations provider vscode.git 1063
[2022-06-14 20:50:12.746] [exthost] [warning] [Decorations] CAPPING events from decorations provider vscode.git 1063
[2022-06-14 20:50:17.966] [exthost] [warning] [Decorations] CAPPING events from decorations provider vscode.git 1063
[2022-06-14 20:50:23.161] [exthost] [warning] [Decorations] CAPPING events from decorations provider vscode.git 1063
[2022-06-14 20:50:28.363] [exthost] [warning] [Decorations] CAPPING events from decorations provider vscode.git 1063
[2022-06-14 20:50:33.550] [exthost] [warning] [Decorations] CAPPING events from decorations provider vscode.git 1064
[2022-06-14 20:50:38.755] [exthost] [warning] [Decorations] CAPPING events from decorations provider vscode.git 1064
[2022-06-14 20:50:43.949] [exthost] [warning] [Decorations] CAPPING events from decorations provider vscode.git 1065
[2022-06-14 20:50:49.143] [exthost] [warning] [Decorations] CAPPING events from decorations provider vscode.git 1065
[2022-06-14 20:50:54.336] [exthost] [warning] [Decorations] CAPPING events from decorations provider vscode.git 1065
[2022-06-14 20:50:59.536] [exthost] [warning] [Decorations] CAPPING events from decorations provider vscode.git 1065
[2022-06-14 20:51:04.741] [exthost] [warning] [Decorations] CAPPING events from decorations provider vscode.git 1065
[2022-06-14 20:51:09.933] [exthost] [warning] [Decorations] CAPPING events from decorations provider vscode.git 1065
[2022-06-14 20:51:15.172] [exthost] [warning] [Decorations] CAPPING events from decorations provider vscode.git 1065
[2022-06-14 20:51:20.370] [exthost] [warning] [Decorations] CAPPING events from decorations provider vscode.git 1065
[2022-06-14 20:51:25.620] [exthost] [warning] [Decorations] CAPPING events from decorations provider vscode.git 1065
[2022-06-14 20:51:30.857] [exthost] [warning] [Decorations] CAPPING events from decorations provider vscode.git 1065
[2022-06-14 20:51:36.101] [exthost] [warning] [Decorations] CAPPING events from decorations provider vscode.git 1066
[2022-06-14 20:51:41.320] [exthost] [warning] [Decorations] CAPPING events from decorations provider vscode.git 1066
[2022-06-14 20:51:46.521] [exthost] [warning] [Decorations] CAPPING events from decorations provider vscode.git 1066
[2022-06-14 20:51:51.713] [exthost] [warning] [Decorations] CAPPING events from decorations provider vscode.git 1066
[2022-06-14 20:51:56.906] [exthost] [warning] [Decorations] CAPPING events from decorations provider vscode.git 1066
[2022-06-14 20:52:02.115] [exthost] [warning] [Decorations] CAPPING events from decorations provider vscode.git 1067
[2022-06-14 20:52:07.318] [exthost] [warning] [Decorations] CAPPING events from decorations provider vscode.git 1067
[2022-06-14 20:52:12.512] [exthost] [warning] [Decorations] CAPPING events from decorations provider vscode.git 1067
[2022-06-14 20:52:20.808] [exthost] [warning] [Decorations] CAPPING events from decorations provider vscode.git 1068
[2022-06-14 20:52:26.008] [exthost] [warning] [Decorations] CAPPING events from decorations provider vscode.git 1068
[2022-06-14 20:52:31.200] [exthost] [warning] [Decorations] CAPPING events from decorations provider vscode.git 1068
[2022-06-14 20:52:36.418] [exthost] [warning] [Decorations] CAPPING events from decorations provider vscode.git 1068
[2022-06-14 20:52:41.613] [exthost] [warning] [Decorations] CAPPING events from decorations provider vscode.git 1069
[2022-06-14 20:52:46.810] [exthost] [warning] [Decorations] CAPPING events from decorations provider vscode.git 1069
[2022-06-14 20:52:52.027] [exthost] [warning] [Decorations] CAPPING events from decorations provider vscode.git 1069
[2022-06-14 20:52:57.222] [exthost] [warning] [Decorations] CAPPING events from decorations provider vscode.git 1069
[2022-06-14 20:53:02.422] [exthost] [warning] [Decorations] CAPPING events from decorations provider vscode.git 1070
[2022-06-14 20:53:07.628] [exthost] [warning] [Decorations] CAPPING events from decorations provider vscode.git 1070
[2022-06-14 20:53:12.841] [exthost] [warning] [Decorations] CAPPING events from decorations provider vscode.git 1070
[2022-06-14 20:53:18.224] [exthost] [warning] [Decorations] CAPPING events from decorations provider vscode.git 1070
[2022-06-14 20:53:23.447] [exthost] [warning] [Decorations] CAPPING events from decorations provider vscode.git 1070
[2022-06-14 20:53:28.689] [exthost] [warning] [Decorations] CAPPING events from decorations provider vscode.git 1070
[2022-06-14 20:53:34.039] [exthost] [warning] [Decorations] CAPPING events from decorations provider vscode.git 1070
[2022-06-14 20:53:39.358] [exthost] [warning] [Decorations] CAPPING events from decorations provider vscode.git 1070
[2022-06-14 20:53:45.044] [exthost] [warning] [Decorations] CAPPING events from decorations provider vscode.git 1070
[2022-06-14 20:53:50.249] [exthost] [warning] [Decorations] CAPPING events from decorations provider vscode.git 1070
[2022-06-14 20:53:55.539] [exthost] [warning] [Decorations] CAPPING events from decorations provider vscode.git 1070
[2022-06-14 20:54:00.778] [exthost] [warning] [Decorations] CAPPING events from decorations provider vscode.git 1071
[2022-06-14 20:54:05.986] [exthost] [warning] [Decorations] CAPPING events from decorations provider vscode.git 1071
[2022-06-14 20:54:11.181] [exthost] [warning] [Decorations] CAPPING events from decorations provider vscode.git 1071
[2022-06-14 20:54:16.375] [exthost] [warning] [Decorations] CAPPING events from decorations provider vscode.git 1071
[2022-06-14 20:54:21.572] [exthost] [warning] [Decorations] CAPPING events from decorations provider vscode.git 1071
[2022-06-14 20:54:26.806] [exthost] [warning] [Decorations] CAPPING events from decorations provider vscode.git 1071
[2022-06-14 20:54:32.015] [exthost] [warning] [Decorations] CAPPING events from decorations provider vscode.git 1071
[2022-06-14 20:54:37.221] [exthost] [warning] [Decorations] CAPPING events from decorations provider vscode.git 1072
[2022-06-14 20:54:42.418] [exthost] [warning] [Decorations] CAPPING events from decorations provider vscode.git 1072
[2022-06-14 20:54:47.621] [exthost] [warning] [Decorations] CAPPING events from decorations provider vscode.git 1071
[2022-06-14 20:54:52.817] [exthost] [warning] [Decorations] CAPPING events from decorations provider vscode.git 1071
[2022-06-14 20:54:58.064] [exthost] [warning] [Decorations] CAPPING events from decorations provider vscode.git 1071
[2022-06-14 20:55:03.348] [exthost] [warning] [Decorations] CAPPING events from decorations provider vscode.git 1071
[2022-06-14 20:55:08.579] [exthost] [warning] [Decorations] CAPPING events from decorations provider vscode.git 1071
[2022-06-14 20:55:13.828] [exthost] [warning] [Decorations] CAPPING events from decorations provider vscode.git 1071
[2022-06-14 20:55:19.031] [exthost] [warning] [Decorations] CAPPING events from decorations provider vscode.git 1071
[2022-06-14 20:55:24.225] [exthost] [warning] [Decorations] CAPPING events from decorations provider vscode.git 1071
[2022-06-14 20:55:29.475] [exthost] [warning] [Decorations] CAPPING events from decorations provider vscode.git 1072
[2022-06-14 20:55:34.679] [exthost] [warning] [Decorations] CAPPING events from decorations provider vscode.git 1072
[2022-06-14 20:55:39.875] [exthost] [warning] [Decorations] CAPPING events from decorations provider vscode.git 1073
[2022-06-14 20:55:45.142] [exthost] [warning] [Decorations] CAPPING events from decorations provider vscode.git 1073
[2022-06-14 20:55:50.335] [exthost] [warning] [Decorations] CAPPING events from decorations provider vscode.git 1074
[2022-06-14 20:55:55.537] [exthost] [warning] [Decorations] CAPPING events from decorations provider vscode.git 1074
[2022-06-14 20:56:00.732] [exthost] [warning] [Decorations] CAPPING events from decorations provider vscode.git 1074
[2022-06-14 20:56:05.931] [exthost] [warning] [Decorations] CAPPING events from decorations provider vscode.git 1074
[2022-06-14 20:56:11.262] [exthost] [warning] [Decorations] CAPPING events from decorations provider vscode.git 1075
[2022-06-14 20:56:16.577] [exthost] [warning] [Decorations] CAPPING events from decorations provider vscode.git 1076
[2022-06-14 20:56:21.778] [exthost] [warning] [Decorations] CAPPING events from decorations provider vscode.git 1076
[2022-06-14 20:56:26.979] [exthost] [warning] [Decorations] CAPPING events from decorations provider vscode.git 1075
[2022-06-14 20:56:32.179] [exthost] [warning] [Decorations] CAPPING events from decorations provider vscode.git 1075
[2022-06-14 20:56:37.379] [exthost] [warning] [Decorations] CAPPING events from decorations provider vscode.git 1076
[2022-06-14 20:56:42.578] [exthost] [warning] [Decorations] CAPPING events from decorations provider vscode.git 1076
[2022-06-14 20:56:47.830] [exthost] [warning] [Decorations] CAPPING events from decorations provider vscode.git 1077
[2022-06-14 20:56:53.041] [exthost] [warning] [Decorations] CAPPING events from decorations provider vscode.git 1077
[2022-06-14 20:56:58.292] [exthost] [warning] [Decorations] CAPPING events from decorations provider vscode.git 1077
[2022-06-14 20:57:03.567] [exthost] [warning] [Decorations] CAPPING events from decorations provider vscode.git 1077
[2022-06-14 20:57:08.847] [exthost] [warning] [Decorations] CAPPING events from decorations provider vscode.git 1077
[2022-06-14 20:57:14.090] [exthost] [warning] [Decorations] CAPPING events from decorations provider vscode.git 1077
[2022-06-14 20:57:19.467] [exthost] [warning] [Decorations] CAPPING events from decorations provider vscode.git 1077
[2022-06-14 20:57:24.752] [exthost] [warning] [Decorations] CAPPING events from decorations provider vscode.git 1077
[2022-06-14 20:57:30.034] [exthost] [warning] [Decorations] CAPPING events from decorations provider vscode.git 1078
[2022-06-14 20:57:35.231] [exthost] [warning] [Decorations] CAPPING events from decorations provider vscode.git 1078
[2022-06-14 20:57:40.449] [exthost] [warning] [Decorations] CAPPING events from decorations provider vscode.git 1078
[2022-06-14 20:57:45.730] [exthost] [warning] [Decorations] CAPPING events from decorations provider vscode.git 1078
[2022-06-14 20:58:08.855] [exthost] [warning] [Decorations] CAPPING events from decorations provider vscode.git 1078
[2022-06-14 20:58:14.068] [exthost] [warning] [Decorations] CAPPING events from decorations provider vscode.git 1079
[2022-06-14 20:58:19.266] [exthost] [warning] [Decorations] CAPPING events from decorations provider vscode.git 1080
[2022-06-14 20:58:24.527] [exthost] [warning] [Decorations] CAPPING events from decorations provider vscode.git 1079
[2022-06-14 20:58:29.780] [exthost] [warning] [Decorations] CAPPING events from decorations provider vscode.git 1079
[2022-06-14 20:58:34.981] [exthost] [warning] [Decorations] CAPPING events from decorations provider vscode.git 1080
[2022-06-14 20:58:40.204] [exthost] [warning] [Decorations] CAPPING events from decorations provider vscode.git 1080
[2022-06-14 20:58:45.429] [exthost] [warning] [Decorations] CAPPING events from decorations provider vscode.git 1081
[2022-06-14 20:58:50.627] [exthost] [warning] [Decorations] CAPPING events from decorations provider vscode.git 1081
[2022-06-14 20:58:55.821] [exthost] [warning] [Decorations] CAPPING events from decorations provider vscode.git 1079
[2022-06-14 20:59:01.025] [exthost] [warning] [Decorations] CAPPING events from decorations provider vscode.git 1079
[2022-06-14 20:59:06.283] [exthost] [warning] [Decorations] CAPPING events from decorations provider vscode.git 1079
[2022-06-14 20:59:11.511] [exthost] [warning] [Decorations] CAPPING events from decorations provider vscode.git 1079
[2022-06-14 20:59:16.706] [exthost] [warning] [Decorations] CAPPING events from decorations provider vscode.git 1079
[2022-06-14 20:59:21.948] [exthost] [warning] [Decorations] CAPPING events from decorations provider vscode.git 1079
[2022-06-14 20:59:27.162] [exthost] [warning] [Decorations] CAPPING events from decorations provider vscode.git 1079
[2022-06-14 20:59:32.397] [exthost] [warning] [Decorations] CAPPING events from decorations provider vscode.git 1079
[2022-06-14 20:59:37.682] [exthost] [warning] [Decorations] CAPPING events from decorations provider vscode.git 1079
[2022-06-14 20:59:42.913] [exthost] [warning] [Decorations] CAPPING events from decorations provider vscode.git 1079
[2022-06-14 20:59:48.128] [exthost] [warning] [Decorations] CAPPING events from decorations provider vscode.git 1079
[2022-06-14 20:59:53.375] [exthost] [warning] [Decorations] CAPPING events from decorations provider vscode.git 1079
[2022-06-14 20:59:58.587] [exthost] [warning] [Decorations] CAPPING events from decorations provider vscode.git 1081
[2022-06-14 21:00:03.784] [exthost] [warning] [Decorations] CAPPING events from decorations provider vscode.git 1081
[2022-06-14 21:00:09.043] [exthost] [warning] [Decorations] CAPPING events from decorations provider vscode.git 1081
[2022-06-14 21:00:14.313] [exthost] [warning] [Decorations] CAPPING events from decorations provider vscode.git 1082
[2022-06-14 21:00:19.506] [exthost] [warning] [Decorations] CAPPING events from decorations provider vscode.git 1081
[2022-06-14 21:00:24.779] [exthost] [warning] [Decorations] CAPPING events from decorations provider vscode.git 1081
[2022-06-14 21:00:30.051] [exthost] [warning] [Decorations] CAPPING events from decorations provider vscode.git 1081
[2022-06-14 21:00:35.249] [exthost] [warning] [Decorations] CAPPING events from decorations provider vscode.git 1081
[2022-06-14 21:00:40.434] [exthost] [warning] [Decorations] CAPPING events from decorations provider vscode.git 1081
[2022-06-14 21:00:45.623] [exthost] [warning] [Decorations] CAPPING events from decorations provider vscode.git 1082
[2022-06-14 21:00:50.824] [exthost] [warning] [Decorations] CAPPING events from decorations provider vscode.git 1081
[2022-06-14 21:00:56.017] [exthost] [warning] [Decorations] CAPPING events from decorations provider vscode.git 1081
[2022-06-14 21:01:01.214] [exthost] [warning] [Decorations] CAPPING events from decorations provider vscode.git 1081
[2022-06-14 21:01:06.917] [exthost] [warning] [Decorations] CAPPING events from decorations provider vscode.git 1081
[2022-06-14 21:01:12.141] [exthost] [warning] [Decorations] CAPPING events from decorations provider vscode.git 1081
[2022-06-14 21:01:17.405] [exthost] [warning] [Decorations] CAPPING events from decorations provider vscode.git 1081
[2022-06-14 21:01:22.603] [exthost] [warning] [Decorations] CAPPING events from decorations provider vscode.git 1081
[2022-06-14 21:01:27.844] [exthost] [warning] [Decorations] CAPPING events from decorations provider vscode.git 1082
[2022-06-14 21:01:33.045] [exthost] [warning] [Decorations] CAPPING events from decorations provider vscode.git 1082
[2022-06-14 21:01:38.269] [exthost] [warning] [Decorations] CAPPING events from decorations provider vscode.git 1082
[2022-06-14 21:01:43.487] [exthost] [warning] [Decorations] CAPPING events from decorations provider vscode.git 1082
[2022-06-14 21:01:48.692] [exthost] [warning] [Decorations] CAPPING events from decorations provider vscode.git 1083
[2022-06-14 21:01:53.889] [exthost] [warning] [Decorations] CAPPING events from decorations provider vscode.git 1083
[2022-06-14 21:01:59.078] [exthost] [warning] [Decorations] CAPPING events from decorations provider vscode.git 1083
[2022-06-14 21:02:04.308] [exthost] [warning] [Decorations] CAPPING events from decorations provider vscode.git 1083
[2022-06-14 21:02:09.579] [exthost] [warning] [Decorations] CAPPING events from decorations provider vscode.git 1083
[2022-06-14 21:02:14.789] [exthost] [warning] [Decorations] CAPPING events from decorations provider vscode.git 1083
[2022-06-14 21:02:24.377] [exthost] [warning] [Decorations] CAPPING events from decorations provider vscode.git 1083
[2022-06-14 21:02:29.574] [exthost] [warning] [Decorations] CAPPING events from decorations provider vscode.git 1083
[2022-06-14 21:02:34.792] [exthost] [warning] [Decorations] CAPPING events from decorations provider vscode.git 1083
[2022-06-14 21:02:40.130] [exthost] [warning] [Decorations] CAPPING events from decorations provider vscode.git 1083
[2022-06-14 21:02:45.359] [exthost] [warning] [Decorations] CAPPING events from decorations provider vscode.git 1083
[2022-06-14 21:02:50.599] [exthost] [warning] [Decorations] CAPPING events from decorations provider vscode.git 1083
[2022-06-14 21:02:55.812] [exthost] [warning] [Decorations] CAPPING events from decorations provider vscode.git 1083
[2022-06-14 21:03:01.059] [exthost] [warning] [Decorations] CAPPING events from decorations provider vscode.git 1083
[2022-06-14 21:03:06.261] [exthost] [warning] [Decorations] CAPPING events from decorations provider vscode.git 1083
[2022-06-14 21:03:11.486] [exthost] [warning] [Decorations] CAPPING events from decorations provider vscode.git 1083
[2022-06-14 21:03:16.757] [exthost] [warning] [Decorations] CAPPING events from decorations provider vscode.git 1083
[2022-06-14 21:03:21.964] [exthost] [warning] [Decorations] CAPPING events from decorations provider vscode.git 1083
[2022-06-14 21:03:55.354] [exthost] [warning] [Decorations] CAPPING events from decorations provider vscode.git 1083
[2022-06-14 21:04:07.985] [exthost] [warning] [Decorations] CAPPING events from decorations provider vscode.git 1083
[2022-06-14 21:04:13.181] [exthost] [warning] [Decorations] CAPPING events from decorations provider vscode.git 1083
[2022-06-14 21:04:18.372] [exthost] [warning] [Decorations] CAPPING events from decorations provider vscode.git 1083
[2022-06-14 21:04:23.637] [exthost] [warning] [Decorations] CAPPING events from decorations provider vscode.git 1083
[2022-06-14 21:04:28.901] [exthost] [warning] [Decorations] CAPPING events from decorations provider vscode.git 1083
[2022-06-14 21:04:34.111] [exthost] [warning] [Decorations] CAPPING events from decorations provider vscode.git 1083
[2022-06-14 21:04:39.312] [exthost] [warning] [Decorations] CAPPING events from decorations provider vscode.git 1083
[2022-06-14 21:04:44.516] [exthost] [warning] [Decorations] CAPPING events from decorations provider vscode.git 1083
[2022-06-14 21:04:49.725] [exthost] [warning] [Decorations] CAPPING events from decorations provider vscode.git 1083
[2022-06-14 21:04:54.926] [exthost] [warning] [Decorations] CAPPING events from decorations provider vscode.git 1083
[2022-06-14 21:05:00.127] [exthost] [warning] [Decorations] CAPPING events from decorations provider vscode.git 1083
[2022-06-14 21:05:05.324] [exthost] [warning] [Decorations] CAPPING events from decorations provider vscode.git 1083
[2022-06-14 21:05:10.532] [exthost] [warning] [Decorations] CAPPING events from decorations provider vscode.git 1083
[2022-06-14 21:05:15.730] [exthost] [warning] [Decorations] CAPPING events from decorations provider vscode.git 1083
[2022-06-14 21:05:20.937] [exthost] [warning] [Decorations] CAPPING events from decorations provider vscode.git 1083
[2022-06-14 21:05:26.137] [exthost] [warning] [Decorations] CAPPING events from decorations provider vscode.git 1083
[2022-06-14 21:05:31.350] [exthost] [warning] [Decorations] CAPPING events from decorations provider vscode.git 1083
[2022-06-14 21:05:36.567] [exthost] [warning] [Decorations] CAPPING events from decorations provider vscode.git 1083
[2022-06-14 21:05:40.969] [exthost] [info] Extension host terminating: renderer closed the socket
[2022-06-14 21:05:41.206] [exthost] [info] Extension host with pid 7959 exiting with code 0
