[2022-07-05T15:23:05.458Z] Log level: Info
[2022-07-05T15:23:05.466Z] [info] Validating found git in: git
[2022-07-05T15:23:05.945Z] [info] Using git 2.37.0 from git
[2022-07-05T15:23:06.306Z] > git rev-parse --show-toplevel [291ms]
[2022-07-05T15:23:06.306Z] fatal: not a git repository (or any parent up to mount point /run/media/upalb)
Stopping at filesystem boundary (GIT_DISCOVERY_ACROSS_FILESYSTEM not set).
[2022-07-05T15:23:06.465Z] > git rev-parse --show-toplevel [127ms]
[2022-07-05T15:23:06.465Z] fatal: not a git repository (or any parent up to mount point /run/media/upalb)
Stopping at filesystem boundary (GIT_DISCOVERY_ACROSS_FILESYSTEM not set).
[2022-07-05T15:23:06.805Z] > git rev-parse --show-toplevel [313ms]
[2022-07-05T15:23:06.805Z] fatal: not a git repository (or any parent up to mount point /run/media/upalb)
Stopping at filesystem boundary (GIT_DISCOVERY_ACROSS_FILESYSTEM not set).
[2022-07-05T15:23:06.819Z] > git rev-parse --show-toplevel [2ms]
[2022-07-05T15:23:06.819Z] fatal: not a git repository (or any parent up to mount point /run/media/upalb)
Stopping at filesystem boundary (GIT_DISCOVERY_ACROSS_FILESYSTEM not set).
[2022-07-05T15:23:07.347Z] > git rev-parse --show-toplevel [518ms]
[2022-07-05T15:23:20.314Z] > git rev-parse --git-dir --git-common-dir [12899ms]
[2022-07-05T15:23:20.361Z] [info] Open repository: /run/media/upalb/Miscellaneous/Code/Programming-Hero/Module-04_portfolio
[2022-07-05T15:23:20.631Z] > git rev-parse --show-toplevel [144ms]
[2022-07-05T15:23:20.632Z] fatal: unsafe repository ('/run/media/upalb/Miscellaneous/Code/Programming-Hero/programing_hero_prj2' is owned by someone else)
To add an exception for this directory, call:

	git config --global --add safe.directory /run/media/upalb/Miscellaneous/Code/Programming-Hero/programing_hero_prj2
[2022-07-05T15:23:20.818Z] > git rev-parse --show-toplevel [150ms]
[2022-07-05T15:23:20.818Z] fatal: not a git repository (or any parent up to mount point /run/media/upalb)
Stopping at filesystem boundary (GIT_DISCOVERY_ACROSS_FILESYSTEM not set).
[2022-07-05T15:23:20.924Z] > git rev-parse --show-toplevel [59ms]
[2022-07-05T15:23:20.924Z] fatal: not a git repository (or any parent up to mount point /run/media/upalb)
Stopping at filesystem boundary (GIT_DISCOVERY_ACROSS_FILESYSTEM not set).
[2022-07-05T15:23:21.079Z] > git status -z -uall [655ms]
[2022-07-05T15:23:21.103Z] > git rev-parse --show-toplevel [160ms]
[2022-07-05T15:23:21.103Z] fatal: not a git repository (or any parent up to mount point /run/media/upalb)
Stopping at filesystem boundary (GIT_DISCOVERY_ACROSS_FILESYSTEM not set).
[2022-07-05T15:23:21.447Z] > git rev-parse --show-toplevel [313ms]
[2022-07-05T15:23:21.447Z] fatal: not a git repository (or any parent up to mount point /run/media/upalb)
Stopping at filesystem boundary (GIT_DISCOVERY_ACROSS_FILESYSTEM not set).
[2022-07-05T15:23:21.618Z] > git rev-parse --show-toplevel [108ms]
[2022-07-05T15:23:21.618Z] fatal: not a git repository (or any parent up to mount point /run/media/upalb)
Stopping at filesystem boundary (GIT_DISCOVERY_ACROSS_FILESYSTEM not set).
[2022-07-05T15:23:21.736Z] > git symbolic-ref --short HEAD [634ms]
[2022-07-05T15:23:21.856Z] > git rev-parse --show-toplevel [184ms]
[2022-07-05T15:23:21.856Z] fatal: not a git repository (or any parent up to mount point /run/media/upalb)
Stopping at filesystem boundary (GIT_DISCOVERY_ACROSS_FILESYSTEM not set).
[2022-07-05T15:23:22.070Z] > git rev-parse --show-toplevel [190ms]
[2022-07-05T15:23:22.070Z] fatal: not a git repository (or any parent up to mount point /run/media/upalb)
Stopping at filesystem boundary (GIT_DISCOVERY_ACROSS_FILESYSTEM not set).
[2022-07-05T15:23:22.277Z] > git rev-parse --show-toplevel [125ms]
[2022-07-05T15:23:22.277Z] fatal: not a git repository (or any parent up to mount point /run/media/upalb)
Stopping at filesystem boundary (GIT_DISCOVERY_ACROSS_FILESYSTEM not set).
[2022-07-05T15:23:23.702Z] > git for-each-ref --format=%(refname)%00%(upstream:short)%00%(objectname)%00%(upstream:track)%00%(upstream:remotename)%00%(upstream:remoteref) refs/heads/main refs/remotes/main [1891ms]
[2022-07-05T15:23:24.315Z] > git remote --verbose [557ms]
[2022-07-05T15:23:25.085Z] > git for-each-ref --sort -committerdate --format %(refname) %(objectname) %(*objectname) [1363ms]
[2022-07-05T15:23:25.739Z] > git config --get commit.template [518ms]
[2022-07-05T15:23:40.455Z] > git rev-parse --show-toplevel [30ms]
[2022-07-05T15:23:40.455Z] fatal: not a git repository (or any parent up to mount point /run/media/upalb)
Stopping at filesystem boundary (GIT_DISCOVERY_ACROSS_FILESYSTEM not set).
[2022-07-05T15:23:40.516Z] > git rev-parse --show-toplevel [25ms]
[2022-07-05T15:23:40.516Z] fatal: not a git repository (or any parent up to mount point /run/media/upalb)
Stopping at filesystem boundary (GIT_DISCOVERY_ACROSS_FILESYSTEM not set).
