[2022-06-02 15:50:09.281] [exthost] [info] Extension host with pid 15008 started
[2022-06-02 15:50:09.282] [exthost] [info] Skipping acquiring lock for /home/upalb/.config/VSCodium/User/workspaceStorage/9626c8f45b4525f27f2040acdebc2900.
[2022-06-02 15:50:11.155] [exthost] [info] ExtensionService#_doActivateExtension vscode.extension-editing, startup: false, activationEvent: 'onLanguage:markdown'
[2022-06-02 15:50:11.233] [exthost] [info] ExtensionService#_doActivateExtension vscode.markdown-language-features, startup: false, activationEvent: 'onLanguage:markdown'
[2022-06-02 15:50:11.933] [exthost] [info] ExtensionService#_doActivateExtension matt-rudge.auto-open-preview-panel, startup: false, activationEvent: 'onLanguage:markdown'
[2022-06-02 15:50:12.060] [exthost] [info] ExtensionService#_doActivateExtension vscode.debug-auto-launch, startup: true, activationEvent: '*'
[2022-06-02 15:50:12.206] [exthost] [info] ExtensionService#_doActivateExtension vscode.git-base, startup: true, activationEvent: '*', root cause: vscode.git
[2022-06-02 15:50:12.263] [exthost] [info] ExtensionService#_doActivateExtension vscode.ipynb, startup: true, activationEvent: '*'
[2022-06-02 15:50:12.313] [exthost] [info] ExtensionService#_doActivateExtension CoenraadS.bracket-pair-colorizer-2, startup: true, activationEvent: '*'
[2022-06-02 15:50:12.810] [exthost] [info] ExtensionService#_doActivateExtension redwan-hossain.auto-rename-tag-clone, startup: true, activationEvent: '*'
[2022-06-02 15:50:12.908] [exthost] [info] ExtensionService#_doActivateExtension WallabyJs.quokka-vscode, startup: true, activationEvent: '*'
[2022-06-02 15:50:12.959] [exthost] [info] ExtensionService#_doActivateExtension vscode.npm, startup: true, activationEvent: 'workspaceContains:package.json'
[2022-06-02 15:50:16.958] [exthost] [info] ExtensionService#_doActivateExtension vscode.markdown-math, startup: false, activationEvent: 'api', root cause: vscode.markdown-language-features
[2022-06-02 15:50:17.009] [exthost] [info] ExtensionService#_doActivateExtension vscode.git, startup: true, activationEvent: '*'
[2022-06-02 15:50:17.126] [exthost] [info] ExtensionService#_doActivateExtension vscode.github, startup: true, activationEvent: '*'
[2022-06-02 15:50:17.677] [exthost] [info] Eager extensions activated
[2022-06-02 15:50:17.702] [exthost] [info] ExtensionService#_doActivateExtension vscode.emmet, startup: false, activationEvent: 'onStartupFinished'
[2022-06-02 15:50:17.780] [exthost] [info] ExtensionService#_doActivateExtension vscode.merge-conflict, startup: false, activationEvent: 'onStartupFinished'
[2022-06-02 15:50:17.819] [exthost] [info] ExtensionService#_doActivateExtension dbaeumer.vscode-eslint, startup: false, activationEvent: 'onStartupFinished'
[2022-06-02 15:50:17.996] [exthost] [info] ExtensionService#_doActivateExtension esbenp.prettier-vscode, startup: false, activationEvent: 'onStartupFinished'
[2022-06-02 15:50:18.354] [exthost] [info] ExtensionService#_doActivateExtension formulahendry.code-runner, startup: false, activationEvent: 'onStartupFinished'
[2022-06-02 15:50:19.348] [exthost] [info] ExtensionService#_doActivateExtension PKief.material-icon-theme, startup: false, activationEvent: 'onStartupFinished'
[2022-06-02 15:50:19.466] [exthost] [info] ExtensionService#_doActivateExtension ritwickdey.LiveServer, startup: false, activationEvent: 'onStartupFinished'
[2022-06-02 15:50:22.868] [exthost] [info] ExtensionService#_doActivateExtension streetsidesoftware.code-spell-checker, startup: false, activationEvent: 'onStartupFinished'
[2022-06-02 15:50:25.581] [exthost] [info] ExtensionService#_doActivateExtension vscode.html-language-features, startup: false, activationEvent: 'onLanguage:html'
[2022-06-02 15:50:37.953] [exthost] [info] ExtensionService#_doActivateExtension vscode.configuration-editing, startup: false, activationEvent: 'onLanguage:json'
[2022-06-02 15:50:38.137] [exthost] [info] ExtensionService#_doActivateExtension vscode.json-language-features, startup: false, activationEvent: 'onLanguage:json'
[2022-06-02 15:50:39.308] [exthost] [info] Extension host terminating: renderer closed the socket
[2022-06-02 15:50:39.354] [exthost] [info] Extension host with pid 15008 exiting with code 0
[2022-06-02 15:50:39.995] [exthost] [info] Extension host with pid 15257 started
[2022-06-02 15:50:39.995] [exthost] [info] Skipping acquiring lock for /home/upalb/.config/VSCodium/User/workspaceStorage/fa84a96756ee31e53c73910e76cc5e69.
[2022-06-02 15:50:40.091] [exthost] [info] ExtensionService#_doActivateExtension vscode.extension-editing, startup: false, activationEvent: 'onLanguage:markdown'
[2022-06-02 15:50:40.114] [exthost] [info] ExtensionService#_doActivateExtension vscode.markdown-language-features, startup: false, activationEvent: 'onLanguage:markdown'
[2022-06-02 15:50:40.254] [exthost] [info] ExtensionService#_doActivateExtension matt-rudge.auto-open-preview-panel, startup: false, activationEvent: 'onLanguage:markdown'
[2022-06-02 15:50:40.257] [exthost] [info] ExtensionService#_doActivateExtension vscode.git-base, startup: false, activationEvent: 'onFileSystem:git', root cause: vscode.git
[2022-06-02 15:50:40.263] [exthost] [info] ExtensionService#_doActivateExtension vscode.html-language-features, startup: false, activationEvent: 'onLanguage:html'
[2022-06-02 15:50:40.283] [exthost] [info] ExtensionService#_doActivateExtension vscode.configuration-editing, startup: false, activationEvent: 'onLanguage:json'
[2022-06-02 15:50:40.287] [exthost] [info] ExtensionService#_doActivateExtension vscode.json-language-features, startup: false, activationEvent: 'onLanguage:json'
[2022-06-02 15:50:40.305] [exthost] [info] ExtensionService#_doActivateExtension vscode.npm, startup: false, activationEvent: 'onLanguage:json'
[2022-06-02 15:50:40.320] [exthost] [info] ExtensionService#_doActivateExtension vscode.debug-auto-launch, startup: true, activationEvent: '*'
[2022-06-02 15:50:40.323] [exthost] [info] ExtensionService#_doActivateExtension vscode.ipynb, startup: true, activationEvent: '*'
[2022-06-02 15:50:40.329] [exthost] [info] ExtensionService#_doActivateExtension CoenraadS.bracket-pair-colorizer-2, startup: true, activationEvent: '*'
[2022-06-02 15:50:40.353] [exthost] [info] ExtensionService#_doActivateExtension redwan-hossain.auto-rename-tag-clone, startup: true, activationEvent: '*'
[2022-06-02 15:50:40.366] [exthost] [info] ExtensionService#_doActivateExtension WallabyJs.quokka-vscode, startup: true, activationEvent: '*'
[2022-06-02 15:50:40.751] [exthost] [info] ExtensionService#_doActivateExtension vscode.git, startup: false, activationEvent: 'onFileSystem:git'
[2022-06-02 15:50:40.823] [exthost] [info] ExtensionService#_doActivateExtension vscode.github, startup: true, activationEvent: '*'
[2022-06-02 15:50:42.223] [exthost] [info] Eager extensions activated
[2022-06-02 15:50:42.227] [exthost] [info] ExtensionService#_doActivateExtension vscode.emmet, startup: false, activationEvent: 'onStartupFinished'
[2022-06-02 15:50:42.235] [exthost] [info] ExtensionService#_doActivateExtension vscode.merge-conflict, startup: false, activationEvent: 'onStartupFinished'
[2022-06-02 15:50:42.237] [exthost] [info] ExtensionService#_doActivateExtension dbaeumer.vscode-eslint, startup: false, activationEvent: 'onStartupFinished'
[2022-06-02 15:50:42.250] [exthost] [info] ExtensionService#_doActivateExtension esbenp.prettier-vscode, startup: false, activationEvent: 'onStartupFinished'
[2022-06-02 15:50:42.314] [exthost] [info] ExtensionService#_doActivateExtension formulahendry.code-runner, startup: false, activationEvent: 'onStartupFinished'
[2022-06-02 15:50:42.344] [exthost] [info] ExtensionService#_doActivateExtension PKief.material-icon-theme, startup: false, activationEvent: 'onStartupFinished'
[2022-06-02 15:50:42.359] [exthost] [info] ExtensionService#_doActivateExtension ritwickdey.LiveServer, startup: false, activationEvent: 'onStartupFinished'
[2022-06-02 15:50:42.521] [exthost] [info] ExtensionService#_doActivateExtension streetsidesoftware.code-spell-checker, startup: false, activationEvent: 'onStartupFinished'
[2022-06-02 15:51:07.470] [exthost] [info] ExtensionService#_doActivateExtension vscode.markdown-math, startup: false, activationEvent: 'api', root cause: vscode.markdown-language-features
[2022-06-02 16:28:59.754] [exthost] [warning] [Decorations] CAPPING events from decorations provider vscode.git 251
[2022-06-02 16:29:05.061] [exthost] [warning] [Decorations] CAPPING events from decorations provider vscode.git 251
[2022-06-02 16:29:10.240] [exthost] [warning] [Decorations] CAPPING events from decorations provider vscode.git 251
[2022-06-02 16:29:15.488] [exthost] [warning] [Decorations] CAPPING events from decorations provider vscode.git 251
[2022-06-02 16:29:51.961] [exthost] [warning] [Decorations] CAPPING events from decorations provider vscode.git 251
[2022-06-02 16:29:57.154] [exthost] [warning] [Decorations] CAPPING events from decorations provider vscode.git 251
[2022-06-02 16:30:02.342] [exthost] [warning] [Decorations] CAPPING events from decorations provider vscode.git 267
[2022-06-02 16:30:07.522] [exthost] [warning] [Decorations] CAPPING events from decorations provider vscode.git 267
[2022-06-02 16:30:12.711] [exthost] [warning] [Decorations] CAPPING events from decorations provider vscode.git 267
[2022-06-02 16:30:17.895] [exthost] [warning] [Decorations] CAPPING events from decorations provider vscode.git 267
[2022-06-02 16:30:23.170] [exthost] [warning] [Decorations] CAPPING events from decorations provider vscode.git 267
[2022-06-02 16:30:28.371] [exthost] [warning] [Decorations] CAPPING events from decorations provider vscode.git 269
[2022-06-02 16:30:33.567] [exthost] [warning] [Decorations] CAPPING events from decorations provider vscode.git 268
[2022-06-02 16:30:38.758] [exthost] [warning] [Decorations] CAPPING events from decorations provider vscode.git 268
[2022-06-02 16:30:43.948] [exthost] [warning] [Decorations] CAPPING events from decorations provider vscode.git 268
[2022-06-02 16:30:49.147] [exthost] [warning] [Decorations] CAPPING events from decorations provider vscode.git 268
[2022-06-02 16:30:54.356] [exthost] [warning] [Decorations] CAPPING events from decorations provider vscode.git 268
[2022-06-02 16:30:59.564] [exthost] [warning] [Decorations] CAPPING events from decorations provider vscode.git 268
[2022-06-02 16:31:04.927] [exthost] [warning] [Decorations] CAPPING events from decorations provider vscode.git 268
[2022-06-02 16:31:10.236] [exthost] [warning] [Decorations] CAPPING events from decorations provider vscode.git 268
[2022-06-02 16:31:15.470] [exthost] [warning] [Decorations] CAPPING events from decorations provider vscode.git 268
[2022-06-02 16:31:20.655] [exthost] [warning] [Decorations] CAPPING events from decorations provider vscode.git 269
[2022-06-02 16:31:25.884] [exthost] [warning] [Decorations] CAPPING events from decorations provider vscode.git 269
[2022-06-02 16:31:30.639] [exthost] [info] Extension host terminating: renderer closed the socket
[2022-06-02 16:31:30.824] [exthost] [info] Extension host with pid 15257 exiting with code 0
