[2022-06-27T09:29:54.624Z] Log level: Info
[2022-06-27T09:29:54.625Z] [info] Validating found git in: git
[2022-06-27T09:29:56.908Z] [info] Using git 2.36.1 from git
[2022-06-27T09:29:57.364Z] > git rev-parse --show-toplevel [402ms]
[2022-06-27T09:29:57.365Z] fatal: not a git repository (or any parent up to mount point /run/media/upalb)
Stopping at filesystem boundary (GIT_DISCOVERY_ACROSS_FILESYSTEM not set).
[2022-06-27T09:29:57.528Z] > git rev-parse --show-toplevel [139ms]
[2022-06-27T09:29:57.559Z] > git rev-parse --git-dir --git-common-dir [4ms]
[2022-06-27T09:29:57.576Z] [info] Open repository: /home/upalb/.config
[2022-06-27T09:29:57.629Z] > git rev-parse --show-toplevel [6ms]
[2022-06-27T09:29:57.629Z] fatal: not a git repository (or any parent up to mount point /run/media/upalb)
Stopping at filesystem boundary (GIT_DISCOVERY_ACROSS_FILESYSTEM not set).
[2022-06-27T09:29:57.800Z] > git rev-parse --show-toplevel [10ms]
[2022-06-27T09:29:57.800Z] fatal: not a git repository (or any parent up to mount point /run/media/upalb)
Stopping at filesystem boundary (GIT_DISCOVERY_ACROSS_FILESYSTEM not set).
[2022-06-27T09:29:58.316Z] > git check-ignore -v -z --stdin [3ms]
[2022-06-27T09:29:58.360Z] > git rev-parse --show-toplevel [120ms]
[2022-06-27T09:29:58.360Z] fatal: not a git repository (or any parent up to mount point /run/media/upalb)
Stopping at filesystem boundary (GIT_DISCOVERY_ACROSS_FILESYSTEM not set).
[2022-06-27T09:30:07.050Z] > git status -z -uall [9448ms]
[2022-06-27T09:30:07.050Z] > git symbolic-ref --short HEAD [4ms]
[2022-06-27T09:30:07.111Z] > git for-each-ref --format=%(refname)%00%(upstream:short)%00%(objectname)%00%(upstream:track)%00%(upstream:remotename)%00%(upstream:remoteref) refs/heads/main refs/remotes/main [48ms]
[2022-06-27T09:30:07.158Z] > git remote --verbose [6ms]
[2022-06-27T09:30:07.171Z] > git for-each-ref --sort -committerdate --format %(refname) %(objectname) %(*objectname) [42ms]
[2022-06-27T09:30:18.361Z] > git config --get commit.template [178ms]
