[2022-06-03T06:26:45.130Z] Validating found git in: git
[2022-06-03T06:26:45.170Z] Using git 2.36.1 from git
[2022-06-03T06:26:45.225Z] > git rev-parse --show-toplevel [34ms]
[2022-06-03T06:26:45.226Z] fatal: not a git repository (or any parent up to mount point /)
Stopping at filesystem boundary (GIT_DISCOVERY_ACROSS_FILESYSTEM not set).
[2022-06-03T06:26:54.284Z] > git rev-parse --show-toplevel [9029ms]
[2022-06-03T06:26:54.284Z] fatal: not a git repository (or any parent up to mount point /)
Stopping at filesystem boundary (GIT_DISCOVERY_ACROSS_FILESYSTEM not set).
[2022-06-03T06:26:54.312Z] > git rev-parse --show-toplevel [10ms]
[2022-06-03T06:26:54.312Z] fatal: not a git repository (or any parent up to mount point /)
Stopping at filesystem boundary (GIT_DISCOVERY_ACROSS_FILESYSTEM not set).
[2022-06-03T06:26:54.376Z] > git rev-parse --show-toplevel [50ms]
[2022-06-03T06:26:54.415Z] > git rev-parse --git-dir --git-common-dir [6ms]
[2022-06-03T06:26:54.443Z] Open repository: /home/upalb/NewsFlash/FreeCodeCamp-NewsFlash
[2022-06-03T06:26:54.506Z] > git rev-parse --show-toplevel [40ms]
[2022-06-03T06:26:54.506Z] fatal: not a git repository (or any parent up to mount point /)
Stopping at filesystem boundary (GIT_DISCOVERY_ACROSS_FILESYSTEM not set).
[2022-06-03T06:26:54.547Z] > git rev-parse --show-toplevel [12ms]
[2022-06-03T06:26:54.547Z] fatal: not a git repository (or any parent up to mount point /)
Stopping at filesystem boundary (GIT_DISCOVERY_ACROSS_FILESYSTEM not set).
[2022-06-03T06:26:54.569Z] > git rev-parse --show-toplevel [5ms]
[2022-06-03T06:26:54.569Z] fatal: not a git repository (or any parent up to mount point /)
Stopping at filesystem boundary (GIT_DISCOVERY_ACROSS_FILESYSTEM not set).
[2022-06-03T06:26:54.585Z] > git rev-parse --show-toplevel [2ms]
[2022-06-03T06:26:54.585Z] fatal: not a git repository (or any parent up to mount point /)
Stopping at filesystem boundary (GIT_DISCOVERY_ACROSS_FILESYSTEM not set).
[2022-06-03T06:26:54.738Z] > git status -z -uall [281ms]
[2022-06-03T06:26:54.779Z] > git symbolic-ref --short HEAD [8ms]
[2022-06-03T06:26:54.837Z] > git for-each-ref --format=%(refname)%00%(upstream:short)%00%(objectname)%00%(upstream:track)%00%(upstream:remotename)%00%(upstream:remoteref) refs/heads/main refs/remotes/main [44ms]
[2022-06-03T06:26:54.875Z] > git remote --verbose [19ms]
[2022-06-03T06:26:54.884Z] > git for-each-ref --sort -committerdate --format %(refname) %(objectname) %(*objectname) [37ms]
[2022-06-03T06:26:54.951Z] > git config --get commit.template [14ms]
[2022-06-03T06:28:28.165Z] > git rev-parse --show-toplevel [25ms]
[2022-06-03T06:28:28.165Z] fatal: not a git repository (or any parent up to mount point /)
Stopping at filesystem boundary (GIT_DISCOVERY_ACROSS_FILESYSTEM not set).
[2022-06-03T06:29:14.701Z] > git rev-parse --show-toplevel [6ms]
[2022-06-03T06:29:14.701Z] fatal: not a git repository (or any parent up to mount point /)
Stopping at filesystem boundary (GIT_DISCOVERY_ACROSS_FILESYSTEM not set).
[2022-06-03T06:30:51.521Z] > git rev-parse --show-toplevel [24ms]
[2022-06-03T06:30:51.521Z] fatal: not a git repository (or any parent up to mount point /)
Stopping at filesystem boundary (GIT_DISCOVERY_ACROSS_FILESYSTEM not set).
[2022-06-03T06:31:00.720Z] > git rev-parse --show-toplevel [8ms]
[2022-06-03T06:31:00.720Z] fatal: not a git repository (or any parent up to mount point /)
Stopping at filesystem boundary (GIT_DISCOVERY_ACROSS_FILESYSTEM not set).
[2022-06-03T06:31:47.961Z] > git rev-parse --show-toplevel [10ms]
[2022-06-03T06:31:47.961Z] fatal: not a git repository (or any parent up to mount point /)
Stopping at filesystem boundary (GIT_DISCOVERY_ACROSS_FILESYSTEM not set).
[2022-06-03T06:33:58.590Z] > git rev-parse --show-toplevel [13ms]
[2022-06-03T06:33:58.590Z] fatal: not a git repository (or any parent up to mount point /)
Stopping at filesystem boundary (GIT_DISCOVERY_ACROSS_FILESYSTEM not set).
[2022-06-03T06:36:17.897Z] > git rev-parse --show-toplevel [10ms]
[2022-06-03T06:36:17.897Z] fatal: not a git repository (or any parent up to mount point /)
Stopping at filesystem boundary (GIT_DISCOVERY_ACROSS_FILESYSTEM not set).
[2022-06-03T06:36:19.486Z] > git rev-parse --show-toplevel [5ms]
[2022-06-03T06:36:19.486Z] fatal: not a git repository (or any parent up to mount point /)
Stopping at filesystem boundary (GIT_DISCOVERY_ACROSS_FILESYSTEM not set).
[2022-06-03T06:37:05.555Z] > git rev-parse --show-toplevel [8ms]
[2022-06-03T06:37:05.555Z] fatal: not a git repository (or any parent up to mount point /)
Stopping at filesystem boundary (GIT_DISCOVERY_ACROSS_FILESYSTEM not set).
[2022-06-03T06:37:15.653Z] > git rev-parse --show-toplevel [8ms]
[2022-06-03T06:37:15.653Z] fatal: not a git repository (or any parent up to mount point /)
Stopping at filesystem boundary (GIT_DISCOVERY_ACROSS_FILESYSTEM not set).
[2022-06-03T06:40:27.467Z] > git rev-parse --show-toplevel [13ms]
[2022-06-03T06:40:27.467Z] fatal: not a git repository (or any parent up to mount point /)
Stopping at filesystem boundary (GIT_DISCOVERY_ACROSS_FILESYSTEM not set).
[2022-06-03T06:40:30.176Z] > git rev-parse --show-toplevel [7ms]
[2022-06-03T06:40:30.176Z] fatal: not a git repository (or any parent up to mount point /)
Stopping at filesystem boundary (GIT_DISCOVERY_ACROSS_FILESYSTEM not set).
[2022-06-03T06:40:48.348Z] > git rev-parse --show-toplevel [8ms]
[2022-06-03T06:40:48.348Z] fatal: not a git repository (or any parent up to mount point /)
Stopping at filesystem boundary (GIT_DISCOVERY_ACROSS_FILESYSTEM not set).
[2022-06-03T06:41:08.324Z] > git rev-parse --show-toplevel [9ms]
[2022-06-03T06:41:08.324Z] fatal: not a git repository (or any parent up to mount point /)
Stopping at filesystem boundary (GIT_DISCOVERY_ACROSS_FILESYSTEM not set).
[2022-06-03T06:41:34.504Z] > git rev-parse --show-toplevel [12ms]
[2022-06-03T06:41:34.504Z] fatal: not a git repository (or any parent up to mount point /)
Stopping at filesystem boundary (GIT_DISCOVERY_ACROSS_FILESYSTEM not set).
[2022-06-03T06:41:36.298Z] > git rev-parse --show-toplevel [5ms]
[2022-06-03T06:41:36.298Z] fatal: not a git repository (or any parent up to mount point /)
Stopping at filesystem boundary (GIT_DISCOVERY_ACROSS_FILESYSTEM not set).
[2022-06-03T06:41:43.827Z] > git rev-parse --show-toplevel [8ms]
[2022-06-03T06:41:43.827Z] fatal: not a git repository (or any parent up to mount point /)
Stopping at filesystem boundary (GIT_DISCOVERY_ACROSS_FILESYSTEM not set).
[2022-06-03T06:41:47.369Z] > git rev-parse --show-toplevel [5ms]
[2022-06-03T06:41:47.369Z] fatal: not a git repository (or any parent up to mount point /)
Stopping at filesystem boundary (GIT_DISCOVERY_ACROSS_FILESYSTEM not set).
[2022-06-03T06:56:05.037Z] > git rev-parse --show-toplevel [42ms]
[2022-06-03T06:56:05.037Z] fatal: not a git repository (or any parent up to mount point /)
Stopping at filesystem boundary (GIT_DISCOVERY_ACROSS_FILESYSTEM not set).
[2022-06-03T06:56:15.854Z] > git rev-parse --show-toplevel [7ms]
[2022-06-03T06:56:15.854Z] fatal: not a git repository (or any parent up to mount point /)
Stopping at filesystem boundary (GIT_DISCOVERY_ACROSS_FILESYSTEM not set).
[2022-06-03T06:57:44.508Z] > git rev-parse --show-toplevel [10ms]
[2022-06-03T06:57:44.508Z] fatal: not a git repository (or any parent up to mount point /)
Stopping at filesystem boundary (GIT_DISCOVERY_ACROSS_FILESYSTEM not set).
[2022-06-03T06:59:59.825Z] > git rev-parse --show-toplevel [35ms]
[2022-06-03T06:59:59.825Z] fatal: not a git repository (or any parent up to mount point /)
Stopping at filesystem boundary (GIT_DISCOVERY_ACROSS_FILESYSTEM not set).
[2022-06-03T07:00:02.590Z] > git rev-parse --show-toplevel [6ms]
[2022-06-03T07:00:02.590Z] fatal: not a git repository (or any parent up to mount point /)
Stopping at filesystem boundary (GIT_DISCOVERY_ACROSS_FILESYSTEM not set).
[2022-06-03T07:08:35.764Z] > git rev-parse --show-toplevel [630ms]
[2022-06-03T07:08:35.764Z] fatal: not a git repository (or any parent up to mount point /)
Stopping at filesystem boundary (GIT_DISCOVERY_ACROSS_FILESYSTEM not set).
[2022-06-03T07:09:07.437Z] > git rev-parse --show-toplevel [8ms]
[2022-06-03T07:09:07.437Z] fatal: not a git repository (or any parent up to mount point /)
Stopping at filesystem boundary (GIT_DISCOVERY_ACROSS_FILESYSTEM not set).
[2022-06-03T07:09:10.418Z] > git rev-parse --show-toplevel [6ms]
[2022-06-03T07:09:10.418Z] fatal: not a git repository (or any parent up to mount point /)
Stopping at filesystem boundary (GIT_DISCOVERY_ACROSS_FILESYSTEM not set).
[2022-06-03T07:09:12.790Z] > git rev-parse --show-toplevel [5ms]
[2022-06-03T07:09:12.790Z] fatal: not a git repository (or any parent up to mount point /)
Stopping at filesystem boundary (GIT_DISCOVERY_ACROSS_FILESYSTEM not set).
[2022-06-03T07:09:18.518Z] > git rev-parse --show-toplevel [6ms]
[2022-06-03T07:09:18.518Z] fatal: not a git repository (or any parent up to mount point /)
Stopping at filesystem boundary (GIT_DISCOVERY_ACROSS_FILESYSTEM not set).
[2022-06-03T07:09:21.681Z] > git rev-parse --show-toplevel [12ms]
[2022-06-03T07:09:21.681Z] fatal: not a git repository (or any parent up to mount point /)
Stopping at filesystem boundary (GIT_DISCOVERY_ACROSS_FILESYSTEM not set).
[2022-06-03T07:10:34.819Z] > git rev-parse --show-toplevel [5ms]
[2022-06-03T07:10:34.819Z] fatal: not a git repository (or any parent up to mount point /)
Stopping at filesystem boundary (GIT_DISCOVERY_ACROSS_FILESYSTEM not set).
