[2022-06-14 22:16:15.979] [exthost] [info] Extension host with pid 6608 started
[2022-06-14 22:16:15.979] [exthost] [info] Skipping acquiring lock for /home/upalb/.config/VSCodium/User/workspaceStorage/fa84a96756ee31e53c73910e76cc5e69.
[2022-06-14 22:16:16.182] [exthost] [info] ExtensionService#_doActivateExtension vscode.debug-auto-launch, startup: true, activationEvent: '*'
[2022-06-14 22:16:16.262] [exthost] [info] ExtensionService#_doActivateExtension vscode.git-base, startup: true, activationEvent: '*', root cause: vscode.git
[2022-06-14 22:16:16.326] [exthost] [info] ExtensionService#_doActivateExtension vscode.ipynb, startup: true, activationEvent: '*'
[2022-06-14 22:16:16.483] [exthost] [info] ExtensionService#_doActivateExtension CoenraadS.bracket-pair-colorizer-2, startup: true, activationEvent: '*'
[2022-06-14 22:16:17.905] [exthost] [info] ExtensionService#_doActivateExtension redwan-hossain.auto-rename-tag-clone, startup: true, activationEvent: '*'
[2022-06-14 22:16:17.976] [exthost] [info] ExtensionService#_doActivateExtension WallabyJs.quokka-vscode, startup: true, activationEvent: '*'
[2022-06-14 22:16:23.430] [exthost] [info] Not activating extension 'glenn2223.live-sass': Timed out while searching for 'workspaceContains' pattern **/*.s[ac]ss
[2022-06-14 22:16:23.770] [exthost] [info] ExtensionService#_doActivateExtension vscode.git, startup: true, activationEvent: '*'
[2022-06-14 22:16:24.025] [exthost] [info] ExtensionService#_doActivateExtension vscode.github, startup: true, activationEvent: '*'
[2022-06-14 22:16:24.962] [exthost] [info] Eager extensions activated
[2022-06-14 22:16:24.987] [exthost] [info] ExtensionService#_doActivateExtension vscode.emmet, startup: false, activationEvent: 'onStartupFinished'
[2022-06-14 22:16:25.166] [exthost] [info] ExtensionService#_doActivateExtension vscode.merge-conflict, startup: false, activationEvent: 'onStartupFinished'
[2022-06-14 22:16:25.359] [exthost] [info] ExtensionService#_doActivateExtension dbaeumer.vscode-eslint, startup: false, activationEvent: 'onStartupFinished'
[2022-06-14 22:16:25.498] [exthost] [info] ExtensionService#_doActivateExtension esbenp.prettier-vscode, startup: false, activationEvent: 'onStartupFinished'
[2022-06-14 22:16:25.829] [exthost] [info] ExtensionService#_doActivateExtension formulahendry.code-runner, startup: false, activationEvent: 'onStartupFinished'
[2022-06-14 22:16:27.260] [exthost] [info] ExtensionService#_doActivateExtension PKief.material-icon-theme, startup: false, activationEvent: 'onStartupFinished'
[2022-06-14 22:16:27.306] [exthost] [info] ExtensionService#_doActivateExtension ritwickdey.LiveServer, startup: false, activationEvent: 'onStartupFinished'
[2022-06-14 22:16:33.931] [exthost] [info] ExtensionService#_doActivateExtension streetsidesoftware.code-spell-checker, startup: false, activationEvent: 'onStartupFinished'
[2022-06-14 22:16:35.308] [exthost] [error] {"message":"Git error","stdout":"","stderr":"fatal: pathspec '/home/upalb/.config/alacritty/alacritty.yml' is beyond a symbolic link\n","exitCode":128}
[2022-06-14 22:16:35.309] [exthost] [error] {"message":"Git error","stdout":"","stderr":"fatal: pathspec '/home/upalb/.config/alacritty/alacritty.yml' is beyond a symbolic link\n","exitCode":128}
[2022-06-14 22:16:35.309] [exthost] [error] {"message":"Git error","stdout":"","stderr":"fatal: pathspec '/home/upalb/.config/alacritty/alacritty.yml' is beyond a symbolic link\n","exitCode":128}
[2022-06-14 22:16:35.309] [exthost] [error] {"message":"Git error","stdout":"","stderr":"fatal: pathspec '/home/upalb/.config/alacritty/alacritty.yml' is beyond a symbolic link\n","exitCode":128}
[2022-06-14 22:16:35.309] [exthost] [error] {"message":"Git error","stdout":"","stderr":"fatal: pathspec '/home/upalb/.config/alacritty/alacritty.yml' is beyond a symbolic link\n","exitCode":128}
[2022-06-14 22:16:35.309] [exthost] [error] {"message":"Git error","stdout":"","stderr":"fatal: pathspec '/home/upalb/.config/alacritty/alacritty.yml' is beyond a symbolic link\n","exitCode":128}
[2022-06-14 22:16:35.309] [exthost] [error] {"message":"Git error","stdout":"","stderr":"fatal: pathspec '/home/upalb/.config/alacritty/alacritty.yml' is beyond a symbolic link\n","exitCode":128}
[2022-06-14 22:16:35.309] [exthost] [error] {"message":"Git error","stdout":"","stderr":"fatal: pathspec '/home/upalb/.config/alacritty/alacritty.yml' is beyond a symbolic link\n","exitCode":128}
[2022-06-14 22:16:35.309] [exthost] [error] {"message":"Git error","stdout":"","stderr":"fatal: pathspec '/home/upalb/.config/alacritty/alacritty.yml' is beyond a symbolic link\n","exitCode":128}
[2022-06-14 22:16:35.309] [exthost] [error] {"message":"Git error","stdout":"","stderr":"fatal: pathspec '/home/upalb/.config/alacritty/alacritty.yml' is beyond a symbolic link\n","exitCode":128}
[2022-06-14 22:16:35.309] [exthost] [error] {"message":"Git error","stdout":"","stderr":"fatal: pathspec '/home/upalb/.config/alacritty/alacritty.yml' is beyond a symbolic link\n","exitCode":128}
[2022-06-14 22:16:35.309] [exthost] [error] {"message":"Git error","stdout":"","stderr":"fatal: pathspec '/home/upalb/.config/alacritty/alacritty.yml' is beyond a symbolic link\n","exitCode":128}
[2022-06-14 22:16:35.309] [exthost] [error] {"message":"Git error","stdout":"","stderr":"fatal: pathspec '/home/upalb/.config/alacritty/alacritty.yml' is beyond a symbolic link\n","exitCode":128}
[2022-06-14 22:16:35.309] [exthost] [error] {"message":"Git error","stdout":"","stderr":"fatal: pathspec '/home/upalb/.config/alacritty/alacritty.yml' is beyond a symbolic link\n","exitCode":128}
[2022-06-14 22:16:35.309] [exthost] [error] {"message":"Git error","stdout":"","stderr":"fatal: pathspec '/home/upalb/.config/alacritty/alacritty.yml' is beyond a symbolic link\n","exitCode":128}
[2022-06-14 22:16:35.309] [exthost] [error] {"message":"Git error","stdout":"","stderr":"fatal: pathspec '/home/upalb/.config/alacritty/alacritty.yml' is beyond a symbolic link\n","exitCode":128}
[2022-06-14 22:16:35.309] [exthost] [error] {"message":"Git error","stdout":"","stderr":"fatal: pathspec '/home/upalb/.config/alacritty/alacritty.yml' is beyond a symbolic link\n","exitCode":128}
[2022-06-14 22:16:35.309] [exthost] [error] {"message":"Git error","stdout":"","stderr":"fatal: pathspec '/home/upalb/.config/alacritty/alacritty.yml' is beyond a symbolic link\n","exitCode":128}
[2022-06-14 22:16:35.309] [exthost] [error] {"message":"Git error","stdout":"","stderr":"fatal: pathspec '/home/upalb/.config/alacritty/alacritty.yml' is beyond a symbolic link\n","exitCode":128}
[2022-06-14 22:16:35.309] [exthost] [error] {"message":"Git error","stdout":"","stderr":"fatal: pathspec '/home/upalb/.config/alacritty/alacritty.yml' is beyond a symbolic link\n","exitCode":128}
[2022-06-14 22:16:35.309] [exthost] [error] {"message":"Git error","stdout":"","stderr":"fatal: pathspec '/home/upalb/.config/alacritty/alacritty.yml' is beyond a symbolic link\n","exitCode":128}
[2022-06-14 22:16:35.309] [exthost] [error] {"message":"Git error","stdout":"","stderr":"fatal: pathspec '/home/upalb/.config/alacritty/alacritty.yml' is beyond a symbolic link\n","exitCode":128}
[2022-06-14 22:16:35.309] [exthost] [error] {"message":"Git error","stdout":"","stderr":"fatal: pathspec '/home/upalb/.config/alacritty/alacritty.yml' is beyond a symbolic link\n","exitCode":128}
[2022-06-14 22:16:35.309] [exthost] [error] {"message":"Git error","stdout":"","stderr":"fatal: pathspec '/home/upalb/.config/alacritty/alacritty.yml' is beyond a symbolic link\n","exitCode":128}
[2022-06-14 22:16:35.309] [exthost] [error] {"message":"Git error","stdout":"","stderr":"fatal: pathspec '/home/upalb/.config/alacritty/alacritty.yml' is beyond a symbolic link\n","exitCode":128}
[2022-06-14 22:16:35.309] [exthost] [error] {"message":"Git error","stdout":"","stderr":"fatal: pathspec '/home/upalb/.config/alacritty/alacritty.yml' is beyond a symbolic link\n","exitCode":128}
[2022-06-14 22:16:35.309] [exthost] [error] {"message":"Git error","stdout":"","stderr":"fatal: pathspec '/home/upalb/.config/alacritty/alacritty.yml' is beyond a symbolic link\n","exitCode":128}
[2022-06-14 22:16:35.309] [exthost] [error] {"message":"Git error","stdout":"","stderr":"fatal: pathspec '/home/upalb/.config/alacritty/alacritty.yml' is beyond a symbolic link\n","exitCode":128}
[2022-06-14 22:16:35.309] [exthost] [error] {"message":"Git error","stdout":"","stderr":"fatal: pathspec '/home/upalb/.config/alacritty/alacritty.yml' is beyond a symbolic link\n","exitCode":128}
[2022-06-14 22:16:35.309] [exthost] [error] {"message":"Git error","stdout":"","stderr":"fatal: pathspec '/home/upalb/.config/alacritty/alacritty.yml' is beyond a symbolic link\n","exitCode":128}
[2022-06-14 22:16:35.309] [exthost] [error] {"message":"Git error","stdout":"","stderr":"fatal: pathspec '/home/upalb/.config/alacritty/alacritty.yml' is beyond a symbolic link\n","exitCode":128}
[2022-06-14 22:16:35.309] [exthost] [error] {"message":"Git error","stdout":"","stderr":"fatal: pathspec '/home/upalb/.config/alacritty/alacritty.yml' is beyond a symbolic link\n","exitCode":128}
[2022-06-14 22:16:35.309] [exthost] [error] {"message":"Git error","stdout":"","stderr":"fatal: pathspec '/home/upalb/.config/alacritty/alacritty.yml' is beyond a symbolic link\n","exitCode":128}
[2022-06-14 22:16:35.309] [exthost] [error] {"message":"Git error","stdout":"","stderr":"fatal: pathspec '/home/upalb/.config/alacritty/alacritty.yml' is beyond a symbolic link\n","exitCode":128}
[2022-06-14 22:16:35.309] [exthost] [error] {"message":"Git error","stdout":"","stderr":"fatal: pathspec '/home/upalb/.config/alacritty/alacritty.yml' is beyond a symbolic link\n","exitCode":128}
[2022-06-14 22:16:35.309] [exthost] [error] {"message":"Git error","stdout":"","stderr":"fatal: pathspec '/home/upalb/.config/alacritty/alacritty.yml' is beyond a symbolic link\n","exitCode":128}
[2022-06-14 22:16:35.309] [exthost] [error] {"message":"Git error","stdout":"","stderr":"fatal: pathspec '/home/upalb/.config/alacritty/alacritty.yml' is beyond a symbolic link\n","exitCode":128}
[2022-06-14 22:16:35.309] [exthost] [error] {"message":"Git error","stdout":"","stderr":"fatal: pathspec '/home/upalb/.config/alacritty/alacritty.yml' is beyond a symbolic link\n","exitCode":128}
[2022-06-14 22:16:35.309] [exthost] [error] {"message":"Git error","stdout":"","stderr":"fatal: pathspec '/home/upalb/.config/alacritty/alacritty.yml' is beyond a symbolic link\n","exitCode":128}
[2022-06-14 22:16:35.309] [exthost] [error] {"message":"Git error","stdout":"","stderr":"fatal: pathspec '/home/upalb/.config/alacritty/alacritty.yml' is beyond a symbolic link\n","exitCode":128}
[2022-06-14 22:16:35.309] [exthost] [error] {"message":"Git error","stdout":"","stderr":"fatal: pathspec '/home/upalb/.config/alacritty/alacritty.yml' is beyond a symbolic link\n","exitCode":128}
[2022-06-14 22:16:35.309] [exthost] [error] {"message":"Git error","stdout":"","stderr":"fatal: pathspec '/home/upalb/.config/alacritty/alacritty.yml' is beyond a symbolic link\n","exitCode":128}
[2022-06-14 22:16:35.309] [exthost] [error] {"message":"Git error","stdout":"","stderr":"fatal: pathspec '/home/upalb/.config/alacritty/alacritty.yml' is beyond a symbolic link\n","exitCode":128}
[2022-06-14 22:16:35.309] [exthost] [error] {"message":"Git error","stdout":"","stderr":"fatal: pathspec '/home/upalb/.config/alacritty/alacritty.yml' is beyond a symbolic link\n","exitCode":128}
[2022-06-14 22:16:35.309] [exthost] [error] {"message":"Git error","stdout":"","stderr":"fatal: pathspec '/home/upalb/.config/alacritty/alacritty.yml' is beyond a symbolic link\n","exitCode":128}
[2022-06-14 22:16:35.309] [exthost] [error] {"message":"Git error","stdout":"","stderr":"fatal: pathspec '/home/upalb/.config/alacritty/alacritty.yml' is beyond a symbolic link\n","exitCode":128}
[2022-06-14 22:16:35.309] [exthost] [error] {"message":"Git error","stdout":"","stderr":"fatal: pathspec '/home/upalb/.config/alacritty/alacritty.yml' is beyond a symbolic link\n","exitCode":128}
[2022-06-14 22:16:35.309] [exthost] [error] {"message":"Git error","stdout":"","stderr":"fatal: pathspec '/home/upalb/.config/alacritty/alacritty.yml' is beyond a symbolic link\n","exitCode":128}
[2022-06-14 22:16:35.309] [exthost] [error] {"message":"Git error","stdout":"","stderr":"fatal: pathspec '/home/upalb/.config/alacritty/alacritty.yml' is beyond a symbolic link\n","exitCode":128}
[2022-06-14 22:16:35.309] [exthost] [error] {"message":"Git error","stdout":"","stderr":"fatal: pathspec '/home/upalb/.config/alacritty/alacritty.yml' is beyond a symbolic link\n","exitCode":128}
[2022-06-14 22:16:35.309] [exthost] [error] {"message":"Git error","stdout":"","stderr":"fatal: pathspec '/home/upalb/.config/alacritty/alacritty.yml' is beyond a symbolic link\n","exitCode":128}
[2022-06-14 22:16:35.309] [exthost] [error] {"message":"Git error","stdout":"","stderr":"fatal: pathspec '/home/upalb/.config/alacritty/alacritty.yml' is beyond a symbolic link\n","exitCode":128}
[2022-06-14 22:16:35.309] [exthost] [error] {"message":"Git error","stdout":"","stderr":"fatal: pathspec '/home/upalb/.config/alacritty/alacritty.yml' is beyond a symbolic link\n","exitCode":128}
[2022-06-14 22:16:35.309] [exthost] [error] {"message":"Git error","stdout":"","stderr":"fatal: pathspec '/home/upalb/.config/alacritty/alacritty.yml' is beyond a symbolic link\n","exitCode":128}
[2022-06-14 22:16:35.309] [exthost] [error] {"message":"Git error","stdout":"","stderr":"fatal: pathspec '/home/upalb/.config/alacritty/alacritty.yml' is beyond a symbolic link\n","exitCode":128}
[2022-06-14 22:16:35.309] [exthost] [error] {"message":"Git error","stdout":"","stderr":"fatal: pathspec '/home/upalb/.config/alacritty/alacritty.yml' is beyond a symbolic link\n","exitCode":128}
[2022-06-14 22:16:35.309] [exthost] [error] {"message":"Git error","stdout":"","stderr":"fatal: pathspec '/home/upalb/.config/alacritty/alacritty.yml' is beyond a symbolic link\n","exitCode":128}
[2022-06-14 22:16:35.309] [exthost] [error] {"message":"Git error","stdout":"","stderr":"fatal: pathspec '/home/upalb/.config/alacritty/alacritty.yml' is beyond a symbolic link\n","exitCode":128}
[2022-06-14 22:16:35.309] [exthost] [error] {"message":"Git error","stdout":"","stderr":"fatal: pathspec '/home/upalb/.config/alacritty/alacritty.yml' is beyond a symbolic link\n","exitCode":128}
[2022-06-14 22:16:35.309] [exthost] [error] {"message":"Git error","stdout":"","stderr":"fatal: pathspec '/home/upalb/.config/alacritty/alacritty.yml' is beyond a symbolic link\n","exitCode":128}
[2022-06-14 22:16:35.309] [exthost] [error] {"message":"Git error","stdout":"","stderr":"fatal: pathspec '/home/upalb/.config/alacritty/alacritty.yml' is beyond a symbolic link\n","exitCode":128}
[2022-06-14 22:16:35.309] [exthost] [error] {"message":"Git error","stdout":"","stderr":"fatal: pathspec '/home/upalb/.config/alacritty/alacritty.yml' is beyond a symbolic link\n","exitCode":128}
[2022-06-14 22:16:35.309] [exthost] [error] {"message":"Git error","stdout":"","stderr":"fatal: pathspec '/home/upalb/.config/alacritty/alacritty.yml' is beyond a symbolic link\n","exitCode":128}
[2022-06-14 22:16:35.309] [exthost] [error] {"message":"Git error","stdout":"","stderr":"fatal: pathspec '/home/upalb/.config/alacritty/alacritty.yml' is beyond a symbolic link\n","exitCode":128}
[2022-06-14 22:16:35.309] [exthost] [error] {"message":"Git error","stdout":"","stderr":"fatal: pathspec '/home/upalb/.config/alacritty/alacritty.yml' is beyond a symbolic link\n","exitCode":128}
[2022-06-14 22:16:35.309] [exthost] [error] {"message":"Git error","stdout":"","stderr":"fatal: pathspec '/home/upalb/.config/alacritty/alacritty.yml' is beyond a symbolic link\n","exitCode":128}
[2022-06-14 22:16:35.309] [exthost] [error] {"message":"Git error","stdout":"","stderr":"fatal: pathspec '/home/upalb/.config/alacritty/alacritty.yml' is beyond a symbolic link\n","exitCode":128}
[2022-06-14 22:16:35.309] [exthost] [error] {"message":"Git error","stdout":"","stderr":"fatal: pathspec '/home/upalb/.config/alacritty/alacritty.yml' is beyond a symbolic link\n","exitCode":128}
[2022-06-14 22:16:35.310] [exthost] [error] {"message":"Git error","stdout":"","stderr":"fatal: pathspec '/home/upalb/.config/alacritty/alacritty.yml' is beyond a symbolic link\n","exitCode":128}
[2022-06-14 22:16:35.310] [exthost] [error] {"message":"Git error","stdout":"","stderr":"fatal: pathspec '/home/upalb/.config/alacritty/alacritty.yml' is beyond a symbolic link\n","exitCode":128}
[2022-06-14 22:16:35.310] [exthost] [error] {"message":"Git error","stdout":"","stderr":"fatal: pathspec '/home/upalb/.config/alacritty/alacritty.yml' is beyond a symbolic link\n","exitCode":128}
[2022-06-14 22:16:35.310] [exthost] [error] {"message":"Git error","stdout":"","stderr":"fatal: pathspec '/home/upalb/.config/alacritty/alacritty.yml' is beyond a symbolic link\n","exitCode":128}
[2022-06-14 22:16:35.310] [exthost] [error] {"message":"Git error","stdout":"","stderr":"fatal: pathspec '/home/upalb/.config/alacritty/alacritty.yml' is beyond a symbolic link\n","exitCode":128}
[2022-06-14 22:16:35.310] [exthost] [error] {"message":"Git error","stdout":"","stderr":"fatal: pathspec '/home/upalb/.config/alacritty/alacritty.yml' is beyond a symbolic link\n","exitCode":128}
[2022-06-14 22:16:35.310] [exthost] [error] {"message":"Git error","stdout":"","stderr":"fatal: pathspec '/home/upalb/.config/alacritty/alacritty.yml' is beyond a symbolic link\n","exitCode":128}
[2022-06-14 22:16:35.310] [exthost] [error] {"message":"Git error","stdout":"","stderr":"fatal: pathspec '/home/upalb/.config/alacritty/alacritty.yml' is beyond a symbolic link\n","exitCode":128}
[2022-06-14 22:16:35.310] [exthost] [error] {"message":"Git error","stdout":"","stderr":"fatal: pathspec '/home/upalb/.config/alacritty/alacritty.yml' is beyond a symbolic link\n","exitCode":128}
[2022-06-14 22:16:35.310] [exthost] [error] {"message":"Git error","stdout":"","stderr":"fatal: pathspec '/home/upalb/.config/alacritty/alacritty.yml' is beyond a symbolic link\n","exitCode":128}
[2022-06-14 22:16:35.310] [exthost] [error] {"message":"Git error","stdout":"","stderr":"fatal: pathspec '/home/upalb/.config/alacritty/alacritty.yml' is beyond a symbolic link\n","exitCode":128}
[2022-06-14 22:16:35.310] [exthost] [error] {"message":"Git error","stdout":"","stderr":"fatal: pathspec '/home/upalb/.config/alacritty/alacritty.yml' is beyond a symbolic link\n","exitCode":128}
[2022-06-14 22:16:40.357] [exthost] [warning] [Decorations] CAPPING events from decorations provider vscode.git 1129
[2022-06-14 22:17:32.259] [exthost] [error] {"message":"Git error","stdout":"","stderr":"fatal: pathspec '/home/upalb/.config/polybar/scripts' is beyond a symbolic link\n","exitCode":128}
[2022-06-14 22:17:32.259] [exthost] [error] {"message":"Git error","stdout":"","stderr":"fatal: pathspec '/home/upalb/.config/polybar/scripts' is beyond a symbolic link\n","exitCode":128}
[2022-06-14 22:17:32.259] [exthost] [error] {"message":"Git error","stdout":"","stderr":"fatal: pathspec '/home/upalb/.config/polybar/scripts' is beyond a symbolic link\n","exitCode":128}
[2022-06-14 22:17:32.259] [exthost] [error] {"message":"Git error","stdout":"","stderr":"fatal: pathspec '/home/upalb/.config/polybar/scripts' is beyond a symbolic link\n","exitCode":128}
[2022-06-14 22:17:54.541] [exthost] [info] ExtensionService#_doActivateExtension vscode.css-language-features, startup: false, activationEvent: 'onLanguage:css'
[2022-06-14 22:18:40.932] [exthost] [warning] [Decorations] CAPPING events from decorations provider vscode.git 1131
[2022-06-14 22:18:46.118] [exthost] [warning] [Decorations] CAPPING events from decorations provider vscode.git 1131
[2022-06-14 22:18:51.414] [exthost] [warning] [Decorations] CAPPING events from decorations provider vscode.git 1131
[2022-06-14 22:18:56.597] [exthost] [warning] [Decorations] CAPPING events from decorations provider vscode.git 1132
[2022-06-14 22:19:01.771] [exthost] [warning] [Decorations] CAPPING events from decorations provider vscode.git 1133
[2022-06-14 22:19:06.974] [exthost] [warning] [Decorations] CAPPING events from decorations provider vscode.git 1133
[2022-06-14 22:19:12.185] [exthost] [warning] [Decorations] CAPPING events from decorations provider vscode.git 1133
[2022-06-14 22:19:17.360] [exthost] [warning] [Decorations] CAPPING events from decorations provider vscode.git 1133
[2022-06-14 22:19:22.541] [exthost] [warning] [Decorations] CAPPING events from decorations provider vscode.git 1134
[2022-06-14 22:19:27.746] [exthost] [warning] [Decorations] CAPPING events from decorations provider vscode.git 1133
[2022-06-14 22:19:32.962] [exthost] [warning] [Decorations] CAPPING events from decorations provider vscode.git 1134
[2022-06-14 22:19:38.165] [exthost] [warning] [Decorations] CAPPING events from decorations provider vscode.git 1134
[2022-06-14 22:19:43.387] [exthost] [warning] [Decorations] CAPPING events from decorations provider vscode.git 1134
[2022-06-14 22:19:48.715] [exthost] [warning] [Decorations] CAPPING events from decorations provider vscode.git 1134
[2022-06-14 22:19:53.947] [exthost] [warning] [Decorations] CAPPING events from decorations provider vscode.git 1134
[2022-06-14 22:19:59.147] [exthost] [warning] [Decorations] CAPPING events from decorations provider vscode.git 1134
[2022-06-14 22:20:04.328] [exthost] [warning] [Decorations] CAPPING events from decorations provider vscode.git 1135
[2022-06-14 22:20:09.527] [exthost] [warning] [Decorations] CAPPING events from decorations provider vscode.git 1135
[2022-06-14 22:20:14.779] [exthost] [warning] [Decorations] CAPPING events from decorations provider vscode.git 1135
[2022-06-14 22:20:19.979] [exthost] [warning] [Decorations] CAPPING events from decorations provider vscode.git 1136
[2022-06-14 22:20:25.239] [exthost] [warning] [Decorations] CAPPING events from decorations provider vscode.git 1136
[2022-06-14 22:20:30.410] [exthost] [warning] [Decorations] CAPPING events from decorations provider vscode.git 1136
[2022-06-14 22:20:35.666] [exthost] [warning] [Decorations] CAPPING events from decorations provider vscode.git 1136
[2022-06-14 22:20:40.885] [exthost] [warning] [Decorations] CAPPING events from decorations provider vscode.git 1136
[2022-06-14 22:20:46.072] [exthost] [warning] [Decorations] CAPPING events from decorations provider vscode.git 1136
[2022-06-14 22:20:51.241] [exthost] [warning] [Decorations] CAPPING events from decorations provider vscode.git 1137
[2022-06-14 22:20:56.519] [exthost] [warning] [Decorations] CAPPING events from decorations provider vscode.git 1137
[2022-06-14 22:21:01.727] [exthost] [warning] [Decorations] CAPPING events from decorations provider vscode.git 1137
[2022-06-14 22:21:06.913] [exthost] [warning] [Decorations] CAPPING events from decorations provider vscode.git 1137
[2022-06-14 22:21:12.097] [exthost] [warning] [Decorations] CAPPING events from decorations provider vscode.git 1138
[2022-06-14 22:21:17.273] [exthost] [warning] [Decorations] CAPPING events from decorations provider vscode.git 1138
[2022-06-14 22:21:22.444] [exthost] [warning] [Decorations] CAPPING events from decorations provider vscode.git 1138
[2022-06-14 22:21:27.613] [exthost] [warning] [Decorations] CAPPING events from decorations provider vscode.git 1138
[2022-06-14 22:21:32.791] [exthost] [warning] [Decorations] CAPPING events from decorations provider vscode.git 1138
[2022-06-14 22:21:37.994] [exthost] [warning] [Decorations] CAPPING events from decorations provider vscode.git 1138
[2022-06-14 22:21:43.305] [exthost] [warning] [Decorations] CAPPING events from decorations provider vscode.git 1138
[2022-06-14 22:21:48.489] [exthost] [warning] [Decorations] CAPPING events from decorations provider vscode.git 1138
[2022-06-14 22:21:53.752] [exthost] [warning] [Decorations] CAPPING events from decorations provider vscode.git 1138
[2022-06-14 22:21:58.950] [exthost] [warning] [Decorations] CAPPING events from decorations provider vscode.git 1138
[2022-06-14 22:22:04.155] [exthost] [warning] [Decorations] CAPPING events from decorations provider vscode.git 1138
[2022-06-14 22:22:09.369] [exthost] [warning] [Decorations] CAPPING events from decorations provider vscode.git 1138
[2022-06-14 22:22:14.537] [exthost] [warning] [Decorations] CAPPING events from decorations provider vscode.git 1139
[2022-06-14 22:22:19.714] [exthost] [warning] [Decorations] CAPPING events from decorations provider vscode.git 1139
[2022-06-14 22:22:24.936] [exthost] [warning] [Decorations] CAPPING events from decorations provider vscode.git 1139
[2022-06-14 22:22:30.132] [exthost] [warning] [Decorations] CAPPING events from decorations provider vscode.git 1140
[2022-06-14 22:22:35.308] [exthost] [warning] [Decorations] CAPPING events from decorations provider vscode.git 1141
[2022-06-14 22:22:40.492] [exthost] [warning] [Decorations] CAPPING events from decorations provider vscode.git 1140
[2022-06-14 22:22:45.674] [exthost] [warning] [Decorations] CAPPING events from decorations provider vscode.git 1140
[2022-06-14 22:22:50.868] [exthost] [warning] [Decorations] CAPPING events from decorations provider vscode.git 1140
[2022-06-14 22:22:56.083] [exthost] [warning] [Decorations] CAPPING events from decorations provider vscode.git 1140
[2022-06-14 22:23:01.271] [exthost] [warning] [Decorations] CAPPING events from decorations provider vscode.git 1140
[2022-06-14 22:23:06.511] [exthost] [warning] [Decorations] CAPPING events from decorations provider vscode.git 1140
[2022-06-14 22:23:11.709] [exthost] [warning] [Decorations] CAPPING events from decorations provider vscode.git 1140
[2022-06-14 22:23:16.883] [exthost] [warning] [Decorations] CAPPING events from decorations provider vscode.git 1140
[2022-06-14 22:23:22.058] [exthost] [warning] [Decorations] CAPPING events from decorations provider vscode.git 1140
[2022-06-14 22:23:27.288] [exthost] [warning] [Decorations] CAPPING events from decorations provider vscode.git 1140
[2022-06-14 22:23:32.473] [exthost] [warning] [Decorations] CAPPING events from decorations provider vscode.git 1140
[2022-06-14 22:23:37.715] [exthost] [warning] [Decorations] CAPPING events from decorations provider vscode.git 1140
[2022-06-14 22:23:42.900] [exthost] [warning] [Decorations] CAPPING events from decorations provider vscode.git 1140
[2022-06-14 22:23:48.159] [exthost] [warning] [Decorations] CAPPING events from decorations provider vscode.git 1140
[2022-06-14 22:23:53.339] [exthost] [warning] [Decorations] CAPPING events from decorations provider vscode.git 1140
[2022-06-14 22:23:58.535] [exthost] [warning] [Decorations] CAPPING events from decorations provider vscode.git 1140
[2022-06-14 22:24:03.784] [exthost] [warning] [Decorations] CAPPING events from decorations provider vscode.git 1140
[2022-06-14 22:24:09.015] [exthost] [warning] [Decorations] CAPPING events from decorations provider vscode.git 1140
[2022-06-14 22:24:14.242] [exthost] [warning] [Decorations] CAPPING events from decorations provider vscode.git 1140
[2022-06-14 22:24:19.491] [exthost] [warning] [Decorations] CAPPING events from decorations provider vscode.git 1141
[2022-06-14 22:24:24.664] [exthost] [warning] [Decorations] CAPPING events from decorations provider vscode.git 1141
[2022-06-14 22:24:29.956] [exthost] [warning] [Decorations] CAPPING events from decorations provider vscode.git 1141
[2022-06-14 22:24:35.151] [exthost] [warning] [Decorations] CAPPING events from decorations provider vscode.git 1141
[2022-06-14 22:24:40.334] [exthost] [warning] [Decorations] CAPPING events from decorations provider vscode.git 1141
[2022-06-14 22:24:45.544] [exthost] [warning] [Decorations] CAPPING events from decorations provider vscode.git 1142
[2022-06-14 22:24:50.795] [exthost] [warning] [Decorations] CAPPING events from decorations provider vscode.git 1142
[2022-06-14 22:24:56.043] [exthost] [warning] [Decorations] CAPPING events from decorations provider vscode.git 1142
[2022-06-14 22:25:01.251] [exthost] [warning] [Decorations] CAPPING events from decorations provider vscode.git 1143
[2022-06-14 22:25:06.473] [exthost] [warning] [Decorations] CAPPING events from decorations provider vscode.git 1143
[2022-06-14 22:25:11.656] [exthost] [warning] [Decorations] CAPPING events from decorations provider vscode.git 1143
[2022-06-14 22:25:16.856] [exthost] [warning] [Decorations] CAPPING events from decorations provider vscode.git 1143
[2022-06-14 22:25:22.036] [exthost] [warning] [Decorations] CAPPING events from decorations provider vscode.git 1144
[2022-06-14 22:25:27.212] [exthost] [warning] [Decorations] CAPPING events from decorations provider vscode.git 1144
[2022-06-14 22:25:32.421] [exthost] [warning] [Decorations] CAPPING events from decorations provider vscode.git 1144
[2022-06-14 22:25:37.615] [exthost] [warning] [Decorations] CAPPING events from decorations provider vscode.git 1144
[2022-06-14 22:25:42.875] [exthost] [warning] [Decorations] CAPPING events from decorations provider vscode.git 1144
[2022-06-14 22:25:48.089] [exthost] [warning] [Decorations] CAPPING events from decorations provider vscode.git 1144
[2022-06-14 22:25:53.416] [exthost] [warning] [Decorations] CAPPING events from decorations provider vscode.git 1144
[2022-06-14 22:25:58.620] [exthost] [warning] [Decorations] CAPPING events from decorations provider vscode.git 1144
[2022-06-14 22:26:03.831] [exthost] [warning] [Decorations] CAPPING events from decorations provider vscode.git 1144
[2022-06-14 22:26:09.023] [exthost] [warning] [Decorations] CAPPING events from decorations provider vscode.git 1144
[2022-06-14 22:26:14.236] [exthost] [warning] [Decorations] CAPPING events from decorations provider vscode.git 1144
[2022-06-14 22:26:19.422] [exthost] [warning] [Decorations] CAPPING events from decorations provider vscode.git 1144
[2022-06-14 22:26:24.659] [exthost] [warning] [Decorations] CAPPING events from decorations provider vscode.git 1144
[2022-06-14 22:26:29.860] [exthost] [warning] [Decorations] CAPPING events from decorations provider vscode.git 1144
[2022-06-14 22:26:35.064] [exthost] [warning] [Decorations] CAPPING events from decorations provider vscode.git 1144
[2022-06-14 22:26:40.263] [exthost] [warning] [Decorations] CAPPING events from decorations provider vscode.git 1144
[2022-06-14 22:26:45.469] [exthost] [warning] [Decorations] CAPPING events from decorations provider vscode.git 1144
[2022-06-14 22:26:50.655] [exthost] [warning] [Decorations] CAPPING events from decorations provider vscode.git 1144
[2022-06-14 22:26:55.860] [exthost] [warning] [Decorations] CAPPING events from decorations provider vscode.git 1144
[2022-06-14 22:27:01.050] [exthost] [warning] [Decorations] CAPPING events from decorations provider vscode.git 1144
[2022-06-14 22:27:06.262] [exthost] [warning] [Decorations] CAPPING events from decorations provider vscode.git 1144
[2022-06-14 22:27:11.451] [exthost] [warning] [Decorations] CAPPING events from decorations provider vscode.git 1144
[2022-06-14 22:27:16.651] [exthost] [warning] [Decorations] CAPPING events from decorations provider vscode.git 1144
[2022-06-14 22:27:21.841] [exthost] [warning] [Decorations] CAPPING events from decorations provider vscode.git 1144
[2022-06-14 22:27:27.049] [exthost] [warning] [Decorations] CAPPING events from decorations provider vscode.git 1144
[2022-06-14 22:27:32.237] [exthost] [warning] [Decorations] CAPPING events from decorations provider vscode.git 1144
[2022-06-14 22:27:37.440] [exthost] [warning] [Decorations] CAPPING events from decorations provider vscode.git 1144
[2022-06-14 22:27:42.619] [exthost] [warning] [Decorations] CAPPING events from decorations provider vscode.git 1144
[2022-06-14 22:27:47.825] [exthost] [warning] [Decorations] CAPPING events from decorations provider vscode.git 1144
[2022-06-14 22:27:53.034] [exthost] [warning] [Decorations] CAPPING events from decorations provider vscode.git 1144
[2022-06-14 22:27:58.243] [exthost] [warning] [Decorations] CAPPING events from decorations provider vscode.git 1144
[2022-06-14 22:28:03.431] [exthost] [warning] [Decorations] CAPPING events from decorations provider vscode.git 1144
[2022-06-14 22:28:08.642] [exthost] [warning] [Decorations] CAPPING events from decorations provider vscode.git 1144
[2022-06-14 22:28:13.833] [exthost] [warning] [Decorations] CAPPING events from decorations provider vscode.git 1144
[2022-06-14 22:28:19.041] [exthost] [warning] [Decorations] CAPPING events from decorations provider vscode.git 1144
[2022-06-14 22:28:24.257] [exthost] [warning] [Decorations] CAPPING events from decorations provider vscode.git 1144
[2022-06-14 22:28:29.458] [exthost] [warning] [Decorations] CAPPING events from decorations provider vscode.git 1144
[2022-06-14 22:28:34.661] [exthost] [warning] [Decorations] CAPPING events from decorations provider vscode.git 1144
[2022-06-14 22:28:39.871] [exthost] [warning] [Decorations] CAPPING events from decorations provider vscode.git 1144
[2022-06-14 22:28:45.050] [exthost] [warning] [Decorations] CAPPING events from decorations provider vscode.git 1144
[2022-06-14 22:28:50.238] [exthost] [warning] [Decorations] CAPPING events from decorations provider vscode.git 1144
[2022-06-14 22:28:55.411] [exthost] [warning] [Decorations] CAPPING events from decorations provider vscode.git 1144
[2022-06-14 22:29:00.584] [exthost] [warning] [Decorations] CAPPING events from decorations provider vscode.git 1144
[2022-06-14 22:29:05.760] [exthost] [warning] [Decorations] CAPPING events from decorations provider vscode.git 1144
[2022-06-14 22:29:10.961] [exthost] [warning] [Decorations] CAPPING events from decorations provider vscode.git 1144
[2022-06-14 22:29:16.138] [exthost] [warning] [Decorations] CAPPING events from decorations provider vscode.git 1144
[2022-06-14 22:29:21.342] [exthost] [warning] [Decorations] CAPPING events from decorations provider vscode.git 1144
[2022-06-14 22:29:26.543] [exthost] [warning] [Decorations] CAPPING events from decorations provider vscode.git 1144
[2022-06-14 22:29:31.757] [exthost] [warning] [Decorations] CAPPING events from decorations provider vscode.git 1144
[2022-06-14 22:29:36.961] [exthost] [warning] [Decorations] CAPPING events from decorations provider vscode.git 1144
[2022-06-14 22:29:42.174] [exthost] [warning] [Decorations] CAPPING events from decorations provider vscode.git 1144
[2022-06-14 22:29:47.408] [exthost] [warning] [Decorations] CAPPING events from decorations provider vscode.git 1144
[2022-06-14 22:29:52.634] [exthost] [warning] [Decorations] CAPPING events from decorations provider vscode.git 1144
[2022-06-14 22:29:57.811] [exthost] [warning] [Decorations] CAPPING events from decorations provider vscode.git 1144
[2022-06-14 22:30:03.014] [exthost] [warning] [Decorations] CAPPING events from decorations provider vscode.git 1144
[2022-06-14 22:30:08.202] [exthost] [warning] [Decorations] CAPPING events from decorations provider vscode.git 1144
[2022-06-14 22:30:13.411] [exthost] [warning] [Decorations] CAPPING events from decorations provider vscode.git 1144
[2022-06-14 22:30:18.592] [exthost] [warning] [Decorations] CAPPING events from decorations provider vscode.git 1144
[2022-06-14 22:30:23.792] [exthost] [warning] [Decorations] CAPPING events from decorations provider vscode.git 1144
[2022-06-14 22:30:28.986] [exthost] [warning] [Decorations] CAPPING events from decorations provider vscode.git 1144
[2022-06-14 22:30:34.222] [exthost] [warning] [Decorations] CAPPING events from decorations provider vscode.git 1144
[2022-06-14 22:30:39.409] [exthost] [warning] [Decorations] CAPPING events from decorations provider vscode.git 1144
[2022-06-14 22:30:44.622] [exthost] [warning] [Decorations] CAPPING events from decorations provider vscode.git 1144
[2022-06-14 22:30:49.810] [exthost] [warning] [Decorations] CAPPING events from decorations provider vscode.git 1144
[2022-06-14 22:30:55.008] [exthost] [warning] [Decorations] CAPPING events from decorations provider vscode.git 1144
[2022-06-14 22:31:00.204] [exthost] [warning] [Decorations] CAPPING events from decorations provider vscode.git 1144
[2022-06-14 22:31:05.423] [exthost] [warning] [Decorations] CAPPING events from decorations provider vscode.git 1144
[2022-06-14 22:31:10.609] [exthost] [warning] [Decorations] CAPPING events from decorations provider vscode.git 1144
[2022-06-14 22:31:15.814] [exthost] [warning] [Decorations] CAPPING events from decorations provider vscode.git 1144
[2022-06-14 22:31:21.011] [exthost] [warning] [Decorations] CAPPING events from decorations provider vscode.git 1144
[2022-06-14 22:31:26.215] [exthost] [warning] [Decorations] CAPPING events from decorations provider vscode.git 1144
[2022-06-14 22:31:31.401] [exthost] [warning] [Decorations] CAPPING events from decorations provider vscode.git 1144
[2022-06-14 22:31:36.606] [exthost] [warning] [Decorations] CAPPING events from decorations provider vscode.git 1144
[2022-06-14 22:31:41.812] [exthost] [warning] [Decorations] CAPPING events from decorations provider vscode.git 1144
[2022-06-14 22:31:47.024] [exthost] [warning] [Decorations] CAPPING events from decorations provider vscode.git 1144
[2022-06-14 22:31:52.213] [exthost] [warning] [Decorations] CAPPING events from decorations provider vscode.git 1144
[2022-06-14 22:31:57.413] [exthost] [warning] [Decorations] CAPPING events from decorations provider vscode.git 1144
[2022-06-14 22:32:02.616] [exthost] [warning] [Decorations] CAPPING events from decorations provider vscode.git 1144
[2022-06-14 22:32:07.847] [exthost] [warning] [Decorations] CAPPING events from decorations provider vscode.git 1144
[2022-06-14 22:32:13.020] [exthost] [warning] [Decorations] CAPPING events from decorations provider vscode.git 1144
[2022-06-14 22:32:18.225] [exthost] [warning] [Decorations] CAPPING events from decorations provider vscode.git 1144
[2022-06-14 22:32:23.404] [exthost] [warning] [Decorations] CAPPING events from decorations provider vscode.git 1144
[2022-06-14 22:32:28.611] [exthost] [warning] [Decorations] CAPPING events from decorations provider vscode.git 1144
[2022-06-14 22:32:33.808] [exthost] [warning] [Decorations] CAPPING events from decorations provider vscode.git 1144
[2022-06-14 22:32:39.016] [exthost] [warning] [Decorations] CAPPING events from decorations provider vscode.git 1144
[2022-06-14 22:32:44.203] [exthost] [warning] [Decorations] CAPPING events from decorations provider vscode.git 1144
[2022-06-14 22:32:49.417] [exthost] [warning] [Decorations] CAPPING events from decorations provider vscode.git 1144
[2022-06-14 22:32:54.598] [exthost] [warning] [Decorations] CAPPING events from decorations provider vscode.git 1144
[2022-06-14 22:32:59.801] [exthost] [warning] [Decorations] CAPPING events from decorations provider vscode.git 1144
[2022-06-14 22:33:05.005] [exthost] [warning] [Decorations] CAPPING events from decorations provider vscode.git 1144
[2022-06-14 22:33:16.498] [exthost] [warning] [Decorations] CAPPING events from decorations provider vscode.git 1144
[2022-06-14 22:33:21.723] [exthost] [warning] [Decorations] CAPPING events from decorations provider vscode.git 1144
[2022-06-14 22:34:10.888] [exthost] [warning] [Decorations] CAPPING events from decorations provider vscode.git 1144
[2022-06-14 22:34:16.073] [exthost] [warning] [Decorations] CAPPING events from decorations provider vscode.git 1144
[2022-06-14 22:34:24.284] [exthost] [warning] [Decorations] CAPPING events from decorations provider vscode.git 1144
[2022-06-14 22:34:28.591] [exthost] [info] Extension host terminating: renderer closed the socket
[2022-06-14 22:34:29.052] [exthost] [info] Extension host with pid 6608 exiting with code 0
