[2022-07-05T15:17:33.015Z] Log level: Info
[2022-07-05T15:17:33.017Z] [info] Validating found git in: git
[2022-07-05T15:17:33.254Z] [info] Using git 2.37.0 from git
[2022-07-05T15:17:33.326Z] > git rev-parse --show-toplevel [18ms]
[2022-07-05T15:17:33.326Z] fatal: not a git repository (or any parent up to mount point /run/media/upalb)
Stopping at filesystem boundary (GIT_DISCOVERY_ACROSS_FILESYSTEM not set).
[2022-07-05T15:17:33.395Z] > git rev-parse --show-toplevel [16ms]
[2022-07-05T15:17:33.395Z] fatal: not a git repository (or any parent up to mount point /run/media/upalb)
Stopping at filesystem boundary (GIT_DISCOVERY_ACROSS_FILESYSTEM not set).
[2022-07-05T15:17:33.427Z] > git rev-parse --show-toplevel [15ms]
[2022-07-05T15:17:33.427Z] fatal: not a git repository (or any parent up to mount point /run/media/upalb)
Stopping at filesystem boundary (GIT_DISCOVERY_ACROSS_FILESYSTEM not set).
[2022-07-05T15:17:33.512Z] > git rev-parse --show-toplevel [47ms]
[2022-07-05T15:17:33.512Z] fatal: not a git repository (or any parent up to mount point /run/media/upalb)
Stopping at filesystem boundary (GIT_DISCOVERY_ACROSS_FILESYSTEM not set).
[2022-07-05T15:17:33.585Z] > git rev-parse --show-toplevel [38ms]
[2022-07-05T15:17:34.079Z] > git rev-parse --git-dir --git-common-dir [440ms]
[2022-07-05T15:17:34.092Z] [info] Open repository: /run/media/upalb/Miscellaneous/Code/Programming-Hero/Module-04_portfolio
[2022-07-05T15:17:34.790Z] > git status -z -uall [628ms]
[2022-07-05T15:17:34.836Z] > git rev-parse --show-toplevel [563ms]
[2022-07-05T15:17:34.836Z] fatal: unsafe repository ('/run/media/upalb/Miscellaneous/Code/Programming-Hero/programing_hero_prj2' is owned by someone else)
To add an exception for this directory, call:

	git config --global --add safe.directory /run/media/upalb/Miscellaneous/Code/Programming-Hero/programing_hero_prj2
[2022-07-05T15:17:35.025Z] > git symbolic-ref --short HEAD [190ms]
[2022-07-05T15:17:35.058Z] > git rev-parse --show-toplevel [207ms]
[2022-07-05T15:17:35.058Z] fatal: not a git repository (or any parent up to mount point /run/media/upalb)
Stopping at filesystem boundary (GIT_DISCOVERY_ACROSS_FILESYSTEM not set).
[2022-07-05T15:17:35.145Z] > git rev-parse --show-toplevel [60ms]
[2022-07-05T15:17:35.145Z] fatal: not a git repository (or any parent up to mount point /run/media/upalb)
Stopping at filesystem boundary (GIT_DISCOVERY_ACROSS_FILESYSTEM not set).
[2022-07-05T15:17:35.176Z] > git for-each-ref --format=%(refname)%00%(upstream:short)%00%(objectname)%00%(upstream:track)%00%(upstream:remotename)%00%(upstream:remoteref) refs/heads/main refs/remotes/main [119ms]
[2022-07-05T15:17:35.224Z] > git rev-parse --show-toplevel [49ms]
[2022-07-05T15:17:35.224Z] fatal: not a git repository (or any parent up to mount point /run/media/upalb)
Stopping at filesystem boundary (GIT_DISCOVERY_ACROSS_FILESYSTEM not set).
[2022-07-05T15:17:35.312Z] > git rev-parse --show-toplevel [63ms]
[2022-07-05T15:17:35.312Z] fatal: not a git repository (or any parent up to mount point /run/media/upalb)
Stopping at filesystem boundary (GIT_DISCOVERY_ACROSS_FILESYSTEM not set).
[2022-07-05T15:17:35.335Z] > git remote --verbose [114ms]
[2022-07-05T15:17:35.342Z] > git rev-parse --show-toplevel [8ms]
[2022-07-05T15:17:35.342Z] fatal: not a git repository (or any parent up to mount point /run/media/upalb)
Stopping at filesystem boundary (GIT_DISCOVERY_ACROSS_FILESYSTEM not set).
[2022-07-05T15:17:35.389Z] > git for-each-ref --sort -committerdate --format %(refname) %(objectname) %(*objectname) [199ms]
[2022-07-05T15:17:35.435Z] > git rev-parse --show-toplevel [53ms]
[2022-07-05T15:17:35.435Z] fatal: not a git repository (or any parent up to mount point /run/media/upalb)
Stopping at filesystem boundary (GIT_DISCOVERY_ACROSS_FILESYSTEM not set).
[2022-07-05T15:17:35.498Z] > git rev-parse --show-toplevel [41ms]
[2022-07-05T15:17:35.498Z] fatal: not a git repository (or any parent up to mount point /run/media/upalb)
Stopping at filesystem boundary (GIT_DISCOVERY_ACROSS_FILESYSTEM not set).
[2022-07-05T15:17:35.512Z] > git config --get commit.template [80ms]
[2022-07-05T15:17:35.519Z] > git rev-parse --show-toplevel [8ms]
[2022-07-05T15:17:35.519Z] fatal: not a git repository (or any parent up to mount point /run/media/upalb)
Stopping at filesystem boundary (GIT_DISCOVERY_ACROSS_FILESYSTEM not set).
