[2022-07-06T02:44:34.483Z] Log level: Info
[2022-07-06T02:44:34.484Z] [info] Validating found git in: git
[2022-07-06T02:44:34.981Z] [info] Using git 2.37.0 from git
[2022-07-06T02:44:49.428Z] > git rev-parse --show-toplevel [14417ms]
[2022-07-06T02:44:49.428Z] fatal: not a git repository (or any parent up to mount point /run/media/upalb)
Stopping at filesystem boundary (GIT_DISCOVERY_ACROSS_FILESYSTEM not set).
[2022-07-06T02:44:50.091Z] > git rev-parse --show-toplevel [579ms]
[2022-07-06T02:44:50.383Z] > git rev-parse --git-dir --git-common-dir [198ms]
[2022-07-06T02:44:50.391Z] [info] Open repository: /run/media/upalb/Miscellaneous/Code/Programming-Hero/Assigmnent 1
[2022-07-06T02:44:50.758Z] > git rev-parse --show-toplevel [330ms]
[2022-07-06T02:44:50.758Z] fatal: not a git repository (or any parent up to mount point /run/media/upalb)
Stopping at filesystem boundary (GIT_DISCOVERY_ACROSS_FILESYSTEM not set).
[2022-07-06T02:44:50.944Z] > git rev-parse --show-toplevel [129ms]
[2022-07-06T02:44:50.944Z] fatal: not a git repository (or any parent up to mount point /run/media/upalb)
Stopping at filesystem boundary (GIT_DISCOVERY_ACROSS_FILESYSTEM not set).
[2022-07-06T02:44:51.210Z] > git rev-parse --show-toplevel [186ms]
[2022-07-06T02:44:51.210Z] fatal: not a git repository (or any parent up to mount point /run/media/upalb)
Stopping at filesystem boundary (GIT_DISCOVERY_ACROSS_FILESYSTEM not set).
[2022-07-06T02:44:51.430Z] > git rev-parse --show-toplevel [201ms]
[2022-07-06T02:44:51.430Z] fatal: not a git repository (or any parent up to mount point /run/media/upalb)
Stopping at filesystem boundary (GIT_DISCOVERY_ACROSS_FILESYSTEM not set).
[2022-07-06T02:44:51.711Z] > git rev-parse --show-toplevel [184ms]
[2022-07-06T02:44:51.711Z] fatal: not a git repository (or any parent up to mount point /run/media/upalb)
Stopping at filesystem boundary (GIT_DISCOVERY_ACROSS_FILESYSTEM not set).
[2022-07-06T02:44:52.228Z] > git check-ignore -v -z --stdin [1186ms]
[2022-07-06T02:44:52.601Z] > git rev-parse --show-toplevel [844ms]
[2022-07-06T02:44:52.601Z] fatal: not a git repository (or any parent up to mount point /run/media/upalb)
Stopping at filesystem boundary (GIT_DISCOVERY_ACROSS_FILESYSTEM not set).
[2022-07-06T02:44:52.811Z] > git rev-parse --show-toplevel [165ms]
[2022-07-06T02:44:52.811Z] fatal: not a git repository (or any parent up to mount point /run/media/upalb)
Stopping at filesystem boundary (GIT_DISCOVERY_ACROSS_FILESYSTEM not set).
[2022-07-06T02:44:53.079Z] > git rev-parse --show-toplevel [171ms]
[2022-07-06T02:44:53.079Z] fatal: not a git repository (or any parent up to mount point /run/media/upalb)
Stopping at filesystem boundary (GIT_DISCOVERY_ACROSS_FILESYSTEM not set).
[2022-07-06T02:44:53.782Z] > git ls-files --stage -- /run/media/upalb/Miscellaneous/Code/Programming-Hero/Assigmnent 1/style.css [626ms]
[2022-07-06T02:44:54.494Z] > git show --textconv :style.css [1384ms]
[2022-07-06T02:44:54.657Z] > git status -z -uall [4243ms]
[2022-07-06T02:44:54.750Z] > git cat-file -s 8e61f36977532d72ccac8ed186d1fa9e46b3aa62 [952ms]
[2022-07-06T02:44:55.033Z] > git symbolic-ref --short HEAD [358ms]
[2022-07-06T02:44:57.102Z] > git for-each-ref --format=%(refname)%00%(upstream:short)%00%(objectname)%00%(upstream:track)%00%(upstream:remotename)%00%(upstream:remoteref) refs/heads/main refs/remotes/main [2022ms]
[2022-07-06T02:44:57.328Z] > git remote --verbose [194ms]
[2022-07-06T02:44:58.175Z] > git for-each-ref --sort -committerdate --format %(refname) %(objectname) %(*objectname) [1056ms]
[2022-07-06T02:44:58.347Z] > git config --get commit.template [121ms]
[2022-07-06T02:47:12.754Z] > git show --textconv :index.html [86ms]
[2022-07-06T02:47:12.761Z] > git ls-files --stage -- /run/media/upalb/Miscellaneous/Code/Programming-Hero/Assigmnent 1/index.html [10ms]
[2022-07-06T02:47:12.814Z] > git cat-file -s 0af717c627ed7a02d1cab853fda232470515e2aa [22ms]
[2022-07-06T02:49:54.580Z] > git show --textconv :style.css [12ms]
[2022-07-06T02:49:54.582Z] > git ls-files --stage -- /run/media/upalb/Miscellaneous/Code/Programming-Hero/Assigmnent 1/style.css [4ms]
[2022-07-06T02:49:54.594Z] > git cat-file -s 8e61f36977532d72ccac8ed186d1fa9e46b3aa62 [3ms]
[2022-07-06T02:50:59.506Z] > git status -z -uall [9ms]
[2022-07-06T02:50:59.521Z] > git symbolic-ref --short HEAD [7ms]
[2022-07-06T02:50:59.562Z] > git for-each-ref --format=%(refname)%00%(upstream:short)%00%(objectname)%00%(upstream:track)%00%(upstream:remotename)%00%(upstream:remoteref) refs/heads/main refs/remotes/main [16ms]
[2022-07-06T02:50:59.610Z] > git for-each-ref --sort -committerdate --format %(refname) %(objectname) %(*objectname) [22ms]
[2022-07-06T02:50:59.611Z] > git remote --verbose [3ms]
[2022-07-06T02:50:59.638Z] > git config --get commit.template [6ms]
[2022-07-06T02:51:04.850Z] > git status -z -uall [8ms]
[2022-07-06T02:51:04.865Z] > git symbolic-ref --short HEAD [3ms]
[2022-07-06T02:51:04.880Z] > git for-each-ref --format=%(refname)%00%(upstream:short)%00%(objectname)%00%(upstream:track)%00%(upstream:remotename)%00%(upstream:remoteref) refs/heads/main refs/remotes/main [4ms]
[2022-07-06T02:51:04.904Z] > git for-each-ref --sort -committerdate --format %(refname) %(objectname) %(*objectname) [13ms]
[2022-07-06T02:51:04.905Z] > git remote --verbose [3ms]
[2022-07-06T02:51:04.921Z] > git config --get commit.template [3ms]
[2022-07-06T02:52:21.398Z] > git status -z -uall [7ms]
[2022-07-06T02:52:21.409Z] > git symbolic-ref --short HEAD [3ms]
[2022-07-06T02:52:21.422Z] > git for-each-ref --format=%(refname)%00%(upstream:short)%00%(objectname)%00%(upstream:track)%00%(upstream:remotename)%00%(upstream:remoteref) refs/heads/main refs/remotes/main [4ms]
[2022-07-06T02:52:21.440Z] > git for-each-ref --sort -committerdate --format %(refname) %(objectname) %(*objectname) [10ms]
[2022-07-06T02:52:21.442Z] > git remote --verbose [4ms]
[2022-07-06T02:52:21.456Z] > git config --get commit.template [3ms]
[2022-07-06T02:52:30.481Z] > git status -z -uall [7ms]
[2022-07-06T02:52:30.494Z] > git symbolic-ref --short HEAD [3ms]
[2022-07-06T02:52:30.508Z] > git for-each-ref --format=%(refname)%00%(upstream:short)%00%(objectname)%00%(upstream:track)%00%(upstream:remotename)%00%(upstream:remoteref) refs/heads/main refs/remotes/main [5ms]
[2022-07-06T02:52:30.529Z] > git for-each-ref --sort -committerdate --format %(refname) %(objectname) %(*objectname) [13ms]
[2022-07-06T02:52:30.530Z] > git remote --verbose [3ms]
[2022-07-06T02:52:30.548Z] > git config --get commit.template [2ms]
[2022-07-06T02:52:36.058Z] > git status -z -uall [9ms]
[2022-07-06T02:52:36.070Z] > git symbolic-ref --short HEAD [3ms]
[2022-07-06T02:52:36.084Z] > git for-each-ref --format=%(refname)%00%(upstream:short)%00%(objectname)%00%(upstream:track)%00%(upstream:remotename)%00%(upstream:remoteref) refs/heads/main refs/remotes/main [5ms]
[2022-07-06T02:52:36.104Z] > git for-each-ref --sort -committerdate --format %(refname) %(objectname) %(*objectname) [11ms]
[2022-07-06T02:52:36.106Z] > git remote --verbose [4ms]
[2022-07-06T02:52:36.122Z] > git config --get commit.template [4ms]
[2022-07-06T02:52:50.366Z] > git status -z -uall [11ms]
[2022-07-06T02:52:50.379Z] > git symbolic-ref --short HEAD [4ms]
[2022-07-06T02:52:50.393Z] > git for-each-ref --format=%(refname)%00%(upstream:short)%00%(objectname)%00%(upstream:track)%00%(upstream:remotename)%00%(upstream:remoteref) refs/heads/main refs/remotes/main [5ms]
[2022-07-06T02:52:50.412Z] > git for-each-ref --sort -committerdate --format %(refname) %(objectname) %(*objectname) [10ms]
[2022-07-06T02:52:50.413Z] > git remote --verbose [3ms]
[2022-07-06T02:52:50.428Z] > git config --get commit.template [3ms]
[2022-07-06T02:53:08.381Z] > git show --textconv :index.html [12ms]
[2022-07-06T02:53:08.383Z] > git ls-files --stage -- /run/media/upalb/Miscellaneous/Code/Programming-Hero/Assigmnent 1/index.html [3ms]
[2022-07-06T02:53:08.395Z] > git cat-file -s 0af717c627ed7a02d1cab853fda232470515e2aa [3ms]
[2022-07-06T02:53:10.870Z] > git show --textconv :style.css [21ms]
[2022-07-06T02:53:10.873Z] > git ls-files --stage -- /run/media/upalb/Miscellaneous/Code/Programming-Hero/Assigmnent 1/style.css [8ms]
[2022-07-06T02:53:10.889Z] > git cat-file -s 8e61f36977532d72ccac8ed186d1fa9e46b3aa62 [7ms]
[2022-07-06T02:53:13.684Z] > git show --textconv :index.html [15ms]
[2022-07-06T02:53:13.687Z] > git ls-files --stage -- /run/media/upalb/Miscellaneous/Code/Programming-Hero/Assigmnent 1/index.html [5ms]
[2022-07-06T02:53:13.698Z] > git cat-file -s 0af717c627ed7a02d1cab853fda232470515e2aa [3ms]
[2022-07-06T02:53:17.512Z] > git status -z -uall [8ms]
[2022-07-06T02:53:17.524Z] > git symbolic-ref --short HEAD [2ms]
[2022-07-06T02:53:17.537Z] > git for-each-ref --format=%(refname)%00%(upstream:short)%00%(objectname)%00%(upstream:track)%00%(upstream:remotename)%00%(upstream:remoteref) refs/heads/main refs/remotes/main [5ms]
[2022-07-06T02:53:17.583Z] > git for-each-ref --sort -committerdate --format %(refname) %(objectname) %(*objectname) [37ms]
[2022-07-06T02:53:17.584Z] > git remote --verbose [4ms]
[2022-07-06T02:53:17.605Z] > git config --get commit.template [5ms]
[2022-07-06T02:53:31.020Z] > git status -z -uall [11ms]
[2022-07-06T02:53:31.037Z] > git symbolic-ref --short HEAD [5ms]
[2022-07-06T02:53:31.055Z] > git for-each-ref --format=%(refname)%00%(upstream:short)%00%(objectname)%00%(upstream:track)%00%(upstream:remotename)%00%(upstream:remoteref) refs/heads/main refs/remotes/main [7ms]
[2022-07-06T02:53:31.082Z] > git for-each-ref --sort -committerdate --format %(refname) %(objectname) %(*objectname) [15ms]
[2022-07-06T02:53:31.085Z] > git remote --verbose [5ms]
[2022-07-06T02:53:31.121Z] > git config --get commit.template [7ms]
[2022-07-06T02:53:36.166Z] > git status -z -uall [20ms]
[2022-07-06T02:53:36.191Z] > git symbolic-ref --short HEAD [4ms]
[2022-07-06T02:53:36.223Z] > git for-each-ref --format=%(refname)%00%(upstream:short)%00%(objectname)%00%(upstream:track)%00%(upstream:remotename)%00%(upstream:remoteref) refs/heads/main refs/remotes/main [18ms]
[2022-07-06T02:53:36.271Z] > git for-each-ref --sort -committerdate --format %(refname) %(objectname) %(*objectname) [30ms]
[2022-07-06T02:53:36.271Z] > git remote --verbose [14ms]
[2022-07-06T02:53:36.318Z] > git config --get commit.template [8ms]
[2022-07-06T02:53:41.363Z] > git status -z -uall [28ms]
[2022-07-06T02:53:41.382Z] > git symbolic-ref --short HEAD [7ms]
[2022-07-06T02:53:41.404Z] > git for-each-ref --format=%(refname)%00%(upstream:short)%00%(objectname)%00%(upstream:track)%00%(upstream:remotename)%00%(upstream:remoteref) refs/heads/main refs/remotes/main [7ms]
[2022-07-06T02:53:41.438Z] > git for-each-ref --sort -committerdate --format %(refname) %(objectname) %(*objectname) [17ms]
[2022-07-06T02:53:41.450Z] > git remote --verbose [15ms]
[2022-07-06T02:53:41.471Z] > git config --get commit.template [4ms]
[2022-07-06T02:53:46.490Z] > git status -z -uall [7ms]
[2022-07-06T02:53:46.502Z] > git symbolic-ref --short HEAD [3ms]
[2022-07-06T02:53:46.515Z] > git for-each-ref --format=%(refname)%00%(upstream:short)%00%(objectname)%00%(upstream:track)%00%(upstream:remotename)%00%(upstream:remoteref) refs/heads/main refs/remotes/main [5ms]
[2022-07-06T02:53:46.534Z] > git for-each-ref --sort -committerdate --format %(refname) %(objectname) %(*objectname) [10ms]
[2022-07-06T02:53:46.536Z] > git remote --verbose [4ms]
[2022-07-06T02:53:46.551Z] > git config --get commit.template [3ms]
[2022-07-06T02:53:51.582Z] > git status -z -uall [12ms]
[2022-07-06T02:53:51.609Z] > git symbolic-ref --short HEAD [9ms]
[2022-07-06T02:53:51.631Z] > git for-each-ref --format=%(refname)%00%(upstream:short)%00%(objectname)%00%(upstream:track)%00%(upstream:remotename)%00%(upstream:remoteref) refs/heads/main refs/remotes/main [11ms]
[2022-07-06T02:53:51.665Z] > git for-each-ref --sort -committerdate --format %(refname) %(objectname) %(*objectname) [19ms]
[2022-07-06T02:53:51.669Z] > git remote --verbose [10ms]
[2022-07-06T02:53:51.695Z] > git config --get commit.template [4ms]
[2022-07-06T02:53:56.719Z] > git status -z -uall [8ms]
[2022-07-06T02:53:56.731Z] > git symbolic-ref --short HEAD [3ms]
[2022-07-06T02:53:56.744Z] > git for-each-ref --format=%(refname)%00%(upstream:short)%00%(objectname)%00%(upstream:track)%00%(upstream:remotename)%00%(upstream:remoteref) refs/heads/main refs/remotes/main [5ms]
[2022-07-06T02:53:56.763Z] > git for-each-ref --sort -committerdate --format %(refname) %(objectname) %(*objectname) [11ms]
[2022-07-06T02:53:56.764Z] > git remote --verbose [3ms]
[2022-07-06T02:53:56.777Z] > git config --get commit.template [2ms]
[2022-07-06T02:54:01.021Z] > git show --textconv :style.css [11ms]
[2022-07-06T02:54:01.024Z] > git ls-files --stage -- /run/media/upalb/Miscellaneous/Code/Programming-Hero/Assigmnent 1/style.css [4ms]
[2022-07-06T02:54:01.037Z] > git cat-file -s 8e61f36977532d72ccac8ed186d1fa9e46b3aa62 [4ms]
[2022-07-06T02:54:06.302Z] > git status -z -uall [9ms]
[2022-07-06T02:54:06.314Z] > git symbolic-ref --short HEAD [3ms]
[2022-07-06T02:54:06.329Z] > git for-each-ref --format=%(refname)%00%(upstream:short)%00%(objectname)%00%(upstream:track)%00%(upstream:remotename)%00%(upstream:remoteref) refs/heads/main refs/remotes/main [6ms]
[2022-07-06T02:54:06.351Z] > git for-each-ref --sort -committerdate --format %(refname) %(objectname) %(*objectname) [13ms]
[2022-07-06T02:54:06.352Z] > git remote --verbose [3ms]
[2022-07-06T02:54:06.369Z] > git config --get commit.template [3ms]
[2022-07-06T02:55:39.729Z] > git status -z -uall [10ms]
[2022-07-06T02:55:39.741Z] > git symbolic-ref --short HEAD [3ms]
[2022-07-06T02:55:39.754Z] > git for-each-ref --format=%(refname)%00%(upstream:short)%00%(objectname)%00%(upstream:track)%00%(upstream:remotename)%00%(upstream:remoteref) refs/heads/main refs/remotes/main [5ms]
[2022-07-06T02:55:39.777Z] > git for-each-ref --sort -committerdate --format %(refname) %(objectname) %(*objectname) [11ms]
[2022-07-06T02:55:39.778Z] > git remote --verbose [3ms]
[2022-07-06T02:55:39.792Z] > git config --get commit.template [2ms]
[2022-07-06T02:55:56.866Z] > git status -z -uall [12ms]
[2022-07-06T02:55:56.880Z] > git symbolic-ref --short HEAD [3ms]
[2022-07-06T02:55:56.893Z] > git for-each-ref --format=%(refname)%00%(upstream:short)%00%(objectname)%00%(upstream:track)%00%(upstream:remotename)%00%(upstream:remoteref) refs/heads/main refs/remotes/main [4ms]
[2022-07-06T02:55:56.914Z] > git for-each-ref --sort -committerdate --format %(refname) %(objectname) %(*objectname) [11ms]
[2022-07-06T02:55:56.916Z] > git remote --verbose [4ms]
[2022-07-06T02:55:56.930Z] > git config --get commit.template [3ms]
[2022-07-06T02:56:23.730Z] > git status -z -uall [10ms]
[2022-07-06T02:56:23.742Z] > git symbolic-ref --short HEAD [3ms]
[2022-07-06T02:56:23.757Z] > git for-each-ref --format=%(refname)%00%(upstream:short)%00%(objectname)%00%(upstream:track)%00%(upstream:remotename)%00%(upstream:remoteref) refs/heads/main refs/remotes/main [4ms]
[2022-07-06T02:56:23.782Z] > git for-each-ref --sort -committerdate --format %(refname) %(objectname) %(*objectname) [14ms]
[2022-07-06T02:56:23.784Z] > git remote --verbose [4ms]
[2022-07-06T02:56:23.800Z] > git config --get commit.template [3ms]
[2022-07-06T02:56:39.787Z] > git show --textconv :index.html [11ms]
[2022-07-06T02:56:39.789Z] > git ls-files --stage -- /run/media/upalb/Miscellaneous/Code/Programming-Hero/Assigmnent 1/index.html [3ms]
[2022-07-06T02:56:39.803Z] > git cat-file -s 0af717c627ed7a02d1cab853fda232470515e2aa [4ms]
[2022-07-06T02:56:49.407Z] > git show --textconv :style.css [12ms]
[2022-07-06T02:56:49.410Z] > git ls-files --stage -- /run/media/upalb/Miscellaneous/Code/Programming-Hero/Assigmnent 1/style.css [7ms]
[2022-07-06T02:56:49.423Z] > git cat-file -s 8e61f36977532d72ccac8ed186d1fa9e46b3aa62 [5ms]
[2022-07-06T02:56:52.368Z] > git show --textconv :index.html [13ms]
[2022-07-06T02:56:52.370Z] > git ls-files --stage -- /run/media/upalb/Miscellaneous/Code/Programming-Hero/Assigmnent 1/index.html [3ms]
[2022-07-06T02:56:52.383Z] > git cat-file -s 0af717c627ed7a02d1cab853fda232470515e2aa [4ms]
[2022-07-06T02:59:12.037Z] > git status -z -uall [9ms]
[2022-07-06T02:59:12.050Z] > git symbolic-ref --short HEAD [4ms]
[2022-07-06T02:59:12.064Z] > git for-each-ref --format=%(refname)%00%(upstream:short)%00%(objectname)%00%(upstream:track)%00%(upstream:remotename)%00%(upstream:remoteref) refs/heads/main refs/remotes/main [5ms]
[2022-07-06T02:59:12.087Z] > git for-each-ref --sort -committerdate --format %(refname) %(objectname) %(*objectname) [13ms]
[2022-07-06T02:59:12.088Z] > git remote --verbose [3ms]
[2022-07-06T02:59:12.104Z] > git config --get commit.template [3ms]
[2022-07-06T02:59:29.842Z] > git status -z -uall [12ms]
[2022-07-06T02:59:29.853Z] > git symbolic-ref --short HEAD [3ms]
[2022-07-06T02:59:29.867Z] > git for-each-ref --format=%(refname)%00%(upstream:short)%00%(objectname)%00%(upstream:track)%00%(upstream:remotename)%00%(upstream:remoteref) refs/heads/main refs/remotes/main [5ms]
[2022-07-06T02:59:29.886Z] > git for-each-ref --sort -committerdate --format %(refname) %(objectname) %(*objectname) [10ms]
[2022-07-06T02:59:29.888Z] > git remote --verbose [3ms]
[2022-07-06T02:59:29.904Z] > git config --get commit.template [3ms]
[2022-07-06T02:59:30.959Z] > git ls-files --stage -- /run/media/upalb/Miscellaneous/Code/Programming-Hero/Assigmnent 1/index.html [3ms]
[2022-07-06T02:59:30.976Z] > git cat-file -s 0af717c627ed7a02d1cab853fda232470515e2aa [5ms]
[2022-07-06T02:59:30.995Z] > git show --textconv :index.html [4ms]
[2022-07-06T03:00:10.035Z] > git status -z -uall [7ms]
[2022-07-06T03:00:10.047Z] > git symbolic-ref --short HEAD [3ms]
[2022-07-06T03:00:10.060Z] > git for-each-ref --format=%(refname)%00%(upstream:short)%00%(objectname)%00%(upstream:track)%00%(upstream:remotename)%00%(upstream:remoteref) refs/heads/main refs/remotes/main [5ms]
[2022-07-06T03:00:10.080Z] > git for-each-ref --sort -committerdate --format %(refname) %(objectname) %(*objectname) [11ms]
[2022-07-06T03:00:10.081Z] > git remote --verbose [3ms]
[2022-07-06T03:00:10.096Z] > git config --get commit.template [3ms]
[2022-07-06T03:00:23.552Z] > git status -z -uall [11ms]
[2022-07-06T03:00:23.565Z] > git symbolic-ref --short HEAD [3ms]
[2022-07-06T03:00:23.579Z] > git for-each-ref --format=%(refname)%00%(upstream:short)%00%(objectname)%00%(upstream:track)%00%(upstream:remotename)%00%(upstream:remoteref) refs/heads/main refs/remotes/main [5ms]
[2022-07-06T03:00:23.599Z] > git for-each-ref --sort -committerdate --format %(refname) %(objectname) %(*objectname) [11ms]
[2022-07-06T03:00:23.600Z] > git remote --verbose [3ms]
[2022-07-06T03:00:23.615Z] > git config --get commit.template [2ms]
[2022-07-06T03:17:48.074Z] > git status -z -uall [57ms]
[2022-07-06T03:17:48.089Z] > git symbolic-ref --short HEAD [3ms]
[2022-07-06T03:17:48.105Z] > git for-each-ref --format=%(refname)%00%(upstream:short)%00%(objectname)%00%(upstream:track)%00%(upstream:remotename)%00%(upstream:remoteref) refs/heads/main refs/remotes/main [5ms]
[2022-07-06T03:17:48.132Z] > git for-each-ref --sort -committerdate --format %(refname) %(objectname) %(*objectname) [17ms]
[2022-07-06T03:17:48.134Z] > git remote --verbose [5ms]
[2022-07-06T03:17:48.155Z] > git config --get commit.template [3ms]
[2022-07-06T03:18:59.399Z] > git status -z -uall [8ms]
[2022-07-06T03:18:59.442Z] > git symbolic-ref --short HEAD [4ms]
[2022-07-06T03:18:59.466Z] > git for-each-ref --format=%(refname)%00%(upstream:short)%00%(objectname)%00%(upstream:track)%00%(upstream:remotename)%00%(upstream:remoteref) refs/heads/main refs/remotes/main [7ms]
[2022-07-06T03:18:59.513Z] > git for-each-ref --sort -committerdate --format %(refname) %(objectname) %(*objectname) [30ms]
[2022-07-06T03:18:59.514Z] > git remote --verbose [4ms]
[2022-07-06T03:18:59.538Z] > git config --get commit.template [5ms]
[2022-07-06T03:19:04.558Z] > git status -z -uall [7ms]
[2022-07-06T03:19:04.572Z] > git symbolic-ref --short HEAD [4ms]
[2022-07-06T03:19:04.588Z] > git for-each-ref --format=%(refname)%00%(upstream:short)%00%(objectname)%00%(upstream:track)%00%(upstream:remotename)%00%(upstream:remoteref) refs/heads/main refs/remotes/main [5ms]
[2022-07-06T03:19:04.610Z] > git for-each-ref --sort -committerdate --format %(refname) %(objectname) %(*objectname) [12ms]
[2022-07-06T03:19:04.612Z] > git remote --verbose [3ms]
[2022-07-06T03:19:04.627Z] > git config --get commit.template [3ms]
[2022-07-06T03:19:07.301Z] > git show --textconv :style.css [34ms]
[2022-07-06T03:19:07.309Z] > git ls-files --stage -- /run/media/upalb/Miscellaneous/Code/Programming-Hero/Assigmnent 1/style.css [8ms]
[2022-07-06T03:19:07.329Z] > git cat-file -s 8e61f36977532d72ccac8ed186d1fa9e46b3aa62 [7ms]
[2022-07-06T03:20:29.540Z] > git show --textconv :style.css [53ms]
[2022-07-06T03:20:29.551Z] > git ls-files --stage -- /run/media/upalb/Miscellaneous/Code/Programming-Hero/Assigmnent 1/style.css [13ms]
[2022-07-06T03:20:29.571Z] > git cat-file -s 8e61f36977532d72ccac8ed186d1fa9e46b3aa62 [4ms]
[2022-07-06T03:20:33.102Z] > git status -z -uall [12ms]
[2022-07-06T03:20:33.121Z] > git symbolic-ref --short HEAD [4ms]
[2022-07-06T03:20:33.142Z] > git for-each-ref --format=%(refname)%00%(upstream:short)%00%(objectname)%00%(upstream:track)%00%(upstream:remotename)%00%(upstream:remoteref) refs/heads/main refs/remotes/main [7ms]
[2022-07-06T03:20:33.164Z] > git for-each-ref --sort -committerdate --format %(refname) %(objectname) %(*objectname) [11ms]
[2022-07-06T03:20:33.166Z] > git remote --verbose [3ms]
[2022-07-06T03:20:33.184Z] > git config --get commit.template [5ms]
[2022-07-06T03:20:43.233Z] > git status -z -uall [16ms]
[2022-07-06T03:20:43.261Z] > git symbolic-ref --short HEAD [10ms]
[2022-07-06T03:20:43.304Z] > git for-each-ref --format=%(refname)%00%(upstream:short)%00%(objectname)%00%(upstream:track)%00%(upstream:remotename)%00%(upstream:remoteref) refs/heads/main refs/remotes/main [10ms]
[2022-07-06T03:20:43.339Z] > git for-each-ref --sort -committerdate --format %(refname) %(objectname) %(*objectname) [16ms]
[2022-07-06T03:20:43.340Z] > git remote --verbose [5ms]
[2022-07-06T03:20:43.357Z] > git config --get commit.template [3ms]
[2022-07-06T03:20:59.830Z] > git show --textconv :index.html [115ms]
[2022-07-06T03:20:59.834Z] > git ls-files --stage -- /run/media/upalb/Miscellaneous/Code/Programming-Hero/Assigmnent 1/index.html [6ms]
[2022-07-06T03:20:59.847Z] > git cat-file -s 0af717c627ed7a02d1cab853fda232470515e2aa [4ms]
[2022-07-06T03:21:02.522Z] > git show --textconv :style.css [14ms]
[2022-07-06T03:21:02.524Z] > git ls-files --stage -- /run/media/upalb/Miscellaneous/Code/Programming-Hero/Assigmnent 1/style.css [3ms]
[2022-07-06T03:21:02.540Z] > git cat-file -s 8e61f36977532d72ccac8ed186d1fa9e46b3aa62 [4ms]
[2022-07-06T03:21:10.909Z] > git status -z -uall [12ms]
[2022-07-06T03:21:10.927Z] > git symbolic-ref --short HEAD [6ms]
[2022-07-06T03:21:10.946Z] > git for-each-ref --format=%(refname)%00%(upstream:short)%00%(objectname)%00%(upstream:track)%00%(upstream:remotename)%00%(upstream:remoteref) refs/heads/main refs/remotes/main [5ms]
[2022-07-06T03:21:10.975Z] > git for-each-ref --sort -committerdate --format %(refname) %(objectname) %(*objectname) [15ms]
[2022-07-06T03:21:10.977Z] > git remote --verbose [3ms]
[2022-07-06T03:21:10.995Z] > git config --get commit.template [3ms]
[2022-07-06T03:21:23.906Z] > git status -z -uall [29ms]
[2022-07-06T03:21:23.924Z] > git symbolic-ref --short HEAD [3ms]
[2022-07-06T03:21:23.948Z] > git for-each-ref --format=%(refname)%00%(upstream:short)%00%(objectname)%00%(upstream:track)%00%(upstream:remotename)%00%(upstream:remoteref) refs/heads/main refs/remotes/main [8ms]
[2022-07-06T03:21:23.985Z] > git for-each-ref --sort -committerdate --format %(refname) %(objectname) %(*objectname) [23ms]
[2022-07-06T03:21:23.986Z] > git remote --verbose [4ms]
[2022-07-06T03:21:24.003Z] > git config --get commit.template [4ms]
[2022-07-06T03:21:38.442Z] > git status -z -uall [14ms]
[2022-07-06T03:21:38.468Z] > git symbolic-ref --short HEAD [9ms]
[2022-07-06T03:21:38.491Z] > git for-each-ref --format=%(refname)%00%(upstream:short)%00%(objectname)%00%(upstream:track)%00%(upstream:remotename)%00%(upstream:remoteref) refs/heads/main refs/remotes/main [5ms]
[2022-07-06T03:21:38.522Z] > git for-each-ref --sort -committerdate --format %(refname) %(objectname) %(*objectname) [17ms]
[2022-07-06T03:21:38.523Z] > git remote --verbose [3ms]
[2022-07-06T03:21:38.542Z] > git config --get commit.template [3ms]
[2022-07-06T03:22:04.853Z] > git status -z -uall [8ms]
[2022-07-06T03:22:04.867Z] > git symbolic-ref --short HEAD [3ms]
[2022-07-06T03:22:04.880Z] > git for-each-ref --format=%(refname)%00%(upstream:short)%00%(objectname)%00%(upstream:track)%00%(upstream:remotename)%00%(upstream:remoteref) refs/heads/main refs/remotes/main [4ms]
[2022-07-06T03:22:04.902Z] > git for-each-ref --sort -committerdate --format %(refname) %(objectname) %(*objectname) [11ms]
[2022-07-06T03:22:04.903Z] > git remote --verbose [3ms]
[2022-07-06T03:22:04.917Z] > git config --get commit.template [3ms]
[2022-07-06T03:23:02.050Z] > git status -z -uall [8ms]
[2022-07-06T03:23:02.063Z] > git symbolic-ref --short HEAD [3ms]
[2022-07-06T03:23:02.078Z] > git for-each-ref --format=%(refname)%00%(upstream:short)%00%(objectname)%00%(upstream:track)%00%(upstream:remotename)%00%(upstream:remoteref) refs/heads/main refs/remotes/main [5ms]
[2022-07-06T03:23:02.100Z] > git for-each-ref --sort -committerdate --format %(refname) %(objectname) %(*objectname) [12ms]
[2022-07-06T03:23:02.102Z] > git remote --verbose [3ms]
[2022-07-06T03:23:02.116Z] > git config --get commit.template [2ms]
[2022-07-06T03:23:20.640Z] > git status -z -uall [17ms]
[2022-07-06T03:23:20.668Z] > git symbolic-ref --short HEAD [10ms]
[2022-07-06T03:23:20.688Z] > git for-each-ref --format=%(refname)%00%(upstream:short)%00%(objectname)%00%(upstream:track)%00%(upstream:remotename)%00%(upstream:remoteref) refs/heads/main refs/remotes/main [8ms]
[2022-07-06T03:23:20.713Z] > git for-each-ref --sort -committerdate --format %(refname) %(objectname) %(*objectname) [14ms]
[2022-07-06T03:23:20.716Z] > git remote --verbose [5ms]
[2022-07-06T03:23:20.732Z] > git config --get commit.template [3ms]
[2022-07-06T03:23:27.022Z] > git status -z -uall [13ms]
[2022-07-06T03:23:27.042Z] > git symbolic-ref --short HEAD [4ms]
[2022-07-06T03:23:27.062Z] > git for-each-ref --format=%(refname)%00%(upstream:short)%00%(objectname)%00%(upstream:track)%00%(upstream:remotename)%00%(upstream:remoteref) refs/heads/main refs/remotes/main [5ms]
[2022-07-06T03:23:27.091Z] > git for-each-ref --sort -committerdate --format %(refname) %(objectname) %(*objectname) [15ms]
[2022-07-06T03:23:27.093Z] > git remote --verbose [3ms]
[2022-07-06T03:23:27.111Z] > git config --get commit.template [2ms]
[2022-07-06T03:23:32.143Z] > git status -z -uall [17ms]
[2022-07-06T03:23:32.195Z] > git symbolic-ref --short HEAD [35ms]
[2022-07-06T03:23:32.212Z] > git for-each-ref --format=%(refname)%00%(upstream:short)%00%(objectname)%00%(upstream:track)%00%(upstream:remotename)%00%(upstream:remoteref) refs/heads/main refs/remotes/main [6ms]
[2022-07-06T03:23:32.237Z] > git for-each-ref --sort -committerdate --format %(refname) %(objectname) %(*objectname) [14ms]
[2022-07-06T03:23:32.239Z] > git remote --verbose [4ms]
[2022-07-06T03:23:32.261Z] > git config --get commit.template [5ms]
[2022-07-06T03:24:00.962Z] > git status -z -uall [8ms]
[2022-07-06T03:24:00.975Z] > git symbolic-ref --short HEAD [2ms]
[2022-07-06T03:24:00.990Z] > git for-each-ref --format=%(refname)%00%(upstream:short)%00%(objectname)%00%(upstream:track)%00%(upstream:remotename)%00%(upstream:remoteref) refs/heads/main refs/remotes/main [5ms]
[2022-07-06T03:24:01.013Z] > git for-each-ref --sort -committerdate --format %(refname) %(objectname) %(*objectname) [13ms]
[2022-07-06T03:24:01.015Z] > git remote --verbose [4ms]
[2022-07-06T03:24:01.029Z] > git config --get commit.template [3ms]
[2022-07-06T03:24:07.199Z] > git status -z -uall [11ms]
[2022-07-06T03:24:07.212Z] > git symbolic-ref --short HEAD [4ms]
[2022-07-06T03:24:07.226Z] > git for-each-ref --format=%(refname)%00%(upstream:short)%00%(objectname)%00%(upstream:track)%00%(upstream:remotename)%00%(upstream:remoteref) refs/heads/main refs/remotes/main [5ms]
[2022-07-06T03:24:07.247Z] > git for-each-ref --sort -committerdate --format %(refname) %(objectname) %(*objectname) [11ms]
[2022-07-06T03:24:07.249Z] > git remote --verbose [3ms]
[2022-07-06T03:24:07.263Z] > git config --get commit.template [3ms]
[2022-07-06T03:24:19.741Z] > git status -z -uall [7ms]
[2022-07-06T03:24:19.757Z] > git symbolic-ref --short HEAD [6ms]
[2022-07-06T03:24:19.773Z] > git for-each-ref --format=%(refname)%00%(upstream:short)%00%(objectname)%00%(upstream:track)%00%(upstream:remotename)%00%(upstream:remoteref) refs/heads/main refs/remotes/main [5ms]
[2022-07-06T03:24:19.799Z] > git for-each-ref --sort -committerdate --format %(refname) %(objectname) %(*objectname) [15ms]
[2022-07-06T03:24:19.800Z] > git remote --verbose [3ms]
[2022-07-06T03:24:19.815Z] > git config --get commit.template [2ms]
[2022-07-06T03:24:21.186Z] > git show --textconv :index.html [17ms]
[2022-07-06T03:24:21.191Z] > git ls-files --stage -- /run/media/upalb/Miscellaneous/Code/Programming-Hero/Assigmnent 1/index.html [6ms]
[2022-07-06T03:24:21.209Z] > git cat-file -s 0af717c627ed7a02d1cab853fda232470515e2aa [5ms]
[2022-07-06T03:24:24.659Z] > git show --textconv :style.css [13ms]
[2022-07-06T03:24:24.661Z] > git ls-files --stage -- /run/media/upalb/Miscellaneous/Code/Programming-Hero/Assigmnent 1/style.css [4ms]
[2022-07-06T03:24:24.677Z] > git cat-file -s 8e61f36977532d72ccac8ed186d1fa9e46b3aa62 [4ms]
[2022-07-06T03:24:29.629Z] > git status -z -uall [7ms]
[2022-07-06T03:24:29.641Z] > git symbolic-ref --short HEAD [3ms]
[2022-07-06T03:24:29.657Z] > git for-each-ref --format=%(refname)%00%(upstream:short)%00%(objectname)%00%(upstream:track)%00%(upstream:remotename)%00%(upstream:remoteref) refs/heads/main refs/remotes/main [5ms]
[2022-07-06T03:24:29.681Z] > git for-each-ref --sort -committerdate --format %(refname) %(objectname) %(*objectname) [14ms]
[2022-07-06T03:24:29.683Z] > git remote --verbose [4ms]
[2022-07-06T03:24:29.697Z] > git config --get commit.template [2ms]
[2022-07-06T03:25:23.059Z] > git status -z -uall [19ms]
[2022-07-06T03:25:23.109Z] > git symbolic-ref --short HEAD [9ms]
[2022-07-06T03:25:23.137Z] > git for-each-ref --format=%(refname)%00%(upstream:short)%00%(objectname)%00%(upstream:track)%00%(upstream:remotename)%00%(upstream:remoteref) refs/heads/main refs/remotes/main [6ms]
[2022-07-06T03:25:23.166Z] > git for-each-ref --sort -committerdate --format %(refname) %(objectname) %(*objectname) [16ms]
[2022-07-06T03:25:23.167Z] > git remote --verbose [3ms]
[2022-07-06T03:25:23.183Z] > git config --get commit.template [2ms]
[2022-07-06T03:25:55.121Z] > git status -z -uall [12ms]
[2022-07-06T03:25:55.147Z] > git symbolic-ref --short HEAD [6ms]
[2022-07-06T03:25:55.179Z] > git for-each-ref --format=%(refname)%00%(upstream:short)%00%(objectname)%00%(upstream:track)%00%(upstream:remotename)%00%(upstream:remoteref) refs/heads/main refs/remotes/main [13ms]
[2022-07-06T03:25:55.220Z] > git for-each-ref --sort -committerdate --format %(refname) %(objectname) %(*objectname) [22ms]
[2022-07-06T03:25:55.225Z] > git remote --verbose [8ms]
[2022-07-06T03:25:55.248Z] > git config --get commit.template [2ms]
[2022-07-06T03:26:00.268Z] > git status -z -uall [9ms]
[2022-07-06T03:26:00.280Z] > git symbolic-ref --short HEAD [3ms]
[2022-07-06T03:26:00.295Z] > git for-each-ref --format=%(refname)%00%(upstream:short)%00%(objectname)%00%(upstream:track)%00%(upstream:remotename)%00%(upstream:remoteref) refs/heads/main refs/remotes/main [5ms]
[2022-07-06T03:26:00.317Z] > git for-each-ref --sort -committerdate --format %(refname) %(objectname) %(*objectname) [12ms]
[2022-07-06T03:26:00.322Z] > git remote --verbose [6ms]
[2022-07-06T03:26:00.343Z] > git config --get commit.template [5ms]
[2022-07-06T03:26:10.845Z] > git status -z -uall [9ms]
[2022-07-06T03:26:10.858Z] > git symbolic-ref --short HEAD [3ms]
[2022-07-06T03:26:10.874Z] > git for-each-ref --format=%(refname)%00%(upstream:short)%00%(objectname)%00%(upstream:track)%00%(upstream:remotename)%00%(upstream:remoteref) refs/heads/main refs/remotes/main [5ms]
[2022-07-06T03:26:10.897Z] > git for-each-ref --sort -committerdate --format %(refname) %(objectname) %(*objectname) [13ms]
[2022-07-06T03:26:10.899Z] > git remote --verbose [3ms]
[2022-07-06T03:26:10.915Z] > git config --get commit.template [4ms]
[2022-07-06T03:27:23.406Z] > git status -z -uall [9ms]
[2022-07-06T03:27:23.419Z] > git symbolic-ref --short HEAD [3ms]
[2022-07-06T03:27:23.434Z] > git for-each-ref --format=%(refname)%00%(upstream:short)%00%(objectname)%00%(upstream:track)%00%(upstream:remotename)%00%(upstream:remoteref) refs/heads/main refs/remotes/main [5ms]
[2022-07-06T03:27:23.458Z] > git for-each-ref --sort -committerdate --format %(refname) %(objectname) %(*objectname) [13ms]
[2022-07-06T03:27:23.462Z] > git remote --verbose [6ms]
[2022-07-06T03:27:23.477Z] > git config --get commit.template [2ms]
[2022-07-06T03:41:20.846Z] > git rev-parse --show-toplevel [30ms]
[2022-07-06T03:41:20.846Z] fatal: not a git repository (or any parent up to mount point /run/media/upalb)
Stopping at filesystem boundary (GIT_DISCOVERY_ACROSS_FILESYSTEM not set).
[2022-07-06T03:41:28.185Z] > git status -z -uall [50ms]
[2022-07-06T03:41:28.209Z] > git symbolic-ref --short HEAD [7ms]
[2022-07-06T03:41:28.234Z] > git for-each-ref --format=%(refname)%00%(upstream:short)%00%(objectname)%00%(upstream:track)%00%(upstream:remotename)%00%(upstream:remoteref) refs/heads/main refs/remotes/main [9ms]
[2022-07-06T03:41:28.287Z] > git for-each-ref --sort -committerdate --format %(refname) %(objectname) %(*objectname) [31ms]
[2022-07-06T03:41:28.290Z] > git remote --verbose [8ms]
[2022-07-06T03:41:28.323Z] > git config --get commit.template [7ms]
[2022-07-06T03:41:33.358Z] > git status -z -uall [16ms]
[2022-07-06T03:41:33.375Z] > git symbolic-ref --short HEAD [3ms]
[2022-07-06T03:41:33.392Z] > git for-each-ref --format=%(refname)%00%(upstream:short)%00%(objectname)%00%(upstream:track)%00%(upstream:remotename)%00%(upstream:remoteref) refs/heads/main refs/remotes/main [5ms]
[2022-07-06T03:41:33.418Z] > git for-each-ref --sort -committerdate --format %(refname) %(objectname) %(*objectname) [13ms]
[2022-07-06T03:41:33.421Z] > git remote --verbose [4ms]
[2022-07-06T03:41:33.440Z] > git config --get commit.template [5ms]
[2022-07-06T03:42:10.040Z] > git show --textconv :index.html [26ms]
[2022-07-06T03:42:10.042Z] > git ls-files --stage -- /run/media/upalb/Miscellaneous/Code/Programming-Hero/Assigmnent 1/index.html [4ms]
[2022-07-06T03:42:10.060Z] > git cat-file -s 0af717c627ed7a02d1cab853fda232470515e2aa [3ms]
[2022-07-06T03:43:33.258Z] > git status -z -uall [26ms]
[2022-07-06T03:43:33.283Z] > git symbolic-ref --short HEAD [4ms]
[2022-07-06T03:43:33.300Z] > git for-each-ref --format=%(refname)%00%(upstream:short)%00%(objectname)%00%(upstream:track)%00%(upstream:remotename)%00%(upstream:remoteref) refs/heads/main refs/remotes/main [5ms]
[2022-07-06T03:43:33.328Z] > git for-each-ref --sort -committerdate --format %(refname) %(objectname) %(*objectname) [13ms]
[2022-07-06T03:43:33.329Z] > git remote --verbose [3ms]
[2022-07-06T03:43:33.346Z] > git config --get commit.template [3ms]
[2022-07-06T03:45:54.489Z] > git show --textconv :index.html [20ms]
[2022-07-06T03:45:54.490Z] > git ls-files --stage -- /run/media/upalb/Miscellaneous/Code/Programming-Hero/Assigmnent 1/index.html [3ms]
[2022-07-06T03:45:54.510Z] > git cat-file -s 0af717c627ed7a02d1cab853fda232470515e2aa [7ms]
[2022-07-06T03:45:56.458Z] > git rev-parse --show-toplevel [3ms]
[2022-07-06T03:45:56.458Z] fatal: not a git repository (or any parent up to mount point /run/media/upalb)
Stopping at filesystem boundary (GIT_DISCOVERY_ACROSS_FILESYSTEM not set).
[2022-07-06T03:45:57.440Z] > git rev-parse --show-toplevel [3ms]
[2022-07-06T03:45:57.440Z] fatal: not a git repository (or any parent up to mount point /run/media/upalb)
Stopping at filesystem boundary (GIT_DISCOVERY_ACROSS_FILESYSTEM not set).
[2022-07-06T03:45:58.695Z] > git rev-parse --show-toplevel [2ms]
[2022-07-06T03:45:58.695Z] fatal: not a git repository (or any parent up to mount point /run/media/upalb)
Stopping at filesystem boundary (GIT_DISCOVERY_ACROSS_FILESYSTEM not set).
[2022-07-06T03:46:05.759Z] > git show --textconv :style.css [18ms]
[2022-07-06T03:46:05.762Z] > git ls-files --stage -- /run/media/upalb/Miscellaneous/Code/Programming-Hero/Assigmnent 1/style.css [7ms]
[2022-07-06T03:46:05.779Z] > git cat-file -s 8e61f36977532d72ccac8ed186d1fa9e46b3aa62 [3ms]
[2022-07-06T03:46:27.642Z] > git status -z -uall [11ms]
[2022-07-06T03:46:27.657Z] > git symbolic-ref --short HEAD [4ms]
[2022-07-06T03:46:27.676Z] > git for-each-ref --format=%(refname)%00%(upstream:short)%00%(objectname)%00%(upstream:track)%00%(upstream:remotename)%00%(upstream:remoteref) refs/heads/main refs/remotes/main [8ms]
[2022-07-06T03:46:27.704Z] > git for-each-ref --sort -committerdate --format %(refname) %(objectname) %(*objectname) [17ms]
[2022-07-06T03:46:27.706Z] > git remote --verbose [6ms]
[2022-07-06T03:46:27.724Z] > git config --get commit.template [3ms]
[2022-07-06T03:46:32.751Z] > git status -z -uall [9ms]
[2022-07-06T03:46:32.766Z] > git symbolic-ref --short HEAD [4ms]
[2022-07-06T03:46:32.784Z] > git for-each-ref --format=%(refname)%00%(upstream:short)%00%(objectname)%00%(upstream:track)%00%(upstream:remotename)%00%(upstream:remoteref) refs/heads/main refs/remotes/main [8ms]
[2022-07-06T03:46:32.811Z] > git for-each-ref --sort -committerdate --format %(refname) %(objectname) %(*objectname) [13ms]
[2022-07-06T03:46:32.813Z] > git remote --verbose [3ms]
[2022-07-06T03:46:32.833Z] > git config --get commit.template [4ms]
[2022-07-06T03:46:40.887Z] > git status -z -uall [10ms]
[2022-07-06T03:46:40.906Z] > git symbolic-ref --short HEAD [4ms]
[2022-07-06T03:46:40.925Z] > git for-each-ref --format=%(refname)%00%(upstream:short)%00%(objectname)%00%(upstream:track)%00%(upstream:remotename)%00%(upstream:remoteref) refs/heads/main refs/remotes/main [5ms]
[2022-07-06T03:46:40.956Z] > git for-each-ref --sort -committerdate --format %(refname) %(objectname) %(*objectname) [17ms]
[2022-07-06T03:46:40.957Z] > git remote --verbose [3ms]
[2022-07-06T03:46:40.975Z] > git config --get commit.template [3ms]
[2022-07-06T03:46:45.998Z] > git status -z -uall [11ms]
[2022-07-06T03:46:46.019Z] > git symbolic-ref --short HEAD [1ms]
[2022-07-06T03:46:46.045Z] > git for-each-ref --format=%(refname)%00%(upstream:short)%00%(objectname)%00%(upstream:track)%00%(upstream:remotename)%00%(upstream:remoteref) refs/heads/main refs/remotes/main [5ms]
[2022-07-06T03:46:46.085Z] > git remote --verbose [8ms]
[2022-07-06T03:46:46.086Z] > git for-each-ref --sort -committerdate --format %(refname) %(objectname) %(*objectname) [26ms]
[2022-07-06T03:46:46.108Z] > git config --get commit.template [3ms]
[2022-07-06T03:46:55.475Z] > git status -z -uall [13ms]
[2022-07-06T03:46:55.496Z] > git symbolic-ref --short HEAD [6ms]
[2022-07-06T03:46:55.521Z] > git for-each-ref --format=%(refname)%00%(upstream:short)%00%(objectname)%00%(upstream:track)%00%(upstream:remotename)%00%(upstream:remoteref) refs/heads/main refs/remotes/main [9ms]
[2022-07-06T03:46:55.563Z] > git for-each-ref --sort -committerdate --format %(refname) %(objectname) %(*objectname) [28ms]
[2022-07-06T03:46:55.567Z] > git remote --verbose [6ms]
[2022-07-06T03:46:55.588Z] > git config --get commit.template [3ms]
[2022-07-06T03:47:12.896Z] > git show --textconv :index.html [15ms]
[2022-07-06T03:47:12.898Z] > git ls-files --stage -- /run/media/upalb/Miscellaneous/Code/Programming-Hero/Assigmnent 1/index.html [3ms]
[2022-07-06T03:47:12.913Z] > git cat-file -s 0af717c627ed7a02d1cab853fda232470515e2aa [3ms]
[2022-07-06T03:47:33.071Z] > git show --textconv :style.css [15ms]
[2022-07-06T03:47:33.072Z] > git ls-files --stage -- /run/media/upalb/Miscellaneous/Code/Programming-Hero/Assigmnent 1/style.css [4ms]
[2022-07-06T03:47:33.086Z] > git cat-file -s 8e61f36977532d72ccac8ed186d1fa9e46b3aa62 [3ms]
[2022-07-06T03:48:58.393Z] > git status -z -uall [9ms]
[2022-07-06T03:48:58.407Z] > git symbolic-ref --short HEAD [3ms]
[2022-07-06T03:48:58.432Z] > git for-each-ref --format=%(refname)%00%(upstream:short)%00%(objectname)%00%(upstream:track)%00%(upstream:remotename)%00%(upstream:remoteref) refs/heads/main refs/remotes/main [13ms]
[2022-07-06T03:48:58.469Z] > git for-each-ref --sort -committerdate --format %(refname) %(objectname) %(*objectname) [20ms]
[2022-07-06T03:48:58.473Z] > git remote --verbose [6ms]
[2022-07-06T03:48:58.500Z] > git config --get commit.template [3ms]
[2022-07-06T03:49:03.519Z] > git status -z -uall [7ms]
[2022-07-06T03:49:03.537Z] > git symbolic-ref --short HEAD [5ms]
[2022-07-06T03:49:03.558Z] > git for-each-ref --format=%(refname)%00%(upstream:short)%00%(objectname)%00%(upstream:track)%00%(upstream:remotename)%00%(upstream:remoteref) refs/heads/main refs/remotes/main [7ms]
[2022-07-06T03:49:03.602Z] > git for-each-ref --sort -committerdate --format %(refname) %(objectname) %(*objectname) [30ms]
[2022-07-06T03:49:03.605Z] > git remote --verbose [7ms]
[2022-07-06T03:49:03.650Z] > git config --get commit.template [5ms]
[2022-07-06T03:49:18.063Z] > git show --textconv :index.html [21ms]
[2022-07-06T03:49:18.067Z] > git ls-files --stage -- /run/media/upalb/Miscellaneous/Code/Programming-Hero/Assigmnent 1/index.html [5ms]
[2022-07-06T03:49:18.082Z] > git cat-file -s 0af717c627ed7a02d1cab853fda232470515e2aa [3ms]
[2022-07-06T03:49:50.291Z] > git status -z -uall [9ms]
[2022-07-06T03:49:50.308Z] > git symbolic-ref --short HEAD [4ms]
[2022-07-06T03:49:50.327Z] > git for-each-ref --format=%(refname)%00%(upstream:short)%00%(objectname)%00%(upstream:track)%00%(upstream:remotename)%00%(upstream:remoteref) refs/heads/main refs/remotes/main [5ms]
[2022-07-06T03:49:50.354Z] > git for-each-ref --sort -committerdate --format %(refname) %(objectname) %(*objectname) [14ms]
[2022-07-06T03:49:50.357Z] > git remote --verbose [4ms]
[2022-07-06T03:49:50.374Z] > git config --get commit.template [3ms]
[2022-07-06T03:49:53.360Z] > git show --textconv :style.css [17ms]
[2022-07-06T03:49:53.362Z] > git ls-files --stage -- /run/media/upalb/Miscellaneous/Code/Programming-Hero/Assigmnent 1/style.css [5ms]
[2022-07-06T03:49:53.382Z] > git cat-file -s 8e61f36977532d72ccac8ed186d1fa9e46b3aa62 [6ms]
[2022-07-06T03:50:28.623Z] > git status -z -uall [11ms]
[2022-07-06T03:50:28.642Z] > git symbolic-ref --short HEAD [5ms]
[2022-07-06T03:50:28.667Z] > git for-each-ref --format=%(refname)%00%(upstream:short)%00%(objectname)%00%(upstream:track)%00%(upstream:remotename)%00%(upstream:remoteref) refs/heads/main refs/remotes/main [11ms]
[2022-07-06T03:50:28.696Z] > git for-each-ref --sort -committerdate --format %(refname) %(objectname) %(*objectname) [17ms]
[2022-07-06T03:50:28.699Z] > git remote --verbose [4ms]
[2022-07-06T03:50:28.721Z] > git config --get commit.template [3ms]
[2022-07-06T03:50:40.524Z] > git status -z -uall [84ms]
[2022-07-06T03:50:40.543Z] > git symbolic-ref --short HEAD [4ms]
[2022-07-06T03:50:40.578Z] > git for-each-ref --format=%(refname)%00%(upstream:short)%00%(objectname)%00%(upstream:track)%00%(upstream:remotename)%00%(upstream:remoteref) refs/heads/main refs/remotes/main [11ms]
[2022-07-06T03:50:40.619Z] > git remote --verbose [2ms]
[2022-07-06T03:50:40.620Z] > git for-each-ref --sort -committerdate --format %(refname) %(objectname) %(*objectname) [25ms]
[2022-07-06T03:50:40.644Z] > git config --get commit.template [2ms]
[2022-07-06T03:50:49.658Z] > git status -z -uall [12ms]
[2022-07-06T03:50:49.680Z] > git symbolic-ref --short HEAD [6ms]
[2022-07-06T03:50:49.711Z] > git for-each-ref --format=%(refname)%00%(upstream:short)%00%(objectname)%00%(upstream:track)%00%(upstream:remotename)%00%(upstream:remoteref) refs/heads/main refs/remotes/main [12ms]
[2022-07-06T03:50:49.761Z] > git for-each-ref --sort -committerdate --format %(refname) %(objectname) %(*objectname) [26ms]
[2022-07-06T03:50:49.763Z] > git remote --verbose [8ms]
[2022-07-06T03:50:49.791Z] > git config --get commit.template [3ms]
[2022-07-06T03:50:59.993Z] > git status -z -uall [8ms]
[2022-07-06T03:51:00.009Z] > git symbolic-ref --short HEAD [3ms]
[2022-07-06T03:51:00.028Z] > git for-each-ref --format=%(refname)%00%(upstream:short)%00%(objectname)%00%(upstream:track)%00%(upstream:remotename)%00%(upstream:remoteref) refs/heads/main refs/remotes/main [5ms]
[2022-07-06T03:51:00.057Z] > git for-each-ref --sort -committerdate --format %(refname) %(objectname) %(*objectname) [15ms]
[2022-07-06T03:51:00.059Z] > git remote --verbose [4ms]
[2022-07-06T03:51:00.079Z] > git config --get commit.template [4ms]
[2022-07-06T03:51:09.404Z] > git status -z -uall [12ms]
[2022-07-06T03:51:09.426Z] > git symbolic-ref --short HEAD [4ms]
[2022-07-06T03:51:09.452Z] > git for-each-ref --format=%(refname)%00%(upstream:short)%00%(objectname)%00%(upstream:track)%00%(upstream:remotename)%00%(upstream:remoteref) refs/heads/main refs/remotes/main [8ms]
[2022-07-06T03:51:09.490Z] > git for-each-ref --sort -committerdate --format %(refname) %(objectname) %(*objectname) [20ms]
[2022-07-06T03:51:09.492Z] > git remote --verbose [4ms]
[2022-07-06T03:51:09.510Z] > git config --get commit.template [3ms]
[2022-07-06T03:51:15.057Z] > git status -z -uall [14ms]
[2022-07-06T03:51:15.076Z] > git symbolic-ref --short HEAD [4ms]
[2022-07-06T03:51:15.093Z] > git for-each-ref --format=%(refname)%00%(upstream:short)%00%(objectname)%00%(upstream:track)%00%(upstream:remotename)%00%(upstream:remoteref) refs/heads/main refs/remotes/main [6ms]
[2022-07-06T03:51:15.116Z] > git for-each-ref --sort -committerdate --format %(refname) %(objectname) %(*objectname) [12ms]
[2022-07-06T03:51:15.118Z] > git remote --verbose [3ms]
[2022-07-06T03:51:15.134Z] > git config --get commit.template [3ms]
[2022-07-06T03:51:35.391Z] > git status -z -uall [8ms]
[2022-07-06T03:51:35.405Z] > git symbolic-ref --short HEAD [4ms]
[2022-07-06T03:51:35.420Z] > git for-each-ref --format=%(refname)%00%(upstream:short)%00%(objectname)%00%(upstream:track)%00%(upstream:remotename)%00%(upstream:remoteref) refs/heads/main refs/remotes/main [5ms]
[2022-07-06T03:51:35.442Z] > git for-each-ref --sort -committerdate --format %(refname) %(objectname) %(*objectname) [12ms]
[2022-07-06T03:51:35.443Z] > git remote --verbose [2ms]
[2022-07-06T03:51:35.462Z] > git config --get commit.template [3ms]
[2022-07-06T03:51:49.066Z] > git show --textconv :index.html [15ms]
[2022-07-06T03:51:49.070Z] > git ls-files --stage -- /run/media/upalb/Miscellaneous/Code/Programming-Hero/Assigmnent 1/index.html [5ms]
[2022-07-06T03:51:49.085Z] > git cat-file -s 0af717c627ed7a02d1cab853fda232470515e2aa [4ms]
[2022-07-06T03:51:56.075Z] > git status -z -uall [14ms]
[2022-07-06T03:51:56.096Z] > git symbolic-ref --short HEAD [6ms]
[2022-07-06T03:51:56.117Z] > git for-each-ref --format=%(refname)%00%(upstream:short)%00%(objectname)%00%(upstream:track)%00%(upstream:remotename)%00%(upstream:remoteref) refs/heads/main refs/remotes/main [5ms]
[2022-07-06T03:51:56.154Z] > git for-each-ref --sort -committerdate --format %(refname) %(objectname) %(*objectname) [20ms]
[2022-07-06T03:51:56.157Z] > git remote --verbose [5ms]
[2022-07-06T03:51:56.180Z] > git config --get commit.template [2ms]
[2022-07-06T03:51:59.194Z] > git show --textconv :style.css [17ms]
[2022-07-06T03:51:59.196Z] > git ls-files --stage -- /run/media/upalb/Miscellaneous/Code/Programming-Hero/Assigmnent 1/style.css [6ms]
[2022-07-06T03:51:59.211Z] > git cat-file -s 8e61f36977532d72ccac8ed186d1fa9e46b3aa62 [4ms]
[2022-07-06T03:52:06.619Z] > git status -z -uall [14ms]
[2022-07-06T03:52:06.638Z] > git symbolic-ref --short HEAD [4ms]
[2022-07-06T03:52:06.657Z] > git for-each-ref --format=%(refname)%00%(upstream:short)%00%(objectname)%00%(upstream:track)%00%(upstream:remotename)%00%(upstream:remoteref) refs/heads/main refs/remotes/main [5ms]
[2022-07-06T03:52:06.689Z] > git for-each-ref --sort -committerdate --format %(refname) %(objectname) %(*objectname) [16ms]
[2022-07-06T03:52:06.691Z] > git remote --verbose [4ms]
[2022-07-06T03:52:06.708Z] > git config --get commit.template [3ms]
[2022-07-06T03:52:16.995Z] > git status -z -uall [9ms]
[2022-07-06T03:52:17.009Z] > git symbolic-ref --short HEAD [4ms]
[2022-07-06T03:52:17.026Z] > git for-each-ref --format=%(refname)%00%(upstream:short)%00%(objectname)%00%(upstream:track)%00%(upstream:remotename)%00%(upstream:remoteref) refs/heads/main refs/remotes/main [5ms]
[2022-07-06T03:52:17.052Z] > git for-each-ref --sort -committerdate --format %(refname) %(objectname) %(*objectname) [14ms]
[2022-07-06T03:52:17.054Z] > git remote --verbose [3ms]
[2022-07-06T03:52:17.072Z] > git config --get commit.template [2ms]
[2022-07-06T03:52:36.476Z] > git status -z -uall [18ms]
[2022-07-06T03:52:36.495Z] > git symbolic-ref --short HEAD [6ms]
[2022-07-06T03:52:36.518Z] > git for-each-ref --format=%(refname)%00%(upstream:short)%00%(objectname)%00%(upstream:track)%00%(upstream:remotename)%00%(upstream:remoteref) refs/heads/main refs/remotes/main [6ms]
[2022-07-06T03:52:36.547Z] > git for-each-ref --sort -committerdate --format %(refname) %(objectname) %(*objectname) [15ms]
[2022-07-06T03:52:36.548Z] > git remote --verbose [4ms]
[2022-07-06T03:52:36.564Z] > git config --get commit.template [3ms]
[2022-07-06T03:53:15.583Z] > git status -z -uall [8ms]
[2022-07-06T03:53:15.596Z] > git symbolic-ref --short HEAD [3ms]
[2022-07-06T03:53:15.611Z] > git for-each-ref --format=%(refname)%00%(upstream:short)%00%(objectname)%00%(upstream:track)%00%(upstream:remotename)%00%(upstream:remoteref) refs/heads/main refs/remotes/main [5ms]
[2022-07-06T03:53:15.638Z] > git for-each-ref --sort -committerdate --format %(refname) %(objectname) %(*objectname) [15ms]
[2022-07-06T03:53:15.640Z] > git remote --verbose [3ms]
[2022-07-06T03:53:15.657Z] > git config --get commit.template [3ms]
[2022-07-06T03:53:22.582Z] > git status -z -uall [7ms]
[2022-07-06T03:53:22.597Z] > git symbolic-ref --short HEAD [4ms]
[2022-07-06T03:53:22.613Z] > git for-each-ref --format=%(refname)%00%(upstream:short)%00%(objectname)%00%(upstream:track)%00%(upstream:remotename)%00%(upstream:remoteref) refs/heads/main refs/remotes/main [6ms]
[2022-07-06T03:53:22.636Z] > git for-each-ref --sort -committerdate --format %(refname) %(objectname) %(*objectname) [13ms]
[2022-07-06T03:53:22.637Z] > git remote --verbose [3ms]
[2022-07-06T03:53:22.656Z] > git config --get commit.template [3ms]
[2022-07-06T03:53:29.721Z] > git status -z -uall [12ms]
[2022-07-06T03:53:29.739Z] > git symbolic-ref --short HEAD [5ms]
[2022-07-06T03:53:29.759Z] > git for-each-ref --format=%(refname)%00%(upstream:short)%00%(objectname)%00%(upstream:track)%00%(upstream:remotename)%00%(upstream:remoteref) refs/heads/main refs/remotes/main [5ms]
[2022-07-06T03:53:29.793Z] > git for-each-ref --sort -committerdate --format %(refname) %(objectname) %(*objectname) [21ms]
[2022-07-06T03:53:29.795Z] > git remote --verbose [4ms]
[2022-07-06T03:53:29.812Z] > git config --get commit.template [3ms]
[2022-07-06T03:53:34.830Z] > git status -z -uall [7ms]
[2022-07-06T03:53:34.847Z] > git symbolic-ref --short HEAD [6ms]
[2022-07-06T03:53:34.868Z] > git for-each-ref --format=%(refname)%00%(upstream:short)%00%(objectname)%00%(upstream:track)%00%(upstream:remotename)%00%(upstream:remoteref) refs/heads/main refs/remotes/main [7ms]
[2022-07-06T03:53:34.891Z] > git for-each-ref --sort -committerdate --format %(refname) %(objectname) %(*objectname) [13ms]
[2022-07-06T03:53:34.894Z] > git remote --verbose [5ms]
[2022-07-06T03:53:34.911Z] > git config --get commit.template [3ms]
[2022-07-06T03:53:44.252Z] > git status -z -uall [10ms]
[2022-07-06T03:53:44.277Z] > git symbolic-ref --short HEAD [8ms]
[2022-07-06T03:53:44.297Z] > git for-each-ref --format=%(refname)%00%(upstream:short)%00%(objectname)%00%(upstream:track)%00%(upstream:remotename)%00%(upstream:remoteref) refs/heads/main refs/remotes/main [7ms]
[2022-07-06T03:53:44.328Z] > git for-each-ref --sort -committerdate --format %(refname) %(objectname) %(*objectname) [16ms]
[2022-07-06T03:53:44.329Z] > git remote --verbose [3ms]
[2022-07-06T03:53:44.347Z] > git config --get commit.template [3ms]
[2022-07-06T03:53:58.062Z] > git status -z -uall [8ms]
[2022-07-06T03:53:58.076Z] > git symbolic-ref --short HEAD [3ms]
[2022-07-06T03:53:58.091Z] > git for-each-ref --format=%(refname)%00%(upstream:short)%00%(objectname)%00%(upstream:track)%00%(upstream:remotename)%00%(upstream:remoteref) refs/heads/main refs/remotes/main [5ms]
[2022-07-06T03:53:58.113Z] > git for-each-ref --sort -committerdate --format %(refname) %(objectname) %(*objectname) [12ms]
[2022-07-06T03:53:58.115Z] > git remote --verbose [3ms]
[2022-07-06T03:53:58.129Z] > git config --get commit.template [2ms]
[2022-07-06T03:54:03.671Z] > git status -z -uall [8ms]
[2022-07-06T03:54:03.684Z] > git symbolic-ref --short HEAD [3ms]
[2022-07-06T03:54:03.700Z] > git for-each-ref --format=%(refname)%00%(upstream:short)%00%(objectname)%00%(upstream:track)%00%(upstream:remotename)%00%(upstream:remoteref) refs/heads/main refs/remotes/main [5ms]
[2022-07-06T03:54:03.723Z] > git for-each-ref --sort -committerdate --format %(refname) %(objectname) %(*objectname) [13ms]
[2022-07-06T03:54:03.724Z] > git remote --verbose [3ms]
[2022-07-06T03:54:03.741Z] > git config --get commit.template [3ms]
[2022-07-06T03:54:08.890Z] > git status -z -uall [9ms]
[2022-07-06T03:54:08.904Z] > git symbolic-ref --short HEAD [3ms]
[2022-07-06T03:54:08.919Z] > git for-each-ref --format=%(refname)%00%(upstream:short)%00%(objectname)%00%(upstream:track)%00%(upstream:remotename)%00%(upstream:remoteref) refs/heads/main refs/remotes/main [5ms]
[2022-07-06T03:54:08.942Z] > git for-each-ref --sort -committerdate --format %(refname) %(objectname) %(*objectname) [13ms]
[2022-07-06T03:54:08.943Z] > git remote --verbose [3ms]
[2022-07-06T03:54:08.959Z] > git config --get commit.template [3ms]
[2022-07-06T03:54:15.673Z] > git status -z -uall [10ms]
[2022-07-06T03:54:15.686Z] > git symbolic-ref --short HEAD [3ms]
[2022-07-06T03:54:15.701Z] > git for-each-ref --format=%(refname)%00%(upstream:short)%00%(objectname)%00%(upstream:track)%00%(upstream:remotename)%00%(upstream:remoteref) refs/heads/main refs/remotes/main [4ms]
[2022-07-06T03:54:15.726Z] > git for-each-ref --sort -committerdate --format %(refname) %(objectname) %(*objectname) [14ms]
[2022-07-06T03:54:15.727Z] > git remote --verbose [3ms]
[2022-07-06T03:54:15.742Z] > git config --get commit.template [3ms]
[2022-07-06T03:54:58.940Z] > git status -z -uall [22ms]
[2022-07-06T03:54:58.971Z] > git symbolic-ref --short HEAD [11ms]
[2022-07-06T03:54:58.998Z] > git for-each-ref --format=%(refname)%00%(upstream:short)%00%(objectname)%00%(upstream:track)%00%(upstream:remotename)%00%(upstream:remoteref) refs/heads/main refs/remotes/main [10ms]
[2022-07-06T03:54:59.029Z] > git for-each-ref --sort -committerdate --format %(refname) %(objectname) %(*objectname) [17ms]
[2022-07-06T03:54:59.032Z] > git remote --verbose [5ms]
[2022-07-06T03:54:59.053Z] > git config --get commit.template [3ms]
[2022-07-06T03:55:52.445Z] > git status -z -uall [8ms]
[2022-07-06T03:55:52.459Z] > git symbolic-ref --short HEAD [4ms]
[2022-07-06T03:55:52.474Z] > git for-each-ref --format=%(refname)%00%(upstream:short)%00%(objectname)%00%(upstream:track)%00%(upstream:remotename)%00%(upstream:remoteref) refs/heads/main refs/remotes/main [5ms]
[2022-07-06T03:55:52.496Z] > git for-each-ref --sort -committerdate --format %(refname) %(objectname) %(*objectname) [12ms]
[2022-07-06T03:55:52.500Z] > git remote --verbose [5ms]
[2022-07-06T03:55:52.514Z] > git config --get commit.template [2ms]
[2022-07-06T03:55:57.534Z] > git status -z -uall [8ms]
[2022-07-06T03:55:57.547Z] > git symbolic-ref --short HEAD [3ms]
[2022-07-06T03:55:57.563Z] > git for-each-ref --format=%(refname)%00%(upstream:short)%00%(objectname)%00%(upstream:track)%00%(upstream:remotename)%00%(upstream:remoteref) refs/heads/main refs/remotes/main [6ms]
[2022-07-06T03:55:57.585Z] > git for-each-ref --sort -committerdate --format %(refname) %(objectname) %(*objectname) [12ms]
[2022-07-06T03:55:57.587Z] > git remote --verbose [3ms]
[2022-07-06T03:55:57.603Z] > git config --get commit.template [3ms]
[2022-07-06T03:56:02.622Z] > git status -z -uall [8ms]
[2022-07-06T03:56:02.635Z] > git symbolic-ref --short HEAD [3ms]
[2022-07-06T03:56:02.651Z] > git for-each-ref --format=%(refname)%00%(upstream:short)%00%(objectname)%00%(upstream:track)%00%(upstream:remotename)%00%(upstream:remoteref) refs/heads/main refs/remotes/main [5ms]
[2022-07-06T03:56:02.674Z] > git for-each-ref --sort -committerdate --format %(refname) %(objectname) %(*objectname) [13ms]
[2022-07-06T03:56:02.675Z] > git remote --verbose [3ms]
[2022-07-06T03:56:02.690Z] > git config --get commit.template [2ms]
[2022-07-06T03:56:07.717Z] > git status -z -uall [12ms]
[2022-07-06T03:56:07.741Z] > git symbolic-ref --short HEAD [5ms]
[2022-07-06T03:56:07.763Z] > git for-each-ref --format=%(refname)%00%(upstream:short)%00%(objectname)%00%(upstream:track)%00%(upstream:remotename)%00%(upstream:remoteref) refs/heads/main refs/remotes/main [7ms]
[2022-07-06T03:56:07.789Z] > git for-each-ref --sort -committerdate --format %(refname) %(objectname) %(*objectname) [13ms]
[2022-07-06T03:56:07.791Z] > git remote --verbose [4ms]
[2022-07-06T03:56:07.808Z] > git config --get commit.template [4ms]
[2022-07-06T03:56:13.666Z] > git status -z -uall [16ms]
[2022-07-06T03:56:13.685Z] > git symbolic-ref --short HEAD [5ms]
[2022-07-06T03:56:13.704Z] > git for-each-ref --format=%(refname)%00%(upstream:short)%00%(objectname)%00%(upstream:track)%00%(upstream:remotename)%00%(upstream:remoteref) refs/heads/main refs/remotes/main [5ms]
[2022-07-06T03:56:13.732Z] > git for-each-ref --sort -committerdate --format %(refname) %(objectname) %(*objectname) [15ms]
[2022-07-06T03:56:13.734Z] > git remote --verbose [3ms]
[2022-07-06T03:56:13.753Z] > git config --get commit.template [2ms]
[2022-07-06T03:56:19.292Z] > git status -z -uall [14ms]
[2022-07-06T03:56:19.309Z] > git symbolic-ref --short HEAD [4ms]
[2022-07-06T03:56:19.332Z] > git for-each-ref --format=%(refname)%00%(upstream:short)%00%(objectname)%00%(upstream:track)%00%(upstream:remotename)%00%(upstream:remoteref) refs/heads/main refs/remotes/main [8ms]
[2022-07-06T03:56:19.361Z] > git for-each-ref --sort -committerdate --format %(refname) %(objectname) %(*objectname) [16ms]
[2022-07-06T03:56:19.365Z] > git remote --verbose [7ms]
[2022-07-06T03:56:19.381Z] > git config --get commit.template [3ms]
[2022-07-06T03:58:34.497Z] > git status -z -uall [15ms]
[2022-07-06T03:58:34.516Z] > git symbolic-ref --short HEAD [3ms]
[2022-07-06T03:58:34.533Z] > git for-each-ref --format=%(refname)%00%(upstream:short)%00%(objectname)%00%(upstream:track)%00%(upstream:remotename)%00%(upstream:remoteref) refs/heads/main refs/remotes/main [5ms]
[2022-07-06T03:58:34.556Z] > git for-each-ref --sort -committerdate --format %(refname) %(objectname) %(*objectname) [13ms]
[2022-07-06T03:58:34.558Z] > git remote --verbose [4ms]
[2022-07-06T03:58:34.573Z] > git config --get commit.template [2ms]
[2022-07-06T03:58:46.033Z] > git status -z -uall [11ms]
[2022-07-06T03:58:46.052Z] > git symbolic-ref --short HEAD [5ms]
[2022-07-06T03:58:46.072Z] > git for-each-ref --format=%(refname)%00%(upstream:short)%00%(objectname)%00%(upstream:track)%00%(upstream:remotename)%00%(upstream:remoteref) refs/heads/main refs/remotes/main [5ms]
[2022-07-06T03:58:46.098Z] > git for-each-ref --sort -committerdate --format %(refname) %(objectname) %(*objectname) [15ms]
[2022-07-06T03:58:46.100Z] > git remote --verbose [5ms]
[2022-07-06T03:58:46.115Z] > git config --get commit.template [2ms]
[2022-07-06T03:59:12.255Z] > git status -z -uall [8ms]
[2022-07-06T03:59:12.269Z] > git symbolic-ref --short HEAD [3ms]
[2022-07-06T03:59:12.286Z] > git for-each-ref --format=%(refname)%00%(upstream:short)%00%(objectname)%00%(upstream:track)%00%(upstream:remotename)%00%(upstream:remoteref) refs/heads/main refs/remotes/main [6ms]
[2022-07-06T03:59:12.311Z] > git for-each-ref --sort -committerdate --format %(refname) %(objectname) %(*objectname) [13ms]
[2022-07-06T03:59:12.313Z] > git remote --verbose [3ms]
[2022-07-06T03:59:12.330Z] > git config --get commit.template [3ms]
[2022-07-06T03:59:19.092Z] > git status -z -uall [9ms]
[2022-07-06T03:59:19.105Z] > git symbolic-ref --short HEAD [3ms]
[2022-07-06T03:59:19.125Z] > git for-each-ref --format=%(refname)%00%(upstream:short)%00%(objectname)%00%(upstream:track)%00%(upstream:remotename)%00%(upstream:remoteref) refs/heads/main refs/remotes/main [8ms]
[2022-07-06T03:59:19.157Z] > git for-each-ref --sort -committerdate --format %(refname) %(objectname) %(*objectname) [21ms]
[2022-07-06T03:59:19.159Z] > git remote --verbose [4ms]
[2022-07-06T03:59:19.182Z] > git config --get commit.template [5ms]
[2022-07-06T03:59:42.516Z] > git status -z -uall [12ms]
[2022-07-06T03:59:42.537Z] > git symbolic-ref --short HEAD [5ms]
[2022-07-06T03:59:42.558Z] > git for-each-ref --format=%(refname)%00%(upstream:short)%00%(objectname)%00%(upstream:track)%00%(upstream:remotename)%00%(upstream:remoteref) refs/heads/main refs/remotes/main [6ms]
[2022-07-06T03:59:42.590Z] > git for-each-ref --sort -committerdate --format %(refname) %(objectname) %(*objectname) [17ms]
[2022-07-06T03:59:42.592Z] > git remote --verbose [4ms]
[2022-07-06T03:59:42.616Z] > git config --get commit.template [2ms]
[2022-07-06T03:59:47.637Z] > git status -z -uall [9ms]
[2022-07-06T03:59:47.651Z] > git symbolic-ref --short HEAD [4ms]
[2022-07-06T03:59:47.668Z] > git for-each-ref --format=%(refname)%00%(upstream:short)%00%(objectname)%00%(upstream:track)%00%(upstream:remotename)%00%(upstream:remoteref) refs/heads/main refs/remotes/main [7ms]
[2022-07-06T03:59:47.693Z] > git for-each-ref --sort -committerdate --format %(refname) %(objectname) %(*objectname) [15ms]
[2022-07-06T03:59:47.695Z] > git remote --verbose [4ms]
[2022-07-06T03:59:47.710Z] > git config --get commit.template [2ms]
[2022-07-06T03:59:52.744Z] > git status -z -uall [14ms]
[2022-07-06T03:59:52.759Z] > git symbolic-ref --short HEAD [5ms]
[2022-07-06T03:59:52.777Z] > git for-each-ref --format=%(refname)%00%(upstream:short)%00%(objectname)%00%(upstream:track)%00%(upstream:remotename)%00%(upstream:remoteref) refs/heads/main refs/remotes/main [7ms]
[2022-07-06T03:59:52.803Z] > git for-each-ref --sort -committerdate --format %(refname) %(objectname) %(*objectname) [15ms]
[2022-07-06T03:59:52.806Z] > git remote --verbose [6ms]
[2022-07-06T03:59:52.825Z] > git config --get commit.template [3ms]
[2022-07-06T03:59:58.476Z] > git status -z -uall [9ms]
[2022-07-06T03:59:58.490Z] > git symbolic-ref --short HEAD [3ms]
[2022-07-06T03:59:58.505Z] > git for-each-ref --format=%(refname)%00%(upstream:short)%00%(objectname)%00%(upstream:track)%00%(upstream:remotename)%00%(upstream:remoteref) refs/heads/main refs/remotes/main [5ms]
[2022-07-06T03:59:58.529Z] > git for-each-ref --sort -committerdate --format %(refname) %(objectname) %(*objectname) [13ms]
[2022-07-06T03:59:58.532Z] > git remote --verbose [4ms]
[2022-07-06T03:59:58.548Z] > git config --get commit.template [3ms]
[2022-07-06T04:00:11.645Z] > git status -z -uall [8ms]
[2022-07-06T04:00:11.662Z] > git symbolic-ref --short HEAD [4ms]
[2022-07-06T04:00:11.681Z] > git for-each-ref --format=%(refname)%00%(upstream:short)%00%(objectname)%00%(upstream:track)%00%(upstream:remotename)%00%(upstream:remoteref) refs/heads/main refs/remotes/main [6ms]
[2022-07-06T04:00:11.709Z] > git for-each-ref --sort -committerdate --format %(refname) %(objectname) %(*objectname) [14ms]
[2022-07-06T04:00:11.711Z] > git remote --verbose [3ms]
[2022-07-06T04:00:11.728Z] > git config --get commit.template [3ms]
[2022-07-06T04:00:39.302Z] > git status -z -uall [9ms]
[2022-07-06T04:00:39.315Z] > git symbolic-ref --short HEAD [3ms]
[2022-07-06T04:00:39.331Z] > git for-each-ref --format=%(refname)%00%(upstream:short)%00%(objectname)%00%(upstream:track)%00%(upstream:remotename)%00%(upstream:remoteref) refs/heads/main refs/remotes/main [6ms]
[2022-07-06T04:00:39.353Z] > git for-each-ref --sort -committerdate --format %(refname) %(objectname) %(*objectname) [12ms]
[2022-07-06T04:00:39.354Z] > git remote --verbose [2ms]
[2022-07-06T04:00:39.372Z] > git config --get commit.template [3ms]
[2022-07-06T04:02:51.179Z] > git status -z -uall [66ms]
[2022-07-06T04:02:51.217Z] > git symbolic-ref --short HEAD [9ms]
[2022-07-06T04:02:51.249Z] > git for-each-ref --format=%(refname)%00%(upstream:short)%00%(objectname)%00%(upstream:track)%00%(upstream:remotename)%00%(upstream:remoteref) refs/heads/main refs/remotes/main [7ms]
[2022-07-06T04:02:51.300Z] > git for-each-ref --sort -committerdate --format %(refname) %(objectname) %(*objectname) [31ms]
[2022-07-06T04:02:51.310Z] > git remote --verbose [13ms]
[2022-07-06T04:02:51.360Z] > git config --get commit.template [12ms]
[2022-07-06T04:03:36.483Z] > git status -z -uall [12ms]
[2022-07-06T04:03:36.503Z] > git symbolic-ref --short HEAD [5ms]
[2022-07-06T04:03:36.527Z] > git for-each-ref --format=%(refname)%00%(upstream:short)%00%(objectname)%00%(upstream:track)%00%(upstream:remotename)%00%(upstream:remoteref) refs/heads/main refs/remotes/main [9ms]
[2022-07-06T04:03:36.555Z] > git for-each-ref --sort -committerdate --format %(refname) %(objectname) %(*objectname) [14ms]
[2022-07-06T04:03:36.557Z] > git remote --verbose [3ms]
[2022-07-06T04:03:36.573Z] > git config --get commit.template [3ms]
[2022-07-06T04:03:45.086Z] > git status -z -uall [12ms]
[2022-07-06T04:03:45.107Z] > git symbolic-ref --short HEAD [6ms]
[2022-07-06T04:03:45.128Z] > git for-each-ref --format=%(refname)%00%(upstream:short)%00%(objectname)%00%(upstream:track)%00%(upstream:remotename)%00%(upstream:remoteref) refs/heads/main refs/remotes/main [6ms]
[2022-07-06T04:03:45.167Z] > git for-each-ref --sort -committerdate --format %(refname) %(objectname) %(*objectname) [25ms]
[2022-07-06T04:03:45.170Z] > git remote --verbose [8ms]
[2022-07-06T04:03:45.189Z] > git config --get commit.template [3ms]
[2022-07-06T04:04:24.920Z] > git status -z -uall [21ms]
[2022-07-06T04:04:24.941Z] > git symbolic-ref --short HEAD [5ms]
[2022-07-06T04:04:24.961Z] > git for-each-ref --format=%(refname)%00%(upstream:short)%00%(objectname)%00%(upstream:track)%00%(upstream:remotename)%00%(upstream:remoteref) refs/heads/main refs/remotes/main [5ms]
[2022-07-06T04:04:24.994Z] > git for-each-ref --sort -committerdate --format %(refname) %(objectname) %(*objectname) [18ms]
[2022-07-06T04:04:24.998Z] > git remote --verbose [6ms]
[2022-07-06T04:04:25.015Z] > git config --get commit.template [3ms]
[2022-07-06T04:04:45.182Z] > git status -z -uall [11ms]
[2022-07-06T04:04:45.202Z] > git symbolic-ref --short HEAD [4ms]
[2022-07-06T04:04:45.222Z] > git for-each-ref --format=%(refname)%00%(upstream:short)%00%(objectname)%00%(upstream:track)%00%(upstream:remotename)%00%(upstream:remoteref) refs/heads/main refs/remotes/main [6ms]
[2022-07-06T04:04:45.253Z] > git for-each-ref --sort -committerdate --format %(refname) %(objectname) %(*objectname) [17ms]
[2022-07-06T04:04:45.254Z] > git remote --verbose [3ms]
[2022-07-06T04:04:45.276Z] > git config --get commit.template [6ms]
[2022-07-06T04:11:10.973Z] > git status -z -uall [8ms]
[2022-07-06T04:11:10.986Z] > git symbolic-ref --short HEAD [3ms]
[2022-07-06T04:11:11.001Z] > git for-each-ref --format=%(refname)%00%(upstream:short)%00%(objectname)%00%(upstream:track)%00%(upstream:remotename)%00%(upstream:remoteref) refs/heads/main refs/remotes/main [6ms]
[2022-07-06T04:11:11.022Z] > git for-each-ref --sort -committerdate --format %(refname) %(objectname) %(*objectname) [11ms]
[2022-07-06T04:11:11.024Z] > git remote --verbose [3ms]
[2022-07-06T04:11:11.038Z] > git config --get commit.template [2ms]
[2022-07-06T04:14:46.425Z] > git status -z -uall [13ms]
[2022-07-06T04:14:46.443Z] > git symbolic-ref --short HEAD [5ms]
[2022-07-06T04:14:46.461Z] > git for-each-ref --format=%(refname)%00%(upstream:short)%00%(objectname)%00%(upstream:track)%00%(upstream:remotename)%00%(upstream:remoteref) refs/heads/main refs/remotes/main [6ms]
[2022-07-06T04:14:46.489Z] > git for-each-ref --sort -committerdate --format %(refname) %(objectname) %(*objectname) [13ms]
[2022-07-06T04:14:46.491Z] > git remote --verbose [3ms]
[2022-07-06T04:14:46.509Z] > git config --get commit.template [4ms]
[2022-07-06T04:15:01.170Z] > git status -z -uall [9ms]
[2022-07-06T04:15:01.183Z] > git symbolic-ref --short HEAD [4ms]
[2022-07-06T04:15:01.197Z] > git for-each-ref --format=%(refname)%00%(upstream:short)%00%(objectname)%00%(upstream:track)%00%(upstream:remotename)%00%(upstream:remoteref) refs/heads/main refs/remotes/main [4ms]
[2022-07-06T04:15:01.221Z] > git for-each-ref --sort -committerdate --format %(refname) %(objectname) %(*objectname) [14ms]
[2022-07-06T04:15:01.224Z] > git remote --verbose [4ms]
[2022-07-06T04:15:01.239Z] > git config --get commit.template [3ms]
[2022-07-06T04:15:11.324Z] > git status -z -uall [29ms]
[2022-07-06T04:15:11.359Z] > git symbolic-ref --short HEAD [8ms]
[2022-07-06T04:15:11.406Z] > git for-each-ref --format=%(refname)%00%(upstream:short)%00%(objectname)%00%(upstream:track)%00%(upstream:remotename)%00%(upstream:remoteref) refs/heads/main refs/remotes/main [14ms]
[2022-07-06T04:15:11.458Z] > git for-each-ref --sort -committerdate --format %(refname) %(objectname) %(*objectname) [29ms]
[2022-07-06T04:15:11.462Z] > git remote --verbose [6ms]
[2022-07-06T04:15:11.505Z] > git config --get commit.template [7ms]
[2022-07-06T04:18:26.916Z] > git status -z -uall [8ms]
[2022-07-06T04:18:26.935Z] > git symbolic-ref --short HEAD [4ms]
[2022-07-06T04:18:26.951Z] > git for-each-ref --format=%(refname)%00%(upstream:short)%00%(objectname)%00%(upstream:track)%00%(upstream:remotename)%00%(upstream:remoteref) refs/heads/main refs/remotes/main [5ms]
[2022-07-06T04:18:26.981Z] > git for-each-ref --sort -committerdate --format %(refname) %(objectname) %(*objectname) [16ms]
[2022-07-06T04:18:26.983Z] > git remote --verbose [4ms]
[2022-07-06T04:18:27.000Z] > git config --get commit.template [2ms]
[2022-07-06T04:18:48.777Z] > git show --textconv :index.html [28ms]
[2022-07-06T04:18:48.788Z] > git ls-files --stage -- /run/media/upalb/Miscellaneous/Code/Programming-Hero/Assigmnent 1/index.html [12ms]
[2022-07-06T04:18:48.818Z] > git cat-file -s 0af717c627ed7a02d1cab853fda232470515e2aa [10ms]
[2022-07-06T04:19:07.279Z] > git status -z -uall [11ms]
[2022-07-06T04:19:07.293Z] > git symbolic-ref --short HEAD [3ms]
[2022-07-06T04:19:07.310Z] > git for-each-ref --format=%(refname)%00%(upstream:short)%00%(objectname)%00%(upstream:track)%00%(upstream:remotename)%00%(upstream:remoteref) refs/heads/main refs/remotes/main [6ms]
[2022-07-06T04:19:07.336Z] > git for-each-ref --sort -committerdate --format %(refname) %(objectname) %(*objectname) [16ms]
[2022-07-06T04:19:07.339Z] > git remote --verbose [5ms]
[2022-07-06T04:19:07.355Z] > git config --get commit.template [3ms]
[2022-07-06T04:19:08.553Z] > git show --textconv :style.css [14ms]
[2022-07-06T04:19:08.555Z] > git ls-files --stage -- /run/media/upalb/Miscellaneous/Code/Programming-Hero/Assigmnent 1/style.css [4ms]
[2022-07-06T04:19:08.570Z] > git cat-file -s 8e61f36977532d72ccac8ed186d1fa9e46b3aa62 [4ms]
[2022-07-06T04:23:30.524Z] > git status -z -uall [42ms]
[2022-07-06T04:23:30.539Z] > git symbolic-ref --short HEAD [3ms]
[2022-07-06T04:23:30.556Z] > git for-each-ref --format=%(refname)%00%(upstream:short)%00%(objectname)%00%(upstream:track)%00%(upstream:remotename)%00%(upstream:remoteref) refs/heads/main refs/remotes/main [5ms]
[2022-07-06T04:23:30.578Z] > git for-each-ref --sort -committerdate --format %(refname) %(objectname) %(*objectname) [11ms]
[2022-07-06T04:23:30.580Z] > git remote --verbose [3ms]
[2022-07-06T04:23:30.595Z] > git config --get commit.template [3ms]
[2022-07-06T04:25:57.159Z] > git status -z -uall [19ms]
[2022-07-06T04:25:57.190Z] > git symbolic-ref --short HEAD [6ms]
[2022-07-06T04:25:57.220Z] > git for-each-ref --format=%(refname)%00%(upstream:short)%00%(objectname)%00%(upstream:track)%00%(upstream:remotename)%00%(upstream:remoteref) refs/heads/main refs/remotes/main [13ms]
[2022-07-06T04:25:57.251Z] > git for-each-ref --sort -committerdate --format %(refname) %(objectname) %(*objectname) [18ms]
[2022-07-06T04:25:57.253Z] > git remote --verbose [6ms]
[2022-07-06T04:25:57.270Z] > git config --get commit.template [3ms]
[2022-07-06T04:25:59.581Z] > git show --textconv :index.html [20ms]
[2022-07-06T04:25:59.587Z] > git ls-files --stage -- /run/media/upalb/Miscellaneous/Code/Programming-Hero/Assigmnent 1/index.html [7ms]
[2022-07-06T04:25:59.611Z] > git cat-file -s 0af717c627ed7a02d1cab853fda232470515e2aa [3ms]
[2022-07-06T04:27:05.277Z] > git show --textconv :style.css [13ms]
[2022-07-06T04:27:05.279Z] > git ls-files --stage -- /run/media/upalb/Miscellaneous/Code/Programming-Hero/Assigmnent 1/style.css [3ms]
[2022-07-06T04:27:05.295Z] > git cat-file -s 8e61f36977532d72ccac8ed186d1fa9e46b3aa62 [4ms]
[2022-07-06T04:27:12.403Z] > git show --textconv :index.html [14ms]
[2022-07-06T04:27:12.406Z] > git ls-files --stage -- /run/media/upalb/Miscellaneous/Code/Programming-Hero/Assigmnent 1/index.html [5ms]
[2022-07-06T04:27:12.422Z] > git cat-file -s 0af717c627ed7a02d1cab853fda232470515e2aa [5ms]
[2022-07-06T04:27:44.956Z] > git status -z -uall [17ms]
[2022-07-06T04:27:44.976Z] > git symbolic-ref --short HEAD [3ms]
[2022-07-06T04:27:45.000Z] > git for-each-ref --format=%(refname)%00%(upstream:short)%00%(objectname)%00%(upstream:track)%00%(upstream:remotename)%00%(upstream:remoteref) refs/heads/main refs/remotes/main [8ms]
[2022-07-06T04:27:45.032Z] > git for-each-ref --sort -committerdate --format %(refname) %(objectname) %(*objectname) [18ms]
[2022-07-06T04:27:45.035Z] > git remote --verbose [6ms]
[2022-07-06T04:27:45.050Z] > git config --get commit.template [3ms]
[2022-07-06T04:27:49.816Z] > git show --textconv :style.css [19ms]
[2022-07-06T04:27:49.817Z] > git ls-files --stage -- /run/media/upalb/Miscellaneous/Code/Programming-Hero/Assigmnent 1/style.css [2ms]
[2022-07-06T04:27:49.839Z] > git cat-file -s 8e61f36977532d72ccac8ed186d1fa9e46b3aa62 [3ms]
[2022-07-06T04:29:25.071Z] > git status -z -uall [10ms]
[2022-07-06T04:29:25.086Z] > git symbolic-ref --short HEAD [4ms]
[2022-07-06T04:29:25.101Z] > git for-each-ref --format=%(refname)%00%(upstream:short)%00%(objectname)%00%(upstream:track)%00%(upstream:remotename)%00%(upstream:remoteref) refs/heads/main refs/remotes/main [5ms]
[2022-07-06T04:29:25.125Z] > git for-each-ref --sort -committerdate --format %(refname) %(objectname) %(*objectname) [13ms]
[2022-07-06T04:29:25.128Z] > git remote --verbose [5ms]
[2022-07-06T04:29:25.144Z] > git config --get commit.template [3ms]
[2022-07-06T04:29:30.274Z] > git show --textconv :index.html [16ms]
[2022-07-06T04:29:30.278Z] > git ls-files --stage -- /run/media/upalb/Miscellaneous/Code/Programming-Hero/Assigmnent 1/index.html [5ms]
[2022-07-06T04:29:30.291Z] > git cat-file -s 0af717c627ed7a02d1cab853fda232470515e2aa [3ms]
[2022-07-06T04:29:33.817Z] > git show --textconv :style.css [17ms]
[2022-07-06T04:29:33.819Z] > git ls-files --stage -- /run/media/upalb/Miscellaneous/Code/Programming-Hero/Assigmnent 1/style.css [5ms]
[2022-07-06T04:29:33.834Z] > git cat-file -s 8e61f36977532d72ccac8ed186d1fa9e46b3aa62 [4ms]
[2022-07-06T04:29:40.292Z] > git status -z -uall [12ms]
[2022-07-06T04:29:40.311Z] > git symbolic-ref --short HEAD [5ms]
[2022-07-06T04:29:40.329Z] > git for-each-ref --format=%(refname)%00%(upstream:short)%00%(objectname)%00%(upstream:track)%00%(upstream:remotename)%00%(upstream:remoteref) refs/heads/main refs/remotes/main [5ms]
[2022-07-06T04:29:40.359Z] > git for-each-ref --sort -committerdate --format %(refname) %(objectname) %(*objectname) [16ms]
[2022-07-06T04:29:40.360Z] > git remote --verbose [2ms]
[2022-07-06T04:29:40.381Z] > git config --get commit.template [4ms]
[2022-07-06T04:29:47.914Z] > git status -z -uall [20ms]
[2022-07-06T04:29:47.945Z] > git symbolic-ref --short HEAD [4ms]
[2022-07-06T04:29:47.973Z] > git for-each-ref --format=%(refname)%00%(upstream:short)%00%(objectname)%00%(upstream:track)%00%(upstream:remotename)%00%(upstream:remoteref) refs/heads/main refs/remotes/main [11ms]
[2022-07-06T04:29:48.001Z] > git for-each-ref --sort -committerdate --format %(refname) %(objectname) %(*objectname) [14ms]
[2022-07-06T04:29:48.002Z] > git remote --verbose [3ms]
[2022-07-06T04:29:48.018Z] > git config --get commit.template [3ms]
[2022-07-06T04:30:02.672Z] > git status -z -uall [15ms]
[2022-07-06T04:30:02.696Z] > git symbolic-ref --short HEAD [4ms]
[2022-07-06T04:30:02.718Z] > git for-each-ref --format=%(refname)%00%(upstream:short)%00%(objectname)%00%(upstream:track)%00%(upstream:remotename)%00%(upstream:remoteref) refs/heads/main refs/remotes/main [7ms]
[2022-07-06T04:30:02.750Z] > git for-each-ref --sort -committerdate --format %(refname) %(objectname) %(*objectname) [17ms]
[2022-07-06T04:30:02.752Z] > git remote --verbose [4ms]
[2022-07-06T04:30:02.773Z] > git config --get commit.template [3ms]
[2022-07-06T04:30:28.978Z] > git status -z -uall [13ms]
[2022-07-06T04:30:28.998Z] > git symbolic-ref --short HEAD [7ms]
[2022-07-06T04:30:29.020Z] > git for-each-ref --format=%(refname)%00%(upstream:short)%00%(objectname)%00%(upstream:track)%00%(upstream:remotename)%00%(upstream:remoteref) refs/heads/main refs/remotes/main [7ms]
[2022-07-06T04:30:29.045Z] > git for-each-ref --sort -committerdate --format %(refname) %(objectname) %(*objectname) [14ms]
[2022-07-06T04:30:29.047Z] > git remote --verbose [3ms]
[2022-07-06T04:30:29.066Z] > git config --get commit.template [4ms]
[2022-07-06T04:30:41.943Z] > git status -z -uall [9ms]
[2022-07-06T04:30:41.959Z] > git symbolic-ref --short HEAD [5ms]
[2022-07-06T04:30:41.979Z] > git for-each-ref --format=%(refname)%00%(upstream:short)%00%(objectname)%00%(upstream:track)%00%(upstream:remotename)%00%(upstream:remoteref) refs/heads/main refs/remotes/main [8ms]
[2022-07-06T04:30:42.001Z] > git for-each-ref --sort -committerdate --format %(refname) %(objectname) %(*objectname) [12ms]
[2022-07-06T04:30:42.003Z] > git remote --verbose [3ms]
[2022-07-06T04:30:42.020Z] > git config --get commit.template [3ms]
[2022-07-06T04:30:48.507Z] > git status -z -uall [10ms]
[2022-07-06T04:30:48.523Z] > git symbolic-ref --short HEAD [4ms]
[2022-07-06T04:30:48.542Z] > git for-each-ref --format=%(refname)%00%(upstream:short)%00%(objectname)%00%(upstream:track)%00%(upstream:remotename)%00%(upstream:remoteref) refs/heads/main refs/remotes/main [7ms]
[2022-07-06T04:30:48.568Z] > git for-each-ref --sort -committerdate --format %(refname) %(objectname) %(*objectname) [15ms]
[2022-07-06T04:30:48.570Z] > git remote --verbose [4ms]
[2022-07-06T04:30:48.585Z] > git config --get commit.template [3ms]
[2022-07-06T04:32:11.625Z] > git status -z -uall [8ms]
[2022-07-06T04:32:11.640Z] > git symbolic-ref --short HEAD [4ms]
[2022-07-06T04:32:11.656Z] > git for-each-ref --format=%(refname)%00%(upstream:short)%00%(objectname)%00%(upstream:track)%00%(upstream:remotename)%00%(upstream:remoteref) refs/heads/main refs/remotes/main [6ms]
[2022-07-06T04:32:11.678Z] > git for-each-ref --sort -committerdate --format %(refname) %(objectname) %(*objectname) [11ms]
[2022-07-06T04:32:11.680Z] > git remote --verbose [3ms]
[2022-07-06T04:32:11.698Z] > git config --get commit.template [4ms]
[2022-07-06T04:32:44.551Z] > git status -z -uall [10ms]
[2022-07-06T04:32:44.571Z] > git symbolic-ref --short HEAD [6ms]
[2022-07-06T04:32:44.591Z] > git for-each-ref --format=%(refname)%00%(upstream:short)%00%(objectname)%00%(upstream:track)%00%(upstream:remotename)%00%(upstream:remoteref) refs/heads/main refs/remotes/main [5ms]
[2022-07-06T04:32:44.620Z] > git for-each-ref --sort -committerdate --format %(refname) %(objectname) %(*objectname) [16ms]
[2022-07-06T04:32:44.622Z] > git remote --verbose [3ms]
[2022-07-06T04:32:44.641Z] > git config --get commit.template [3ms]
[2022-07-06T04:33:15.381Z] > git status -z -uall [24ms]
[2022-07-06T04:33:15.403Z] > git symbolic-ref --short HEAD [6ms]
[2022-07-06T04:33:15.429Z] > git for-each-ref --format=%(refname)%00%(upstream:short)%00%(objectname)%00%(upstream:track)%00%(upstream:remotename)%00%(upstream:remoteref) refs/heads/main refs/remotes/main [9ms]
[2022-07-06T04:33:15.455Z] > git for-each-ref --sort -committerdate --format %(refname) %(objectname) %(*objectname) [15ms]
[2022-07-06T04:33:15.460Z] > git remote --verbose [6ms]
[2022-07-06T04:33:15.480Z] > git config --get commit.template [4ms]
[2022-07-06T04:33:46.004Z] > git status -z -uall [9ms]
[2022-07-06T04:33:46.024Z] > git symbolic-ref --short HEAD [5ms]
[2022-07-06T04:33:46.042Z] > git for-each-ref --format=%(refname)%00%(upstream:short)%00%(objectname)%00%(upstream:track)%00%(upstream:remotename)%00%(upstream:remoteref) refs/heads/main refs/remotes/main [6ms]
[2022-07-06T04:33:46.067Z] > git for-each-ref --sort -committerdate --format %(refname) %(objectname) %(*objectname) [14ms]
[2022-07-06T04:33:46.070Z] > git remote --verbose [4ms]
[2022-07-06T04:33:46.086Z] > git config --get commit.template [3ms]
[2022-07-06T04:34:03.274Z] > git status -z -uall [8ms]
[2022-07-06T04:34:03.299Z] > git symbolic-ref --short HEAD [7ms]
[2022-07-06T04:34:03.318Z] > git for-each-ref --format=%(refname)%00%(upstream:short)%00%(objectname)%00%(upstream:track)%00%(upstream:remotename)%00%(upstream:remoteref) refs/heads/main refs/remotes/main [8ms]
[2022-07-06T04:34:03.345Z] > git for-each-ref --sort -committerdate --format %(refname) %(objectname) %(*objectname) [15ms]
[2022-07-06T04:34:03.350Z] > git remote --verbose [7ms]
[2022-07-06T04:34:03.370Z] > git config --get commit.template [3ms]
[2022-07-06T04:34:09.171Z] > git status -z -uall [16ms]
[2022-07-06T04:34:09.190Z] > git symbolic-ref --short HEAD [4ms]
[2022-07-06T04:34:09.209Z] > git for-each-ref --format=%(refname)%00%(upstream:short)%00%(objectname)%00%(upstream:track)%00%(upstream:remotename)%00%(upstream:remoteref) refs/heads/main refs/remotes/main [6ms]
[2022-07-06T04:34:09.236Z] > git for-each-ref --sort -committerdate --format %(refname) %(objectname) %(*objectname) [14ms]
[2022-07-06T04:34:09.238Z] > git remote --verbose [4ms]
[2022-07-06T04:34:09.257Z] > git config --get commit.template [4ms]
[2022-07-06T04:34:31.312Z] > git status -z -uall [12ms]
[2022-07-06T04:34:31.334Z] > git symbolic-ref --short HEAD [8ms]
[2022-07-06T04:34:31.354Z] > git for-each-ref --format=%(refname)%00%(upstream:short)%00%(objectname)%00%(upstream:track)%00%(upstream:remotename)%00%(upstream:remoteref) refs/heads/main refs/remotes/main [5ms]
[2022-07-06T04:34:31.384Z] > git for-each-ref --sort -committerdate --format %(refname) %(objectname) %(*objectname) [16ms]
[2022-07-06T04:34:31.386Z] > git remote --verbose [3ms]
[2022-07-06T04:34:31.404Z] > git config --get commit.template [2ms]
[2022-07-06T04:34:36.424Z] > git status -z -uall [8ms]
[2022-07-06T04:34:36.438Z] > git symbolic-ref --short HEAD [4ms]
[2022-07-06T04:34:36.453Z] > git for-each-ref --format=%(refname)%00%(upstream:short)%00%(objectname)%00%(upstream:track)%00%(upstream:remotename)%00%(upstream:remoteref) refs/heads/main refs/remotes/main [5ms]
[2022-07-06T04:34:36.475Z] > git for-each-ref --sort -committerdate --format %(refname) %(objectname) %(*objectname) [12ms]
[2022-07-06T04:34:36.477Z] > git remote --verbose [3ms]
[2022-07-06T04:34:36.493Z] > git config --get commit.template [2ms]
[2022-07-06T04:34:47.678Z] > git status -z -uall [14ms]
[2022-07-06T04:34:47.700Z] > git symbolic-ref --short HEAD [5ms]
[2022-07-06T04:34:47.719Z] > git for-each-ref --format=%(refname)%00%(upstream:short)%00%(objectname)%00%(upstream:track)%00%(upstream:remotename)%00%(upstream:remoteref) refs/heads/main refs/remotes/main [7ms]
[2022-07-06T04:34:47.747Z] > git for-each-ref --sort -committerdate --format %(refname) %(objectname) %(*objectname) [17ms]
[2022-07-06T04:34:47.751Z] > git remote --verbose [5ms]
[2022-07-06T04:34:47.769Z] > git config --get commit.template [3ms]
[2022-07-06T04:34:52.806Z] > git status -z -uall [16ms]
[2022-07-06T04:34:52.822Z] > git symbolic-ref --short HEAD [5ms]
[2022-07-06T04:34:52.838Z] > git for-each-ref --format=%(refname)%00%(upstream:short)%00%(objectname)%00%(upstream:track)%00%(upstream:remotename)%00%(upstream:remoteref) refs/heads/main refs/remotes/main [5ms]
[2022-07-06T04:34:52.863Z] > git for-each-ref --sort -committerdate --format %(refname) %(objectname) %(*objectname) [14ms]
[2022-07-06T04:34:52.866Z] > git remote --verbose [5ms]
[2022-07-06T04:34:52.884Z] > git config --get commit.template [3ms]
[2022-07-06T04:35:03.368Z] > git status -z -uall [15ms]
[2022-07-06T04:35:03.386Z] > git symbolic-ref --short HEAD [5ms]
[2022-07-06T04:35:03.409Z] > git for-each-ref --format=%(refname)%00%(upstream:short)%00%(objectname)%00%(upstream:track)%00%(upstream:remotename)%00%(upstream:remoteref) refs/heads/main refs/remotes/main [8ms]
[2022-07-06T04:35:03.436Z] > git for-each-ref --sort -committerdate --format %(refname) %(objectname) %(*objectname) [14ms]
[2022-07-06T04:35:03.438Z] > git remote --verbose [3ms]
[2022-07-06T04:35:03.454Z] > git config --get commit.template [2ms]
[2022-07-06T04:35:08.481Z] > git status -z -uall [12ms]
[2022-07-06T04:35:08.501Z] > git symbolic-ref --short HEAD [5ms]
[2022-07-06T04:35:08.523Z] > git for-each-ref --format=%(refname)%00%(upstream:short)%00%(objectname)%00%(upstream:track)%00%(upstream:remotename)%00%(upstream:remoteref) refs/heads/main refs/remotes/main [7ms]
[2022-07-06T04:35:08.551Z] > git for-each-ref --sort -committerdate --format %(refname) %(objectname) %(*objectname) [13ms]
[2022-07-06T04:35:08.554Z] > git remote --verbose [4ms]
[2022-07-06T04:35:08.571Z] > git config --get commit.template [2ms]
[2022-07-06T04:58:58.990Z] > git status -z -uall [35ms]
[2022-07-06T04:58:59.040Z] > git symbolic-ref --short HEAD [7ms]
[2022-07-06T04:58:59.093Z] > git for-each-ref --format=%(refname)%00%(upstream:short)%00%(objectname)%00%(upstream:track)%00%(upstream:remotename)%00%(upstream:remoteref) refs/heads/main refs/remotes/main [29ms]
[2022-07-06T04:58:59.213Z] > git remote --verbose [43ms]
[2022-07-06T04:58:59.213Z] > git for-each-ref --sort -committerdate --format %(refname) %(objectname) %(*objectname) [75ms]
[2022-07-06T04:58:59.251Z] > git ls-files --stage -- /run/media/upalb/Miscellaneous/Code/Programming-Hero/Assigmnent 1/style.css [53ms]
[2022-07-06T04:58:59.264Z] > git config --get commit.template [16ms]
[2022-07-06T04:58:59.280Z] > git cat-file -s 4cece37ea50f6b8c1e3b378007bf243b7efae7c9 [17ms]
[2022-07-06T04:58:59.313Z] > git show --textconv :style.css [9ms]
[2022-07-06T04:59:12.707Z] > git show --textconv :index.html [12ms]
[2022-07-06T04:59:12.709Z] > git ls-files --stage -- /run/media/upalb/Miscellaneous/Code/Programming-Hero/Assigmnent 1/index.html [3ms]
[2022-07-06T04:59:12.724Z] > git cat-file -s 5fcc7ce5b99fb0321ba5e70bc1a5eb92866a9387 [4ms]
[2022-07-06T04:59:13.317Z] > git status -z -uall [16ms]
[2022-07-06T04:59:13.340Z] > git symbolic-ref --short HEAD [6ms]
[2022-07-06T04:59:13.369Z] > git for-each-ref --format=%(refname)%00%(upstream:short)%00%(objectname)%00%(upstream:track)%00%(upstream:remotename)%00%(upstream:remoteref) refs/heads/main refs/remotes/main [10ms]
[2022-07-06T04:59:13.414Z] > git for-each-ref --sort -committerdate --format %(refname) %(objectname) %(*objectname) [27ms]
[2022-07-06T04:59:13.417Z] > git remote --verbose [5ms]
[2022-07-06T04:59:13.444Z] > git config --get commit.template [4ms]
[2022-07-06T05:06:27.539Z] > git show --textconv :style.css [44ms]
[2022-07-06T05:06:27.539Z] > git ls-files --stage -- /run/media/upalb/Miscellaneous/Code/Programming-Hero/Assigmnent 1/style.css [24ms]
[2022-07-06T05:06:27.555Z] > git status -z -uall [17ms]
[2022-07-06T05:06:27.571Z] > git cat-file -s 4cece37ea50f6b8c1e3b378007bf243b7efae7c9 [18ms]
[2022-07-06T05:06:27.575Z] > git symbolic-ref --short HEAD [6ms]
[2022-07-06T05:06:27.607Z] > git for-each-ref --format=%(refname)%00%(upstream:short)%00%(objectname)%00%(upstream:track)%00%(upstream:remotename)%00%(upstream:remoteref) refs/heads/main refs/remotes/main [13ms]
[2022-07-06T05:06:27.739Z] > git for-each-ref --sort -committerdate --format %(refname) %(objectname) %(*objectname) [17ms]
[2022-07-06T05:06:27.740Z] > git remote --verbose [6ms]
[2022-07-06T05:06:27.758Z] > git config --get commit.template [3ms]
