["INFO" - 8:44:49 AM] Extension Name: esbenp.prettier-vscode.
["INFO" - 8:44:49 AM] Extension Version: 9.5.0.
["INFO" - 8:53:16 AM] Formatting file:///run/media/upalb/Miscellaneous/Code/Programming-Hero/Assigmnent%201/index.html
["INFO" - 8:53:16 AM] Using ignore file (if present) at /run/media/upalb/Miscellaneous/Code/Programming-Hero/Assigmnent 1/.prettierignore
["INFO" - 8:53:16 AM] File Info:
{
  "ignored": false,
  "inferredParser": "html"
}
["INFO" - 8:53:16 AM] No local configuration (i.e. .prettierrc or .editorconfig) detected, falling back to VS Code configuration
["INFO" - 8:53:16 AM] Prettier Options:
{
  "arrowParens": "always",
  "bracketSpacing": true,
  "endOfLine": "lf",
  "htmlWhitespaceSensitivity": "css",
  "insertPragma": false,
  "jsxBracketSameLine": false,
  "jsxSingleQuote": false,
  "printWidth": 80,
  "proseWrap": "preserve",
  "quoteProps": "as-needed",
  "requirePragma": false,
  "semi": true,
  "singleQuote": false,
  "tabWidth": 2,
  "trailingComma": "es5",
  "useTabs": false,
  "vueIndentScriptAndStyle": false,
  "filepath": "/run/media/upalb/Miscellaneous/Code/Programming-Hero/Assigmnent 1/index.html",
  "parser": "html"
}
["INFO" - 8:53:16 AM] Formatting completed in 0.181ms.
["INFO" - 8:53:29 AM] Formatting file:///run/media/upalb/Miscellaneous/Code/Programming-Hero/Assigmnent%201/index.html
["INFO" - 8:53:29 AM] Using ignore file (if present) at /run/media/upalb/Miscellaneous/Code/Programming-Hero/Assigmnent 1/.prettierignore
["INFO" - 8:53:29 AM] File Info:
{
  "ignored": false,
  "inferredParser": "html"
}
["INFO" - 8:53:29 AM] No local configuration (i.e. .prettierrc or .editorconfig) detected, falling back to VS Code configuration
["INFO" - 8:53:29 AM] Prettier Options:
{
  "arrowParens": "always",
  "bracketSpacing": true,
  "endOfLine": "lf",
  "htmlWhitespaceSensitivity": "css",
  "insertPragma": false,
  "jsxBracketSameLine": false,
  "jsxSingleQuote": false,
  "printWidth": 80,
  "proseWrap": "preserve",
  "quoteProps": "as-needed",
  "requirePragma": false,
  "semi": true,
  "singleQuote": false,
  "tabWidth": 2,
  "trailingComma": "es5",
  "useTabs": false,
  "vueIndentScriptAndStyle": false,
  "filepath": "/run/media/upalb/Miscellaneous/Code/Programming-Hero/Assigmnent 1/index.html",
  "parser": "html"
}
["INFO" - 8:53:29 AM] Formatting completed in 0.093ms.
["INFO" - 8:53:32 AM] Formatting file:///run/media/upalb/Miscellaneous/Code/Programming-Hero/Assigmnent%201/index.html
["INFO" - 8:53:32 AM] Using ignore file (if present) at /run/media/upalb/Miscellaneous/Code/Programming-Hero/Assigmnent 1/.prettierignore
["INFO" - 8:53:32 AM] File Info:
{
  "ignored": false,
  "inferredParser": "html"
}
["INFO" - 8:53:32 AM] No local configuration (i.e. .prettierrc or .editorconfig) detected, falling back to VS Code configuration
["INFO" - 8:53:32 AM] Prettier Options:
{
  "arrowParens": "always",
  "bracketSpacing": true,
  "endOfLine": "lf",
  "htmlWhitespaceSensitivity": "css",
  "insertPragma": false,
  "jsxBracketSameLine": false,
  "jsxSingleQuote": false,
  "printWidth": 80,
  "proseWrap": "preserve",
  "quoteProps": "as-needed",
  "requirePragma": false,
  "semi": true,
  "singleQuote": false,
  "tabWidth": 2,
  "trailingComma": "es5",
  "useTabs": false,
  "vueIndentScriptAndStyle": false,
  "filepath": "/run/media/upalb/Miscellaneous/Code/Programming-Hero/Assigmnent 1/index.html",
  "parser": "html"
}
["INFO" - 8:53:32 AM] Formatting completed in 0.065ms.
["INFO" - 8:53:35 AM] Formatting file:///run/media/upalb/Miscellaneous/Code/Programming-Hero/Assigmnent%201/index.html
["INFO" - 8:53:35 AM] Using ignore file (if present) at /run/media/upalb/Miscellaneous/Code/Programming-Hero/Assigmnent 1/.prettierignore
["INFO" - 8:53:35 AM] File Info:
{
  "ignored": false,
  "inferredParser": "html"
}
["INFO" - 8:53:35 AM] No local configuration (i.e. .prettierrc or .editorconfig) detected, falling back to VS Code configuration
["INFO" - 8:53:35 AM] Prettier Options:
{
  "arrowParens": "always",
  "bracketSpacing": true,
  "endOfLine": "lf",
  "htmlWhitespaceSensitivity": "css",
  "insertPragma": false,
  "jsxBracketSameLine": false,
  "jsxSingleQuote": false,
  "printWidth": 80,
  "proseWrap": "preserve",
  "quoteProps": "as-needed",
  "requirePragma": false,
  "semi": true,
  "singleQuote": false,
  "tabWidth": 2,
  "trailingComma": "es5",
  "useTabs": false,
  "vueIndentScriptAndStyle": false,
  "filepath": "/run/media/upalb/Miscellaneous/Code/Programming-Hero/Assigmnent 1/index.html",
  "parser": "html"
}
["INFO" - 8:53:36 AM] Formatting completed in 0.077ms.
["INFO" - 8:53:38 AM] Formatting file:///run/media/upalb/Miscellaneous/Code/Programming-Hero/Assigmnent%201/index.html
["INFO" - 8:53:39 AM] Using ignore file (if present) at /run/media/upalb/Miscellaneous/Code/Programming-Hero/Assigmnent 1/.prettierignore
["INFO" - 8:53:39 AM] File Info:
{
  "ignored": false,
  "inferredParser": "html"
}
["INFO" - 8:53:39 AM] No local configuration (i.e. .prettierrc or .editorconfig) detected, falling back to VS Code configuration
["INFO" - 8:53:39 AM] Prettier Options:
{
  "arrowParens": "always",
  "bracketSpacing": true,
  "endOfLine": "lf",
  "htmlWhitespaceSensitivity": "css",
  "insertPragma": false,
  "jsxBracketSameLine": false,
  "jsxSingleQuote": false,
  "printWidth": 80,
  "proseWrap": "preserve",
  "quoteProps": "as-needed",
  "requirePragma": false,
  "semi": true,
  "singleQuote": false,
  "tabWidth": 2,
  "trailingComma": "es5",
  "useTabs": false,
  "vueIndentScriptAndStyle": false,
  "filepath": "/run/media/upalb/Miscellaneous/Code/Programming-Hero/Assigmnent 1/index.html",
  "parser": "html"
}
["INFO" - 8:53:39 AM] Formatting completed in 0.054ms.
["INFO" - 8:53:41 AM] Formatting file:///run/media/upalb/Miscellaneous/Code/Programming-Hero/Assigmnent%201/index.html
["INFO" - 8:53:41 AM] Using ignore file (if present) at /run/media/upalb/Miscellaneous/Code/Programming-Hero/Assigmnent 1/.prettierignore
["INFO" - 8:53:41 AM] File Info:
{
  "ignored": false,
  "inferredParser": "html"
}
["INFO" - 8:53:41 AM] No local configuration (i.e. .prettierrc or .editorconfig) detected, falling back to VS Code configuration
["INFO" - 8:53:41 AM] Prettier Options:
{
  "arrowParens": "always",
  "bracketSpacing": true,
  "endOfLine": "lf",
  "htmlWhitespaceSensitivity": "css",
  "insertPragma": false,
  "jsxBracketSameLine": false,
  "jsxSingleQuote": false,
  "printWidth": 80,
  "proseWrap": "preserve",
  "quoteProps": "as-needed",
  "requirePragma": false,
  "semi": true,
  "singleQuote": false,
  "tabWidth": 2,
  "trailingComma": "es5",
  "useTabs": false,
  "vueIndentScriptAndStyle": false,
  "filepath": "/run/media/upalb/Miscellaneous/Code/Programming-Hero/Assigmnent 1/index.html",
  "parser": "html"
}
["INFO" - 8:53:41 AM] Formatting completed in 0.058ms.
["INFO" - 8:53:44 AM] Formatting file:///run/media/upalb/Miscellaneous/Code/Programming-Hero/Assigmnent%201/index.html
["INFO" - 8:53:44 AM] Using ignore file (if present) at /run/media/upalb/Miscellaneous/Code/Programming-Hero/Assigmnent 1/.prettierignore
["INFO" - 8:53:44 AM] File Info:
{
  "ignored": false,
  "inferredParser": "html"
}
["INFO" - 8:53:44 AM] No local configuration (i.e. .prettierrc or .editorconfig) detected, falling back to VS Code configuration
["INFO" - 8:53:44 AM] Prettier Options:
{
  "arrowParens": "always",
  "bracketSpacing": true,
  "endOfLine": "lf",
  "htmlWhitespaceSensitivity": "css",
  "insertPragma": false,
  "jsxBracketSameLine": false,
  "jsxSingleQuote": false,
  "printWidth": 80,
  "proseWrap": "preserve",
  "quoteProps": "as-needed",
  "requirePragma": false,
  "semi": true,
  "singleQuote": false,
  "tabWidth": 2,
  "trailingComma": "es5",
  "useTabs": false,
  "vueIndentScriptAndStyle": false,
  "filepath": "/run/media/upalb/Miscellaneous/Code/Programming-Hero/Assigmnent 1/index.html",
  "parser": "html"
}
["INFO" - 8:53:44 AM] Formatting completed in 0.033ms.
["INFO" - 8:53:47 AM] Formatting file:///run/media/upalb/Miscellaneous/Code/Programming-Hero/Assigmnent%201/index.html
["INFO" - 8:53:48 AM] Using ignore file (if present) at /run/media/upalb/Miscellaneous/Code/Programming-Hero/Assigmnent 1/.prettierignore
["INFO" - 8:53:48 AM] File Info:
{
  "ignored": false,
  "inferredParser": "html"
}
["INFO" - 8:53:48 AM] No local configuration (i.e. .prettierrc or .editorconfig) detected, falling back to VS Code configuration
["INFO" - 8:53:48 AM] Prettier Options:
{
  "arrowParens": "always",
  "bracketSpacing": true,
  "endOfLine": "lf",
  "htmlWhitespaceSensitivity": "css",
  "insertPragma": false,
  "jsxBracketSameLine": false,
  "jsxSingleQuote": false,
  "printWidth": 80,
  "proseWrap": "preserve",
  "quoteProps": "as-needed",
  "requirePragma": false,
  "semi": true,
  "singleQuote": false,
  "tabWidth": 2,
  "trailingComma": "es5",
  "useTabs": false,
  "vueIndentScriptAndStyle": false,
  "filepath": "/run/media/upalb/Miscellaneous/Code/Programming-Hero/Assigmnent 1/index.html",
  "parser": "html"
}
["INFO" - 8:53:48 AM] Formatting completed in 0.041ms.
["INFO" - 8:53:50 AM] Formatting file:///run/media/upalb/Miscellaneous/Code/Programming-Hero/Assigmnent%201/index.html
["INFO" - 8:53:50 AM] Using ignore file (if present) at /run/media/upalb/Miscellaneous/Code/Programming-Hero/Assigmnent 1/.prettierignore
["INFO" - 8:53:50 AM] File Info:
{
  "ignored": false,
  "inferredParser": "html"
}
["INFO" - 8:53:50 AM] No local configuration (i.e. .prettierrc or .editorconfig) detected, falling back to VS Code configuration
["INFO" - 8:53:50 AM] Prettier Options:
{
  "arrowParens": "always",
  "bracketSpacing": true,
  "endOfLine": "lf",
  "htmlWhitespaceSensitivity": "css",
  "insertPragma": false,
  "jsxBracketSameLine": false,
  "jsxSingleQuote": false,
  "printWidth": 80,
  "proseWrap": "preserve",
  "quoteProps": "as-needed",
  "requirePragma": false,
  "semi": true,
  "singleQuote": false,
  "tabWidth": 2,
  "trailingComma": "es5",
  "useTabs": false,
  "vueIndentScriptAndStyle": false,
  "filepath": "/run/media/upalb/Miscellaneous/Code/Programming-Hero/Assigmnent 1/index.html",
  "parser": "html"
}
["INFO" - 8:53:50 AM] Formatting completed in 0.036ms.
["INFO" - 8:53:52 AM] Formatting file:///run/media/upalb/Miscellaneous/Code/Programming-Hero/Assigmnent%201/index.html
["INFO" - 8:53:52 AM] Using ignore file (if present) at /run/media/upalb/Miscellaneous/Code/Programming-Hero/Assigmnent 1/.prettierignore
["INFO" - 8:53:52 AM] File Info:
{
  "ignored": false,
  "inferredParser": "html"
}
["INFO" - 8:53:52 AM] No local configuration (i.e. .prettierrc or .editorconfig) detected, falling back to VS Code configuration
["INFO" - 8:53:52 AM] Prettier Options:
{
  "arrowParens": "always",
  "bracketSpacing": true,
  "endOfLine": "lf",
  "htmlWhitespaceSensitivity": "css",
  "insertPragma": false,
  "jsxBracketSameLine": false,
  "jsxSingleQuote": false,
  "printWidth": 80,
  "proseWrap": "preserve",
  "quoteProps": "as-needed",
  "requirePragma": false,
  "semi": true,
  "singleQuote": false,
  "tabWidth": 2,
  "trailingComma": "es5",
  "useTabs": false,
  "vueIndentScriptAndStyle": false,
  "filepath": "/run/media/upalb/Miscellaneous/Code/Programming-Hero/Assigmnent 1/index.html",
  "parser": "html"
}
["INFO" - 8:53:52 AM] Formatting completed in 0.038ms.
["INFO" - 8:59:10 AM] Formatting file:///run/media/upalb/Miscellaneous/Code/Programming-Hero/Assigmnent%201/index.html
["INFO" - 8:59:10 AM] Using ignore file (if present) at /run/media/upalb/Miscellaneous/Code/Programming-Hero/Assigmnent 1/.prettierignore
["INFO" - 8:59:10 AM] File Info:
{
  "ignored": false,
  "inferredParser": "html"
}
["INFO" - 8:59:10 AM] No local configuration (i.e. .prettierrc or .editorconfig) detected, falling back to VS Code configuration
["INFO" - 8:59:10 AM] Prettier Options:
{
  "arrowParens": "always",
  "bracketSpacing": true,
  "endOfLine": "lf",
  "htmlWhitespaceSensitivity": "css",
  "insertPragma": false,
  "jsxBracketSameLine": false,
  "jsxSingleQuote": false,
  "printWidth": 80,
  "proseWrap": "preserve",
  "quoteProps": "as-needed",
  "requirePragma": false,
  "semi": true,
  "singleQuote": false,
  "tabWidth": 2,
  "trailingComma": "es5",
  "useTabs": false,
  "vueIndentScriptAndStyle": false,
  "filepath": "/run/media/upalb/Miscellaneous/Code/Programming-Hero/Assigmnent 1/index.html",
  "parser": "html"
}
["INFO" - 8:59:10 AM] Formatting completed in 0.068ms.
["INFO" - 9:17:46 AM] Formatting file:///run/media/upalb/Miscellaneous/Code/Programming-Hero/Assigmnent%201/index.html
["INFO" - 9:17:46 AM] Using ignore file (if present) at /run/media/upalb/Miscellaneous/Code/Programming-Hero/Assigmnent 1/.prettierignore
["INFO" - 9:17:46 AM] File Info:
{
  "ignored": false,
  "inferredParser": "html"
}
["INFO" - 9:17:46 AM] No local configuration (i.e. .prettierrc or .editorconfig) detected, falling back to VS Code configuration
["INFO" - 9:17:46 AM] Prettier Options:
{
  "arrowParens": "always",
  "bracketSpacing": true,
  "endOfLine": "lf",
  "htmlWhitespaceSensitivity": "css",
  "insertPragma": false,
  "jsxBracketSameLine": false,
  "jsxSingleQuote": false,
  "printWidth": 80,
  "proseWrap": "preserve",
  "quoteProps": "as-needed",
  "requirePragma": false,
  "semi": true,
  "singleQuote": false,
  "tabWidth": 2,
  "trailingComma": "es5",
  "useTabs": false,
  "vueIndentScriptAndStyle": false,
  "filepath": "/run/media/upalb/Miscellaneous/Code/Programming-Hero/Assigmnent 1/index.html",
  "parser": "html"
}
["INFO" - 9:17:46 AM] Formatting completed in 0.078ms.
["INFO" - 9:18:54 AM] Formatting file:///run/media/upalb/Miscellaneous/Code/Programming-Hero/Assigmnent%201/index.html
["INFO" - 9:18:54 AM] Using ignore file (if present) at /run/media/upalb/Miscellaneous/Code/Programming-Hero/Assigmnent 1/.prettierignore
["INFO" - 9:18:54 AM] File Info:
{
  "ignored": false,
  "inferredParser": "html"
}
["INFO" - 9:18:54 AM] No local configuration (i.e. .prettierrc or .editorconfig) detected, falling back to VS Code configuration
["INFO" - 9:18:54 AM] Prettier Options:
{
  "arrowParens": "always",
  "bracketSpacing": true,
  "endOfLine": "lf",
  "htmlWhitespaceSensitivity": "css",
  "insertPragma": false,
  "jsxBracketSameLine": false,
  "jsxSingleQuote": false,
  "printWidth": 80,
  "proseWrap": "preserve",
  "quoteProps": "as-needed",
  "requirePragma": false,
  "semi": true,
  "singleQuote": false,
  "tabWidth": 2,
  "trailingComma": "es5",
  "useTabs": false,
  "vueIndentScriptAndStyle": false,
  "filepath": "/run/media/upalb/Miscellaneous/Code/Programming-Hero/Assigmnent 1/index.html",
  "parser": "html"
}
["INFO" - 9:18:54 AM] Formatting completed in 0.089ms.
["INFO" - 9:19:02 AM] Formatting file:///run/media/upalb/Miscellaneous/Code/Programming-Hero/Assigmnent%201/index.html
["INFO" - 9:19:02 AM] Using ignore file (if present) at /run/media/upalb/Miscellaneous/Code/Programming-Hero/Assigmnent 1/.prettierignore
["INFO" - 9:19:02 AM] File Info:
{
  "ignored": false,
  "inferredParser": "html"
}
["INFO" - 9:19:02 AM] No local configuration (i.e. .prettierrc or .editorconfig) detected, falling back to VS Code configuration
["INFO" - 9:19:02 AM] Prettier Options:
{
  "arrowParens": "always",
  "bracketSpacing": true,
  "endOfLine": "lf",
  "htmlWhitespaceSensitivity": "css",
  "insertPragma": false,
  "jsxBracketSameLine": false,
  "jsxSingleQuote": false,
  "printWidth": 80,
  "proseWrap": "preserve",
  "quoteProps": "as-needed",
  "requirePragma": false,
  "semi": true,
  "singleQuote": false,
  "tabWidth": 2,
  "trailingComma": "es5",
  "useTabs": false,
  "vueIndentScriptAndStyle": false,
  "filepath": "/run/media/upalb/Miscellaneous/Code/Programming-Hero/Assigmnent 1/index.html",
  "parser": "html"
}
["INFO" - 9:19:02 AM] Formatting completed in 0.048ms.
["INFO" - 9:41:19 AM] Formatting vscode-userdata:/home/upalb/.config/VSCodium/User/settings.json
["INFO" - 9:41:20 AM] File Info:
{
  "ignored": false,
  "inferredParser": "json"
}
["INFO" - 9:41:20 AM] No local configuration (i.e. .prettierrc or .editorconfig) detected, falling back to VS Code configuration
["INFO" - 9:41:20 AM] Prettier Options:
{
  "arrowParens": "always",
  "bracketSpacing": true,
  "endOfLine": "lf",
  "htmlWhitespaceSensitivity": "css",
  "insertPragma": false,
  "jsxBracketSameLine": false,
  "jsxSingleQuote": false,
  "printWidth": 80,
  "proseWrap": "preserve",
  "quoteProps": "as-needed",
  "requirePragma": false,
  "semi": true,
  "singleQuote": false,
  "tabWidth": 2,
  "trailingComma": "es5",
  "useTabs": false,
  "vueIndentScriptAndStyle": false,
  "filepath": "/home/upalb/.config/VSCodium/User/settings.json",
  "parser": "json"
}
["INFO" - 9:41:20 AM] Formatting completed in 1.274ms.
["INFO" - 9:43:32 AM] Formatting file:///run/media/upalb/Miscellaneous/Code/Programming-Hero/Assigmnent%201/index.html
["INFO" - 9:43:32 AM] Using ignore file (if present) at /run/media/upalb/Miscellaneous/Code/Programming-Hero/Assigmnent 1/.prettierignore
["INFO" - 9:43:32 AM] File Info:
{
  "ignored": false,
  "inferredParser": "html"
}
["INFO" - 9:43:32 AM] No local configuration (i.e. .prettierrc or .editorconfig) detected, falling back to VS Code configuration
["INFO" - 9:43:32 AM] Prettier Options:
{
  "arrowParens": "always",
  "bracketSpacing": true,
  "endOfLine": "lf",
  "htmlWhitespaceSensitivity": "css",
  "insertPragma": false,
  "jsxBracketSameLine": false,
  "jsxSingleQuote": false,
  "printWidth": 80,
  "proseWrap": "preserve",
  "quoteProps": "as-needed",
  "requirePragma": false,
  "semi": true,
  "singleQuote": false,
  "tabWidth": 2,
  "trailingComma": "es5",
  "useTabs": false,
  "vueIndentScriptAndStyle": false,
  "filepath": "/run/media/upalb/Miscellaneous/Code/Programming-Hero/Assigmnent 1/index.html",
  "parser": "html"
}
["INFO" - 9:43:32 AM] Formatting completed in 0.09ms.
["INFO" - 9:49:49 AM] Formatting file:///run/media/upalb/Miscellaneous/Code/Programming-Hero/Assigmnent%201/index.html
["INFO" - 9:49:49 AM] Using ignore file (if present) at /run/media/upalb/Miscellaneous/Code/Programming-Hero/Assigmnent 1/.prettierignore
["INFO" - 9:49:49 AM] File Info:
{
  "ignored": false,
  "inferredParser": "html"
}
["INFO" - 9:49:49 AM] No local configuration (i.e. .prettierrc or .editorconfig) detected, falling back to VS Code configuration
["INFO" - 9:49:49 AM] Prettier Options:
{
  "arrowParens": "always",
  "bracketSpacing": true,
  "endOfLine": "lf",
  "htmlWhitespaceSensitivity": "css",
  "insertPragma": false,
  "jsxBracketSameLine": false,
  "jsxSingleQuote": false,
  "printWidth": 80,
  "proseWrap": "preserve",
  "quoteProps": "as-needed",
  "requirePragma": false,
  "semi": true,
  "singleQuote": false,
  "tabWidth": 2,
  "trailingComma": "es5",
  "useTabs": false,
  "vueIndentScriptAndStyle": false,
  "filepath": "/run/media/upalb/Miscellaneous/Code/Programming-Hero/Assigmnent 1/index.html",
  "parser": "html"
}
["INFO" - 9:49:49 AM] Formatting completed in 0.069ms.
["INFO" - 9:51:54 AM] Formatting file:///run/media/upalb/Miscellaneous/Code/Programming-Hero/Assigmnent%201/index.html
["INFO" - 9:51:54 AM] Using ignore file (if present) at /run/media/upalb/Miscellaneous/Code/Programming-Hero/Assigmnent 1/.prettierignore
["INFO" - 9:51:54 AM] File Info:
{
  "ignored": false,
  "inferredParser": "html"
}
["INFO" - 9:51:54 AM] No local configuration (i.e. .prettierrc or .editorconfig) detected, falling back to VS Code configuration
["INFO" - 9:51:54 AM] Prettier Options:
{
  "arrowParens": "always",
  "bracketSpacing": true,
  "endOfLine": "lf",
  "htmlWhitespaceSensitivity": "css",
  "insertPragma": false,
  "jsxBracketSameLine": false,
  "jsxSingleQuote": false,
  "printWidth": 80,
  "proseWrap": "preserve",
  "quoteProps": "as-needed",
  "requirePragma": false,
  "semi": true,
  "singleQuote": false,
  "tabWidth": 2,
  "trailingComma": "es5",
  "useTabs": false,
  "vueIndentScriptAndStyle": false,
  "filepath": "/run/media/upalb/Miscellaneous/Code/Programming-Hero/Assigmnent 1/index.html",
  "parser": "html"
}
["INFO" - 9:51:54 AM] Formatting completed in 0.037ms.
["INFO" - 10:19:00 AM] Formatting file:///run/media/upalb/Miscellaneous/Code/Programming-Hero/Assigmnent%201/index.html
["INFO" - 10:19:00 AM] Using ignore file (if present) at /run/media/upalb/Miscellaneous/Code/Programming-Hero/Assigmnent 1/.prettierignore
["INFO" - 10:19:00 AM] File Info:
{
  "ignored": false,
  "inferredParser": "html"
}
["INFO" - 10:19:00 AM] No local configuration (i.e. .prettierrc or .editorconfig) detected, falling back to VS Code configuration
["INFO" - 10:19:00 AM] Prettier Options:
{
  "arrowParens": "always",
  "bracketSpacing": true,
  "endOfLine": "lf",
  "htmlWhitespaceSensitivity": "css",
  "insertPragma": false,
  "jsxBracketSameLine": false,
  "jsxSingleQuote": false,
  "printWidth": 80,
  "proseWrap": "preserve",
  "quoteProps": "as-needed",
  "requirePragma": false,
  "semi": true,
  "singleQuote": false,
  "tabWidth": 2,
  "trailingComma": "es5",
  "useTabs": false,
  "vueIndentScriptAndStyle": false,
  "filepath": "/run/media/upalb/Miscellaneous/Code/Programming-Hero/Assigmnent 1/index.html",
  "parser": "html"
}
["INFO" - 10:19:00 AM] Formatting completed in 0.058ms.
["INFO" - 10:27:43 AM] Formatting file:///run/media/upalb/Miscellaneous/Code/Programming-Hero/Assigmnent%201/index.html
["INFO" - 10:27:43 AM] Using ignore file (if present) at /run/media/upalb/Miscellaneous/Code/Programming-Hero/Assigmnent 1/.prettierignore
["INFO" - 10:27:43 AM] File Info:
{
  "ignored": false,
  "inferredParser": "html"
}
["INFO" - 10:27:43 AM] No local configuration (i.e. .prettierrc or .editorconfig) detected, falling back to VS Code configuration
["INFO" - 10:27:43 AM] Prettier Options:
{
  "arrowParens": "always",
  "bracketSpacing": true,
  "endOfLine": "lf",
  "htmlWhitespaceSensitivity": "css",
  "insertPragma": false,
  "jsxBracketSameLine": false,
  "jsxSingleQuote": false,
  "printWidth": 80,
  "proseWrap": "preserve",
  "quoteProps": "as-needed",
  "requirePragma": false,
  "semi": true,
  "singleQuote": false,
  "tabWidth": 2,
  "trailingComma": "es5",
  "useTabs": false,
  "vueIndentScriptAndStyle": false,
  "filepath": "/run/media/upalb/Miscellaneous/Code/Programming-Hero/Assigmnent 1/index.html",
  "parser": "html"
}
["INFO" - 10:27:43 AM] Formatting completed in 0.056ms.
["INFO" - 11:06:26 AM] Formatting file:///run/media/upalb/Miscellaneous/Code/Programming-Hero/Assigmnent%201/index.html
["INFO" - 11:06:26 AM] Using ignore file (if present) at /run/media/upalb/Miscellaneous/Code/Programming-Hero/Assigmnent 1/.prettierignore
["INFO" - 11:06:26 AM] File Info:
{
  "ignored": false,
  "inferredParser": "html"
}
["INFO" - 11:06:26 AM] No local configuration (i.e. .prettierrc or .editorconfig) detected, falling back to VS Code configuration
["INFO" - 11:06:26 AM] Prettier Options:
{
  "arrowParens": "always",
  "bracketSpacing": true,
  "endOfLine": "lf",
  "htmlWhitespaceSensitivity": "css",
  "insertPragma": false,
  "jsxBracketSameLine": false,
  "jsxSingleQuote": false,
  "printWidth": 80,
  "proseWrap": "preserve",
  "quoteProps": "as-needed",
  "requirePragma": false,
  "semi": true,
  "singleQuote": false,
  "tabWidth": 2,
  "trailingComma": "es5",
  "useTabs": false,
  "vueIndentScriptAndStyle": false,
  "filepath": "/run/media/upalb/Miscellaneous/Code/Programming-Hero/Assigmnent 1/index.html",
  "parser": "html"
}
["INFO" - 11:06:26 AM] Formatting completed in 0.13ms.
