[2022-07-13T03:22:46.770Z] Log level: Info
[2022-07-13T03:22:46.772Z] [info] Validating found git in: git
[2022-07-13T03:22:47.254Z] [info] Using git 2.37.0 from git
[2022-07-13T03:22:47.323Z] > git rev-parse --show-toplevel [27ms]
[2022-07-13T03:22:52.621Z] > git rev-parse --git-dir --git-common-dir [5278ms]
[2022-07-13T03:22:52.642Z] [info] Open repository: /home/upalb/Grover
[2022-07-13T03:22:52.734Z] > git status -z -uall [69ms]
[2022-07-13T03:22:52.766Z] > git symbolic-ref --short HEAD [17ms]
[2022-07-13T03:22:52.805Z] > git for-each-ref --format=%(refname)%00%(upstream:short)%00%(objectname)%00%(upstream:track)%00%(upstream:remotename)%00%(upstream:remoteref) refs/heads/main refs/remotes/main [26ms]
[2022-07-13T03:22:52.839Z] > git remote --verbose [5ms]
[2022-07-13T03:22:52.841Z] > git for-each-ref --sort -committerdate --format %(refname) %(objectname) %(*objectname) [22ms]
[2022-07-13T03:22:52.890Z] > git config --get commit.template [28ms]
[2022-07-13T03:22:53.134Z] > git ls-files --stage -- /home/upalb/Grover/scss/_navbar.scss [3ms]
[2022-07-13T03:22:53.153Z] > git show --textconv :scss/_navbar.scss [34ms]
[2022-07-13T03:22:53.155Z] > git cat-file -s ce76ba0869b3364ddde948067f643c4eec933768 [11ms]
[2022-07-13T03:22:53.269Z] > git check-ignore -v -z --stdin [2ms]
[2022-07-13T03:23:44.856Z] > git ls-files --stage -- /home/upalb/Grover/js/index.js [5ms]
[2022-07-13T03:23:44.872Z] > git show --textconv :js/index.js [33ms]
[2022-07-13T03:23:44.874Z] > git cat-file -s e39d88d066b5454f4ae3d606acefeab8cd705eb4 [3ms]
[2022-07-13T03:23:46.495Z] > git show --textconv :index.html [49ms]
[2022-07-13T03:23:46.507Z] > git ls-files --stage -- /home/upalb/Grover/index.html [15ms]
[2022-07-13T03:23:46.544Z] > git cat-file -s cb80bd9861a1caf3564203f327d68c28e6c2982f [3ms]
[2022-07-13T03:24:10.786Z] > git status -z -uall [3ms]
[2022-07-13T03:24:10.802Z] > git symbolic-ref --short HEAD [4ms]
[2022-07-13T03:24:10.821Z] > git for-each-ref --format=%(refname)%00%(upstream:short)%00%(objectname)%00%(upstream:track)%00%(upstream:remotename)%00%(upstream:remoteref) refs/heads/main refs/remotes/main [4ms]
[2022-07-13T03:24:10.878Z] > git for-each-ref --sort -committerdate --format %(refname) %(objectname) %(*objectname) [41ms]
[2022-07-13T03:24:10.880Z] > git remote --verbose [6ms]
[2022-07-13T03:24:10.909Z] > git config --get commit.template [3ms]
[2022-07-13T03:24:29.742Z] > git show --textconv :index.html [13ms]
[2022-07-13T03:24:29.744Z] > git ls-files --stage -- /home/upalb/Grover/index.html [4ms]
[2022-07-13T03:24:29.756Z] > git cat-file -s cb80bd9861a1caf3564203f327d68c28e6c2982f [2ms]
[2022-07-13T03:24:33.028Z] > git check-ignore -v -z --stdin [93ms]
[2022-07-13T03:24:33.086Z] > git show --textconv :css/style.css [28ms]
[2022-07-13T03:24:33.088Z] > git ls-files --stage -- /home/upalb/Grover/css/style.css [11ms]
[2022-07-13T03:24:33.130Z] > git cat-file -s 3a91f2e8ae2e7ee7c6deb52d7a3faede4abe5f09 [17ms]
[2022-07-13T03:24:37.662Z] > git show --textconv :index.html [29ms]
[2022-07-13T03:24:37.664Z] > git ls-files --stage -- /home/upalb/Grover/index.html [4ms]
[2022-07-13T03:24:37.684Z] > git cat-file -s cb80bd9861a1caf3564203f327d68c28e6c2982f [2ms]
[2022-07-13T03:24:41.325Z] > git ls-files --stage -- /home/upalb/Grover/scss/style.scss [3ms]
[2022-07-13T03:24:41.357Z] > git show --textconv :scss/style.scss [46ms]
[2022-07-13T03:24:41.358Z] > git cat-file -s 585df4f41676726486fd9639de1d1ca335d654e9 [22ms]
[2022-07-13T03:25:03.152Z] > git status -z -uall [4ms]
[2022-07-13T03:25:03.165Z] > git symbolic-ref --short HEAD [1ms]
[2022-07-13T03:25:03.179Z] > git for-each-ref --format=%(refname)%00%(upstream:short)%00%(objectname)%00%(upstream:track)%00%(upstream:remotename)%00%(upstream:remoteref) refs/heads/main refs/remotes/main [2ms]
[2022-07-13T03:25:03.205Z] > git for-each-ref --sort -committerdate --format %(refname) %(objectname) %(*objectname) [14ms]
[2022-07-13T03:25:03.206Z] > git remote --verbose [3ms]
[2022-07-13T03:25:03.233Z] > git config --get commit.template [4ms]
[2022-07-13T03:43:37.274Z] > git show --textconv :index.html [35ms]
[2022-07-13T03:43:37.289Z] > git ls-files --stage -- /home/upalb/Grover/index.html [17ms]
[2022-07-13T03:43:37.326Z] > git cat-file -s cb80bd9861a1caf3564203f327d68c28e6c2982f [18ms]
[2022-07-13T03:43:40.552Z] > git status -z -uall [3ms]
[2022-07-13T03:43:40.565Z] > git symbolic-ref --short HEAD [2ms]
[2022-07-13T03:43:40.579Z] > git for-each-ref --format=%(refname)%00%(upstream:short)%00%(objectname)%00%(upstream:track)%00%(upstream:remotename)%00%(upstream:remoteref) refs/heads/main refs/remotes/main [3ms]
[2022-07-13T03:43:40.603Z] > git for-each-ref --sort -committerdate --format %(refname) %(objectname) %(*objectname) [13ms]
[2022-07-13T03:43:40.605Z] > git remote --verbose [3ms]
[2022-07-13T03:43:40.622Z] > git config --get commit.template [2ms]
[2022-07-13T03:50:04.034Z] > git ls-files --stage -- /home/upalb/Grover/scss/style.scss [110ms]
[2022-07-13T03:50:04.045Z] > git show --textconv :scss/style.scss [132ms]
[2022-07-13T03:50:04.047Z] > git cat-file -s 585df4f41676726486fd9639de1d1ca335d654e9 [2ms]
