["INFO" - 9:22:52 AM] Extension Name: esbenp.prettier-vscode.
["INFO" - 9:22:52 AM] Extension Version: 9.5.0.
["INFO" - 9:43:39 AM] Formatting file:///home/upalb/Grover/index.html
["INFO" - 9:43:39 AM] Using ignore file (if present) at /home/upalb/Grover/.prettierignore
["INFO" - 9:43:39 AM] File Info:
{
  "ignored": false,
  "inferredParser": "html"
}
["INFO" - 9:43:39 AM] No local configuration (i.e. .prettierrc or .editorconfig) detected, falling back to VS Code configuration
["INFO" - 9:43:39 AM] Prettier Options:
{
  "arrowParens": "always",
  "bracketSpacing": true,
  "endOfLine": "lf",
  "htmlWhitespaceSensitivity": "css",
  "insertPragma": false,
  "jsxBracketSameLine": false,
  "jsxSingleQuote": false,
  "printWidth": 80,
  "proseWrap": "preserve",
  "quoteProps": "as-needed",
  "requirePragma": false,
  "semi": true,
  "singleQuote": true,
  "tabWidth": 2,
  "trailingComma": "es5",
  "useTabs": false,
  "vueIndentScriptAndStyle": false,
  "filepath": "/home/upalb/Grover/index.html",
  "parser": "html"
}
["INFO" - 9:43:39 AM] Formatting completed in 0.154ms.
