[2022-07-05T15:27:30.773Z] Log level: Info
[2022-07-05T15:27:30.775Z] [info] Validating found git in: git
[2022-07-05T15:27:30.854Z] [info] Using git 2.37.0 from git
[2022-07-05T15:27:30.904Z] > git rev-parse --show-toplevel [17ms]
[2022-07-05T15:27:30.904Z] fatal: not a git repository (or any parent up to mount point /run/media/upalb)
Stopping at filesystem boundary (GIT_DISCOVERY_ACROSS_FILESYSTEM not set).
[2022-07-05T15:27:31.417Z] > git rev-parse --show-toplevel [474ms]
[2022-07-05T15:27:31.417Z] fatal: not a git repository (or any parent up to mount point /run/media/upalb)
Stopping at filesystem boundary (GIT_DISCOVERY_ACROSS_FILESYSTEM not set).
[2022-07-05T15:27:31.528Z] > git rev-parse --show-toplevel [95ms]
[2022-07-05T15:27:31.611Z] > git rev-parse --git-dir --git-common-dir [11ms]
[2022-07-05T15:27:31.627Z] [info] Open repository: /run/media/upalb/Miscellaneous/Code/Programming-Hero/Module-04.5_eat-healthy/Eat-Healthy
[2022-07-05T15:27:31.686Z] > git status -z -uall [32ms]
[2022-07-05T15:27:31.750Z] > git rev-parse --show-toplevel [68ms]
[2022-07-05T15:27:31.751Z] fatal: not a git repository (or any parent up to mount point /run/media/upalb)
Stopping at filesystem boundary (GIT_DISCOVERY_ACROSS_FILESYSTEM not set).
[2022-07-05T15:27:31.774Z] > git symbolic-ref --short HEAD [52ms]
[2022-07-05T15:27:31.798Z] > git rev-parse --show-toplevel [28ms]
[2022-07-05T15:27:31.849Z] > git for-each-ref --format=%(refname)%00%(upstream:short)%00%(objectname)%00%(upstream:track)%00%(upstream:remotename)%00%(upstream:remoteref) refs/heads/main refs/remotes/main [53ms]
[2022-07-05T15:27:31.913Z] > git rev-parse --git-dir --git-common-dir [92ms]
[2022-07-05T15:27:31.918Z] [info] Open repository: /run/media/upalb/Miscellaneous/Code/Programming-Hero/Module-04_portfolio
[2022-07-05T15:27:31.960Z] > git remote --verbose [70ms]
[2022-07-05T15:27:31.961Z] > git for-each-ref --sort -committerdate --format %(refname) %(objectname) %(*objectname) [88ms]
[2022-07-05T15:27:31.971Z] > git status -z -uall [36ms]
[2022-07-05T15:27:31.988Z] > git rev-parse --show-toplevel [34ms]
[2022-07-05T15:27:31.988Z] fatal: unsafe repository ('/run/media/upalb/Miscellaneous/Code/Programming-Hero/programing_hero_prj2' is owned by someone else)
To add an exception for this directory, call:

	git config --global --add safe.directory /run/media/upalb/Miscellaneous/Code/Programming-Hero/programing_hero_prj2
[2022-07-05T15:27:32.064Z] > git symbolic-ref --short HEAD [77ms]
[2022-07-05T15:27:32.103Z] > git config --get commit.template [45ms]
[2022-07-05T15:27:32.105Z] > git rev-parse --show-toplevel [82ms]
[2022-07-05T15:27:32.105Z] fatal: not a git repository (or any parent up to mount point /run/media/upalb)
Stopping at filesystem boundary (GIT_DISCOVERY_ACROSS_FILESYSTEM not set).
[2022-07-05T15:27:32.132Z] > git for-each-ref --format=%(refname)%00%(upstream:short)%00%(objectname)%00%(upstream:track)%00%(upstream:remotename)%00%(upstream:remoteref) refs/heads/main refs/remotes/main [52ms]
[2022-07-05T15:27:32.182Z] > git for-each-ref --sort -committerdate --format %(refname) %(objectname) %(*objectname) [30ms]
[2022-07-05T15:27:32.183Z] > git rev-parse --show-toplevel [57ms]
[2022-07-05T15:27:32.183Z] fatal: not a git repository (or any parent up to mount point /run/media/upalb)
Stopping at filesystem boundary (GIT_DISCOVERY_ACROSS_FILESYSTEM not set).
[2022-07-05T15:27:32.213Z] > git remote --verbose [39ms]
[2022-07-05T15:27:32.220Z] > git rev-parse --show-toplevel [14ms]
[2022-07-05T15:27:32.220Z] fatal: not a git repository (or any parent up to mount point /run/media/upalb)
Stopping at filesystem boundary (GIT_DISCOVERY_ACROSS_FILESYSTEM not set).
[2022-07-05T15:27:32.292Z] > git rev-parse --show-toplevel [54ms]
[2022-07-05T15:27:32.292Z] fatal: not a git repository (or any parent up to mount point /run/media/upalb)
Stopping at filesystem boundary (GIT_DISCOVERY_ACROSS_FILESYSTEM not set).
[2022-07-05T15:27:32.360Z] > git check-ignore -v -z --stdin [41ms]
[2022-07-05T15:27:32.365Z] > git rev-parse --show-toplevel [60ms]
[2022-07-05T15:27:32.365Z] fatal: not a git repository (or any parent up to mount point /run/media/upalb)
Stopping at filesystem boundary (GIT_DISCOVERY_ACROSS_FILESYSTEM not set).
[2022-07-05T15:27:32.397Z] > git config --get commit.template [138ms]
[2022-07-05T15:27:32.408Z] > git rev-parse --show-toplevel [12ms]
[2022-07-05T15:27:32.408Z] fatal: not a git repository (or any parent up to mount point /run/media/upalb)
Stopping at filesystem boundary (GIT_DISCOVERY_ACROSS_FILESYSTEM not set).
[2022-07-05T15:27:32.448Z] > git rev-parse --show-toplevel [12ms]
[2022-07-05T15:27:32.449Z] fatal: not a git repository (or any parent up to mount point /run/media/upalb)
Stopping at filesystem boundary (GIT_DISCOVERY_ACROSS_FILESYSTEM not set).
[2022-07-05T15:27:32.472Z] > git rev-parse --show-toplevel [3ms]
[2022-07-05T15:27:32.472Z] fatal: not a git repository (or any parent up to mount point /run/media/upalb)
Stopping at filesystem boundary (GIT_DISCOVERY_ACROSS_FILESYSTEM not set).
[2022-07-05T15:27:32.660Z] > git show --textconv :index.html [19ms]
[2022-07-05T15:27:32.684Z] > git ls-files --stage -- /run/media/upalb/Miscellaneous/Code/Programming-Hero/Module-04.5_eat-healthy/Eat-Healthy/index.html [25ms]
[2022-07-05T15:27:32.746Z] > git cat-file -s e69de29bb2d1d6434b8b29ae775ad8c2e48c5391 [29ms]
[2022-07-05T15:27:46.668Z] > git check-ignore -v -z --stdin [13ms]
[2022-07-05T15:27:46.670Z] > git check-ignore -v -z --stdin [3ms]
