["INFO" - 9:27:31 PM] Extension Name: esbenp.prettier-vscode.
["INFO" - 9:27:31 PM] Extension Version: 9.5.0.
["INFO" - 9:27:54 PM] Formatting file:///home/upalb/.config/VSCodium/Workspaces/1654163437602/workspace.json
["INFO" - 9:27:54 PM] File Info:
{
  "ignored": false,
  "inferredParser": "json"
}
["INFO" - 9:27:54 PM] No local configuration (i.e. .prettierrc or .editorconfig) detected, falling back to VS Code configuration
["INFO" - 9:27:54 PM] Prettier Options:
{
  "arrowParens": "always",
  "bracketSpacing": true,
  "endOfLine": "lf",
  "htmlWhitespaceSensitivity": "css",
  "insertPragma": false,
  "jsxBracketSameLine": false,
  "jsxSingleQuote": false,
  "printWidth": 80,
  "proseWrap": "preserve",
  "quoteProps": "as-needed",
  "requirePragma": false,
  "semi": true,
  "singleQuote": false,
  "tabWidth": 2,
  "trailingComma": "es5",
  "useTabs": false,
  "vueIndentScriptAndStyle": false,
  "filepath": "/home/upalb/.config/VSCodium/Workspaces/1654163437602/workspace.json",
  "parser": "json"
}
["INFO" - 9:27:54 PM] Formatting completed in 0.406ms.
