[2022-06-14 20:09:32.342] [renderer1] [warning] Via 'product.json#extensionEnabledApiProposals' extension 'ms-vsliveshare.vsliveshare' wants API proposal 'notebookDocumentEvents' but that proposal DOES NOT EXIST. Likely, the proposal has been finalized (check 'vscode.d.ts') or was abandoned.
[2022-06-14 20:09:32.392] [renderer1] [warning] Via 'product.json#extensionEnabledApiProposals' extension 'ms-dotnettools.dotnet-interactive-vscode' wants API proposal 'notebookConcatTextDocument' but that proposal DOES NOT EXIST. Likely, the proposal has been finalized (check 'vscode.d.ts') or was abandoned.
[2022-06-14 20:09:32.392] [renderer1] [warning] Via 'product.json#extensionEnabledApiProposals' extension 'ms-python.vscode-pylance' wants API proposal 'notebookDocumentEvents' but that proposal DOES NOT EXIST. Likely, the proposal has been finalized (check 'vscode.d.ts') or was abandoned.
[2022-06-14 20:09:32.393] [renderer1] [warning] Via 'product.json#extensionEnabledApiProposals' extension 'ms-toolsai.jupyter' wants API proposal 'notebookConcatTextDocument' but that proposal DOES NOT EXIST. Likely, the proposal has been finalized (check 'vscode.d.ts') or was abandoned.
[2022-06-14 20:09:32.393] [renderer1] [warning] Via 'product.json#extensionEnabledApiProposals' extension 'ms-toolsai.jupyter' wants API proposal 'notebookDocumentEvents' but that proposal DOES NOT EXIST. Likely, the proposal has been finalized (check 'vscode.d.ts') or was abandoned.
[2022-06-14 20:09:32.394] [renderer1] [warning] Via 'product.json#extensionEnabledApiProposals' extension 'dbaeumer.vscode-eslint' wants API proposal 'tabs' but that proposal DOES NOT EXIST. Likely, the proposal has been finalized (check 'vscode.d.ts') or was abandoned.
[2022-06-14 20:09:32.394] [renderer1] [warning] Via 'product.json#extensionEnabledApiProposals' extension 'dbaeumer.vscode-eslint' wants API proposal 'notebookDocumentEvents' but that proposal DOES NOT EXIST. Likely, the proposal has been finalized (check 'vscode.d.ts') or was abandoned.
[2022-06-14 20:10:54.821] [renderer1] [error] Illegal value for `line`: Error: Illegal value for `line`
    at D._lineAt (/opt/vscodium-bin/resources/app/out/vs/workbench/api/node/extensionHostProcess.js:77:1174)
    at Object.rangeOffset [as lineAt] (/opt/vscodium-bin/resources/app/out/vs/workbench/api/node/extensionHostProcess.js:77:95)
    at /home/upalb/.vscode-oss/extensions/redwan-hossain.auto-rename-tag-clone-0.1.8/packages/extension/dist/webpack:/auto-rename-tag/src/extensionMain.ts:317:41
    at m.invoke (/opt/vscodium-bin/resources/app/out/vs/workbench/api/node/extensionHostProcess.js:58:145)
    at b.deliver (/opt/vscodium-bin/resources/app/out/vs/workbench/api/node/extensionHostProcess.js:58:2265)
    at v.fire (/opt/vscodium-bin/resources/app/out/vs/workbench/api/node/extensionHostProcess.js:58:1843)
    at I.$acceptModelChanged (/opt/vscodium-bin/resources/app/out/vs/workbench/api/node/extensionHostProcess.js:83:73537)
    at s._doInvokeHandler (/opt/vscodium-bin/resources/app/out/vs/workbench/api/node/extensionHostProcess.js:86:13828)
    at s._invokeHandler (/opt/vscodium-bin/resources/app/out/vs/workbench/api/node/extensionHostProcess.js:86:13512)
    at s._receiveRequest (/opt/vscodium-bin/resources/app/out/vs/workbench/api/node/extensionHostProcess.js:86:12173)
    at s._receiveOneMessage (/opt/vscodium-bin/resources/app/out/vs/workbench/api/node/extensionHostProcess.js:86:10843)
    at /opt/vscodium-bin/resources/app/out/vs/workbench/api/node/extensionHostProcess.js:86:8949
    at m.invoke (/opt/vscodium-bin/resources/app/out/vs/workbench/api/node/extensionHostProcess.js:58:145)
    at b.deliver (/opt/vscodium-bin/resources/app/out/vs/workbench/api/node/extensionHostProcess.js:58:2265)
    at v.fire (/opt/vscodium-bin/resources/app/out/vs/workbench/api/node/extensionHostProcess.js:58:1843)
    at l.fire (/opt/vscodium-bin/resources/app/out/vs/workbench/api/node/extensionHostProcess.js:66:19001)
    at /opt/vscodium-bin/resources/app/out/vs/workbench/api/node/extensionHostProcess.js:102:34426
    at m.invoke (/opt/vscodium-bin/resources/app/out/vs/workbench/api/node/extensionHostProcess.js:58:145)
    at b.deliver (/opt/vscodium-bin/resources/app/out/vs/workbench/api/node/extensionHostProcess.js:58:2265)
    at v.fire (/opt/vscodium-bin/resources/app/out/vs/workbench/api/node/extensionHostProcess.js:58:1843)
    at l.fire (/opt/vscodium-bin/resources/app/out/vs/workbench/api/node/extensionHostProcess.js:66:19001)
    at r._receiveMessage (/opt/vscodium-bin/resources/app/out/vs/workbench/api/node/extensionHostProcess.js:66:23582)
    at /opt/vscodium-bin/resources/app/out/vs/workbench/api/node/extensionHostProcess.js:66:21116
    at m.invoke (/opt/vscodium-bin/resources/app/out/vs/workbench/api/node/extensionHostProcess.js:58:145)
    at b.deliver (/opt/vscodium-bin/resources/app/out/vs/workbench/api/node/extensionHostProcess.js:58:2265)
    at v.fire (/opt/vscodium-bin/resources/app/out/vs/workbench/api/node/extensionHostProcess.js:58:1843)
    at v.acceptChunk (/opt/vscodium-bin/resources/app/out/vs/workbench/api/node/extensionHostProcess.js:66:15832)
    at /opt/vscodium-bin/resources/app/out/vs/workbench/api/node/extensionHostProcess.js:66:14962
    at Socket.R (/opt/vscodium-bin/resources/app/out/vs/workbench/api/node/extensionHostProcess.js:102:13798)
    at Socket.emit (node:events:390:28)
    at addChunk (node:internal/streams/readable:315:12)
    at readableAddChunk (node:internal/streams/readable:289:9)
    at Socket.Readable.push (node:internal/streams/readable:228:10)
    at Pipe.onStreamRead (node:internal/stream_base_commons:199:23)
[2022-06-14 20:17:54.479] [renderer1] [info] UNRESPONSIVE extension host: starting to profile NOW
[2022-06-14 20:17:55.445] [renderer1] [info] UNRESPONSIVE extension host: received responsive event and cancelling profiling session
[2022-06-14 20:17:55.625] [renderer1] [warning] UNRESPONSIVE extension host: 'vscode.git' took 37% of 1546.191ms, saved PROFILE here: 'file:///tmp/exthost-e94368.cpuprofile' [{"id":"gc","total":11691,"percentage":1},{"id":"program","total":543476,"percentage":35},{"id":"self","total":414291,"percentage":27},{"id":"vscode.git","total":576278,"percentage":37}]
[2022-06-14 20:18:14.440] [renderer1] [info] UNRESPONSIVE extension host: starting to profile NOW
[2022-06-14 20:18:15.648] [renderer1] [info] UNRESPONSIVE extension host: received responsive event and cancelling profiling session
[2022-06-14 20:18:15.863] [renderer1] [warning] UNRESPONSIVE extension host: 'vscode.git' took 71% of 1637.217ms, saved PROFILE here: 'file:///tmp/exthost-dbb107.cpuprofile' [{"id":"gc","total":77326,"percentage":5},{"id":"program","total":1872,"percentage":0},{"id":"self","total":399871,"percentage":24},{"id":"vscode.git","total":1155016,"percentage":71}]
[2022-06-14 20:18:21.188] [renderer1] [info] UNRESPONSIVE extension host: starting to profile NOW
[2022-06-14 20:18:22.858] [renderer1] [info] UNRESPONSIVE extension host: received responsive event and cancelling profiling session
[2022-06-14 20:18:22.928] [renderer1] [warning] UNRESPONSIVE extension host: 'vscode.git' took 91% of 2214.494ms, saved PROFILE here: 'file:///tmp/exthost-672bcb.cpuprofile' [{"id":"gc","total":31421,"percentage":1},{"id":"program","total":101,"percentage":0},{"id":"self","total":165690,"percentage":7},{"id":"vscode.git","total":2016231,"percentage":91}]
[2022-06-14 20:18:33.927] [renderer1] [info] UNRESPONSIVE extension host: starting to profile NOW
[2022-06-14 20:18:39.040] [renderer1] [warning] UNRESPONSIVE extension host: 'vscode.git' took 95% of 5572.642ms, saved PROFILE here: 'file:///tmp/exthost-ab2c92.cpuprofile' [{"id":"gc","total":84677,"percentage":2},{"id":"self","total":210491,"percentage":4},{"id":"vscode.git","total":5274125,"percentage":95}]
[2022-06-14 20:18:56.658] [renderer1] [info] UNRESPONSIVE extension host: starting to profile NOW
[2022-06-14 20:18:59.799] [renderer1] [info] UNRESPONSIVE extension host: received responsive event and cancelling profiling session
[2022-06-14 20:19:00.018] [renderer1] [warning] UNRESPONSIVE extension host: 'vscode.git' took 86% of 3453.72ms, saved PROFILE here: 'file:///tmp/exthost-36bfc4.cpuprofile' [{"id":"gc","total":93157,"percentage":3},{"id":"program","total":89,"percentage":0},{"id":"self","total":386958,"percentage":11},{"id":"vscode.git","total":2973174,"percentage":86}]
[2022-06-14 20:19:15.188] [renderer1] [info] UNRESPONSIVE extension host: starting to profile NOW
[2022-06-14 20:19:19.329] [renderer1] [info] UNRESPONSIVE extension host: received responsive event and cancelling profiling session
[2022-06-14 20:19:19.534] [renderer1] [warning] UNRESPONSIVE extension host: 'vscode.git' took 89% of 4594.195ms, saved PROFILE here: 'file:///tmp/exthost-274ebf.cpuprofile' [{"id":"gc","total":113849,"percentage":2},{"id":"program","total":1656,"percentage":0},{"id":"self","total":409865,"percentage":9},{"id":"vscode.git","total":4066767,"percentage":89}]
