[2022-07-20T17:03:51.505Z] Log level: Info
[2022-07-20T17:03:51.507Z] [info] Validating found git in: git
[2022-07-20T17:03:51.543Z] [info] Using git 2.37.1 from git
[2022-07-20T17:03:51.597Z] > git rev-parse --show-toplevel [27ms]
[2022-07-20T17:03:51.618Z] > git rev-parse --git-dir --git-common-dir [4ms]
[2022-07-20T17:03:51.624Z] [info] Open repository: /home/upalb/Assignment-2
[2022-07-20T17:03:51.653Z] > git status -z -uall [13ms]
[2022-07-20T17:03:51.672Z] > git symbolic-ref --short HEAD [2ms]
[2022-07-20T17:03:51.717Z] > git for-each-ref --format=%(refname)%00%(upstream:short)%00%(objectname)%00%(upstream:track)%00%(upstream:remotename)%00%(upstream:remoteref) refs/heads/main refs/remotes/main [27ms]
[2022-07-20T17:03:51.877Z] > git remote --verbose [122ms]
[2022-07-20T17:03:51.877Z] > git for-each-ref --sort -committerdate --format %(refname) %(objectname) %(*objectname) [139ms]
[2022-07-20T17:03:51.899Z] > git config --get commit.template [4ms]
[2022-07-20T17:03:51.945Z] > git status -z -uall [30ms]
[2022-07-20T17:03:51.957Z] > git show --textconv :css/style.css [27ms]
[2022-07-20T17:03:51.957Z] > git ls-files --stage -- /home/upalb/Assignment-2/css/style.css [14ms]
[2022-07-20T17:03:51.972Z] > git cat-file -s 781544d50ccc428fef1f6152f563addba0aa1c37 [3ms]
[2022-07-20T17:03:51.973Z] > git symbolic-ref --short HEAD [16ms]
[2022-07-20T17:03:51.988Z] > git for-each-ref --format=%(refname)%00%(upstream:short)%00%(objectname)%00%(upstream:track)%00%(upstream:remotename)%00%(upstream:remoteref) refs/heads/main refs/remotes/main [3ms]
[2022-07-20T17:03:52.022Z] > git for-each-ref --sort -committerdate --format %(refname) %(objectname) %(*objectname) [19ms]
[2022-07-20T17:03:52.023Z] > git remote --verbose [5ms]
[2022-07-20T17:03:52.041Z] > git config --get commit.template [2ms]
[2022-07-20T17:03:52.224Z] > git check-ignore -v -z --stdin [2ms]
[2022-07-20T17:03:59.640Z] > git config --global user.email [6ms]
[2022-07-20T17:03:59.665Z] > git config --global user.name [7ms]
[2022-07-20T17:03:59.695Z] > git status -z -uall [13ms]
[2022-07-20T17:03:59.710Z] > git symbolic-ref --short HEAD [3ms]
[2022-07-20T17:03:59.730Z] > git for-each-ref --format=%(refname)%00%(upstream:short)%00%(objectname)%00%(upstream:track)%00%(upstream:remotename)%00%(upstream:remoteref) refs/heads/main refs/remotes/main [7ms]
[2022-07-20T17:03:59.794Z] > git remote --verbose [24ms]
[2022-07-20T17:03:59.795Z] > git for-each-ref --sort -committerdate --format %(refname) %(objectname) %(*objectname) [49ms]
[2022-07-20T17:03:59.836Z] > git config --get commit.template [5ms]
[2022-07-20T17:03:59.865Z] > git show -s --format=%an <%ae> [%ai] 92c1f4b02bf75ecfda62739a71bc00a4184511a4 [4ms]
[2022-07-20T17:03:59.940Z] > git show -s --format=%H%n%aN%n%aE%n%at%n%ct%n%P%n%D%n%B -z 92c1f4b02bf75ecfda62739a71bc00a4184511a4 [44ms]
[2022-07-20T17:03:59.978Z] > git show -s --format=%an <%ae> [%ai] be9e6cdedec2e548ff9d9ca0619fa7c55c0a03c9 [18ms]
[2022-07-20T17:04:00.001Z] > git show -s --format=%H%n%aN%n%aE%n%at%n%ct%n%P%n%D%n%B -z be9e6cdedec2e548ff9d9ca0619fa7c55c0a03c9 [4ms]
[2022-07-20T17:04:00.037Z] > git show -s --format=%an <%ae> [%ai] 44b3a618cdc1cb73b658a97e318fed16e12b9cab [14ms]
[2022-07-20T17:04:00.060Z] > git show -s --format=%H%n%aN%n%aE%n%at%n%ct%n%P%n%D%n%B -z 44b3a618cdc1cb73b658a97e318fed16e12b9cab [4ms]
[2022-07-20T17:04:00.075Z] > git show -s --format=%an <%ae> [%ai] 6ea563e7d5673418771c402497decffbf5c547b7 [3ms]
[2022-07-20T17:04:00.089Z] > git show -s --format=%H%n%aN%n%aE%n%at%n%ct%n%P%n%D%n%B -z 6ea563e7d5673418771c402497decffbf5c547b7 [2ms]
[2022-07-20T17:34:11.624Z] > git status -z -uall [9ms]
[2022-07-20T17:34:11.644Z] > git symbolic-ref --short HEAD [2ms]
[2022-07-20T17:34:11.665Z] > git for-each-ref --format=%(refname)%00%(upstream:short)%00%(objectname)%00%(upstream:track)%00%(upstream:remotename)%00%(upstream:remoteref) refs/heads/main refs/remotes/main [3ms]
[2022-07-20T17:34:11.704Z] > git for-each-ref --sort -committerdate --format %(refname) %(objectname) %(*objectname) [21ms]
[2022-07-20T17:34:11.707Z] > git remote --verbose [6ms]
[2022-07-20T17:34:11.756Z] > git config --get commit.template [14ms]
[2022-07-20T17:34:16.780Z] > git status -z -uall [3ms]
[2022-07-20T17:34:16.799Z] > git symbolic-ref --short HEAD [2ms]
[2022-07-20T17:34:16.820Z] > git for-each-ref --format=%(refname)%00%(upstream:short)%00%(objectname)%00%(upstream:track)%00%(upstream:remotename)%00%(upstream:remoteref) refs/heads/main refs/remotes/main [5ms]
[2022-07-20T17:34:16.854Z] > git for-each-ref --sort -committerdate --format %(refname) %(objectname) %(*objectname) [19ms]
[2022-07-20T17:34:16.856Z] > git remote --verbose [5ms]
[2022-07-20T17:34:16.879Z] > git config --get commit.template [2ms]
[2022-07-20T17:39:11.116Z] > git status -z -uall [4ms]
[2022-07-20T17:39:11.137Z] > git symbolic-ref --short HEAD [2ms]
[2022-07-20T17:39:11.178Z] > git for-each-ref --format=%(refname)%00%(upstream:short)%00%(objectname)%00%(upstream:track)%00%(upstream:remotename)%00%(upstream:remoteref) refs/heads/main refs/remotes/main [10ms]
[2022-07-20T17:39:11.237Z] > git for-each-ref --sort -committerdate --format %(refname) %(objectname) %(*objectname) [31ms]
[2022-07-20T17:39:11.238Z] > git remote --verbose [4ms]
[2022-07-20T17:39:11.282Z] > git config --get commit.template [7ms]
[2022-07-20T17:40:20.674Z] > git status -z -uall [2ms]
[2022-07-20T17:40:20.700Z] > git symbolic-ref --short HEAD [6ms]
[2022-07-20T17:40:20.717Z] > git for-each-ref --format=%(refname)%00%(upstream:short)%00%(objectname)%00%(upstream:track)%00%(upstream:remotename)%00%(upstream:remoteref) refs/heads/main refs/remotes/main [2ms]
[2022-07-20T17:40:20.753Z] > git remote --verbose [5ms]
[2022-07-20T17:40:20.755Z] > git for-each-ref --sort -committerdate --format %(refname) %(objectname) %(*objectname) [22ms]
[2022-07-20T17:40:20.784Z] > git config --get commit.template [3ms]
[2022-07-20T17:40:25.809Z] > git status -z -uall [3ms]
[2022-07-20T17:40:25.835Z] > git symbolic-ref --short HEAD [5ms]
[2022-07-20T17:40:25.858Z] > git for-each-ref --format=%(refname)%00%(upstream:short)%00%(objectname)%00%(upstream:track)%00%(upstream:remotename)%00%(upstream:remoteref) refs/heads/main refs/remotes/main [2ms]
[2022-07-20T17:40:25.905Z] > git for-each-ref --sort -committerdate --format %(refname) %(objectname) %(*objectname) [27ms]
[2022-07-20T17:40:25.906Z] > git remote --verbose [3ms]
[2022-07-20T17:40:25.942Z] > git config --get commit.template [2ms]
[2022-07-20T17:40:37.198Z] > git status -z -uall [3ms]
[2022-07-20T17:40:37.217Z] > git symbolic-ref --short HEAD [3ms]
[2022-07-20T17:40:37.238Z] > git for-each-ref --format=%(refname)%00%(upstream:short)%00%(objectname)%00%(upstream:track)%00%(upstream:remotename)%00%(upstream:remoteref) refs/heads/main refs/remotes/main [3ms]
[2022-07-20T17:40:37.275Z] > git for-each-ref --sort -committerdate --format %(refname) %(objectname) %(*objectname) [20ms]
[2022-07-20T17:40:37.276Z] > git remote --verbose [4ms]
[2022-07-20T17:40:37.297Z] > git config --get commit.template [2ms]
[2022-07-20T17:40:51.947Z] > git status -z -uall [5ms]
[2022-07-20T17:40:51.982Z] > git symbolic-ref --short HEAD [2ms]
[2022-07-20T17:40:52.016Z] > git for-each-ref --format=%(refname)%00%(upstream:short)%00%(objectname)%00%(upstream:track)%00%(upstream:remotename)%00%(upstream:remoteref) refs/heads/main refs/remotes/main [3ms]
[2022-07-20T17:40:52.064Z] > git for-each-ref --sort -committerdate --format %(refname) %(objectname) %(*objectname) [27ms]
[2022-07-20T17:40:52.065Z] > git remote --verbose [2ms]
[2022-07-20T17:40:52.109Z] > git config --get commit.template [4ms]
[2022-07-20T17:41:06.773Z] > git status -z -uall [2ms]
[2022-07-20T17:41:06.794Z] > git symbolic-ref --short HEAD [2ms]
[2022-07-20T17:41:06.819Z] > git for-each-ref --format=%(refname)%00%(upstream:short)%00%(objectname)%00%(upstream:track)%00%(upstream:remotename)%00%(upstream:remoteref) refs/heads/main refs/remotes/main [3ms]
[2022-07-20T17:41:06.868Z] > git for-each-ref --sort -committerdate --format %(refname) %(objectname) %(*objectname) [32ms]
[2022-07-20T17:41:06.868Z] > git remote --verbose [12ms]
[2022-07-20T17:41:06.888Z] > git config --get commit.template [2ms]
[2022-07-20T17:42:04.867Z] > git status -z -uall [6ms]
[2022-07-20T17:42:04.889Z] > git symbolic-ref --short HEAD [2ms]
[2022-07-20T17:42:04.915Z] > git for-each-ref --format=%(refname)%00%(upstream:short)%00%(objectname)%00%(upstream:track)%00%(upstream:remotename)%00%(upstream:remoteref) refs/heads/main refs/remotes/main [3ms]
[2022-07-20T17:42:04.954Z] > git for-each-ref --sort -committerdate --format %(refname) %(objectname) %(*objectname) [19ms]
[2022-07-20T17:42:04.955Z] > git remote --verbose [2ms]
[2022-07-20T17:42:04.978Z] > git config --get commit.template [2ms]
[2022-07-20T17:42:10.095Z] > git status -z -uall [26ms]
[2022-07-20T17:42:10.120Z] > git symbolic-ref --short HEAD [5ms]
[2022-07-20T17:42:10.360Z] > git for-each-ref --format=%(refname)%00%(upstream:short)%00%(objectname)%00%(upstream:track)%00%(upstream:remotename)%00%(upstream:remoteref) refs/heads/main refs/remotes/main [176ms]
[2022-07-20T17:42:10.417Z] > git for-each-ref --sort -committerdate --format %(refname) %(objectname) %(*objectname) [32ms]
[2022-07-20T17:42:10.419Z] > git remote --verbose [7ms]
[2022-07-20T17:42:10.454Z] > git config --get commit.template [16ms]
[2022-07-20T17:42:15.766Z] > git status -z -uall [5ms]
[2022-07-20T17:42:15.791Z] > git symbolic-ref --short HEAD [3ms]
[2022-07-20T17:42:15.812Z] > git for-each-ref --format=%(refname)%00%(upstream:short)%00%(objectname)%00%(upstream:track)%00%(upstream:remotename)%00%(upstream:remoteref) refs/heads/main refs/remotes/main [2ms]
[2022-07-20T17:42:15.852Z] > git for-each-ref --sort -committerdate --format %(refname) %(objectname) %(*objectname) [19ms]
[2022-07-20T17:42:15.854Z] > git remote --verbose [3ms]
[2022-07-20T17:42:15.875Z] > git config --get commit.template [2ms]
[2022-07-20T17:42:22.192Z] > git status -z -uall [7ms]
[2022-07-20T17:42:22.227Z] > git symbolic-ref --short HEAD [4ms]
[2022-07-20T17:42:22.260Z] > git for-each-ref --format=%(refname)%00%(upstream:short)%00%(objectname)%00%(upstream:track)%00%(upstream:remotename)%00%(upstream:remoteref) refs/heads/main refs/remotes/main [4ms]
[2022-07-20T17:42:22.308Z] > git for-each-ref --sort -committerdate --format %(refname) %(objectname) %(*objectname) [24ms]
[2022-07-20T17:42:22.309Z] > git remote --verbose [2ms]
[2022-07-20T17:42:22.335Z] > git config --get commit.template [4ms]
[2022-07-20T17:42:27.361Z] > git status -z -uall [6ms]
[2022-07-20T17:42:27.388Z] > git symbolic-ref --short HEAD [4ms]
[2022-07-20T17:42:27.419Z] > git for-each-ref --format=%(refname)%00%(upstream:short)%00%(objectname)%00%(upstream:track)%00%(upstream:remotename)%00%(upstream:remoteref) refs/heads/main refs/remotes/main [4ms]
[2022-07-20T17:42:27.501Z] > git for-each-ref --sort -committerdate --format %(refname) %(objectname) %(*objectname) [51ms]
[2022-07-20T17:42:27.503Z] > git remote --verbose [8ms]
[2022-07-20T17:42:27.549Z] > git config --get commit.template [3ms]
[2022-07-20T17:42:34.083Z] > git status -z -uall [9ms]
[2022-07-20T17:42:34.116Z] > git symbolic-ref --short HEAD [8ms]
[2022-07-20T17:42:34.168Z] > git for-each-ref --format=%(refname)%00%(upstream:short)%00%(objectname)%00%(upstream:track)%00%(upstream:remotename)%00%(upstream:remoteref) refs/heads/main refs/remotes/main [8ms]
[2022-07-20T17:42:34.215Z] > git for-each-ref --sort -committerdate --format %(refname) %(objectname) %(*objectname) [21ms]
[2022-07-20T17:42:34.216Z] > git remote --verbose [3ms]
[2022-07-20T17:42:34.243Z] > git config --get commit.template [7ms]
[2022-07-20T17:43:48.979Z] > git status -z -uall [4ms]
[2022-07-20T17:43:48.996Z] > git symbolic-ref --short HEAD [2ms]
[2022-07-20T17:43:49.013Z] > git for-each-ref --format=%(refname)%00%(upstream:short)%00%(objectname)%00%(upstream:track)%00%(upstream:remotename)%00%(upstream:remoteref) refs/heads/main refs/remotes/main [3ms]
[2022-07-20T17:43:49.049Z] > git remote --verbose [4ms]
[2022-07-20T17:43:49.050Z] > git for-each-ref --sort -committerdate --format %(refname) %(objectname) %(*objectname) [21ms]
[2022-07-20T17:43:49.089Z] > git config --get commit.template [2ms]
[2022-07-20T17:43:58.420Z] > git status -z -uall [6ms]
[2022-07-20T17:43:58.441Z] > git symbolic-ref --short HEAD [2ms]
[2022-07-20T17:43:58.467Z] > git for-each-ref --format=%(refname)%00%(upstream:short)%00%(objectname)%00%(upstream:track)%00%(upstream:remotename)%00%(upstream:remoteref) refs/heads/main refs/remotes/main [6ms]
[2022-07-20T17:43:58.512Z] > git for-each-ref --sort -committerdate --format %(refname) %(objectname) %(*objectname) [23ms]
[2022-07-20T17:43:58.514Z] > git remote --verbose [4ms]
[2022-07-20T17:43:58.543Z] > git config --get commit.template [2ms]
[2022-07-20T17:46:48.283Z] > git status -z -uall [3ms]
[2022-07-20T17:46:48.298Z] > git symbolic-ref --short HEAD [1ms]
[2022-07-20T17:46:48.314Z] > git for-each-ref --format=%(refname)%00%(upstream:short)%00%(objectname)%00%(upstream:track)%00%(upstream:remotename)%00%(upstream:remoteref) refs/heads/main refs/remotes/main [3ms]
[2022-07-20T17:46:48.344Z] > git for-each-ref --sort -committerdate --format %(refname) %(objectname) %(*objectname) [15ms]
[2022-07-20T17:46:48.345Z] > git remote --verbose [2ms]
[2022-07-20T17:46:48.365Z] > git config --get commit.template [2ms]
[2022-07-20T17:47:16.442Z] > git status -z -uall [8ms]
[2022-07-20T17:47:16.467Z] > git symbolic-ref --short HEAD [2ms]
[2022-07-20T17:47:16.486Z] > git for-each-ref --format=%(refname)%00%(upstream:short)%00%(objectname)%00%(upstream:track)%00%(upstream:remotename)%00%(upstream:remoteref) refs/heads/main refs/remotes/main [3ms]
[2022-07-20T17:47:16.520Z] > git for-each-ref --sort -committerdate --format %(refname) %(objectname) %(*objectname) [18ms]
[2022-07-20T17:47:16.520Z] > git remote --verbose [2ms]
[2022-07-20T17:47:16.538Z] > git config --get commit.template [2ms]
[2022-07-20T17:47:37.171Z] > git status -z -uall [2ms]
[2022-07-20T17:47:37.194Z] > git symbolic-ref --short HEAD [3ms]
[2022-07-20T17:47:37.215Z] > git for-each-ref --format=%(refname)%00%(upstream:short)%00%(objectname)%00%(upstream:track)%00%(upstream:remotename)%00%(upstream:remoteref) refs/heads/main refs/remotes/main [4ms]
[2022-07-20T17:47:37.249Z] > git for-each-ref --sort -committerdate --format %(refname) %(objectname) %(*objectname) [17ms]
[2022-07-20T17:47:37.250Z] > git remote --verbose [1ms]
[2022-07-20T17:47:37.270Z] > git config --get commit.template [2ms]
[2022-07-20T17:48:40.067Z] > git status -z -uall [7ms]
[2022-07-20T17:48:40.113Z] > git symbolic-ref --short HEAD [8ms]
[2022-07-20T17:48:40.156Z] > git for-each-ref --format=%(refname)%00%(upstream:short)%00%(objectname)%00%(upstream:track)%00%(upstream:remotename)%00%(upstream:remoteref) refs/heads/main refs/remotes/main [7ms]
[2022-07-20T17:48:40.197Z] > git for-each-ref --sort -committerdate --format %(refname) %(objectname) %(*objectname) [15ms]
[2022-07-20T17:48:40.197Z] > git remote --verbose [2ms]
[2022-07-20T17:48:40.215Z] > git config --get commit.template [2ms]
[2022-07-20T17:49:47.280Z] > git status -z -uall [7ms]
[2022-07-20T17:49:47.316Z] > git symbolic-ref --short HEAD [5ms]
[2022-07-20T17:49:47.343Z] > git for-each-ref --format=%(refname)%00%(upstream:short)%00%(objectname)%00%(upstream:track)%00%(upstream:remotename)%00%(upstream:remoteref) refs/heads/main refs/remotes/main [4ms]
[2022-07-20T17:49:47.383Z] > git for-each-ref --sort -committerdate --format %(refname) %(objectname) %(*objectname) [16ms]
[2022-07-20T17:49:47.384Z] > git remote --verbose [2ms]
[2022-07-20T17:49:47.408Z] > git config --get commit.template [2ms]
[2022-07-20T17:49:52.972Z] > git status -z -uall [5ms]
[2022-07-20T17:49:53.020Z] > git symbolic-ref --short HEAD [3ms]
[2022-07-20T17:49:53.055Z] > git for-each-ref --format=%(refname)%00%(upstream:short)%00%(objectname)%00%(upstream:track)%00%(upstream:remotename)%00%(upstream:remoteref) refs/heads/main refs/remotes/main [1ms]
[2022-07-20T17:49:53.098Z] > git for-each-ref --sort -committerdate --format %(refname) %(objectname) %(*objectname) [22ms]
[2022-07-20T17:49:53.099Z] > git remote --verbose [2ms]
[2022-07-20T17:49:53.125Z] > git config --get commit.template [3ms]
[2022-07-20T17:49:58.151Z] > git status -z -uall [3ms]
[2022-07-20T17:49:58.172Z] > git symbolic-ref --short HEAD [2ms]
[2022-07-20T17:49:58.194Z] > git for-each-ref --format=%(refname)%00%(upstream:short)%00%(objectname)%00%(upstream:track)%00%(upstream:remotename)%00%(upstream:remoteref) refs/heads/main refs/remotes/main [4ms]
[2022-07-20T17:49:58.231Z] > git for-each-ref --sort -committerdate --format %(refname) %(objectname) %(*objectname) [18ms]
[2022-07-20T17:49:58.231Z] > git remote --verbose [1ms]
[2022-07-20T17:49:58.254Z] > git config --get commit.template [1ms]
[2022-07-20T17:50:57.338Z] > git status -z -uall [5ms]
[2022-07-20T17:50:57.381Z] > git symbolic-ref --short HEAD [8ms]
[2022-07-20T17:50:57.417Z] > git for-each-ref --format=%(refname)%00%(upstream:short)%00%(objectname)%00%(upstream:track)%00%(upstream:remotename)%00%(upstream:remoteref) refs/heads/main refs/remotes/main [5ms]
[2022-07-20T17:50:57.463Z] > git for-each-ref --sort -committerdate --format %(refname) %(objectname) %(*objectname) [18ms]
[2022-07-20T17:50:57.463Z] > git remote --verbose [2ms]
[2022-07-20T17:50:57.483Z] > git config --get commit.template [2ms]
[2022-07-20T17:51:09.357Z] > git status -z -uall [3ms]
[2022-07-20T17:51:09.382Z] > git symbolic-ref --short HEAD [3ms]
[2022-07-20T17:51:09.403Z] > git for-each-ref --format=%(refname)%00%(upstream:short)%00%(objectname)%00%(upstream:track)%00%(upstream:remotename)%00%(upstream:remoteref) refs/heads/main refs/remotes/main [1ms]
[2022-07-20T17:51:09.440Z] > git for-each-ref --sort -committerdate --format %(refname) %(objectname) %(*objectname) [18ms]
[2022-07-20T17:51:09.441Z] > git remote --verbose [2ms]
[2022-07-20T17:51:09.459Z] > git config --get commit.template [1ms]
[2022-07-20T17:51:23.947Z] > git status -z -uall [5ms]
[2022-07-20T17:51:23.989Z] > git symbolic-ref --short HEAD [4ms]
[2022-07-20T17:51:24.028Z] > git for-each-ref --format=%(refname)%00%(upstream:short)%00%(objectname)%00%(upstream:track)%00%(upstream:remotename)%00%(upstream:remoteref) refs/heads/main refs/remotes/main [4ms]
[2022-07-20T17:51:24.077Z] > git for-each-ref --sort -committerdate --format %(refname) %(objectname) %(*objectname) [20ms]
[2022-07-20T17:51:24.077Z] > git remote --verbose [1ms]
[2022-07-20T17:51:24.098Z] > git config --get commit.template [2ms]
[2022-07-20T17:51:29.122Z] > git status -z -uall [5ms]
[2022-07-20T17:51:29.140Z] > git symbolic-ref --short HEAD [1ms]
[2022-07-20T17:51:29.159Z] > git for-each-ref --format=%(refname)%00%(upstream:short)%00%(objectname)%00%(upstream:track)%00%(upstream:remotename)%00%(upstream:remoteref) refs/heads/main refs/remotes/main [3ms]
[2022-07-20T17:51:29.194Z] > git for-each-ref --sort -committerdate --format %(refname) %(objectname) %(*objectname) [18ms]
[2022-07-20T17:51:29.195Z] > git remote --verbose [2ms]
[2022-07-20T17:51:29.216Z] > git config --get commit.template [2ms]
[2022-07-20T17:52:54.621Z] > git status -z -uall [3ms]
[2022-07-20T17:52:54.642Z] > git symbolic-ref --short HEAD [3ms]
[2022-07-20T17:52:54.665Z] > git for-each-ref --format=%(refname)%00%(upstream:short)%00%(objectname)%00%(upstream:track)%00%(upstream:remotename)%00%(upstream:remoteref) refs/heads/main refs/remotes/main [2ms]
[2022-07-20T17:52:54.702Z] > git for-each-ref --sort -committerdate --format %(refname) %(objectname) %(*objectname) [19ms]
[2022-07-20T17:52:54.703Z] > git remote --verbose [3ms]
[2022-07-20T17:52:54.725Z] > git config --get commit.template [3ms]
[2022-07-20T17:53:10.225Z] > git status -z -uall [3ms]
[2022-07-20T17:53:10.242Z] > git symbolic-ref --short HEAD [3ms]
[2022-07-20T17:53:10.261Z] > git for-each-ref --format=%(refname)%00%(upstream:short)%00%(objectname)%00%(upstream:track)%00%(upstream:remotename)%00%(upstream:remoteref) refs/heads/main refs/remotes/main [3ms]
[2022-07-20T17:53:10.294Z] > git for-each-ref --sort -committerdate --format %(refname) %(objectname) %(*objectname) [16ms]
[2022-07-20T17:53:10.295Z] > git remote --verbose [2ms]
[2022-07-20T17:53:10.315Z] > git config --get commit.template [3ms]
[2022-07-20T17:53:18.198Z] > git status -z -uall [3ms]
[2022-07-20T17:53:18.227Z] > git symbolic-ref --short HEAD [3ms]
[2022-07-20T17:53:18.248Z] > git for-each-ref --format=%(refname)%00%(upstream:short)%00%(objectname)%00%(upstream:track)%00%(upstream:remotename)%00%(upstream:remoteref) refs/heads/main refs/remotes/main [2ms]
[2022-07-20T17:53:18.286Z] > git for-each-ref --sort -committerdate --format %(refname) %(objectname) %(*objectname) [21ms]
[2022-07-20T17:53:18.286Z] > git remote --verbose [3ms]
[2022-07-20T17:53:18.304Z] > git config --get commit.template [1ms]
[2022-07-20T17:53:45.309Z] > git status -z -uall [3ms]
[2022-07-20T17:53:45.336Z] > git symbolic-ref --short HEAD [3ms]
[2022-07-20T17:53:45.355Z] > git for-each-ref --format=%(refname)%00%(upstream:short)%00%(objectname)%00%(upstream:track)%00%(upstream:remotename)%00%(upstream:remoteref) refs/heads/main refs/remotes/main [3ms]
[2022-07-20T17:53:45.395Z] > git for-each-ref --sort -committerdate --format %(refname) %(objectname) %(*objectname) [22ms]
[2022-07-20T17:53:45.395Z] > git remote --verbose [2ms]
[2022-07-20T17:53:45.417Z] > git config --get commit.template [2ms]
[2022-07-20T17:53:50.436Z] > git status -z -uall [3ms]
[2022-07-20T17:53:50.452Z] > git symbolic-ref --short HEAD [2ms]
[2022-07-20T17:53:50.469Z] > git for-each-ref --format=%(refname)%00%(upstream:short)%00%(objectname)%00%(upstream:track)%00%(upstream:remotename)%00%(upstream:remoteref) refs/heads/main refs/remotes/main [3ms]
[2022-07-20T17:53:50.499Z] > git for-each-ref --sort -committerdate --format %(refname) %(objectname) %(*objectname) [15ms]
[2022-07-20T17:53:50.499Z] > git remote --verbose [1ms]
[2022-07-20T17:53:50.518Z] > git config --get commit.template [3ms]
[2022-07-20T17:54:05.159Z] > git status -z -uall [4ms]
[2022-07-20T17:54:05.194Z] > git symbolic-ref --short HEAD [4ms]
[2022-07-20T17:54:05.228Z] > git for-each-ref --format=%(refname)%00%(upstream:short)%00%(objectname)%00%(upstream:track)%00%(upstream:remotename)%00%(upstream:remoteref) refs/heads/main refs/remotes/main [7ms]
[2022-07-20T17:54:05.276Z] > git for-each-ref --sort -committerdate --format %(refname) %(objectname) %(*objectname) [22ms]
[2022-07-20T17:54:05.277Z] > git remote --verbose [3ms]
[2022-07-20T17:54:05.301Z] > git config --get commit.template [2ms]
[2022-07-20T17:54:29.522Z] > git status -z -uall [4ms]
[2022-07-20T17:54:29.544Z] > git symbolic-ref --short HEAD [3ms]
[2022-07-20T17:54:29.565Z] > git for-each-ref --format=%(refname)%00%(upstream:short)%00%(objectname)%00%(upstream:track)%00%(upstream:remotename)%00%(upstream:remoteref) refs/heads/main refs/remotes/main [2ms]
[2022-07-20T17:54:29.607Z] > git for-each-ref --sort -committerdate --format %(refname) %(objectname) %(*objectname) [22ms]
[2022-07-20T17:54:29.609Z] > git remote --verbose [4ms]
[2022-07-20T17:54:29.636Z] > git config --get commit.template [4ms]
[2022-07-20T17:54:47.325Z] > git status -z -uall [3ms]
[2022-07-20T17:54:47.346Z] > git symbolic-ref --short HEAD [5ms]
[2022-07-20T17:54:47.364Z] > git for-each-ref --format=%(refname)%00%(upstream:short)%00%(objectname)%00%(upstream:track)%00%(upstream:remotename)%00%(upstream:remoteref) refs/heads/main refs/remotes/main [2ms]
[2022-07-20T17:54:47.397Z] > git for-each-ref --sort -committerdate --format %(refname) %(objectname) %(*objectname) [16ms]
[2022-07-20T17:54:47.398Z] > git remote --verbose [3ms]
[2022-07-20T17:54:47.415Z] > git config --get commit.template [2ms]
[2022-07-20T17:55:17.162Z] > git status -z -uall [3ms]
[2022-07-20T17:55:17.181Z] > git symbolic-ref --short HEAD [2ms]
[2022-07-20T17:55:17.201Z] > git for-each-ref --format=%(refname)%00%(upstream:short)%00%(objectname)%00%(upstream:track)%00%(upstream:remotename)%00%(upstream:remoteref) refs/heads/main refs/remotes/main [2ms]
[2022-07-20T17:55:17.236Z] > git for-each-ref --sort -committerdate --format %(refname) %(objectname) %(*objectname) [19ms]
[2022-07-20T17:55:17.236Z] > git remote --verbose [2ms]
[2022-07-20T17:55:17.256Z] > git config --get commit.template [2ms]
[2022-07-20T17:59:05.305Z] > git status -z -uall [2ms]
[2022-07-20T17:59:05.338Z] > git symbolic-ref --short HEAD [3ms]
[2022-07-20T17:59:05.359Z] > git for-each-ref --format=%(refname)%00%(upstream:short)%00%(objectname)%00%(upstream:track)%00%(upstream:remotename)%00%(upstream:remoteref) refs/heads/main refs/remotes/main [3ms]
[2022-07-20T17:59:05.398Z] > git for-each-ref --sort -committerdate --format %(refname) %(objectname) %(*objectname) [22ms]
[2022-07-20T17:59:05.398Z] > git remote --verbose [2ms]
[2022-07-20T17:59:05.417Z] > git config --get commit.template [1ms]
[2022-07-20T17:59:22.572Z] > git status -z -uall [2ms]
[2022-07-20T17:59:22.590Z] > git symbolic-ref --short HEAD [2ms]
[2022-07-20T17:59:22.612Z] > git for-each-ref --format=%(refname)%00%(upstream:short)%00%(objectname)%00%(upstream:track)%00%(upstream:remotename)%00%(upstream:remoteref) refs/heads/main refs/remotes/main [3ms]
[2022-07-20T17:59:22.639Z] > git for-each-ref --sort -committerdate --format %(refname) %(objectname) %(*objectname) [14ms]
[2022-07-20T17:59:22.639Z] > git remote --verbose [2ms]
[2022-07-20T17:59:22.660Z] > git config --get commit.template [2ms]
[2022-07-20T17:59:52.570Z] > git status -z -uall [12ms]
[2022-07-20T17:59:52.614Z] > git symbolic-ref --short HEAD [4ms]
[2022-07-20T17:59:52.647Z] > git for-each-ref --format=%(refname)%00%(upstream:short)%00%(objectname)%00%(upstream:track)%00%(upstream:remotename)%00%(upstream:remoteref) refs/heads/main refs/remotes/main [5ms]
[2022-07-20T17:59:52.687Z] > git for-each-ref --sort -committerdate --format %(refname) %(objectname) %(*objectname) [20ms]
[2022-07-20T17:59:52.688Z] > git remote --verbose [3ms]
[2022-07-20T17:59:52.708Z] > git config --get commit.template [2ms]
[2022-07-20T18:01:13.428Z] > git status -z -uall [8ms]
[2022-07-20T18:01:13.463Z] > git symbolic-ref --short HEAD [2ms]
[2022-07-20T18:01:13.510Z] > git for-each-ref --format=%(refname)%00%(upstream:short)%00%(objectname)%00%(upstream:track)%00%(upstream:remotename)%00%(upstream:remoteref) refs/heads/main refs/remotes/main [4ms]
[2022-07-20T18:01:13.548Z] > git for-each-ref --sort -committerdate --format %(refname) %(objectname) %(*objectname) [19ms]
[2022-07-20T18:01:13.549Z] > git remote --verbose [3ms]
[2022-07-20T18:01:13.570Z] > git config --get commit.template [4ms]
[2022-07-20T18:01:18.592Z] > git status -z -uall [3ms]
[2022-07-20T18:01:18.610Z] > git symbolic-ref --short HEAD [2ms]
[2022-07-20T18:01:18.629Z] > git for-each-ref --format=%(refname)%00%(upstream:short)%00%(objectname)%00%(upstream:track)%00%(upstream:remotename)%00%(upstream:remoteref) refs/heads/main refs/remotes/main [2ms]
[2022-07-20T18:01:18.662Z] > git for-each-ref --sort -committerdate --format %(refname) %(objectname) %(*objectname) [17ms]
[2022-07-20T18:01:18.663Z] > git remote --verbose [2ms]
[2022-07-20T18:01:18.691Z] > git config --get commit.template [4ms]
[2022-07-20T18:01:58.108Z] > git status -z -uall [5ms]
[2022-07-20T18:01:58.133Z] > git symbolic-ref --short HEAD [4ms]
[2022-07-20T18:01:58.151Z] > git for-each-ref --format=%(refname)%00%(upstream:short)%00%(objectname)%00%(upstream:track)%00%(upstream:remotename)%00%(upstream:remoteref) refs/heads/main refs/remotes/main [2ms]
[2022-07-20T18:01:58.179Z] > git for-each-ref --sort -committerdate --format %(refname) %(objectname) %(*objectname) [15ms]
[2022-07-20T18:01:58.179Z] > git remote --verbose [2ms]
[2022-07-20T18:01:58.204Z] > git config --get commit.template [2ms]
[2022-07-20T18:02:03.221Z] > git status -z -uall [4ms]
[2022-07-20T18:02:03.240Z] > git symbolic-ref --short HEAD [3ms]
[2022-07-20T18:02:03.259Z] > git for-each-ref --format=%(refname)%00%(upstream:short)%00%(objectname)%00%(upstream:track)%00%(upstream:remotename)%00%(upstream:remoteref) refs/heads/main refs/remotes/main [2ms]
[2022-07-20T18:02:03.321Z] > git remote --verbose [4ms]
[2022-07-20T18:02:03.321Z] > git for-each-ref --sort -committerdate --format %(refname) %(objectname) %(*objectname) [44ms]
[2022-07-20T18:02:03.369Z] > git config --get commit.template [5ms]
[2022-07-20T18:02:11.252Z] > git status -z -uall [4ms]
[2022-07-20T18:02:11.268Z] > git symbolic-ref --short HEAD [3ms]
[2022-07-20T18:02:11.286Z] > git for-each-ref --format=%(refname)%00%(upstream:short)%00%(objectname)%00%(upstream:track)%00%(upstream:remotename)%00%(upstream:remoteref) refs/heads/main refs/remotes/main [1ms]
[2022-07-20T18:02:11.320Z] > git for-each-ref --sort -committerdate --format %(refname) %(objectname) %(*objectname) [17ms]
[2022-07-20T18:02:11.320Z] > git remote --verbose [2ms]
[2022-07-20T18:02:11.339Z] > git config --get commit.template [1ms]
[2022-07-20T18:02:17.056Z] > git status -z -uall [2ms]
[2022-07-20T18:02:17.074Z] > git symbolic-ref --short HEAD [2ms]
[2022-07-20T18:02:17.095Z] > git for-each-ref --format=%(refname)%00%(upstream:short)%00%(objectname)%00%(upstream:track)%00%(upstream:remotename)%00%(upstream:remoteref) refs/heads/main refs/remotes/main [3ms]
[2022-07-20T18:02:17.129Z] > git for-each-ref --sort -committerdate --format %(refname) %(objectname) %(*objectname) [16ms]
[2022-07-20T18:02:17.129Z] > git remote --verbose [1ms]
[2022-07-20T18:02:17.147Z] > git config --get commit.template [2ms]
[2022-07-20T18:02:22.165Z] > git status -z -uall [3ms]
[2022-07-20T18:02:22.181Z] > git symbolic-ref --short HEAD [3ms]
[2022-07-20T18:02:22.196Z] > git for-each-ref --format=%(refname)%00%(upstream:short)%00%(objectname)%00%(upstream:track)%00%(upstream:remotename)%00%(upstream:remoteref) refs/heads/main refs/remotes/main [2ms]
[2022-07-20T18:02:22.225Z] > git for-each-ref --sort -committerdate --format %(refname) %(objectname) %(*objectname) [15ms]
[2022-07-20T18:02:22.226Z] > git remote --verbose [2ms]
[2022-07-20T18:02:22.243Z] > git config --get commit.template [2ms]
[2022-07-20T18:03:54.487Z] > git status -z -uall [3ms]
[2022-07-20T18:03:54.506Z] > git symbolic-ref --short HEAD [3ms]
[2022-07-20T18:03:54.530Z] > git for-each-ref --format=%(refname)%00%(upstream:short)%00%(objectname)%00%(upstream:track)%00%(upstream:remotename)%00%(upstream:remoteref) refs/heads/main refs/remotes/main [2ms]
[2022-07-20T18:03:54.567Z] > git for-each-ref --sort -committerdate --format %(refname) %(objectname) %(*objectname) [18ms]
[2022-07-20T18:03:54.568Z] > git remote --verbose [2ms]
[2022-07-20T18:03:54.590Z] > git config --get commit.template [3ms]
[2022-07-20T18:04:01.405Z] > git status -z -uall [3ms]
[2022-07-20T18:04:01.424Z] > git symbolic-ref --short HEAD [2ms]
[2022-07-20T18:04:01.443Z] > git for-each-ref --format=%(refname)%00%(upstream:short)%00%(objectname)%00%(upstream:track)%00%(upstream:remotename)%00%(upstream:remoteref) refs/heads/main refs/remotes/main [3ms]
[2022-07-20T18:04:01.478Z] > git for-each-ref --sort -committerdate --format %(refname) %(objectname) %(*objectname) [19ms]
[2022-07-20T18:04:01.479Z] > git remote --verbose [4ms]
[2022-07-20T18:04:01.505Z] > git config --get commit.template [3ms]
[2022-07-20T18:05:22.509Z] > git status -z -uall [5ms]
[2022-07-20T18:05:22.557Z] > git symbolic-ref --short HEAD [8ms]
[2022-07-20T18:05:22.599Z] > git for-each-ref --format=%(refname)%00%(upstream:short)%00%(objectname)%00%(upstream:track)%00%(upstream:remotename)%00%(upstream:remoteref) refs/heads/main refs/remotes/main [6ms]
[2022-07-20T18:05:22.630Z] > git for-each-ref --sort -committerdate --format %(refname) %(objectname) %(*objectname) [14ms]
[2022-07-20T18:05:22.631Z] > git remote --verbose [3ms]
[2022-07-20T18:05:22.649Z] > git config --get commit.template [2ms]
[2022-07-20T18:05:36.615Z] > git status -z -uall [3ms]
[2022-07-20T18:05:36.642Z] > git symbolic-ref --short HEAD [6ms]
[2022-07-20T18:05:36.663Z] > git for-each-ref --format=%(refname)%00%(upstream:short)%00%(objectname)%00%(upstream:track)%00%(upstream:remotename)%00%(upstream:remoteref) refs/heads/main refs/remotes/main [2ms]
[2022-07-20T18:05:36.702Z] > git for-each-ref --sort -committerdate --format %(refname) %(objectname) %(*objectname) [22ms]
[2022-07-20T18:05:36.703Z] > git remote --verbose [3ms]
[2022-07-20T18:05:36.722Z] > git config --get commit.template [2ms]
[2022-07-20T18:05:41.742Z] > git status -z -uall [3ms]
[2022-07-20T18:05:41.760Z] > git symbolic-ref --short HEAD [2ms]
[2022-07-20T18:05:41.778Z] > git for-each-ref --format=%(refname)%00%(upstream:short)%00%(objectname)%00%(upstream:track)%00%(upstream:remotename)%00%(upstream:remoteref) refs/heads/main refs/remotes/main [3ms]
[2022-07-20T18:05:41.815Z] > git for-each-ref --sort -committerdate --format %(refname) %(objectname) %(*objectname) [21ms]
[2022-07-20T18:05:41.816Z] > git remote --verbose [3ms]
[2022-07-20T18:05:41.836Z] > git config --get commit.template [1ms]
[2022-07-20T18:06:04.771Z] > git status -z -uall [2ms]
[2022-07-20T18:06:04.786Z] > git symbolic-ref --short HEAD [1ms]
[2022-07-20T18:06:04.801Z] > git for-each-ref --format=%(refname)%00%(upstream:short)%00%(objectname)%00%(upstream:track)%00%(upstream:remotename)%00%(upstream:remoteref) refs/heads/main refs/remotes/main [2ms]
[2022-07-20T18:06:04.829Z] > git for-each-ref --sort -committerdate --format %(refname) %(objectname) %(*objectname) [14ms]
[2022-07-20T18:06:04.835Z] > git remote --verbose [7ms]
[2022-07-20T18:06:04.852Z] > git config --get commit.template [2ms]
[2022-07-20T18:06:44.728Z] > git status -z -uall [4ms]
[2022-07-20T18:06:44.747Z] > git symbolic-ref --short HEAD [1ms]
[2022-07-20T18:06:44.768Z] > git for-each-ref --format=%(refname)%00%(upstream:short)%00%(objectname)%00%(upstream:track)%00%(upstream:remotename)%00%(upstream:remoteref) refs/heads/main refs/remotes/main [4ms]
[2022-07-20T18:06:44.809Z] > git for-each-ref --sort -committerdate --format %(refname) %(objectname) %(*objectname) [23ms]
[2022-07-20T18:06:44.810Z] > git remote --verbose [3ms]
[2022-07-20T18:06:44.831Z] > git config --get commit.template [1ms]
[2022-07-20T18:09:59.299Z] > git status -z -uall [3ms]
[2022-07-20T18:09:59.315Z] > git symbolic-ref --short HEAD [2ms]
[2022-07-20T18:09:59.334Z] > git for-each-ref --format=%(refname)%00%(upstream:short)%00%(objectname)%00%(upstream:track)%00%(upstream:remotename)%00%(upstream:remoteref) refs/heads/main refs/remotes/main [2ms]
[2022-07-20T18:09:59.368Z] > git for-each-ref --sort -committerdate --format %(refname) %(objectname) %(*objectname) [18ms]
[2022-07-20T18:09:59.369Z] > git remote --verbose [2ms]
[2022-07-20T18:09:59.392Z] > git config --get commit.template [3ms]
[2022-07-20T18:11:11.507Z] > git status -z -uall [3ms]
[2022-07-20T18:11:11.524Z] > git symbolic-ref --short HEAD [2ms]
[2022-07-20T18:11:11.542Z] > git for-each-ref --format=%(refname)%00%(upstream:short)%00%(objectname)%00%(upstream:track)%00%(upstream:remotename)%00%(upstream:remoteref) refs/heads/main refs/remotes/main [3ms]
[2022-07-20T18:11:11.571Z] > git for-each-ref --sort -committerdate --format %(refname) %(objectname) %(*objectname) [15ms]
[2022-07-20T18:11:11.572Z] > git remote --verbose [2ms]
[2022-07-20T18:11:11.592Z] > git config --get commit.template [2ms]
[2022-07-20T18:14:41.264Z] > git status -z -uall [7ms]
[2022-07-20T18:14:41.307Z] > git symbolic-ref --short HEAD [7ms]
[2022-07-20T18:14:41.343Z] > git for-each-ref --format=%(refname)%00%(upstream:short)%00%(objectname)%00%(upstream:track)%00%(upstream:remotename)%00%(upstream:remoteref) refs/heads/main refs/remotes/main [7ms]
[2022-07-20T18:14:41.404Z] > git for-each-ref --sort -committerdate --format %(refname) %(objectname) %(*objectname) [32ms]
[2022-07-20T18:14:41.407Z] > git remote --verbose [5ms]
[2022-07-20T18:14:41.441Z] > git config --get commit.template [3ms]
[2022-07-20T18:15:57.330Z] > git status -z -uall [3ms]
[2022-07-20T18:15:57.351Z] > git symbolic-ref --short HEAD [3ms]
[2022-07-20T18:15:57.375Z] > git for-each-ref --format=%(refname)%00%(upstream:short)%00%(objectname)%00%(upstream:track)%00%(upstream:remotename)%00%(upstream:remoteref) refs/heads/main refs/remotes/main [2ms]
[2022-07-20T18:15:57.412Z] > git for-each-ref --sort -committerdate --format %(refname) %(objectname) %(*objectname) [19ms]
[2022-07-20T18:15:57.412Z] > git remote --verbose [2ms]
[2022-07-20T18:15:57.430Z] > git config --get commit.template [1ms]
[2022-07-20T18:16:17.589Z] > git status -z -uall [9ms]
[2022-07-20T18:16:17.627Z] > git symbolic-ref --short HEAD [3ms]
[2022-07-20T18:16:17.658Z] > git for-each-ref --format=%(refname)%00%(upstream:short)%00%(objectname)%00%(upstream:track)%00%(upstream:remotename)%00%(upstream:remoteref) refs/heads/main refs/remotes/main [3ms]
[2022-07-20T18:16:17.701Z] > git for-each-ref --sort -committerdate --format %(refname) %(objectname) %(*objectname) [22ms]
[2022-07-20T18:16:17.702Z] > git remote --verbose [3ms]
[2022-07-20T18:16:17.721Z] > git config --get commit.template [2ms]
[2022-07-20T18:18:20.304Z] > git status -z -uall [5ms]
[2022-07-20T18:18:20.329Z] > git symbolic-ref --short HEAD [2ms]
[2022-07-20T18:18:20.356Z] > git for-each-ref --format=%(refname)%00%(upstream:short)%00%(objectname)%00%(upstream:track)%00%(upstream:remotename)%00%(upstream:remoteref) refs/heads/main refs/remotes/main [6ms]
[2022-07-20T18:18:20.404Z] > git for-each-ref --sort -committerdate --format %(refname) %(objectname) %(*objectname) [23ms]
[2022-07-20T18:18:20.407Z] > git remote --verbose [6ms]
[2022-07-20T18:18:20.437Z] > git config --get commit.template [4ms]
[2022-07-20T18:24:05.848Z] > git status -z -uall [4ms]
[2022-07-20T18:24:05.863Z] > git symbolic-ref --short HEAD [2ms]
[2022-07-20T18:24:05.878Z] > git for-each-ref --format=%(refname)%00%(upstream:short)%00%(objectname)%00%(upstream:track)%00%(upstream:remotename)%00%(upstream:remoteref) refs/heads/main refs/remotes/main [2ms]
[2022-07-20T18:24:05.927Z] > git for-each-ref --sort -committerdate --format %(refname) %(objectname) %(*objectname) [31ms]
[2022-07-20T18:24:05.928Z] > git remote --verbose [17ms]
[2022-07-20T18:24:05.969Z] > git ls-files --stage -- /home/upalb/Assignment-2/css/style.css [43ms]
[2022-07-20T18:24:05.995Z] > git config --get commit.template [26ms]
[2022-07-20T18:24:05.996Z] > git cat-file -s 781544d50ccc428fef1f6152f563addba0aa1c37 [7ms]
[2022-07-20T18:24:06.015Z] > git show --textconv :css/style.css [3ms]
[2022-07-20T18:24:08.025Z] > git show --textconv :upcoming-match.html [202ms]
[2022-07-20T18:24:08.026Z] > git ls-files --stage -- /home/upalb/Assignment-2/upcoming-match.html [172ms]
[2022-07-20T18:24:08.064Z] > git cat-file -s 5acae99ef859b4c3a7283bd3fa09a20c492f0c30 [10ms]
[2022-07-20T18:24:11.012Z] > git status -z -uall [3ms]
[2022-07-20T18:24:11.026Z] > git symbolic-ref --short HEAD [2ms]
[2022-07-20T18:24:11.041Z] > git for-each-ref --format=%(refname)%00%(upstream:short)%00%(objectname)%00%(upstream:track)%00%(upstream:remotename)%00%(upstream:remoteref) refs/heads/main refs/remotes/main [2ms]
[2022-07-20T18:24:11.067Z] > git for-each-ref --sort -committerdate --format %(refname) %(objectname) %(*objectname) [13ms]
[2022-07-20T18:24:11.068Z] > git remote --verbose [2ms]
[2022-07-20T18:24:11.091Z] > git config --get commit.template [4ms]
[2022-07-20T18:24:44.075Z] > git status -z -uall [3ms]
[2022-07-20T18:24:44.101Z] > git symbolic-ref --short HEAD [4ms]
[2022-07-20T18:24:44.132Z] > git for-each-ref --format=%(refname)%00%(upstream:short)%00%(objectname)%00%(upstream:track)%00%(upstream:remotename)%00%(upstream:remoteref) refs/heads/main refs/remotes/main [2ms]
[2022-07-20T18:24:44.177Z] > git for-each-ref --sort -committerdate --format %(refname) %(objectname) %(*objectname) [26ms]
[2022-07-20T18:24:44.180Z] > git remote --verbose [4ms]
[2022-07-20T18:24:44.220Z] > git config --get commit.template [10ms]
[2022-07-20T18:25:52.888Z] > git status -z -uall [3ms]
[2022-07-20T18:25:52.904Z] > git symbolic-ref --short HEAD [2ms]
[2022-07-20T18:25:52.920Z] > git for-each-ref --format=%(refname)%00%(upstream:short)%00%(objectname)%00%(upstream:track)%00%(upstream:remotename)%00%(upstream:remoteref) refs/heads/main refs/remotes/main [3ms]
[2022-07-20T18:25:52.949Z] > git remote --verbose [3ms]
[2022-07-20T18:25:52.950Z] > git for-each-ref --sort -committerdate --format %(refname) %(objectname) %(*objectname) [17ms]
[2022-07-20T18:25:52.982Z] > git config --get commit.template [4ms]
[2022-07-20T18:28:09.910Z] > git status -z -uall [6ms]
[2022-07-20T18:28:09.936Z] > git symbolic-ref --short HEAD [1ms]
[2022-07-20T18:28:09.971Z] > git for-each-ref --format=%(refname)%00%(upstream:short)%00%(objectname)%00%(upstream:track)%00%(upstream:remotename)%00%(upstream:remoteref) refs/heads/main refs/remotes/main [2ms]
[2022-07-20T18:28:10.009Z] > git for-each-ref --sort -committerdate --format %(refname) %(objectname) %(*objectname) [16ms]
[2022-07-20T18:28:10.010Z] > git remote --verbose [3ms]
[2022-07-20T18:28:10.037Z] > git config --get commit.template [4ms]
[2022-07-20T18:29:45.216Z] > git status -z -uall [3ms]
[2022-07-20T18:29:45.231Z] > git symbolic-ref --short HEAD [1ms]
[2022-07-20T18:29:45.246Z] > git for-each-ref --format=%(refname)%00%(upstream:short)%00%(objectname)%00%(upstream:track)%00%(upstream:remotename)%00%(upstream:remoteref) refs/heads/main refs/remotes/main [2ms]
[2022-07-20T18:29:45.273Z] > git for-each-ref --sort -committerdate --format %(refname) %(objectname) %(*objectname) [13ms]
[2022-07-20T18:29:45.274Z] > git remote --verbose [2ms]
[2022-07-20T18:29:45.301Z] > git config --get commit.template [6ms]
[2022-07-20T18:30:13.164Z] > git status -z -uall [3ms]
[2022-07-20T18:30:13.179Z] > git symbolic-ref --short HEAD [2ms]
[2022-07-20T18:30:13.194Z] > git for-each-ref --format=%(refname)%00%(upstream:short)%00%(objectname)%00%(upstream:track)%00%(upstream:remotename)%00%(upstream:remoteref) refs/heads/main refs/remotes/main [2ms]
[2022-07-20T18:30:13.220Z] > git for-each-ref --sort -committerdate --format %(refname) %(objectname) %(*objectname) [14ms]
[2022-07-20T18:30:13.221Z] > git remote --verbose [3ms]
[2022-07-20T18:30:13.244Z] > git config --get commit.template [3ms]
[2022-07-20T18:30:26.022Z] > git status -z -uall [2ms]
[2022-07-20T18:30:26.036Z] > git symbolic-ref --short HEAD [1ms]
[2022-07-20T18:30:26.050Z] > git for-each-ref --format=%(refname)%00%(upstream:short)%00%(objectname)%00%(upstream:track)%00%(upstream:remotename)%00%(upstream:remoteref) refs/heads/main refs/remotes/main [2ms]
[2022-07-20T18:30:26.075Z] > git for-each-ref --sort -committerdate --format %(refname) %(objectname) %(*objectname) [13ms]
[2022-07-20T18:30:26.076Z] > git remote --verbose [2ms]
[2022-07-20T18:30:26.106Z] > git config --get commit.template [4ms]
[2022-07-20T18:30:45.613Z] > git status -z -uall [3ms]
[2022-07-20T18:30:45.628Z] > git symbolic-ref --short HEAD [2ms]
[2022-07-20T18:30:45.642Z] > git for-each-ref --format=%(refname)%00%(upstream:short)%00%(objectname)%00%(upstream:track)%00%(upstream:remotename)%00%(upstream:remoteref) refs/heads/main refs/remotes/main [2ms]
[2022-07-20T18:30:45.670Z] > git for-each-ref --sort -committerdate --format %(refname) %(objectname) %(*objectname) [15ms]
[2022-07-20T18:30:45.670Z] > git remote --verbose [1ms]
[2022-07-20T18:30:45.696Z] > git config --get commit.template [4ms]
[2022-07-20T18:31:32.588Z] > git status -z -uall [3ms]
[2022-07-20T18:31:32.602Z] > git symbolic-ref --short HEAD [1ms]
[2022-07-20T18:31:32.618Z] > git for-each-ref --format=%(refname)%00%(upstream:short)%00%(objectname)%00%(upstream:track)%00%(upstream:remotename)%00%(upstream:remoteref) refs/heads/main refs/remotes/main [2ms]
[2022-07-20T18:31:32.648Z] > git for-each-ref --sort -committerdate --format %(refname) %(objectname) %(*objectname) [17ms]
[2022-07-20T18:31:32.649Z] > git remote --verbose [3ms]
[2022-07-20T18:31:32.672Z] > git config --get commit.template [4ms]
[2022-07-20T18:32:21.868Z] > git status -z -uall [4ms]
[2022-07-20T18:32:21.889Z] > git symbolic-ref --short HEAD [3ms]
[2022-07-20T18:32:21.908Z] > git for-each-ref --format=%(refname)%00%(upstream:short)%00%(objectname)%00%(upstream:track)%00%(upstream:remotename)%00%(upstream:remoteref) refs/heads/main refs/remotes/main [4ms]
[2022-07-20T18:32:21.945Z] > git remote --verbose [2ms]
[2022-07-20T18:32:21.945Z] > git for-each-ref --sort -committerdate --format %(refname) %(objectname) %(*objectname) [20ms]
[2022-07-20T18:32:21.976Z] > git config --get commit.template [6ms]
[2022-07-20T18:33:26.138Z] > git status -z -uall [7ms]
[2022-07-20T18:33:26.162Z] > git symbolic-ref --short HEAD [2ms]
[2022-07-20T18:33:26.184Z] > git for-each-ref --format=%(refname)%00%(upstream:short)%00%(objectname)%00%(upstream:track)%00%(upstream:remotename)%00%(upstream:remoteref) refs/heads/main refs/remotes/main [3ms]
[2022-07-20T18:33:26.233Z] > git for-each-ref --sort -committerdate --format %(refname) %(objectname) %(*objectname) [23ms]
[2022-07-20T18:33:26.234Z] > git remote --verbose [2ms]
[2022-07-20T18:33:26.272Z] > git config --get commit.template [8ms]
[2022-07-20T18:33:30.918Z] > git show --textconv :css/style.css [39ms]
[2022-07-20T18:33:30.922Z] > git ls-files --stage -- /home/upalb/Assignment-2/css/style.css [6ms]
[2022-07-20T18:33:30.965Z] > git cat-file -s 781544d50ccc428fef1f6152f563addba0aa1c37 [6ms]
[2022-07-20T18:35:24.587Z] > git status -z -uall [3ms]
[2022-07-20T18:35:24.623Z] > git symbolic-ref --short HEAD [3ms]
[2022-07-20T18:35:24.652Z] > git for-each-ref --format=%(refname)%00%(upstream:short)%00%(objectname)%00%(upstream:track)%00%(upstream:remotename)%00%(upstream:remoteref) refs/heads/main refs/remotes/main [2ms]
[2022-07-20T18:35:24.699Z] > git for-each-ref --sort -committerdate --format %(refname) %(objectname) %(*objectname) [24ms]
[2022-07-20T18:35:24.699Z] > git remote --verbose [2ms]
[2022-07-20T18:35:24.736Z] > git config --get commit.template [2ms]
[2022-07-20T18:36:16.093Z] > git show --textconv :upcoming-match.html [21ms]
[2022-07-20T18:36:16.097Z] > git ls-files --stage -- /home/upalb/Assignment-2/upcoming-match.html [6ms]
[2022-07-20T18:36:16.125Z] > git cat-file -s 5acae99ef859b4c3a7283bd3fa09a20c492f0c30 [3ms]
[2022-07-20T18:37:10.002Z] > git status -z -uall [4ms]
[2022-07-20T18:37:10.027Z] > git symbolic-ref --short HEAD [2ms]
[2022-07-20T18:37:10.053Z] > git for-each-ref --format=%(refname)%00%(upstream:short)%00%(objectname)%00%(upstream:track)%00%(upstream:remotename)%00%(upstream:remoteref) refs/heads/main refs/remotes/main [2ms]
[2022-07-20T18:37:10.107Z] > git for-each-ref --sort -committerdate --format %(refname) %(objectname) %(*objectname) [26ms]
[2022-07-20T18:37:10.108Z] > git remote --verbose [5ms]
[2022-07-20T18:37:10.156Z] > git config --get commit.template [6ms]
[2022-07-20T18:38:00.826Z] > git show --textconv :css/style.css [13ms]
[2022-07-20T18:38:00.827Z] > git ls-files --stage -- /home/upalb/Assignment-2/css/style.css [2ms]
[2022-07-20T18:38:00.843Z] > git cat-file -s 781544d50ccc428fef1f6152f563addba0aa1c37 [2ms]
[2022-07-20T18:38:12.522Z] > git status -z -uall [9ms]
[2022-07-20T18:38:12.569Z] > git symbolic-ref --short HEAD [28ms]
[2022-07-20T18:38:12.585Z] > git for-each-ref --format=%(refname)%00%(upstream:short)%00%(objectname)%00%(upstream:track)%00%(upstream:remotename)%00%(upstream:remoteref) refs/heads/main refs/remotes/main [2ms]
[2022-07-20T18:38:12.616Z] > git for-each-ref --sort -committerdate --format %(refname) %(objectname) %(*objectname) [17ms]
[2022-07-20T18:38:12.616Z] > git remote --verbose [2ms]
[2022-07-20T18:38:12.655Z] > git config --get commit.template [6ms]
[2022-07-20T18:38:17.676Z] > git status -z -uall [4ms]
[2022-07-20T18:38:17.694Z] > git symbolic-ref --short HEAD [2ms]
[2022-07-20T18:38:17.711Z] > git for-each-ref --format=%(refname)%00%(upstream:short)%00%(objectname)%00%(upstream:track)%00%(upstream:remotename)%00%(upstream:remoteref) refs/heads/main refs/remotes/main [2ms]
[2022-07-20T18:38:17.745Z] > git for-each-ref --sort -committerdate --format %(refname) %(objectname) %(*objectname) [18ms]
[2022-07-20T18:38:17.746Z] > git remote --verbose [2ms]
[2022-07-20T18:38:17.777Z] > git config --get commit.template [4ms]
[2022-07-20T18:38:24.683Z] > git status -z -uall [2ms]
[2022-07-20T18:38:24.701Z] > git symbolic-ref --short HEAD [2ms]
[2022-07-20T18:38:24.719Z] > git for-each-ref --format=%(refname)%00%(upstream:short)%00%(objectname)%00%(upstream:track)%00%(upstream:remotename)%00%(upstream:remoteref) refs/heads/main refs/remotes/main [2ms]
[2022-07-20T18:38:24.753Z] > git for-each-ref --sort -committerdate --format %(refname) %(objectname) %(*objectname) [18ms]
[2022-07-20T18:38:24.754Z] > git remote --verbose [2ms]
[2022-07-20T18:38:24.781Z] > git config --get commit.template [4ms]
[2022-07-20T18:38:30.715Z] > git status -z -uall [3ms]
[2022-07-20T18:38:30.734Z] > git symbolic-ref --short HEAD [2ms]
[2022-07-20T18:38:30.753Z] > git for-each-ref --format=%(refname)%00%(upstream:short)%00%(objectname)%00%(upstream:track)%00%(upstream:remotename)%00%(upstream:remoteref) refs/heads/main refs/remotes/main [2ms]
[2022-07-20T18:38:30.788Z] > git for-each-ref --sort -committerdate --format %(refname) %(objectname) %(*objectname) [18ms]
[2022-07-20T18:38:30.789Z] > git remote --verbose [3ms]
[2022-07-20T18:38:30.821Z] > git config --get commit.template [5ms]
[2022-07-20T18:38:59.352Z] > git status -z -uall [2ms]
[2022-07-20T18:38:59.372Z] > git symbolic-ref --short HEAD [3ms]
[2022-07-20T18:38:59.398Z] > git for-each-ref --format=%(refname)%00%(upstream:short)%00%(objectname)%00%(upstream:track)%00%(upstream:remotename)%00%(upstream:remoteref) refs/heads/main refs/remotes/main [11ms]
[2022-07-20T18:38:59.448Z] > git for-each-ref --sort -committerdate --format %(refname) %(objectname) %(*objectname) [28ms]
[2022-07-20T18:38:59.449Z] > git remote --verbose [3ms]
[2022-07-20T18:38:59.506Z] > git config --get commit.template [12ms]
[2022-07-20T18:39:04.530Z] > git status -z -uall [4ms]
[2022-07-20T18:39:04.549Z] > git symbolic-ref --short HEAD [3ms]
[2022-07-20T18:39:04.571Z] > git for-each-ref --format=%(refname)%00%(upstream:short)%00%(objectname)%00%(upstream:track)%00%(upstream:remotename)%00%(upstream:remoteref) refs/heads/main refs/remotes/main [3ms]
[2022-07-20T18:39:04.608Z] > git for-each-ref --sort -committerdate --format %(refname) %(objectname) %(*objectname) [21ms]
[2022-07-20T18:39:04.609Z] > git remote --verbose [4ms]
[2022-07-20T18:39:04.637Z] > git config --get commit.template [4ms]
[2022-07-20T18:39:09.657Z] > git status -z -uall [3ms]
[2022-07-20T18:39:09.674Z] > git symbolic-ref --short HEAD [2ms]
[2022-07-20T18:39:09.693Z] > git for-each-ref --format=%(refname)%00%(upstream:short)%00%(objectname)%00%(upstream:track)%00%(upstream:remotename)%00%(upstream:remoteref) refs/heads/main refs/remotes/main [2ms]
[2022-07-20T18:39:09.725Z] > git for-each-ref --sort -committerdate --format %(refname) %(objectname) %(*objectname) [17ms]
[2022-07-20T18:39:09.727Z] > git remote --verbose [4ms]
[2022-07-20T18:39:09.755Z] > git config --get commit.template [4ms]
[2022-07-20T18:39:14.775Z] > git status -z -uall [4ms]
[2022-07-20T18:39:14.792Z] > git symbolic-ref --short HEAD [2ms]
[2022-07-20T18:39:14.813Z] > git for-each-ref --format=%(refname)%00%(upstream:short)%00%(objectname)%00%(upstream:track)%00%(upstream:remotename)%00%(upstream:remoteref) refs/heads/main refs/remotes/main [4ms]
[2022-07-20T18:39:14.850Z] > git for-each-ref --sort -committerdate --format %(refname) %(objectname) %(*objectname) [18ms]
[2022-07-20T18:39:14.851Z] > git remote --verbose [2ms]
[2022-07-20T18:39:14.884Z] > git config --get commit.template [3ms]
[2022-07-20T18:39:20.977Z] > git status -z -uall [3ms]
[2022-07-20T18:39:20.996Z] > git symbolic-ref --short HEAD [2ms]
[2022-07-20T18:39:21.016Z] > git for-each-ref --format=%(refname)%00%(upstream:short)%00%(objectname)%00%(upstream:track)%00%(upstream:remotename)%00%(upstream:remoteref) refs/heads/main refs/remotes/main [3ms]
[2022-07-20T18:39:21.049Z] > git for-each-ref --sort -committerdate --format %(refname) %(objectname) %(*objectname) [16ms]
[2022-07-20T18:39:21.050Z] > git remote --verbose [2ms]
[2022-07-20T18:39:21.074Z] > git config --get commit.template [3ms]
[2022-07-20T18:39:29.675Z] > git status -z -uall [5ms]
[2022-07-20T18:39:29.695Z] > git symbolic-ref --short HEAD [2ms]
[2022-07-20T18:39:29.713Z] > git for-each-ref --format=%(refname)%00%(upstream:short)%00%(objectname)%00%(upstream:track)%00%(upstream:remotename)%00%(upstream:remoteref) refs/heads/main refs/remotes/main [2ms]
[2022-07-20T18:39:29.745Z] > git for-each-ref --sort -committerdate --format %(refname) %(objectname) %(*objectname) [17ms]
[2022-07-20T18:39:29.745Z] > git remote --verbose [2ms]
[2022-07-20T18:39:29.782Z] > git config --get commit.template [8ms]
[2022-07-20T18:39:36.611Z] > git status -z -uall [3ms]
[2022-07-20T18:39:36.635Z] > git symbolic-ref --short HEAD [2ms]
[2022-07-20T18:39:36.658Z] > git for-each-ref --format=%(refname)%00%(upstream:short)%00%(objectname)%00%(upstream:track)%00%(upstream:remotename)%00%(upstream:remoteref) refs/heads/main refs/remotes/main [4ms]
[2022-07-20T18:39:36.697Z] > git for-each-ref --sort -committerdate --format %(refname) %(objectname) %(*objectname) [20ms]
[2022-07-20T18:39:36.697Z] > git remote --verbose [2ms]
[2022-07-20T18:39:36.723Z] > git config --get commit.template [3ms]
[2022-07-20T18:39:41.749Z] > git status -z -uall [4ms]
[2022-07-20T18:39:41.767Z] > git symbolic-ref --short HEAD [2ms]
[2022-07-20T18:39:41.786Z] > git for-each-ref --format=%(refname)%00%(upstream:short)%00%(objectname)%00%(upstream:track)%00%(upstream:remotename)%00%(upstream:remoteref) refs/heads/main refs/remotes/main [3ms]
[2022-07-20T18:39:41.819Z] > git for-each-ref --sort -committerdate --format %(refname) %(objectname) %(*objectname) [18ms]
[2022-07-20T18:39:41.820Z] > git remote --verbose [2ms]
[2022-07-20T18:39:41.849Z] > git config --get commit.template [3ms]
[2022-07-20T19:02:48.451Z] > git status -z -uall [5ms]
[2022-07-20T19:02:48.470Z] > git symbolic-ref --short HEAD [2ms]
[2022-07-20T19:02:48.489Z] > git for-each-ref --format=%(refname)%00%(upstream:short)%00%(objectname)%00%(upstream:track)%00%(upstream:remotename)%00%(upstream:remoteref) refs/heads/main refs/remotes/main [2ms]
[2022-07-20T19:02:48.525Z] > git for-each-ref --sort -committerdate --format %(refname) %(objectname) %(*objectname) [19ms]
[2022-07-20T19:02:48.526Z] > git remote --verbose [3ms]
[2022-07-20T19:02:48.561Z] > git config --get commit.template [5ms]
[2022-07-20T19:02:49.659Z] > git show --textconv :upcoming-match.html [18ms]
[2022-07-20T19:02:49.661Z] > git ls-files --stage -- /home/upalb/Assignment-2/upcoming-match.html [3ms]
[2022-07-20T19:02:49.676Z] > git cat-file -s 5acae99ef859b4c3a7283bd3fa09a20c492f0c30 [3ms]
[2022-07-20T19:02:51.333Z] > git show --textconv :index.html [25ms]
[2022-07-20T19:02:51.337Z] > git ls-files --stage -- /home/upalb/Assignment-2/index.html [6ms]
[2022-07-20T19:02:51.359Z] > git cat-file -s 0e21c6d32ee31341f655bc0d3538074606833024 [2ms]
[2022-07-20T19:02:53.579Z] > git status -z -uall [3ms]
[2022-07-20T19:02:53.592Z] > git symbolic-ref --short HEAD [1ms]
[2022-07-20T19:02:53.607Z] > git for-each-ref --format=%(refname)%00%(upstream:short)%00%(objectname)%00%(upstream:track)%00%(upstream:remotename)%00%(upstream:remoteref) refs/heads/main refs/remotes/main [2ms]
[2022-07-20T19:02:53.632Z] > git for-each-ref --sort -committerdate --format %(refname) %(objectname) %(*objectname) [13ms]
[2022-07-20T19:02:53.633Z] > git remote --verbose [2ms]
[2022-07-20T19:02:53.658Z] > git config --get commit.template [4ms]
