["INFO" - 10:53:19 AM] Extension Name: esbenp.prettier-vscode.
["INFO" - 10:53:19 AM] Extension Version: 9.5.0.
["INFO" - 11:03:42 AM] Formatting file:///home/upalb/NewsFlash/test.md
["INFO" - 11:03:42 AM] Using ignore file (if present) at /home/upalb/NewsFlash/.prettierignore
["INFO" - 11:03:42 AM] File Info:
{
  "ignored": false,
  "inferredParser": "markdown"
}
["INFO" - 11:03:42 AM] No local configuration (i.e. .prettierrc or .editorconfig) detected, falling back to VS Code configuration
["INFO" - 11:03:42 AM] Prettier Options:
{
  "arrowParens": "always",
  "bracketSpacing": true,
  "endOfLine": "lf",
  "htmlWhitespaceSensitivity": "css",
  "insertPragma": false,
  "jsxBracketSameLine": false,
  "jsxSingleQuote": false,
  "printWidth": 80,
  "proseWrap": "preserve",
  "quoteProps": "as-needed",
  "requirePragma": false,
  "semi": true,
  "singleQuote": false,
  "tabWidth": 2,
  "trailingComma": "es5",
  "useTabs": false,
  "vueIndentScriptAndStyle": false,
  "filepath": "/home/upalb/NewsFlash/test.md",
  "parser": "markdown"
}
["INFO" - 11:03:42 AM] Formatting completed in 0.145ms.
