[2022-07-14T05:30:21.468Z] Log level: Info
[2022-07-14T05:30:21.469Z] [info] Validating found git in: git
[2022-07-14T05:30:23.418Z] [info] Using git 2.37.1 from git
[2022-07-14T05:30:23.466Z] > git rev-parse --show-toplevel [27ms]
[2022-07-14T05:30:23.510Z] > git rev-parse --git-dir --git-common-dir [20ms]
[2022-07-14T05:30:23.517Z] [info] Open repository: /home/upalb/Grover
[2022-07-14T05:30:23.539Z] > git status -z -uall [8ms]
[2022-07-14T05:30:23.559Z] > git symbolic-ref --short HEAD [6ms]
[2022-07-14T05:30:23.676Z] > git for-each-ref --format=%(refname)%00%(upstream:short)%00%(objectname)%00%(upstream:track)%00%(upstream:remotename)%00%(upstream:remoteref) refs/heads/main refs/remotes/main [104ms]
[2022-07-14T05:30:23.721Z] > git remote --verbose [19ms]
[2022-07-14T05:30:23.722Z] > git for-each-ref --sort -committerdate --format %(refname) %(objectname) %(*objectname) [30ms]
[2022-07-14T05:30:23.778Z] > git config --get commit.template [38ms]
[2022-07-14T05:30:23.796Z] > git status -z -uall [3ms]
[2022-07-14T05:30:23.836Z] > git symbolic-ref --short HEAD [16ms]
[2022-07-14T05:30:23.904Z] > git for-each-ref --format=%(refname)%00%(upstream:short)%00%(objectname)%00%(upstream:track)%00%(upstream:remotename)%00%(upstream:remoteref) refs/heads/main refs/remotes/main [56ms]
[2022-07-14T05:30:23.931Z] > git for-each-ref --sort -committerdate --format %(refname) %(objectname) %(*objectname) [14ms]
[2022-07-14T05:30:23.932Z] > git remote --verbose [4ms]
[2022-07-14T05:30:23.952Z] > git config --get commit.template [2ms]
[2022-07-14T05:30:32.591Z] > git config --global user.email [12ms]
[2022-07-14T05:30:32.616Z] > git config --global user.name [6ms]
[2022-07-14T05:30:32.650Z] > git status -z -uall [12ms]
[2022-07-14T05:30:32.688Z] > git symbolic-ref --short HEAD [25ms]
[2022-07-14T05:30:32.708Z] > git for-each-ref --format=%(refname)%00%(upstream:short)%00%(objectname)%00%(upstream:track)%00%(upstream:remotename)%00%(upstream:remoteref) refs/heads/main refs/remotes/main [5ms]
[2022-07-14T05:30:32.735Z] > git for-each-ref --sort -committerdate --format %(refname) %(objectname) %(*objectname) [15ms]
[2022-07-14T05:30:32.736Z] > git remote --verbose [3ms]
[2022-07-14T05:30:32.759Z] > git config --get commit.template [2ms]
[2022-07-14T05:30:32.985Z] > git show -s --format=%an <%ae> [%ai] b223393853401ac3f5ca227f72fb38824f0ca07a [210ms]
[2022-07-14T05:30:33.001Z] > git show -s --format=%H%n%aN%n%aE%n%at%n%ct%n%P%n%D%n%B -z b223393853401ac3f5ca227f72fb38824f0ca07a [3ms]
[2022-07-14T05:30:33.078Z] > git show -s --format=%an <%ae> [%ai] a9d092d7ef1fdb0f8f80a5158531c76e32c5eaae [61ms]
[2022-07-14T05:30:33.093Z] > git show -s --format=%H%n%aN%n%aE%n%at%n%ct%n%P%n%D%n%B -z a9d092d7ef1fdb0f8f80a5158531c76e32c5eaae [3ms]
[2022-07-14T05:30:33.107Z] > git show -s --format=%an <%ae> [%ai] 1f90a79f2f581c421671fef5065d87fef401bbd7 [2ms]
[2022-07-14T05:30:33.121Z] > git show -s --format=%H%n%aN%n%aE%n%at%n%ct%n%P%n%D%n%B -z 1f90a79f2f581c421671fef5065d87fef401bbd7 [3ms]
[2022-07-14T05:31:19.141Z] > git check-ignore -v -z --stdin [9ms]
[2022-07-14T05:31:19.143Z] > git ls-files --stage -- /home/upalb/Grover/index.html [46ms]
[2022-07-14T05:31:19.243Z] > git show --textconv :index.html [188ms]
[2022-07-14T05:31:19.245Z] > git cat-file -s cb80bd9861a1caf3564203f327d68c28e6c2982f [81ms]
[2022-07-14T05:31:22.639Z] > git check-ignore -v -z --stdin [98ms]
[2022-07-14T05:31:22.681Z] > git ls-files --stage -- /home/upalb/Grover/scss/_navbar.scss [5ms]
[2022-07-14T05:31:22.698Z] > git show --textconv :scss/_navbar.scss [42ms]
[2022-07-14T05:31:22.700Z] > git cat-file -s ce76ba0869b3364ddde948067f643c4eec933768 [4ms]
