["INFO" - 11:30:31 AM] Extension Name: esbenp.prettier-vscode.
["INFO" - 11:30:31 AM] Extension Version: 9.5.0.
["INFO" - 11:31:06 AM] Formatting vscode-userdata:/home/upalb/.config/VSCodium/User/settings.json
["INFO" - 11:31:06 AM] File Info:
{
  "ignored": false,
  "inferredParser": "json"
}
["INFO" - 11:31:06 AM] No local configuration (i.e. .prettierrc or .editorconfig) detected, falling back to VS Code configuration
["INFO" - 11:31:06 AM] Prettier Options:
{
  "arrowParens": "always",
  "bracketSpacing": true,
  "endOfLine": "lf",
  "htmlWhitespaceSensitivity": "css",
  "insertPragma": false,
  "jsxBracketSameLine": false,
  "jsxSingleQuote": false,
  "printWidth": 80,
  "proseWrap": "preserve",
  "quoteProps": "as-needed",
  "requirePragma": false,
  "semi": true,
  "singleQuote": true,
  "tabWidth": 2,
  "trailingComma": "es5",
  "useTabs": false,
  "vueIndentScriptAndStyle": false,
  "filepath": "/home/upalb/.config/VSCodium/User/settings.json",
  "parser": "json"
}
["INFO" - 11:31:06 AM] Formatting completed in 0.488ms.
