[2022-07-12T17:22:14.059Z] Log level: Info
[2022-07-12T17:22:14.061Z] [info] Validating found git in: git
[2022-07-12T17:22:14.104Z] [info] Using git 2.37.0 from git
[2022-07-12T17:22:14.184Z] > git rev-parse --show-toplevel [60ms]
[2022-07-12T17:22:17.322Z] > git rev-parse --git-dir --git-common-dir [3119ms]
[2022-07-12T17:22:17.331Z] [info] Open repository: /home/upalb/Grover
[2022-07-12T17:22:17.368Z] > git status -z -uall [21ms]
[2022-07-12T17:22:17.412Z] > git symbolic-ref --short HEAD [24ms]
[2022-07-12T17:22:17.453Z] > git for-each-ref --format=%(refname)%00%(upstream:short)%00%(objectname)%00%(upstream:track)%00%(upstream:remotename)%00%(upstream:remoteref) refs/heads/main refs/remotes/main [19ms]
[2022-07-12T17:22:17.512Z] > git remote --verbose [11ms]
[2022-07-12T17:22:17.513Z] > git for-each-ref --sort -committerdate --format %(refname) %(objectname) %(*objectname) [29ms]
[2022-07-12T17:22:17.562Z] > git config --get commit.template [24ms]
[2022-07-12T17:22:17.867Z] > git show --textconv :index.html [17ms]
[2022-07-12T17:22:17.868Z] > git ls-files --stage -- /home/upalb/Grover/index.html [3ms]
[2022-07-12T17:22:17.885Z] > git cat-file -s 8df29ee1e48be9a96c1c00fa6afa4ba47d83148f [3ms]
[2022-07-12T17:22:18.020Z] > git check-ignore -v -z --stdin [2ms]
[2022-07-12T17:27:04.394Z] > git show --textconv :scss/_navbar.scss [81ms]
[2022-07-12T17:27:04.395Z] > git ls-files --stage -- /home/upalb/Grover/scss/_navbar.scss [58ms]
[2022-07-12T17:27:04.472Z] > git cat-file -s ad8f4ee6a4eaccc057a27f4154c05cc119ac547e [59ms]
[2022-07-12T17:29:26.466Z] > git status -z -uall [27ms]
[2022-07-12T17:29:26.483Z] > git symbolic-ref --short HEAD [4ms]
[2022-07-12T17:29:26.500Z] > git for-each-ref --format=%(refname)%00%(upstream:short)%00%(objectname)%00%(upstream:track)%00%(upstream:remotename)%00%(upstream:remoteref) refs/heads/main refs/remotes/main [5ms]
[2022-07-12T17:29:26.546Z] > git remote --verbose [19ms]
[2022-07-12T17:29:26.546Z] > git for-each-ref --sort -committerdate --format %(refname) %(objectname) %(*objectname) [34ms]
[2022-07-12T17:29:26.573Z] > git ls-files --stage -- /home/upalb/Grover/scss/_navbar.scss [29ms]
[2022-07-12T17:29:26.591Z] > git config --get commit.template [19ms]
[2022-07-12T17:29:26.595Z] > git cat-file -s ad8f4ee6a4eaccc057a27f4154c05cc119ac547e [7ms]
[2022-07-12T17:29:26.626Z] > git show --textconv :scss/_navbar.scss [2ms]
[2022-07-12T17:29:27.708Z] > git show --textconv :index.html [16ms]
[2022-07-12T17:29:27.710Z] > git ls-files --stage -- /home/upalb/Grover/index.html [3ms]
[2022-07-12T17:29:27.725Z] > git cat-file -s 8df29ee1e48be9a96c1c00fa6afa4ba47d83148f [2ms]
[2022-07-12T17:29:50.871Z] > git status -z -uall [44ms]
[2022-07-12T17:29:50.886Z] > git symbolic-ref --short HEAD [2ms]
[2022-07-12T17:29:50.899Z] > git for-each-ref --format=%(refname)%00%(upstream:short)%00%(objectname)%00%(upstream:track)%00%(upstream:remotename)%00%(upstream:remoteref) refs/heads/main refs/remotes/main [2ms]
[2022-07-12T17:29:50.923Z] > git for-each-ref --sort -committerdate --format %(refname) %(objectname) %(*objectname) [12ms]
[2022-07-12T17:29:50.924Z] > git remote --verbose [3ms]
[2022-07-12T17:29:50.939Z] > git config --get commit.template [1ms]
[2022-07-12T17:30:11.207Z] > git status -z -uall [4ms]
[2022-07-12T17:30:11.251Z] > git symbolic-ref --short HEAD [2ms]
[2022-07-12T17:30:11.265Z] > git for-each-ref --format=%(refname)%00%(upstream:short)%00%(objectname)%00%(upstream:track)%00%(upstream:remotename)%00%(upstream:remoteref) refs/heads/main refs/remotes/main [2ms]
[2022-07-12T17:30:11.292Z] > git for-each-ref --sort -committerdate --format %(refname) %(objectname) %(*objectname) [15ms]
[2022-07-12T17:30:11.294Z] > git remote --verbose [4ms]
[2022-07-12T17:30:11.309Z] > git config --get commit.template [1ms]
[2022-07-12T17:31:08.212Z] > git status -z -uall [5ms]
[2022-07-12T17:31:08.231Z] > git symbolic-ref --short HEAD [3ms]
[2022-07-12T17:31:08.246Z] > git for-each-ref --format=%(refname)%00%(upstream:short)%00%(objectname)%00%(upstream:track)%00%(upstream:remotename)%00%(upstream:remoteref) refs/heads/main refs/remotes/main [3ms]
[2022-07-12T17:31:08.272Z] > git for-each-ref --sort -committerdate --format %(refname) %(objectname) %(*objectname) [15ms]
[2022-07-12T17:31:08.273Z] > git remote --verbose [2ms]
[2022-07-12T17:31:08.290Z] > git config --get commit.template [1ms]
[2022-07-12T17:31:26.959Z] > git status -z -uall [3ms]
[2022-07-12T17:31:26.976Z] > git symbolic-ref --short HEAD [3ms]
[2022-07-12T17:31:26.994Z] > git for-each-ref --format=%(refname)%00%(upstream:short)%00%(objectname)%00%(upstream:track)%00%(upstream:remotename)%00%(upstream:remoteref) refs/heads/main refs/remotes/main [2ms]
[2022-07-12T17:31:27.023Z] > git for-each-ref --sort -committerdate --format %(refname) %(objectname) %(*objectname) [15ms]
[2022-07-12T17:31:27.024Z] > git remote --verbose [3ms]
[2022-07-12T17:31:27.044Z] > git config --get commit.template [2ms]
[2022-07-12T17:31:37.872Z] > git status -z -uall [4ms]
[2022-07-12T17:31:37.888Z] > git symbolic-ref --short HEAD [2ms]
[2022-07-12T17:31:37.901Z] > git for-each-ref --format=%(refname)%00%(upstream:short)%00%(objectname)%00%(upstream:track)%00%(upstream:remotename)%00%(upstream:remoteref) refs/heads/main refs/remotes/main [2ms]
[2022-07-12T17:31:37.924Z] > git for-each-ref --sort -committerdate --format %(refname) %(objectname) %(*objectname) [12ms]
[2022-07-12T17:31:37.925Z] > git remote --verbose [2ms]
[2022-07-12T17:31:37.942Z] > git config --get commit.template [2ms]
[2022-07-12T17:32:07.422Z] > git status -z -uall [31ms]
[2022-07-12T17:32:07.435Z] > git symbolic-ref --short HEAD [2ms]
[2022-07-12T17:32:07.448Z] > git for-each-ref --format=%(refname)%00%(upstream:short)%00%(objectname)%00%(upstream:track)%00%(upstream:remotename)%00%(upstream:remoteref) refs/heads/main refs/remotes/main [2ms]
[2022-07-12T17:32:07.471Z] > git for-each-ref --sort -committerdate --format %(refname) %(objectname) %(*objectname) [13ms]
[2022-07-12T17:32:07.472Z] > git remote --verbose [3ms]
[2022-07-12T17:32:07.488Z] > git config --get commit.template [2ms]
[2022-07-12T17:32:13.841Z] > git show --textconv :scss/_hero.scss [22ms]
[2022-07-12T17:32:13.845Z] > git ls-files --stage -- /home/upalb/Grover/scss/_hero.scss [10ms]
[2022-07-12T17:32:21.634Z] > git ls-files --stage -- /home/upalb/Grover/scss/_utilities.scss [2ms]
[2022-07-12T17:32:21.654Z] > git show --textconv :scss/_utilities.scss [34ms]
[2022-07-12T17:32:21.655Z] > git cat-file -s cd274e795600a296d6f6a442e3b2a060748b9e3b [9ms]
[2022-07-12T17:32:42.487Z] > git show --textconv :scss/_utils.scss [14ms]
[2022-07-12T17:32:42.488Z] > git ls-files --stage -- /home/upalb/Grover/scss/_utils.scss [3ms]
[2022-07-12T17:32:42.816Z] > git check-ignore -v -z --stdin [2ms]
[2022-07-12T17:32:43.322Z] > git status -z -uall [3ms]
[2022-07-12T17:32:43.341Z] > git symbolic-ref --short HEAD [5ms]
[2022-07-12T17:32:43.357Z] > git for-each-ref --format=%(refname)%00%(upstream:short)%00%(objectname)%00%(upstream:track)%00%(upstream:remotename)%00%(upstream:remoteref) refs/heads/main refs/remotes/main [2ms]
[2022-07-12T17:32:43.386Z] > git for-each-ref --sort -committerdate --format %(refname) %(objectname) %(*objectname) [16ms]
[2022-07-12T17:32:43.387Z] > git remote --verbose [4ms]
[2022-07-12T17:32:43.411Z] > git config --get commit.template [3ms]
[2022-07-12T17:32:47.253Z] > git ls-files --stage -- /home/upalb/Grover/scss/style.scss [28ms]
[2022-07-12T17:32:47.285Z] > git show --textconv :scss/style.scss [73ms]
[2022-07-12T17:32:47.287Z] > git cat-file -s 85173c95817d22a032cbcb0372d96254d6c5516e [14ms]
[2022-07-12T17:32:59.037Z] > git status -z -uall [3ms]
[2022-07-12T17:32:59.062Z] > git symbolic-ref --short HEAD [6ms]
[2022-07-12T17:32:59.079Z] > git for-each-ref --format=%(refname)%00%(upstream:short)%00%(objectname)%00%(upstream:track)%00%(upstream:remotename)%00%(upstream:remoteref) refs/heads/main refs/remotes/main [2ms]
[2022-07-12T17:32:59.104Z] > git for-each-ref --sort -committerdate --format %(refname) %(objectname) %(*objectname) [13ms]
[2022-07-12T17:32:59.105Z] > git remote --verbose [3ms]
[2022-07-12T17:32:59.129Z] > git config --get commit.template [4ms]
[2022-07-12T17:33:03.213Z] > git show --textconv :scss/_navbar.scss [32ms]
[2022-07-12T17:33:03.218Z] > git ls-files --stage -- /home/upalb/Grover/scss/_navbar.scss [14ms]
[2022-07-12T17:33:03.240Z] > git cat-file -s ad8f4ee6a4eaccc057a27f4154c05cc119ac547e [4ms]
[2022-07-12T17:33:11.304Z] > git show --textconv :scss/_hero.scss [18ms]
[2022-07-12T17:33:11.306Z] > git ls-files --stage -- /home/upalb/Grover/scss/_hero.scss [4ms]
[2022-07-12T17:33:15.206Z] > git show --textconv :scss/_utils.scss [15ms]
[2022-07-12T17:33:15.207Z] > git ls-files --stage -- /home/upalb/Grover/scss/_utils.scss [3ms]
[2022-07-12T17:33:19.312Z] > git status -z -uall [4ms]
[2022-07-12T17:33:19.327Z] > git symbolic-ref --short HEAD [2ms]
[2022-07-12T17:33:19.340Z] > git for-each-ref --format=%(refname)%00%(upstream:short)%00%(objectname)%00%(upstream:track)%00%(upstream:remotename)%00%(upstream:remoteref) refs/heads/main refs/remotes/main [2ms]
[2022-07-12T17:33:19.364Z] > git for-each-ref --sort -committerdate --format %(refname) %(objectname) %(*objectname) [12ms]
[2022-07-12T17:33:19.365Z] > git remote --verbose [2ms]
[2022-07-12T17:33:19.381Z] > git config --get commit.template [2ms]
[2022-07-12T17:33:54.132Z] > git status -z -uall [3ms]
[2022-07-12T17:33:54.146Z] > git symbolic-ref --short HEAD [2ms]
[2022-07-12T17:33:54.160Z] > git for-each-ref --format=%(refname)%00%(upstream:short)%00%(objectname)%00%(upstream:track)%00%(upstream:remotename)%00%(upstream:remoteref) refs/heads/main refs/remotes/main [2ms]
[2022-07-12T17:33:54.190Z] > git remote --verbose [2ms]
[2022-07-12T17:33:54.191Z] > git for-each-ref --sort -committerdate --format %(refname) %(objectname) %(*objectname) [15ms]
[2022-07-12T17:33:54.209Z] > git config --get commit.template [2ms]
[2022-07-12T17:34:14.118Z] > git status -z -uall [8ms]
[2022-07-12T17:34:14.136Z] > git symbolic-ref --short HEAD [2ms]
[2022-07-12T17:34:14.152Z] > git for-each-ref --format=%(refname)%00%(upstream:short)%00%(objectname)%00%(upstream:track)%00%(upstream:remotename)%00%(upstream:remoteref) refs/heads/main refs/remotes/main [2ms]
[2022-07-12T17:34:14.184Z] > git for-each-ref --sort -committerdate --format %(refname) %(objectname) %(*objectname) [16ms]
[2022-07-12T17:34:14.184Z] > git remote --verbose [2ms]
[2022-07-12T17:34:14.206Z] > git config --get commit.template [2ms]
[2022-07-12T17:35:07.934Z] > git status -z -uall [4ms]
[2022-07-12T17:35:07.949Z] > git symbolic-ref --short HEAD [4ms]
[2022-07-12T17:35:07.970Z] > git for-each-ref --format=%(refname)%00%(upstream:short)%00%(objectname)%00%(upstream:track)%00%(upstream:remotename)%00%(upstream:remoteref) refs/heads/main refs/remotes/main [3ms]
[2022-07-12T17:35:08.005Z] > git remote --verbose [5ms]
[2022-07-12T17:35:08.005Z] > git for-each-ref --sort -committerdate --format %(refname) %(objectname) %(*objectname) [20ms]
[2022-07-12T17:35:08.026Z] > git config --get commit.template [2ms]
[2022-07-12T17:35:13.041Z] > git status -z -uall [3ms]
[2022-07-12T17:35:13.054Z] > git symbolic-ref --short HEAD [1ms]
[2022-07-12T17:35:13.067Z] > git for-each-ref --format=%(refname)%00%(upstream:short)%00%(objectname)%00%(upstream:track)%00%(upstream:remotename)%00%(upstream:remoteref) refs/heads/main refs/remotes/main [2ms]
[2022-07-12T17:35:13.091Z] > git for-each-ref --sort -committerdate --format %(refname) %(objectname) %(*objectname) [12ms]
[2022-07-12T17:35:13.092Z] > git remote --verbose [2ms]
[2022-07-12T17:35:13.109Z] > git config --get commit.template [2ms]
[2022-07-12T17:36:26.138Z] > git status -z -uall [3ms]
[2022-07-12T17:36:26.160Z] > git symbolic-ref --short HEAD [3ms]
[2022-07-12T17:36:26.179Z] > git for-each-ref --format=%(refname)%00%(upstream:short)%00%(objectname)%00%(upstream:track)%00%(upstream:remotename)%00%(upstream:remoteref) refs/heads/main refs/remotes/main [3ms]
[2022-07-12T17:36:26.206Z] > git for-each-ref --sort -committerdate --format %(refname) %(objectname) %(*objectname) [12ms]
[2022-07-12T17:36:26.207Z] > git remote --verbose [2ms]
[2022-07-12T17:36:26.223Z] > git config --get commit.template [2ms]
[2022-07-12T17:36:39.826Z] > git status -z -uall [3ms]
[2022-07-12T17:36:39.839Z] > git symbolic-ref --short HEAD [1ms]
[2022-07-12T17:36:39.853Z] > git for-each-ref --format=%(refname)%00%(upstream:short)%00%(objectname)%00%(upstream:track)%00%(upstream:remotename)%00%(upstream:remoteref) refs/heads/main refs/remotes/main [2ms]
[2022-07-12T17:36:39.878Z] > git for-each-ref --sort -committerdate --format %(refname) %(objectname) %(*objectname) [13ms]
[2022-07-12T17:36:39.879Z] > git remote --verbose [3ms]
[2022-07-12T17:36:39.901Z] > git config --get commit.template [3ms]
[2022-07-12T17:36:45.109Z] > git status -z -uall [5ms]
[2022-07-12T17:36:45.126Z] > git symbolic-ref --short HEAD [4ms]
[2022-07-12T17:36:45.141Z] > git for-each-ref --format=%(refname)%00%(upstream:short)%00%(objectname)%00%(upstream:track)%00%(upstream:remotename)%00%(upstream:remoteref) refs/heads/main refs/remotes/main [2ms]
[2022-07-12T17:36:45.165Z] > git for-each-ref --sort -committerdate --format %(refname) %(objectname) %(*objectname) [12ms]
[2022-07-12T17:36:45.166Z] > git remote --verbose [2ms]
[2022-07-12T17:36:45.181Z] > git config --get commit.template [1ms]
[2022-07-12T17:36:50.203Z] > git status -z -uall [3ms]
[2022-07-12T17:36:50.221Z] > git symbolic-ref --short HEAD [2ms]
[2022-07-12T17:36:50.240Z] > git for-each-ref --format=%(refname)%00%(upstream:short)%00%(objectname)%00%(upstream:track)%00%(upstream:remotename)%00%(upstream:remoteref) refs/heads/main refs/remotes/main [3ms]
[2022-07-12T17:36:50.287Z] > git for-each-ref --sort -committerdate --format %(refname) %(objectname) %(*objectname) [31ms]
[2022-07-12T17:36:50.290Z] > git remote --verbose [17ms]
[2022-07-12T17:36:50.315Z] > git config --get commit.template [3ms]
[2022-07-12T17:36:56.240Z] > git status -z -uall [4ms]
[2022-07-12T17:36:56.263Z] > git symbolic-ref --short HEAD [4ms]
[2022-07-12T17:36:56.284Z] > git for-each-ref --format=%(refname)%00%(upstream:short)%00%(objectname)%00%(upstream:track)%00%(upstream:remotename)%00%(upstream:remoteref) refs/heads/main refs/remotes/main [4ms]
[2022-07-12T17:36:56.320Z] > git for-each-ref --sort -committerdate --format %(refname) %(objectname) %(*objectname) [19ms]
[2022-07-12T17:36:56.320Z] > git remote --verbose [2ms]
[2022-07-12T17:36:56.337Z] > git config --get commit.template [2ms]
[2022-07-12T17:36:59.782Z] > git show --textconv :index.html [20ms]
[2022-07-12T17:36:59.784Z] > git ls-files --stage -- /home/upalb/Grover/index.html [4ms]
[2022-07-12T17:36:59.799Z] > git cat-file -s 8df29ee1e48be9a96c1c00fa6afa4ba47d83148f [2ms]
[2022-07-12T17:37:17.067Z] > git status -z -uall [6ms]
[2022-07-12T17:37:17.126Z] > git symbolic-ref --short HEAD [21ms]
[2022-07-12T17:37:17.179Z] > git for-each-ref --format=%(refname)%00%(upstream:short)%00%(objectname)%00%(upstream:track)%00%(upstream:remotename)%00%(upstream:remoteref) refs/heads/main refs/remotes/main [3ms]
[2022-07-12T17:37:17.221Z] > git for-each-ref --sort -committerdate --format %(refname) %(objectname) %(*objectname) [25ms]
[2022-07-12T17:37:17.225Z] > git remote --verbose [6ms]
[2022-07-12T17:37:17.250Z] > git config --get commit.template [2ms]
[2022-07-12T17:37:30.263Z] > git status -z -uall [3ms]
[2022-07-12T17:37:30.277Z] > git symbolic-ref --short HEAD [2ms]
[2022-07-12T17:37:30.290Z] > git for-each-ref --format=%(refname)%00%(upstream:short)%00%(objectname)%00%(upstream:track)%00%(upstream:remotename)%00%(upstream:remoteref) refs/heads/main refs/remotes/main [2ms]
[2022-07-12T17:37:30.315Z] > git for-each-ref --sort -committerdate --format %(refname) %(objectname) %(*objectname) [13ms]
[2022-07-12T17:37:30.316Z] > git remote --verbose [2ms]
[2022-07-12T17:37:30.331Z] > git config --get commit.template [1ms]
[2022-07-12T17:38:04.533Z] > git status -z -uall [3ms]
[2022-07-12T17:38:04.554Z] > git symbolic-ref --short HEAD [4ms]
[2022-07-12T17:38:04.575Z] > git for-each-ref --format=%(refname)%00%(upstream:short)%00%(objectname)%00%(upstream:track)%00%(upstream:remotename)%00%(upstream:remoteref) refs/heads/main refs/remotes/main [3ms]
[2022-07-12T17:38:04.605Z] > git for-each-ref --sort -committerdate --format %(refname) %(objectname) %(*objectname) [16ms]
[2022-07-12T17:38:04.606Z] > git remote --verbose [2ms]
[2022-07-12T17:38:04.622Z] > git config --get commit.template [2ms]
[2022-07-12T17:38:12.212Z] > git show --textconv :scss/_utils.scss [14ms]
[2022-07-12T17:38:12.213Z] > git ls-files --stage -- /home/upalb/Grover/scss/_utils.scss [3ms]
[2022-07-12T17:38:40.483Z] > git status -z -uall [3ms]
[2022-07-12T17:38:40.497Z] > git symbolic-ref --short HEAD [1ms]
[2022-07-12T17:38:40.511Z] > git for-each-ref --format=%(refname)%00%(upstream:short)%00%(objectname)%00%(upstream:track)%00%(upstream:remotename)%00%(upstream:remoteref) refs/heads/main refs/remotes/main [2ms]
[2022-07-12T17:38:40.536Z] > git for-each-ref --sort -committerdate --format %(refname) %(objectname) %(*objectname) [13ms]
[2022-07-12T17:38:40.537Z] > git remote --verbose [2ms]
[2022-07-12T17:38:40.553Z] > git config --get commit.template [1ms]
[2022-07-12T17:38:45.577Z] > git status -z -uall [3ms]
[2022-07-12T17:38:45.605Z] > git symbolic-ref --short HEAD [5ms]
[2022-07-12T17:38:45.625Z] > git for-each-ref --format=%(refname)%00%(upstream:short)%00%(objectname)%00%(upstream:track)%00%(upstream:remotename)%00%(upstream:remoteref) refs/heads/main refs/remotes/main [3ms]
[2022-07-12T17:38:45.670Z] > git for-each-ref --sort -committerdate --format %(refname) %(objectname) %(*objectname) [25ms]
[2022-07-12T17:38:45.670Z] > git remote --verbose [2ms]
[2022-07-12T17:38:45.688Z] > git config --get commit.template [2ms]
[2022-07-12T17:39:31.376Z] > git show --textconv :scss/_resets.scss [38ms]
[2022-07-12T17:39:31.377Z] > git ls-files --stage -- /home/upalb/Grover/scss/_resets.scss [24ms]
[2022-07-12T17:39:31.399Z] > git cat-file -s 4fe83072893a868832ca494e66f64e0f60df3eb6 [4ms]
[2022-07-12T17:39:32.233Z] > git show --textconv :scss/_utils.scss [19ms]
[2022-07-12T17:39:32.235Z] > git ls-files --stage -- /home/upalb/Grover/scss/_utils.scss [6ms]
[2022-07-12T17:39:35.471Z] > git show --textconv :scss/_variables.scss [30ms]
[2022-07-12T17:39:35.502Z] > git ls-files --stage -- /home/upalb/Grover/scss/_variables.scss [43ms]
[2022-07-12T17:39:35.529Z] > git cat-file -s e45cb49c6cd7679ab7c56545535235a5d41b82d1 [15ms]
[2022-07-12T17:40:29.032Z] > git rev-parse --show-toplevel [30ms]
[2022-07-12T17:40:29.032Z] fatal: not a git repository (or any parent up to mount point /run/media/upalb)
Stopping at filesystem boundary (GIT_DISCOVERY_ACROSS_FILESYSTEM not set).
[2022-07-12T17:40:32.042Z] > git show --textconv :index.html [15ms]
[2022-07-12T17:40:32.043Z] > git ls-files --stage -- /home/upalb/Grover/index.html [2ms]
[2022-07-12T17:40:32.058Z] > git cat-file -s 8df29ee1e48be9a96c1c00fa6afa4ba47d83148f [2ms]
[2022-07-12T17:40:42.775Z] > git show --textconv :scss/_variables.scss [16ms]
[2022-07-12T17:40:42.776Z] > git ls-files --stage -- /home/upalb/Grover/scss/_variables.scss [2ms]
[2022-07-12T17:40:42.793Z] > git cat-file -s e45cb49c6cd7679ab7c56545535235a5d41b82d1 [3ms]
[2022-07-12T17:42:53.543Z] > git status -z -uall [3ms]
[2022-07-12T17:42:53.558Z] > git symbolic-ref --short HEAD [2ms]
[2022-07-12T17:42:53.572Z] > git for-each-ref --format=%(refname)%00%(upstream:short)%00%(objectname)%00%(upstream:track)%00%(upstream:remotename)%00%(upstream:remoteref) refs/heads/main refs/remotes/main [1ms]
[2022-07-12T17:42:53.598Z] > git for-each-ref --sort -committerdate --format %(refname) %(objectname) %(*objectname) [14ms]
[2022-07-12T17:42:53.599Z] > git remote --verbose [3ms]
[2022-07-12T17:42:53.616Z] > git config --get commit.template [2ms]
[2022-07-12T17:42:59.700Z] > git show --textconv :scss/_utils.scss [17ms]
[2022-07-12T17:42:59.702Z] > git ls-files --stage -- /home/upalb/Grover/scss/_utils.scss [4ms]
[2022-07-12T17:43:16.159Z] > git status -z -uall [3ms]
[2022-07-12T17:43:16.173Z] > git symbolic-ref --short HEAD [2ms]
[2022-07-12T17:43:16.186Z] > git for-each-ref --format=%(refname)%00%(upstream:short)%00%(objectname)%00%(upstream:track)%00%(upstream:remotename)%00%(upstream:remoteref) refs/heads/main refs/remotes/main [2ms]
[2022-07-12T17:43:16.213Z] > git for-each-ref --sort -committerdate --format %(refname) %(objectname) %(*objectname) [14ms]
[2022-07-12T17:43:16.213Z] > git remote --verbose [2ms]
[2022-07-12T17:43:16.229Z] > git config --get commit.template [1ms]
[2022-07-12T17:43:21.253Z] > git status -z -uall [3ms]
[2022-07-12T17:43:21.269Z] > git symbolic-ref --short HEAD [2ms]
[2022-07-12T17:43:21.283Z] > git for-each-ref --format=%(refname)%00%(upstream:short)%00%(objectname)%00%(upstream:track)%00%(upstream:remotename)%00%(upstream:remoteref) refs/heads/main refs/remotes/main [2ms]
[2022-07-12T17:43:21.324Z] > git for-each-ref --sort -committerdate --format %(refname) %(objectname) %(*objectname) [26ms]
[2022-07-12T17:43:21.325Z] > git remote --verbose [6ms]
[2022-07-12T17:43:21.349Z] > git config --get commit.template [3ms]
[2022-07-12T17:43:26.365Z] > git status -z -uall [3ms]
[2022-07-12T17:43:26.380Z] > git symbolic-ref --short HEAD [2ms]
[2022-07-12T17:43:26.395Z] > git for-each-ref --format=%(refname)%00%(upstream:short)%00%(objectname)%00%(upstream:track)%00%(upstream:remotename)%00%(upstream:remoteref) refs/heads/main refs/remotes/main [3ms]
[2022-07-12T17:43:26.423Z] > git for-each-ref --sort -committerdate --format %(refname) %(objectname) %(*objectname) [14ms]
[2022-07-12T17:43:26.424Z] > git remote --verbose [3ms]
[2022-07-12T17:43:26.439Z] > git config --get commit.template [1ms]
[2022-07-12T17:44:30.288Z] > git status -z -uall [3ms]
[2022-07-12T17:44:30.303Z] > git symbolic-ref --short HEAD [2ms]
[2022-07-12T17:44:30.321Z] > git for-each-ref --format=%(refname)%00%(upstream:short)%00%(objectname)%00%(upstream:track)%00%(upstream:remotename)%00%(upstream:remoteref) refs/heads/main refs/remotes/main [2ms]
[2022-07-12T17:44:30.351Z] > git for-each-ref --sort -committerdate --format %(refname) %(objectname) %(*objectname) [15ms]
[2022-07-12T17:44:30.353Z] > git remote --verbose [3ms]
[2022-07-12T17:44:30.370Z] > git config --get commit.template [2ms]
[2022-07-12T17:44:35.393Z] > git status -z -uall [4ms]
[2022-07-12T17:44:35.409Z] > git symbolic-ref --short HEAD [1ms]
[2022-07-12T17:44:35.426Z] > git for-each-ref --format=%(refname)%00%(upstream:short)%00%(objectname)%00%(upstream:track)%00%(upstream:remotename)%00%(upstream:remoteref) refs/heads/main refs/remotes/main [2ms]
[2022-07-12T17:44:35.452Z] > git for-each-ref --sort -committerdate --format %(refname) %(objectname) %(*objectname) [14ms]
[2022-07-12T17:44:35.453Z] > git remote --verbose [2ms]
[2022-07-12T17:44:35.469Z] > git config --get commit.template [2ms]
[2022-07-12T17:44:56.829Z] > git status -z -uall [3ms]
[2022-07-12T17:44:56.843Z] > git symbolic-ref --short HEAD [1ms]
[2022-07-12T17:44:56.857Z] > git for-each-ref --format=%(refname)%00%(upstream:short)%00%(objectname)%00%(upstream:track)%00%(upstream:remotename)%00%(upstream:remoteref) refs/heads/main refs/remotes/main [1ms]
[2022-07-12T17:44:56.886Z] > git for-each-ref --sort -committerdate --format %(refname) %(objectname) %(*objectname) [16ms]
[2022-07-12T17:44:56.887Z] > git remote --verbose [2ms]
[2022-07-12T17:44:56.903Z] > git config --get commit.template [1ms]
[2022-07-12T17:45:07.452Z] > git status -z -uall [2ms]
[2022-07-12T17:45:07.467Z] > git symbolic-ref --short HEAD [2ms]
[2022-07-12T17:45:07.481Z] > git for-each-ref --format=%(refname)%00%(upstream:short)%00%(objectname)%00%(upstream:track)%00%(upstream:remotename)%00%(upstream:remoteref) refs/heads/main refs/remotes/main [2ms]
[2022-07-12T17:45:07.511Z] > git for-each-ref --sort -committerdate --format %(refname) %(objectname) %(*objectname) [14ms]
[2022-07-12T17:45:07.512Z] > git remote --verbose [3ms]
[2022-07-12T17:45:07.529Z] > git config --get commit.template [2ms]
[2022-07-12T17:45:32.337Z] > git status -z -uall [4ms]
[2022-07-12T17:45:32.351Z] > git symbolic-ref --short HEAD [2ms]
[2022-07-12T17:45:32.365Z] > git for-each-ref --format=%(refname)%00%(upstream:short)%00%(objectname)%00%(upstream:track)%00%(upstream:remotename)%00%(upstream:remoteref) refs/heads/main refs/remotes/main [2ms]
[2022-07-12T17:45:32.391Z] > git for-each-ref --sort -committerdate --format %(refname) %(objectname) %(*objectname) [13ms]
[2022-07-12T17:45:32.392Z] > git remote --verbose [2ms]
[2022-07-12T17:45:32.408Z] > git config --get commit.template [1ms]
[2022-07-12T17:45:39.945Z] > git status -z -uall [3ms]
[2022-07-12T17:45:39.961Z] > git symbolic-ref --short HEAD [3ms]
[2022-07-12T17:45:39.982Z] > git for-each-ref --format=%(refname)%00%(upstream:short)%00%(objectname)%00%(upstream:track)%00%(upstream:remotename)%00%(upstream:remoteref) refs/heads/main refs/remotes/main [2ms]
[2022-07-12T17:45:40.008Z] > git for-each-ref --sort -committerdate --format %(refname) %(objectname) %(*objectname) [13ms]
[2022-07-12T17:45:40.009Z] > git remote --verbose [2ms]
[2022-07-12T17:45:40.026Z] > git config --get commit.template [1ms]
[2022-07-12T17:45:49.548Z] > git status -z -uall [3ms]
[2022-07-12T17:45:49.562Z] > git symbolic-ref --short HEAD [2ms]
[2022-07-12T17:45:49.576Z] > git for-each-ref --format=%(refname)%00%(upstream:short)%00%(objectname)%00%(upstream:track)%00%(upstream:remotename)%00%(upstream:remoteref) refs/heads/main refs/remotes/main [2ms]
[2022-07-12T17:45:49.602Z] > git for-each-ref --sort -committerdate --format %(refname) %(objectname) %(*objectname) [14ms]
[2022-07-12T17:45:49.603Z] > git remote --verbose [3ms]
[2022-07-12T17:45:49.619Z] > git config --get commit.template [1ms]
[2022-07-12T17:46:29.640Z] > git status -z -uall [5ms]
[2022-07-12T17:46:29.657Z] > git symbolic-ref --short HEAD [3ms]
[2022-07-12T17:46:29.674Z] > git for-each-ref --format=%(refname)%00%(upstream:short)%00%(objectname)%00%(upstream:track)%00%(upstream:remotename)%00%(upstream:remoteref) refs/heads/main refs/remotes/main [2ms]
[2022-07-12T17:46:29.701Z] > git for-each-ref --sort -committerdate --format %(refname) %(objectname) %(*objectname) [14ms]
[2022-07-12T17:46:29.702Z] > git remote --verbose [2ms]
[2022-07-12T17:46:29.718Z] > git config --get commit.template [1ms]
[2022-07-12T17:46:45.227Z] > git status -z -uall [11ms]
[2022-07-12T17:46:45.245Z] > git symbolic-ref --short HEAD [3ms]
[2022-07-12T17:46:45.263Z] > git for-each-ref --format=%(refname)%00%(upstream:short)%00%(objectname)%00%(upstream:track)%00%(upstream:remotename)%00%(upstream:remoteref) refs/heads/main refs/remotes/main [2ms]
[2022-07-12T17:46:45.288Z] > git for-each-ref --sort -committerdate --format %(refname) %(objectname) %(*objectname) [12ms]
[2022-07-12T17:46:45.289Z] > git remote --verbose [2ms]
[2022-07-12T17:46:45.305Z] > git config --get commit.template [1ms]
[2022-07-12T17:47:04.722Z] > git status -z -uall [3ms]
[2022-07-12T17:47:04.742Z] > git symbolic-ref --short HEAD [2ms]
[2022-07-12T17:47:04.766Z] > git for-each-ref --format=%(refname)%00%(upstream:short)%00%(objectname)%00%(upstream:track)%00%(upstream:remotename)%00%(upstream:remoteref) refs/heads/main refs/remotes/main [4ms]
[2022-07-12T17:47:04.802Z] > git for-each-ref --sort -committerdate --format %(refname) %(objectname) %(*objectname) [18ms]
[2022-07-12T17:47:04.803Z] > git remote --verbose [3ms]
[2022-07-12T17:47:04.824Z] > git config --get commit.template [2ms]
[2022-07-12T17:47:40.252Z] > git status -z -uall [54ms]
[2022-07-12T17:47:40.270Z] > git symbolic-ref --short HEAD [2ms]
[2022-07-12T17:47:40.288Z] > git for-each-ref --format=%(refname)%00%(upstream:short)%00%(objectname)%00%(upstream:track)%00%(upstream:remotename)%00%(upstream:remoteref) refs/heads/main refs/remotes/main [2ms]
[2022-07-12T17:47:40.320Z] > git for-each-ref --sort -committerdate --format %(refname) %(objectname) %(*objectname) [16ms]
[2022-07-12T17:47:40.321Z] > git remote --verbose [2ms]
[2022-07-12T17:47:40.338Z] > git config --get commit.template [2ms]
[2022-07-12T17:48:05.102Z] > git status -z -uall [3ms]
[2022-07-12T17:48:05.120Z] > git symbolic-ref --short HEAD [2ms]
[2022-07-12T17:48:05.140Z] > git for-each-ref --format=%(refname)%00%(upstream:short)%00%(objectname)%00%(upstream:track)%00%(upstream:remotename)%00%(upstream:remoteref) refs/heads/main refs/remotes/main [4ms]
[2022-07-12T17:48:05.173Z] > git for-each-ref --sort -committerdate --format %(refname) %(objectname) %(*objectname) [19ms]
[2022-07-12T17:48:05.174Z] > git remote --verbose [4ms]
[2022-07-12T17:48:05.197Z] > git config --get commit.template [3ms]
[2022-07-12T17:49:00.830Z] > git status -z -uall [5ms]
[2022-07-12T17:49:00.851Z] > git symbolic-ref --short HEAD [2ms]
[2022-07-12T17:49:00.872Z] > git for-each-ref --format=%(refname)%00%(upstream:short)%00%(objectname)%00%(upstream:track)%00%(upstream:remotename)%00%(upstream:remoteref) refs/heads/main refs/remotes/main [3ms]
[2022-07-12T17:49:00.908Z] > git for-each-ref --sort -committerdate --format %(refname) %(objectname) %(*objectname) [20ms]
[2022-07-12T17:49:00.909Z] > git remote --verbose [2ms]
[2022-07-12T17:49:00.932Z] > git config --get commit.template [4ms]
[2022-07-12T17:49:03.638Z] > git ls-files --stage -- /home/upalb/Grover/scss/_navbar.scss [2ms]
[2022-07-12T17:49:03.652Z] > git show --textconv :scss/_navbar.scss [27ms]
[2022-07-12T17:49:03.653Z] > git cat-file -s ad8f4ee6a4eaccc057a27f4154c05cc119ac547e [3ms]
[2022-07-12T17:49:47.683Z] > git status -z -uall [3ms]
[2022-07-12T17:49:47.700Z] > git symbolic-ref --short HEAD [2ms]
[2022-07-12T17:49:47.726Z] > git for-each-ref --format=%(refname)%00%(upstream:short)%00%(objectname)%00%(upstream:track)%00%(upstream:remotename)%00%(upstream:remoteref) refs/heads/main refs/remotes/main [3ms]
[2022-07-12T17:49:47.766Z] > git for-each-ref --sort -committerdate --format %(refname) %(objectname) %(*objectname) [20ms]
[2022-07-12T17:49:47.766Z] > git remote --verbose [2ms]
[2022-07-12T17:49:47.797Z] > git config --get commit.template [2ms]
[2022-07-12T17:50:22.493Z] > git status -z -uall [4ms]
[2022-07-12T17:50:22.515Z] > git symbolic-ref --short HEAD [1ms]
[2022-07-12T17:50:22.538Z] > git for-each-ref --format=%(refname)%00%(upstream:short)%00%(objectname)%00%(upstream:track)%00%(upstream:remotename)%00%(upstream:remoteref) refs/heads/main refs/remotes/main [5ms]
[2022-07-12T17:50:22.578Z] > git for-each-ref --sort -committerdate --format %(refname) %(objectname) %(*objectname) [20ms]
[2022-07-12T17:50:22.578Z] > git remote --verbose [2ms]
[2022-07-12T17:50:22.598Z] > git config --get commit.template [2ms]
[2022-07-12T17:50:31.337Z] > git show --textconv :scss/_hero.scss [17ms]
[2022-07-12T17:50:31.356Z] > git ls-files --stage -- /home/upalb/Grover/scss/_hero.scss [22ms]
[2022-07-12T17:51:33.298Z] > git status -z -uall [4ms]
[2022-07-12T17:51:33.320Z] > git symbolic-ref --short HEAD [3ms]
[2022-07-12T17:51:33.336Z] > git for-each-ref --format=%(refname)%00%(upstream:short)%00%(objectname)%00%(upstream:track)%00%(upstream:remotename)%00%(upstream:remoteref) refs/heads/main refs/remotes/main [2ms]
[2022-07-12T17:51:33.365Z] > git for-each-ref --sort -committerdate --format %(refname) %(objectname) %(*objectname) [16ms]
[2022-07-12T17:51:33.366Z] > git remote --verbose [4ms]
[2022-07-12T17:51:33.387Z] > git config --get commit.template [1ms]
[2022-07-12T17:51:37.215Z] > git show --textconv :scss/_utils.scss [28ms]
[2022-07-12T17:51:37.232Z] > git ls-files --stage -- /home/upalb/Grover/scss/_utils.scss [21ms]
[2022-07-12T17:52:05.362Z] > git status -z -uall [39ms]
[2022-07-12T17:52:05.377Z] > git symbolic-ref --short HEAD [2ms]
[2022-07-12T17:52:05.398Z] > git for-each-ref --format=%(refname)%00%(upstream:short)%00%(objectname)%00%(upstream:track)%00%(upstream:remotename)%00%(upstream:remoteref) refs/heads/main refs/remotes/main [2ms]
[2022-07-12T17:52:05.424Z] > git for-each-ref --sort -committerdate --format %(refname) %(objectname) %(*objectname) [14ms]
[2022-07-12T17:52:05.425Z] > git remote --verbose [2ms]
[2022-07-12T17:52:05.446Z] > git config --get commit.template [2ms]
[2022-07-12T17:52:10.464Z] > git status -z -uall [4ms]
[2022-07-12T17:52:10.484Z] > git symbolic-ref --short HEAD [3ms]
[2022-07-12T17:52:10.502Z] > git for-each-ref --format=%(refname)%00%(upstream:short)%00%(objectname)%00%(upstream:track)%00%(upstream:remotename)%00%(upstream:remoteref) refs/heads/main refs/remotes/main [2ms]
[2022-07-12T17:52:10.531Z] > git for-each-ref --sort -committerdate --format %(refname) %(objectname) %(*objectname) [15ms]
[2022-07-12T17:52:10.532Z] > git remote --verbose [3ms]
[2022-07-12T17:52:10.549Z] > git config --get commit.template [2ms]
[2022-07-12T17:52:18.017Z] > git show --textconv :scss/_hero.scss [15ms]
[2022-07-12T17:52:18.018Z] > git ls-files --stage -- /home/upalb/Grover/scss/_hero.scss [2ms]
[2022-07-12T17:52:36.110Z] > git status -z -uall [3ms]
[2022-07-12T17:52:36.124Z] > git symbolic-ref --short HEAD [1ms]
[2022-07-12T17:52:36.139Z] > git for-each-ref --format=%(refname)%00%(upstream:short)%00%(objectname)%00%(upstream:track)%00%(upstream:remotename)%00%(upstream:remoteref) refs/heads/main refs/remotes/main [2ms]
[2022-07-12T17:52:36.166Z] > git for-each-ref --sort -committerdate --format %(refname) %(objectname) %(*objectname) [14ms]
[2022-07-12T17:52:36.167Z] > git remote --verbose [3ms]
[2022-07-12T17:52:36.185Z] > git config --get commit.template [2ms]
[2022-07-12T17:53:46.219Z] > git status -z -uall [3ms]
[2022-07-12T17:53:46.292Z] > git symbolic-ref --short HEAD [58ms]
[2022-07-12T17:53:46.311Z] > git for-each-ref --format=%(refname)%00%(upstream:short)%00%(objectname)%00%(upstream:track)%00%(upstream:remotename)%00%(upstream:remoteref) refs/heads/main refs/remotes/main [3ms]
[2022-07-12T17:53:46.348Z] > git for-each-ref --sort -committerdate --format %(refname) %(objectname) %(*objectname) [19ms]
[2022-07-12T17:53:46.349Z] > git remote --verbose [4ms]
[2022-07-12T17:53:46.391Z] > git config --get commit.template [3ms]
[2022-07-12T17:53:57.737Z] > git status -z -uall [3ms]
[2022-07-12T17:53:57.751Z] > git symbolic-ref --short HEAD [2ms]
[2022-07-12T17:53:57.765Z] > git for-each-ref --format=%(refname)%00%(upstream:short)%00%(objectname)%00%(upstream:track)%00%(upstream:remotename)%00%(upstream:remoteref) refs/heads/main refs/remotes/main [2ms]
[2022-07-12T17:53:57.792Z] > git for-each-ref --sort -committerdate --format %(refname) %(objectname) %(*objectname) [14ms]
[2022-07-12T17:53:57.793Z] > git remote --verbose [3ms]
[2022-07-12T17:53:57.809Z] > git config --get commit.template [1ms]
[2022-07-12T17:54:02.826Z] > git status -z -uall [3ms]
[2022-07-12T17:54:02.840Z] > git symbolic-ref --short HEAD [2ms]
[2022-07-12T17:54:02.854Z] > git for-each-ref --format=%(refname)%00%(upstream:short)%00%(objectname)%00%(upstream:track)%00%(upstream:remotename)%00%(upstream:remoteref) refs/heads/main refs/remotes/main [2ms]
[2022-07-12T17:54:02.879Z] > git for-each-ref --sort -committerdate --format %(refname) %(objectname) %(*objectname) [13ms]
[2022-07-12T17:54:02.880Z] > git remote --verbose [2ms]
[2022-07-12T17:54:02.896Z] > git config --get commit.template [2ms]
[2022-07-12T17:54:14.004Z] > git status -z -uall [2ms]
[2022-07-12T17:54:14.024Z] > git symbolic-ref --short HEAD [2ms]
[2022-07-12T17:54:14.043Z] > git for-each-ref --format=%(refname)%00%(upstream:short)%00%(objectname)%00%(upstream:track)%00%(upstream:remotename)%00%(upstream:remoteref) refs/heads/main refs/remotes/main [2ms]
[2022-07-12T17:54:14.081Z] > git for-each-ref --sort -committerdate --format %(refname) %(objectname) %(*objectname) [21ms]
[2022-07-12T17:54:14.082Z] > git remote --verbose [3ms]
[2022-07-12T17:54:14.099Z] > git config --get commit.template [2ms]
[2022-07-12T17:54:19.544Z] > git status -z -uall [4ms]
[2022-07-12T17:54:19.559Z] > git symbolic-ref --short HEAD [2ms]
[2022-07-12T17:54:19.574Z] > git for-each-ref --format=%(refname)%00%(upstream:short)%00%(objectname)%00%(upstream:track)%00%(upstream:remotename)%00%(upstream:remoteref) refs/heads/main refs/remotes/main [1ms]
[2022-07-12T17:54:19.600Z] > git for-each-ref --sort -committerdate --format %(refname) %(objectname) %(*objectname) [14ms]
[2022-07-12T17:54:19.600Z] > git remote --verbose [2ms]
[2022-07-12T17:54:19.618Z] > git config --get commit.template [3ms]
[2022-07-12T17:54:24.640Z] > git status -z -uall [5ms]
[2022-07-12T17:54:24.667Z] > git symbolic-ref --short HEAD [8ms]
[2022-07-12T17:54:24.684Z] > git for-each-ref --format=%(refname)%00%(upstream:short)%00%(objectname)%00%(upstream:track)%00%(upstream:remotename)%00%(upstream:remoteref) refs/heads/main refs/remotes/main [3ms]
[2022-07-12T17:54:24.725Z] > git for-each-ref --sort -committerdate --format %(refname) %(objectname) %(*objectname) [24ms]
[2022-07-12T17:54:24.726Z] > git remote --verbose [3ms]
[2022-07-12T17:54:24.753Z] > git config --get commit.template [6ms]
[2022-07-12T17:54:29.776Z] > git status -z -uall [3ms]
[2022-07-12T17:54:29.791Z] > git symbolic-ref --short HEAD [2ms]
[2022-07-12T17:54:29.806Z] > git for-each-ref --format=%(refname)%00%(upstream:short)%00%(objectname)%00%(upstream:track)%00%(upstream:remotename)%00%(upstream:remoteref) refs/heads/main refs/remotes/main [2ms]
[2022-07-12T17:54:29.832Z] > git for-each-ref --sort -committerdate --format %(refname) %(objectname) %(*objectname) [14ms]
[2022-07-12T17:54:29.833Z] > git remote --verbose [2ms]
[2022-07-12T17:54:29.850Z] > git config --get commit.template [2ms]
[2022-07-12T17:54:47.253Z] > git status -z -uall [9ms]
[2022-07-12T17:54:47.293Z] > git symbolic-ref --short HEAD [3ms]
[2022-07-12T17:54:47.324Z] > git for-each-ref --format=%(refname)%00%(upstream:short)%00%(objectname)%00%(upstream:track)%00%(upstream:remotename)%00%(upstream:remoteref) refs/heads/main refs/remotes/main [2ms]
[2022-07-12T17:54:47.374Z] > git for-each-ref --sort -committerdate --format %(refname) %(objectname) %(*objectname) [21ms]
[2022-07-12T17:54:47.376Z] > git remote --verbose [3ms]
[2022-07-12T17:54:47.404Z] > git config --get commit.template [2ms]
[2022-07-12T17:55:09.914Z] > git rev-parse --show-toplevel [9ms]
[2022-07-12T17:55:09.914Z] fatal: not a git repository (or any parent up to mount point /run/media/upalb)
Stopping at filesystem boundary (GIT_DISCOVERY_ACROSS_FILESYSTEM not set).
[2022-07-12T17:55:14.374Z] > git show --textconv :index.html [15ms]
[2022-07-12T17:55:14.375Z] > git ls-files --stage -- /home/upalb/Grover/index.html [3ms]
[2022-07-12T17:55:14.389Z] > git cat-file -s 8df29ee1e48be9a96c1c00fa6afa4ba47d83148f [2ms]
[2022-07-12T17:55:26.095Z] > git status -z -uall [4ms]
[2022-07-12T17:55:26.122Z] > git symbolic-ref --short HEAD [2ms]
[2022-07-12T17:55:26.157Z] > git for-each-ref --format=%(refname)%00%(upstream:short)%00%(objectname)%00%(upstream:track)%00%(upstream:remotename)%00%(upstream:remoteref) refs/heads/main refs/remotes/main [1ms]
[2022-07-12T17:55:26.204Z] > git for-each-ref --sort -committerdate --format %(refname) %(objectname) %(*objectname) [24ms]
[2022-07-12T17:55:26.210Z] > git remote --verbose [8ms]
[2022-07-12T17:55:26.243Z] > git config --get commit.template [5ms]
[2022-07-12T17:55:29.126Z] > git show --textconv :scss/_hero.scss [30ms]
[2022-07-12T17:55:29.132Z] > git ls-files --stage -- /home/upalb/Grover/scss/_hero.scss [9ms]
[2022-07-12T17:56:05.102Z] > git status -z -uall [4ms]
[2022-07-12T17:56:05.119Z] > git symbolic-ref --short HEAD [2ms]
[2022-07-12T17:56:05.133Z] > git for-each-ref --format=%(refname)%00%(upstream:short)%00%(objectname)%00%(upstream:track)%00%(upstream:remotename)%00%(upstream:remoteref) refs/heads/main refs/remotes/main [2ms]
[2022-07-12T17:56:05.164Z] > git for-each-ref --sort -committerdate --format %(refname) %(objectname) %(*objectname) [17ms]
[2022-07-12T17:56:05.165Z] > git remote --verbose [3ms]
[2022-07-12T17:56:05.184Z] > git config --get commit.template [1ms]
[2022-07-12T17:56:21.216Z] > git status -z -uall [4ms]
[2022-07-12T17:56:21.235Z] > git symbolic-ref --short HEAD [2ms]
[2022-07-12T17:56:21.254Z] > git for-each-ref --format=%(refname)%00%(upstream:short)%00%(objectname)%00%(upstream:track)%00%(upstream:remotename)%00%(upstream:remoteref) refs/heads/main refs/remotes/main [2ms]
[2022-07-12T17:56:21.281Z] > git for-each-ref --sort -committerdate --format %(refname) %(objectname) %(*objectname) [15ms]
[2022-07-12T17:56:21.282Z] > git remote --verbose [2ms]
[2022-07-12T17:56:21.298Z] > git config --get commit.template [1ms]
[2022-07-12T17:56:41.913Z] > git status -z -uall [4ms]
[2022-07-12T17:56:41.929Z] > git symbolic-ref --short HEAD [2ms]
[2022-07-12T17:56:41.946Z] > git for-each-ref --format=%(refname)%00%(upstream:short)%00%(objectname)%00%(upstream:track)%00%(upstream:remotename)%00%(upstream:remoteref) refs/heads/main refs/remotes/main [3ms]
[2022-07-12T17:56:41.972Z] > git for-each-ref --sort -committerdate --format %(refname) %(objectname) %(*objectname) [14ms]
[2022-07-12T17:56:41.972Z] > git remote --verbose [2ms]
[2022-07-12T17:56:41.989Z] > git config --get commit.template [2ms]
[2022-07-12T17:56:52.546Z] > git status -z -uall [3ms]
[2022-07-12T17:56:52.560Z] > git symbolic-ref --short HEAD [2ms]
[2022-07-12T17:56:52.574Z] > git for-each-ref --format=%(refname)%00%(upstream:short)%00%(objectname)%00%(upstream:track)%00%(upstream:remotename)%00%(upstream:remoteref) refs/heads/main refs/remotes/main [2ms]
[2022-07-12T17:56:52.599Z] > git for-each-ref --sort -committerdate --format %(refname) %(objectname) %(*objectname) [13ms]
[2022-07-12T17:56:52.600Z] > git remote --verbose [2ms]
[2022-07-12T17:56:52.616Z] > git config --get commit.template [2ms]
[2022-07-12T17:56:57.633Z] > git status -z -uall [3ms]
[2022-07-12T17:56:57.647Z] > git symbolic-ref --short HEAD [2ms]
[2022-07-12T17:56:57.663Z] > git for-each-ref --format=%(refname)%00%(upstream:short)%00%(objectname)%00%(upstream:track)%00%(upstream:remotename)%00%(upstream:remoteref) refs/heads/main refs/remotes/main [2ms]
[2022-07-12T17:56:57.688Z] > git for-each-ref --sort -committerdate --format %(refname) %(objectname) %(*objectname) [13ms]
[2022-07-12T17:56:57.689Z] > git remote --verbose [2ms]
[2022-07-12T17:56:57.705Z] > git config --get commit.template [2ms]
[2022-07-12T17:57:07.988Z] > git status -z -uall [3ms]
[2022-07-12T17:57:08.002Z] > git symbolic-ref --short HEAD [2ms]
[2022-07-12T17:57:08.016Z] > git for-each-ref --format=%(refname)%00%(upstream:short)%00%(objectname)%00%(upstream:track)%00%(upstream:remotename)%00%(upstream:remoteref) refs/heads/main refs/remotes/main [2ms]
[2022-07-12T17:57:08.042Z] > git for-each-ref --sort -committerdate --format %(refname) %(objectname) %(*objectname) [14ms]
[2022-07-12T17:57:08.043Z] > git remote --verbose [3ms]
[2022-07-12T17:57:08.058Z] > git config --get commit.template [1ms]
