[2022-07-13T17:49:22.642Z] Log level: Info
[2022-07-13T17:49:22.645Z] [info] Validating found git in: git
[2022-07-13T17:49:25.270Z] [info] Using git 2.37.1 from git
[2022-07-13T17:49:25.353Z] > git rev-parse --show-toplevel [58ms]
[2022-07-13T17:49:25.381Z] > git rev-parse --git-dir --git-common-dir [5ms]
[2022-07-13T17:49:25.392Z] [info] Open repository: /home/upalb/Grover
[2022-07-13T17:49:25.594Z] > git status -z -uall [182ms]
[2022-07-13T17:49:25.617Z] > git symbolic-ref --short HEAD [8ms]
[2022-07-13T17:49:25.728Z] > git for-each-ref --format=%(refname)%00%(upstream:short)%00%(objectname)%00%(upstream:track)%00%(upstream:remotename)%00%(upstream:remoteref) refs/heads/main refs/remotes/main [93ms]
[2022-07-13T17:49:25.761Z] > git for-each-ref --sort -committerdate --format %(refname) %(objectname) %(*objectname) [17ms]
[2022-07-13T17:49:25.763Z] > git remote --verbose [4ms]
[2022-07-13T17:49:25.848Z] > git config --get commit.template [58ms]
[2022-07-13T17:49:25.885Z] > git status -z -uall [18ms]
[2022-07-13T17:49:25.902Z] > git symbolic-ref --short HEAD [3ms]
[2022-07-13T17:49:25.920Z] > git for-each-ref --format=%(refname)%00%(upstream:short)%00%(objectname)%00%(upstream:track)%00%(upstream:remotename)%00%(upstream:remoteref) refs/heads/main refs/remotes/main [3ms]
[2022-07-13T17:49:25.994Z] > git for-each-ref --sort -committerdate --format %(refname) %(objectname) %(*objectname) [57ms]
[2022-07-13T17:49:25.999Z] > git remote --verbose [40ms]
[2022-07-13T17:49:26.022Z] > git config --get commit.template [7ms]
[2022-07-13T17:49:26.129Z] > git check-ignore -v -z --stdin [27ms]
[2022-07-13T17:49:32.572Z] > git config --global user.email [27ms]
[2022-07-13T17:49:32.592Z] > git config --global user.name [3ms]
[2022-07-13T17:49:32.617Z] > git status -z -uall [6ms]
[2022-07-13T17:49:32.639Z] > git symbolic-ref --short HEAD [7ms]
[2022-07-13T17:49:32.714Z] > git for-each-ref --format=%(refname)%00%(upstream:short)%00%(objectname)%00%(upstream:track)%00%(upstream:remotename)%00%(upstream:remoteref) refs/heads/main refs/remotes/main [59ms]
[2022-07-13T17:49:32.745Z] > git for-each-ref --sort -committerdate --format %(refname) %(objectname) %(*objectname) [18ms]
[2022-07-13T17:49:32.746Z] > git remote --verbose [6ms]
[2022-07-13T17:49:32.773Z] > git config --get commit.template [3ms]
[2022-07-13T17:49:32.913Z] > git show -s --format=%an <%ae> [%ai] b223393853401ac3f5ca227f72fb38824f0ca07a [127ms]
[2022-07-13T17:49:32.928Z] > git show -s --format=%H%n%aN%n%aE%n%at%n%ct%n%P%n%D%n%B -z b223393853401ac3f5ca227f72fb38824f0ca07a [3ms]
[2022-07-13T17:49:32.972Z] > git show -s --format=%an <%ae> [%ai] a9d092d7ef1fdb0f8f80a5158531c76e32c5eaae [29ms]
[2022-07-13T17:49:32.988Z] > git show -s --format=%H%n%aN%n%aE%n%at%n%ct%n%P%n%D%n%B -z a9d092d7ef1fdb0f8f80a5158531c76e32c5eaae [4ms]
[2022-07-13T17:49:33.006Z] > git show -s --format=%an <%ae> [%ai] 1f90a79f2f581c421671fef5065d87fef401bbd7 [3ms]
[2022-07-13T17:49:33.022Z] > git show -s --format=%H%n%aN%n%aE%n%at%n%ct%n%P%n%D%n%B -z 1f90a79f2f581c421671fef5065d87fef401bbd7 [3ms]
[2022-07-13T17:55:32.454Z] > git ls-files --stage -- /home/upalb/Grover/index.html [4ms]
[2022-07-13T17:55:32.542Z] > git show --textconv :index.html [113ms]
[2022-07-13T17:55:32.566Z] > git cat-file -s cb80bd9861a1caf3564203f327d68c28e6c2982f [99ms]
[2022-07-13T18:05:17.997Z] > git show --textconv :index.html [15ms]
[2022-07-13T18:05:17.997Z] > git ls-files --stage -- /home/upalb/Grover/index.html [2ms]
[2022-07-13T18:05:18.012Z] > git cat-file -s cb80bd9861a1caf3564203f327d68c28e6c2982f [3ms]
