[2022-07-05T17:14:14.491Z] Log level: Info
[2022-07-05T17:14:14.492Z] [info] Validating found git in: git
[2022-07-05T17:14:14.625Z] [info] Using git 2.37.0 from git
[2022-07-05T17:14:28.319Z] > git rev-parse --show-toplevel [13670ms]
[2022-07-05T17:14:28.320Z] fatal: not a git repository (or any parent up to mount point /run/media/upalb)
Stopping at filesystem boundary (GIT_DISCOVERY_ACROSS_FILESYSTEM not set).
[2022-07-05T17:14:28.395Z] > git rev-parse --show-toplevel [49ms]
[2022-07-05T17:14:28.395Z] fatal: not a git repository (or any parent up to mount point /run/media/upalb)
Stopping at filesystem boundary (GIT_DISCOVERY_ACROSS_FILESYSTEM not set).
[2022-07-05T17:14:28.424Z] > git rev-parse --show-toplevel [12ms]
[2022-07-05T17:14:28.424Z] fatal: not a git repository (or any parent up to mount point /run/media/upalb)
Stopping at filesystem boundary (GIT_DISCOVERY_ACROSS_FILESYSTEM not set).
[2022-07-05T17:14:28.473Z] > git rev-parse --show-toplevel [14ms]
[2022-07-05T17:14:28.473Z] fatal: not a git repository (or any parent up to mount point /run/media/upalb)
Stopping at filesystem boundary (GIT_DISCOVERY_ACROSS_FILESYSTEM not set).
[2022-07-05T17:14:28.498Z] > git rev-parse --show-toplevel [13ms]
[2022-07-05T17:14:28.498Z] fatal: not a git repository (or any parent up to mount point /run/media/upalb)
Stopping at filesystem boundary (GIT_DISCOVERY_ACROSS_FILESYSTEM not set).
[2022-07-05T17:14:28.648Z] > git rev-parse --show-toplevel [129ms]
[2022-07-05T17:14:28.649Z] fatal: not a git repository (or any parent up to mount point /run/media/upalb)
Stopping at filesystem boundary (GIT_DISCOVERY_ACROSS_FILESYSTEM not set).
[2022-07-05T17:14:28.696Z] > git rev-parse --show-toplevel [33ms]
[2022-07-05T17:14:28.696Z] fatal: not a git repository (or any parent up to mount point /run/media/upalb)
Stopping at filesystem boundary (GIT_DISCOVERY_ACROSS_FILESYSTEM not set).
[2022-07-05T17:14:28.739Z] > git rev-parse --show-toplevel [11ms]
[2022-07-05T17:14:28.739Z] fatal: not a git repository (or any parent up to mount point /run/media/upalb)
Stopping at filesystem boundary (GIT_DISCOVERY_ACROSS_FILESYSTEM not set).
[2022-07-05T17:14:28.859Z] > git rev-parse --show-toplevel [87ms]
[2022-07-05T17:14:28.859Z] fatal: not a git repository (or any parent up to mount point /run/media/upalb)
Stopping at filesystem boundary (GIT_DISCOVERY_ACROSS_FILESYSTEM not set).
[2022-07-05T17:16:30.982Z] > git rev-parse --show-toplevel [90ms]
[2022-07-05T17:16:30.982Z] fatal: not a git repository (or any parent up to mount point /run/media/upalb)
Stopping at filesystem boundary (GIT_DISCOVERY_ACROSS_FILESYSTEM not set).
[2022-07-05T17:23:32.972Z] > git rev-parse --show-toplevel [24ms]
[2022-07-05T17:23:32.972Z] fatal: unsafe repository ('/run/media/upalb/Miscellaneous/Code/Programming-Hero/Assigmnent 1' is owned by someone else)
To add an exception for this directory, call:

	git config --global --add safe.directory '/run/media/upalb/Miscellaneous/Code/Programming-Hero/Assigmnent 1'
[2022-07-05T17:27:28.538Z] > git rev-parse --show-toplevel [31ms]
[2022-07-05T17:27:28.579Z] > git rev-parse --git-dir --git-common-dir [16ms]
[2022-07-05T17:27:28.589Z] [info] Open repository: /run/media/upalb/Miscellaneous/Code/Programming-Hero/Assigmnent 1
[2022-07-05T17:27:28.616Z] > git status -z -uall [11ms]
[2022-07-05T17:27:28.669Z] > git symbolic-ref --short HEAD [36ms]
[2022-07-05T17:27:28.741Z] > git for-each-ref --format=%(refname)%00%(upstream:short)%00%(objectname)%00%(upstream:track)%00%(upstream:remotename)%00%(upstream:remoteref) refs/heads/main refs/remotes/main [60ms]
[2022-07-05T17:27:28.767Z] > git remote --verbose [6ms]
[2022-07-05T17:27:28.768Z] > git for-each-ref --sort -committerdate --format %(refname) %(objectname) %(*objectname) [17ms]
[2022-07-05T17:27:28.784Z] > git config --get commit.template [3ms]
[2022-07-05T17:27:29.035Z] > git ls-files --stage -- /run/media/upalb/Miscellaneous/Code/Programming-Hero/Assigmnent 1/style.css [15ms]
[2022-07-05T17:27:29.047Z] > git show --textconv :style.css [41ms]
[2022-07-05T17:27:29.050Z] > git cat-file -s e69de29bb2d1d6434b8b29ae775ad8c2e48c5391 [4ms]
[2022-07-05T17:27:29.185Z] > git check-ignore -v -z --stdin [6ms]
[2022-07-05T17:27:32.080Z] > git show --textconv :README.md [89ms]
[2022-07-05T17:27:32.080Z] > git ls-files --stage -- /run/media/upalb/Miscellaneous/Code/Programming-Hero/Assigmnent 1/README.md [77ms]
[2022-07-05T17:27:32.099Z] > git cat-file -s e69de29bb2d1d6434b8b29ae775ad8c2e48c5391 [4ms]
[2022-07-05T17:27:33.304Z] > git show --textconv :style.css [14ms]
[2022-07-05T17:27:33.305Z] > git ls-files --stage -- /run/media/upalb/Miscellaneous/Code/Programming-Hero/Assigmnent 1/style.css [2ms]
[2022-07-05T17:27:33.321Z] > git cat-file -s e69de29bb2d1d6434b8b29ae775ad8c2e48c5391 [3ms]
[2022-07-05T17:27:37.113Z] > git show --textconv :README.md [14ms]
[2022-07-05T17:27:37.115Z] > git ls-files --stage -- /run/media/upalb/Miscellaneous/Code/Programming-Hero/Assigmnent 1/README.md [3ms]
[2022-07-05T17:27:37.129Z] > git cat-file -s e69de29bb2d1d6434b8b29ae775ad8c2e48c5391 [4ms]
[2022-07-05T17:27:45.101Z] > git show --textconv :index.html [14ms]
[2022-07-05T17:27:45.103Z] > git ls-files --stage -- /run/media/upalb/Miscellaneous/Code/Programming-Hero/Assigmnent 1/index.html [4ms]
[2022-07-05T17:27:45.118Z] > git cat-file -s 984afd644e9c09989cc804577495fbbba534b631 [4ms]
[2022-07-05T17:36:15.101Z] > git rev-parse --show-toplevel [266ms]
[2022-07-05T17:36:15.101Z] fatal: not a git repository (or any parent up to mount point /run/media/upalb)
Stopping at filesystem boundary (GIT_DISCOVERY_ACROSS_FILESYSTEM not set).
[2022-07-05T17:36:30.193Z] > git rev-parse --show-toplevel [133ms]
[2022-07-05T17:36:30.194Z] fatal: not a git repository (or any parent up to mount point /run/media/upalb)
Stopping at filesystem boundary (GIT_DISCOVERY_ACROSS_FILESYSTEM not set).
[2022-07-05T17:36:49.868Z] > git ls-files --stage -- /run/media/upalb/Miscellaneous/Code/Programming-Hero/Assigmnent 1/style.css [212ms]
[2022-07-05T17:36:49.940Z] > git cat-file -s e69de29bb2d1d6434b8b29ae775ad8c2e48c5391 [59ms]
[2022-07-05T17:36:49.943Z] > git show --textconv :style.css [356ms]
[2022-07-05T17:37:13.750Z] > git show --textconv :index.html [16ms]
[2022-07-05T17:37:13.751Z] > git ls-files --stage -- /run/media/upalb/Miscellaneous/Code/Programming-Hero/Assigmnent 1/index.html [4ms]
[2022-07-05T17:37:13.767Z] > git cat-file -s 984afd644e9c09989cc804577495fbbba534b631 [4ms]
[2022-07-05T17:37:19.083Z] > git show --textconv :style.css [20ms]
[2022-07-05T17:37:19.119Z] > git ls-files --stage -- /run/media/upalb/Miscellaneous/Code/Programming-Hero/Assigmnent 1/style.css [40ms]
[2022-07-05T17:37:19.146Z] > git cat-file -s e69de29bb2d1d6434b8b29ae775ad8c2e48c5391 [6ms]
[2022-07-05T17:39:00.620Z] > git show --textconv :index.html [16ms]
[2022-07-05T17:39:00.621Z] > git ls-files --stage -- /run/media/upalb/Miscellaneous/Code/Programming-Hero/Assigmnent 1/index.html [4ms]
[2022-07-05T17:39:00.639Z] > git cat-file -s 984afd644e9c09989cc804577495fbbba534b631 [5ms]
[2022-07-05T17:39:09.247Z] > git show --textconv :README.md [18ms]
[2022-07-05T17:39:09.248Z] > git ls-files --stage -- /run/media/upalb/Miscellaneous/Code/Programming-Hero/Assigmnent 1/README.md [5ms]
[2022-07-05T17:39:09.265Z] > git cat-file -s e69de29bb2d1d6434b8b29ae775ad8c2e48c5391 [6ms]
[2022-07-05T17:41:36.526Z] > git show --textconv :index.html [27ms]
[2022-07-05T17:41:36.530Z] > git ls-files --stage -- /run/media/upalb/Miscellaneous/Code/Programming-Hero/Assigmnent 1/index.html [5ms]
[2022-07-05T17:41:36.550Z] > git cat-file -s 38e34732c1da4f6a21c8233fb194aaa9483e2c8e [3ms]
[2022-07-05T17:44:47.455Z] > git ls-files --stage -- /run/media/upalb/Miscellaneous/Code/Programming-Hero/Assigmnent 1/style.css [78ms]
[2022-07-05T17:44:47.500Z] > git show --textconv :style.css [135ms]
[2022-07-05T17:44:47.504Z] > git cat-file -s e69de29bb2d1d6434b8b29ae775ad8c2e48c5391 [5ms]
[2022-07-05T17:45:41.756Z] > git show --textconv :index.html [15ms]
[2022-07-05T17:45:41.758Z] > git ls-files --stage -- /run/media/upalb/Miscellaneous/Code/Programming-Hero/Assigmnent 1/index.html [3ms]
[2022-07-05T17:45:41.775Z] > git cat-file -s 38e34732c1da4f6a21c8233fb194aaa9483e2c8e [3ms]
[2022-07-05T17:45:51.990Z] > git show --textconv :style.css [18ms]
[2022-07-05T17:45:51.992Z] > git ls-files --stage -- /run/media/upalb/Miscellaneous/Code/Programming-Hero/Assigmnent 1/style.css [5ms]
[2022-07-05T17:45:52.007Z] > git cat-file -s e69de29bb2d1d6434b8b29ae775ad8c2e48c5391 [3ms]
[2022-07-05T17:48:52.293Z] > git ls-files --stage -- /run/media/upalb/Miscellaneous/Code/Programming-Hero/Assigmnent 1/index.html [66ms]
[2022-07-05T17:48:52.307Z] > git show --textconv :index.html [92ms]
[2022-07-05T17:48:52.309Z] > git cat-file -s 38e34732c1da4f6a21c8233fb194aaa9483e2c8e [3ms]
[2022-07-05T17:49:05.399Z] > git show --textconv :style.css [14ms]
[2022-07-05T17:49:05.401Z] > git ls-files --stage -- /run/media/upalb/Miscellaneous/Code/Programming-Hero/Assigmnent 1/style.css [4ms]
[2022-07-05T17:49:05.417Z] > git cat-file -s e69de29bb2d1d6434b8b29ae775ad8c2e48c5391 [4ms]
[2022-07-05T17:49:15.361Z] > git show --textconv :index.html [15ms]
[2022-07-05T17:49:15.363Z] > git ls-files --stage -- /run/media/upalb/Miscellaneous/Code/Programming-Hero/Assigmnent 1/index.html [3ms]
[2022-07-05T17:49:15.379Z] > git cat-file -s 38e34732c1da4f6a21c8233fb194aaa9483e2c8e [4ms]
[2022-07-05T17:49:18.056Z] > git show --textconv :style.css [14ms]
[2022-07-05T17:49:18.057Z] > git ls-files --stage -- /run/media/upalb/Miscellaneous/Code/Programming-Hero/Assigmnent 1/style.css [4ms]
[2022-07-05T17:49:18.074Z] > git cat-file -s e69de29bb2d1d6434b8b29ae775ad8c2e48c5391 [3ms]
[2022-07-05T17:50:53.094Z] > git show --textconv :index.html [20ms]
[2022-07-05T17:50:53.096Z] > git ls-files --stage -- /run/media/upalb/Miscellaneous/Code/Programming-Hero/Assigmnent 1/index.html [4ms]
[2022-07-05T17:50:53.112Z] > git cat-file -s 38e34732c1da4f6a21c8233fb194aaa9483e2c8e [4ms]
[2022-07-05T17:51:07.075Z] > git show --textconv :style.css [15ms]
[2022-07-05T17:51:07.077Z] > git ls-files --stage -- /run/media/upalb/Miscellaneous/Code/Programming-Hero/Assigmnent 1/style.css [3ms]
[2022-07-05T17:51:07.094Z] > git cat-file -s e69de29bb2d1d6434b8b29ae775ad8c2e48c5391 [3ms]
[2022-07-05T17:53:43.310Z] > git show --textconv :index.html [15ms]
[2022-07-05T17:53:43.311Z] > git ls-files --stage -- /run/media/upalb/Miscellaneous/Code/Programming-Hero/Assigmnent 1/index.html [3ms]
[2022-07-05T17:53:43.329Z] > git cat-file -s 38e34732c1da4f6a21c8233fb194aaa9483e2c8e [4ms]
[2022-07-05T17:53:55.065Z] > git show --textconv :style.css [16ms]
[2022-07-05T17:53:55.067Z] > git ls-files --stage -- /run/media/upalb/Miscellaneous/Code/Programming-Hero/Assigmnent 1/style.css [5ms]
[2022-07-05T17:53:55.084Z] > git cat-file -s e69de29bb2d1d6434b8b29ae775ad8c2e48c5391 [4ms]
[2022-07-05T17:58:41.341Z] > git show --textconv :index.html [13ms]
[2022-07-05T17:58:41.382Z] > git ls-files --stage -- /run/media/upalb/Miscellaneous/Code/Programming-Hero/Assigmnent 1/index.html [42ms]
[2022-07-05T17:58:41.397Z] > git cat-file -s 38e34732c1da4f6a21c8233fb194aaa9483e2c8e [3ms]
[2022-07-05T17:59:05.307Z] > git show --textconv :style.css [15ms]
[2022-07-05T17:59:05.309Z] > git ls-files --stage -- /run/media/upalb/Miscellaneous/Code/Programming-Hero/Assigmnent 1/style.css [4ms]
[2022-07-05T17:59:05.324Z] > git cat-file -s e69de29bb2d1d6434b8b29ae775ad8c2e48c5391 [4ms]
[2022-07-05T18:10:11.937Z] > git ls-files --stage -- /run/media/upalb/Miscellaneous/Code/Programming-Hero/Assigmnent 1/README.md [441ms]
[2022-07-05T18:10:12.023Z] > git show --textconv :README.md [541ms]
[2022-07-05T18:10:12.032Z] > git cat-file -s 77aa259c134de2fa3d6a63c364f51b897ab4481b [9ms]
[2022-07-05T18:10:14.113Z] > git show --textconv :style.css [15ms]
[2022-07-05T18:10:14.115Z] > git ls-files --stage -- /run/media/upalb/Miscellaneous/Code/Programming-Hero/Assigmnent 1/style.css [4ms]
[2022-07-05T18:10:14.133Z] > git cat-file -s e69de29bb2d1d6434b8b29ae775ad8c2e48c5391 [4ms]
[2022-07-05T18:13:38.938Z] > git show --textconv :index.html [14ms]
[2022-07-05T18:13:38.940Z] > git ls-files --stage -- /run/media/upalb/Miscellaneous/Code/Programming-Hero/Assigmnent 1/index.html [4ms]
[2022-07-05T18:13:38.957Z] > git cat-file -s 38e34732c1da4f6a21c8233fb194aaa9483e2c8e [5ms]
[2022-07-05T18:22:09.709Z] > git ls-files --stage -- /run/media/upalb/Miscellaneous/Code/Programming-Hero/Assigmnent 1/style.css [326ms]
[2022-07-05T18:22:09.762Z] > git show --textconv :style.css [391ms]
[2022-07-05T18:22:09.775Z] > git cat-file -s e69de29bb2d1d6434b8b29ae775ad8c2e48c5391 [14ms]
[2022-07-05T18:29:26.817Z] > git show --textconv :index.html [18ms]
[2022-07-05T18:29:26.821Z] > git ls-files --stage -- /run/media/upalb/Miscellaneous/Code/Programming-Hero/Assigmnent 1/index.html [5ms]
[2022-07-05T18:29:26.838Z] > git cat-file -s 38e34732c1da4f6a21c8233fb194aaa9483e2c8e [4ms]
[2022-07-05T18:29:35.649Z] > git show --textconv :style.css [17ms]
[2022-07-05T18:29:35.651Z] > git ls-files --stage -- /run/media/upalb/Miscellaneous/Code/Programming-Hero/Assigmnent 1/style.css [4ms]
[2022-07-05T18:29:35.666Z] > git cat-file -s e69de29bb2d1d6434b8b29ae775ad8c2e48c5391 [4ms]
[2022-07-05T18:29:46.066Z] > git show --textconv :index.html [12ms]
[2022-07-05T18:29:46.069Z] > git ls-files --stage -- /run/media/upalb/Miscellaneous/Code/Programming-Hero/Assigmnent 1/index.html [3ms]
[2022-07-05T18:29:46.084Z] > git cat-file -s 38e34732c1da4f6a21c8233fb194aaa9483e2c8e [4ms]
[2022-07-05T18:30:37.426Z] > git show --textconv :style.css [15ms]
[2022-07-05T18:30:37.427Z] > git ls-files --stage -- /run/media/upalb/Miscellaneous/Code/Programming-Hero/Assigmnent 1/style.css [4ms]
[2022-07-05T18:30:37.442Z] > git cat-file -s e69de29bb2d1d6434b8b29ae775ad8c2e48c5391 [4ms]
[2022-07-05T18:35:56.537Z] > git show --textconv :index.html [19ms]
[2022-07-05T18:35:56.540Z] > git ls-files --stage -- /run/media/upalb/Miscellaneous/Code/Programming-Hero/Assigmnent 1/index.html [4ms]
[2022-07-05T18:35:56.559Z] > git cat-file -s 38e34732c1da4f6a21c8233fb194aaa9483e2c8e [4ms]
[2022-07-05T18:37:28.878Z] > git show --textconv :style.css [20ms]
[2022-07-05T18:37:28.879Z] > git ls-files --stage -- /run/media/upalb/Miscellaneous/Code/Programming-Hero/Assigmnent 1/style.css [3ms]
[2022-07-05T18:37:28.895Z] > git cat-file -s e69de29bb2d1d6434b8b29ae775ad8c2e48c5391 [4ms]
[2022-07-05T18:41:28.522Z] > git show --textconv :index.html [16ms]
[2022-07-05T18:41:28.524Z] > git ls-files --stage -- /run/media/upalb/Miscellaneous/Code/Programming-Hero/Assigmnent 1/index.html [3ms]
[2022-07-05T18:41:28.541Z] > git cat-file -s 38e34732c1da4f6a21c8233fb194aaa9483e2c8e [4ms]
[2022-07-05T18:41:43.125Z] > git show --textconv :style.css [16ms]
[2022-07-05T18:41:43.127Z] > git ls-files --stage -- /run/media/upalb/Miscellaneous/Code/Programming-Hero/Assigmnent 1/style.css [4ms]
[2022-07-05T18:41:43.144Z] > git cat-file -s e69de29bb2d1d6434b8b29ae775ad8c2e48c5391 [3ms]
[2022-07-05T18:42:22.548Z] > git show --textconv :index.html [14ms]
[2022-07-05T18:42:22.550Z] > git ls-files --stage -- /run/media/upalb/Miscellaneous/Code/Programming-Hero/Assigmnent 1/index.html [3ms]
[2022-07-05T18:42:22.567Z] > git cat-file -s 38e34732c1da4f6a21c8233fb194aaa9483e2c8e [4ms]
[2022-07-05T18:42:27.373Z] > git show --textconv :style.css [16ms]
[2022-07-05T18:42:27.374Z] > git ls-files --stage -- /run/media/upalb/Miscellaneous/Code/Programming-Hero/Assigmnent 1/style.css [4ms]
[2022-07-05T18:42:27.389Z] > git cat-file -s e69de29bb2d1d6434b8b29ae775ad8c2e48c5391 [4ms]
[2022-07-05T18:44:42.179Z] > git show --textconv :index.html [16ms]
[2022-07-05T18:44:42.180Z] > git ls-files --stage -- /run/media/upalb/Miscellaneous/Code/Programming-Hero/Assigmnent 1/index.html [3ms]
[2022-07-05T18:44:42.198Z] > git cat-file -s 38e34732c1da4f6a21c8233fb194aaa9483e2c8e [4ms]
[2022-07-05T18:44:45.976Z] > git show --textconv :style.css [14ms]
[2022-07-05T18:44:45.979Z] > git ls-files --stage -- /run/media/upalb/Miscellaneous/Code/Programming-Hero/Assigmnent 1/style.css [4ms]
[2022-07-05T18:44:45.997Z] > git cat-file -s e69de29bb2d1d6434b8b29ae775ad8c2e48c5391 [4ms]
[2022-07-05T18:46:05.412Z] > git show --textconv :index.html [13ms]
[2022-07-05T18:46:05.414Z] > git ls-files --stage -- /run/media/upalb/Miscellaneous/Code/Programming-Hero/Assigmnent 1/index.html [3ms]
[2022-07-05T18:46:05.429Z] > git cat-file -s 38e34732c1da4f6a21c8233fb194aaa9483e2c8e [3ms]
[2022-07-05T18:46:21.433Z] > git show --textconv :style.css [45ms]
[2022-07-05T18:46:21.437Z] > git ls-files --stage -- /run/media/upalb/Miscellaneous/Code/Programming-Hero/Assigmnent 1/style.css [8ms]
[2022-07-05T18:46:21.469Z] > git cat-file -s e69de29bb2d1d6434b8b29ae775ad8c2e48c5391 [8ms]
[2022-07-05T18:46:41.772Z] > git show --textconv :index.html [18ms]
[2022-07-05T18:46:41.774Z] > git ls-files --stage -- /run/media/upalb/Miscellaneous/Code/Programming-Hero/Assigmnent 1/index.html [4ms]
[2022-07-05T18:46:41.792Z] > git cat-file -s 38e34732c1da4f6a21c8233fb194aaa9483e2c8e [4ms]
[2022-07-05T18:46:55.019Z] > git show --textconv :style.css [14ms]
[2022-07-05T18:46:55.021Z] > git ls-files --stage -- /run/media/upalb/Miscellaneous/Code/Programming-Hero/Assigmnent 1/style.css [4ms]
[2022-07-05T18:46:55.036Z] > git cat-file -s e69de29bb2d1d6434b8b29ae775ad8c2e48c5391 [4ms]
[2022-07-05T18:52:43.835Z] > git show --textconv :index.html [14ms]
[2022-07-05T18:52:43.838Z] > git ls-files --stage -- /run/media/upalb/Miscellaneous/Code/Programming-Hero/Assigmnent 1/index.html [3ms]
[2022-07-05T18:52:43.857Z] > git cat-file -s 38e34732c1da4f6a21c8233fb194aaa9483e2c8e [4ms]
[2022-07-05T18:53:04.385Z] > git show --textconv :style.css [15ms]
[2022-07-05T18:53:04.386Z] > git ls-files --stage -- /run/media/upalb/Miscellaneous/Code/Programming-Hero/Assigmnent 1/style.css [4ms]
[2022-07-05T18:53:04.401Z] > git cat-file -s e69de29bb2d1d6434b8b29ae775ad8c2e48c5391 [3ms]
[2022-07-05T19:15:23.922Z] > git ls-files --stage -- /run/media/upalb/Miscellaneous/Code/Programming-Hero/Assigmnent 1/index.html [267ms]
[2022-07-05T19:15:23.985Z] > git cat-file -s efe72586826bd5aede585fa813a781e50d247047 [5ms]
[2022-07-05T19:15:24.046Z] > git show --textconv :index.html [404ms]
[2022-07-05T19:15:57.307Z] > git rev-parse --show-toplevel [9ms]
[2022-07-05T19:15:57.307Z] fatal: not a git repository (or any parent up to mount point /run/media/upalb)
Stopping at filesystem boundary (GIT_DISCOVERY_ACROSS_FILESYSTEM not set).
[2022-07-05T19:16:00.350Z] > git ls-files --stage -- /run/media/upalb/Miscellaneous/Code/Programming-Hero/Assigmnent 1/index.html [466ms]
[2022-07-05T19:16:00.486Z] > git show --textconv :index.html [701ms]
[2022-07-05T19:16:00.627Z] > git cat-file -s efe72586826bd5aede585fa813a781e50d247047 [258ms]
[2022-07-05T19:24:51.256Z] > git show --textconv :index.html [18ms]
[2022-07-05T19:24:51.258Z] > git ls-files --stage -- /run/media/upalb/Miscellaneous/Code/Programming-Hero/Assigmnent 1/index.html [4ms]
[2022-07-05T19:24:51.282Z] > git cat-file -s efe72586826bd5aede585fa813a781e50d247047 [4ms]
[2022-07-05T19:24:59.063Z] > git show --textconv :index.html [15ms]
[2022-07-05T19:24:59.065Z] > git ls-files --stage -- /run/media/upalb/Miscellaneous/Code/Programming-Hero/Assigmnent 1/index.html [3ms]
[2022-07-05T19:24:59.082Z] > git cat-file -s efe72586826bd5aede585fa813a781e50d247047 [3ms]
[2022-07-05T19:25:16.701Z] > git show --textconv :style.css [29ms]
[2022-07-05T19:25:16.703Z] > git ls-files --stage -- /run/media/upalb/Miscellaneous/Code/Programming-Hero/Assigmnent 1/style.css [4ms]
[2022-07-05T19:25:16.731Z] > git cat-file -s f4745ac359840b0bd31935195feb7dc871eca8da [7ms]
[2022-07-05T19:33:15.300Z] > git show --textconv :index.html [17ms]
[2022-07-05T19:33:15.302Z] > git ls-files --stage -- /run/media/upalb/Miscellaneous/Code/Programming-Hero/Assigmnent 1/index.html [3ms]
[2022-07-05T19:33:15.323Z] > git cat-file -s efe72586826bd5aede585fa813a781e50d247047 [7ms]
[2022-07-05T19:33:27.149Z] > git show --textconv :style.css [15ms]
[2022-07-05T19:33:27.151Z] > git ls-files --stage -- /run/media/upalb/Miscellaneous/Code/Programming-Hero/Assigmnent 1/style.css [4ms]
[2022-07-05T19:33:27.169Z] > git cat-file -s f4745ac359840b0bd31935195feb7dc871eca8da [5ms]
[2022-07-05T19:35:34.780Z] > git show --textconv :index.html [25ms]
[2022-07-05T19:35:34.786Z] > git ls-files --stage -- /run/media/upalb/Miscellaneous/Code/Programming-Hero/Assigmnent 1/index.html [7ms]
[2022-07-05T19:35:34.814Z] > git cat-file -s efe72586826bd5aede585fa813a781e50d247047 [6ms]
[2022-07-05T19:35:56.610Z] > git show --textconv :style.css [36ms]
[2022-07-05T19:35:56.613Z] > git ls-files --stage -- /run/media/upalb/Miscellaneous/Code/Programming-Hero/Assigmnent 1/style.css [5ms]
[2022-07-05T19:35:56.642Z] > git cat-file -s f4745ac359840b0bd31935195feb7dc871eca8da [4ms]
[2022-07-05T19:37:42.516Z] > git show --textconv :index.html [18ms]
[2022-07-05T19:37:42.517Z] > git ls-files --stage -- /run/media/upalb/Miscellaneous/Code/Programming-Hero/Assigmnent 1/index.html [2ms]
[2022-07-05T19:37:42.534Z] > git cat-file -s efe72586826bd5aede585fa813a781e50d247047 [3ms]
[2022-07-05T19:38:37.659Z] > git show --textconv :style.css [17ms]
[2022-07-05T19:38:37.661Z] > git ls-files --stage -- /run/media/upalb/Miscellaneous/Code/Programming-Hero/Assigmnent 1/style.css [4ms]
[2022-07-05T19:38:37.681Z] > git cat-file -s f4745ac359840b0bd31935195feb7dc871eca8da [5ms]
[2022-07-05T19:40:02.335Z] > git show --textconv :index.html [14ms]
[2022-07-05T19:40:02.337Z] > git ls-files --stage -- /run/media/upalb/Miscellaneous/Code/Programming-Hero/Assigmnent 1/index.html [3ms]
[2022-07-05T19:40:02.354Z] > git cat-file -s efe72586826bd5aede585fa813a781e50d247047 [3ms]
[2022-07-05T19:40:10.732Z] > git show --textconv :style.css [17ms]
[2022-07-05T19:40:10.733Z] > git ls-files --stage -- /run/media/upalb/Miscellaneous/Code/Programming-Hero/Assigmnent 1/style.css [3ms]
[2022-07-05T19:40:10.751Z] > git cat-file -s f4745ac359840b0bd31935195feb7dc871eca8da [4ms]
[2022-07-05T19:44:06.688Z] > git show --textconv :index.html [15ms]
[2022-07-05T19:44:06.690Z] > git ls-files --stage -- /run/media/upalb/Miscellaneous/Code/Programming-Hero/Assigmnent 1/index.html [3ms]
[2022-07-05T19:44:06.714Z] > git cat-file -s 5ca86a7e939d3d8d0abf552d08e90f9a2766a621 [7ms]
[2022-07-05T19:50:47.949Z] > git ls-files --stage -- /run/media/upalb/Miscellaneous/Code/Programming-Hero/Assigmnent 1/style.css [200ms]
[2022-07-05T19:50:48.014Z] > git show --textconv :style.css [278ms]
[2022-07-05T19:50:48.017Z] > git cat-file -s 097f21577ac7aabd2a7c59889a85e201c287f040 [4ms]
[2022-07-05T19:53:37.839Z] > git show --textconv :index.html [15ms]
[2022-07-05T19:53:37.841Z] > git ls-files --stage -- /run/media/upalb/Miscellaneous/Code/Programming-Hero/Assigmnent 1/index.html [2ms]
[2022-07-05T19:53:37.859Z] > git cat-file -s 5ca86a7e939d3d8d0abf552d08e90f9a2766a621 [3ms]
[2022-07-05T19:53:43.878Z] > git show --textconv :style.css [17ms]
[2022-07-05T19:53:43.880Z] > git ls-files --stage -- /run/media/upalb/Miscellaneous/Code/Programming-Hero/Assigmnent 1/style.css [4ms]
[2022-07-05T19:53:43.897Z] > git cat-file -s 097f21577ac7aabd2a7c59889a85e201c287f040 [5ms]
[2022-07-05T19:53:47.939Z] > git show --textconv :index.html [18ms]
[2022-07-05T19:53:47.941Z] > git ls-files --stage -- /run/media/upalb/Miscellaneous/Code/Programming-Hero/Assigmnent 1/index.html [3ms]
[2022-07-05T19:53:47.957Z] > git cat-file -s 5ca86a7e939d3d8d0abf552d08e90f9a2766a621 [4ms]
[2022-07-05T19:54:01.820Z] > git show --textconv :style.css [17ms]
[2022-07-05T19:54:01.821Z] > git ls-files --stage -- /run/media/upalb/Miscellaneous/Code/Programming-Hero/Assigmnent 1/style.css [3ms]
[2022-07-05T19:54:01.838Z] > git cat-file -s 097f21577ac7aabd2a7c59889a85e201c287f040 [4ms]
[2022-07-05T20:01:59.006Z] > git show --textconv :index.html [15ms]
[2022-07-05T20:01:59.009Z] > git ls-files --stage -- /run/media/upalb/Miscellaneous/Code/Programming-Hero/Assigmnent 1/index.html [4ms]
[2022-07-05T20:01:59.029Z] > git cat-file -s 5ca86a7e939d3d8d0abf552d08e90f9a2766a621 [5ms]
[2022-07-05T20:02:02.997Z] > git show --textconv :style.css [17ms]
[2022-07-05T20:02:02.998Z] > git ls-files --stage -- /run/media/upalb/Miscellaneous/Code/Programming-Hero/Assigmnent 1/style.css [2ms]
[2022-07-05T20:02:03.017Z] > git cat-file -s 097f21577ac7aabd2a7c59889a85e201c287f040 [4ms]
[2022-07-05T20:02:04.519Z] > git show --textconv :index.html [14ms]
[2022-07-05T20:02:04.521Z] > git ls-files --stage -- /run/media/upalb/Miscellaneous/Code/Programming-Hero/Assigmnent 1/index.html [3ms]
[2022-07-05T20:02:04.538Z] > git cat-file -s 5ca86a7e939d3d8d0abf552d08e90f9a2766a621 [4ms]
[2022-07-05T20:02:06.792Z] > git show --textconv :style.css [21ms]
[2022-07-05T20:02:06.809Z] > git ls-files --stage -- /run/media/upalb/Miscellaneous/Code/Programming-Hero/Assigmnent 1/style.css [18ms]
[2022-07-05T20:02:06.842Z] > git cat-file -s 097f21577ac7aabd2a7c59889a85e201c287f040 [3ms]
[2022-07-05T20:04:29.470Z] > git show --textconv :index.html [15ms]
[2022-07-05T20:04:29.472Z] > git ls-files --stage -- /run/media/upalb/Miscellaneous/Code/Programming-Hero/Assigmnent 1/index.html [3ms]
[2022-07-05T20:04:29.489Z] > git cat-file -s 5ca86a7e939d3d8d0abf552d08e90f9a2766a621 [4ms]
[2022-07-05T20:06:33.850Z] > git show --textconv :style.css [17ms]
[2022-07-05T20:06:33.852Z] > git ls-files --stage -- /run/media/upalb/Miscellaneous/Code/Programming-Hero/Assigmnent 1/style.css [4ms]
[2022-07-05T20:06:33.871Z] > git cat-file -s 097f21577ac7aabd2a7c59889a85e201c287f040 [4ms]
[2022-07-05T20:11:31.062Z] > git show --textconv :index.html [37ms]
[2022-07-05T20:11:31.064Z] > git ls-files --stage -- /run/media/upalb/Miscellaneous/Code/Programming-Hero/Assigmnent 1/index.html [3ms]
[2022-07-05T20:11:31.089Z] > git cat-file -s 5ca86a7e939d3d8d0abf552d08e90f9a2766a621 [4ms]
[2022-07-05T20:11:33.897Z] > git show --textconv :style.css [15ms]
[2022-07-05T20:11:33.899Z] > git ls-files --stage -- /run/media/upalb/Miscellaneous/Code/Programming-Hero/Assigmnent 1/style.css [4ms]
[2022-07-05T20:11:33.917Z] > git cat-file -s 097f21577ac7aabd2a7c59889a85e201c287f040 [4ms]
