["INFO" - 11:14:28 PM] Extension Name: esbenp.prettier-vscode.
["INFO" - 11:14:28 PM] Extension Version: 9.5.0.
["INFO" - 11:26:12 PM] Formatting file:///run/media/upalb/Miscellaneous/Code/Programming-Hero/Assigmnent%201/index.html
["INFO" - 11:26:12 PM] Using ignore file (if present) at /run/media/upalb/Miscellaneous/Code/Programming-Hero/Assigmnent 1/.prettierignore
["INFO" - 11:26:12 PM] File Info:
{
  "ignored": false,
  "inferredParser": "html"
}
["INFO" - 11:26:12 PM] No local configuration (i.e. .prettierrc or .editorconfig) detected, falling back to VS Code configuration
["INFO" - 11:26:12 PM] Prettier Options:
{
  "arrowParens": "always",
  "bracketSpacing": true,
  "endOfLine": "lf",
  "htmlWhitespaceSensitivity": "css",
  "insertPragma": false,
  "jsxBracketSameLine": false,
  "jsxSingleQuote": false,
  "printWidth": 80,
  "proseWrap": "preserve",
  "quoteProps": "as-needed",
  "requirePragma": false,
  "semi": true,
  "singleQuote": false,
  "tabWidth": 2,
  "trailingComma": "es5",
  "useTabs": false,
  "vueIndentScriptAndStyle": false,
  "filepath": "/run/media/upalb/Miscellaneous/Code/Programming-Hero/Assigmnent 1/index.html",
  "parser": "html"
}
["INFO" - 11:26:12 PM] Formatting completed in 0.197ms.
["INFO" - 11:35:42 PM] Formatting file:///run/media/upalb/Miscellaneous/Code/Programming-Hero/Assigmnent%201/index.html
["INFO" - 11:35:42 PM] Using ignore file (if present) at /run/media/upalb/Miscellaneous/Code/Programming-Hero/Assigmnent 1/.prettierignore
["INFO" - 11:35:42 PM] File Info:
{
  "ignored": false,
  "inferredParser": "html"
}
["INFO" - 11:35:42 PM] No local configuration (i.e. .prettierrc or .editorconfig) detected, falling back to VS Code configuration
["INFO" - 11:35:42 PM] Prettier Options:
{
  "arrowParens": "always",
  "bracketSpacing": true,
  "endOfLine": "lf",
  "htmlWhitespaceSensitivity": "css",
  "insertPragma": false,
  "jsxBracketSameLine": false,
  "jsxSingleQuote": false,
  "printWidth": 80,
  "proseWrap": "preserve",
  "quoteProps": "as-needed",
  "requirePragma": false,
  "semi": true,
  "singleQuote": false,
  "tabWidth": 2,
  "trailingComma": "es5",
  "useTabs": false,
  "vueIndentScriptAndStyle": false,
  "filepath": "/run/media/upalb/Miscellaneous/Code/Programming-Hero/Assigmnent 1/index.html",
  "parser": "html"
}
["INFO" - 11:35:42 PM] Formatting completed in 0.244ms.
["INFO" - 11:35:43 PM] Formatting file:///run/media/upalb/Miscellaneous/Code/Programming-Hero/Assigmnent%201/index.html
["INFO" - 11:35:43 PM] Using ignore file (if present) at /run/media/upalb/Miscellaneous/Code/Programming-Hero/Assigmnent 1/.prettierignore
["INFO" - 11:35:43 PM] File Info:
{
  "ignored": false,
  "inferredParser": "html"
}
["INFO" - 11:35:43 PM] No local configuration (i.e. .prettierrc or .editorconfig) detected, falling back to VS Code configuration
["INFO" - 11:35:43 PM] Prettier Options:
{
  "arrowParens": "always",
  "bracketSpacing": true,
  "endOfLine": "lf",
  "htmlWhitespaceSensitivity": "css",
  "insertPragma": false,
  "jsxBracketSameLine": false,
  "jsxSingleQuote": false,
  "printWidth": 80,
  "proseWrap": "preserve",
  "quoteProps": "as-needed",
  "requirePragma": false,
  "semi": true,
  "singleQuote": false,
  "tabWidth": 2,
  "trailingComma": "es5",
  "useTabs": false,
  "vueIndentScriptAndStyle": false,
  "filepath": "/run/media/upalb/Miscellaneous/Code/Programming-Hero/Assigmnent 1/index.html",
  "parser": "html"
}
["INFO" - 11:35:43 PM] Formatting completed in 0.044ms.
["INFO" - 11:35:59 PM] Formatting file:///run/media/upalb/Miscellaneous/Code/Programming-Hero/Assigmnent%201/index.html
["INFO" - 11:35:59 PM] Using ignore file (if present) at /run/media/upalb/Miscellaneous/Code/Programming-Hero/Assigmnent 1/.prettierignore
["INFO" - 11:35:59 PM] File Info:
{
  "ignored": false,
  "inferredParser": "html"
}
["INFO" - 11:35:59 PM] No local configuration (i.e. .prettierrc or .editorconfig) detected, falling back to VS Code configuration
["INFO" - 11:35:59 PM] Prettier Options:
{
  "arrowParens": "always",
  "bracketSpacing": true,
  "endOfLine": "lf",
  "htmlWhitespaceSensitivity": "css",
  "insertPragma": false,
  "jsxBracketSameLine": false,
  "jsxSingleQuote": false,
  "printWidth": 80,
  "proseWrap": "preserve",
  "quoteProps": "as-needed",
  "requirePragma": false,
  "semi": true,
  "singleQuote": false,
  "tabWidth": 2,
  "trailingComma": "es5",
  "useTabs": false,
  "vueIndentScriptAndStyle": false,
  "filepath": "/run/media/upalb/Miscellaneous/Code/Programming-Hero/Assigmnent 1/index.html",
  "parser": "html"
}
["INFO" - 11:35:59 PM] Formatting completed in 0.028ms.
["INFO" - 11:36:08 PM] Formatting file:///run/media/upalb/Miscellaneous/Code/Programming-Hero/Assigmnent%201/index.html
["INFO" - 11:36:08 PM] Using ignore file (if present) at /run/media/upalb/Miscellaneous/Code/Programming-Hero/Assigmnent 1/.prettierignore
["INFO" - 11:36:08 PM] File Info:
{
  "ignored": false,
  "inferredParser": "html"
}
["INFO" - 11:36:08 PM] No local configuration (i.e. .prettierrc or .editorconfig) detected, falling back to VS Code configuration
["INFO" - 11:36:08 PM] Prettier Options:
{
  "arrowParens": "always",
  "bracketSpacing": true,
  "endOfLine": "lf",
  "htmlWhitespaceSensitivity": "css",
  "insertPragma": false,
  "jsxBracketSameLine": false,
  "jsxSingleQuote": false,
  "printWidth": 80,
  "proseWrap": "preserve",
  "quoteProps": "as-needed",
  "requirePragma": false,
  "semi": true,
  "singleQuote": false,
  "tabWidth": 2,
  "trailingComma": "es5",
  "useTabs": false,
  "vueIndentScriptAndStyle": false,
  "filepath": "/run/media/upalb/Miscellaneous/Code/Programming-Hero/Assigmnent 1/index.html",
  "parser": "html"
}
["INFO" - 11:36:08 PM] Formatting completed in 0.024ms.
["INFO" - 11:39:07 PM] Formatting file:///run/media/upalb/Miscellaneous/Code/Programming-Hero/Assigmnent%201/index.html
["INFO" - 11:39:07 PM] Using ignore file (if present) at /run/media/upalb/Miscellaneous/Code/Programming-Hero/Assigmnent 1/.prettierignore
["INFO" - 11:39:07 PM] File Info:
{
  "ignored": false,
  "inferredParser": "html"
}
["INFO" - 11:39:07 PM] No local configuration (i.e. .prettierrc or .editorconfig) detected, falling back to VS Code configuration
["INFO" - 11:39:07 PM] Prettier Options:
{
  "arrowParens": "always",
  "bracketSpacing": true,
  "endOfLine": "lf",
  "htmlWhitespaceSensitivity": "css",
  "insertPragma": false,
  "jsxBracketSameLine": false,
  "jsxSingleQuote": false,
  "printWidth": 80,
  "proseWrap": "preserve",
  "quoteProps": "as-needed",
  "requirePragma": false,
  "semi": true,
  "singleQuote": false,
  "tabWidth": 2,
  "trailingComma": "es5",
  "useTabs": false,
  "vueIndentScriptAndStyle": false,
  "filepath": "/run/media/upalb/Miscellaneous/Code/Programming-Hero/Assigmnent 1/index.html",
  "parser": "html"
}
["INFO" - 11:39:07 PM] Formatting completed in 0.052ms.
["INFO" - 11:39:55 PM] Formatting file:///run/media/upalb/Miscellaneous/Code/Programming-Hero/Assigmnent%201/README.md
["INFO" - 11:39:55 PM] Using ignore file (if present) at /run/media/upalb/Miscellaneous/Code/Programming-Hero/Assigmnent 1/.prettierignore
["INFO" - 11:39:55 PM] File Info:
{
  "ignored": false,
  "inferredParser": "markdown"
}
["INFO" - 11:39:55 PM] No local configuration (i.e. .prettierrc or .editorconfig) detected, falling back to VS Code configuration
["INFO" - 11:39:55 PM] Prettier Options:
{
  "arrowParens": "always",
  "bracketSpacing": true,
  "endOfLine": "lf",
  "htmlWhitespaceSensitivity": "css",
  "insertPragma": false,
  "jsxBracketSameLine": false,
  "jsxSingleQuote": false,
  "printWidth": 80,
  "proseWrap": "preserve",
  "quoteProps": "as-needed",
  "requirePragma": false,
  "semi": true,
  "singleQuote": false,
  "tabWidth": 2,
  "trailingComma": "es5",
  "useTabs": false,
  "vueIndentScriptAndStyle": false,
  "filepath": "/run/media/upalb/Miscellaneous/Code/Programming-Hero/Assigmnent 1/README.md",
  "parser": "markdown"
}
["INFO" - 11:39:55 PM] Formatting completed in 0.247ms.
["INFO" - 11:43:38 PM] Formatting file:///run/media/upalb/Miscellaneous/Code/Programming-Hero/Assigmnent%201/index.html
["INFO" - 11:43:38 PM] Using ignore file (if present) at /run/media/upalb/Miscellaneous/Code/Programming-Hero/Assigmnent 1/.prettierignore
["INFO" - 11:43:38 PM] File Info:
{
  "ignored": false,
  "inferredParser": "html"
}
["INFO" - 11:43:38 PM] No local configuration (i.e. .prettierrc or .editorconfig) detected, falling back to VS Code configuration
["INFO" - 11:43:38 PM] Prettier Options:
{
  "arrowParens": "always",
  "bracketSpacing": true,
  "endOfLine": "lf",
  "htmlWhitespaceSensitivity": "css",
  "insertPragma": false,
  "jsxBracketSameLine": false,
  "jsxSingleQuote": false,
  "printWidth": 80,
  "proseWrap": "preserve",
  "quoteProps": "as-needed",
  "requirePragma": false,
  "semi": true,
  "singleQuote": false,
  "tabWidth": 2,
  "trailingComma": "es5",
  "useTabs": false,
  "vueIndentScriptAndStyle": false,
  "filepath": "/run/media/upalb/Miscellaneous/Code/Programming-Hero/Assigmnent 1/index.html",
  "parser": "html"
}
["INFO" - 11:43:38 PM] Formatting completed in 0.056ms.
["INFO" - 11:44:02 PM] Formatting file:///run/media/upalb/Miscellaneous/Code/Programming-Hero/Assigmnent%201/index.html
["INFO" - 11:44:02 PM] Using ignore file (if present) at /run/media/upalb/Miscellaneous/Code/Programming-Hero/Assigmnent 1/.prettierignore
["INFO" - 11:44:02 PM] File Info:
{
  "ignored": false,
  "inferredParser": "html"
}
["INFO" - 11:44:02 PM] No local configuration (i.e. .prettierrc or .editorconfig) detected, falling back to VS Code configuration
["INFO" - 11:44:02 PM] Prettier Options:
{
  "arrowParens": "always",
  "bracketSpacing": true,
  "endOfLine": "lf",
  "htmlWhitespaceSensitivity": "css",
  "insertPragma": false,
  "jsxBracketSameLine": false,
  "jsxSingleQuote": false,
  "printWidth": 80,
  "proseWrap": "preserve",
  "quoteProps": "as-needed",
  "requirePragma": false,
  "semi": true,
  "singleQuote": false,
  "tabWidth": 2,
  "trailingComma": "es5",
  "useTabs": false,
  "vueIndentScriptAndStyle": false,
  "filepath": "/run/media/upalb/Miscellaneous/Code/Programming-Hero/Assigmnent 1/index.html",
  "parser": "html"
}
["INFO" - 11:44:02 PM] Formatting completed in 0.04ms.
["INFO" - 11:44:27 PM] Formatting file:///run/media/upalb/Miscellaneous/Code/Programming-Hero/Assigmnent%201/index.html
["INFO" - 11:44:27 PM] Using ignore file (if present) at /run/media/upalb/Miscellaneous/Code/Programming-Hero/Assigmnent 1/.prettierignore
["INFO" - 11:44:27 PM] File Info:
{
  "ignored": false,
  "inferredParser": "html"
}
["INFO" - 11:44:27 PM] No local configuration (i.e. .prettierrc or .editorconfig) detected, falling back to VS Code configuration
["INFO" - 11:44:27 PM] Prettier Options:
{
  "arrowParens": "always",
  "bracketSpacing": true,
  "endOfLine": "lf",
  "htmlWhitespaceSensitivity": "css",
  "insertPragma": false,
  "jsxBracketSameLine": false,
  "jsxSingleQuote": false,
  "printWidth": 80,
  "proseWrap": "preserve",
  "quoteProps": "as-needed",
  "requirePragma": false,
  "semi": true,
  "singleQuote": false,
  "tabWidth": 2,
  "trailingComma": "es5",
  "useTabs": false,
  "vueIndentScriptAndStyle": false,
  "filepath": "/run/media/upalb/Miscellaneous/Code/Programming-Hero/Assigmnent 1/index.html",
  "parser": "html"
}
["INFO" - 11:44:27 PM] Formatting completed in 0.042ms.
["INFO" - 11:44:33 PM] Formatting file:///run/media/upalb/Miscellaneous/Code/Programming-Hero/Assigmnent%201/index.html
["INFO" - 11:44:33 PM] Using ignore file (if present) at /run/media/upalb/Miscellaneous/Code/Programming-Hero/Assigmnent 1/.prettierignore
["INFO" - 11:44:33 PM] File Info:
{
  "ignored": false,
  "inferredParser": "html"
}
["INFO" - 11:44:33 PM] No local configuration (i.e. .prettierrc or .editorconfig) detected, falling back to VS Code configuration
["INFO" - 11:44:33 PM] Prettier Options:
{
  "arrowParens": "always",
  "bracketSpacing": true,
  "endOfLine": "lf",
  "htmlWhitespaceSensitivity": "css",
  "insertPragma": false,
  "jsxBracketSameLine": false,
  "jsxSingleQuote": false,
  "printWidth": 80,
  "proseWrap": "preserve",
  "quoteProps": "as-needed",
  "requirePragma": false,
  "semi": true,
  "singleQuote": false,
  "tabWidth": 2,
  "trailingComma": "es5",
  "useTabs": false,
  "vueIndentScriptAndStyle": false,
  "filepath": "/run/media/upalb/Miscellaneous/Code/Programming-Hero/Assigmnent 1/index.html",
  "parser": "html"
}
["INFO" - 11:44:33 PM] Formatting completed in 0.033ms.
["INFO" - 11:44:45 PM] Formatting file:///run/media/upalb/Miscellaneous/Code/Programming-Hero/Assigmnent%201/index.html
["INFO" - 11:44:45 PM] Using ignore file (if present) at /run/media/upalb/Miscellaneous/Code/Programming-Hero/Assigmnent 1/.prettierignore
["INFO" - 11:44:45 PM] File Info:
{
  "ignored": false,
  "inferredParser": "html"
}
["INFO" - 11:44:45 PM] No local configuration (i.e. .prettierrc or .editorconfig) detected, falling back to VS Code configuration
["INFO" - 11:44:45 PM] Prettier Options:
{
  "arrowParens": "always",
  "bracketSpacing": true,
  "endOfLine": "lf",
  "htmlWhitespaceSensitivity": "css",
  "insertPragma": false,
  "jsxBracketSameLine": false,
  "jsxSingleQuote": false,
  "printWidth": 80,
  "proseWrap": "preserve",
  "quoteProps": "as-needed",
  "requirePragma": false,
  "semi": true,
  "singleQuote": false,
  "tabWidth": 2,
  "trailingComma": "es5",
  "useTabs": false,
  "vueIndentScriptAndStyle": false,
  "filepath": "/run/media/upalb/Miscellaneous/Code/Programming-Hero/Assigmnent 1/index.html",
  "parser": "html"
}
["INFO" - 11:44:45 PM] Formatting completed in 0.022ms.
["INFO" - 11:51:02 PM] Formatting file:///run/media/upalb/Miscellaneous/Code/Programming-Hero/Assigmnent%201/index.html
["INFO" - 11:51:02 PM] Using ignore file (if present) at /run/media/upalb/Miscellaneous/Code/Programming-Hero/Assigmnent 1/.prettierignore
["INFO" - 11:51:02 PM] File Info:
{
  "ignored": false,
  "inferredParser": "html"
}
["INFO" - 11:51:02 PM] No local configuration (i.e. .prettierrc or .editorconfig) detected, falling back to VS Code configuration
["INFO" - 11:51:02 PM] Prettier Options:
{
  "arrowParens": "always",
  "bracketSpacing": true,
  "endOfLine": "lf",
  "htmlWhitespaceSensitivity": "css",
  "insertPragma": false,
  "jsxBracketSameLine": false,
  "jsxSingleQuote": false,
  "printWidth": 80,
  "proseWrap": "preserve",
  "quoteProps": "as-needed",
  "requirePragma": false,
  "semi": true,
  "singleQuote": false,
  "tabWidth": 2,
  "trailingComma": "es5",
  "useTabs": false,
  "vueIndentScriptAndStyle": false,
  "filepath": "/run/media/upalb/Miscellaneous/Code/Programming-Hero/Assigmnent 1/index.html",
  "parser": "html"
}
["INFO" - 11:51:02 PM] Formatting completed in 0.084ms.
["INFO" - 11:51:05 PM] Formatting file:///run/media/upalb/Miscellaneous/Code/Programming-Hero/Assigmnent%201/index.html
["INFO" - 11:51:05 PM] Using ignore file (if present) at /run/media/upalb/Miscellaneous/Code/Programming-Hero/Assigmnent 1/.prettierignore
["INFO" - 11:51:05 PM] File Info:
{
  "ignored": false,
  "inferredParser": "html"
}
["INFO" - 11:51:05 PM] No local configuration (i.e. .prettierrc or .editorconfig) detected, falling back to VS Code configuration
["INFO" - 11:51:05 PM] Prettier Options:
{
  "arrowParens": "always",
  "bracketSpacing": true,
  "endOfLine": "lf",
  "htmlWhitespaceSensitivity": "css",
  "insertPragma": false,
  "jsxBracketSameLine": false,
  "jsxSingleQuote": false,
  "printWidth": 80,
  "proseWrap": "preserve",
  "quoteProps": "as-needed",
  "requirePragma": false,
  "semi": true,
  "singleQuote": false,
  "tabWidth": 2,
  "trailingComma": "es5",
  "useTabs": false,
  "vueIndentScriptAndStyle": false,
  "filepath": "/run/media/upalb/Miscellaneous/Code/Programming-Hero/Assigmnent 1/index.html",
  "parser": "html"
}
["INFO" - 11:51:05 PM] Formatting completed in 0.024ms.
["INFO" - 12:14:48 AM] Formatting file:///run/media/upalb/Miscellaneous/Code/Programming-Hero/Assigmnent%201/index.html
["INFO" - 12:14:48 AM] Using ignore file (if present) at /run/media/upalb/Miscellaneous/Code/Programming-Hero/Assigmnent 1/.prettierignore
["INFO" - 12:14:48 AM] File Info:
{
  "ignored": false,
  "inferredParser": "html"
}
["INFO" - 12:14:48 AM] No local configuration (i.e. .prettierrc or .editorconfig) detected, falling back to VS Code configuration
["INFO" - 12:14:48 AM] Prettier Options:
{
  "arrowParens": "always",
  "bracketSpacing": true,
  "endOfLine": "lf",
  "htmlWhitespaceSensitivity": "css",
  "insertPragma": false,
  "jsxBracketSameLine": false,
  "jsxSingleQuote": false,
  "printWidth": 80,
  "proseWrap": "preserve",
  "quoteProps": "as-needed",
  "requirePragma": false,
  "semi": true,
  "singleQuote": false,
  "tabWidth": 2,
  "trailingComma": "es5",
  "useTabs": false,
  "vueIndentScriptAndStyle": false,
  "filepath": "/run/media/upalb/Miscellaneous/Code/Programming-Hero/Assigmnent 1/index.html",
  "parser": "html"
}
["INFO" - 12:14:49 AM] Formatting completed in 0.28ms.
["INFO" - 12:16:40 AM] Formatting file:///run/media/upalb/Miscellaneous/Code/Programming-Hero/Assigmnent%201/index.html
["INFO" - 12:16:40 AM] Using ignore file (if present) at /run/media/upalb/Miscellaneous/Code/Programming-Hero/Assigmnent 1/.prettierignore
["INFO" - 12:16:40 AM] File Info:
{
  "ignored": false,
  "inferredParser": "html"
}
["INFO" - 12:16:40 AM] No local configuration (i.e. .prettierrc or .editorconfig) detected, falling back to VS Code configuration
["INFO" - 12:16:40 AM] Prettier Options:
{
  "arrowParens": "always",
  "bracketSpacing": true,
  "endOfLine": "lf",
  "htmlWhitespaceSensitivity": "css",
  "insertPragma": false,
  "jsxBracketSameLine": false,
  "jsxSingleQuote": false,
  "printWidth": 80,
  "proseWrap": "preserve",
  "quoteProps": "as-needed",
  "requirePragma": false,
  "semi": true,
  "singleQuote": false,
  "tabWidth": 2,
  "trailingComma": "es5",
  "useTabs": false,
  "vueIndentScriptAndStyle": false,
  "filepath": "/run/media/upalb/Miscellaneous/Code/Programming-Hero/Assigmnent 1/index.html",
  "parser": "html"
}
["INFO" - 12:16:40 AM] Formatting completed in 0.03ms.
["INFO" - 12:16:43 AM] Formatting file:///run/media/upalb/Miscellaneous/Code/Programming-Hero/Assigmnent%201/index.html
["INFO" - 12:16:43 AM] Using ignore file (if present) at /run/media/upalb/Miscellaneous/Code/Programming-Hero/Assigmnent 1/.prettierignore
["INFO" - 12:16:43 AM] File Info:
{
  "ignored": false,
  "inferredParser": "html"
}
["INFO" - 12:16:43 AM] No local configuration (i.e. .prettierrc or .editorconfig) detected, falling back to VS Code configuration
["INFO" - 12:16:43 AM] Prettier Options:
{
  "arrowParens": "always",
  "bracketSpacing": true,
  "endOfLine": "lf",
  "htmlWhitespaceSensitivity": "css",
  "insertPragma": false,
  "jsxBracketSameLine": false,
  "jsxSingleQuote": false,
  "printWidth": 80,
  "proseWrap": "preserve",
  "quoteProps": "as-needed",
  "requirePragma": false,
  "semi": true,
  "singleQuote": false,
  "tabWidth": 2,
  "trailingComma": "es5",
  "useTabs": false,
  "vueIndentScriptAndStyle": false,
  "filepath": "/run/media/upalb/Miscellaneous/Code/Programming-Hero/Assigmnent 1/index.html",
  "parser": "html"
}
["INFO" - 12:16:43 AM] Formatting completed in 0.032ms.
["INFO" - 12:17:00 AM] Formatting file:///run/media/upalb/Miscellaneous/Code/Programming-Hero/Assigmnent%201/index.html
["INFO" - 12:17:00 AM] Using ignore file (if present) at /run/media/upalb/Miscellaneous/Code/Programming-Hero/Assigmnent 1/.prettierignore
["INFO" - 12:17:00 AM] File Info:
{
  "ignored": false,
  "inferredParser": "html"
}
["INFO" - 12:17:00 AM] No local configuration (i.e. .prettierrc or .editorconfig) detected, falling back to VS Code configuration
["INFO" - 12:17:00 AM] Prettier Options:
{
  "arrowParens": "always",
  "bracketSpacing": true,
  "endOfLine": "lf",
  "htmlWhitespaceSensitivity": "css",
  "insertPragma": false,
  "jsxBracketSameLine": false,
  "jsxSingleQuote": false,
  "printWidth": 80,
  "proseWrap": "preserve",
  "quoteProps": "as-needed",
  "requirePragma": false,
  "semi": true,
  "singleQuote": false,
  "tabWidth": 2,
  "trailingComma": "es5",
  "useTabs": false,
  "vueIndentScriptAndStyle": false,
  "filepath": "/run/media/upalb/Miscellaneous/Code/Programming-Hero/Assigmnent 1/index.html",
  "parser": "html"
}
["INFO" - 12:17:00 AM] Formatting completed in 0.031ms.
["INFO" - 12:20:10 AM] Formatting file:///run/media/upalb/Miscellaneous/Code/Programming-Hero/Assigmnent%201/index.html
["INFO" - 12:20:10 AM] Using ignore file (if present) at /run/media/upalb/Miscellaneous/Code/Programming-Hero/Assigmnent 1/.prettierignore
["INFO" - 12:20:10 AM] File Info:
{
  "ignored": false,
  "inferredParser": "html"
}
["INFO" - 12:20:10 AM] No local configuration (i.e. .prettierrc or .editorconfig) detected, falling back to VS Code configuration
["INFO" - 12:20:10 AM] Prettier Options:
{
  "arrowParens": "always",
  "bracketSpacing": true,
  "endOfLine": "lf",
  "htmlWhitespaceSensitivity": "css",
  "insertPragma": false,
  "jsxBracketSameLine": false,
  "jsxSingleQuote": false,
  "printWidth": 80,
  "proseWrap": "preserve",
  "quoteProps": "as-needed",
  "requirePragma": false,
  "semi": true,
  "singleQuote": false,
  "tabWidth": 2,
  "trailingComma": "es5",
  "useTabs": false,
  "vueIndentScriptAndStyle": false,
  "filepath": "/run/media/upalb/Miscellaneous/Code/Programming-Hero/Assigmnent 1/index.html",
  "parser": "html"
}
["INFO" - 12:20:10 AM] Formatting completed in 0.083ms.
["INFO" - 12:21:16 AM] Formatting file:///run/media/upalb/Miscellaneous/Code/Programming-Hero/Assigmnent%201/index.html
["INFO" - 12:21:16 AM] Using ignore file (if present) at /run/media/upalb/Miscellaneous/Code/Programming-Hero/Assigmnent 1/.prettierignore
["INFO" - 12:21:16 AM] File Info:
{
  "ignored": false,
  "inferredParser": "html"
}
["INFO" - 12:21:16 AM] No local configuration (i.e. .prettierrc or .editorconfig) detected, falling back to VS Code configuration
["INFO" - 12:21:16 AM] Prettier Options:
{
  "arrowParens": "always",
  "bracketSpacing": true,
  "endOfLine": "lf",
  "htmlWhitespaceSensitivity": "css",
  "insertPragma": false,
  "jsxBracketSameLine": false,
  "jsxSingleQuote": false,
  "printWidth": 80,
  "proseWrap": "preserve",
  "quoteProps": "as-needed",
  "requirePragma": false,
  "semi": true,
  "singleQuote": false,
  "tabWidth": 2,
  "trailingComma": "es5",
  "useTabs": false,
  "vueIndentScriptAndStyle": false,
  "filepath": "/run/media/upalb/Miscellaneous/Code/Programming-Hero/Assigmnent 1/index.html",
  "parser": "html"
}
["INFO" - 12:21:16 AM] Formatting completed in 0.032ms.
["INFO" - 12:21:49 AM] Formatting file:///run/media/upalb/Miscellaneous/Code/Programming-Hero/Assigmnent%201/index.html
["INFO" - 12:21:49 AM] Using ignore file (if present) at /run/media/upalb/Miscellaneous/Code/Programming-Hero/Assigmnent 1/.prettierignore
["INFO" - 12:21:49 AM] File Info:
{
  "ignored": false,
  "inferredParser": "html"
}
["INFO" - 12:21:49 AM] No local configuration (i.e. .prettierrc or .editorconfig) detected, falling back to VS Code configuration
["INFO" - 12:21:49 AM] Prettier Options:
{
  "arrowParens": "always",
  "bracketSpacing": true,
  "endOfLine": "lf",
  "htmlWhitespaceSensitivity": "css",
  "insertPragma": false,
  "jsxBracketSameLine": false,
  "jsxSingleQuote": false,
  "printWidth": 80,
  "proseWrap": "preserve",
  "quoteProps": "as-needed",
  "requirePragma": false,
  "semi": true,
  "singleQuote": false,
  "tabWidth": 2,
  "trailingComma": "es5",
  "useTabs": false,
  "vueIndentScriptAndStyle": false,
  "filepath": "/run/media/upalb/Miscellaneous/Code/Programming-Hero/Assigmnent 1/index.html",
  "parser": "html"
}
["INFO" - 12:21:49 AM] Formatting completed in 0.305ms.
["INFO" - 12:30:35 AM] Formatting file:///run/media/upalb/Miscellaneous/Code/Programming-Hero/Assigmnent%201/index.html
["INFO" - 12:30:35 AM] Using ignore file (if present) at /run/media/upalb/Miscellaneous/Code/Programming-Hero/Assigmnent 1/.prettierignore
["INFO" - 12:30:35 AM] File Info:
{
  "ignored": false,
  "inferredParser": "html"
}
["INFO" - 12:30:35 AM] No local configuration (i.e. .prettierrc or .editorconfig) detected, falling back to VS Code configuration
["INFO" - 12:30:35 AM] Prettier Options:
{
  "arrowParens": "always",
  "bracketSpacing": true,
  "endOfLine": "lf",
  "htmlWhitespaceSensitivity": "css",
  "insertPragma": false,
  "jsxBracketSameLine": false,
  "jsxSingleQuote": false,
  "printWidth": 80,
  "proseWrap": "preserve",
  "quoteProps": "as-needed",
  "requirePragma": false,
  "semi": true,
  "singleQuote": false,
  "tabWidth": 2,
  "trailingComma": "es5",
  "useTabs": false,
  "vueIndentScriptAndStyle": false,
  "filepath": "/run/media/upalb/Miscellaneous/Code/Programming-Hero/Assigmnent 1/index.html",
  "parser": "html"
}
["INFO" - 12:30:35 AM] Formatting completed in 0.042ms.
["INFO" - 12:36:18 AM] Formatting file:///run/media/upalb/Miscellaneous/Code/Programming-Hero/Assigmnent%201/index.html
["INFO" - 12:36:18 AM] Using ignore file (if present) at /run/media/upalb/Miscellaneous/Code/Programming-Hero/Assigmnent 1/.prettierignore
["INFO" - 12:36:18 AM] File Info:
{
  "ignored": false,
  "inferredParser": "html"
}
["INFO" - 12:36:18 AM] No local configuration (i.e. .prettierrc or .editorconfig) detected, falling back to VS Code configuration
["INFO" - 12:36:18 AM] Prettier Options:
{
  "arrowParens": "always",
  "bracketSpacing": true,
  "endOfLine": "lf",
  "htmlWhitespaceSensitivity": "css",
  "insertPragma": false,
  "jsxBracketSameLine": false,
  "jsxSingleQuote": false,
  "printWidth": 80,
  "proseWrap": "preserve",
  "quoteProps": "as-needed",
  "requirePragma": false,
  "semi": true,
  "singleQuote": false,
  "tabWidth": 2,
  "trailingComma": "es5",
  "useTabs": false,
  "vueIndentScriptAndStyle": false,
  "filepath": "/run/media/upalb/Miscellaneous/Code/Programming-Hero/Assigmnent 1/index.html",
  "parser": "html"
}
["INFO" - 12:36:18 AM] Formatting completed in 0.044ms.
["INFO" - 12:41:40 AM] Formatting file:///run/media/upalb/Miscellaneous/Code/Programming-Hero/Assigmnent%201/index.html
["INFO" - 12:41:40 AM] Using ignore file (if present) at /run/media/upalb/Miscellaneous/Code/Programming-Hero/Assigmnent 1/.prettierignore
["INFO" - 12:41:40 AM] File Info:
{
  "ignored": false,
  "inferredParser": "html"
}
["INFO" - 12:41:40 AM] No local configuration (i.e. .prettierrc or .editorconfig) detected, falling back to VS Code configuration
["INFO" - 12:41:40 AM] Prettier Options:
{
  "arrowParens": "always",
  "bracketSpacing": true,
  "endOfLine": "lf",
  "htmlWhitespaceSensitivity": "css",
  "insertPragma": false,
  "jsxBracketSameLine": false,
  "jsxSingleQuote": false,
  "printWidth": 80,
  "proseWrap": "preserve",
  "quoteProps": "as-needed",
  "requirePragma": false,
  "semi": true,
  "singleQuote": false,
  "tabWidth": 2,
  "trailingComma": "es5",
  "useTabs": false,
  "vueIndentScriptAndStyle": false,
  "filepath": "/run/media/upalb/Miscellaneous/Code/Programming-Hero/Assigmnent 1/index.html",
  "parser": "html"
}
["INFO" - 12:41:40 AM] Formatting completed in 0.071ms.
["INFO" - 12:42:25 AM] Formatting file:///run/media/upalb/Miscellaneous/Code/Programming-Hero/Assigmnent%201/index.html
["INFO" - 12:42:25 AM] Using ignore file (if present) at /run/media/upalb/Miscellaneous/Code/Programming-Hero/Assigmnent 1/.prettierignore
["INFO" - 12:42:25 AM] File Info:
{
  "ignored": false,
  "inferredParser": "html"
}
["INFO" - 12:42:25 AM] No local configuration (i.e. .prettierrc or .editorconfig) detected, falling back to VS Code configuration
["INFO" - 12:42:25 AM] Prettier Options:
{
  "arrowParens": "always",
  "bracketSpacing": true,
  "endOfLine": "lf",
  "htmlWhitespaceSensitivity": "css",
  "insertPragma": false,
  "jsxBracketSameLine": false,
  "jsxSingleQuote": false,
  "printWidth": 80,
  "proseWrap": "preserve",
  "quoteProps": "as-needed",
  "requirePragma": false,
  "semi": true,
  "singleQuote": false,
  "tabWidth": 2,
  "trailingComma": "es5",
  "useTabs": false,
  "vueIndentScriptAndStyle": false,
  "filepath": "/run/media/upalb/Miscellaneous/Code/Programming-Hero/Assigmnent 1/index.html",
  "parser": "html"
}
["INFO" - 12:42:25 AM] Formatting completed in 0.055ms.
["INFO" - 12:46:19 AM] Formatting file:///run/media/upalb/Miscellaneous/Code/Programming-Hero/Assigmnent%201/index.html
["INFO" - 12:46:19 AM] Using ignore file (if present) at /run/media/upalb/Miscellaneous/Code/Programming-Hero/Assigmnent 1/.prettierignore
["INFO" - 12:46:19 AM] File Info:
{
  "ignored": false,
  "inferredParser": "html"
}
["INFO" - 12:46:19 AM] No local configuration (i.e. .prettierrc or .editorconfig) detected, falling back to VS Code configuration
["INFO" - 12:46:19 AM] Prettier Options:
{
  "arrowParens": "always",
  "bracketSpacing": true,
  "endOfLine": "lf",
  "htmlWhitespaceSensitivity": "css",
  "insertPragma": false,
  "jsxBracketSameLine": false,
  "jsxSingleQuote": false,
  "printWidth": 80,
  "proseWrap": "preserve",
  "quoteProps": "as-needed",
  "requirePragma": false,
  "semi": true,
  "singleQuote": false,
  "tabWidth": 2,
  "trailingComma": "es5",
  "useTabs": false,
  "vueIndentScriptAndStyle": false,
  "filepath": "/run/media/upalb/Miscellaneous/Code/Programming-Hero/Assigmnent 1/index.html",
  "parser": "html"
}
["INFO" - 12:46:19 AM] Formatting completed in 0.049ms.
["INFO" - 12:46:52 AM] Formatting file:///run/media/upalb/Miscellaneous/Code/Programming-Hero/Assigmnent%201/index.html
["INFO" - 12:46:52 AM] Using ignore file (if present) at /run/media/upalb/Miscellaneous/Code/Programming-Hero/Assigmnent 1/.prettierignore
["INFO" - 12:46:52 AM] File Info:
{
  "ignored": false,
  "inferredParser": "html"
}
["INFO" - 12:46:52 AM] No local configuration (i.e. .prettierrc or .editorconfig) detected, falling back to VS Code configuration
["INFO" - 12:46:52 AM] Prettier Options:
{
  "arrowParens": "always",
  "bracketSpacing": true,
  "endOfLine": "lf",
  "htmlWhitespaceSensitivity": "css",
  "insertPragma": false,
  "jsxBracketSameLine": false,
  "jsxSingleQuote": false,
  "printWidth": 80,
  "proseWrap": "preserve",
  "quoteProps": "as-needed",
  "requirePragma": false,
  "semi": true,
  "singleQuote": false,
  "tabWidth": 2,
  "trailingComma": "es5",
  "useTabs": false,
  "vueIndentScriptAndStyle": false,
  "filepath": "/run/media/upalb/Miscellaneous/Code/Programming-Hero/Assigmnent 1/index.html",
  "parser": "html"
}
["INFO" - 12:46:52 AM] Formatting completed in 0.031ms.
["INFO" - 12:52:59 AM] Formatting file:///run/media/upalb/Miscellaneous/Code/Programming-Hero/Assigmnent%201/index.html
["INFO" - 12:52:59 AM] Using ignore file (if present) at /run/media/upalb/Miscellaneous/Code/Programming-Hero/Assigmnent 1/.prettierignore
["INFO" - 12:52:59 AM] File Info:
{
  "ignored": false,
  "inferredParser": "html"
}
["INFO" - 12:52:59 AM] No local configuration (i.e. .prettierrc or .editorconfig) detected, falling back to VS Code configuration
["INFO" - 12:52:59 AM] Prettier Options:
{
  "arrowParens": "always",
  "bracketSpacing": true,
  "endOfLine": "lf",
  "htmlWhitespaceSensitivity": "css",
  "insertPragma": false,
  "jsxBracketSameLine": false,
  "jsxSingleQuote": false,
  "printWidth": 80,
  "proseWrap": "preserve",
  "quoteProps": "as-needed",
  "requirePragma": false,
  "semi": true,
  "singleQuote": false,
  "tabWidth": 2,
  "trailingComma": "es5",
  "useTabs": false,
  "vueIndentScriptAndStyle": false,
  "filepath": "/run/media/upalb/Miscellaneous/Code/Programming-Hero/Assigmnent 1/index.html",
  "parser": "html"
}
["INFO" - 12:52:59 AM] Formatting completed in 0.032ms.
["INFO" - 1:18:40 AM] Formatting file:///run/media/upalb/Miscellaneous/Code/Programming-Hero/Assigmnent%201/index.html
["INFO" - 1:18:41 AM] Using ignore file (if present) at /run/media/upalb/Miscellaneous/Code/Programming-Hero/Assigmnent 1/.prettierignore
["INFO" - 1:18:41 AM] File Info:
{
  "ignored": false,
  "inferredParser": "html"
}
["INFO" - 1:18:41 AM] No local configuration (i.e. .prettierrc or .editorconfig) detected, falling back to VS Code configuration
["INFO" - 1:18:41 AM] Prettier Options:
{
  "arrowParens": "always",
  "bracketSpacing": true,
  "endOfLine": "lf",
  "htmlWhitespaceSensitivity": "css",
  "insertPragma": false,
  "jsxBracketSameLine": false,
  "jsxSingleQuote": false,
  "printWidth": 80,
  "proseWrap": "preserve",
  "quoteProps": "as-needed",
  "requirePragma": false,
  "semi": true,
  "singleQuote": false,
  "tabWidth": 2,
  "trailingComma": "es5",
  "useTabs": false,
  "vueIndentScriptAndStyle": false,
  "filepath": "/run/media/upalb/Miscellaneous/Code/Programming-Hero/Assigmnent 1/index.html",
  "parser": "html"
}
["INFO" - 1:18:41 AM] Formatting completed in 0.117ms.
["INFO" - 1:20:30 AM] Formatting file:///run/media/upalb/Miscellaneous/Code/Programming-Hero/Assigmnent%201/index.html
["INFO" - 1:20:30 AM] Using ignore file (if present) at /run/media/upalb/Miscellaneous/Code/Programming-Hero/Assigmnent 1/.prettierignore
["INFO" - 1:20:30 AM] File Info:
{
  "ignored": false,
  "inferredParser": "html"
}
["INFO" - 1:20:30 AM] No local configuration (i.e. .prettierrc or .editorconfig) detected, falling back to VS Code configuration
["INFO" - 1:20:30 AM] Prettier Options:
{
  "arrowParens": "always",
  "bracketSpacing": true,
  "endOfLine": "lf",
  "htmlWhitespaceSensitivity": "css",
  "insertPragma": false,
  "jsxBracketSameLine": false,
  "jsxSingleQuote": false,
  "printWidth": 80,
  "proseWrap": "preserve",
  "quoteProps": "as-needed",
  "requirePragma": false,
  "semi": true,
  "singleQuote": false,
  "tabWidth": 2,
  "trailingComma": "es5",
  "useTabs": false,
  "vueIndentScriptAndStyle": false,
  "filepath": "/run/media/upalb/Miscellaneous/Code/Programming-Hero/Assigmnent 1/index.html",
  "parser": "html"
}
["INFO" - 1:20:30 AM] Formatting completed in 0.048ms.
["INFO" - 1:21:22 AM] Formatting file:///run/media/upalb/Miscellaneous/Code/Programming-Hero/Assigmnent%201/index.html
["INFO" - 1:21:22 AM] Using ignore file (if present) at /run/media/upalb/Miscellaneous/Code/Programming-Hero/Assigmnent 1/.prettierignore
["INFO" - 1:21:22 AM] File Info:
{
  "ignored": false,
  "inferredParser": "html"
}
["INFO" - 1:21:22 AM] No local configuration (i.e. .prettierrc or .editorconfig) detected, falling back to VS Code configuration
["INFO" - 1:21:22 AM] Prettier Options:
{
  "arrowParens": "always",
  "bracketSpacing": true,
  "endOfLine": "lf",
  "htmlWhitespaceSensitivity": "css",
  "insertPragma": false,
  "jsxBracketSameLine": false,
  "jsxSingleQuote": false,
  "printWidth": 80,
  "proseWrap": "preserve",
  "quoteProps": "as-needed",
  "requirePragma": false,
  "semi": true,
  "singleQuote": false,
  "tabWidth": 2,
  "trailingComma": "es5",
  "useTabs": false,
  "vueIndentScriptAndStyle": false,
  "filepath": "/run/media/upalb/Miscellaneous/Code/Programming-Hero/Assigmnent 1/index.html",
  "parser": "html"
}
["INFO" - 1:21:22 AM] Formatting completed in 0.039ms.
["INFO" - 1:21:28 AM] Formatting file:///run/media/upalb/Miscellaneous/Code/Programming-Hero/Assigmnent%201/index.html
["INFO" - 1:21:28 AM] Using ignore file (if present) at /run/media/upalb/Miscellaneous/Code/Programming-Hero/Assigmnent 1/.prettierignore
["INFO" - 1:21:28 AM] File Info:
{
  "ignored": false,
  "inferredParser": "html"
}
["INFO" - 1:21:28 AM] No local configuration (i.e. .prettierrc or .editorconfig) detected, falling back to VS Code configuration
["INFO" - 1:21:28 AM] Prettier Options:
{
  "arrowParens": "always",
  "bracketSpacing": true,
  "endOfLine": "lf",
  "htmlWhitespaceSensitivity": "css",
  "insertPragma": false,
  "jsxBracketSameLine": false,
  "jsxSingleQuote": false,
  "printWidth": 80,
  "proseWrap": "preserve",
  "quoteProps": "as-needed",
  "requirePragma": false,
  "semi": true,
  "singleQuote": false,
  "tabWidth": 2,
  "trailingComma": "es5",
  "useTabs": false,
  "vueIndentScriptAndStyle": false,
  "filepath": "/run/media/upalb/Miscellaneous/Code/Programming-Hero/Assigmnent 1/index.html",
  "parser": "html"
}
["INFO" - 1:21:28 AM] Formatting completed in 0.037ms.
["INFO" - 1:22:14 AM] Formatting file:///run/media/upalb/Miscellaneous/Code/Programming-Hero/Assigmnent%201/index.html
["INFO" - 1:22:14 AM] Using ignore file (if present) at /run/media/upalb/Miscellaneous/Code/Programming-Hero/Assigmnent 1/.prettierignore
["INFO" - 1:22:14 AM] File Info:
{
  "ignored": false,
  "inferredParser": "html"
}
["INFO" - 1:22:14 AM] No local configuration (i.e. .prettierrc or .editorconfig) detected, falling back to VS Code configuration
["INFO" - 1:22:14 AM] Prettier Options:
{
  "arrowParens": "always",
  "bracketSpacing": true,
  "endOfLine": "lf",
  "htmlWhitespaceSensitivity": "css",
  "insertPragma": false,
  "jsxBracketSameLine": false,
  "jsxSingleQuote": false,
  "printWidth": 80,
  "proseWrap": "preserve",
  "quoteProps": "as-needed",
  "requirePragma": false,
  "semi": true,
  "singleQuote": false,
  "tabWidth": 2,
  "trailingComma": "es5",
  "useTabs": false,
  "vueIndentScriptAndStyle": false,
  "filepath": "/run/media/upalb/Miscellaneous/Code/Programming-Hero/Assigmnent 1/index.html",
  "parser": "html"
}
["INFO" - 1:22:14 AM] Formatting completed in 0.035ms.
["INFO" - 1:22:51 AM] Formatting file:///run/media/upalb/Miscellaneous/Code/Programming-Hero/Assigmnent%201/index.html
["INFO" - 1:22:51 AM] Using ignore file (if present) at /run/media/upalb/Miscellaneous/Code/Programming-Hero/Assigmnent 1/.prettierignore
["INFO" - 1:22:51 AM] File Info:
{
  "ignored": false,
  "inferredParser": "html"
}
["INFO" - 1:22:51 AM] No local configuration (i.e. .prettierrc or .editorconfig) detected, falling back to VS Code configuration
["INFO" - 1:22:51 AM] Prettier Options:
{
  "arrowParens": "always",
  "bracketSpacing": true,
  "endOfLine": "lf",
  "htmlWhitespaceSensitivity": "css",
  "insertPragma": false,
  "jsxBracketSameLine": false,
  "jsxSingleQuote": false,
  "printWidth": 80,
  "proseWrap": "preserve",
  "quoteProps": "as-needed",
  "requirePragma": false,
  "semi": true,
  "singleQuote": false,
  "tabWidth": 2,
  "trailingComma": "es5",
  "useTabs": false,
  "vueIndentScriptAndStyle": false,
  "filepath": "/run/media/upalb/Miscellaneous/Code/Programming-Hero/Assigmnent 1/index.html",
  "parser": "html"
}
["INFO" - 1:22:51 AM] Formatting completed in 0.034ms.
["INFO" - 1:23:00 AM] Formatting file:///run/media/upalb/Miscellaneous/Code/Programming-Hero/Assigmnent%201/index.html
["INFO" - 1:23:00 AM] Using ignore file (if present) at /run/media/upalb/Miscellaneous/Code/Programming-Hero/Assigmnent 1/.prettierignore
["INFO" - 1:23:00 AM] File Info:
{
  "ignored": false,
  "inferredParser": "html"
}
["INFO" - 1:23:00 AM] No local configuration (i.e. .prettierrc or .editorconfig) detected, falling back to VS Code configuration
["INFO" - 1:23:00 AM] Prettier Options:
{
  "arrowParens": "always",
  "bracketSpacing": true,
  "endOfLine": "lf",
  "htmlWhitespaceSensitivity": "css",
  "insertPragma": false,
  "jsxBracketSameLine": false,
  "jsxSingleQuote": false,
  "printWidth": 80,
  "proseWrap": "preserve",
  "quoteProps": "as-needed",
  "requirePragma": false,
  "semi": true,
  "singleQuote": false,
  "tabWidth": 2,
  "trailingComma": "es5",
  "useTabs": false,
  "vueIndentScriptAndStyle": false,
  "filepath": "/run/media/upalb/Miscellaneous/Code/Programming-Hero/Assigmnent 1/index.html",
  "parser": "html"
}
["INFO" - 1:23:00 AM] Formatting completed in 0.038ms.
["INFO" - 1:24:39 AM] Formatting file:///run/media/upalb/Miscellaneous/Code/Programming-Hero/Assigmnent%201/index.html
["INFO" - 1:24:39 AM] Using ignore file (if present) at /run/media/upalb/Miscellaneous/Code/Programming-Hero/Assigmnent 1/.prettierignore
["INFO" - 1:24:39 AM] File Info:
{
  "ignored": false,
  "inferredParser": "html"
}
["INFO" - 1:24:39 AM] No local configuration (i.e. .prettierrc or .editorconfig) detected, falling back to VS Code configuration
["INFO" - 1:24:39 AM] Prettier Options:
{
  "arrowParens": "always",
  "bracketSpacing": true,
  "endOfLine": "lf",
  "htmlWhitespaceSensitivity": "css",
  "insertPragma": false,
  "jsxBracketSameLine": false,
  "jsxSingleQuote": false,
  "printWidth": 80,
  "proseWrap": "preserve",
  "quoteProps": "as-needed",
  "requirePragma": false,
  "semi": true,
  "singleQuote": false,
  "tabWidth": 2,
  "trailingComma": "es5",
  "useTabs": false,
  "vueIndentScriptAndStyle": false,
  "filepath": "/run/media/upalb/Miscellaneous/Code/Programming-Hero/Assigmnent 1/index.html",
  "parser": "html"
}
["INFO" - 1:24:39 AM] Formatting completed in 0.046ms.
["INFO" - 1:33:24 AM] Formatting file:///run/media/upalb/Miscellaneous/Code/Programming-Hero/Assigmnent%201/index.html
["INFO" - 1:33:24 AM] Using ignore file (if present) at /run/media/upalb/Miscellaneous/Code/Programming-Hero/Assigmnent 1/.prettierignore
["INFO" - 1:33:24 AM] File Info:
{
  "ignored": false,
  "inferredParser": "html"
}
["INFO" - 1:33:24 AM] No local configuration (i.e. .prettierrc or .editorconfig) detected, falling back to VS Code configuration
["INFO" - 1:33:24 AM] Prettier Options:
{
  "arrowParens": "always",
  "bracketSpacing": true,
  "endOfLine": "lf",
  "htmlWhitespaceSensitivity": "css",
  "insertPragma": false,
  "jsxBracketSameLine": false,
  "jsxSingleQuote": false,
  "printWidth": 80,
  "proseWrap": "preserve",
  "quoteProps": "as-needed",
  "requirePragma": false,
  "semi": true,
  "singleQuote": false,
  "tabWidth": 2,
  "trailingComma": "es5",
  "useTabs": false,
  "vueIndentScriptAndStyle": false,
  "filepath": "/run/media/upalb/Miscellaneous/Code/Programming-Hero/Assigmnent 1/index.html",
  "parser": "html"
}
["INFO" - 1:33:24 AM] Formatting completed in 0.055ms.
["INFO" - 1:35:46 AM] Formatting file:///run/media/upalb/Miscellaneous/Code/Programming-Hero/Assigmnent%201/index.html
["INFO" - 1:35:46 AM] Using ignore file (if present) at /run/media/upalb/Miscellaneous/Code/Programming-Hero/Assigmnent 1/.prettierignore
["INFO" - 1:35:46 AM] File Info:
{
  "ignored": false,
  "inferredParser": "html"
}
["INFO" - 1:35:46 AM] No local configuration (i.e. .prettierrc or .editorconfig) detected, falling back to VS Code configuration
["INFO" - 1:35:46 AM] Prettier Options:
{
  "arrowParens": "always",
  "bracketSpacing": true,
  "endOfLine": "lf",
  "htmlWhitespaceSensitivity": "css",
  "insertPragma": false,
  "jsxBracketSameLine": false,
  "jsxSingleQuote": false,
  "printWidth": 80,
  "proseWrap": "preserve",
  "quoteProps": "as-needed",
  "requirePragma": false,
  "semi": true,
  "singleQuote": false,
  "tabWidth": 2,
  "trailingComma": "es5",
  "useTabs": false,
  "vueIndentScriptAndStyle": false,
  "filepath": "/run/media/upalb/Miscellaneous/Code/Programming-Hero/Assigmnent 1/index.html",
  "parser": "html"
}
["INFO" - 1:35:47 AM] Formatting completed in 0.051ms.
["INFO" - 1:35:47 AM] Formatting file:///run/media/upalb/Miscellaneous/Code/Programming-Hero/Assigmnent%201/index.html
["INFO" - 1:35:47 AM] Using ignore file (if present) at /run/media/upalb/Miscellaneous/Code/Programming-Hero/Assigmnent 1/.prettierignore
["INFO" - 1:35:47 AM] File Info:
{
  "ignored": false,
  "inferredParser": "html"
}
["INFO" - 1:35:47 AM] No local configuration (i.e. .prettierrc or .editorconfig) detected, falling back to VS Code configuration
["INFO" - 1:35:47 AM] Prettier Options:
{
  "arrowParens": "always",
  "bracketSpacing": true,
  "endOfLine": "lf",
  "htmlWhitespaceSensitivity": "css",
  "insertPragma": false,
  "jsxBracketSameLine": false,
  "jsxSingleQuote": false,
  "printWidth": 80,
  "proseWrap": "preserve",
  "quoteProps": "as-needed",
  "requirePragma": false,
  "semi": true,
  "singleQuote": false,
  "tabWidth": 2,
  "trailingComma": "es5",
  "useTabs": false,
  "vueIndentScriptAndStyle": false,
  "filepath": "/run/media/upalb/Miscellaneous/Code/Programming-Hero/Assigmnent 1/index.html",
  "parser": "html"
}
["INFO" - 1:35:47 AM] Formatting completed in 0.044ms.
["INFO" - 1:35:48 AM] Formatting file:///run/media/upalb/Miscellaneous/Code/Programming-Hero/Assigmnent%201/index.html
["INFO" - 1:35:48 AM] Using ignore file (if present) at /run/media/upalb/Miscellaneous/Code/Programming-Hero/Assigmnent 1/.prettierignore
["INFO" - 1:35:48 AM] File Info:
{
  "ignored": false,
  "inferredParser": "html"
}
["INFO" - 1:35:48 AM] No local configuration (i.e. .prettierrc or .editorconfig) detected, falling back to VS Code configuration
["INFO" - 1:35:48 AM] Prettier Options:
{
  "arrowParens": "always",
  "bracketSpacing": true,
  "endOfLine": "lf",
  "htmlWhitespaceSensitivity": "css",
  "insertPragma": false,
  "jsxBracketSameLine": false,
  "jsxSingleQuote": false,
  "printWidth": 80,
  "proseWrap": "preserve",
  "quoteProps": "as-needed",
  "requirePragma": false,
  "semi": true,
  "singleQuote": false,
  "tabWidth": 2,
  "trailingComma": "es5",
  "useTabs": false,
  "vueIndentScriptAndStyle": false,
  "filepath": "/run/media/upalb/Miscellaneous/Code/Programming-Hero/Assigmnent 1/index.html",
  "parser": "html"
}
["INFO" - 1:35:48 AM] Formatting completed in 0.057ms.
["INFO" - 1:35:53 AM] Formatting file:///run/media/upalb/Miscellaneous/Code/Programming-Hero/Assigmnent%201/index.html
["INFO" - 1:35:53 AM] Using ignore file (if present) at /run/media/upalb/Miscellaneous/Code/Programming-Hero/Assigmnent 1/.prettierignore
["INFO" - 1:35:53 AM] File Info:
{
  "ignored": false,
  "inferredParser": "html"
}
["INFO" - 1:35:53 AM] No local configuration (i.e. .prettierrc or .editorconfig) detected, falling back to VS Code configuration
["INFO" - 1:35:53 AM] Prettier Options:
{
  "arrowParens": "always",
  "bracketSpacing": true,
  "endOfLine": "lf",
  "htmlWhitespaceSensitivity": "css",
  "insertPragma": false,
  "jsxBracketSameLine": false,
  "jsxSingleQuote": false,
  "printWidth": 80,
  "proseWrap": "preserve",
  "quoteProps": "as-needed",
  "requirePragma": false,
  "semi": true,
  "singleQuote": false,
  "tabWidth": 2,
  "trailingComma": "es5",
  "useTabs": false,
  "vueIndentScriptAndStyle": false,
  "filepath": "/run/media/upalb/Miscellaneous/Code/Programming-Hero/Assigmnent 1/index.html",
  "parser": "html"
}
["INFO" - 1:35:53 AM] Formatting completed in 0.032ms.
["INFO" - 1:35:54 AM] Formatting file:///run/media/upalb/Miscellaneous/Code/Programming-Hero/Assigmnent%201/index.html
["INFO" - 1:35:54 AM] Using ignore file (if present) at /run/media/upalb/Miscellaneous/Code/Programming-Hero/Assigmnent 1/.prettierignore
["INFO" - 1:35:55 AM] File Info:
{
  "ignored": false,
  "inferredParser": "html"
}
["INFO" - 1:35:55 AM] No local configuration (i.e. .prettierrc or .editorconfig) detected, falling back to VS Code configuration
["INFO" - 1:35:55 AM] Prettier Options:
{
  "arrowParens": "always",
  "bracketSpacing": true,
  "endOfLine": "lf",
  "htmlWhitespaceSensitivity": "css",
  "insertPragma": false,
  "jsxBracketSameLine": false,
  "jsxSingleQuote": false,
  "printWidth": 80,
  "proseWrap": "preserve",
  "quoteProps": "as-needed",
  "requirePragma": false,
  "semi": true,
  "singleQuote": false,
  "tabWidth": 2,
  "trailingComma": "es5",
  "useTabs": false,
  "vueIndentScriptAndStyle": false,
  "filepath": "/run/media/upalb/Miscellaneous/Code/Programming-Hero/Assigmnent 1/index.html",
  "parser": "html"
}
["INFO" - 1:35:55 AM] Formatting completed in 0.035ms.
["INFO" - 1:38:22 AM] Formatting file:///run/media/upalb/Miscellaneous/Code/Programming-Hero/Assigmnent%201/index.html
["INFO" - 1:38:22 AM] Using ignore file (if present) at /run/media/upalb/Miscellaneous/Code/Programming-Hero/Assigmnent 1/.prettierignore
["INFO" - 1:38:22 AM] File Info:
{
  "ignored": false,
  "inferredParser": "html"
}
["INFO" - 1:38:22 AM] No local configuration (i.e. .prettierrc or .editorconfig) detected, falling back to VS Code configuration
["INFO" - 1:38:22 AM] Prettier Options:
{
  "arrowParens": "always",
  "bracketSpacing": true,
  "endOfLine": "lf",
  "htmlWhitespaceSensitivity": "css",
  "insertPragma": false,
  "jsxBracketSameLine": false,
  "jsxSingleQuote": false,
  "printWidth": 80,
  "proseWrap": "preserve",
  "quoteProps": "as-needed",
  "requirePragma": false,
  "semi": true,
  "singleQuote": false,
  "tabWidth": 2,
  "trailingComma": "es5",
  "useTabs": false,
  "vueIndentScriptAndStyle": false,
  "filepath": "/run/media/upalb/Miscellaneous/Code/Programming-Hero/Assigmnent 1/index.html",
  "parser": "html"
}
["INFO" - 1:38:22 AM] Formatting completed in 0.031ms.
["INFO" - 1:47:55 AM] Formatting file:///run/media/upalb/Miscellaneous/Code/Programming-Hero/Assigmnent%201/index.html
["INFO" - 1:47:55 AM] Using ignore file (if present) at /run/media/upalb/Miscellaneous/Code/Programming-Hero/Assigmnent 1/.prettierignore
["INFO" - 1:47:55 AM] File Info:
{
  "ignored": false,
  "inferredParser": "html"
}
["INFO" - 1:47:55 AM] No local configuration (i.e. .prettierrc or .editorconfig) detected, falling back to VS Code configuration
["INFO" - 1:47:55 AM] Prettier Options:
{
  "arrowParens": "always",
  "bracketSpacing": true,
  "endOfLine": "lf",
  "htmlWhitespaceSensitivity": "css",
  "insertPragma": false,
  "jsxBracketSameLine": false,
  "jsxSingleQuote": false,
  "printWidth": 80,
  "proseWrap": "preserve",
  "quoteProps": "as-needed",
  "requirePragma": false,
  "semi": true,
  "singleQuote": false,
  "tabWidth": 2,
  "trailingComma": "es5",
  "useTabs": false,
  "vueIndentScriptAndStyle": false,
  "filepath": "/run/media/upalb/Miscellaneous/Code/Programming-Hero/Assigmnent 1/index.html",
  "parser": "html"
}
["INFO" - 1:47:55 AM] Formatting completed in 0.055ms.
["INFO" - 1:48:27 AM] Formatting file:///run/media/upalb/Miscellaneous/Code/Programming-Hero/Assigmnent%201/index.html
["INFO" - 1:48:27 AM] Using ignore file (if present) at /run/media/upalb/Miscellaneous/Code/Programming-Hero/Assigmnent 1/.prettierignore
["INFO" - 1:48:27 AM] File Info:
{
  "ignored": false,
  "inferredParser": "html"
}
["INFO" - 1:48:27 AM] No local configuration (i.e. .prettierrc or .editorconfig) detected, falling back to VS Code configuration
["INFO" - 1:48:27 AM] Prettier Options:
{
  "arrowParens": "always",
  "bracketSpacing": true,
  "endOfLine": "lf",
  "htmlWhitespaceSensitivity": "css",
  "insertPragma": false,
  "jsxBracketSameLine": false,
  "jsxSingleQuote": false,
  "printWidth": 80,
  "proseWrap": "preserve",
  "quoteProps": "as-needed",
  "requirePragma": false,
  "semi": true,
  "singleQuote": false,
  "tabWidth": 2,
  "trailingComma": "es5",
  "useTabs": false,
  "vueIndentScriptAndStyle": false,
  "filepath": "/run/media/upalb/Miscellaneous/Code/Programming-Hero/Assigmnent 1/index.html",
  "parser": "html"
}
["INFO" - 1:48:27 AM] Formatting completed in 0.043ms.
["INFO" - 1:49:26 AM] Formatting file:///run/media/upalb/Miscellaneous/Code/Programming-Hero/Assigmnent%201/index.html
["INFO" - 1:49:26 AM] Using ignore file (if present) at /run/media/upalb/Miscellaneous/Code/Programming-Hero/Assigmnent 1/.prettierignore
["INFO" - 1:49:26 AM] File Info:
{
  "ignored": false,
  "inferredParser": "html"
}
["INFO" - 1:49:26 AM] No local configuration (i.e. .prettierrc or .editorconfig) detected, falling back to VS Code configuration
["INFO" - 1:49:26 AM] Prettier Options:
{
  "arrowParens": "always",
  "bracketSpacing": true,
  "endOfLine": "lf",
  "htmlWhitespaceSensitivity": "css",
  "insertPragma": false,
  "jsxBracketSameLine": false,
  "jsxSingleQuote": false,
  "printWidth": 80,
  "proseWrap": "preserve",
  "quoteProps": "as-needed",
  "requirePragma": false,
  "semi": true,
  "singleQuote": false,
  "tabWidth": 2,
  "trailingComma": "es5",
  "useTabs": false,
  "vueIndentScriptAndStyle": false,
  "filepath": "/run/media/upalb/Miscellaneous/Code/Programming-Hero/Assigmnent 1/index.html",
  "parser": "html"
}
["INFO" - 1:49:26 AM] Formatting completed in 0.041ms.
["INFO" - 1:50:00 AM] Formatting file:///run/media/upalb/Miscellaneous/Code/Programming-Hero/Assigmnent%201/index.html
["INFO" - 1:50:00 AM] Using ignore file (if present) at /run/media/upalb/Miscellaneous/Code/Programming-Hero/Assigmnent 1/.prettierignore
["INFO" - 1:50:00 AM] File Info:
{
  "ignored": false,
  "inferredParser": "html"
}
["INFO" - 1:50:00 AM] No local configuration (i.e. .prettierrc or .editorconfig) detected, falling back to VS Code configuration
["INFO" - 1:50:00 AM] Prettier Options:
{
  "arrowParens": "always",
  "bracketSpacing": true,
  "endOfLine": "lf",
  "htmlWhitespaceSensitivity": "css",
  "insertPragma": false,
  "jsxBracketSameLine": false,
  "jsxSingleQuote": false,
  "printWidth": 80,
  "proseWrap": "preserve",
  "quoteProps": "as-needed",
  "requirePragma": false,
  "semi": true,
  "singleQuote": false,
  "tabWidth": 2,
  "trailingComma": "es5",
  "useTabs": false,
  "vueIndentScriptAndStyle": false,
  "filepath": "/run/media/upalb/Miscellaneous/Code/Programming-Hero/Assigmnent 1/index.html",
  "parser": "html"
}
["INFO" - 1:50:00 AM] Formatting completed in 0.03ms.
["INFO" - 1:50:07 AM] Formatting file:///run/media/upalb/Miscellaneous/Code/Programming-Hero/Assigmnent%201/index.html
["INFO" - 1:50:07 AM] Using ignore file (if present) at /run/media/upalb/Miscellaneous/Code/Programming-Hero/Assigmnent 1/.prettierignore
["INFO" - 1:50:07 AM] File Info:
{
  "ignored": false,
  "inferredParser": "html"
}
["INFO" - 1:50:07 AM] No local configuration (i.e. .prettierrc or .editorconfig) detected, falling back to VS Code configuration
["INFO" - 1:50:07 AM] Prettier Options:
{
  "arrowParens": "always",
  "bracketSpacing": true,
  "endOfLine": "lf",
  "htmlWhitespaceSensitivity": "css",
  "insertPragma": false,
  "jsxBracketSameLine": false,
  "jsxSingleQuote": false,
  "printWidth": 80,
  "proseWrap": "preserve",
  "quoteProps": "as-needed",
  "requirePragma": false,
  "semi": true,
  "singleQuote": false,
  "tabWidth": 2,
  "trailingComma": "es5",
  "useTabs": false,
  "vueIndentScriptAndStyle": false,
  "filepath": "/run/media/upalb/Miscellaneous/Code/Programming-Hero/Assigmnent 1/index.html",
  "parser": "html"
}
["INFO" - 1:50:07 AM] Formatting completed in 0.029ms.
["INFO" - 1:50:10 AM] Formatting file:///run/media/upalb/Miscellaneous/Code/Programming-Hero/Assigmnent%201/index.html
["INFO" - 1:50:10 AM] Using ignore file (if present) at /run/media/upalb/Miscellaneous/Code/Programming-Hero/Assigmnent 1/.prettierignore
["INFO" - 1:50:10 AM] File Info:
{
  "ignored": false,
  "inferredParser": "html"
}
["INFO" - 1:50:10 AM] No local configuration (i.e. .prettierrc or .editorconfig) detected, falling back to VS Code configuration
["INFO" - 1:50:10 AM] Prettier Options:
{
  "arrowParens": "always",
  "bracketSpacing": true,
  "endOfLine": "lf",
  "htmlWhitespaceSensitivity": "css",
  "insertPragma": false,
  "jsxBracketSameLine": false,
  "jsxSingleQuote": false,
  "printWidth": 80,
  "proseWrap": "preserve",
  "quoteProps": "as-needed",
  "requirePragma": false,
  "semi": true,
  "singleQuote": false,
  "tabWidth": 2,
  "trailingComma": "es5",
  "useTabs": false,
  "vueIndentScriptAndStyle": false,
  "filepath": "/run/media/upalb/Miscellaneous/Code/Programming-Hero/Assigmnent 1/index.html",
  "parser": "html"
}
["INFO" - 1:50:10 AM] Formatting completed in 0.03ms.
["INFO" - 1:50:15 AM] Formatting file:///run/media/upalb/Miscellaneous/Code/Programming-Hero/Assigmnent%201/index.html
["INFO" - 1:50:15 AM] Using ignore file (if present) at /run/media/upalb/Miscellaneous/Code/Programming-Hero/Assigmnent 1/.prettierignore
["INFO" - 1:50:15 AM] File Info:
{
  "ignored": false,
  "inferredParser": "html"
}
["INFO" - 1:50:15 AM] No local configuration (i.e. .prettierrc or .editorconfig) detected, falling back to VS Code configuration
["INFO" - 1:50:15 AM] Prettier Options:
{
  "arrowParens": "always",
  "bracketSpacing": true,
  "endOfLine": "lf",
  "htmlWhitespaceSensitivity": "css",
  "insertPragma": false,
  "jsxBracketSameLine": false,
  "jsxSingleQuote": false,
  "printWidth": 80,
  "proseWrap": "preserve",
  "quoteProps": "as-needed",
  "requirePragma": false,
  "semi": true,
  "singleQuote": false,
  "tabWidth": 2,
  "trailingComma": "es5",
  "useTabs": false,
  "vueIndentScriptAndStyle": false,
  "filepath": "/run/media/upalb/Miscellaneous/Code/Programming-Hero/Assigmnent 1/index.html",
  "parser": "html"
}
["INFO" - 1:50:15 AM] Formatting completed in 0.034ms.
["INFO" - 1:50:19 AM] Formatting file:///run/media/upalb/Miscellaneous/Code/Programming-Hero/Assigmnent%201/index.html
["INFO" - 1:50:19 AM] Using ignore file (if present) at /run/media/upalb/Miscellaneous/Code/Programming-Hero/Assigmnent 1/.prettierignore
["INFO" - 1:50:19 AM] File Info:
{
  "ignored": false,
  "inferredParser": "html"
}
["INFO" - 1:50:19 AM] No local configuration (i.e. .prettierrc or .editorconfig) detected, falling back to VS Code configuration
["INFO" - 1:50:19 AM] Prettier Options:
{
  "arrowParens": "always",
  "bracketSpacing": true,
  "endOfLine": "lf",
  "htmlWhitespaceSensitivity": "css",
  "insertPragma": false,
  "jsxBracketSameLine": false,
  "jsxSingleQuote": false,
  "printWidth": 80,
  "proseWrap": "preserve",
  "quoteProps": "as-needed",
  "requirePragma": false,
  "semi": true,
  "singleQuote": false,
  "tabWidth": 2,
  "trailingComma": "es5",
  "useTabs": false,
  "vueIndentScriptAndStyle": false,
  "filepath": "/run/media/upalb/Miscellaneous/Code/Programming-Hero/Assigmnent 1/index.html",
  "parser": "html"
}
["INFO" - 1:50:19 AM] Formatting completed in 0.042ms.
["INFO" - 1:50:28 AM] Formatting file:///run/media/upalb/Miscellaneous/Code/Programming-Hero/Assigmnent%201/index.html
["INFO" - 1:50:28 AM] Using ignore file (if present) at /run/media/upalb/Miscellaneous/Code/Programming-Hero/Assigmnent 1/.prettierignore
["INFO" - 1:50:28 AM] File Info:
{
  "ignored": false,
  "inferredParser": "html"
}
["INFO" - 1:50:28 AM] No local configuration (i.e. .prettierrc or .editorconfig) detected, falling back to VS Code configuration
["INFO" - 1:50:28 AM] Prettier Options:
{
  "arrowParens": "always",
  "bracketSpacing": true,
  "endOfLine": "lf",
  "htmlWhitespaceSensitivity": "css",
  "insertPragma": false,
  "jsxBracketSameLine": false,
  "jsxSingleQuote": false,
  "printWidth": 80,
  "proseWrap": "preserve",
  "quoteProps": "as-needed",
  "requirePragma": false,
  "semi": true,
  "singleQuote": false,
  "tabWidth": 2,
  "trailingComma": "es5",
  "useTabs": false,
  "vueIndentScriptAndStyle": false,
  "filepath": "/run/media/upalb/Miscellaneous/Code/Programming-Hero/Assigmnent 1/index.html",
  "parser": "html"
}
["INFO" - 1:50:28 AM] Formatting completed in 0.038ms.
["INFO" - 1:50:32 AM] Formatting file:///run/media/upalb/Miscellaneous/Code/Programming-Hero/Assigmnent%201/index.html
["INFO" - 1:50:33 AM] Using ignore file (if present) at /run/media/upalb/Miscellaneous/Code/Programming-Hero/Assigmnent 1/.prettierignore
["INFO" - 1:50:33 AM] File Info:
{
  "ignored": false,
  "inferredParser": "html"
}
["INFO" - 1:50:33 AM] No local configuration (i.e. .prettierrc or .editorconfig) detected, falling back to VS Code configuration
["INFO" - 1:50:33 AM] Prettier Options:
{
  "arrowParens": "always",
  "bracketSpacing": true,
  "endOfLine": "lf",
  "htmlWhitespaceSensitivity": "css",
  "insertPragma": false,
  "jsxBracketSameLine": false,
  "jsxSingleQuote": false,
  "printWidth": 80,
  "proseWrap": "preserve",
  "quoteProps": "as-needed",
  "requirePragma": false,
  "semi": true,
  "singleQuote": false,
  "tabWidth": 2,
  "trailingComma": "es5",
  "useTabs": false,
  "vueIndentScriptAndStyle": false,
  "filepath": "/run/media/upalb/Miscellaneous/Code/Programming-Hero/Assigmnent 1/index.html",
  "parser": "html"
}
["INFO" - 1:50:33 AM] Formatting completed in 0.05ms.
["INFO" - 2:06:01 AM] Formatting file:///run/media/upalb/Miscellaneous/Code/Programming-Hero/Assigmnent%201/index.html
["INFO" - 2:06:01 AM] Using ignore file (if present) at /run/media/upalb/Miscellaneous/Code/Programming-Hero/Assigmnent 1/.prettierignore
["INFO" - 2:06:01 AM] File Info:
{
  "ignored": false,
  "inferredParser": "html"
}
["INFO" - 2:06:01 AM] No local configuration (i.e. .prettierrc or .editorconfig) detected, falling back to VS Code configuration
["INFO" - 2:06:01 AM] Prettier Options:
{
  "arrowParens": "always",
  "bracketSpacing": true,
  "endOfLine": "lf",
  "htmlWhitespaceSensitivity": "css",
  "insertPragma": false,
  "jsxBracketSameLine": false,
  "jsxSingleQuote": false,
  "printWidth": 80,
  "proseWrap": "preserve",
  "quoteProps": "as-needed",
  "requirePragma": false,
  "semi": true,
  "singleQuote": false,
  "tabWidth": 2,
  "trailingComma": "es5",
  "useTabs": false,
  "vueIndentScriptAndStyle": false,
  "filepath": "/run/media/upalb/Miscellaneous/Code/Programming-Hero/Assigmnent 1/index.html",
  "parser": "html"
}
["INFO" - 2:06:01 AM] Formatting completed in 0.057ms.
["INFO" - 2:06:02 AM] Formatting file:///run/media/upalb/Miscellaneous/Code/Programming-Hero/Assigmnent%201/index.html
["INFO" - 2:06:02 AM] Using ignore file (if present) at /run/media/upalb/Miscellaneous/Code/Programming-Hero/Assigmnent 1/.prettierignore
["INFO" - 2:06:02 AM] File Info:
{
  "ignored": false,
  "inferredParser": "html"
}
["INFO" - 2:06:02 AM] No local configuration (i.e. .prettierrc or .editorconfig) detected, falling back to VS Code configuration
["INFO" - 2:06:02 AM] Prettier Options:
{
  "arrowParens": "always",
  "bracketSpacing": true,
  "endOfLine": "lf",
  "htmlWhitespaceSensitivity": "css",
  "insertPragma": false,
  "jsxBracketSameLine": false,
  "jsxSingleQuote": false,
  "printWidth": 80,
  "proseWrap": "preserve",
  "quoteProps": "as-needed",
  "requirePragma": false,
  "semi": true,
  "singleQuote": false,
  "tabWidth": 2,
  "trailingComma": "es5",
  "useTabs": false,
  "vueIndentScriptAndStyle": false,
  "filepath": "/run/media/upalb/Miscellaneous/Code/Programming-Hero/Assigmnent 1/index.html",
  "parser": "html"
}
["INFO" - 2:06:02 AM] Formatting completed in 0.057ms.
["INFO" - 2:06:13 AM] Formatting file:///run/media/upalb/Miscellaneous/Code/Programming-Hero/Assigmnent%201/index.html
["INFO" - 2:06:13 AM] Using ignore file (if present) at /run/media/upalb/Miscellaneous/Code/Programming-Hero/Assigmnent 1/.prettierignore
["INFO" - 2:06:13 AM] File Info:
{
  "ignored": false,
  "inferredParser": "html"
}
["INFO" - 2:06:13 AM] No local configuration (i.e. .prettierrc or .editorconfig) detected, falling back to VS Code configuration
["INFO" - 2:06:13 AM] Prettier Options:
{
  "arrowParens": "always",
  "bracketSpacing": true,
  "endOfLine": "lf",
  "htmlWhitespaceSensitivity": "css",
  "insertPragma": false,
  "jsxBracketSameLine": false,
  "jsxSingleQuote": false,
  "printWidth": 80,
  "proseWrap": "preserve",
  "quoteProps": "as-needed",
  "requirePragma": false,
  "semi": true,
  "singleQuote": false,
  "tabWidth": 2,
  "trailingComma": "es5",
  "useTabs": false,
  "vueIndentScriptAndStyle": false,
  "filepath": "/run/media/upalb/Miscellaneous/Code/Programming-Hero/Assigmnent 1/index.html",
  "parser": "html"
}
["INFO" - 2:06:13 AM] Formatting completed in 0.064ms.
["INFO" - 2:06:27 AM] Formatting file:///run/media/upalb/Miscellaneous/Code/Programming-Hero/Assigmnent%201/index.html
["INFO" - 2:06:27 AM] Using ignore file (if present) at /run/media/upalb/Miscellaneous/Code/Programming-Hero/Assigmnent 1/.prettierignore
["INFO" - 2:06:27 AM] File Info:
{
  "ignored": false,
  "inferredParser": "html"
}
["INFO" - 2:06:27 AM] No local configuration (i.e. .prettierrc or .editorconfig) detected, falling back to VS Code configuration
["INFO" - 2:06:27 AM] Prettier Options:
{
  "arrowParens": "always",
  "bracketSpacing": true,
  "endOfLine": "lf",
  "htmlWhitespaceSensitivity": "css",
  "insertPragma": false,
  "jsxBracketSameLine": false,
  "jsxSingleQuote": false,
  "printWidth": 80,
  "proseWrap": "preserve",
  "quoteProps": "as-needed",
  "requirePragma": false,
  "semi": true,
  "singleQuote": false,
  "tabWidth": 2,
  "trailingComma": "es5",
  "useTabs": false,
  "vueIndentScriptAndStyle": false,
  "filepath": "/run/media/upalb/Miscellaneous/Code/Programming-Hero/Assigmnent 1/index.html",
  "parser": "html"
}
["INFO" - 2:06:27 AM] Formatting completed in 0.104ms.
["INFO" - 2:11:31 AM] Formatting file:///run/media/upalb/Miscellaneous/Code/Programming-Hero/Assigmnent%201/index.html
["INFO" - 2:11:31 AM] Using ignore file (if present) at /run/media/upalb/Miscellaneous/Code/Programming-Hero/Assigmnent 1/.prettierignore
["INFO" - 2:11:31 AM] File Info:
{
  "ignored": false,
  "inferredParser": "html"
}
["INFO" - 2:11:31 AM] No local configuration (i.e. .prettierrc or .editorconfig) detected, falling back to VS Code configuration
["INFO" - 2:11:31 AM] Prettier Options:
{
  "arrowParens": "always",
  "bracketSpacing": true,
  "endOfLine": "lf",
  "htmlWhitespaceSensitivity": "css",
  "insertPragma": false,
  "jsxBracketSameLine": false,
  "jsxSingleQuote": false,
  "printWidth": 80,
  "proseWrap": "preserve",
  "quoteProps": "as-needed",
  "requirePragma": false,
  "semi": true,
  "singleQuote": false,
  "tabWidth": 2,
  "trailingComma": "es5",
  "useTabs": false,
  "vueIndentScriptAndStyle": false,
  "filepath": "/run/media/upalb/Miscellaneous/Code/Programming-Hero/Assigmnent 1/index.html",
  "parser": "html"
}
["INFO" - 2:11:32 AM] Formatting completed in 0.078ms.
