[2022-06-29T11:53:34.396Z] Log level: Info
[2022-06-29T11:53:34.399Z] [info] Validating found git in: git
[2022-06-29T11:53:34.488Z] [info] Using git 2.36.1 from git
[2022-06-29T11:53:34.730Z] > git rev-parse --show-toplevel [195ms]
[2022-06-29T11:53:34.730Z] fatal: not a git repository (or any parent up to mount point /run/media/upalb)
Stopping at filesystem boundary (GIT_DISCOVERY_ACROSS_FILESYSTEM not set).
[2022-06-29T11:53:35.063Z] > git rev-parse --show-toplevel [282ms]
[2022-06-29T11:53:35.063Z] fatal: not a git repository (or any parent up to mount point /run/media/upalb)
Stopping at filesystem boundary (GIT_DISCOVERY_ACROSS_FILESYSTEM not set).
[2022-06-29T11:53:35.611Z] > git rev-parse --show-toplevel [508ms]
[2022-06-29T11:53:35.612Z] fatal: not a git repository (or any parent up to mount point /run/media/upalb)
Stopping at filesystem boundary (GIT_DISCOVERY_ACROSS_FILESYSTEM not set).
[2022-06-29T11:53:35.806Z] > git rev-parse --show-toplevel [16ms]
[2022-06-29T11:53:35.806Z] fatal: not a git repository (or any parent up to mount point /run/media/upalb)
Stopping at filesystem boundary (GIT_DISCOVERY_ACROSS_FILESYSTEM not set).
[2022-06-29T11:53:36.557Z] > git rev-parse --show-toplevel [717ms]
[2022-06-29T11:53:36.557Z] fatal: not a git repository (or any parent up to mount point /run/media/upalb)
Stopping at filesystem boundary (GIT_DISCOVERY_ACROSS_FILESYSTEM not set).
[2022-06-29T11:53:36.925Z] > git rev-parse --show-toplevel [302ms]
[2022-06-29T11:53:36.925Z] fatal: not a git repository (or any parent up to mount point /run/media/upalb)
Stopping at filesystem boundary (GIT_DISCOVERY_ACROSS_FILESYSTEM not set).
[2022-06-29T11:53:37.063Z] > git rev-parse --show-toplevel [27ms]
[2022-06-29T11:53:37.063Z] fatal: not a git repository (or any parent up to mount point /run/media/upalb)
Stopping at filesystem boundary (GIT_DISCOVERY_ACROSS_FILESYSTEM not set).
[2022-06-29T11:53:37.139Z] > git rev-parse --show-toplevel [14ms]
[2022-06-29T11:53:37.139Z] fatal: not a git repository (or any parent up to mount point /run/media/upalb)
Stopping at filesystem boundary (GIT_DISCOVERY_ACROSS_FILESYSTEM not set).
[2022-06-29T11:53:40.522Z] > git rev-parse --show-toplevel [590ms]
[2022-06-29T11:53:40.522Z] fatal: not a git repository (or any parent up to mount point /run/media/upalb)
Stopping at filesystem boundary (GIT_DISCOVERY_ACROSS_FILESYSTEM not set).
[2022-06-29T11:53:43.547Z] > git rev-parse --show-toplevel [343ms]
[2022-06-29T11:53:43.547Z] fatal: not a git repository (or any parent up to mount point /run/media/upalb)
Stopping at filesystem boundary (GIT_DISCOVERY_ACROSS_FILESYSTEM not set).
[2022-06-29T11:53:45.484Z] > git rev-parse --show-toplevel [139ms]
[2022-06-29T11:53:45.484Z] fatal: not a git repository (or any parent up to mount point /run/media/upalb)
Stopping at filesystem boundary (GIT_DISCOVERY_ACROSS_FILESYSTEM not set).
[2022-06-29T11:56:00.290Z] > git rev-parse --show-toplevel [58ms]
[2022-06-29T11:56:00.290Z] fatal: not a git repository (or any parent up to mount point /run/media/upalb)
Stopping at filesystem boundary (GIT_DISCOVERY_ACROSS_FILESYSTEM not set).
