[2022-06-27T15:34:51.777Z] Log level: Info
[2022-06-27T15:34:51.792Z] [info] Validating found git in: git
[2022-06-27T15:34:52.524Z] [info] Using git 2.36.1 from git
[2022-06-27T15:34:53.427Z] > git rev-parse --show-toplevel [731ms]
[2022-06-27T15:34:53.427Z] fatal: not a git repository (or any parent up to mount point /)
Stopping at filesystem boundary (GIT_DISCOVERY_ACROSS_FILESYSTEM not set).
[2022-06-27T15:35:03.973Z] > git rev-parse --show-toplevel [10487ms]
[2022-06-27T15:35:03.973Z] fatal: not a git repository (or any parent up to mount point /run/media/upalb)
Stopping at filesystem boundary (GIT_DISCOVERY_ACROSS_FILESYSTEM not set).
[2022-06-27T15:35:37.491Z] > git rev-parse --show-toplevel [21ms]
[2022-06-27T15:35:37.491Z] fatal: not a git repository (or any parent up to mount point /)
Stopping at filesystem boundary (GIT_DISCOVERY_ACROSS_FILESYSTEM not set).
[2022-06-27T15:35:38.305Z] > git rev-parse --show-toplevel [4ms]
[2022-06-27T15:35:38.305Z] fatal: not a git repository (or any parent up to mount point /)
Stopping at filesystem boundary (GIT_DISCOVERY_ACROSS_FILESYSTEM not set).
[2022-06-27T15:35:40.366Z] > git rev-parse --show-toplevel [2ms]
[2022-06-27T15:35:40.366Z] fatal: not a git repository (or any parent up to mount point /)
Stopping at filesystem boundary (GIT_DISCOVERY_ACROSS_FILESYSTEM not set).
[2022-06-27T15:35:43.305Z] > git rev-parse --show-toplevel [8ms]
[2022-06-27T15:35:43.305Z] fatal: not a git repository (or any parent up to mount point /)
Stopping at filesystem boundary (GIT_DISCOVERY_ACROSS_FILESYSTEM not set).
[2022-06-27T15:37:28.661Z] > git rev-parse --show-toplevel [4ms]
[2022-06-27T15:37:28.661Z] fatal: not a git repository (or any parent up to mount point /)
Stopping at filesystem boundary (GIT_DISCOVERY_ACROSS_FILESYSTEM not set).
[2022-06-27T15:37:36.253Z] > git rev-parse --show-toplevel [2ms]
[2022-06-27T15:37:36.253Z] fatal: not a git repository (or any parent up to mount point /)
Stopping at filesystem boundary (GIT_DISCOVERY_ACROSS_FILESYSTEM not set).
