[2022-06-27T09:50:46.549Z] Log level: Info
[2022-06-27T09:50:46.554Z] [info] Validating found git in: git
[2022-06-27T09:50:46.602Z] [info] Using git 2.36.1 from git
[2022-06-27T09:50:46.690Z] > git rev-parse --show-toplevel [25ms]
[2022-06-27T09:50:46.691Z] fatal: not a git repository (or any parent up to mount point /)
Stopping at filesystem boundary (GIT_DISCOVERY_ACROSS_FILESYSTEM not set).
[2022-06-27T09:51:35.285Z] > git rev-parse --show-toplevel [40ms]
[2022-06-27T09:51:35.285Z] fatal: not a git repository (or any parent up to mount point /)
Stopping at filesystem boundary (GIT_DISCOVERY_ACROSS_FILESYSTEM not set).
[2022-06-27T09:52:12.618Z] > git rev-parse --show-toplevel [2ms]
[2022-06-27T09:52:12.618Z] fatal: not a git repository (or any parent up to mount point /)
Stopping at filesystem boundary (GIT_DISCOVERY_ACROSS_FILESYSTEM not set).
[2022-06-27T09:54:40.774Z] > git rev-parse --show-toplevel [22ms]
[2022-06-27T09:54:40.774Z] fatal: not a git repository (or any parent up to mount point /)
Stopping at filesystem boundary (GIT_DISCOVERY_ACROSS_FILESYSTEM not set).
[2022-06-27T09:54:46.089Z] > git rev-parse --show-toplevel [20ms]
[2022-06-27T09:54:46.089Z] fatal: not a git repository (or any parent up to mount point /)
Stopping at filesystem boundary (GIT_DISCOVERY_ACROSS_FILESYSTEM not set).
[2022-06-27T09:56:36.336Z] > git rev-parse --show-toplevel [10ms]
[2022-06-27T09:56:36.336Z] fatal: not a git repository (or any parent up to mount point /)
Stopping at filesystem boundary (GIT_DISCOVERY_ACROSS_FILESYSTEM not set).
[2022-06-27T09:57:39.800Z] > git rev-parse --show-toplevel [25ms]
[2022-06-27T09:57:39.800Z] fatal: not a git repository (or any parent up to mount point /)
Stopping at filesystem boundary (GIT_DISCOVERY_ACROSS_FILESYSTEM not set).
[2022-06-27T09:57:43.049Z] > git rev-parse --show-toplevel [6ms]
[2022-06-27T09:57:43.049Z] fatal: not a git repository (or any parent up to mount point /)
Stopping at filesystem boundary (GIT_DISCOVERY_ACROSS_FILESYSTEM not set).
