["INFO" - 1:10:49 PM] Extension Name: esbenp.prettier-vscode.
["INFO" - 1:10:49 PM] Extension Version: 9.5.0.
["INFO" - 1:11:36 PM] Formatting file:///home/upalb/Code/index.html
["INFO" - 1:11:36 PM] Using ignore file (if present) at /home/upalb/Code/.prettierignore
["INFO" - 1:11:36 PM] File Info:
{
  "ignored": false,
  "inferredParser": "html"
}
["INFO" - 1:11:36 PM] No local configuration (i.e. .prettierrc or .editorconfig) detected, falling back to VS Code configuration
["INFO" - 1:11:36 PM] Prettier Options:
{
  "arrowParens": "always",
  "bracketSpacing": true,
  "endOfLine": "lf",
  "htmlWhitespaceSensitivity": "css",
  "insertPragma": false,
  "jsxBracketSameLine": false,
  "jsxSingleQuote": false,
  "printWidth": 80,
  "proseWrap": "preserve",
  "quoteProps": "as-needed",
  "requirePragma": false,
  "semi": true,
  "singleQuote": false,
  "tabWidth": 2,
  "trailingComma": "es5",
  "useTabs": false,
  "vueIndentScriptAndStyle": false,
  "filepath": "/home/upalb/Code/index.html",
  "parser": "html"
}
["INFO" - 1:11:36 PM] Formatting completed in 0.363ms.
["INFO" - 1:11:55 PM] Formatting file:///home/upalb/Code/index.html
["INFO" - 1:11:55 PM] Using ignore file (if present) at /home/upalb/Code/.prettierignore
["INFO" - 1:11:55 PM] File Info:
{
  "ignored": false,
  "inferredParser": "html"
}
["INFO" - 1:11:55 PM] No local configuration (i.e. .prettierrc or .editorconfig) detected, falling back to VS Code configuration
["INFO" - 1:11:55 PM] Prettier Options:
{
  "arrowParens": "always",
  "bracketSpacing": true,
  "endOfLine": "lf",
  "htmlWhitespaceSensitivity": "css",
  "insertPragma": false,
  "jsxBracketSameLine": false,
  "jsxSingleQuote": false,
  "printWidth": 80,
  "proseWrap": "preserve",
  "quoteProps": "as-needed",
  "requirePragma": false,
  "semi": true,
  "singleQuote": false,
  "tabWidth": 2,
  "trailingComma": "es5",
  "useTabs": false,
  "vueIndentScriptAndStyle": false,
  "filepath": "/home/upalb/Code/index.html",
  "parser": "html"
}
["INFO" - 1:11:55 PM] Formatting completed in 0.029ms.
