[2022-07-21T04:05:25.234Z] Log level: Info
[2022-07-21T04:05:25.235Z] [info] Validating found git in: git
[2022-07-21T04:05:25.971Z] [info] Using git 2.37.1 from git
[2022-07-21T04:05:26.002Z] > git rev-parse --show-toplevel [13ms]
[2022-07-21T04:05:26.024Z] > git rev-parse --git-dir --git-common-dir [4ms]
[2022-07-21T04:05:26.031Z] [info] Open repository: /home/upalb/Assignment-2
[2022-07-21T04:05:26.055Z] > git status -z -uall [8ms]
[2022-07-21T04:05:26.073Z] > git symbolic-ref --short HEAD [3ms]
[2022-07-21T04:05:26.093Z] > git for-each-ref --format=%(refname)%00%(upstream:short)%00%(objectname)%00%(upstream:track)%00%(upstream:remotename)%00%(upstream:remoteref) refs/heads/main refs/remotes/main [3ms]
[2022-07-21T04:05:26.156Z] > git for-each-ref --sort -committerdate --format %(refname) %(objectname) %(*objectname) [42ms]
[2022-07-21T04:05:26.170Z] > git remote --verbose [39ms]
[2022-07-21T04:05:28.092Z] > git config --get commit.template [1899ms]
[2022-07-21T04:05:28.308Z] > git status -z -uall [172ms]
[2022-07-21T04:05:28.340Z] > git check-ignore -v -z --stdin [105ms]
[2022-07-21T04:05:28.414Z] > git symbolic-ref --short HEAD [75ms]
[2022-07-21T04:05:28.528Z] > git show --textconv :css/style.css [38ms]
[2022-07-21T04:05:28.529Z] > git ls-files --stage -- /home/upalb/Assignment-2/css/style.css [23ms]
[2022-07-21T04:05:28.546Z] > git for-each-ref --format=%(refname)%00%(upstream:short)%00%(objectname)%00%(upstream:track)%00%(upstream:remotename)%00%(upstream:remoteref) refs/heads/main refs/remotes/main [91ms]
[2022-07-21T04:05:28.582Z] > git remote --verbose [7ms]
[2022-07-21T04:05:28.583Z] > git for-each-ref --sort -committerdate --format %(refname) %(objectname) %(*objectname) [23ms]
[2022-07-21T04:05:28.587Z] > git cat-file -s 781544d50ccc428fef1f6152f563addba0aa1c37 [44ms]
[2022-07-21T04:05:28.607Z] > git config --get commit.template [3ms]
[2022-07-21T04:05:37.294Z] > git status -z -uall [4ms]
[2022-07-21T04:05:37.317Z] > git symbolic-ref --short HEAD [1ms]
[2022-07-21T04:05:37.337Z] > git for-each-ref --format=%(refname)%00%(upstream:short)%00%(objectname)%00%(upstream:track)%00%(upstream:remotename)%00%(upstream:remoteref) refs/heads/main refs/remotes/main [2ms]
[2022-07-21T04:05:37.363Z] > git for-each-ref --sort -committerdate --format %(refname) %(objectname) %(*objectname) [14ms]
[2022-07-21T04:05:37.370Z] > git remote --verbose [9ms]
[2022-07-21T04:05:37.408Z] > git config --get commit.template [18ms]
[2022-07-21T04:05:37.410Z] > git ls-files --stage -- /home/upalb/Assignment-2/css/style.css [4ms]
[2022-07-21T04:05:37.424Z] > git cat-file -s 781544d50ccc428fef1f6152f563addba0aa1c37 [1ms]
[2022-07-21T04:05:37.444Z] > git show --textconv :css/style.css [2ms]
[2022-07-21T04:05:38.366Z] > git config --global user.email [46ms]
[2022-07-21T04:05:38.390Z] > git config --global user.name [8ms]
[2022-07-21T04:05:38.421Z] > git status -z -uall [12ms]
[2022-07-21T04:05:38.441Z] > git symbolic-ref --short HEAD [7ms]
[2022-07-21T04:05:38.460Z] > git for-each-ref --format=%(refname)%00%(upstream:short)%00%(objectname)%00%(upstream:track)%00%(upstream:remotename)%00%(upstream:remoteref) refs/heads/main refs/remotes/main [6ms]
[2022-07-21T04:05:38.520Z] > git remote --verbose [22ms]
[2022-07-21T04:05:38.521Z] > git for-each-ref --sort -committerdate --format %(refname) %(objectname) %(*objectname) [40ms]
[2022-07-21T04:05:38.564Z] > git config --get commit.template [7ms]
[2022-07-21T04:05:38.694Z] > git show -s --format=%an <%ae> [%ai] 92c1f4b02bf75ecfda62739a71bc00a4184511a4 [101ms]
[2022-07-21T04:05:38.717Z] > git show -s --format=%H%n%aN%n%aE%n%at%n%ct%n%P%n%D%n%B -z 92c1f4b02bf75ecfda62739a71bc00a4184511a4 [4ms]
[2022-07-21T04:05:38.811Z] > git show -s --format=%an <%ae> [%ai] be9e6cdedec2e548ff9d9ca0619fa7c55c0a03c9 [74ms]
[2022-07-21T04:05:38.845Z] > git show -s --format=%H%n%aN%n%aE%n%at%n%ct%n%P%n%D%n%B -z be9e6cdedec2e548ff9d9ca0619fa7c55c0a03c9 [5ms]
[2022-07-21T04:05:38.899Z] > git show -s --format=%an <%ae> [%ai] 44b3a618cdc1cb73b658a97e318fed16e12b9cab [25ms]
[2022-07-21T04:05:38.928Z] > git show -s --format=%H%n%aN%n%aE%n%at%n%ct%n%P%n%D%n%B -z 44b3a618cdc1cb73b658a97e318fed16e12b9cab [4ms]
[2022-07-21T04:05:38.958Z] > git show -s --format=%an <%ae> [%ai] 6ea563e7d5673418771c402497decffbf5c547b7 [8ms]
[2022-07-21T04:05:38.977Z] > git show -s --format=%H%n%aN%n%aE%n%at%n%ct%n%P%n%D%n%B -z 6ea563e7d5673418771c402497decffbf5c547b7 [2ms]
[2022-07-21T04:05:46.549Z] > git show --textconv :upcoming-match.html [37ms]
[2022-07-21T04:05:46.556Z] > git ls-files --stage -- /home/upalb/Assignment-2/upcoming-match.html [8ms]
[2022-07-21T04:05:46.596Z] > git cat-file -s 5acae99ef859b4c3a7283bd3fa09a20c492f0c30 [3ms]
[2022-07-21T04:05:47.323Z] > git show --textconv :index.html [34ms]
[2022-07-21T04:05:47.328Z] > git ls-files --stage -- /home/upalb/Assignment-2/index.html [7ms]
[2022-07-21T04:05:47.364Z] > git cat-file -s 0e21c6d32ee31341f655bc0d3538074606833024 [6ms]
[2022-07-21T04:06:54.217Z] > git show --textconv :css/style.css [15ms]
[2022-07-21T04:06:54.220Z] > git ls-files --stage -- /home/upalb/Assignment-2/css/style.css [5ms]
[2022-07-21T04:06:54.233Z] > git cat-file -s 781544d50ccc428fef1f6152f563addba0aa1c37 [2ms]
[2022-07-21T04:07:08.630Z] > git show --textconv :upcoming-match.html [22ms]
[2022-07-21T04:07:08.632Z] > git ls-files --stage -- /home/upalb/Assignment-2/upcoming-match.html [7ms]
[2022-07-21T04:07:08.647Z] > git cat-file -s 5acae99ef859b4c3a7283bd3fa09a20c492f0c30 [2ms]
[2022-07-21T04:07:17.268Z] > git show --textconv :css/style.css [29ms]
[2022-07-21T04:07:17.269Z] > git ls-files --stage -- /home/upalb/Assignment-2/css/style.css [6ms]
[2022-07-21T04:07:17.319Z] > git cat-file -s 781544d50ccc428fef1f6152f563addba0aa1c37 [6ms]
[2022-07-21T04:07:31.801Z] > git status -z -uall [4ms]
[2022-07-21T04:07:31.816Z] > git symbolic-ref --short HEAD [1ms]
[2022-07-21T04:07:31.832Z] > git for-each-ref --format=%(refname)%00%(upstream:short)%00%(objectname)%00%(upstream:track)%00%(upstream:remotename)%00%(upstream:remoteref) refs/heads/main refs/remotes/main [2ms]
[2022-07-21T04:07:31.860Z] > git remote --verbose [2ms]
[2022-07-21T04:07:31.861Z] > git for-each-ref --sort -committerdate --format %(refname) %(objectname) %(*objectname) [16ms]
[2022-07-21T04:07:31.880Z] > git config --get commit.template [1ms]
[2022-07-21T04:07:37.144Z] > git status -z -uall [3ms]
[2022-07-21T04:07:37.160Z] > git symbolic-ref --short HEAD [2ms]
[2022-07-21T04:07:37.177Z] > git for-each-ref --format=%(refname)%00%(upstream:short)%00%(objectname)%00%(upstream:track)%00%(upstream:remotename)%00%(upstream:remoteref) refs/heads/main refs/remotes/main [3ms]
[2022-07-21T04:07:37.229Z] > git remote --verbose [4ms]
[2022-07-21T04:07:37.230Z] > git for-each-ref --sort -committerdate --format %(refname) %(objectname) %(*objectname) [34ms]
[2022-07-21T04:07:37.293Z] > git config --get commit.template [7ms]
[2022-07-21T04:07:42.316Z] > git status -z -uall [2ms]
[2022-07-21T04:07:42.332Z] > git symbolic-ref --short HEAD [2ms]
[2022-07-21T04:07:42.348Z] > git for-each-ref --format=%(refname)%00%(upstream:short)%00%(objectname)%00%(upstream:track)%00%(upstream:remotename)%00%(upstream:remoteref) refs/heads/main refs/remotes/main [2ms]
[2022-07-21T04:07:42.376Z] > git for-each-ref --sort -committerdate --format %(refname) %(objectname) %(*objectname) [14ms]
[2022-07-21T04:07:42.376Z] > git remote --verbose [3ms]
[2022-07-21T04:07:42.400Z] > git config --get commit.template [6ms]
[2022-07-21T04:07:47.425Z] > git status -z -uall [3ms]
[2022-07-21T04:07:47.439Z] > git symbolic-ref --short HEAD [1ms]
[2022-07-21T04:07:47.455Z] > git for-each-ref --format=%(refname)%00%(upstream:short)%00%(objectname)%00%(upstream:track)%00%(upstream:remotename)%00%(upstream:remoteref) refs/heads/main refs/remotes/main [2ms]
[2022-07-21T04:07:47.484Z] > git for-each-ref --sort -committerdate --format %(refname) %(objectname) %(*objectname) [16ms]
[2022-07-21T04:07:47.485Z] > git remote --verbose [2ms]
[2022-07-21T04:07:47.513Z] > git config --get commit.template [2ms]
[2022-07-21T04:07:53.939Z] > git status -z -uall [3ms]
[2022-07-21T04:07:53.955Z] > git symbolic-ref --short HEAD [2ms]
[2022-07-21T04:07:53.971Z] > git for-each-ref --format=%(refname)%00%(upstream:short)%00%(objectname)%00%(upstream:track)%00%(upstream:remotename)%00%(upstream:remoteref) refs/heads/main refs/remotes/main [2ms]
[2022-07-21T04:07:54.002Z] > git for-each-ref --sort -committerdate --format %(refname) %(objectname) %(*objectname) [17ms]
[2022-07-21T04:07:54.002Z] > git remote --verbose [3ms]
[2022-07-21T04:07:54.021Z] > git config --get commit.template [1ms]
[2022-07-21T04:08:30.574Z] > git status -z -uall [10ms]
[2022-07-21T04:08:30.622Z] > git symbolic-ref --short HEAD [3ms]
[2022-07-21T04:08:30.647Z] > git for-each-ref --format=%(refname)%00%(upstream:short)%00%(objectname)%00%(upstream:track)%00%(upstream:remotename)%00%(upstream:remoteref) refs/heads/main refs/remotes/main [3ms]
[2022-07-21T04:08:30.678Z] > git for-each-ref --sort -committerdate --format %(refname) %(objectname) %(*objectname) [15ms]
[2022-07-21T04:08:30.679Z] > git remote --verbose [3ms]
[2022-07-21T04:08:30.702Z] > git config --get commit.template [6ms]
[2022-07-21T04:08:36.376Z] > git status -z -uall [3ms]
[2022-07-21T04:08:36.392Z] > git symbolic-ref --short HEAD [2ms]
[2022-07-21T04:08:36.409Z] > git for-each-ref --format=%(refname)%00%(upstream:short)%00%(objectname)%00%(upstream:track)%00%(upstream:remotename)%00%(upstream:remoteref) refs/heads/main refs/remotes/main [2ms]
[2022-07-21T04:08:36.438Z] > git for-each-ref --sort -committerdate --format %(refname) %(objectname) %(*objectname) [15ms]
[2022-07-21T04:08:36.439Z] > git remote --verbose [3ms]
[2022-07-21T04:08:36.457Z] > git config --get commit.template [2ms]
[2022-07-21T04:08:41.483Z] > git status -z -uall [4ms]
[2022-07-21T04:08:41.501Z] > git symbolic-ref --short HEAD [2ms]
[2022-07-21T04:08:41.516Z] > git for-each-ref --format=%(refname)%00%(upstream:short)%00%(objectname)%00%(upstream:track)%00%(upstream:remotename)%00%(upstream:remoteref) refs/heads/main refs/remotes/main [2ms]
[2022-07-21T04:08:41.553Z] > git for-each-ref --sort -committerdate --format %(refname) %(objectname) %(*objectname) [18ms]
[2022-07-21T04:08:41.554Z] > git remote --verbose [3ms]
[2022-07-21T04:08:41.574Z] > git config --get commit.template [3ms]
[2022-07-21T04:08:46.595Z] > git status -z -uall [2ms]
[2022-07-21T04:08:46.611Z] > git symbolic-ref --short HEAD [1ms]
[2022-07-21T04:08:46.628Z] > git for-each-ref --format=%(refname)%00%(upstream:short)%00%(objectname)%00%(upstream:track)%00%(upstream:remotename)%00%(upstream:remoteref) refs/heads/main refs/remotes/main [2ms]
[2022-07-21T04:08:46.658Z] > git for-each-ref --sort -committerdate --format %(refname) %(objectname) %(*objectname) [15ms]
[2022-07-21T04:08:46.659Z] > git remote --verbose [2ms]
[2022-07-21T04:08:46.678Z] > git config --get commit.template [1ms]
[2022-07-21T04:08:55.703Z] > git status -z -uall [5ms]
[2022-07-21T04:08:55.730Z] > git symbolic-ref --short HEAD [4ms]
[2022-07-21T04:08:55.757Z] > git for-each-ref --format=%(refname)%00%(upstream:short)%00%(objectname)%00%(upstream:track)%00%(upstream:remotename)%00%(upstream:remoteref) refs/heads/main refs/remotes/main [4ms]
[2022-07-21T04:08:55.809Z] > git for-each-ref --sort -committerdate --format %(refname) %(objectname) %(*objectname) [27ms]
[2022-07-21T04:08:55.812Z] > git remote --verbose [7ms]
[2022-07-21T04:08:55.843Z] > git config --get commit.template [6ms]
[2022-07-21T04:09:04.603Z] > git status -z -uall [3ms]
[2022-07-21T04:09:04.618Z] > git symbolic-ref --short HEAD [1ms]
[2022-07-21T04:09:04.633Z] > git for-each-ref --format=%(refname)%00%(upstream:short)%00%(objectname)%00%(upstream:track)%00%(upstream:remotename)%00%(upstream:remoteref) refs/heads/main refs/remotes/main [2ms]
[2022-07-21T04:09:04.660Z] > git for-each-ref --sort -committerdate --format %(refname) %(objectname) %(*objectname) [14ms]
[2022-07-21T04:09:04.661Z] > git remote --verbose [2ms]
[2022-07-21T04:09:04.681Z] > git config --get commit.template [1ms]
[2022-07-21T04:09:09.703Z] > git status -z -uall [3ms]
[2022-07-21T04:09:09.727Z] > git symbolic-ref --short HEAD [10ms]
[2022-07-21T04:09:09.765Z] > git for-each-ref --format=%(refname)%00%(upstream:short)%00%(objectname)%00%(upstream:track)%00%(upstream:remotename)%00%(upstream:remoteref) refs/heads/main refs/remotes/main [23ms]
[2022-07-21T04:09:09.803Z] > git for-each-ref --sort -committerdate --format %(refname) %(objectname) %(*objectname) [20ms]
[2022-07-21T04:09:09.804Z] > git remote --verbose [3ms]
[2022-07-21T04:09:09.832Z] > git config --get commit.template [3ms]
[2022-07-21T04:09:14.871Z] > git status -z -uall [7ms]
[2022-07-21T04:09:14.904Z] > git symbolic-ref --short HEAD [7ms]
[2022-07-21T04:09:14.930Z] > git for-each-ref --format=%(refname)%00%(upstream:short)%00%(objectname)%00%(upstream:track)%00%(upstream:remotename)%00%(upstream:remoteref) refs/heads/main refs/remotes/main [2ms]
[2022-07-21T04:09:14.973Z] > git for-each-ref --sort -committerdate --format %(refname) %(objectname) %(*objectname) [19ms]
[2022-07-21T04:09:14.974Z] > git remote --verbose [2ms]
[2022-07-21T04:09:14.993Z] > git config --get commit.template [2ms]
[2022-07-21T04:09:20.012Z] > git status -z -uall [3ms]
[2022-07-21T04:09:20.030Z] > git symbolic-ref --short HEAD [2ms]
[2022-07-21T04:09:20.048Z] > git for-each-ref --format=%(refname)%00%(upstream:short)%00%(objectname)%00%(upstream:track)%00%(upstream:remotename)%00%(upstream:remoteref) refs/heads/main refs/remotes/main [3ms]
[2022-07-21T04:09:20.109Z] > git for-each-ref --sort -committerdate --format %(refname) %(objectname) %(*objectname) [35ms]
[2022-07-21T04:09:20.110Z] > git remote --verbose [3ms]
[2022-07-21T04:09:20.162Z] > git config --get commit.template [4ms]
[2022-07-21T04:09:29.362Z] > git status -z -uall [3ms]
[2022-07-21T04:09:29.376Z] > git symbolic-ref --short HEAD [1ms]
[2022-07-21T04:09:29.392Z] > git for-each-ref --format=%(refname)%00%(upstream:short)%00%(objectname)%00%(upstream:track)%00%(upstream:remotename)%00%(upstream:remoteref) refs/heads/main refs/remotes/main [2ms]
[2022-07-21T04:09:29.419Z] > git for-each-ref --sort -committerdate --format %(refname) %(objectname) %(*objectname) [14ms]
[2022-07-21T04:09:29.420Z] > git remote --verbose [3ms]
[2022-07-21T04:09:29.450Z] > git config --get commit.template [12ms]
[2022-07-21T04:09:34.467Z] > git status -z -uall [3ms]
[2022-07-21T04:09:34.481Z] > git symbolic-ref --short HEAD [1ms]
[2022-07-21T04:09:34.496Z] > git for-each-ref --format=%(refname)%00%(upstream:short)%00%(objectname)%00%(upstream:track)%00%(upstream:remotename)%00%(upstream:remoteref) refs/heads/main refs/remotes/main [2ms]
[2022-07-21T04:09:34.524Z] > git for-each-ref --sort -committerdate --format %(refname) %(objectname) %(*objectname) [15ms]
[2022-07-21T04:09:34.524Z] > git remote --verbose [2ms]
[2022-07-21T04:09:34.542Z] > git config --get commit.template [2ms]
