[2022-07-13T04:20:39.913Z] Log level: Info
[2022-07-13T04:20:39.914Z] [info] Validating found git in: git
[2022-07-13T04:20:40.013Z] [info] Using git 2.37.0 from git
[2022-07-13T04:20:40.090Z] > git rev-parse --show-toplevel [56ms]
[2022-07-13T04:20:40.109Z] > git rev-parse --git-dir --git-common-dir [4ms]
[2022-07-13T04:20:40.119Z] [info] Open repository: /home/upalb/Grover
[2022-07-13T04:20:40.146Z] > git status -z -uall [5ms]
[2022-07-13T04:20:41.829Z] > git check-ignore -v -z --stdin [7ms]
[2022-07-13T04:20:41.845Z] > git symbolic-ref --short HEAD [1679ms]
[2022-07-13T04:20:41.870Z] > git for-each-ref --format=%(refname)%00%(upstream:short)%00%(objectname)%00%(upstream:track)%00%(upstream:remotename)%00%(upstream:remoteref) refs/heads/main refs/remotes/main [7ms]
[2022-07-13T04:20:41.949Z] > git show --textconv :index.html [31ms]
[2022-07-13T04:20:41.952Z] > git for-each-ref --sort -committerdate --format %(refname) %(objectname) %(*objectname) [68ms]
[2022-07-13T04:20:41.961Z] > git ls-files --stage -- /home/upalb/Grover/index.html [30ms]
[2022-07-13T04:20:41.976Z] > git remote --verbose [79ms]
[2022-07-13T04:20:41.999Z] > git cat-file -s cb80bd9861a1caf3564203f327d68c28e6c2982f [25ms]
[2022-07-13T04:20:42.004Z] > git config --get commit.template [9ms]
[2022-07-13T04:20:46.402Z] > git ls-files --stage -- /home/upalb/Grover/scss/_hero.scss [3ms]
[2022-07-13T04:20:46.428Z] > git show --textconv :scss/_hero.scss [60ms]
[2022-07-13T04:20:46.430Z] > git cat-file -s 719dc26e37c50964f1828be900777ef3330a8218 [4ms]
[2022-07-13T04:20:46.856Z] > git show --textconv :index.html [31ms]
[2022-07-13T04:20:46.859Z] > git ls-files --stage -- /home/upalb/Grover/index.html [7ms]
[2022-07-13T04:20:46.880Z] > git cat-file -s cb80bd9861a1caf3564203f327d68c28e6c2982f [3ms]
[2022-07-13T04:21:09.672Z] > git config --global user.email [13ms]
[2022-07-13T04:21:09.707Z] > git config --global user.name [6ms]
[2022-07-13T04:21:09.735Z] > git status -z -uall [5ms]
[2022-07-13T04:21:09.763Z] > git symbolic-ref --short HEAD [7ms]
[2022-07-13T04:21:09.799Z] > git for-each-ref --format=%(refname)%00%(upstream:short)%00%(objectname)%00%(upstream:track)%00%(upstream:remotename)%00%(upstream:remoteref) refs/heads/main refs/remotes/main [18ms]
[2022-07-13T04:21:09.841Z] > git remote --verbose [4ms]
[2022-07-13T04:21:09.842Z] > git for-each-ref --sort -committerdate --format %(refname) %(objectname) %(*objectname) [24ms]
[2022-07-13T04:21:09.871Z] > git config --get commit.template [2ms]
[2022-07-13T04:21:09.977Z] > git show -s --format=%an <%ae> [%ai] b223393853401ac3f5ca227f72fb38824f0ca07a [76ms]
[2022-07-13T04:21:09.999Z] > git show -s --format=%H%n%aN%n%aE%n%at%n%ct%n%P%n%D%n%B -z b223393853401ac3f5ca227f72fb38824f0ca07a [4ms]
[2022-07-13T04:21:10.046Z] > git show -s --format=%an <%ae> [%ai] a9d092d7ef1fdb0f8f80a5158531c76e32c5eaae [26ms]
[2022-07-13T04:21:10.066Z] > git show -s --format=%H%n%aN%n%aE%n%at%n%ct%n%P%n%D%n%B -z a9d092d7ef1fdb0f8f80a5158531c76e32c5eaae [2ms]
[2022-07-13T04:21:10.089Z] > git show -s --format=%an <%ae> [%ai] 1f90a79f2f581c421671fef5065d87fef401bbd7 [5ms]
[2022-07-13T04:21:10.109Z] > git show -s --format=%H%n%aN%n%aE%n%at%n%ct%n%P%n%D%n%B -z 1f90a79f2f581c421671fef5065d87fef401bbd7 [2ms]
[2022-07-13T04:22:20.834Z] > git show --textconv :scss/_hero.scss [19ms]
[2022-07-13T04:22:20.835Z] > git ls-files --stage -- /home/upalb/Grover/scss/_hero.scss [5ms]
[2022-07-13T04:22:20.855Z] > git cat-file -s 719dc26e37c50964f1828be900777ef3330a8218 [4ms]
[2022-07-13T04:44:31.504Z] > git show --textconv :scss/_hero.scss [28ms]
[2022-07-13T04:44:31.507Z] > git ls-files --stage -- /home/upalb/Grover/scss/_hero.scss [8ms]
[2022-07-13T04:44:31.531Z] > git cat-file -s 719dc26e37c50964f1828be900777ef3330a8218 [2ms]
