[2022-07-05T15:18:21.172Z] Log level: Info
[2022-07-05T15:18:21.174Z] [info] Validating found git in: git
[2022-07-05T15:18:21.272Z] [info] Using git 2.37.0 from git
[2022-07-05T15:18:21.354Z] > git rev-parse --show-toplevel [25ms]
[2022-07-05T15:18:21.354Z] fatal: not a git repository (or any parent up to mount point /run/media/upalb)
Stopping at filesystem boundary (GIT_DISCOVERY_ACROSS_FILESYSTEM not set).
[2022-07-05T15:18:21.791Z] > git rev-parse --show-toplevel [383ms]
[2022-07-05T15:18:21.791Z] fatal: not a git repository (or any parent up to mount point /run/media/upalb)
Stopping at filesystem boundary (GIT_DISCOVERY_ACROSS_FILESYSTEM not set).
[2022-07-05T15:18:21.817Z] > git rev-parse --show-toplevel [5ms]
[2022-07-05T15:18:21.817Z] fatal: not a git repository (or any parent up to mount point /run/media/upalb)
Stopping at filesystem boundary (GIT_DISCOVERY_ACROSS_FILESYSTEM not set).
[2022-07-05T15:18:21.839Z] > git rev-parse --show-toplevel [3ms]
[2022-07-05T15:18:21.840Z] fatal: not a git repository (or any parent up to mount point /run/media/upalb)
Stopping at filesystem boundary (GIT_DISCOVERY_ACROSS_FILESYSTEM not set).
[2022-07-05T15:18:21.874Z] > git rev-parse --show-toplevel [5ms]
[2022-07-05T15:18:22.067Z] > git rev-parse --git-dir --git-common-dir [164ms]
[2022-07-05T15:18:22.117Z] [info] Open repository: /run/media/upalb/Miscellaneous/Code/Programming-Hero/Module-04_portfolio
[2022-07-05T15:18:22.203Z] > git status -z -uall [67ms]
[2022-07-05T15:18:22.229Z] > git rev-parse --show-toplevel [64ms]
[2022-07-05T15:18:22.229Z] fatal: unsafe repository ('/run/media/upalb/Miscellaneous/Code/Programming-Hero/programing_hero_prj2' is owned by someone else)
To add an exception for this directory, call:

	git config --global --add safe.directory /run/media/upalb/Miscellaneous/Code/Programming-Hero/programing_hero_prj2
[2022-07-05T15:18:22.263Z] > git symbolic-ref --short HEAD [36ms]
[2022-07-05T15:18:22.323Z] > git rev-parse --show-toplevel [69ms]
[2022-07-05T15:18:22.323Z] fatal: not a git repository (or any parent up to mount point /run/media/upalb)
Stopping at filesystem boundary (GIT_DISCOVERY_ACROSS_FILESYSTEM not set).
[2022-07-05T15:18:22.356Z] > git for-each-ref --format=%(refname)%00%(upstream:short)%00%(objectname)%00%(upstream:track)%00%(upstream:remotename)%00%(upstream:remoteref) refs/heads/main refs/remotes/main [73ms]
[2022-07-05T15:18:22.439Z] > git for-each-ref --sort -committerdate --format %(refname) %(objectname) %(*objectname) [48ms]
[2022-07-05T15:18:22.440Z] > git rev-parse --show-toplevel [90ms]
[2022-07-05T15:18:22.440Z] fatal: not a git repository (or any parent up to mount point /run/media/upalb)
Stopping at filesystem boundary (GIT_DISCOVERY_ACROSS_FILESYSTEM not set).
[2022-07-05T15:18:22.479Z] > git remote --verbose [46ms]
[2022-07-05T15:18:22.514Z] > git rev-parse --show-toplevel [39ms]
[2022-07-05T15:18:22.514Z] fatal: not a git repository (or any parent up to mount point /run/media/upalb)
Stopping at filesystem boundary (GIT_DISCOVERY_ACROSS_FILESYSTEM not set).
[2022-07-05T15:18:22.536Z] > git config --get commit.template [23ms]
[2022-07-05T15:18:22.562Z] > git rev-parse --show-toplevel [28ms]
[2022-07-05T15:18:22.562Z] fatal: not a git repository (or any parent up to mount point /run/media/upalb)
Stopping at filesystem boundary (GIT_DISCOVERY_ACROSS_FILESYSTEM not set).
[2022-07-05T15:18:22.657Z] > git rev-parse --show-toplevel [58ms]
[2022-07-05T15:18:22.657Z] fatal: not a git repository (or any parent up to mount point /run/media/upalb)
Stopping at filesystem boundary (GIT_DISCOVERY_ACROSS_FILESYSTEM not set).
[2022-07-05T15:18:22.705Z] > git rev-parse --show-toplevel [5ms]
[2022-07-05T15:18:22.705Z] fatal: not a git repository (or any parent up to mount point /run/media/upalb)
Stopping at filesystem boundary (GIT_DISCOVERY_ACROSS_FILESYSTEM not set).
[2022-07-05T15:18:22.755Z] > git rev-parse --show-toplevel [16ms]
[2022-07-05T15:18:22.755Z] fatal: not a git repository (or any parent up to mount point /run/media/upalb)
Stopping at filesystem boundary (GIT_DISCOVERY_ACROSS_FILESYSTEM not set).
[2022-07-05T15:18:22.777Z] > git rev-parse --show-toplevel [4ms]
[2022-07-05T15:18:22.777Z] fatal: not a git repository (or any parent up to mount point /run/media/upalb)
Stopping at filesystem boundary (GIT_DISCOVERY_ACROSS_FILESYSTEM not set).
[2022-07-05T15:18:42.612Z] > git rev-parse --show-toplevel [7ms]
[2022-07-05T15:18:42.612Z] fatal: not a git repository (or any parent up to mount point /run/media/upalb)
Stopping at filesystem boundary (GIT_DISCOVERY_ACROSS_FILESYSTEM not set).
[2022-07-05T15:18:42.641Z] > git rev-parse --show-toplevel [5ms]
[2022-07-05T15:18:42.641Z] fatal: not a git repository (or any parent up to mount point /run/media/upalb)
Stopping at filesystem boundary (GIT_DISCOVERY_ACROSS_FILESYSTEM not set).
