[2022-07-10 09:01:49.893] [sharedprocess] [info] Starting worker process with pid 1350 (type: fileWatcher, window: 1).
[2022-07-10 09:01:59.478] [sharedprocess] [info] Getting Manifest... glenn2223.live-sass
[2022-07-10 09:02:01.330] [sharedprocess] [info] Installing extension: glenn2223.live-sass
[2022-07-10 09:02:04.212] [sharedprocess] [info] Downloaded extension: glenn2223.live-sass /home/upalb/.config/VSCodium/CachedExtensionVSIXs/glenn2223.live-sass-5.5.0
[2022-07-10 09:02:04.351] [sharedprocess] [info] Extracted extension to /home/upalb/.vscode-oss/extensions/.61b0cc29-323d-4a0a-9581-bc23bda63aa6: glenn2223.live-sass
[2022-07-10 09:02:04.428] [sharedprocess] [info] Renamed to /home/upalb/.vscode-oss/extensions/glenn2223.live-sass-5.5.0
[2022-07-10 09:02:04.431] [sharedprocess] [info] Extracting completed. glenn2223.live-sass
[2022-07-10 09:02:04.557] [sharedprocess] [info] Extension installed successfully: glenn2223.live-sass
[2022-07-10 09:11:17.880] [sharedprocess] [info] Getting Manifest... zhuangtongfa.material-theme
[2022-07-10 09:11:18.301] [sharedprocess] [info] Installing extension: zhuangtongfa.material-theme
[2022-07-10 09:11:20.725] [sharedprocess] [info] Downloaded extension: zhuangtongfa.material-theme /home/upalb/.config/VSCodium/CachedExtensionVSIXs/zhuangtongfa.material-theme-3.15.2
[2022-07-10 09:11:20.956] [sharedprocess] [info] Extracted extension to /home/upalb/.vscode-oss/extensions/.d424bf93-459f-47ef-b300-59a22f8f0d71: zhuangtongfa.material-theme
[2022-07-10 09:11:21.015] [sharedprocess] [info] Renamed to /home/upalb/.vscode-oss/extensions/zhuangtongfa.material-theme-3.15.2
[2022-07-10 09:11:21.019] [sharedprocess] [info] Extracting completed. zhuangtongfa.material-theme
[2022-07-10 09:11:21.023] [sharedprocess] [info] Extension installed successfully: zhuangtongfa.material-theme
[2022-07-10 09:24:19.075] [sharedprocess] [info] Getting Manifest... whizkydee.material-palenight-theme
[2022-07-10 09:24:19.301] [sharedprocess] [info] Installing extension: whizkydee.material-palenight-theme
[2022-07-10 09:24:21.152] [sharedprocess] [info] Downloaded extension: whizkydee.material-palenight-theme /home/upalb/.config/VSCodium/CachedExtensionVSIXs/whizkydee.material-palenight-theme-2.0.2
[2022-07-10 09:24:21.198] [sharedprocess] [info] Extracted extension to /home/upalb/.vscode-oss/extensions/.7d9e74ac-6363-46c8-9c02-02bb1cdce021: whizkydee.material-palenight-theme
[2022-07-10 09:24:21.241] [sharedprocess] [info] Renamed to /home/upalb/.vscode-oss/extensions/whizkydee.material-palenight-theme-2.0.2
[2022-07-10 09:24:21.243] [sharedprocess] [info] Extracting completed. whizkydee.material-palenight-theme
[2022-07-10 09:24:21.245] [sharedprocess] [info] Extension installed successfully: whizkydee.material-palenight-theme
