[2022-07-13 10:44:57.813] [exthost] [info] Extension host with pid 19649 started
[2022-07-13 10:44:57.813] [exthost] [info] Skipping acquiring lock for /home/upalb/.config/VSCodium/User/workspaceStorage/fa84a96756ee31e53c73910e76cc5e69.
[2022-07-13 10:44:58.283] [exthost] [info] ExtensionService#_doActivateExtension vscode.css-language-features, startup: false, activationEvent: 'onLanguage:scss'
[2022-07-13 10:44:58.434] [exthost] [info] ExtensionService#_doActivateExtension glenn2223.live-sass, startup: false, activationEvent: 'onLanguage:scss'
[2022-07-13 10:44:59.637] [exthost] [info] ExtensionService#_doActivateExtension vscode.debug-auto-launch, startup: true, activationEvent: '*'
[2022-07-13 10:44:59.656] [exthost] [info] ExtensionService#_doActivateExtension vscode.git-base, startup: true, activationEvent: '*', root cause: vscode.git
[2022-07-13 10:44:59.678] [exthost] [info] ExtensionService#_doActivateExtension vscode.ipynb, startup: true, activationEvent: '*'
[2022-07-13 10:44:59.742] [exthost] [info] ExtensionService#_doActivateExtension CoenraadS.bracket-pair-colorizer-2, startup: true, activationEvent: '*'
[2022-07-13 10:44:59.791] [exthost] [info] ExtensionService#_doActivateExtension ms-vsliveshare.vsliveshare, startup: true, activationEvent: '*'
[2022-07-13 10:45:00.934] [exthost] [info] ExtensionService#_doActivateExtension redwan-hossain.auto-rename-tag-clone, startup: true, activationEvent: '*'
[2022-07-13 10:45:01.007] [exthost] [info] ExtensionService#_doActivateExtension WallabyJs.quokka-vscode, startup: true, activationEvent: '*'
[2022-07-13 10:45:01.951] [exthost] [info] ExtensionService#_doActivateExtension vscode.git, startup: true, activationEvent: '*'
[2022-07-13 10:45:02.266] [exthost] [info] ExtensionService#_doActivateExtension vscode.github, startup: true, activationEvent: '*'
[2022-07-13 10:45:07.035] [exthost] [info] Eager extensions activated
[2022-07-13 10:45:07.086] [exthost] [info] ExtensionService#_doActivateExtension vscode.emmet, startup: false, activationEvent: 'onStartupFinished'
[2022-07-13 10:45:07.153] [exthost] [info] ExtensionService#_doActivateExtension vscode.merge-conflict, startup: false, activationEvent: 'onStartupFinished'
[2022-07-13 10:45:07.156] [exthost] [info] ExtensionService#_doActivateExtension bradlc.vscode-tailwindcss, startup: false, activationEvent: 'onStartupFinished'
[2022-07-13 10:45:07.204] [exthost] [info] ExtensionService#_doActivateExtension esbenp.prettier-vscode, startup: false, activationEvent: 'onStartupFinished'
[2022-07-13 10:45:07.397] [exthost] [info] ExtensionService#_doActivateExtension formulahendry.code-runner, startup: false, activationEvent: 'onStartupFinished'
[2022-07-13 10:45:07.429] [exthost] [info] ExtensionService#_doActivateExtension PKief.material-icon-theme, startup: false, activationEvent: 'onStartupFinished'
[2022-07-13 10:45:07.498] [exthost] [info] ExtensionService#_doActivateExtension ritwickdey.LiveServer, startup: false, activationEvent: 'onStartupFinished'
[2022-07-13 10:45:07.695] [exthost] [info] ExtensionService#_doActivateExtension streetsidesoftware.code-spell-checker, startup: false, activationEvent: 'onStartupFinished'
[2022-07-13 10:45:07.795] [exthost] [info] ExtensionService#_doActivateExtension zhuangtongfa.material-theme, startup: false, activationEvent: 'onStartupFinished'
[2022-07-13 10:45:07.889] [exthost] [info] ExtensionService#_doActivateExtension vscode.github-authentication, startup: false, activationEvent: 'onAuthenticationRequest:github'
[2022-07-13 10:46:31.165] [exthost] [info] ExtensionService#_doActivateExtension vscode.html-language-features, startup: false, activationEvent: 'onLanguage:html'
[2022-07-13 11:14:44.043] [exthost] [info] ExtensionService#_doActivateExtension vscode.typescript-language-features, startup: false, activationEvent: 'onLanguage:javascript'
[2022-07-13 12:01:20.961] [exthost] [error] [vscode.emmet] provider FAILED
[2022-07-13 12:01:21.120] [exthost] [error] TypeError: Cannot read properties of undefined (reading 'find')
    at t.DefaultCompletionItemProvider.provideCompletionItemsInternal (/opt/vscodium-bin/resources/app/extensions/emmet/dist/node/emmetNodeMain.js:1:187362)
    at t.DefaultCompletionItemProvider.provideCompletionItems (/opt/vscodium-bin/resources/app/extensions/emmet/dist/node/emmetNodeMain.js:1:185715)
    at ie.provideCompletionItems (/opt/vscodium-bin/resources/app/out/vs/workbench/api/node/extensionHostProcess.js:83:143269)
    at /opt/vscodium-bin/resources/app/out/vs/workbench/api/node/extensionHostProcess.js:83:168258
    at te._withAdapter (/opt/vscodium-bin/resources/app/out/vs/workbench/api/node/extensionHostProcess.js:83:158424)
    at te.$provideCompletionItems (/opt/vscodium-bin/resources/app/out/vs/workbench/api/node/extensionHostProcess.js:83:168233)
    at s._doInvokeHandler (/opt/vscodium-bin/resources/app/out/vs/workbench/api/node/extensionHostProcess.js:86:13828)
    at s._invokeHandler (/opt/vscodium-bin/resources/app/out/vs/workbench/api/node/extensionHostProcess.js:86:13512)
    at s._receiveRequest (/opt/vscodium-bin/resources/app/out/vs/workbench/api/node/extensionHostProcess.js:86:12121)
    at s._receiveOneMessage (/opt/vscodium-bin/resources/app/out/vs/workbench/api/node/extensionHostProcess.js:86:10843)
    at /opt/vscodium-bin/resources/app/out/vs/workbench/api/node/extensionHostProcess.js:86:8949
    at g.invoke (/opt/vscodium-bin/resources/app/out/vs/workbench/api/node/extensionHostProcess.js:58:145)
    at b.deliver (/opt/vscodium-bin/resources/app/out/vs/workbench/api/node/extensionHostProcess.js:58:2265)
    at v.fire (/opt/vscodium-bin/resources/app/out/vs/workbench/api/node/extensionHostProcess.js:58:1843)
    at a.fire (/opt/vscodium-bin/resources/app/out/vs/workbench/api/node/extensionHostProcess.js:66:19025)
    at /opt/vscodium-bin/resources/app/out/vs/workbench/api/node/extensionHostProcess.js:102:34863
    at g.invoke (/opt/vscodium-bin/resources/app/out/vs/workbench/api/node/extensionHostProcess.js:58:145)
    at b.deliver (/opt/vscodium-bin/resources/app/out/vs/workbench/api/node/extensionHostProcess.js:58:2265)
    at v.fire (/opt/vscodium-bin/resources/app/out/vs/workbench/api/node/extensionHostProcess.js:58:1843)
    at a.fire (/opt/vscodium-bin/resources/app/out/vs/workbench/api/node/extensionHostProcess.js:66:19025)
    at r._receiveMessage (/opt/vscodium-bin/resources/app/out/vs/workbench/api/node/extensionHostProcess.js:66:23606)
    at /opt/vscodium-bin/resources/app/out/vs/workbench/api/node/extensionHostProcess.js:66:21140
    at g.invoke (/opt/vscodium-bin/resources/app/out/vs/workbench/api/node/extensionHostProcess.js:58:145)
    at b.deliver (/opt/vscodium-bin/resources/app/out/vs/workbench/api/node/extensionHostProcess.js:58:2265)
    at v.fire (/opt/vscodium-bin/resources/app/out/vs/workbench/api/node/extensionHostProcess.js:58:1843)
    at v.acceptChunk (/opt/vscodium-bin/resources/app/out/vs/workbench/api/node/extensionHostProcess.js:66:15856)
    at /opt/vscodium-bin/resources/app/out/vs/workbench/api/node/extensionHostProcess.js:66:14986
    at Socket.R (/opt/vscodium-bin/resources/app/out/vs/workbench/api/node/extensionHostProcess.js:102:13798)
    at Socket.emit (node:events:390:28)
    at addChunk (node:internal/streams/readable:315:12)
    at readableAddChunk (node:internal/streams/readable:289:9)
    at Socket.Readable.push (node:internal/streams/readable:228:10)
    at Pipe.onStreamRead (node:internal/stream_base_commons:199:23)
[2022-07-13 12:01:21.851] [exthost] [error] [vscode.emmet] provider FAILED
[2022-07-13 12:01:21.853] [exthost] [error] TypeError: Cannot read properties of undefined (reading 'find')
    at t.DefaultCompletionItemProvider.provideCompletionItemsInternal (/opt/vscodium-bin/resources/app/extensions/emmet/dist/node/emmetNodeMain.js:1:187362)
    at t.DefaultCompletionItemProvider.provideCompletionItems (/opt/vscodium-bin/resources/app/extensions/emmet/dist/node/emmetNodeMain.js:1:185715)
    at ie.provideCompletionItems (/opt/vscodium-bin/resources/app/out/vs/workbench/api/node/extensionHostProcess.js:83:143269)
    at /opt/vscodium-bin/resources/app/out/vs/workbench/api/node/extensionHostProcess.js:83:168258
    at te._withAdapter (/opt/vscodium-bin/resources/app/out/vs/workbench/api/node/extensionHostProcess.js:83:158424)
    at te.$provideCompletionItems (/opt/vscodium-bin/resources/app/out/vs/workbench/api/node/extensionHostProcess.js:83:168233)
    at s._doInvokeHandler (/opt/vscodium-bin/resources/app/out/vs/workbench/api/node/extensionHostProcess.js:86:13828)
    at s._invokeHandler (/opt/vscodium-bin/resources/app/out/vs/workbench/api/node/extensionHostProcess.js:86:13512)
    at s._receiveRequest (/opt/vscodium-bin/resources/app/out/vs/workbench/api/node/extensionHostProcess.js:86:12121)
    at s._receiveOneMessage (/opt/vscodium-bin/resources/app/out/vs/workbench/api/node/extensionHostProcess.js:86:10843)
    at /opt/vscodium-bin/resources/app/out/vs/workbench/api/node/extensionHostProcess.js:86:8949
    at g.invoke (/opt/vscodium-bin/resources/app/out/vs/workbench/api/node/extensionHostProcess.js:58:145)
    at b.deliver (/opt/vscodium-bin/resources/app/out/vs/workbench/api/node/extensionHostProcess.js:58:2265)
    at v.fire (/opt/vscodium-bin/resources/app/out/vs/workbench/api/node/extensionHostProcess.js:58:1843)
    at a.fire (/opt/vscodium-bin/resources/app/out/vs/workbench/api/node/extensionHostProcess.js:66:19025)
    at /opt/vscodium-bin/resources/app/out/vs/workbench/api/node/extensionHostProcess.js:102:34863
    at g.invoke (/opt/vscodium-bin/resources/app/out/vs/workbench/api/node/extensionHostProcess.js:58:145)
    at b.deliver (/opt/vscodium-bin/resources/app/out/vs/workbench/api/node/extensionHostProcess.js:58:2265)
    at v.fire (/opt/vscodium-bin/resources/app/out/vs/workbench/api/node/extensionHostProcess.js:58:1843)
    at a.fire (/opt/vscodium-bin/resources/app/out/vs/workbench/api/node/extensionHostProcess.js:66:19025)
    at r._receiveMessage (/opt/vscodium-bin/resources/app/out/vs/workbench/api/node/extensionHostProcess.js:66:23606)
    at /opt/vscodium-bin/resources/app/out/vs/workbench/api/node/extensionHostProcess.js:66:21140
    at g.invoke (/opt/vscodium-bin/resources/app/out/vs/workbench/api/node/extensionHostProcess.js:58:145)
    at b.deliver (/opt/vscodium-bin/resources/app/out/vs/workbench/api/node/extensionHostProcess.js:58:2265)
    at v.fire (/opt/vscodium-bin/resources/app/out/vs/workbench/api/node/extensionHostProcess.js:58:1843)
    at v.acceptChunk (/opt/vscodium-bin/resources/app/out/vs/workbench/api/node/extensionHostProcess.js:66:15856)
    at /opt/vscodium-bin/resources/app/out/vs/workbench/api/node/extensionHostProcess.js:66:14986
    at Socket.R (/opt/vscodium-bin/resources/app/out/vs/workbench/api/node/extensionHostProcess.js:102:13798)
    at Socket.emit (node:events:390:28)
    at addChunk (node:internal/streams/readable:315:12)
    at readableAddChunk (node:internal/streams/readable:289:9)
    at Socket.Readable.push (node:internal/streams/readable:228:10)
    at Pipe.onStreamRead (node:internal/stream_base_commons:199:23)
[2022-07-13 12:45:43.394] [exthost] [info] ExtensionService#_doActivateExtension sleistner.vscode-fileutils, startup: false, activationEvent: 'onCommand:fileutils.newFile'
[2022-07-13 14:25:34.356] [exthost] [info] Extension host terminating: received terminate message from renderer
[2022-07-13 14:25:34.946] [exthost] [info] Extension host with pid 19649 exiting with code 0
