[2022-07-18T13:46:38.240Z] Log level: Info
[2022-07-18T13:46:38.243Z] [info] Validating found git in: git
[2022-07-18T13:46:39.465Z] [info] Using git 2.37.1 from git
[2022-07-18T13:46:39.816Z] > git rev-parse --show-toplevel [268ms]
[2022-07-18T13:46:39.816Z] fatal: not a git repository (or any parent up to mount point /run/media/upalb)
Stopping at filesystem boundary (GIT_DISCOVERY_ACROSS_FILESYSTEM not set).
[2022-07-18T13:46:40.096Z] > git rev-parse --show-toplevel [148ms]
[2022-07-18T13:46:40.096Z] fatal: not a git repository (or any parent up to mount point /run/media/upalb)
Stopping at filesystem boundary (GIT_DISCOVERY_ACROSS_FILESYSTEM not set).
[2022-07-18T13:46:40.247Z] > git rev-parse --show-toplevel [129ms]
[2022-07-18T13:46:40.248Z] fatal: not a git repository (or any parent up to mount point /run/media/upalb)
Stopping at filesystem boundary (GIT_DISCOVERY_ACROSS_FILESYSTEM not set).
[2022-07-18T13:50:14.801Z] > git rev-parse --show-toplevel [6ms]
[2022-07-18T13:50:14.801Z] fatal: not a git repository (or any parent up to mount point /run/media/upalb)
Stopping at filesystem boundary (GIT_DISCOVERY_ACROSS_FILESYSTEM not set).
[2022-07-18T13:52:03.866Z] > git rev-parse --show-toplevel [1411ms]
[2022-07-18T13:52:03.866Z] fatal: not a git repository (or any parent up to mount point /run/media/upalb)
Stopping at filesystem boundary (GIT_DISCOVERY_ACROSS_FILESYSTEM not set).
[2022-07-18T13:52:17.801Z] > git rev-parse --show-toplevel [38ms]
[2022-07-18T13:52:17.801Z] fatal: not a git repository (or any parent up to mount point /run/media/upalb)
Stopping at filesystem boundary (GIT_DISCOVERY_ACROSS_FILESYSTEM not set).
[2022-07-18T13:53:14.583Z] > git rev-parse --show-toplevel [3ms]
[2022-07-18T13:53:14.583Z] fatal: not a git repository (or any parent up to mount point /run/media/upalb)
Stopping at filesystem boundary (GIT_DISCOVERY_ACROSS_FILESYSTEM not set).
[2022-07-18T13:53:14.612Z] > git rev-parse --show-toplevel [4ms]
[2022-07-18T13:53:14.612Z] fatal: not a git repository (or any parent up to mount point /run/media/upalb)
Stopping at filesystem boundary (GIT_DISCOVERY_ACROSS_FILESYSTEM not set).
[2022-07-18T13:53:22.724Z] > git rev-parse --show-toplevel [17ms]
[2022-07-18T13:53:22.724Z] fatal: not a git repository (or any parent up to mount point /run/media/upalb)
Stopping at filesystem boundary (GIT_DISCOVERY_ACROSS_FILESYSTEM not set).
