["INFO" - 8:46:41 PM] Extension Name: esbenp.prettier-vscode.
["INFO" - 8:46:41 PM] Extension Version: 9.5.0.
["INFO" - 8:54:09 PM] Formatting file:///home/upalb/Code/Projects/manage-landing-page/index.html
["INFO" - 8:54:09 PM] Using ignore file (if present) at /home/upalb/Code/Projects/manage-landing-page/.prettierignore
["INFO" - 8:54:09 PM] File Info:
{
  "ignored": false,
  "inferredParser": "html"
}
["INFO" - 8:54:09 PM] No local configuration (i.e. .prettierrc or .editorconfig) detected, falling back to VS Code configuration
["INFO" - 8:54:09 PM] Prettier Options:
{
  "arrowParens": "always",
  "bracketSpacing": true,
  "endOfLine": "lf",
  "htmlWhitespaceSensitivity": "css",
  "insertPragma": false,
  "jsxBracketSameLine": false,
  "jsxSingleQuote": false,
  "printWidth": 80,
  "proseWrap": "preserve",
  "quoteProps": "as-needed",
  "requirePragma": false,
  "semi": true,
  "singleQuote": false,
  "tabWidth": 2,
  "trailingComma": "es5",
  "useTabs": false,
  "vueIndentScriptAndStyle": false,
  "filepath": "/home/upalb/Code/Projects/manage-landing-page/index.html",
  "parser": "html"
}
["INFO" - 8:54:09 PM] Formatting completed in 0.128ms.
["INFO" - 8:54:40 PM] Formatting file:///home/upalb/Code/Projects/manage-landing-page/index.html
["INFO" - 8:54:40 PM] Using ignore file (if present) at /home/upalb/Code/Projects/manage-landing-page/.prettierignore
["INFO" - 8:54:40 PM] File Info:
{
  "ignored": false,
  "inferredParser": "html"
}
["INFO" - 8:54:40 PM] No local configuration (i.e. .prettierrc or .editorconfig) detected, falling back to VS Code configuration
["INFO" - 8:54:40 PM] Prettier Options:
{
  "arrowParens": "always",
  "bracketSpacing": true,
  "endOfLine": "lf",
  "htmlWhitespaceSensitivity": "css",
  "insertPragma": false,
  "jsxBracketSameLine": false,
  "jsxSingleQuote": false,
  "printWidth": 80,
  "proseWrap": "preserve",
  "quoteProps": "as-needed",
  "requirePragma": false,
  "semi": true,
  "singleQuote": false,
  "tabWidth": 2,
  "trailingComma": "es5",
  "useTabs": false,
  "vueIndentScriptAndStyle": false,
  "filepath": "/home/upalb/Code/Projects/manage-landing-page/index.html",
  "parser": "html"
}
["INFO" - 8:54:40 PM] Formatting completed in 0.027ms.
["INFO" - 8:54:53 PM] Formatting file:///home/upalb/Code/Projects/manage-landing-page/index.html
["INFO" - 8:54:53 PM] Using ignore file (if present) at /home/upalb/Code/Projects/manage-landing-page/.prettierignore
["INFO" - 8:54:53 PM] File Info:
{
  "ignored": false,
  "inferredParser": "html"
}
["INFO" - 8:54:53 PM] No local configuration (i.e. .prettierrc or .editorconfig) detected, falling back to VS Code configuration
["INFO" - 8:54:53 PM] Prettier Options:
{
  "arrowParens": "always",
  "bracketSpacing": true,
  "endOfLine": "lf",
  "htmlWhitespaceSensitivity": "css",
  "insertPragma": false,
  "jsxBracketSameLine": false,
  "jsxSingleQuote": false,
  "printWidth": 80,
  "proseWrap": "preserve",
  "quoteProps": "as-needed",
  "requirePragma": false,
  "semi": true,
  "singleQuote": false,
  "tabWidth": 2,
  "trailingComma": "es5",
  "useTabs": false,
  "vueIndentScriptAndStyle": false,
  "filepath": "/home/upalb/Code/Projects/manage-landing-page/index.html",
  "parser": "html"
}
["INFO" - 8:54:53 PM] Formatting completed in 0.027ms.
["INFO" - 8:54:54 PM] Formatting file:///home/upalb/Code/Projects/manage-landing-page/index.html
["INFO" - 8:54:54 PM] Using ignore file (if present) at /home/upalb/Code/Projects/manage-landing-page/.prettierignore
["INFO" - 8:54:54 PM] File Info:
{
  "ignored": false,
  "inferredParser": "html"
}
["INFO" - 8:54:54 PM] No local configuration (i.e. .prettierrc or .editorconfig) detected, falling back to VS Code configuration
["INFO" - 8:54:54 PM] Prettier Options:
{
  "arrowParens": "always",
  "bracketSpacing": true,
  "endOfLine": "lf",
  "htmlWhitespaceSensitivity": "css",
  "insertPragma": false,
  "jsxBracketSameLine": false,
  "jsxSingleQuote": false,
  "printWidth": 80,
  "proseWrap": "preserve",
  "quoteProps": "as-needed",
  "requirePragma": false,
  "semi": true,
  "singleQuote": false,
  "tabWidth": 2,
  "trailingComma": "es5",
  "useTabs": false,
  "vueIndentScriptAndStyle": false,
  "filepath": "/home/upalb/Code/Projects/manage-landing-page/index.html",
  "parser": "html"
}
["INFO" - 8:54:54 PM] Formatting completed in 0.019ms.
["INFO" - 8:55:06 PM] Formatting file:///home/upalb/Code/Projects/manage-landing-page/index.html
["INFO" - 8:55:06 PM] Using ignore file (if present) at /home/upalb/Code/Projects/manage-landing-page/.prettierignore
["INFO" - 8:55:06 PM] File Info:
{
  "ignored": false,
  "inferredParser": "html"
}
["INFO" - 8:55:06 PM] No local configuration (i.e. .prettierrc or .editorconfig) detected, falling back to VS Code configuration
["INFO" - 8:55:06 PM] Prettier Options:
{
  "arrowParens": "always",
  "bracketSpacing": true,
  "endOfLine": "lf",
  "htmlWhitespaceSensitivity": "css",
  "insertPragma": false,
  "jsxBracketSameLine": false,
  "jsxSingleQuote": false,
  "printWidth": 80,
  "proseWrap": "preserve",
  "quoteProps": "as-needed",
  "requirePragma": false,
  "semi": true,
  "singleQuote": false,
  "tabWidth": 2,
  "trailingComma": "es5",
  "useTabs": false,
  "vueIndentScriptAndStyle": false,
  "filepath": "/home/upalb/Code/Projects/manage-landing-page/index.html",
  "parser": "html"
}
["INFO" - 8:55:06 PM] Formatting completed in 0.03ms.
["INFO" - 8:55:07 PM] Formatting file:///home/upalb/Code/Projects/manage-landing-page/index.html
["INFO" - 8:55:07 PM] Using ignore file (if present) at /home/upalb/Code/Projects/manage-landing-page/.prettierignore
["INFO" - 8:55:07 PM] File Info:
{
  "ignored": false,
  "inferredParser": "html"
}
["INFO" - 8:55:07 PM] No local configuration (i.e. .prettierrc or .editorconfig) detected, falling back to VS Code configuration
["INFO" - 8:55:07 PM] Prettier Options:
{
  "arrowParens": "always",
  "bracketSpacing": true,
  "endOfLine": "lf",
  "htmlWhitespaceSensitivity": "css",
  "insertPragma": false,
  "jsxBracketSameLine": false,
  "jsxSingleQuote": false,
  "printWidth": 80,
  "proseWrap": "preserve",
  "quoteProps": "as-needed",
  "requirePragma": false,
  "semi": true,
  "singleQuote": false,
  "tabWidth": 2,
  "trailingComma": "es5",
  "useTabs": false,
  "vueIndentScriptAndStyle": false,
  "filepath": "/home/upalb/Code/Projects/manage-landing-page/index.html",
  "parser": "html"
}
["INFO" - 8:55:07 PM] Formatting completed in 0.03ms.
["INFO" - 8:55:09 PM] Formatting file:///home/upalb/Code/Projects/manage-landing-page/index.html
["INFO" - 8:55:09 PM] Using ignore file (if present) at /home/upalb/Code/Projects/manage-landing-page/.prettierignore
["INFO" - 8:55:09 PM] File Info:
{
  "ignored": false,
  "inferredParser": "html"
}
["INFO" - 8:55:09 PM] No local configuration (i.e. .prettierrc or .editorconfig) detected, falling back to VS Code configuration
["INFO" - 8:55:09 PM] Prettier Options:
{
  "arrowParens": "always",
  "bracketSpacing": true,
  "endOfLine": "lf",
  "htmlWhitespaceSensitivity": "css",
  "insertPragma": false,
  "jsxBracketSameLine": false,
  "jsxSingleQuote": false,
  "printWidth": 80,
  "proseWrap": "preserve",
  "quoteProps": "as-needed",
  "requirePragma": false,
  "semi": true,
  "singleQuote": false,
  "tabWidth": 2,
  "trailingComma": "es5",
  "useTabs": false,
  "vueIndentScriptAndStyle": false,
  "filepath": "/home/upalb/Code/Projects/manage-landing-page/index.html",
  "parser": "html"
}
["INFO" - 8:55:09 PM] Formatting completed in 0.018ms.
["INFO" - 8:55:11 PM] Formatting file:///home/upalb/Code/Projects/manage-landing-page/index.html
["INFO" - 8:55:11 PM] Using ignore file (if present) at /home/upalb/Code/Projects/manage-landing-page/.prettierignore
["INFO" - 8:55:11 PM] File Info:
{
  "ignored": false,
  "inferredParser": "html"
}
["INFO" - 8:55:11 PM] No local configuration (i.e. .prettierrc or .editorconfig) detected, falling back to VS Code configuration
["INFO" - 8:55:11 PM] Prettier Options:
{
  "arrowParens": "always",
  "bracketSpacing": true,
  "endOfLine": "lf",
  "htmlWhitespaceSensitivity": "css",
  "insertPragma": false,
  "jsxBracketSameLine": false,
  "jsxSingleQuote": false,
  "printWidth": 80,
  "proseWrap": "preserve",
  "quoteProps": "as-needed",
  "requirePragma": false,
  "semi": true,
  "singleQuote": false,
  "tabWidth": 2,
  "trailingComma": "es5",
  "useTabs": false,
  "vueIndentScriptAndStyle": false,
  "filepath": "/home/upalb/Code/Projects/manage-landing-page/index.html",
  "parser": "html"
}
["INFO" - 8:55:11 PM] Formatting completed in 0.02ms.
["INFO" - 8:55:17 PM] Formatting file:///home/upalb/Code/Projects/manage-landing-page/index.html
["INFO" - 8:55:17 PM] Using ignore file (if present) at /home/upalb/Code/Projects/manage-landing-page/.prettierignore
["INFO" - 8:55:17 PM] File Info:
{
  "ignored": false,
  "inferredParser": "html"
}
["INFO" - 8:55:17 PM] No local configuration (i.e. .prettierrc or .editorconfig) detected, falling back to VS Code configuration
["INFO" - 8:55:17 PM] Prettier Options:
{
  "arrowParens": "always",
  "bracketSpacing": true,
  "endOfLine": "lf",
  "htmlWhitespaceSensitivity": "css",
  "insertPragma": false,
  "jsxBracketSameLine": false,
  "jsxSingleQuote": false,
  "printWidth": 80,
  "proseWrap": "preserve",
  "quoteProps": "as-needed",
  "requirePragma": false,
  "semi": true,
  "singleQuote": false,
  "tabWidth": 2,
  "trailingComma": "es5",
  "useTabs": false,
  "vueIndentScriptAndStyle": false,
  "filepath": "/home/upalb/Code/Projects/manage-landing-page/index.html",
  "parser": "html"
}
["INFO" - 8:55:17 PM] Formatting completed in 0.025ms.
["INFO" - 9:05:02 PM] Formatting file:///home/upalb/Code/Projects/manage-landing-page/index.html
["INFO" - 9:05:02 PM] Using ignore file (if present) at /home/upalb/Code/Projects/manage-landing-page/.prettierignore
["INFO" - 9:05:02 PM] File Info:
{
  "ignored": false,
  "inferredParser": "html"
}
["INFO" - 9:05:02 PM] No local configuration (i.e. .prettierrc or .editorconfig) detected, falling back to VS Code configuration
["INFO" - 9:05:02 PM] Prettier Options:
{
  "arrowParens": "always",
  "bracketSpacing": true,
  "endOfLine": "lf",
  "htmlWhitespaceSensitivity": "css",
  "insertPragma": false,
  "jsxBracketSameLine": false,
  "jsxSingleQuote": false,
  "printWidth": 80,
  "proseWrap": "preserve",
  "quoteProps": "as-needed",
  "requirePragma": false,
  "semi": true,
  "singleQuote": false,
  "tabWidth": 2,
  "trailingComma": "es5",
  "useTabs": false,
  "vueIndentScriptAndStyle": false,
  "filepath": "/home/upalb/Code/Projects/manage-landing-page/index.html",
  "parser": "html"
}
["INFO" - 9:05:02 PM] Formatting completed in 0.068ms.
["INFO" - 9:05:14 PM] Formatting file:///home/upalb/Code/Projects/manage-landing-page/index.html
["INFO" - 9:05:14 PM] Using ignore file (if present) at /home/upalb/Code/Projects/manage-landing-page/.prettierignore
["INFO" - 9:05:14 PM] File Info:
{
  "ignored": false,
  "inferredParser": "html"
}
["INFO" - 9:05:14 PM] No local configuration (i.e. .prettierrc or .editorconfig) detected, falling back to VS Code configuration
["INFO" - 9:05:14 PM] Prettier Options:
{
  "arrowParens": "always",
  "bracketSpacing": true,
  "endOfLine": "lf",
  "htmlWhitespaceSensitivity": "css",
  "insertPragma": false,
  "jsxBracketSameLine": false,
  "jsxSingleQuote": false,
  "printWidth": 80,
  "proseWrap": "preserve",
  "quoteProps": "as-needed",
  "requirePragma": false,
  "semi": true,
  "singleQuote": false,
  "tabWidth": 2,
  "trailingComma": "es5",
  "useTabs": false,
  "vueIndentScriptAndStyle": false,
  "filepath": "/home/upalb/Code/Projects/manage-landing-page/index.html",
  "parser": "html"
}
["INFO" - 9:05:14 PM] Formatting completed in 0.024ms.
["INFO" - 9:05:21 PM] Formatting file:///home/upalb/Code/Projects/manage-landing-page/index.html
["INFO" - 9:05:21 PM] Using ignore file (if present) at /home/upalb/Code/Projects/manage-landing-page/.prettierignore
["INFO" - 9:05:21 PM] File Info:
{
  "ignored": false,
  "inferredParser": "html"
}
["INFO" - 9:05:21 PM] No local configuration (i.e. .prettierrc or .editorconfig) detected, falling back to VS Code configuration
["INFO" - 9:05:21 PM] Prettier Options:
{
  "arrowParens": "always",
  "bracketSpacing": true,
  "endOfLine": "lf",
  "htmlWhitespaceSensitivity": "css",
  "insertPragma": false,
  "jsxBracketSameLine": false,
  "jsxSingleQuote": false,
  "printWidth": 80,
  "proseWrap": "preserve",
  "quoteProps": "as-needed",
  "requirePragma": false,
  "semi": true,
  "singleQuote": false,
  "tabWidth": 2,
  "trailingComma": "es5",
  "useTabs": false,
  "vueIndentScriptAndStyle": false,
  "filepath": "/home/upalb/Code/Projects/manage-landing-page/index.html",
  "parser": "html"
}
["INFO" - 9:05:21 PM] Formatting completed in 0.02ms.
["INFO" - 9:05:28 PM] Formatting file:///home/upalb/Code/Projects/manage-landing-page/index.html
["INFO" - 9:05:28 PM] Using ignore file (if present) at /home/upalb/Code/Projects/manage-landing-page/.prettierignore
["INFO" - 9:05:28 PM] File Info:
{
  "ignored": false,
  "inferredParser": "html"
}
["INFO" - 9:05:28 PM] No local configuration (i.e. .prettierrc or .editorconfig) detected, falling back to VS Code configuration
["INFO" - 9:05:28 PM] Prettier Options:
{
  "arrowParens": "always",
  "bracketSpacing": true,
  "endOfLine": "lf",
  "htmlWhitespaceSensitivity": "css",
  "insertPragma": false,
  "jsxBracketSameLine": false,
  "jsxSingleQuote": false,
  "printWidth": 80,
  "proseWrap": "preserve",
  "quoteProps": "as-needed",
  "requirePragma": false,
  "semi": true,
  "singleQuote": false,
  "tabWidth": 2,
  "trailingComma": "es5",
  "useTabs": false,
  "vueIndentScriptAndStyle": false,
  "filepath": "/home/upalb/Code/Projects/manage-landing-page/index.html",
  "parser": "html"
}
["ERROR" - 9:05:28 PM] Error formatting document.
["ERROR" - 9:05:28 PM] Unexpected character "EOF" (14:1)
  12 |   </body>
  13 | </html>
> 14 |
     | ^
SyntaxError: Unexpected character "EOF" (14:1)
  12 |   </body>
  13 | </html>
> 14 |
     | ^
    at t (/home/upalb/.vscode-oss/extensions/esbenp.prettier-vscode-9.5.0/node_modules/prettier/parser-html.js:4:2359)
    at MD (/home/upalb/.vscode-oss/extensions/esbenp.prettier-vscode-9.5.0/node_modules/prettier/parser-html.js:36:6425)
    at gs (/home/upalb/.vscode-oss/extensions/esbenp.prettier-vscode-9.5.0/node_modules/prettier/parser-html.js:36:7938)
    at Object.parse (/home/upalb/.vscode-oss/extensions/esbenp.prettier-vscode-9.5.0/node_modules/prettier/parser-html.js:36:8710)
    at Object.parse (/home/upalb/.vscode-oss/extensions/esbenp.prettier-vscode-9.5.0/node_modules/prettier/index.js:7330:23)
    at coreFormat (/home/upalb/.vscode-oss/extensions/esbenp.prettier-vscode-9.5.0/node_modules/prettier/index.js:8641:18)
    at formatWithCursor2 (/home/upalb/.vscode-oss/extensions/esbenp.prettier-vscode-9.5.0/node_modules/prettier/index.js:8833:18)
    at /home/upalb/.vscode-oss/extensions/esbenp.prettier-vscode-9.5.0/node_modules/prettier/index.js:39137:12
    at Object.Success [as format] (/home/upalb/.vscode-oss/extensions/esbenp.prettier-vscode-9.5.0/node_modules/prettier/index.js:39151:12)
    at t.default.format (/home/upalb/.vscode-oss/extensions/esbenp.prettier-vscode-9.5.0/src/PrettierEditService.ts:463:45)
    at t.PrettierEditProvider.provideEdits (/home/upalb/.vscode-oss/extensions/esbenp.prettier-vscode-9.5.0/src/PrettierEditService.ts:322:22)
    at M.provideDocumentFormattingEdits (/opt/vscodium-bin/resources/app/out/vs/workbench/api/node/extensionHostProcess.js:83:137239)
["INFO" - 9:05:29 PM] Formatting completed in 0.26ms.
["INFO" - 9:05:31 PM] Formatting file:///home/upalb/Code/Projects/manage-landing-page/index.html
["INFO" - 9:05:31 PM] Using ignore file (if present) at /home/upalb/Code/Projects/manage-landing-page/.prettierignore
["INFO" - 9:05:31 PM] File Info:
{
  "ignored": false,
  "inferredParser": "html"
}
["INFO" - 9:05:31 PM] No local configuration (i.e. .prettierrc or .editorconfig) detected, falling back to VS Code configuration
["INFO" - 9:05:31 PM] Prettier Options:
{
  "arrowParens": "always",
  "bracketSpacing": true,
  "endOfLine": "lf",
  "htmlWhitespaceSensitivity": "css",
  "insertPragma": false,
  "jsxBracketSameLine": false,
  "jsxSingleQuote": false,
  "printWidth": 80,
  "proseWrap": "preserve",
  "quoteProps": "as-needed",
  "requirePragma": false,
  "semi": true,
  "singleQuote": false,
  "tabWidth": 2,
  "trailingComma": "es5",
  "useTabs": false,
  "vueIndentScriptAndStyle": false,
  "filepath": "/home/upalb/Code/Projects/manage-landing-page/index.html",
  "parser": "html"
}
["INFO" - 9:05:31 PM] Formatting completed in 0.019ms.
["INFO" - 9:05:34 PM] Formatting file:///home/upalb/Code/Projects/manage-landing-page/index.html
["INFO" - 9:05:34 PM] Using ignore file (if present) at /home/upalb/Code/Projects/manage-landing-page/.prettierignore
["INFO" - 9:05:34 PM] File Info:
{
  "ignored": false,
  "inferredParser": "html"
}
["INFO" - 9:05:34 PM] No local configuration (i.e. .prettierrc or .editorconfig) detected, falling back to VS Code configuration
["INFO" - 9:05:34 PM] Prettier Options:
{
  "arrowParens": "always",
  "bracketSpacing": true,
  "endOfLine": "lf",
  "htmlWhitespaceSensitivity": "css",
  "insertPragma": false,
  "jsxBracketSameLine": false,
  "jsxSingleQuote": false,
  "printWidth": 80,
  "proseWrap": "preserve",
  "quoteProps": "as-needed",
  "requirePragma": false,
  "semi": true,
  "singleQuote": false,
  "tabWidth": 2,
  "trailingComma": "es5",
  "useTabs": false,
  "vueIndentScriptAndStyle": false,
  "filepath": "/home/upalb/Code/Projects/manage-landing-page/index.html",
  "parser": "html"
}
["INFO" - 9:05:34 PM] Formatting completed in 0.018ms.
["INFO" - 9:05:35 PM] Formatting file:///home/upalb/Code/Projects/manage-landing-page/index.html
["INFO" - 9:05:35 PM] Using ignore file (if present) at /home/upalb/Code/Projects/manage-landing-page/.prettierignore
["INFO" - 9:05:35 PM] File Info:
{
  "ignored": false,
  "inferredParser": "html"
}
["INFO" - 9:05:35 PM] No local configuration (i.e. .prettierrc or .editorconfig) detected, falling back to VS Code configuration
["INFO" - 9:05:35 PM] Prettier Options:
{
  "arrowParens": "always",
  "bracketSpacing": true,
  "endOfLine": "lf",
  "htmlWhitespaceSensitivity": "css",
  "insertPragma": false,
  "jsxBracketSameLine": false,
  "jsxSingleQuote": false,
  "printWidth": 80,
  "proseWrap": "preserve",
  "quoteProps": "as-needed",
  "requirePragma": false,
  "semi": true,
  "singleQuote": false,
  "tabWidth": 2,
  "trailingComma": "es5",
  "useTabs": false,
  "vueIndentScriptAndStyle": false,
  "filepath": "/home/upalb/Code/Projects/manage-landing-page/index.html",
  "parser": "html"
}
["INFO" - 9:05:35 PM] Formatting completed in 0.017ms.
["INFO" - 9:05:46 PM] Formatting file:///home/upalb/Code/Projects/manage-landing-page/index.html
["INFO" - 9:05:46 PM] Using ignore file (if present) at /home/upalb/Code/Projects/manage-landing-page/.prettierignore
["INFO" - 9:05:46 PM] File Info:
{
  "ignored": false,
  "inferredParser": "html"
}
["INFO" - 9:05:46 PM] No local configuration (i.e. .prettierrc or .editorconfig) detected, falling back to VS Code configuration
["INFO" - 9:05:46 PM] Prettier Options:
{
  "arrowParens": "always",
  "bracketSpacing": true,
  "endOfLine": "lf",
  "htmlWhitespaceSensitivity": "css",
  "insertPragma": false,
  "jsxBracketSameLine": false,
  "jsxSingleQuote": false,
  "printWidth": 80,
  "proseWrap": "preserve",
  "quoteProps": "as-needed",
  "requirePragma": false,
  "semi": true,
  "singleQuote": false,
  "tabWidth": 2,
  "trailingComma": "es5",
  "useTabs": false,
  "vueIndentScriptAndStyle": false,
  "filepath": "/home/upalb/Code/Projects/manage-landing-page/index.html",
  "parser": "html"
}
["INFO" - 9:05:46 PM] Formatting completed in 0.021ms.
["INFO" - 9:05:50 PM] Formatting file:///home/upalb/Code/Projects/manage-landing-page/index.html
["INFO" - 9:05:50 PM] Using ignore file (if present) at /home/upalb/Code/Projects/manage-landing-page/.prettierignore
["INFO" - 9:05:50 PM] File Info:
{
  "ignored": false,
  "inferredParser": "html"
}
["INFO" - 9:05:50 PM] No local configuration (i.e. .prettierrc or .editorconfig) detected, falling back to VS Code configuration
["INFO" - 9:05:50 PM] Prettier Options:
{
  "arrowParens": "always",
  "bracketSpacing": true,
  "endOfLine": "lf",
  "htmlWhitespaceSensitivity": "css",
  "insertPragma": false,
  "jsxBracketSameLine": false,
  "jsxSingleQuote": false,
  "printWidth": 80,
  "proseWrap": "preserve",
  "quoteProps": "as-needed",
  "requirePragma": false,
  "semi": true,
  "singleQuote": false,
  "tabWidth": 2,
  "trailingComma": "es5",
  "useTabs": false,
  "vueIndentScriptAndStyle": false,
  "filepath": "/home/upalb/Code/Projects/manage-landing-page/index.html",
  "parser": "html"
}
["INFO" - 9:05:50 PM] Formatting completed in 0.015ms.
["INFO" - 9:05:56 PM] Formatting file:///home/upalb/Code/Projects/manage-landing-page/index.html
["INFO" - 9:05:56 PM] Using ignore file (if present) at /home/upalb/Code/Projects/manage-landing-page/.prettierignore
["INFO" - 9:05:56 PM] File Info:
{
  "ignored": false,
  "inferredParser": "html"
}
["INFO" - 9:05:56 PM] No local configuration (i.e. .prettierrc or .editorconfig) detected, falling back to VS Code configuration
["INFO" - 9:05:56 PM] Prettier Options:
{
  "arrowParens": "always",
  "bracketSpacing": true,
  "endOfLine": "lf",
  "htmlWhitespaceSensitivity": "css",
  "insertPragma": false,
  "jsxBracketSameLine": false,
  "jsxSingleQuote": false,
  "printWidth": 80,
  "proseWrap": "preserve",
  "quoteProps": "as-needed",
  "requirePragma": false,
  "semi": true,
  "singleQuote": false,
  "tabWidth": 2,
  "trailingComma": "es5",
  "useTabs": false,
  "vueIndentScriptAndStyle": false,
  "filepath": "/home/upalb/Code/Projects/manage-landing-page/index.html",
  "parser": "html"
}
["INFO" - 9:05:56 PM] Formatting completed in 0.035ms.
["INFO" - 9:06:25 PM] Formatting file:///home/upalb/Code/Projects/manage-landing-page/index.html
["INFO" - 9:06:25 PM] Using ignore file (if present) at /home/upalb/Code/Projects/manage-landing-page/.prettierignore
["INFO" - 9:06:25 PM] File Info:
{
  "ignored": false,
  "inferredParser": "html"
}
["INFO" - 9:06:25 PM] No local configuration (i.e. .prettierrc or .editorconfig) detected, falling back to VS Code configuration
["INFO" - 9:06:25 PM] Prettier Options:
{
  "arrowParens": "always",
  "bracketSpacing": true,
  "endOfLine": "lf",
  "htmlWhitespaceSensitivity": "css",
  "insertPragma": false,
  "jsxBracketSameLine": false,
  "jsxSingleQuote": false,
  "printWidth": 80,
  "proseWrap": "preserve",
  "quoteProps": "as-needed",
  "requirePragma": false,
  "semi": true,
  "singleQuote": false,
  "tabWidth": 2,
  "trailingComma": "es5",
  "useTabs": false,
  "vueIndentScriptAndStyle": false,
  "filepath": "/home/upalb/Code/Projects/manage-landing-page/index.html",
  "parser": "html"
}
["INFO" - 9:06:25 PM] Formatting completed in 0.02ms.
["INFO" - 9:06:31 PM] Formatting file:///home/upalb/Code/Projects/manage-landing-page/index.html
["INFO" - 9:06:31 PM] Using ignore file (if present) at /home/upalb/Code/Projects/manage-landing-page/.prettierignore
["INFO" - 9:06:31 PM] File Info:
{
  "ignored": false,
  "inferredParser": "html"
}
["INFO" - 9:06:31 PM] No local configuration (i.e. .prettierrc or .editorconfig) detected, falling back to VS Code configuration
["INFO" - 9:06:31 PM] Prettier Options:
{
  "arrowParens": "always",
  "bracketSpacing": true,
  "endOfLine": "lf",
  "htmlWhitespaceSensitivity": "css",
  "insertPragma": false,
  "jsxBracketSameLine": false,
  "jsxSingleQuote": false,
  "printWidth": 80,
  "proseWrap": "preserve",
  "quoteProps": "as-needed",
  "requirePragma": false,
  "semi": true,
  "singleQuote": false,
  "tabWidth": 2,
  "trailingComma": "es5",
  "useTabs": false,
  "vueIndentScriptAndStyle": false,
  "filepath": "/home/upalb/Code/Projects/manage-landing-page/index.html",
  "parser": "html"
}
["INFO" - 9:06:31 PM] Formatting completed in 0.022ms.
["INFO" - 9:10:19 PM] Formatting file:///home/upalb/Code/Projects/manage-landing-page/index.html
["INFO" - 9:10:19 PM] Using ignore file (if present) at /home/upalb/Code/Projects/manage-landing-page/.prettierignore
["INFO" - 9:10:19 PM] File Info:
{
  "ignored": false,
  "inferredParser": "html"
}
["INFO" - 9:10:19 PM] No local configuration (i.e. .prettierrc or .editorconfig) detected, falling back to VS Code configuration
["INFO" - 9:10:19 PM] Prettier Options:
{
  "arrowParens": "always",
  "bracketSpacing": true,
  "endOfLine": "lf",
  "htmlWhitespaceSensitivity": "css",
  "insertPragma": false,
  "jsxBracketSameLine": false,
  "jsxSingleQuote": false,
  "printWidth": 80,
  "proseWrap": "preserve",
  "quoteProps": "as-needed",
  "requirePragma": false,
  "semi": true,
  "singleQuote": false,
  "tabWidth": 2,
  "trailingComma": "es5",
  "useTabs": false,
  "vueIndentScriptAndStyle": false,
  "filepath": "/home/upalb/Code/Projects/manage-landing-page/index.html",
  "parser": "html"
}
["INFO" - 9:10:19 PM] Formatting completed in 0.018ms.
["INFO" - 9:10:24 PM] Formatting file:///home/upalb/Code/Projects/manage-landing-page/index.html
["INFO" - 9:10:24 PM] Using ignore file (if present) at /home/upalb/Code/Projects/manage-landing-page/.prettierignore
["INFO" - 9:10:24 PM] File Info:
{
  "ignored": false,
  "inferredParser": "html"
}
["INFO" - 9:10:24 PM] No local configuration (i.e. .prettierrc or .editorconfig) detected, falling back to VS Code configuration
["INFO" - 9:10:24 PM] Prettier Options:
{
  "arrowParens": "always",
  "bracketSpacing": true,
  "endOfLine": "lf",
  "htmlWhitespaceSensitivity": "css",
  "insertPragma": false,
  "jsxBracketSameLine": false,
  "jsxSingleQuote": false,
  "printWidth": 80,
  "proseWrap": "preserve",
  "quoteProps": "as-needed",
  "requirePragma": false,
  "semi": true,
  "singleQuote": false,
  "tabWidth": 2,
  "trailingComma": "es5",
  "useTabs": false,
  "vueIndentScriptAndStyle": false,
  "filepath": "/home/upalb/Code/Projects/manage-landing-page/index.html",
  "parser": "html"
}
["INFO" - 9:10:24 PM] Formatting completed in 0.026ms.
["INFO" - 9:13:58 PM] Formatting file:///home/upalb/Code/Projects/manage-landing-page/index.html
["INFO" - 9:13:58 PM] Using ignore file (if present) at /home/upalb/Code/Projects/manage-landing-page/.prettierignore
["INFO" - 9:13:58 PM] File Info:
{
  "ignored": false,
  "inferredParser": "html"
}
["INFO" - 9:13:58 PM] No local configuration (i.e. .prettierrc or .editorconfig) detected, falling back to VS Code configuration
["INFO" - 9:13:58 PM] Prettier Options:
{
  "arrowParens": "always",
  "bracketSpacing": true,
  "endOfLine": "lf",
  "htmlWhitespaceSensitivity": "css",
  "insertPragma": false,
  "jsxBracketSameLine": false,
  "jsxSingleQuote": false,
  "printWidth": 80,
  "proseWrap": "preserve",
  "quoteProps": "as-needed",
  "requirePragma": false,
  "semi": true,
  "singleQuote": false,
  "tabWidth": 2,
  "trailingComma": "es5",
  "useTabs": false,
  "vueIndentScriptAndStyle": false,
  "filepath": "/home/upalb/Code/Projects/manage-landing-page/index.html",
  "parser": "html"
}
["INFO" - 9:13:58 PM] Formatting completed in 0.023ms.
["INFO" - 9:14:10 PM] Formatting file:///home/upalb/Code/Projects/manage-landing-page/index.html
["INFO" - 9:14:10 PM] Using ignore file (if present) at /home/upalb/Code/Projects/manage-landing-page/.prettierignore
["INFO" - 9:14:10 PM] File Info:
{
  "ignored": false,
  "inferredParser": "html"
}
["INFO" - 9:14:10 PM] No local configuration (i.e. .prettierrc or .editorconfig) detected, falling back to VS Code configuration
["INFO" - 9:14:10 PM] Prettier Options:
{
  "arrowParens": "always",
  "bracketSpacing": true,
  "endOfLine": "lf",
  "htmlWhitespaceSensitivity": "css",
  "insertPragma": false,
  "jsxBracketSameLine": false,
  "jsxSingleQuote": false,
  "printWidth": 80,
  "proseWrap": "preserve",
  "quoteProps": "as-needed",
  "requirePragma": false,
  "semi": true,
  "singleQuote": false,
  "tabWidth": 2,
  "trailingComma": "es5",
  "useTabs": false,
  "vueIndentScriptAndStyle": false,
  "filepath": "/home/upalb/Code/Projects/manage-landing-page/index.html",
  "parser": "html"
}
["INFO" - 9:14:10 PM] Formatting completed in 0.084ms.
["INFO" - 9:14:15 PM] Formatting file:///home/upalb/Code/Projects/manage-landing-page/index.html
["INFO" - 9:14:15 PM] Using ignore file (if present) at /home/upalb/Code/Projects/manage-landing-page/.prettierignore
["INFO" - 9:14:15 PM] File Info:
{
  "ignored": false,
  "inferredParser": "html"
}
["INFO" - 9:14:15 PM] No local configuration (i.e. .prettierrc or .editorconfig) detected, falling back to VS Code configuration
["INFO" - 9:14:15 PM] Prettier Options:
{
  "arrowParens": "always",
  "bracketSpacing": true,
  "endOfLine": "lf",
  "htmlWhitespaceSensitivity": "css",
  "insertPragma": false,
  "jsxBracketSameLine": false,
  "jsxSingleQuote": false,
  "printWidth": 80,
  "proseWrap": "preserve",
  "quoteProps": "as-needed",
  "requirePragma": false,
  "semi": true,
  "singleQuote": false,
  "tabWidth": 2,
  "trailingComma": "es5",
  "useTabs": false,
  "vueIndentScriptAndStyle": false,
  "filepath": "/home/upalb/Code/Projects/manage-landing-page/index.html",
  "parser": "html"
}
["INFO" - 9:14:15 PM] Formatting completed in 0.017ms.
["INFO" - 9:14:23 PM] Formatting file:///home/upalb/Code/Projects/manage-landing-page/index.html
["INFO" - 9:14:23 PM] Using ignore file (if present) at /home/upalb/Code/Projects/manage-landing-page/.prettierignore
["INFO" - 9:14:23 PM] File Info:
{
  "ignored": false,
  "inferredParser": "html"
}
["INFO" - 9:14:23 PM] No local configuration (i.e. .prettierrc or .editorconfig) detected, falling back to VS Code configuration
["INFO" - 9:14:23 PM] Prettier Options:
{
  "arrowParens": "always",
  "bracketSpacing": true,
  "endOfLine": "lf",
  "htmlWhitespaceSensitivity": "css",
  "insertPragma": false,
  "jsxBracketSameLine": false,
  "jsxSingleQuote": false,
  "printWidth": 80,
  "proseWrap": "preserve",
  "quoteProps": "as-needed",
  "requirePragma": false,
  "semi": true,
  "singleQuote": false,
  "tabWidth": 2,
  "trailingComma": "es5",
  "useTabs": false,
  "vueIndentScriptAndStyle": false,
  "filepath": "/home/upalb/Code/Projects/manage-landing-page/index.html",
  "parser": "html"
}
["INFO" - 9:14:23 PM] Formatting completed in 0.018ms.
["INFO" - 9:14:28 PM] Formatting file:///home/upalb/Code/Projects/manage-landing-page/index.html
["INFO" - 9:14:28 PM] Using ignore file (if present) at /home/upalb/Code/Projects/manage-landing-page/.prettierignore
["INFO" - 9:14:28 PM] File Info:
{
  "ignored": false,
  "inferredParser": "html"
}
["INFO" - 9:14:28 PM] No local configuration (i.e. .prettierrc or .editorconfig) detected, falling back to VS Code configuration
["INFO" - 9:14:28 PM] Prettier Options:
{
  "arrowParens": "always",
  "bracketSpacing": true,
  "endOfLine": "lf",
  "htmlWhitespaceSensitivity": "css",
  "insertPragma": false,
  "jsxBracketSameLine": false,
  "jsxSingleQuote": false,
  "printWidth": 80,
  "proseWrap": "preserve",
  "quoteProps": "as-needed",
  "requirePragma": false,
  "semi": true,
  "singleQuote": false,
  "tabWidth": 2,
  "trailingComma": "es5",
  "useTabs": false,
  "vueIndentScriptAndStyle": false,
  "filepath": "/home/upalb/Code/Projects/manage-landing-page/index.html",
  "parser": "html"
}
["INFO" - 9:14:28 PM] Formatting completed in 0.024ms.
["INFO" - 9:15:09 PM] Formatting file:///home/upalb/Code/Projects/manage-landing-page/index.html
["INFO" - 9:15:09 PM] Using ignore file (if present) at /home/upalb/Code/Projects/manage-landing-page/.prettierignore
["INFO" - 9:15:09 PM] File Info:
{
  "ignored": false,
  "inferredParser": "html"
}
["INFO" - 9:15:09 PM] No local configuration (i.e. .prettierrc or .editorconfig) detected, falling back to VS Code configuration
["INFO" - 9:15:09 PM] Prettier Options:
{
  "arrowParens": "always",
  "bracketSpacing": true,
  "endOfLine": "lf",
  "htmlWhitespaceSensitivity": "css",
  "insertPragma": false,
  "jsxBracketSameLine": false,
  "jsxSingleQuote": false,
  "printWidth": 80,
  "proseWrap": "preserve",
  "quoteProps": "as-needed",
  "requirePragma": false,
  "semi": true,
  "singleQuote": false,
  "tabWidth": 2,
  "trailingComma": "es5",
  "useTabs": false,
  "vueIndentScriptAndStyle": false,
  "filepath": "/home/upalb/Code/Projects/manage-landing-page/index.html",
  "parser": "html"
}
["INFO" - 9:15:09 PM] Formatting completed in 0.023ms.
["INFO" - 9:15:23 PM] Formatting file:///home/upalb/Code/Projects/manage-landing-page/index.html
["INFO" - 9:15:23 PM] Using ignore file (if present) at /home/upalb/Code/Projects/manage-landing-page/.prettierignore
["INFO" - 9:15:23 PM] File Info:
{
  "ignored": false,
  "inferredParser": "html"
}
["INFO" - 9:15:23 PM] No local configuration (i.e. .prettierrc or .editorconfig) detected, falling back to VS Code configuration
["INFO" - 9:15:23 PM] Prettier Options:
{
  "arrowParens": "always",
  "bracketSpacing": true,
  "endOfLine": "lf",
  "htmlWhitespaceSensitivity": "css",
  "insertPragma": false,
  "jsxBracketSameLine": false,
  "jsxSingleQuote": false,
  "printWidth": 80,
  "proseWrap": "preserve",
  "quoteProps": "as-needed",
  "requirePragma": false,
  "semi": true,
  "singleQuote": false,
  "tabWidth": 2,
  "trailingComma": "es5",
  "useTabs": false,
  "vueIndentScriptAndStyle": false,
  "filepath": "/home/upalb/Code/Projects/manage-landing-page/index.html",
  "parser": "html"
}
["INFO" - 9:15:23 PM] Formatting completed in 0.019ms.
["INFO" - 9:15:30 PM] Formatting file:///home/upalb/Code/Projects/manage-landing-page/index.html
["INFO" - 9:15:30 PM] Using ignore file (if present) at /home/upalb/Code/Projects/manage-landing-page/.prettierignore
["INFO" - 9:15:30 PM] File Info:
{
  "ignored": false,
  "inferredParser": "html"
}
["INFO" - 9:15:30 PM] No local configuration (i.e. .prettierrc or .editorconfig) detected, falling back to VS Code configuration
["INFO" - 9:15:30 PM] Prettier Options:
{
  "arrowParens": "always",
  "bracketSpacing": true,
  "endOfLine": "lf",
  "htmlWhitespaceSensitivity": "css",
  "insertPragma": false,
  "jsxBracketSameLine": false,
  "jsxSingleQuote": false,
  "printWidth": 80,
  "proseWrap": "preserve",
  "quoteProps": "as-needed",
  "requirePragma": false,
  "semi": true,
  "singleQuote": false,
  "tabWidth": 2,
  "trailingComma": "es5",
  "useTabs": false,
  "vueIndentScriptAndStyle": false,
  "filepath": "/home/upalb/Code/Projects/manage-landing-page/index.html",
  "parser": "html"
}
["INFO" - 9:15:30 PM] Formatting completed in 0.07ms.
["INFO" - 9:15:45 PM] Formatting file:///home/upalb/Code/Projects/manage-landing-page/index.html
["INFO" - 9:15:45 PM] Using ignore file (if present) at /home/upalb/Code/Projects/manage-landing-page/.prettierignore
["INFO" - 9:15:45 PM] File Info:
{
  "ignored": false,
  "inferredParser": "html"
}
["INFO" - 9:15:45 PM] No local configuration (i.e. .prettierrc or .editorconfig) detected, falling back to VS Code configuration
["INFO" - 9:15:45 PM] Prettier Options:
{
  "arrowParens": "always",
  "bracketSpacing": true,
  "endOfLine": "lf",
  "htmlWhitespaceSensitivity": "css",
  "insertPragma": false,
  "jsxBracketSameLine": false,
  "jsxSingleQuote": false,
  "printWidth": 80,
  "proseWrap": "preserve",
  "quoteProps": "as-needed",
  "requirePragma": false,
  "semi": true,
  "singleQuote": false,
  "tabWidth": 2,
  "trailingComma": "es5",
  "useTabs": false,
  "vueIndentScriptAndStyle": false,
  "filepath": "/home/upalb/Code/Projects/manage-landing-page/index.html",
  "parser": "html"
}
["INFO" - 9:15:45 PM] Formatting completed in 0.026ms.
["INFO" - 9:16:24 PM] Formatting file:///home/upalb/Code/Projects/manage-landing-page/index.html
["INFO" - 9:16:24 PM] Using ignore file (if present) at /home/upalb/Code/Projects/manage-landing-page/.prettierignore
["INFO" - 9:16:24 PM] File Info:
{
  "ignored": false,
  "inferredParser": "html"
}
["INFO" - 9:16:24 PM] No local configuration (i.e. .prettierrc or .editorconfig) detected, falling back to VS Code configuration
["INFO" - 9:16:24 PM] Prettier Options:
{
  "arrowParens": "always",
  "bracketSpacing": true,
  "endOfLine": "lf",
  "htmlWhitespaceSensitivity": "css",
  "insertPragma": false,
  "jsxBracketSameLine": false,
  "jsxSingleQuote": false,
  "printWidth": 80,
  "proseWrap": "preserve",
  "quoteProps": "as-needed",
  "requirePragma": false,
  "semi": true,
  "singleQuote": false,
  "tabWidth": 2,
  "trailingComma": "es5",
  "useTabs": false,
  "vueIndentScriptAndStyle": false,
  "filepath": "/home/upalb/Code/Projects/manage-landing-page/index.html",
  "parser": "html"
}
["INFO" - 9:16:24 PM] Formatting completed in 0.03ms.
["INFO" - 9:22:07 PM] Formatting file:///home/upalb/Code/Projects/manage-landing-page/index.html
["INFO" - 9:22:07 PM] Using ignore file (if present) at /home/upalb/Code/Projects/manage-landing-page/.prettierignore
["INFO" - 9:22:07 PM] File Info:
{
  "ignored": false,
  "inferredParser": "html"
}
["INFO" - 9:22:07 PM] No local configuration (i.e. .prettierrc or .editorconfig) detected, falling back to VS Code configuration
["INFO" - 9:22:07 PM] Prettier Options:
{
  "arrowParens": "always",
  "bracketSpacing": true,
  "endOfLine": "lf",
  "htmlWhitespaceSensitivity": "css",
  "insertPragma": false,
  "jsxBracketSameLine": false,
  "jsxSingleQuote": false,
  "printWidth": 80,
  "proseWrap": "preserve",
  "quoteProps": "as-needed",
  "requirePragma": false,
  "semi": true,
  "singleQuote": false,
  "tabWidth": 2,
  "trailingComma": "es5",
  "useTabs": false,
  "vueIndentScriptAndStyle": false,
  "filepath": "/home/upalb/Code/Projects/manage-landing-page/index.html",
  "parser": "html"
}
["INFO" - 9:22:07 PM] Formatting completed in 0.023ms.
["INFO" - 9:23:01 PM] Formatting file:///home/upalb/Code/Projects/manage-landing-page/index.html
["INFO" - 9:23:01 PM] Using ignore file (if present) at /home/upalb/Code/Projects/manage-landing-page/.prettierignore
["INFO" - 9:23:01 PM] File Info:
{
  "ignored": false,
  "inferredParser": "html"
}
["INFO" - 9:23:01 PM] No local configuration (i.e. .prettierrc or .editorconfig) detected, falling back to VS Code configuration
["INFO" - 9:23:01 PM] Prettier Options:
{
  "arrowParens": "always",
  "bracketSpacing": true,
  "endOfLine": "lf",
  "htmlWhitespaceSensitivity": "css",
  "insertPragma": false,
  "jsxBracketSameLine": false,
  "jsxSingleQuote": false,
  "printWidth": 80,
  "proseWrap": "preserve",
  "quoteProps": "as-needed",
  "requirePragma": false,
  "semi": true,
  "singleQuote": false,
  "tabWidth": 2,
  "trailingComma": "es5",
  "useTabs": false,
  "vueIndentScriptAndStyle": false,
  "filepath": "/home/upalb/Code/Projects/manage-landing-page/index.html",
  "parser": "html"
}
["INFO" - 9:23:01 PM] Formatting completed in 0.031ms.
["INFO" - 9:24:04 PM] Formatting file:///home/upalb/Code/Projects/manage-landing-page/index.html
["INFO" - 9:24:04 PM] Using ignore file (if present) at /home/upalb/Code/Projects/manage-landing-page/.prettierignore
["INFO" - 9:24:04 PM] File Info:
{
  "ignored": false,
  "inferredParser": "html"
}
["INFO" - 9:24:04 PM] No local configuration (i.e. .prettierrc or .editorconfig) detected, falling back to VS Code configuration
["INFO" - 9:24:04 PM] Prettier Options:
{
  "arrowParens": "always",
  "bracketSpacing": true,
  "endOfLine": "lf",
  "htmlWhitespaceSensitivity": "css",
  "insertPragma": false,
  "jsxBracketSameLine": false,
  "jsxSingleQuote": false,
  "printWidth": 80,
  "proseWrap": "preserve",
  "quoteProps": "as-needed",
  "requirePragma": false,
  "semi": true,
  "singleQuote": false,
  "tabWidth": 2,
  "trailingComma": "es5",
  "useTabs": false,
  "vueIndentScriptAndStyle": false,
  "filepath": "/home/upalb/Code/Projects/manage-landing-page/index.html",
  "parser": "html"
}
["INFO" - 9:24:04 PM] Formatting completed in 0.029ms.
["INFO" - 9:24:15 PM] Formatting file:///home/upalb/Code/Projects/manage-landing-page/index.html
["INFO" - 9:24:15 PM] Using ignore file (if present) at /home/upalb/Code/Projects/manage-landing-page/.prettierignore
["INFO" - 9:24:15 PM] File Info:
{
  "ignored": false,
  "inferredParser": "html"
}
["INFO" - 9:24:15 PM] No local configuration (i.e. .prettierrc or .editorconfig) detected, falling back to VS Code configuration
["INFO" - 9:24:15 PM] Prettier Options:
{
  "arrowParens": "always",
  "bracketSpacing": true,
  "endOfLine": "lf",
  "htmlWhitespaceSensitivity": "css",
  "insertPragma": false,
  "jsxBracketSameLine": false,
  "jsxSingleQuote": false,
  "printWidth": 80,
  "proseWrap": "preserve",
  "quoteProps": "as-needed",
  "requirePragma": false,
  "semi": true,
  "singleQuote": false,
  "tabWidth": 2,
  "trailingComma": "es5",
  "useTabs": false,
  "vueIndentScriptAndStyle": false,
  "filepath": "/home/upalb/Code/Projects/manage-landing-page/index.html",
  "parser": "html"
}
["INFO" - 9:24:15 PM] Formatting completed in 0.026ms.
["INFO" - 9:24:23 PM] Formatting file:///home/upalb/Code/Projects/manage-landing-page/index.html
["INFO" - 9:24:24 PM] Using ignore file (if present) at /home/upalb/Code/Projects/manage-landing-page/.prettierignore
["INFO" - 9:24:24 PM] File Info:
{
  "ignored": false,
  "inferredParser": "html"
}
["INFO" - 9:24:24 PM] No local configuration (i.e. .prettierrc or .editorconfig) detected, falling back to VS Code configuration
["INFO" - 9:24:24 PM] Prettier Options:
{
  "arrowParens": "always",
  "bracketSpacing": true,
  "endOfLine": "lf",
  "htmlWhitespaceSensitivity": "css",
  "insertPragma": false,
  "jsxBracketSameLine": false,
  "jsxSingleQuote": false,
  "printWidth": 80,
  "proseWrap": "preserve",
  "quoteProps": "as-needed",
  "requirePragma": false,
  "semi": true,
  "singleQuote": false,
  "tabWidth": 2,
  "trailingComma": "es5",
  "useTabs": false,
  "vueIndentScriptAndStyle": false,
  "filepath": "/home/upalb/Code/Projects/manage-landing-page/index.html",
  "parser": "html"
}
["INFO" - 9:24:24 PM] Formatting completed in 0.027ms.
["INFO" - 9:24:29 PM] Formatting file:///home/upalb/Code/Projects/manage-landing-page/index.html
["INFO" - 9:24:29 PM] Using ignore file (if present) at /home/upalb/Code/Projects/manage-landing-page/.prettierignore
["INFO" - 9:24:29 PM] File Info:
{
  "ignored": false,
  "inferredParser": "html"
}
["INFO" - 9:24:29 PM] No local configuration (i.e. .prettierrc or .editorconfig) detected, falling back to VS Code configuration
["INFO" - 9:24:29 PM] Prettier Options:
{
  "arrowParens": "always",
  "bracketSpacing": true,
  "endOfLine": "lf",
  "htmlWhitespaceSensitivity": "css",
  "insertPragma": false,
  "jsxBracketSameLine": false,
  "jsxSingleQuote": false,
  "printWidth": 80,
  "proseWrap": "preserve",
  "quoteProps": "as-needed",
  "requirePragma": false,
  "semi": true,
  "singleQuote": false,
  "tabWidth": 2,
  "trailingComma": "es5",
  "useTabs": false,
  "vueIndentScriptAndStyle": false,
  "filepath": "/home/upalb/Code/Projects/manage-landing-page/index.html",
  "parser": "html"
}
["INFO" - 9:24:29 PM] Formatting completed in 0.021ms.
["INFO" - 9:24:41 PM] Formatting file:///home/upalb/Code/Projects/manage-landing-page/index.html
["INFO" - 9:24:41 PM] Using ignore file (if present) at /home/upalb/Code/Projects/manage-landing-page/.prettierignore
["INFO" - 9:24:41 PM] File Info:
{
  "ignored": false,
  "inferredParser": "html"
}
["INFO" - 9:24:41 PM] No local configuration (i.e. .prettierrc or .editorconfig) detected, falling back to VS Code configuration
["INFO" - 9:24:41 PM] Prettier Options:
{
  "arrowParens": "always",
  "bracketSpacing": true,
  "endOfLine": "lf",
  "htmlWhitespaceSensitivity": "css",
  "insertPragma": false,
  "jsxBracketSameLine": false,
  "jsxSingleQuote": false,
  "printWidth": 80,
  "proseWrap": "preserve",
  "quoteProps": "as-needed",
  "requirePragma": false,
  "semi": true,
  "singleQuote": false,
  "tabWidth": 2,
  "trailingComma": "es5",
  "useTabs": false,
  "vueIndentScriptAndStyle": false,
  "filepath": "/home/upalb/Code/Projects/manage-landing-page/index.html",
  "parser": "html"
}
["INFO" - 9:24:41 PM] Formatting completed in 0.032ms.
["INFO" - 9:24:51 PM] Formatting file:///home/upalb/Code/Projects/manage-landing-page/index.html
["INFO" - 9:24:51 PM] Using ignore file (if present) at /home/upalb/Code/Projects/manage-landing-page/.prettierignore
["INFO" - 9:24:51 PM] File Info:
{
  "ignored": false,
  "inferredParser": "html"
}
["INFO" - 9:24:51 PM] No local configuration (i.e. .prettierrc or .editorconfig) detected, falling back to VS Code configuration
["INFO" - 9:24:51 PM] Prettier Options:
{
  "arrowParens": "always",
  "bracketSpacing": true,
  "endOfLine": "lf",
  "htmlWhitespaceSensitivity": "css",
  "insertPragma": false,
  "jsxBracketSameLine": false,
  "jsxSingleQuote": false,
  "printWidth": 80,
  "proseWrap": "preserve",
  "quoteProps": "as-needed",
  "requirePragma": false,
  "semi": true,
  "singleQuote": false,
  "tabWidth": 2,
  "trailingComma": "es5",
  "useTabs": false,
  "vueIndentScriptAndStyle": false,
  "filepath": "/home/upalb/Code/Projects/manage-landing-page/index.html",
  "parser": "html"
}
["INFO" - 9:24:51 PM] Formatting completed in 0.019ms.
["INFO" - 9:25:07 PM] Formatting file:///home/upalb/Code/Projects/manage-landing-page/index.html
["INFO" - 9:25:07 PM] Using ignore file (if present) at /home/upalb/Code/Projects/manage-landing-page/.prettierignore
["INFO" - 9:25:07 PM] File Info:
{
  "ignored": false,
  "inferredParser": "html"
}
["INFO" - 9:25:07 PM] No local configuration (i.e. .prettierrc or .editorconfig) detected, falling back to VS Code configuration
["INFO" - 9:25:07 PM] Prettier Options:
{
  "arrowParens": "always",
  "bracketSpacing": true,
  "endOfLine": "lf",
  "htmlWhitespaceSensitivity": "css",
  "insertPragma": false,
  "jsxBracketSameLine": false,
  "jsxSingleQuote": false,
  "printWidth": 80,
  "proseWrap": "preserve",
  "quoteProps": "as-needed",
  "requirePragma": false,
  "semi": true,
  "singleQuote": false,
  "tabWidth": 2,
  "trailingComma": "es5",
  "useTabs": false,
  "vueIndentScriptAndStyle": false,
  "filepath": "/home/upalb/Code/Projects/manage-landing-page/index.html",
  "parser": "html"
}
["INFO" - 9:25:07 PM] Formatting completed in 0.029ms.
["INFO" - 9:25:12 PM] Formatting file:///home/upalb/Code/Projects/manage-landing-page/index.html
["INFO" - 9:25:12 PM] Using ignore file (if present) at /home/upalb/Code/Projects/manage-landing-page/.prettierignore
["INFO" - 9:25:12 PM] File Info:
{
  "ignored": false,
  "inferredParser": "html"
}
["INFO" - 9:25:12 PM] No local configuration (i.e. .prettierrc or .editorconfig) detected, falling back to VS Code configuration
["INFO" - 9:25:12 PM] Prettier Options:
{
  "arrowParens": "always",
  "bracketSpacing": true,
  "endOfLine": "lf",
  "htmlWhitespaceSensitivity": "css",
  "insertPragma": false,
  "jsxBracketSameLine": false,
  "jsxSingleQuote": false,
  "printWidth": 80,
  "proseWrap": "preserve",
  "quoteProps": "as-needed",
  "requirePragma": false,
  "semi": true,
  "singleQuote": false,
  "tabWidth": 2,
  "trailingComma": "es5",
  "useTabs": false,
  "vueIndentScriptAndStyle": false,
  "filepath": "/home/upalb/Code/Projects/manage-landing-page/index.html",
  "parser": "html"
}
["INFO" - 9:25:12 PM] Formatting completed in 0.02ms.
["INFO" - 9:25:25 PM] Formatting file:///home/upalb/Code/Projects/manage-landing-page/index.html
["INFO" - 9:25:25 PM] Using ignore file (if present) at /home/upalb/Code/Projects/manage-landing-page/.prettierignore
["INFO" - 9:25:25 PM] File Info:
{
  "ignored": false,
  "inferredParser": "html"
}
["INFO" - 9:25:25 PM] No local configuration (i.e. .prettierrc or .editorconfig) detected, falling back to VS Code configuration
["INFO" - 9:25:25 PM] Prettier Options:
{
  "arrowParens": "always",
  "bracketSpacing": true,
  "endOfLine": "lf",
  "htmlWhitespaceSensitivity": "css",
  "insertPragma": false,
  "jsxBracketSameLine": false,
  "jsxSingleQuote": false,
  "printWidth": 80,
  "proseWrap": "preserve",
  "quoteProps": "as-needed",
  "requirePragma": false,
  "semi": true,
  "singleQuote": false,
  "tabWidth": 2,
  "trailingComma": "es5",
  "useTabs": false,
  "vueIndentScriptAndStyle": false,
  "filepath": "/home/upalb/Code/Projects/manage-landing-page/index.html",
  "parser": "html"
}
["INFO" - 9:25:25 PM] Formatting completed in 0.027ms.
["INFO" - 9:25:33 PM] Formatting file:///home/upalb/Code/Projects/manage-landing-page/index.html
["INFO" - 9:25:33 PM] Using ignore file (if present) at /home/upalb/Code/Projects/manage-landing-page/.prettierignore
["INFO" - 9:25:33 PM] File Info:
{
  "ignored": false,
  "inferredParser": "html"
}
["INFO" - 9:25:33 PM] No local configuration (i.e. .prettierrc or .editorconfig) detected, falling back to VS Code configuration
["INFO" - 9:25:33 PM] Prettier Options:
{
  "arrowParens": "always",
  "bracketSpacing": true,
  "endOfLine": "lf",
  "htmlWhitespaceSensitivity": "css",
  "insertPragma": false,
  "jsxBracketSameLine": false,
  "jsxSingleQuote": false,
  "printWidth": 80,
  "proseWrap": "preserve",
  "quoteProps": "as-needed",
  "requirePragma": false,
  "semi": true,
  "singleQuote": false,
  "tabWidth": 2,
  "trailingComma": "es5",
  "useTabs": false,
  "vueIndentScriptAndStyle": false,
  "filepath": "/home/upalb/Code/Projects/manage-landing-page/index.html",
  "parser": "html"
}
["INFO" - 9:25:33 PM] Formatting completed in 0.026ms.
["INFO" - 9:26:57 PM] Formatting file:///home/upalb/Code/Projects/manage-landing-page/index.html
["INFO" - 9:26:57 PM] Using ignore file (if present) at /home/upalb/Code/Projects/manage-landing-page/.prettierignore
["INFO" - 9:26:57 PM] File Info:
{
  "ignored": false,
  "inferredParser": "html"
}
["INFO" - 9:26:57 PM] No local configuration (i.e. .prettierrc or .editorconfig) detected, falling back to VS Code configuration
["INFO" - 9:26:57 PM] Prettier Options:
{
  "arrowParens": "always",
  "bracketSpacing": true,
  "endOfLine": "lf",
  "htmlWhitespaceSensitivity": "css",
  "insertPragma": false,
  "jsxBracketSameLine": false,
  "jsxSingleQuote": false,
  "printWidth": 80,
  "proseWrap": "preserve",
  "quoteProps": "as-needed",
  "requirePragma": false,
  "semi": true,
  "singleQuote": false,
  "tabWidth": 2,
  "trailingComma": "es5",
  "useTabs": false,
  "vueIndentScriptAndStyle": false,
  "filepath": "/home/upalb/Code/Projects/manage-landing-page/index.html",
  "parser": "html"
}
["INFO" - 9:26:57 PM] Formatting completed in 0.021ms.
["INFO" - 9:27:21 PM] Formatting file:///home/upalb/Code/Projects/manage-landing-page/index.html
["INFO" - 9:27:21 PM] Using ignore file (if present) at /home/upalb/Code/Projects/manage-landing-page/.prettierignore
["INFO" - 9:27:21 PM] File Info:
{
  "ignored": false,
  "inferredParser": "html"
}
["INFO" - 9:27:21 PM] No local configuration (i.e. .prettierrc or .editorconfig) detected, falling back to VS Code configuration
["INFO" - 9:27:21 PM] Prettier Options:
{
  "arrowParens": "always",
  "bracketSpacing": true,
  "endOfLine": "lf",
  "htmlWhitespaceSensitivity": "css",
  "insertPragma": false,
  "jsxBracketSameLine": false,
  "jsxSingleQuote": false,
  "printWidth": 80,
  "proseWrap": "preserve",
  "quoteProps": "as-needed",
  "requirePragma": false,
  "semi": true,
  "singleQuote": false,
  "tabWidth": 2,
  "trailingComma": "es5",
  "useTabs": false,
  "vueIndentScriptAndStyle": false,
  "filepath": "/home/upalb/Code/Projects/manage-landing-page/index.html",
  "parser": "html"
}
["INFO" - 9:27:21 PM] Formatting completed in 0.027ms.
["INFO" - 9:27:29 PM] Formatting file:///home/upalb/Code/Projects/manage-landing-page/index.html
["INFO" - 9:27:29 PM] Using ignore file (if present) at /home/upalb/Code/Projects/manage-landing-page/.prettierignore
["INFO" - 9:27:29 PM] File Info:
{
  "ignored": false,
  "inferredParser": "html"
}
["INFO" - 9:27:29 PM] No local configuration (i.e. .prettierrc or .editorconfig) detected, falling back to VS Code configuration
["INFO" - 9:27:29 PM] Prettier Options:
{
  "arrowParens": "always",
  "bracketSpacing": true,
  "endOfLine": "lf",
  "htmlWhitespaceSensitivity": "css",
  "insertPragma": false,
  "jsxBracketSameLine": false,
  "jsxSingleQuote": false,
  "printWidth": 80,
  "proseWrap": "preserve",
  "quoteProps": "as-needed",
  "requirePragma": false,
  "semi": true,
  "singleQuote": false,
  "tabWidth": 2,
  "trailingComma": "es5",
  "useTabs": false,
  "vueIndentScriptAndStyle": false,
  "filepath": "/home/upalb/Code/Projects/manage-landing-page/index.html",
  "parser": "html"
}
["INFO" - 9:27:29 PM] Formatting completed in 0.037ms.
["INFO" - 9:27:38 PM] Formatting file:///home/upalb/Code/Projects/manage-landing-page/index.html
["INFO" - 9:27:38 PM] Using ignore file (if present) at /home/upalb/Code/Projects/manage-landing-page/.prettierignore
["INFO" - 9:27:38 PM] File Info:
{
  "ignored": false,
  "inferredParser": "html"
}
["INFO" - 9:27:38 PM] No local configuration (i.e. .prettierrc or .editorconfig) detected, falling back to VS Code configuration
["INFO" - 9:27:38 PM] Prettier Options:
{
  "arrowParens": "always",
  "bracketSpacing": true,
  "endOfLine": "lf",
  "htmlWhitespaceSensitivity": "css",
  "insertPragma": false,
  "jsxBracketSameLine": false,
  "jsxSingleQuote": false,
  "printWidth": 80,
  "proseWrap": "preserve",
  "quoteProps": "as-needed",
  "requirePragma": false,
  "semi": true,
  "singleQuote": false,
  "tabWidth": 2,
  "trailingComma": "es5",
  "useTabs": false,
  "vueIndentScriptAndStyle": false,
  "filepath": "/home/upalb/Code/Projects/manage-landing-page/index.html",
  "parser": "html"
}
["INFO" - 9:27:38 PM] Formatting completed in 0.03ms.
["INFO" - 9:27:47 PM] Formatting file:///home/upalb/Code/Projects/manage-landing-page/index.html
["INFO" - 9:27:47 PM] Using ignore file (if present) at /home/upalb/Code/Projects/manage-landing-page/.prettierignore
["INFO" - 9:27:47 PM] File Info:
{
  "ignored": false,
  "inferredParser": "html"
}
["INFO" - 9:27:47 PM] No local configuration (i.e. .prettierrc or .editorconfig) detected, falling back to VS Code configuration
["INFO" - 9:27:47 PM] Prettier Options:
{
  "arrowParens": "always",
  "bracketSpacing": true,
  "endOfLine": "lf",
  "htmlWhitespaceSensitivity": "css",
  "insertPragma": false,
  "jsxBracketSameLine": false,
  "jsxSingleQuote": false,
  "printWidth": 80,
  "proseWrap": "preserve",
  "quoteProps": "as-needed",
  "requirePragma": false,
  "semi": true,
  "singleQuote": false,
  "tabWidth": 2,
  "trailingComma": "es5",
  "useTabs": false,
  "vueIndentScriptAndStyle": false,
  "filepath": "/home/upalb/Code/Projects/manage-landing-page/index.html",
  "parser": "html"
}
["INFO" - 9:27:47 PM] Formatting completed in 0.038ms.
["INFO" - 9:33:09 PM] Formatting file:///home/upalb/Code/Projects/manage-landing-page/index.html
["INFO" - 9:33:09 PM] Using ignore file (if present) at /home/upalb/Code/Projects/manage-landing-page/.prettierignore
["INFO" - 9:33:09 PM] File Info:
{
  "ignored": false,
  "inferredParser": "html"
}
["INFO" - 9:33:09 PM] No local configuration (i.e. .prettierrc or .editorconfig) detected, falling back to VS Code configuration
["INFO" - 9:33:09 PM] Prettier Options:
{
  "arrowParens": "always",
  "bracketSpacing": true,
  "endOfLine": "lf",
  "htmlWhitespaceSensitivity": "css",
  "insertPragma": false,
  "jsxBracketSameLine": false,
  "jsxSingleQuote": false,
  "printWidth": 80,
  "proseWrap": "preserve",
  "quoteProps": "as-needed",
  "requirePragma": false,
  "semi": true,
  "singleQuote": false,
  "tabWidth": 2,
  "trailingComma": "es5",
  "useTabs": false,
  "vueIndentScriptAndStyle": false,
  "filepath": "/home/upalb/Code/Projects/manage-landing-page/index.html",
  "parser": "html"
}
["INFO" - 9:33:09 PM] Formatting completed in 0.029ms.
["INFO" - 9:35:10 PM] Formatting file:///home/upalb/Code/Projects/manage-landing-page/index.html
["INFO" - 9:35:10 PM] Using ignore file (if present) at /home/upalb/Code/Projects/manage-landing-page/.prettierignore
["INFO" - 9:35:10 PM] File Info:
{
  "ignored": false,
  "inferredParser": "html"
}
["INFO" - 9:35:10 PM] No local configuration (i.e. .prettierrc or .editorconfig) detected, falling back to VS Code configuration
["INFO" - 9:35:10 PM] Prettier Options:
{
  "arrowParens": "always",
  "bracketSpacing": true,
  "endOfLine": "lf",
  "htmlWhitespaceSensitivity": "css",
  "insertPragma": false,
  "jsxBracketSameLine": false,
  "jsxSingleQuote": false,
  "printWidth": 80,
  "proseWrap": "preserve",
  "quoteProps": "as-needed",
  "requirePragma": false,
  "semi": true,
  "singleQuote": false,
  "tabWidth": 2,
  "trailingComma": "es5",
  "useTabs": false,
  "vueIndentScriptAndStyle": false,
  "filepath": "/home/upalb/Code/Projects/manage-landing-page/index.html",
  "parser": "html"
}
["INFO" - 9:35:10 PM] Formatting completed in 0.033ms.
["INFO" - 9:35:29 PM] Formatting file:///home/upalb/Code/Projects/manage-landing-page/index.html
["INFO" - 9:35:29 PM] Using ignore file (if present) at /home/upalb/Code/Projects/manage-landing-page/.prettierignore
["INFO" - 9:35:29 PM] File Info:
{
  "ignored": false,
  "inferredParser": "html"
}
["INFO" - 9:35:29 PM] No local configuration (i.e. .prettierrc or .editorconfig) detected, falling back to VS Code configuration
["INFO" - 9:35:29 PM] Prettier Options:
{
  "arrowParens": "always",
  "bracketSpacing": true,
  "endOfLine": "lf",
  "htmlWhitespaceSensitivity": "css",
  "insertPragma": false,
  "jsxBracketSameLine": false,
  "jsxSingleQuote": false,
  "printWidth": 80,
  "proseWrap": "preserve",
  "quoteProps": "as-needed",
  "requirePragma": false,
  "semi": true,
  "singleQuote": false,
  "tabWidth": 2,
  "trailingComma": "es5",
  "useTabs": false,
  "vueIndentScriptAndStyle": false,
  "filepath": "/home/upalb/Code/Projects/manage-landing-page/index.html",
  "parser": "html"
}
["INFO" - 9:35:29 PM] Formatting completed in 0.024ms.
["INFO" - 9:36:39 PM] Formatting file:///home/upalb/Code/Projects/manage-landing-page/index.html
["INFO" - 9:36:39 PM] Using ignore file (if present) at /home/upalb/Code/Projects/manage-landing-page/.prettierignore
["INFO" - 9:36:39 PM] File Info:
{
  "ignored": false,
  "inferredParser": "html"
}
["INFO" - 9:36:39 PM] No local configuration (i.e. .prettierrc or .editorconfig) detected, falling back to VS Code configuration
["INFO" - 9:36:39 PM] Prettier Options:
{
  "arrowParens": "always",
  "bracketSpacing": true,
  "endOfLine": "lf",
  "htmlWhitespaceSensitivity": "css",
  "insertPragma": false,
  "jsxBracketSameLine": false,
  "jsxSingleQuote": false,
  "printWidth": 80,
  "proseWrap": "preserve",
  "quoteProps": "as-needed",
  "requirePragma": false,
  "semi": true,
  "singleQuote": false,
  "tabWidth": 2,
  "trailingComma": "es5",
  "useTabs": false,
  "vueIndentScriptAndStyle": false,
  "filepath": "/home/upalb/Code/Projects/manage-landing-page/index.html",
  "parser": "html"
}
["INFO" - 9:36:39 PM] Formatting completed in 0.025ms.
["INFO" - 9:37:29 PM] Formatting file:///home/upalb/Code/Projects/manage-landing-page/index.html
["INFO" - 9:37:29 PM] Using ignore file (if present) at /home/upalb/Code/Projects/manage-landing-page/.prettierignore
["INFO" - 9:37:29 PM] File Info:
{
  "ignored": false,
  "inferredParser": "html"
}
["INFO" - 9:37:29 PM] No local configuration (i.e. .prettierrc or .editorconfig) detected, falling back to VS Code configuration
["INFO" - 9:37:29 PM] Prettier Options:
{
  "arrowParens": "always",
  "bracketSpacing": true,
  "endOfLine": "lf",
  "htmlWhitespaceSensitivity": "css",
  "insertPragma": false,
  "jsxBracketSameLine": false,
  "jsxSingleQuote": false,
  "printWidth": 80,
  "proseWrap": "preserve",
  "quoteProps": "as-needed",
  "requirePragma": false,
  "semi": true,
  "singleQuote": false,
  "tabWidth": 2,
  "trailingComma": "es5",
  "useTabs": false,
  "vueIndentScriptAndStyle": false,
  "filepath": "/home/upalb/Code/Projects/manage-landing-page/index.html",
  "parser": "html"
}
["INFO" - 9:37:29 PM] Formatting completed in 0.021ms.
["INFO" - 9:38:25 PM] Formatting file:///home/upalb/Code/Projects/manage-landing-page/index.html
["INFO" - 9:38:25 PM] Using ignore file (if present) at /home/upalb/Code/Projects/manage-landing-page/.prettierignore
["INFO" - 9:38:25 PM] File Info:
{
  "ignored": false,
  "inferredParser": "html"
}
["INFO" - 9:38:25 PM] No local configuration (i.e. .prettierrc or .editorconfig) detected, falling back to VS Code configuration
["INFO" - 9:38:25 PM] Prettier Options:
{
  "arrowParens": "always",
  "bracketSpacing": true,
  "endOfLine": "lf",
  "htmlWhitespaceSensitivity": "css",
  "insertPragma": false,
  "jsxBracketSameLine": false,
  "jsxSingleQuote": false,
  "printWidth": 80,
  "proseWrap": "preserve",
  "quoteProps": "as-needed",
  "requirePragma": false,
  "semi": true,
  "singleQuote": false,
  "tabWidth": 2,
  "trailingComma": "es5",
  "useTabs": false,
  "vueIndentScriptAndStyle": false,
  "filepath": "/home/upalb/Code/Projects/manage-landing-page/index.html",
  "parser": "html"
}
["INFO" - 9:38:25 PM] Formatting completed in 0.041ms.
["INFO" - 9:41:15 PM] Formatting file:///home/upalb/Code/Projects/manage-landing-page/index.html
["INFO" - 9:41:15 PM] Using ignore file (if present) at /home/upalb/Code/Projects/manage-landing-page/.prettierignore
["INFO" - 9:41:15 PM] File Info:
{
  "ignored": false,
  "inferredParser": "html"
}
["INFO" - 9:41:15 PM] No local configuration (i.e. .prettierrc or .editorconfig) detected, falling back to VS Code configuration
["INFO" - 9:41:15 PM] Prettier Options:
{
  "arrowParens": "always",
  "bracketSpacing": true,
  "endOfLine": "lf",
  "htmlWhitespaceSensitivity": "css",
  "insertPragma": false,
  "jsxBracketSameLine": false,
  "jsxSingleQuote": false,
  "printWidth": 80,
  "proseWrap": "preserve",
  "quoteProps": "as-needed",
  "requirePragma": false,
  "semi": true,
  "singleQuote": false,
  "tabWidth": 2,
  "trailingComma": "es5",
  "useTabs": false,
  "vueIndentScriptAndStyle": false,
  "filepath": "/home/upalb/Code/Projects/manage-landing-page/index.html",
  "parser": "html"
}
["INFO" - 9:41:15 PM] Formatting completed in 0.039ms.
["INFO" - 9:41:45 PM] Formatting file:///home/upalb/Code/Projects/manage-landing-page/index.html
["INFO" - 9:41:45 PM] Using ignore file (if present) at /home/upalb/Code/Projects/manage-landing-page/.prettierignore
["INFO" - 9:41:45 PM] File Info:
{
  "ignored": false,
  "inferredParser": "html"
}
["INFO" - 9:41:45 PM] No local configuration (i.e. .prettierrc or .editorconfig) detected, falling back to VS Code configuration
["INFO" - 9:41:45 PM] Prettier Options:
{
  "arrowParens": "always",
  "bracketSpacing": true,
  "endOfLine": "lf",
  "htmlWhitespaceSensitivity": "css",
  "insertPragma": false,
  "jsxBracketSameLine": false,
  "jsxSingleQuote": false,
  "printWidth": 80,
  "proseWrap": "preserve",
  "quoteProps": "as-needed",
  "requirePragma": false,
  "semi": true,
  "singleQuote": false,
  "tabWidth": 2,
  "trailingComma": "es5",
  "useTabs": false,
  "vueIndentScriptAndStyle": false,
  "filepath": "/home/upalb/Code/Projects/manage-landing-page/index.html",
  "parser": "html"
}
["INFO" - 9:41:45 PM] Formatting completed in 0.042ms.
["INFO" - 9:42:20 PM] Formatting file:///home/upalb/Code/Projects/manage-landing-page/index.html
["INFO" - 9:42:20 PM] Using ignore file (if present) at /home/upalb/Code/Projects/manage-landing-page/.prettierignore
["INFO" - 9:42:20 PM] File Info:
{
  "ignored": false,
  "inferredParser": "html"
}
["INFO" - 9:42:20 PM] No local configuration (i.e. .prettierrc or .editorconfig) detected, falling back to VS Code configuration
["INFO" - 9:42:20 PM] Prettier Options:
{
  "arrowParens": "always",
  "bracketSpacing": true,
  "endOfLine": "lf",
  "htmlWhitespaceSensitivity": "css",
  "insertPragma": false,
  "jsxBracketSameLine": false,
  "jsxSingleQuote": false,
  "printWidth": 80,
  "proseWrap": "preserve",
  "quoteProps": "as-needed",
  "requirePragma": false,
  "semi": true,
  "singleQuote": false,
  "tabWidth": 2,
  "trailingComma": "es5",
  "useTabs": false,
  "vueIndentScriptAndStyle": false,
  "filepath": "/home/upalb/Code/Projects/manage-landing-page/index.html",
  "parser": "html"
}
["INFO" - 9:42:20 PM] Formatting completed in 0.029ms.
["INFO" - 9:42:55 PM] Formatting file:///home/upalb/Code/Projects/manage-landing-page/index.html
["INFO" - 9:42:55 PM] Using ignore file (if present) at /home/upalb/Code/Projects/manage-landing-page/.prettierignore
["INFO" - 9:42:55 PM] File Info:
{
  "ignored": false,
  "inferredParser": "html"
}
["INFO" - 9:42:55 PM] No local configuration (i.e. .prettierrc or .editorconfig) detected, falling back to VS Code configuration
["INFO" - 9:42:55 PM] Prettier Options:
{
  "arrowParens": "always",
  "bracketSpacing": true,
  "endOfLine": "lf",
  "htmlWhitespaceSensitivity": "css",
  "insertPragma": false,
  "jsxBracketSameLine": false,
  "jsxSingleQuote": false,
  "printWidth": 80,
  "proseWrap": "preserve",
  "quoteProps": "as-needed",
  "requirePragma": false,
  "semi": true,
  "singleQuote": false,
  "tabWidth": 2,
  "trailingComma": "es5",
  "useTabs": false,
  "vueIndentScriptAndStyle": false,
  "filepath": "/home/upalb/Code/Projects/manage-landing-page/index.html",
  "parser": "html"
}
["INFO" - 9:42:55 PM] Formatting completed in 0.045ms.
["INFO" - 9:43:10 PM] Formatting file:///home/upalb/Code/Projects/manage-landing-page/index.html
["INFO" - 9:43:10 PM] Using ignore file (if present) at /home/upalb/Code/Projects/manage-landing-page/.prettierignore
["INFO" - 9:43:10 PM] File Info:
{
  "ignored": false,
  "inferredParser": "html"
}
["INFO" - 9:43:10 PM] No local configuration (i.e. .prettierrc or .editorconfig) detected, falling back to VS Code configuration
["INFO" - 9:43:10 PM] Prettier Options:
{
  "arrowParens": "always",
  "bracketSpacing": true,
  "endOfLine": "lf",
  "htmlWhitespaceSensitivity": "css",
  "insertPragma": false,
  "jsxBracketSameLine": false,
  "jsxSingleQuote": false,
  "printWidth": 80,
  "proseWrap": "preserve",
  "quoteProps": "as-needed",
  "requirePragma": false,
  "semi": true,
  "singleQuote": false,
  "tabWidth": 2,
  "trailingComma": "es5",
  "useTabs": false,
  "vueIndentScriptAndStyle": false,
  "filepath": "/home/upalb/Code/Projects/manage-landing-page/index.html",
  "parser": "html"
}
["INFO" - 9:43:10 PM] Formatting completed in 0.028ms.
["INFO" - 9:43:22 PM] Formatting file:///home/upalb/Code/Projects/manage-landing-page/index.html
["INFO" - 9:43:22 PM] Using ignore file (if present) at /home/upalb/Code/Projects/manage-landing-page/.prettierignore
["INFO" - 9:43:22 PM] File Info:
{
  "ignored": false,
  "inferredParser": "html"
}
["INFO" - 9:43:22 PM] No local configuration (i.e. .prettierrc or .editorconfig) detected, falling back to VS Code configuration
["INFO" - 9:43:22 PM] Prettier Options:
{
  "arrowParens": "always",
  "bracketSpacing": true,
  "endOfLine": "lf",
  "htmlWhitespaceSensitivity": "css",
  "insertPragma": false,
  "jsxBracketSameLine": false,
  "jsxSingleQuote": false,
  "printWidth": 80,
  "proseWrap": "preserve",
  "quoteProps": "as-needed",
  "requirePragma": false,
  "semi": true,
  "singleQuote": false,
  "tabWidth": 2,
  "trailingComma": "es5",
  "useTabs": false,
  "vueIndentScriptAndStyle": false,
  "filepath": "/home/upalb/Code/Projects/manage-landing-page/index.html",
  "parser": "html"
}
["INFO" - 9:43:22 PM] Formatting completed in 0.07ms.
["INFO" - 9:44:45 PM] Formatting file:///home/upalb/Code/Projects/manage-landing-page/index.html
["INFO" - 9:44:45 PM] Using ignore file (if present) at /home/upalb/Code/Projects/manage-landing-page/.prettierignore
["INFO" - 9:44:45 PM] File Info:
{
  "ignored": false,
  "inferredParser": "html"
}
["INFO" - 9:44:45 PM] No local configuration (i.e. .prettierrc or .editorconfig) detected, falling back to VS Code configuration
["INFO" - 9:44:45 PM] Prettier Options:
{
  "arrowParens": "always",
  "bracketSpacing": true,
  "endOfLine": "lf",
  "htmlWhitespaceSensitivity": "css",
  "insertPragma": false,
  "jsxBracketSameLine": false,
  "jsxSingleQuote": false,
  "printWidth": 80,
  "proseWrap": "preserve",
  "quoteProps": "as-needed",
  "requirePragma": false,
  "semi": true,
  "singleQuote": false,
  "tabWidth": 2,
  "trailingComma": "es5",
  "useTabs": false,
  "vueIndentScriptAndStyle": false,
  "filepath": "/home/upalb/Code/Projects/manage-landing-page/index.html",
  "parser": "html"
}
["INFO" - 9:44:45 PM] Formatting completed in 0.038ms.
["INFO" - 9:44:57 PM] Formatting file:///home/upalb/Code/Projects/manage-landing-page/index.html
["INFO" - 9:44:58 PM] Using ignore file (if present) at /home/upalb/Code/Projects/manage-landing-page/.prettierignore
["INFO" - 9:44:58 PM] File Info:
{
  "ignored": false,
  "inferredParser": "html"
}
["INFO" - 9:44:58 PM] No local configuration (i.e. .prettierrc or .editorconfig) detected, falling back to VS Code configuration
["INFO" - 9:44:58 PM] Prettier Options:
{
  "arrowParens": "always",
  "bracketSpacing": true,
  "endOfLine": "lf",
  "htmlWhitespaceSensitivity": "css",
  "insertPragma": false,
  "jsxBracketSameLine": false,
  "jsxSingleQuote": false,
  "printWidth": 80,
  "proseWrap": "preserve",
  "quoteProps": "as-needed",
  "requirePragma": false,
  "semi": true,
  "singleQuote": false,
  "tabWidth": 2,
  "trailingComma": "es5",
  "useTabs": false,
  "vueIndentScriptAndStyle": false,
  "filepath": "/home/upalb/Code/Projects/manage-landing-page/index.html",
  "parser": "html"
}
["INFO" - 9:44:58 PM] Formatting completed in 0.044ms.
["INFO" - 9:45:50 PM] Formatting file:///home/upalb/Code/Projects/manage-landing-page/index.html
["INFO" - 9:45:50 PM] Using ignore file (if present) at /home/upalb/Code/Projects/manage-landing-page/.prettierignore
["INFO" - 9:45:50 PM] File Info:
{
  "ignored": false,
  "inferredParser": "html"
}
["INFO" - 9:45:50 PM] No local configuration (i.e. .prettierrc or .editorconfig) detected, falling back to VS Code configuration
["INFO" - 9:45:50 PM] Prettier Options:
{
  "arrowParens": "always",
  "bracketSpacing": true,
  "endOfLine": "lf",
  "htmlWhitespaceSensitivity": "css",
  "insertPragma": false,
  "jsxBracketSameLine": false,
  "jsxSingleQuote": false,
  "printWidth": 80,
  "proseWrap": "preserve",
  "quoteProps": "as-needed",
  "requirePragma": false,
  "semi": true,
  "singleQuote": false,
  "tabWidth": 2,
  "trailingComma": "es5",
  "useTabs": false,
  "vueIndentScriptAndStyle": false,
  "filepath": "/home/upalb/Code/Projects/manage-landing-page/index.html",
  "parser": "html"
}
["INFO" - 9:45:50 PM] Formatting completed in 0.036ms.
["INFO" - 9:47:50 PM] Formatting file:///home/upalb/Code/Projects/manage-landing-page/index.html
["INFO" - 9:47:50 PM] Using ignore file (if present) at /home/upalb/Code/Projects/manage-landing-page/.prettierignore
["INFO" - 9:47:50 PM] File Info:
{
  "ignored": false,
  "inferredParser": "html"
}
["INFO" - 9:47:50 PM] No local configuration (i.e. .prettierrc or .editorconfig) detected, falling back to VS Code configuration
["INFO" - 9:47:50 PM] Prettier Options:
{
  "arrowParens": "always",
  "bracketSpacing": true,
  "endOfLine": "lf",
  "htmlWhitespaceSensitivity": "css",
  "insertPragma": false,
  "jsxBracketSameLine": false,
  "jsxSingleQuote": false,
  "printWidth": 80,
  "proseWrap": "preserve",
  "quoteProps": "as-needed",
  "requirePragma": false,
  "semi": true,
  "singleQuote": false,
  "tabWidth": 2,
  "trailingComma": "es5",
  "useTabs": false,
  "vueIndentScriptAndStyle": false,
  "filepath": "/home/upalb/Code/Projects/manage-landing-page/index.html",
  "parser": "html"
}
["INFO" - 9:47:50 PM] Formatting completed in 0.045ms.
["INFO" - 9:48:37 PM] Formatting file:///home/upalb/Code/Projects/manage-landing-page/index.html
["INFO" - 9:48:37 PM] Using ignore file (if present) at /home/upalb/Code/Projects/manage-landing-page/.prettierignore
["INFO" - 9:48:37 PM] File Info:
{
  "ignored": false,
  "inferredParser": "html"
}
["INFO" - 9:48:37 PM] No local configuration (i.e. .prettierrc or .editorconfig) detected, falling back to VS Code configuration
["INFO" - 9:48:37 PM] Prettier Options:
{
  "arrowParens": "always",
  "bracketSpacing": true,
  "endOfLine": "lf",
  "htmlWhitespaceSensitivity": "css",
  "insertPragma": false,
  "jsxBracketSameLine": false,
  "jsxSingleQuote": false,
  "printWidth": 80,
  "proseWrap": "preserve",
  "quoteProps": "as-needed",
  "requirePragma": false,
  "semi": true,
  "singleQuote": false,
  "tabWidth": 2,
  "trailingComma": "es5",
  "useTabs": false,
  "vueIndentScriptAndStyle": false,
  "filepath": "/home/upalb/Code/Projects/manage-landing-page/index.html",
  "parser": "html"
}
["INFO" - 9:48:37 PM] Formatting completed in 0.059ms.
