Found Tailwind CSS config file: /home/upalb/Code/Projects/manage-landing-page/tailwind.config.js
Loaded postcss v8.4.14: /run/media/upalb/Miscellaneous/Code/Projects/manage-landing-page/node_modules/postcss
Loaded tailwindcss v3.1.3: /run/media/upalb/Miscellaneous/Code/Projects/manage-landing-page/node_modules/tailwindcss

warn - The RTL features in Tailwind CSS are currently in preview.
warn - Preview features are not covered by semver, and may be improved in breaking ways at any time.
[Error - 9:01:07 PM] Tailwind CSS: Unexpected end of input
/run/media/upalb/Miscellaneous/Code/Projects/manage-landing-page/tailwind.config.js:25



SyntaxError: Unexpected end of input
    at Object.compileFunction (node:vm:352:18)
    at wrapSafe (node:internal/modules/cjs/loader:1038:15)
    at Module._compile (node:internal/modules/cjs/loader:1072:27)
    at Object.Module._extensions..js (node:internal/modules/cjs/loader:1169:10)
    at Module.load (node:internal/modules/cjs/loader:988:32)
    at Module._load (node:internal/modules/cjs/loader:829:12)
    at Function.c._load (node:electron/js2c/asar_bundle:5:13343)
    at Module.require (node:internal/modules/cjs/loader:1012:19)
    at Module.Vd._require.Gi.default.require (/home/upalb/.vscode-oss/extensions/bradlc.vscode-tailwindcss-0.8.6/dist/tailwindServer.js:179:63908)
    at require (node:internal/modules/cjs/helpers:102:18)
Found Tailwind CSS config file: /home/upalb/Code/Projects/manage-landing-page/tailwind.config.js
Loaded postcss v8.4.14: /run/media/upalb/Miscellaneous/Code/Projects/manage-landing-page/node_modules/postcss
Loaded tailwindcss v3.1.3: /run/media/upalb/Miscellaneous/Code/Projects/manage-landing-page/node_modules/tailwindcss
[Error - 9:01:17 PM] Tailwind CSS: Unexpected end of input
/run/media/upalb/Miscellaneous/Code/Projects/manage-landing-page/tailwind.config.js:25



SyntaxError: Unexpected end of input
    at Object.compileFunction (node:vm:352:18)
    at wrapSafe (node:internal/modules/cjs/loader:1038:15)
    at Module._compile (node:internal/modules/cjs/loader:1072:27)
    at Object.Module._extensions..js (node:internal/modules/cjs/loader:1169:10)
    at Module.load (node:internal/modules/cjs/loader:988:32)
    at Module._load (node:internal/modules/cjs/loader:829:12)
    at Function.c._load (node:electron/js2c/asar_bundle:5:13343)
    at Module.require (node:internal/modules/cjs/loader:1012:19)
    at Module.Vd._require.Gi.default.require (/home/upalb/.vscode-oss/extensions/bradlc.vscode-tailwindcss-0.8.6/dist/tailwindServer.js:179:63908)
    at require (node:internal/modules/cjs/helpers:102:18)
Found Tailwind CSS config file: /home/upalb/Code/Projects/manage-landing-page/tailwind.config.js
Loaded postcss v8.4.14: /run/media/upalb/Miscellaneous/Code/Projects/manage-landing-page/node_modules/postcss
Loaded tailwindcss v3.1.3: /run/media/upalb/Miscellaneous/Code/Projects/manage-landing-page/node_modules/tailwindcss
[Error - 9:01:34 PM] Tailwind CSS: Unexpected end of input
/run/media/upalb/Miscellaneous/Code/Projects/manage-landing-page/tailwind.config.js:25



SyntaxError: Unexpected end of input
    at Object.compileFunction (node:vm:352:18)
    at wrapSafe (node:internal/modules/cjs/loader:1038:15)
    at Module._compile (node:internal/modules/cjs/loader:1072:27)
    at Object.Module._extensions..js (node:internal/modules/cjs/loader:1169:10)
    at Module.load (node:internal/modules/cjs/loader:988:32)
    at Module._load (node:internal/modules/cjs/loader:829:12)
    at Function.c._load (node:electron/js2c/asar_bundle:5:13343)
    at Module.require (node:internal/modules/cjs/loader:1012:19)
    at Module.Vd._require.Gi.default.require (/home/upalb/.vscode-oss/extensions/bradlc.vscode-tailwindcss-0.8.6/dist/tailwindServer.js:179:63908)
    at require (node:internal/modules/cjs/helpers:102:18)
Found Tailwind CSS config file: /home/upalb/Code/Projects/manage-landing-page/tailwind.config.js
Loaded postcss v8.4.14: /run/media/upalb/Miscellaneous/Code/Projects/manage-landing-page/node_modules/postcss
Loaded tailwindcss v3.1.3: /run/media/upalb/Miscellaneous/Code/Projects/manage-landing-page/node_modules/tailwindcss

warn - The RTL features in Tailwind CSS are currently in preview.
warn - Preview features are not covered by semver, and may be improved in breaking ways at any time.
