[2022-06-20 23:36:56.460] [exthost] [info] Extension host with pid 2222 started
[2022-06-20 23:36:56.461] [exthost] [info] Skipping acquiring lock for /home/upalb/.config/VSCodium/User/workspaceStorage/fa84a96756ee31e53c73910e76cc5e69.
[2022-06-20 23:36:56.675] [exthost] [info] ExtensionService#_doActivateExtension vscode.typescript-language-features, startup: false, activationEvent: 'onLanguage:javascript'
[2022-06-20 23:36:57.187] [exthost] [info] ExtensionService#_doActivateExtension vscode.debug-auto-launch, startup: true, activationEvent: '*'
[2022-06-20 23:36:57.544] [exthost] [info] ExtensionService#_doActivateExtension vscode.git-base, startup: true, activationEvent: '*', root cause: vscode.git
[2022-06-20 23:36:57.728] [exthost] [info] ExtensionService#_doActivateExtension vscode.ipynb, startup: true, activationEvent: '*'
[2022-06-20 23:36:57.790] [exthost] [info] ExtensionService#_doActivateExtension CoenraadS.bracket-pair-colorizer-2, startup: true, activationEvent: '*'
[2022-06-20 23:36:59.609] [exthost] [info] ExtensionService#_doActivateExtension redwan-hossain.auto-rename-tag-clone, startup: true, activationEvent: '*'
[2022-06-20 23:36:59.722] [exthost] [info] ExtensionService#_doActivateExtension WallabyJs.quokka-vscode, startup: true, activationEvent: '*'
[2022-06-20 23:37:03.780] [exthost] [info] Not activating extension 'glenn2223.live-sass': Timed out while searching for 'workspaceContains' pattern **/*.s[ac]ss
[2022-06-20 23:37:04.018] [exthost] [info] ExtensionService#_doActivateExtension vscode.git, startup: true, activationEvent: '*'
[2022-06-20 23:37:04.185] [exthost] [info] ExtensionService#_doActivateExtension vscode.github, startup: true, activationEvent: '*'
[2022-06-20 23:37:04.453] [exthost] [info] Eager extensions activated
[2022-06-20 23:37:04.518] [exthost] [info] ExtensionService#_doActivateExtension vscode.emmet, startup: false, activationEvent: 'onStartupFinished'
[2022-06-20 23:37:04.861] [exthost] [info] ExtensionService#_doActivateExtension vscode.merge-conflict, startup: false, activationEvent: 'onStartupFinished'
[2022-06-20 23:37:05.089] [exthost] [info] ExtensionService#_doActivateExtension esbenp.prettier-vscode, startup: false, activationEvent: 'onStartupFinished'
[2022-06-20 23:37:06.192] [exthost] [info] ExtensionService#_doActivateExtension formulahendry.code-runner, startup: false, activationEvent: 'onStartupFinished'
[2022-06-20 23:37:09.318] [exthost] [info] ExtensionService#_doActivateExtension PKief.material-icon-theme, startup: false, activationEvent: 'onStartupFinished'
[2022-06-20 23:37:09.451] [exthost] [info] ExtensionService#_doActivateExtension ritwickdey.LiveServer, startup: false, activationEvent: 'onStartupFinished'
[2022-06-20 23:37:19.363] [exthost] [info] ExtensionService#_doActivateExtension streetsidesoftware.code-spell-checker, startup: false, activationEvent: 'onStartupFinished'
[2022-06-20 23:41:49.065] [exthost] [info] ExtensionService#_doActivateExtension vscode.css-language-features, startup: false, activationEvent: 'onLanguage:css'
[2022-06-21 00:37:17.092] [exthost] [info] Extension host terminating: received terminate message from renderer
[2022-06-21 00:37:17.215] [exthost] [warning] {"name":"Canceled"}
[2022-06-21 00:37:17.215] [exthost] [warning] {"name":"Canceled"}
[2022-06-21 00:37:17.223] [exthost] [info] Extension host with pid 2222 exiting with code 0
