[2022-07-10T03:44:48.731Z] Log level: Info
[2022-07-10T03:44:48.732Z] [info] Validating found git in: git
[2022-07-10T03:44:48.855Z] [info] Using git  from git
[2022-07-10T03:44:49.105Z] > git rev-parse --show-toplevel [208ms]
[2022-07-10T03:44:49.105Z] fatal: not a git repository (or any parent up to mount point /run/media/upalb)
Stopping at filesystem boundary (GIT_DISCOVERY_ACROSS_FILESYSTEM not set).
[2022-07-10T03:44:49.595Z] > git rev-parse --show-toplevel [465ms]
[2022-07-10T03:44:49.728Z] > git rev-parse --git-dir --git-common-dir [122ms]
[2022-07-10T03:44:49.739Z] [info] Open repository: /run/media/upalb/Miscellaneous/Code/Programming-Hero/Assigmnent 1
[2022-07-10T03:44:49.801Z] > git rev-parse --show-toplevel [23ms]
[2022-07-10T03:44:49.801Z] fatal: not a git repository (or any parent up to mount point /run/media/upalb)
Stopping at filesystem boundary (GIT_DISCOVERY_ACROSS_FILESYSTEM not set).
[2022-07-10T03:44:49.917Z] > git rev-parse --show-toplevel [50ms]
[2022-07-10T03:44:49.918Z] fatal: not a git repository (or any parent up to mount point /run/media/upalb)
Stopping at filesystem boundary (GIT_DISCOVERY_ACROSS_FILESYSTEM not set).
[2022-07-10T03:44:50.022Z] > git rev-parse --show-toplevel [57ms]
[2022-07-10T03:44:50.023Z] fatal: not a git repository (or any parent up to mount point /run/media/upalb)
Stopping at filesystem boundary (GIT_DISCOVERY_ACROSS_FILESYSTEM not set).
[2022-07-10T03:44:50.059Z] > git rev-parse --show-toplevel [18ms]
[2022-07-10T03:44:50.059Z] fatal: not a git repository (or any parent up to mount point /run/media/upalb)
Stopping at filesystem boundary (GIT_DISCOVERY_ACROSS_FILESYSTEM not set).
[2022-07-10T03:44:50.103Z] > git rev-parse --show-toplevel [13ms]
[2022-07-10T03:44:50.103Z] fatal: not a git repository (or any parent up to mount point /run/media/upalb)
Stopping at filesystem boundary (GIT_DISCOVERY_ACROSS_FILESYSTEM not set).
[2022-07-10T03:44:50.193Z] > git status -z -uall [438ms]
[2022-07-10T03:44:50.221Z] > git rev-parse --show-toplevel [95ms]
[2022-07-10T03:44:50.221Z] fatal: not a git repository (or any parent up to mount point /run/media/upalb)
Stopping at filesystem boundary (GIT_DISCOVERY_ACROSS_FILESYSTEM not set).
[2022-07-10T03:44:50.511Z] > git rev-parse --show-toplevel [233ms]
[2022-07-10T03:44:50.511Z] fatal: not a git repository (or any parent up to mount point /run/media/upalb)
Stopping at filesystem boundary (GIT_DISCOVERY_ACROSS_FILESYSTEM not set).
[2022-07-10T03:44:50.569Z] > git rev-parse --show-toplevel [28ms]
[2022-07-10T03:44:50.569Z] fatal: not a git repository (or any parent up to mount point /run/media/upalb)
Stopping at filesystem boundary (GIT_DISCOVERY_ACROSS_FILESYSTEM not set).
[2022-07-10T03:44:50.632Z] > git check-ignore -v -z --stdin [217ms]
[2022-07-10T03:44:50.634Z] > git symbolic-ref --short HEAD [415ms]
[2022-07-10T03:44:50.789Z] > git ls-files --stage -- /run/media/upalb/Miscellaneous/Code/Programming-Hero/Assigmnent 1/index.html [159ms]
[2022-07-10T03:44:51.009Z] > git show --textconv :index.html [419ms]
[2022-07-10T03:44:51.550Z] > git cat-file -s e342112bc28d2a3ab56f787bef46424c5714e3fb [708ms]
[2022-07-10T03:44:51.737Z] > git for-each-ref --format=%(refname)%00%(upstream:short)%00%(objectname)%00%(upstream:track)%00%(upstream:remotename)%00%(upstream:remoteref) refs/heads/main refs/remotes/main [1083ms]
[2022-07-10T03:44:52.593Z] > git remote --verbose [821ms]
[2022-07-10T03:44:52.964Z] > git for-each-ref --sort -committerdate --format %(refname) %(objectname) %(*objectname) [1207ms]
[2022-07-10T03:44:53.297Z] > git config --get commit.template [300ms]
[2022-07-10T03:52:03.601Z] > git show --textconv :style.css [87ms]
[2022-07-10T03:52:03.604Z] > git ls-files --stage -- /run/media/upalb/Miscellaneous/Code/Programming-Hero/Assigmnent 1/style.css [8ms]
[2022-07-10T03:52:03.620Z] > git cat-file -s 17b3b034ba21ee13587fa09de2b18ae08a6ed46b [7ms]
[2022-07-10T03:52:06.733Z] > git rev-parse --show-toplevel [4ms]
[2022-07-10T03:52:06.733Z] fatal: not a git repository (or any parent up to mount point /run/media/upalb)
Stopping at filesystem boundary (GIT_DISCOVERY_ACROSS_FILESYSTEM not set).
[2022-07-10T04:13:02.075Z] > git show --textconv :style.css [49ms]
[2022-07-10T04:13:02.077Z] > git ls-files --stage -- /run/media/upalb/Miscellaneous/Code/Programming-Hero/Assigmnent 1/style.css [4ms]
[2022-07-10T04:13:02.093Z] > git cat-file -s 17b3b034ba21ee13587fa09de2b18ae08a6ed46b [4ms]
[2022-07-10T04:13:02.376Z] > git rev-parse --show-toplevel [11ms]
[2022-07-10T04:13:02.376Z] fatal: not a git repository (or any parent up to mount point /run/media/upalb)
Stopping at filesystem boundary (GIT_DISCOVERY_ACROSS_FILESYSTEM not set).
[2022-07-10T04:13:06.171Z] > git show --textconv :style.css [26ms]
[2022-07-10T04:13:06.175Z] > git ls-files --stage -- /run/media/upalb/Miscellaneous/Code/Programming-Hero/Assigmnent 1/style.css [7ms]
[2022-07-10T04:13:06.190Z] > git cat-file -s 17b3b034ba21ee13587fa09de2b18ae08a6ed46b [4ms]
[2022-07-10T04:13:07.641Z] > git rev-parse --show-toplevel [10ms]
[2022-07-10T04:13:07.641Z] fatal: not a git repository (or any parent up to mount point /run/media/upalb)
Stopping at filesystem boundary (GIT_DISCOVERY_ACROSS_FILESYSTEM not set).
[2022-07-10T04:13:08.647Z] > git show --textconv :index.html [16ms]
[2022-07-10T04:13:08.650Z] > git ls-files --stage -- /run/media/upalb/Miscellaneous/Code/Programming-Hero/Assigmnent 1/index.html [7ms]
[2022-07-10T04:13:08.672Z] > git cat-file -s e342112bc28d2a3ab56f787bef46424c5714e3fb [4ms]
[2022-07-10T04:14:30.513Z] > git show --textconv :style.css [13ms]
[2022-07-10T04:14:30.515Z] > git ls-files --stage -- /run/media/upalb/Miscellaneous/Code/Programming-Hero/Assigmnent 1/style.css [3ms]
[2022-07-10T04:14:30.528Z] > git cat-file -s 17b3b034ba21ee13587fa09de2b18ae08a6ed46b [4ms]
[2022-07-10T04:14:30.966Z] > git rev-parse --show-toplevel [12ms]
[2022-07-10T04:14:30.966Z] fatal: not a git repository (or any parent up to mount point /run/media/upalb)
Stopping at filesystem boundary (GIT_DISCOVERY_ACROSS_FILESYSTEM not set).
[2022-07-10T04:14:38.572Z] > git check-ignore -v -z --stdin [46ms]
[2022-07-10T04:15:03.995Z] > git rev-parse --show-toplevel [20ms]
[2022-07-10T04:15:03.995Z] fatal: not a git repository (or any parent up to mount point /)
Stopping at filesystem boundary (GIT_DISCOVERY_ACROSS_FILESYSTEM not set).
[2022-07-10T04:15:20.161Z] > git rev-parse --show-toplevel [138ms]
[2022-07-10T04:15:20.161Z] fatal: not a git repository (or any parent up to mount point /)
Stopping at filesystem boundary (GIT_DISCOVERY_ACROSS_FILESYSTEM not set).
[2022-07-10T04:15:34.101Z] > git rev-parse --show-toplevel [45ms]
[2022-07-10T04:15:34.101Z] fatal: not a git repository (or any parent up to mount point /)
Stopping at filesystem boundary (GIT_DISCOVERY_ACROSS_FILESYSTEM not set).
[2022-07-10T04:15:38.716Z] > git rev-parse --show-toplevel [20ms]
[2022-07-10T04:15:38.716Z] fatal: not a git repository (or any parent up to mount point /)
Stopping at filesystem boundary (GIT_DISCOVERY_ACROSS_FILESYSTEM not set).
[2022-07-10T04:15:47.157Z] > git rev-parse --show-toplevel [33ms]
[2022-07-10T04:15:47.157Z] fatal: not a git repository (or any parent up to mount point /)
Stopping at filesystem boundary (GIT_DISCOVERY_ACROSS_FILESYSTEM not set).
[2022-07-10T04:16:05.623Z] > git rev-parse --show-toplevel [56ms]
[2022-07-10T04:16:05.623Z] fatal: not a git repository (or any parent up to mount point /)
Stopping at filesystem boundary (GIT_DISCOVERY_ACROSS_FILESYSTEM not set).
[2022-07-10T04:16:06.165Z] > git rev-parse --show-toplevel [20ms]
[2022-07-10T04:16:06.165Z] fatal: not a git repository (or any parent up to mount point /)
Stopping at filesystem boundary (GIT_DISCOVERY_ACROSS_FILESYSTEM not set).
[2022-07-10T04:16:13.454Z] > git rev-parse --show-toplevel [27ms]
[2022-07-10T04:16:13.454Z] fatal: not a git repository (or any parent up to mount point /)
Stopping at filesystem boundary (GIT_DISCOVERY_ACROSS_FILESYSTEM not set).
[2022-07-10T04:16:18.836Z] > git rev-parse --show-toplevel [7ms]
[2022-07-10T04:16:18.836Z] fatal: not a git repository (or any parent up to mount point /)
Stopping at filesystem boundary (GIT_DISCOVERY_ACROSS_FILESYSTEM not set).
[2022-07-10T04:16:25.990Z] > git rev-parse --show-toplevel [4ms]
[2022-07-10T04:16:25.990Z] fatal: not a git repository (or any parent up to mount point /)
Stopping at filesystem boundary (GIT_DISCOVERY_ACROSS_FILESYSTEM not set).
[2022-07-10T04:16:27.416Z] > git rev-parse --show-toplevel [50ms]
[2022-07-10T04:16:27.416Z] fatal: not a git repository (or any parent up to mount point /)
Stopping at filesystem boundary (GIT_DISCOVERY_ACROSS_FILESYSTEM not set).
[2022-07-10T04:17:06.941Z] > git rev-parse --show-toplevel [24ms]
[2022-07-10T04:17:06.941Z] fatal: not a git repository (or any parent up to mount point /)
Stopping at filesystem boundary (GIT_DISCOVERY_ACROSS_FILESYSTEM not set).
[2022-07-10T04:17:34.622Z] > git show --textconv :style.css [18ms]
[2022-07-10T04:17:34.625Z] > git ls-files --stage -- /run/media/upalb/Miscellaneous/Code/Programming-Hero/Assigmnent 1/style.css [5ms]
[2022-07-10T04:17:34.640Z] > git cat-file -s 17b3b034ba21ee13587fa09de2b18ae08a6ed46b [3ms]
[2022-07-10T04:18:01.075Z] > git status -z -uall [11ms]
[2022-07-10T04:18:01.095Z] > git symbolic-ref --short HEAD [7ms]
[2022-07-10T04:18:01.115Z] > git for-each-ref --format=%(refname)%00%(upstream:short)%00%(objectname)%00%(upstream:track)%00%(upstream:remotename)%00%(upstream:remoteref) refs/heads/main refs/remotes/main [6ms]
[2022-07-10T04:18:01.151Z] > git for-each-ref --sort -committerdate --format %(refname) %(objectname) %(*objectname) [19ms]
[2022-07-10T04:18:01.152Z] > git remote --verbose [4ms]
[2022-07-10T04:18:01.181Z] > git config --get commit.template [3ms]
[2022-07-10T04:18:02.022Z] > git show --textconv :index.html [38ms]
[2022-07-10T04:18:02.049Z] > git ls-files --stage -- /run/media/upalb/Miscellaneous/Code/Programming-Hero/Assigmnent 1/index.html [33ms]
[2022-07-10T04:18:02.064Z] > git cat-file -s e342112bc28d2a3ab56f787bef46424c5714e3fb [5ms]
[2022-07-10T04:18:07.100Z] > git show --textconv :style.css [17ms]
[2022-07-10T04:18:07.118Z] > git ls-files --stage -- /run/media/upalb/Miscellaneous/Code/Programming-Hero/Assigmnent 1/style.css [20ms]
[2022-07-10T04:18:07.152Z] > git cat-file -s 17b3b034ba21ee13587fa09de2b18ae08a6ed46b [17ms]
[2022-07-10T04:18:07.552Z] > git rev-parse --show-toplevel [28ms]
[2022-07-10T04:18:07.552Z] fatal: not a git repository (or any parent up to mount point /)
Stopping at filesystem boundary (GIT_DISCOVERY_ACROSS_FILESYSTEM not set).
[2022-07-10T04:18:13.357Z] > git rev-parse --show-toplevel [40ms]
[2022-07-10T04:18:13.357Z] fatal: not a git repository (or any parent up to mount point /)
Stopping at filesystem boundary (GIT_DISCOVERY_ACROSS_FILESYSTEM not set).
[2022-07-10T04:18:35.594Z] > git rev-parse --show-toplevel [13ms]
[2022-07-10T04:18:35.595Z] fatal: not a git repository (or any parent up to mount point /)
Stopping at filesystem boundary (GIT_DISCOVERY_ACROSS_FILESYSTEM not set).
[2022-07-10T04:18:51.343Z] > git rev-parse --show-toplevel [6ms]
[2022-07-10T04:18:51.343Z] fatal: not a git repository (or any parent up to mount point /)
Stopping at filesystem boundary (GIT_DISCOVERY_ACROSS_FILESYSTEM not set).
[2022-07-10T04:18:52.740Z] > git rev-parse --show-toplevel [8ms]
[2022-07-10T04:18:52.740Z] fatal: not a git repository (or any parent up to mount point /)
Stopping at filesystem boundary (GIT_DISCOVERY_ACROSS_FILESYSTEM not set).
[2022-07-10T04:18:57.644Z] > git rev-parse --show-toplevel [13ms]
[2022-07-10T04:18:57.644Z] fatal: not a git repository (or any parent up to mount point /)
Stopping at filesystem boundary (GIT_DISCOVERY_ACROSS_FILESYSTEM not set).
[2022-07-10T04:19:14.455Z] > git rev-parse --show-toplevel [27ms]
[2022-07-10T04:19:14.455Z] fatal: not a git repository (or any parent up to mount point /)
Stopping at filesystem boundary (GIT_DISCOVERY_ACROSS_FILESYSTEM not set).
[2022-07-10T04:20:28.162Z] > git rev-parse --show-toplevel [17ms]
[2022-07-10T04:20:28.162Z] fatal: not a git repository (or any parent up to mount point /run/media/upalb)
Stopping at filesystem boundary (GIT_DISCOVERY_ACROSS_FILESYSTEM not set).
[2022-07-10T04:20:33.191Z] > git rev-parse --show-toplevel [20ms]
[2022-07-10T04:20:33.191Z] fatal: not a git repository (or any parent up to mount point /)
Stopping at filesystem boundary (GIT_DISCOVERY_ACROSS_FILESYSTEM not set).
[2022-07-10T04:20:40.108Z] > git rev-parse --show-toplevel [8ms]
[2022-07-10T04:20:40.108Z] fatal: not a git repository (or any parent up to mount point /)
Stopping at filesystem boundary (GIT_DISCOVERY_ACROSS_FILESYSTEM not set).
[2022-07-10T04:21:04.644Z] > git rev-parse --show-toplevel [40ms]
[2022-07-10T04:21:04.644Z] fatal: not a git repository (or any parent up to mount point /)
Stopping at filesystem boundary (GIT_DISCOVERY_ACROSS_FILESYSTEM not set).
[2022-07-10T04:21:15.574Z] > git rev-parse --show-toplevel [5ms]
[2022-07-10T04:21:15.574Z] fatal: not a git repository (or any parent up to mount point /)
Stopping at filesystem boundary (GIT_DISCOVERY_ACROSS_FILESYSTEM not set).
[2022-07-10T04:21:23.492Z] > git rev-parse --show-toplevel [9ms]
[2022-07-10T04:21:23.492Z] fatal: not a git repository (or any parent up to mount point /)
Stopping at filesystem boundary (GIT_DISCOVERY_ACROSS_FILESYSTEM not set).
[2022-07-10T04:22:00.656Z] > git rev-parse --show-toplevel [9ms]
[2022-07-10T04:22:00.656Z] fatal: not a git repository (or any parent up to mount point /)
Stopping at filesystem boundary (GIT_DISCOVERY_ACROSS_FILESYSTEM not set).
[2022-07-10T04:22:08.441Z] > git rev-parse --show-toplevel [8ms]
[2022-07-10T04:22:08.441Z] fatal: not a git repository (or any parent up to mount point /)
Stopping at filesystem boundary (GIT_DISCOVERY_ACROSS_FILESYSTEM not set).
[2022-07-10T04:22:12.720Z] > git rev-parse --show-toplevel [18ms]
[2022-07-10T04:22:12.720Z] fatal: not a git repository (or any parent up to mount point /)
Stopping at filesystem boundary (GIT_DISCOVERY_ACROSS_FILESYSTEM not set).
[2022-07-10T04:22:16.685Z] > git rev-parse --show-toplevel [7ms]
[2022-07-10T04:22:16.685Z] fatal: not a git repository (or any parent up to mount point /)
Stopping at filesystem boundary (GIT_DISCOVERY_ACROSS_FILESYSTEM not set).
[2022-07-10T04:22:19.373Z] > git rev-parse --show-toplevel [5ms]
[2022-07-10T04:22:19.373Z] fatal: not a git repository (or any parent up to mount point /)
Stopping at filesystem boundary (GIT_DISCOVERY_ACROSS_FILESYSTEM not set).
[2022-07-10T04:22:22.383Z] > git rev-parse --show-toplevel [6ms]
[2022-07-10T04:22:22.383Z] fatal: not a git repository (or any parent up to mount point /)
Stopping at filesystem boundary (GIT_DISCOVERY_ACROSS_FILESYSTEM not set).
[2022-07-10T04:22:28.556Z] > git show --textconv :style.css [21ms]
[2022-07-10T04:22:28.558Z] > git ls-files --stage -- /run/media/upalb/Miscellaneous/Code/Programming-Hero/Assigmnent 1/style.css [6ms]
[2022-07-10T04:22:28.573Z] > git cat-file -s 17b3b034ba21ee13587fa09de2b18ae08a6ed46b [3ms]
