[2022-07-10T04:22:46.899Z] Log level: Info
[2022-07-10T04:22:46.937Z] [info] Validating found git in: git
[2022-07-10T04:22:47.031Z] [info] Using git 2.37.0 from git
[2022-07-10T04:22:47.143Z] > git rev-parse --show-toplevel [77ms]
[2022-07-10T04:22:47.143Z] fatal: not a git repository (or any parent up to mount point /run/media/upalb)
Stopping at filesystem boundary (GIT_DISCOVERY_ACROSS_FILESYSTEM not set).
[2022-07-10T04:22:54.186Z] > git rev-parse --show-toplevel [7031ms]
[2022-07-10T04:22:54.227Z] > git rev-parse --git-dir --git-common-dir [13ms]
[2022-07-10T04:22:54.243Z] [info] Open repository: /run/media/upalb/Miscellaneous/Code/Programming-Hero/Assigmnent 1
[2022-07-10T04:22:54.332Z] > git status -z -uall [63ms]
[2022-07-10T04:22:54.392Z] > git rev-parse --show-toplevel [95ms]
[2022-07-10T04:22:54.392Z] fatal: not a git repository (or any parent up to mount point /)
Stopping at filesystem boundary (GIT_DISCOVERY_ACROSS_FILESYSTEM not set).
[2022-07-10T04:22:54.438Z] > git symbolic-ref --short HEAD [83ms]
[2022-07-10T04:22:54.493Z] > git rev-parse --show-toplevel [77ms]
[2022-07-10T04:22:54.493Z] fatal: not a git repository (or any parent up to mount point /)
Stopping at filesystem boundary (GIT_DISCOVERY_ACROSS_FILESYSTEM not set).
[2022-07-10T04:22:54.530Z] > git for-each-ref --format=%(refname)%00%(upstream:short)%00%(objectname)%00%(upstream:track)%00%(upstream:remotename)%00%(upstream:remoteref) refs/heads/main refs/remotes/main [71ms]
[2022-07-10T04:22:54.613Z] > git rev-parse --show-toplevel [99ms]
[2022-07-10T04:22:54.613Z] fatal: not a git repository (or any parent up to mount point /)
Stopping at filesystem boundary (GIT_DISCOVERY_ACROSS_FILESYSTEM not set).
[2022-07-10T04:22:54.652Z] > git remote --verbose [88ms]
[2022-07-10T04:22:54.653Z] > git for-each-ref --sort -committerdate --format %(refname) %(objectname) %(*objectname) [106ms]
[2022-07-10T04:22:54.694Z] > git rev-parse --show-toplevel [67ms]
[2022-07-10T04:22:54.694Z] fatal: not a git repository (or any parent up to mount point /)
Stopping at filesystem boundary (GIT_DISCOVERY_ACROSS_FILESYSTEM not set).
[2022-07-10T04:22:54.772Z] > git rev-parse --show-toplevel [58ms]
[2022-07-10T04:22:54.772Z] fatal: not a git repository (or any parent up to mount point /)
Stopping at filesystem boundary (GIT_DISCOVERY_ACROSS_FILESYSTEM not set).
[2022-07-10T04:22:54.784Z] > git config --get commit.template [92ms]
[2022-07-10T04:22:54.793Z] > git rev-parse --show-toplevel [10ms]
[2022-07-10T04:22:54.793Z] fatal: not a git repository (or any parent up to mount point /)
Stopping at filesystem boundary (GIT_DISCOVERY_ACROSS_FILESYSTEM not set).
[2022-07-10T04:22:54.809Z] > git rev-parse --show-toplevel [2ms]
[2022-07-10T04:22:54.809Z] fatal: not a git repository (or any parent up to mount point /)
Stopping at filesystem boundary (GIT_DISCOVERY_ACROSS_FILESYSTEM not set).
[2022-07-10T04:22:54.826Z] > git rev-parse --show-toplevel [3ms]
[2022-07-10T04:22:54.826Z] fatal: not a git repository (or any parent up to mount point /)
Stopping at filesystem boundary (GIT_DISCOVERY_ACROSS_FILESYSTEM not set).
[2022-07-10T04:22:54.840Z] > git rev-parse --show-toplevel [2ms]
[2022-07-10T04:22:54.841Z] fatal: not a git repository (or any parent up to mount point /)
Stopping at filesystem boundary (GIT_DISCOVERY_ACROSS_FILESYSTEM not set).
[2022-07-10T04:22:54.852Z] > git rev-parse --show-toplevel [2ms]
[2022-07-10T04:22:54.852Z] fatal: not a git repository (or any parent up to mount point /)
Stopping at filesystem boundary (GIT_DISCOVERY_ACROSS_FILESYSTEM not set).
[2022-07-10T04:22:54.864Z] > git rev-parse --show-toplevel [2ms]
[2022-07-10T04:22:54.864Z] fatal: not a git repository (or any parent up to mount point /)
Stopping at filesystem boundary (GIT_DISCOVERY_ACROSS_FILESYSTEM not set).
[2022-07-10T04:22:54.876Z] > git rev-parse --show-toplevel [2ms]
[2022-07-10T04:22:54.876Z] fatal: not a git repository (or any parent up to mount point /)
Stopping at filesystem boundary (GIT_DISCOVERY_ACROSS_FILESYSTEM not set).
[2022-07-10T04:22:54.893Z] > git rev-parse --show-toplevel [3ms]
[2022-07-10T04:22:54.893Z] fatal: not a git repository (or any parent up to mount point /)
Stopping at filesystem boundary (GIT_DISCOVERY_ACROSS_FILESYSTEM not set).
[2022-07-10T04:22:54.914Z] > git rev-parse --show-toplevel [4ms]
[2022-07-10T04:22:54.914Z] fatal: not a git repository (or any parent up to mount point /)
Stopping at filesystem boundary (GIT_DISCOVERY_ACROSS_FILESYSTEM not set).
[2022-07-10T04:22:54.954Z] > git rev-parse --show-toplevel [27ms]
[2022-07-10T04:22:54.954Z] fatal: not a git repository (or any parent up to mount point /)
Stopping at filesystem boundary (GIT_DISCOVERY_ACROSS_FILESYSTEM not set).
[2022-07-10T04:22:54.968Z] > git check-ignore -v -z --stdin [18ms]
[2022-07-10T04:22:54.970Z] > git rev-parse --show-toplevel [4ms]
[2022-07-10T04:22:54.970Z] fatal: not a git repository (or any parent up to mount point /)
Stopping at filesystem boundary (GIT_DISCOVERY_ACROSS_FILESYSTEM not set).
[2022-07-10T04:22:55.052Z] > git rev-parse --show-toplevel [69ms]
[2022-07-10T04:22:55.052Z] fatal: not a git repository (or any parent up to mount point /)
Stopping at filesystem boundary (GIT_DISCOVERY_ACROSS_FILESYSTEM not set).
[2022-07-10T04:22:55.071Z] > git rev-parse --show-toplevel [3ms]
[2022-07-10T04:22:55.071Z] fatal: not a git repository (or any parent up to mount point /)
Stopping at filesystem boundary (GIT_DISCOVERY_ACROSS_FILESYSTEM not set).
[2022-07-10T04:22:55.097Z] > git rev-parse --show-toplevel [4ms]
[2022-07-10T04:22:55.097Z] fatal: not a git repository (or any parent up to mount point /)
Stopping at filesystem boundary (GIT_DISCOVERY_ACROSS_FILESYSTEM not set).
[2022-07-10T04:22:55.112Z] > git rev-parse --show-toplevel [2ms]
[2022-07-10T04:22:55.112Z] fatal: not a git repository (or any parent up to mount point /)
Stopping at filesystem boundary (GIT_DISCOVERY_ACROSS_FILESYSTEM not set).
[2022-07-10T04:22:55.128Z] > git rev-parse --show-toplevel [1ms]
[2022-07-10T04:22:55.128Z] fatal: not a git repository (or any parent up to mount point /)
Stopping at filesystem boundary (GIT_DISCOVERY_ACROSS_FILESYSTEM not set).
[2022-07-10T04:22:55.143Z] > git rev-parse --show-toplevel [1ms]
[2022-07-10T04:22:55.143Z] fatal: not a git repository (or any parent up to mount point /)
Stopping at filesystem boundary (GIT_DISCOVERY_ACROSS_FILESYSTEM not set).
[2022-07-10T04:22:55.159Z] > git rev-parse --show-toplevel [3ms]
[2022-07-10T04:22:55.159Z] fatal: not a git repository (or any parent up to mount point /)
Stopping at filesystem boundary (GIT_DISCOVERY_ACROSS_FILESYSTEM not set).
[2022-07-10T04:22:55.177Z] > git rev-parse --show-toplevel [3ms]
[2022-07-10T04:22:55.177Z] fatal: not a git repository (or any parent up to mount point /run/media/upalb)
Stopping at filesystem boundary (GIT_DISCOVERY_ACROSS_FILESYSTEM not set).
[2022-07-10T04:22:55.217Z] > git rev-parse --show-toplevel [25ms]
[2022-07-10T04:22:55.217Z] fatal: not a git repository (or any parent up to mount point /run/media/upalb)
Stopping at filesystem boundary (GIT_DISCOVERY_ACROSS_FILESYSTEM not set).
[2022-07-10T04:22:55.240Z] > git rev-parse --show-toplevel [3ms]
[2022-07-10T04:22:55.240Z] fatal: not a git repository (or any parent up to mount point /run/media/upalb)
Stopping at filesystem boundary (GIT_DISCOVERY_ACROSS_FILESYSTEM not set).
[2022-07-10T04:22:55.281Z] > git rev-parse --show-toplevel [28ms]
[2022-07-10T04:22:55.281Z] fatal: not a git repository (or any parent up to mount point /run/media/upalb)
Stopping at filesystem boundary (GIT_DISCOVERY_ACROSS_FILESYSTEM not set).
[2022-07-10T04:22:55.353Z] > git rev-parse --show-toplevel [60ms]
[2022-07-10T04:22:55.353Z] fatal: not a git repository (or any parent up to mount point /run/media/upalb)
Stopping at filesystem boundary (GIT_DISCOVERY_ACROSS_FILESYSTEM not set).
[2022-07-10T04:22:55.372Z] > git rev-parse --show-toplevel [4ms]
[2022-07-10T04:22:55.372Z] fatal: not a git repository (or any parent up to mount point /run/media/upalb)
Stopping at filesystem boundary (GIT_DISCOVERY_ACROSS_FILESYSTEM not set).
[2022-07-10T04:22:55.414Z] > git rev-parse --show-toplevel [27ms]
[2022-07-10T04:22:55.414Z] fatal: not a git repository (or any parent up to mount point /run/media/upalb)
Stopping at filesystem boundary (GIT_DISCOVERY_ACROSS_FILESYSTEM not set).
[2022-07-10T04:22:55.433Z] > git rev-parse --show-toplevel [3ms]
[2022-07-10T04:22:55.433Z] fatal: not a git repository (or any parent up to mount point /run/media/upalb)
Stopping at filesystem boundary (GIT_DISCOVERY_ACROSS_FILESYSTEM not set).
[2022-07-10T04:22:55.469Z] > git show --textconv :style.css [18ms]
[2022-07-10T04:22:55.473Z] > git ls-files --stage -- /run/media/upalb/Miscellaneous/Code/Programming-Hero/Assigmnent 1/style.css [6ms]
[2022-07-10T04:22:55.495Z] > git cat-file -s 17b3b034ba21ee13587fa09de2b18ae08a6ed46b [8ms]
[2022-07-10T04:23:04.182Z] > git rev-parse --show-toplevel [141ms]
[2022-07-10T04:23:04.182Z] fatal: not a git repository (or any parent up to mount point /run/media/upalb)
Stopping at filesystem boundary (GIT_DISCOVERY_ACROSS_FILESYSTEM not set).
[2022-07-10T04:23:09.809Z] > git rev-parse --show-toplevel [576ms]
[2022-07-10T04:23:09.809Z] fatal: not a git repository (or any parent up to mount point /)
Stopping at filesystem boundary (GIT_DISCOVERY_ACROSS_FILESYSTEM not set).
[2022-07-10T04:23:33.085Z] > git rev-parse --show-toplevel [17ms]
[2022-07-10T04:23:33.085Z] fatal: not a git repository (or any parent up to mount point /)
Stopping at filesystem boundary (GIT_DISCOVERY_ACROSS_FILESYSTEM not set).
[2022-07-10T04:23:52.854Z] > git rev-parse --show-toplevel [10ms]
[2022-07-10T04:23:52.854Z] fatal: not a git repository (or any parent up to mount point /)
Stopping at filesystem boundary (GIT_DISCOVERY_ACROSS_FILESYSTEM not set).
[2022-07-10T04:24:47.782Z] > git rev-parse --show-toplevel [8ms]
[2022-07-10T04:24:47.782Z] fatal: not a git repository (or any parent up to mount point /)
Stopping at filesystem boundary (GIT_DISCOVERY_ACROSS_FILESYSTEM not set).
[2022-07-10T04:25:09.000Z] > git show --textconv :style.css [17ms]
[2022-07-10T04:25:09.002Z] > git ls-files --stage -- /run/media/upalb/Miscellaneous/Code/Programming-Hero/Assigmnent 1/style.css [6ms]
[2022-07-10T04:25:09.017Z] > git cat-file -s 17b3b034ba21ee13587fa09de2b18ae08a6ed46b [4ms]
[2022-07-10T04:25:13.113Z] > git show --textconv :index.html [21ms]
[2022-07-10T04:25:13.117Z] > git ls-files --stage -- /run/media/upalb/Miscellaneous/Code/Programming-Hero/Assigmnent 1/index.html [6ms]
[2022-07-10T04:25:13.144Z] > git cat-file -s e342112bc28d2a3ab56f787bef46424c5714e3fb [6ms]
[2022-07-10T04:25:22.423Z] > git show --textconv :style.css [21ms]
[2022-07-10T04:25:22.424Z] > git ls-files --stage -- /run/media/upalb/Miscellaneous/Code/Programming-Hero/Assigmnent 1/style.css [2ms]
[2022-07-10T04:25:22.439Z] > git cat-file -s 17b3b034ba21ee13587fa09de2b18ae08a6ed46b [3ms]
[2022-07-10T04:25:22.905Z] > git rev-parse --show-toplevel [6ms]
[2022-07-10T04:25:22.905Z] fatal: not a git repository (or any parent up to mount point /run/media/upalb)
Stopping at filesystem boundary (GIT_DISCOVERY_ACROSS_FILESYSTEM not set).
[2022-07-10T04:25:29.788Z] > git rev-parse --show-toplevel [11ms]
[2022-07-10T04:25:29.788Z] fatal: not a git repository (or any parent up to mount point /)
Stopping at filesystem boundary (GIT_DISCOVERY_ACROSS_FILESYSTEM not set).
[2022-07-10T04:25:32.756Z] > git rev-parse --show-toplevel [12ms]
[2022-07-10T04:25:32.756Z] fatal: not a git repository (or any parent up to mount point /)
Stopping at filesystem boundary (GIT_DISCOVERY_ACROSS_FILESYSTEM not set).
[2022-07-10T04:25:33.985Z] > git rev-parse --show-toplevel [7ms]
[2022-07-10T04:25:33.985Z] fatal: not a git repository (or any parent up to mount point /)
Stopping at filesystem boundary (GIT_DISCOVERY_ACROSS_FILESYSTEM not set).
[2022-07-10T04:25:56.796Z] > git rev-parse --show-toplevel [6ms]
[2022-07-10T04:25:56.796Z] fatal: not a git repository (or any parent up to mount point /)
Stopping at filesystem boundary (GIT_DISCOVERY_ACROSS_FILESYSTEM not set).
[2022-07-10T04:26:04.419Z] > git rev-parse --show-toplevel [39ms]
[2022-07-10T04:26:04.419Z] fatal: not a git repository (or any parent up to mount point /)
Stopping at filesystem boundary (GIT_DISCOVERY_ACROSS_FILESYSTEM not set).
[2022-07-10T04:26:09.624Z] > git rev-parse --show-toplevel [44ms]
[2022-07-10T04:26:09.624Z] fatal: not a git repository (or any parent up to mount point /)
Stopping at filesystem boundary (GIT_DISCOVERY_ACROSS_FILESYSTEM not set).
[2022-07-10T04:26:25.537Z] > git rev-parse --show-toplevel [4ms]
[2022-07-10T04:26:25.537Z] fatal: not a git repository (or any parent up to mount point /)
Stopping at filesystem boundary (GIT_DISCOVERY_ACROSS_FILESYSTEM not set).
[2022-07-10T04:26:47.493Z] > git rev-parse --show-toplevel [9ms]
[2022-07-10T04:26:47.493Z] fatal: not a git repository (or any parent up to mount point /)
Stopping at filesystem boundary (GIT_DISCOVERY_ACROSS_FILESYSTEM not set).
[2022-07-10T04:27:47.039Z] > git rev-parse --show-toplevel [37ms]
[2022-07-10T04:27:47.039Z] fatal: not a git repository (or any parent up to mount point /)
Stopping at filesystem boundary (GIT_DISCOVERY_ACROSS_FILESYSTEM not set).
[2022-07-10T04:28:21.246Z] > git rev-parse --show-toplevel [7ms]
[2022-07-10T04:28:21.246Z] fatal: not a git repository (or any parent up to mount point /)
Stopping at filesystem boundary (GIT_DISCOVERY_ACROSS_FILESYSTEM not set).
[2022-07-10T04:28:26.827Z] > git rev-parse --show-toplevel [22ms]
[2022-07-10T04:28:26.827Z] fatal: not a git repository (or any parent up to mount point /)
Stopping at filesystem boundary (GIT_DISCOVERY_ACROSS_FILESYSTEM not set).
[2022-07-10T04:28:45.544Z] > git rev-parse --show-toplevel [15ms]
[2022-07-10T04:28:45.544Z] fatal: not a git repository (or any parent up to mount point /)
Stopping at filesystem boundary (GIT_DISCOVERY_ACROSS_FILESYSTEM not set).
[2022-07-10T04:29:00.234Z] > git rev-parse --show-toplevel [7ms]
[2022-07-10T04:29:00.234Z] fatal: not a git repository (or any parent up to mount point /)
Stopping at filesystem boundary (GIT_DISCOVERY_ACROSS_FILESYSTEM not set).
[2022-07-10T04:29:25.683Z] > git rev-parse --show-toplevel [30ms]
[2022-07-10T04:29:25.683Z] fatal: not a git repository (or any parent up to mount point /)
Stopping at filesystem boundary (GIT_DISCOVERY_ACROSS_FILESYSTEM not set).
[2022-07-10T04:31:16.840Z] > git rev-parse --show-toplevel [4ms]
[2022-07-10T04:31:16.840Z] fatal: not a git repository (or any parent up to mount point /)
Stopping at filesystem boundary (GIT_DISCOVERY_ACROSS_FILESYSTEM not set).
[2022-07-10T04:31:38.316Z] > git rev-parse --show-toplevel [32ms]
[2022-07-10T04:31:38.316Z] fatal: not a git repository (or any parent up to mount point /)
Stopping at filesystem boundary (GIT_DISCOVERY_ACROSS_FILESYSTEM not set).
[2022-07-10T04:32:43.507Z] > git rev-parse --show-toplevel [8ms]
[2022-07-10T04:32:43.507Z] fatal: not a git repository (or any parent up to mount point /)
Stopping at filesystem boundary (GIT_DISCOVERY_ACROSS_FILESYSTEM not set).
[2022-07-10T04:33:26.794Z] > git rev-parse --show-toplevel [17ms]
[2022-07-10T04:33:26.794Z] fatal: not a git repository (or any parent up to mount point /)
Stopping at filesystem boundary (GIT_DISCOVERY_ACROSS_FILESYSTEM not set).
[2022-07-10T04:33:37.193Z] > git rev-parse --show-toplevel [4ms]
[2022-07-10T04:33:37.193Z] fatal: not a git repository (or any parent up to mount point /)
Stopping at filesystem boundary (GIT_DISCOVERY_ACROSS_FILESYSTEM not set).
[2022-07-10T04:34:38.063Z] > git rev-parse --show-toplevel [7ms]
[2022-07-10T04:34:38.063Z] fatal: not a git repository (or any parent up to mount point /)
Stopping at filesystem boundary (GIT_DISCOVERY_ACROSS_FILESYSTEM not set).
[2022-07-10T04:34:59.785Z] > git rev-parse --show-toplevel [14ms]
[2022-07-10T04:34:59.785Z] fatal: not a git repository (or any parent up to mount point /)
Stopping at filesystem boundary (GIT_DISCOVERY_ACROSS_FILESYSTEM not set).
[2022-07-10T04:35:00.557Z] > git rev-parse --show-toplevel [15ms]
[2022-07-10T04:35:00.557Z] fatal: not a git repository (or any parent up to mount point /run/media/upalb)
Stopping at filesystem boundary (GIT_DISCOVERY_ACROSS_FILESYSTEM not set).
