[2022-07-13T17:11:22.038Z] Log level: Info
[2022-07-13T17:11:22.040Z] [info] Validating found git in: git
[2022-07-13T17:11:22.206Z] [info] Using git 2.37.0 from git
[2022-07-13T17:11:22.379Z] > git rev-parse --show-toplevel [154ms]
[2022-07-13T17:11:22.418Z] > git rev-parse --git-dir --git-common-dir [15ms]
[2022-07-13T17:11:22.434Z] [info] Open repository: /home/upalb/Grover
[2022-07-13T17:11:22.788Z] > git status -z -uall [331ms]
[2022-07-13T17:11:22.803Z] > git ls-files --stage -- /home/upalb/Grover/index.html [17ms]
[2022-07-13T17:11:22.816Z] > git show --textconv :index.html [48ms]
[2022-07-13T17:11:22.818Z] > git symbolic-ref --short HEAD [17ms]
[2022-07-13T17:11:22.831Z] > git cat-file -s cb80bd9861a1caf3564203f327d68c28e6c2982f [16ms]
[2022-07-13T17:11:22.848Z] > git for-each-ref --format=%(refname)%00%(upstream:short)%00%(objectname)%00%(upstream:track)%00%(upstream:remotename)%00%(upstream:remoteref) refs/heads/main refs/remotes/main [18ms]
[2022-07-13T17:11:22.888Z] > git remote --verbose [3ms]
[2022-07-13T17:11:22.889Z] > git for-each-ref --sort -committerdate --format %(refname) %(objectname) %(*objectname) [21ms]
[2022-07-13T17:11:22.914Z] > git config --get commit.template [4ms]
[2022-07-13T17:11:23.013Z] > git check-ignore -v -z --stdin [13ms]
[2022-07-13T17:11:33.992Z] > git config --global user.email [9ms]
[2022-07-13T17:11:34.015Z] > git config --global user.name [9ms]
[2022-07-13T17:11:34.050Z] > git status -z -uall [16ms]
[2022-07-13T17:11:34.108Z] > git symbolic-ref --short HEAD [39ms]
[2022-07-13T17:11:34.125Z] > git for-each-ref --format=%(refname)%00%(upstream:short)%00%(objectname)%00%(upstream:track)%00%(upstream:remotename)%00%(upstream:remoteref) refs/heads/main refs/remotes/main [4ms]
[2022-07-13T17:11:34.180Z] > git for-each-ref --sort -committerdate --format %(refname) %(objectname) %(*objectname) [36ms]
[2022-07-13T17:11:34.202Z] > git remote --verbose [30ms]
[2022-07-13T17:11:34.243Z] > git config --get commit.template [6ms]
[2022-07-13T17:11:34.413Z] > git show -s --format=%an <%ae> [%ai] b223393853401ac3f5ca227f72fb38824f0ca07a [149ms]
[2022-07-13T17:11:34.431Z] > git show -s --format=%H%n%aN%n%aE%n%at%n%ct%n%P%n%D%n%B -z b223393853401ac3f5ca227f72fb38824f0ca07a [3ms]
[2022-07-13T17:11:34.483Z] > git show -s --format=%an <%ae> [%ai] a9d092d7ef1fdb0f8f80a5158531c76e32c5eaae [30ms]
[2022-07-13T17:11:34.519Z] > git show -s --format=%H%n%aN%n%aE%n%at%n%ct%n%P%n%D%n%B -z a9d092d7ef1fdb0f8f80a5158531c76e32c5eaae [19ms]
[2022-07-13T17:11:34.540Z] > git show -s --format=%an <%ae> [%ai] 1f90a79f2f581c421671fef5065d87fef401bbd7 [4ms]
[2022-07-13T17:11:34.557Z] > git show -s --format=%H%n%aN%n%aE%n%at%n%ct%n%P%n%D%n%B -z 1f90a79f2f581c421671fef5065d87fef401bbd7 [3ms]
