[2022-07-13T18:05:57.275Z] Log level: Info
[2022-07-13T18:05:57.276Z] [info] Validating found git in: git
[2022-07-13T18:05:57.309Z] [info] Using git 2.37.1 from git
[2022-07-13T18:05:57.374Z] > git rev-parse --show-toplevel [38ms]
[2022-07-13T18:05:59.250Z] > git rev-parse --git-dir --git-common-dir [1858ms]
[2022-07-13T18:05:59.256Z] [info] Open repository: /home/upalb/Grover
[2022-07-13T18:05:59.302Z] > git status -z -uall [28ms]
[2022-07-13T18:05:59.329Z] > git symbolic-ref --short HEAD [13ms]
[2022-07-13T18:05:59.357Z] > git for-each-ref --format=%(refname)%00%(upstream:short)%00%(objectname)%00%(upstream:track)%00%(upstream:remotename)%00%(upstream:remoteref) refs/heads/main refs/remotes/main [11ms]
[2022-07-13T18:05:59.385Z] > git remote --verbose [4ms]
[2022-07-13T18:05:59.385Z] > git for-each-ref --sort -committerdate --format %(refname) %(objectname) %(*objectname) [17ms]
[2022-07-13T18:05:59.974Z] > git check-ignore -v -z --stdin [5ms]
[2022-07-13T18:05:59.976Z] > git config --get commit.template [504ms]
[2022-07-13T18:05:59.994Z] > git status -z -uall [3ms]
[2022-07-13T18:06:00.061Z] > git show --textconv :index.html [26ms]
[2022-07-13T18:06:00.062Z] > git symbolic-ref --short HEAD [52ms]
[2022-07-13T18:06:00.090Z] > git ls-files --stage -- /home/upalb/Grover/index.html [31ms]
[2022-07-13T18:06:00.120Z] > git cat-file -s cb80bd9861a1caf3564203f327d68c28e6c2982f [6ms]
[2022-07-13T18:06:00.123Z] > git for-each-ref --format=%(refname)%00%(upstream:short)%00%(objectname)%00%(upstream:track)%00%(upstream:remotename)%00%(upstream:remoteref) refs/heads/main refs/remotes/main [39ms]
[2022-07-13T18:06:00.158Z] > git remote --verbose [3ms]
[2022-07-13T18:06:00.159Z] > git for-each-ref --sort -committerdate --format %(refname) %(objectname) %(*objectname) [21ms]
[2022-07-13T18:06:00.305Z] > git config --get commit.template [16ms]
[2022-07-13T18:06:02.630Z] > git config --global user.email [163ms]
[2022-07-13T18:06:02.748Z] > git config --global user.name [54ms]
[2022-07-13T18:06:02.750Z] > git status -z -uall [4ms]
[2022-07-13T18:06:02.778Z] > git symbolic-ref --short HEAD [12ms]
[2022-07-13T18:06:02.805Z] > git for-each-ref --format=%(refname)%00%(upstream:short)%00%(objectname)%00%(upstream:track)%00%(upstream:remotename)%00%(upstream:remoteref) refs/heads/main refs/remotes/main [6ms]
[2022-07-13T18:06:02.881Z] > git for-each-ref --sort -committerdate --format %(refname) %(objectname) %(*objectname) [56ms]
[2022-07-13T18:06:02.884Z] > git remote --verbose [16ms]
[2022-07-13T18:06:02.912Z] > git config --get commit.template [3ms]
[2022-07-13T18:06:02.939Z] > git status -z -uall [4ms]
[2022-07-13T18:06:02.976Z] > git symbolic-ref --short HEAD [13ms]
[2022-07-13T18:06:03.063Z] > git for-each-ref --format=%(refname)%00%(upstream:short)%00%(objectname)%00%(upstream:track)%00%(upstream:remotename)%00%(upstream:remoteref) refs/heads/main refs/remotes/main [63ms]
[2022-07-13T18:06:03.103Z] > git remote --verbose [3ms]
[2022-07-13T18:06:03.104Z] > git for-each-ref --sort -committerdate --format %(refname) %(objectname) %(*objectname) [22ms]
[2022-07-13T18:06:03.110Z] > git ls-files --stage -- /home/upalb/Grover/index.html [57ms]
[2022-07-13T18:06:03.173Z] > git config --get commit.template [29ms]
[2022-07-13T18:06:03.192Z] > git cat-file -s cb80bd9861a1caf3564203f327d68c28e6c2982f [65ms]
[2022-07-13T18:06:03.215Z] > git show -s --format=%an <%ae> [%ai] b223393853401ac3f5ca227f72fb38824f0ca07a [24ms]
[2022-07-13T18:06:03.258Z] > git show --textconv :index.html [44ms]
[2022-07-13T18:06:03.258Z] > git show -s --format=%H%n%aN%n%aE%n%at%n%ct%n%P%n%D%n%B -z b223393853401ac3f5ca227f72fb38824f0ca07a [28ms]
[2022-07-13T18:06:03.276Z] > git show -s --format=%an <%ae> [%ai] a9d092d7ef1fdb0f8f80a5158531c76e32c5eaae [5ms]
[2022-07-13T18:06:03.300Z] > git show -s --format=%H%n%aN%n%aE%n%at%n%ct%n%P%n%D%n%B -z a9d092d7ef1fdb0f8f80a5158531c76e32c5eaae [4ms]
[2022-07-13T18:06:03.335Z] > git show -s --format=%an <%ae> [%ai] 1f90a79f2f581c421671fef5065d87fef401bbd7 [22ms]
[2022-07-13T18:06:03.368Z] > git show -s --format=%H%n%aN%n%aE%n%at%n%ct%n%P%n%D%n%B -z 1f90a79f2f581c421671fef5065d87fef401bbd7 [5ms]
[2022-07-13T18:06:04.161Z] > git ls-files --stage -- /home/upalb/Grover/index.html [2ms]
[2022-07-13T18:06:04.184Z] > git cat-file -s cb80bd9861a1caf3564203f327d68c28e6c2982f [3ms]
[2022-07-13T18:06:04.227Z] > git show --textconv :index.html [5ms]
[2022-07-13T18:06:34.683Z] > git show --textconv :scss/_navbar.scss [22ms]
[2022-07-13T18:06:34.685Z] > git ls-files --stage -- /home/upalb/Grover/scss/_navbar.scss [4ms]
[2022-07-13T18:06:34.712Z] > git cat-file -s ce76ba0869b3364ddde948067f643c4eec933768 [8ms]
[2022-07-13T18:08:11.435Z] > git status -z -uall [4ms]
[2022-07-13T18:08:11.450Z] > git symbolic-ref --short HEAD [2ms]
[2022-07-13T18:08:11.466Z] > git for-each-ref --format=%(refname)%00%(upstream:short)%00%(objectname)%00%(upstream:track)%00%(upstream:remotename)%00%(upstream:remoteref) refs/heads/main refs/remotes/main [3ms]
[2022-07-13T18:08:11.494Z] > git for-each-ref --sort -committerdate --format %(refname) %(objectname) %(*objectname) [15ms]
[2022-07-13T18:08:11.495Z] > git remote --verbose [3ms]
[2022-07-13T18:08:11.515Z] > git config --get commit.template [2ms]
[2022-07-13T18:08:23.069Z] > git status -z -uall [3ms]
[2022-07-13T18:08:23.088Z] > git symbolic-ref --short HEAD [3ms]
[2022-07-13T18:08:23.103Z] > git for-each-ref --format=%(refname)%00%(upstream:short)%00%(objectname)%00%(upstream:track)%00%(upstream:remotename)%00%(upstream:remoteref) refs/heads/main refs/remotes/main [2ms]
[2022-07-13T18:08:23.131Z] > git for-each-ref --sort -committerdate --format %(refname) %(objectname) %(*objectname) [15ms]
[2022-07-13T18:08:23.132Z] > git remote --verbose [2ms]
[2022-07-13T18:08:23.151Z] > git config --get commit.template [1ms]
[2022-07-13T18:13:48.503Z] > git show --textconv :index.html [17ms]
[2022-07-13T18:13:48.505Z] > git ls-files --stage -- /home/upalb/Grover/index.html [4ms]
[2022-07-13T18:13:48.520Z] > git cat-file -s cb80bd9861a1caf3564203f327d68c28e6c2982f [2ms]
[2022-07-13T18:15:28.877Z] > git status -z -uall [3ms]
[2022-07-13T18:15:28.893Z] > git symbolic-ref --short HEAD [2ms]
[2022-07-13T18:15:28.911Z] > git for-each-ref --format=%(refname)%00%(upstream:short)%00%(objectname)%00%(upstream:track)%00%(upstream:remotename)%00%(upstream:remoteref) refs/heads/main refs/remotes/main [3ms]
[2022-07-13T18:15:28.940Z] > git for-each-ref --sort -committerdate --format %(refname) %(objectname) %(*objectname) [16ms]
[2022-07-13T18:15:28.941Z] > git remote --verbose [2ms]
[2022-07-13T18:15:28.960Z] > git config --get commit.template [2ms]
[2022-07-13T18:16:02.680Z] > git status -z -uall [3ms]
[2022-07-13T18:16:02.696Z] > git symbolic-ref --short HEAD [3ms]
[2022-07-13T18:16:02.711Z] > git for-each-ref --format=%(refname)%00%(upstream:short)%00%(objectname)%00%(upstream:track)%00%(upstream:remotename)%00%(upstream:remoteref) refs/heads/main refs/remotes/main [2ms]
[2022-07-13T18:16:02.740Z] > git for-each-ref --sort -committerdate --format %(refname) %(objectname) %(*objectname) [14ms]
[2022-07-13T18:16:02.740Z] > git remote --verbose [2ms]
[2022-07-13T18:16:02.759Z] > git config --get commit.template [2ms]
[2022-07-13T18:16:45.715Z] > git status -z -uall [3ms]
[2022-07-13T18:16:45.730Z] > git symbolic-ref --short HEAD [1ms]
[2022-07-13T18:16:45.747Z] > git for-each-ref --format=%(refname)%00%(upstream:short)%00%(objectname)%00%(upstream:track)%00%(upstream:remotename)%00%(upstream:remoteref) refs/heads/main refs/remotes/main [2ms]
[2022-07-13T18:16:45.779Z] > git for-each-ref --sort -committerdate --format %(refname) %(objectname) %(*objectname) [16ms]
[2022-07-13T18:16:45.779Z] > git remote --verbose [2ms]
[2022-07-13T18:16:45.803Z] > git config --get commit.template [6ms]
[2022-07-13T18:17:12.974Z] > git status -z -uall [3ms]
[2022-07-13T18:17:12.989Z] > git symbolic-ref --short HEAD [2ms]
[2022-07-13T18:17:13.004Z] > git for-each-ref --format=%(refname)%00%(upstream:short)%00%(objectname)%00%(upstream:track)%00%(upstream:remotename)%00%(upstream:remoteref) refs/heads/main refs/remotes/main [1ms]
[2022-07-13T18:17:13.035Z] > git for-each-ref --sort -committerdate --format %(refname) %(objectname) %(*objectname) [16ms]
[2022-07-13T18:17:13.035Z] > git remote --verbose [2ms]
[2022-07-13T18:17:13.054Z] > git config --get commit.template [1ms]
[2022-07-13T18:17:19.637Z] > git status -z -uall [12ms]
[2022-07-13T18:17:19.685Z] > git symbolic-ref --short HEAD [2ms]
[2022-07-13T18:17:19.712Z] > git for-each-ref --format=%(refname)%00%(upstream:short)%00%(objectname)%00%(upstream:track)%00%(upstream:remotename)%00%(upstream:remoteref) refs/heads/main refs/remotes/main [4ms]
[2022-07-13T18:17:19.750Z] > git for-each-ref --sort -committerdate --format %(refname) %(objectname) %(*objectname) [16ms]
[2022-07-13T18:17:19.751Z] > git remote --verbose [2ms]
[2022-07-13T18:17:19.772Z] > git config --get commit.template [2ms]
[2022-07-13T18:17:51.766Z] > git show --textconv :scss/_choose.scss [15ms]
[2022-07-13T18:17:51.767Z] > git ls-files --stage -- /home/upalb/Grover/scss/_choose.scss [2ms]
[2022-07-13T18:17:52.107Z] > git check-ignore -v -z --stdin [3ms]
[2022-07-13T18:18:04.720Z] > git status -z -uall [4ms]
[2022-07-13T18:18:04.741Z] > git symbolic-ref --short HEAD [4ms]
[2022-07-13T18:18:04.760Z] > git for-each-ref --format=%(refname)%00%(upstream:short)%00%(objectname)%00%(upstream:track)%00%(upstream:remotename)%00%(upstream:remoteref) refs/heads/main refs/remotes/main [2ms]
[2022-07-13T18:18:04.795Z] > git for-each-ref --sort -committerdate --format %(refname) %(objectname) %(*objectname) [19ms]
[2022-07-13T18:18:04.796Z] > git remote --verbose [3ms]
[2022-07-13T18:18:04.817Z] > git config --get commit.template [2ms]
[2022-07-13T18:18:24.052Z] > git status -z -uall [5ms]
[2022-07-13T18:18:24.075Z] > git symbolic-ref --short HEAD [2ms]
[2022-07-13T18:18:24.097Z] > git for-each-ref --format=%(refname)%00%(upstream:short)%00%(objectname)%00%(upstream:track)%00%(upstream:remotename)%00%(upstream:remoteref) refs/heads/main refs/remotes/main [4ms]
[2022-07-13T18:18:24.135Z] > git for-each-ref --sort -committerdate --format %(refname) %(objectname) %(*objectname) [18ms]
[2022-07-13T18:18:24.136Z] > git remote --verbose [2ms]
[2022-07-13T18:18:24.158Z] > git config --get commit.template [2ms]
[2022-07-13T18:18:39.054Z] > git status -z -uall [3ms]
[2022-07-13T18:18:39.074Z] > git symbolic-ref --short HEAD [2ms]
[2022-07-13T18:18:39.090Z] > git for-each-ref --format=%(refname)%00%(upstream:short)%00%(objectname)%00%(upstream:track)%00%(upstream:remotename)%00%(upstream:remoteref) refs/heads/main refs/remotes/main [1ms]
[2022-07-13T18:18:39.124Z] > git for-each-ref --sort -committerdate --format %(refname) %(objectname) %(*objectname) [18ms]
[2022-07-13T18:18:39.124Z] > git remote --verbose [2ms]
[2022-07-13T18:18:39.144Z] > git config --get commit.template [1ms]
[2022-07-13T18:18:44.901Z] > git status -z -uall [4ms]
[2022-07-13T18:18:44.921Z] > git symbolic-ref --short HEAD [2ms]
[2022-07-13T18:18:44.944Z] > git for-each-ref --format=%(refname)%00%(upstream:short)%00%(objectname)%00%(upstream:track)%00%(upstream:remotename)%00%(upstream:remoteref) refs/heads/main refs/remotes/main [2ms]
[2022-07-13T18:18:44.978Z] > git for-each-ref --sort -committerdate --format %(refname) %(objectname) %(*objectname) [19ms]
[2022-07-13T18:18:44.979Z] > git remote --verbose [2ms]
[2022-07-13T18:18:44.999Z] > git config --get commit.template [2ms]
[2022-07-13T18:18:59.003Z] > git show --textconv :index.html [19ms]
[2022-07-13T18:18:59.006Z] > git ls-files --stage -- /home/upalb/Grover/index.html [5ms]
[2022-07-13T18:18:59.032Z] > git cat-file -s cb80bd9861a1caf3564203f327d68c28e6c2982f [3ms]
[2022-07-13T18:19:10.089Z] > git show --textconv :scss/_choose.scss [28ms]
[2022-07-13T18:19:10.092Z] > git ls-files --stage -- /home/upalb/Grover/scss/_choose.scss [6ms]
[2022-07-13T18:19:16.967Z] > git status -z -uall [3ms]
[2022-07-13T18:19:16.989Z] > git symbolic-ref --short HEAD [3ms]
[2022-07-13T18:19:17.008Z] > git for-each-ref --format=%(refname)%00%(upstream:short)%00%(objectname)%00%(upstream:track)%00%(upstream:remotename)%00%(upstream:remoteref) refs/heads/main refs/remotes/main [1ms]
[2022-07-13T18:19:17.041Z] > git for-each-ref --sort -committerdate --format %(refname) %(objectname) %(*objectname) [17ms]
[2022-07-13T18:19:17.041Z] > git remote --verbose [2ms]
[2022-07-13T18:19:17.061Z] > git config --get commit.template [1ms]
[2022-07-13T18:19:22.439Z] > git status -z -uall [4ms]
[2022-07-13T18:19:22.464Z] > git symbolic-ref --short HEAD [3ms]
[2022-07-13T18:19:22.485Z] > git for-each-ref --format=%(refname)%00%(upstream:short)%00%(objectname)%00%(upstream:track)%00%(upstream:remotename)%00%(upstream:remoteref) refs/heads/main refs/remotes/main [3ms]
[2022-07-13T18:19:22.528Z] > git for-each-ref --sort -committerdate --format %(refname) %(objectname) %(*objectname) [23ms]
[2022-07-13T18:19:22.529Z] > git remote --verbose [2ms]
[2022-07-13T18:19:22.552Z] > git config --get commit.template [2ms]
[2022-07-13T18:19:26.012Z] > git ls-files --stage -- /home/upalb/Grover/scss/style.scss [4ms]
[2022-07-13T18:19:26.030Z] > git show --textconv :scss/style.scss [40ms]
[2022-07-13T18:19:26.032Z] > git cat-file -s 585df4f41676726486fd9639de1d1ca335d654e9 [4ms]
[2022-07-13T18:19:33.014Z] > git status -z -uall [3ms]
[2022-07-13T18:19:33.033Z] > git symbolic-ref --short HEAD [2ms]
[2022-07-13T18:19:33.052Z] > git for-each-ref --format=%(refname)%00%(upstream:short)%00%(objectname)%00%(upstream:track)%00%(upstream:remotename)%00%(upstream:remoteref) refs/heads/main refs/remotes/main [2ms]
[2022-07-13T18:19:33.088Z] > git for-each-ref --sort -committerdate --format %(refname) %(objectname) %(*objectname) [19ms]
[2022-07-13T18:19:33.089Z] > git remote --verbose [2ms]
[2022-07-13T18:19:33.114Z] > git config --get commit.template [3ms]
[2022-07-13T18:19:34.640Z] > git show --textconv :scss/_choose.scss [22ms]
[2022-07-13T18:19:34.642Z] > git ls-files --stage -- /home/upalb/Grover/scss/_choose.scss [5ms]
[2022-07-13T18:19:50.804Z] > git status -z -uall [3ms]
[2022-07-13T18:19:50.821Z] > git symbolic-ref --short HEAD [1ms]
[2022-07-13T18:19:50.839Z] > git for-each-ref --format=%(refname)%00%(upstream:short)%00%(objectname)%00%(upstream:track)%00%(upstream:remotename)%00%(upstream:remoteref) refs/heads/main refs/remotes/main [2ms]
[2022-07-13T18:19:50.870Z] > git for-each-ref --sort -committerdate --format %(refname) %(objectname) %(*objectname) [16ms]
[2022-07-13T18:19:50.871Z] > git remote --verbose [1ms]
[2022-07-13T18:19:50.890Z] > git config --get commit.template [2ms]
[2022-07-13T18:20:20.006Z] > git status -z -uall [3ms]
[2022-07-13T18:20:20.035Z] > git symbolic-ref --short HEAD [4ms]
[2022-07-13T18:20:20.060Z] > git for-each-ref --format=%(refname)%00%(upstream:short)%00%(objectname)%00%(upstream:track)%00%(upstream:remotename)%00%(upstream:remoteref) refs/heads/main refs/remotes/main [2ms]
[2022-07-13T18:20:20.113Z] > git for-each-ref --sort -committerdate --format %(refname) %(objectname) %(*objectname) [30ms]
[2022-07-13T18:20:20.115Z] > git remote --verbose [4ms]
[2022-07-13T18:20:20.143Z] > git config --get commit.template [2ms]
[2022-07-13T18:20:47.952Z] > git status -z -uall [3ms]
[2022-07-13T18:20:47.968Z] > git symbolic-ref --short HEAD [2ms]
[2022-07-13T18:20:47.985Z] > git for-each-ref --format=%(refname)%00%(upstream:short)%00%(objectname)%00%(upstream:track)%00%(upstream:remotename)%00%(upstream:remoteref) refs/heads/main refs/remotes/main [2ms]
[2022-07-13T18:20:48.015Z] > git for-each-ref --sort -committerdate --format %(refname) %(objectname) %(*objectname) [15ms]
[2022-07-13T18:20:48.016Z] > git remote --verbose [2ms]
[2022-07-13T18:20:48.034Z] > git config --get commit.template [1ms]
[2022-07-13T18:21:06.569Z] > git status -z -uall [2ms]
[2022-07-13T18:21:06.588Z] > git symbolic-ref --short HEAD [2ms]
[2022-07-13T18:21:06.604Z] > git for-each-ref --format=%(refname)%00%(upstream:short)%00%(objectname)%00%(upstream:track)%00%(upstream:remotename)%00%(upstream:remoteref) refs/heads/main refs/remotes/main [2ms]
[2022-07-13T18:21:06.635Z] > git for-each-ref --sort -committerdate --format %(refname) %(objectname) %(*objectname) [15ms]
[2022-07-13T18:21:06.636Z] > git remote --verbose [2ms]
[2022-07-13T18:21:06.660Z] > git config --get commit.template [7ms]
[2022-07-13T18:21:18.763Z] > git status -z -uall [3ms]
[2022-07-13T18:21:18.781Z] > git symbolic-ref --short HEAD [2ms]
[2022-07-13T18:21:18.802Z] > git for-each-ref --format=%(refname)%00%(upstream:short)%00%(objectname)%00%(upstream:track)%00%(upstream:remotename)%00%(upstream:remoteref) refs/heads/main refs/remotes/main [2ms]
[2022-07-13T18:21:18.835Z] > git for-each-ref --sort -committerdate --format %(refname) %(objectname) %(*objectname) [17ms]
[2022-07-13T18:21:18.835Z] > git remote --verbose [2ms]
[2022-07-13T18:21:18.856Z] > git config --get commit.template [2ms]
[2022-07-13T18:21:26.454Z] > git show --textconv :scss/_variables.scss [41ms]
[2022-07-13T18:21:26.457Z] > git ls-files --stage -- /home/upalb/Grover/scss/_variables.scss [5ms]
[2022-07-13T18:21:26.490Z] > git cat-file -s dda30e6d2ca985afa4e7d67a8f098a7dc9e807fb [3ms]
[2022-07-13T18:21:38.175Z] > git show --textconv :scss/_choose.scss [29ms]
[2022-07-13T18:21:38.181Z] > git ls-files --stage -- /home/upalb/Grover/scss/_choose.scss [9ms]
[2022-07-13T18:21:43.374Z] > git status -z -uall [4ms]
[2022-07-13T18:21:43.403Z] > git symbolic-ref --short HEAD [3ms]
[2022-07-13T18:21:43.422Z] > git for-each-ref --format=%(refname)%00%(upstream:short)%00%(objectname)%00%(upstream:track)%00%(upstream:remotename)%00%(upstream:remoteref) refs/heads/main refs/remotes/main [4ms]
[2022-07-13T18:21:43.458Z] > git for-each-ref --sort -committerdate --format %(refname) %(objectname) %(*objectname) [20ms]
[2022-07-13T18:21:43.458Z] > git remote --verbose [2ms]
[2022-07-13T18:21:43.480Z] > git config --get commit.template [1ms]
[2022-07-13T18:21:48.507Z] > git status -z -uall [3ms]
[2022-07-13T18:21:48.526Z] > git symbolic-ref --short HEAD [2ms]
[2022-07-13T18:21:48.542Z] > git for-each-ref --format=%(refname)%00%(upstream:short)%00%(objectname)%00%(upstream:track)%00%(upstream:remotename)%00%(upstream:remoteref) refs/heads/main refs/remotes/main [2ms]
[2022-07-13T18:21:48.573Z] > git for-each-ref --sort -committerdate --format %(refname) %(objectname) %(*objectname) [16ms]
[2022-07-13T18:21:48.574Z] > git remote --verbose [3ms]
[2022-07-13T18:21:48.593Z] > git config --get commit.template [2ms]
[2022-07-13T18:21:58.527Z] > git status -z -uall [4ms]
[2022-07-13T18:21:58.549Z] > git symbolic-ref --short HEAD [2ms]
[2022-07-13T18:21:58.578Z] > git for-each-ref --format=%(refname)%00%(upstream:short)%00%(objectname)%00%(upstream:track)%00%(upstream:remotename)%00%(upstream:remoteref) refs/heads/main refs/remotes/main [3ms]
[2022-07-13T18:21:58.652Z] > git remote --verbose [6ms]
[2022-07-13T18:21:58.652Z] > git for-each-ref --sort -committerdate --format %(refname) %(objectname) %(*objectname) [50ms]
[2022-07-13T18:21:58.689Z] > git config --get commit.template [2ms]
[2022-07-13T18:22:23.475Z] > git status -z -uall [3ms]
[2022-07-13T18:22:23.493Z] > git symbolic-ref --short HEAD [2ms]
[2022-07-13T18:22:23.509Z] > git for-each-ref --format=%(refname)%00%(upstream:short)%00%(objectname)%00%(upstream:track)%00%(upstream:remotename)%00%(upstream:remoteref) refs/heads/main refs/remotes/main [2ms]
[2022-07-13T18:22:23.540Z] > git for-each-ref --sort -committerdate --format %(refname) %(objectname) %(*objectname) [16ms]
[2022-07-13T18:22:23.540Z] > git remote --verbose [2ms]
[2022-07-13T18:22:23.558Z] > git config --get commit.template [1ms]
[2022-07-13T18:23:30.208Z] > git status -z -uall [5ms]
[2022-07-13T18:23:30.229Z] > git symbolic-ref --short HEAD [3ms]
[2022-07-13T18:23:30.255Z] > git for-each-ref --format=%(refname)%00%(upstream:short)%00%(objectname)%00%(upstream:track)%00%(upstream:remotename)%00%(upstream:remoteref) refs/heads/main refs/remotes/main [3ms]
[2022-07-13T18:23:30.303Z] > git for-each-ref --sort -committerdate --format %(refname) %(objectname) %(*objectname) [26ms]
[2022-07-13T18:23:30.305Z] > git remote --verbose [6ms]
[2022-07-13T18:23:30.329Z] > git config --get commit.template [2ms]
