["INFO" - 12:06:02 AM] Extension Name: esbenp.prettier-vscode.
["INFO" - 12:06:02 AM] Extension Version: 9.5.0.
["INFO" - 12:15:27 AM] Formatting file:///home/upalb/Grover/index.html
["INFO" - 12:15:27 AM] Using ignore file (if present) at /home/upalb/Grover/.prettierignore
["INFO" - 12:15:27 AM] File Info:
{
  "ignored": false,
  "inferredParser": "html"
}
["INFO" - 12:15:27 AM] No local configuration (i.e. .prettierrc or .editorconfig) detected, falling back to VS Code configuration
["INFO" - 12:15:27 AM] Prettier Options:
{
  "arrowParens": "always",
  "bracketSpacing": true,
  "endOfLine": "lf",
  "htmlWhitespaceSensitivity": "css",
  "insertPragma": false,
  "jsxBracketSameLine": false,
  "jsxSingleQuote": false,
  "printWidth": 80,
  "proseWrap": "preserve",
  "quoteProps": "as-needed",
  "requirePragma": false,
  "semi": true,
  "singleQuote": true,
  "tabWidth": 2,
  "trailingComma": "es5",
  "useTabs": false,
  "vueIndentScriptAndStyle": false,
  "filepath": "/home/upalb/Grover/index.html",
  "parser": "html"
}
["INFO" - 12:15:27 AM] Formatting completed in 0.223ms.
["INFO" - 12:16:01 AM] Formatting file:///home/upalb/Grover/index.html
["INFO" - 12:16:01 AM] Using ignore file (if present) at /home/upalb/Grover/.prettierignore
["INFO" - 12:16:01 AM] File Info:
{
  "ignored": false,
  "inferredParser": "html"
}
["INFO" - 12:16:01 AM] No local configuration (i.e. .prettierrc or .editorconfig) detected, falling back to VS Code configuration
["INFO" - 12:16:01 AM] Prettier Options:
{
  "arrowParens": "always",
  "bracketSpacing": true,
  "endOfLine": "lf",
  "htmlWhitespaceSensitivity": "css",
  "insertPragma": false,
  "jsxBracketSameLine": false,
  "jsxSingleQuote": false,
  "printWidth": 80,
  "proseWrap": "preserve",
  "quoteProps": "as-needed",
  "requirePragma": false,
  "semi": true,
  "singleQuote": true,
  "tabWidth": 2,
  "trailingComma": "es5",
  "useTabs": false,
  "vueIndentScriptAndStyle": false,
  "filepath": "/home/upalb/Grover/index.html",
  "parser": "html"
}
["INFO" - 12:16:01 AM] Formatting completed in 0.071ms.
["INFO" - 12:16:44 AM] Formatting file:///home/upalb/Grover/index.html
["INFO" - 12:16:44 AM] Using ignore file (if present) at /home/upalb/Grover/.prettierignore
["INFO" - 12:16:44 AM] File Info:
{
  "ignored": false,
  "inferredParser": "html"
}
["INFO" - 12:16:44 AM] No local configuration (i.e. .prettierrc or .editorconfig) detected, falling back to VS Code configuration
["INFO" - 12:16:44 AM] Prettier Options:
{
  "arrowParens": "always",
  "bracketSpacing": true,
  "endOfLine": "lf",
  "htmlWhitespaceSensitivity": "css",
  "insertPragma": false,
  "jsxBracketSameLine": false,
  "jsxSingleQuote": false,
  "printWidth": 80,
  "proseWrap": "preserve",
  "quoteProps": "as-needed",
  "requirePragma": false,
  "semi": true,
  "singleQuote": true,
  "tabWidth": 2,
  "trailingComma": "es5",
  "useTabs": false,
  "vueIndentScriptAndStyle": false,
  "filepath": "/home/upalb/Grover/index.html",
  "parser": "html"
}
["INFO" - 12:16:44 AM] Formatting completed in 0.052ms.
["INFO" - 12:17:11 AM] Formatting file:///home/upalb/Grover/index.html
["INFO" - 12:17:11 AM] Using ignore file (if present) at /home/upalb/Grover/.prettierignore
["INFO" - 12:17:11 AM] File Info:
{
  "ignored": false,
  "inferredParser": "html"
}
["INFO" - 12:17:11 AM] No local configuration (i.e. .prettierrc or .editorconfig) detected, falling back to VS Code configuration
["INFO" - 12:17:11 AM] Prettier Options:
{
  "arrowParens": "always",
  "bracketSpacing": true,
  "endOfLine": "lf",
  "htmlWhitespaceSensitivity": "css",
  "insertPragma": false,
  "jsxBracketSameLine": false,
  "jsxSingleQuote": false,
  "printWidth": 80,
  "proseWrap": "preserve",
  "quoteProps": "as-needed",
  "requirePragma": false,
  "semi": true,
  "singleQuote": true,
  "tabWidth": 2,
  "trailingComma": "es5",
  "useTabs": false,
  "vueIndentScriptAndStyle": false,
  "filepath": "/home/upalb/Grover/index.html",
  "parser": "html"
}
["INFO" - 12:17:11 AM] Formatting completed in 0.094ms.
["INFO" - 12:17:13 AM] Formatting file:///home/upalb/Grover/index.html
["INFO" - 12:17:13 AM] Using ignore file (if present) at /home/upalb/Grover/.prettierignore
["INFO" - 12:17:13 AM] File Info:
{
  "ignored": false,
  "inferredParser": "html"
}
["INFO" - 12:17:13 AM] No local configuration (i.e. .prettierrc or .editorconfig) detected, falling back to VS Code configuration
["INFO" - 12:17:13 AM] Prettier Options:
{
  "arrowParens": "always",
  "bracketSpacing": true,
  "endOfLine": "lf",
  "htmlWhitespaceSensitivity": "css",
  "insertPragma": false,
  "jsxBracketSameLine": false,
  "jsxSingleQuote": false,
  "printWidth": 80,
  "proseWrap": "preserve",
  "quoteProps": "as-needed",
  "requirePragma": false,
  "semi": true,
  "singleQuote": true,
  "tabWidth": 2,
  "trailingComma": "es5",
  "useTabs": false,
  "vueIndentScriptAndStyle": false,
  "filepath": "/home/upalb/Grover/index.html",
  "parser": "html"
}
["INFO" - 12:17:13 AM] Formatting completed in 0.051ms.
