[2022-06-04T03:21:22.892Z] Validating found git in: git
[2022-06-04T03:21:23.892Z] Using git 2.36.1 from git
[2022-06-04T03:21:23.996Z] > git rev-parse --show-toplevel [74ms]
[2022-06-04T03:21:23.996Z] fatal: not a git repository (or any parent up to mount point /)
Stopping at filesystem boundary (GIT_DISCOVERY_ACROSS_FILESYSTEM not set).
[2022-06-04T03:21:24.048Z] > git rev-parse --show-toplevel [20ms]
[2022-06-04T03:21:24.069Z] > git rev-parse --git-dir --git-common-dir [3ms]
[2022-06-04T03:21:24.093Z] Open repository: /home/upalb/jsClock
[2022-06-04T03:21:24.412Z] > git rev-parse --show-toplevel [264ms]
[2022-06-04T03:21:24.437Z] > git rev-parse --git-dir --git-common-dir [11ms]
[2022-06-04T03:21:24.444Z] Open repository: /home/upalb/NewsFlash/FreeCodeCamp-NewsFlash
[2022-06-04T03:21:24.482Z] > git rev-parse --show-toplevel [11ms]
[2022-06-04T03:21:24.482Z] fatal: not a git repository (or any parent up to mount point /)
Stopping at filesystem boundary (GIT_DISCOVERY_ACROSS_FILESYSTEM not set).
[2022-06-04T03:21:24.502Z] > git rev-parse --show-toplevel [6ms]
[2022-06-04T03:21:24.502Z] fatal: not a git repository (or any parent up to mount point /)
Stopping at filesystem boundary (GIT_DISCOVERY_ACROSS_FILESYSTEM not set).
[2022-06-04T03:21:24.524Z] > git rev-parse --show-toplevel [6ms]
[2022-06-04T03:21:24.524Z] fatal: not a git repository (or any parent up to mount point /)
Stopping at filesystem boundary (GIT_DISCOVERY_ACROSS_FILESYSTEM not set).
[2022-06-04T03:21:24.609Z] > git ls-files --stage -- /home/upalb/jsClock/index.html [34ms]
[2022-06-04T03:21:24.619Z] > git ls-files --stage -- /home/upalb/jsClock/style.css [35ms]
[2022-06-04T03:21:24.631Z] > git status -z -uall [506ms]
[2022-06-04T03:21:24.646Z] > git symbolic-ref --short HEAD [4ms]
[2022-06-04T03:21:24.660Z] > git show --textconv :index.html [118ms]
[2022-06-04T03:21:24.663Z] > git cat-file -s f84fef1d0afb11f8b5415c4c1dce9a4ca6a455af [44ms]
[2022-06-04T03:21:24.736Z] > git show --textconv :style.css [175ms]
[2022-06-04T03:21:24.736Z] > git cat-file -s f2b647e741532187ffe146461483d5236a6dc837 [106ms]
[2022-06-04T03:21:24.741Z] > git for-each-ref --format=%(refname)%00%(upstream:short)%00%(objectname)%00%(upstream:track)%00%(upstream:remotename)%00%(upstream:remoteref) refs/heads/main refs/remotes/main [83ms]
[2022-06-04T03:21:24.776Z] > git status -z -uall [317ms]
[2022-06-04T03:21:24.791Z] > git remote --verbose [23ms]
[2022-06-04T03:21:24.794Z] > git for-each-ref --sort -committerdate --format %(refname) %(objectname) %(*objectname) [38ms]
[2022-06-04T03:21:24.816Z] > git symbolic-ref --short HEAD [28ms]
[2022-06-04T03:21:24.843Z] > git for-each-ref --format=%(refname)%00%(upstream:short)%00%(objectname)%00%(upstream:track)%00%(upstream:remotename)%00%(upstream:remoteref) refs/heads/main refs/remotes/main [8ms]
[2022-06-04T03:21:24.883Z] > git config --get commit.template [68ms]
[2022-06-04T03:21:24.887Z] > git remote --verbose [6ms]
[2022-06-04T03:21:24.917Z] > git check-ignore -v -z --stdin [3ms]
[2022-06-04T03:21:24.934Z] > git for-each-ref --sort -committerdate --format %(refname) %(objectname) %(*objectname) [67ms]
[2022-06-04T03:21:24.979Z] > git config --get commit.template [2ms]
