[2022-07-19 10:27:49.625] [exthost] [info] Extension host with pid 2442 started
[2022-07-19 10:27:49.625] [exthost] [info] Skipping acquiring lock for /home/upalb/.config/VSCodium/User/workspaceStorage/fa84a96756ee31e53c73910e76cc5e69.
[2022-07-19 10:27:50.163] [exthost] [info] ExtensionService#_doActivateExtension vscode.css-language-features, startup: false, activationEvent: 'onLanguage:css'
[2022-07-19 10:27:50.538] [exthost] [info] ExtensionService#_doActivateExtension vscode.debug-auto-launch, startup: true, activationEvent: '*'
[2022-07-19 10:27:50.786] [exthost] [info] ExtensionService#_doActivateExtension vscode.git-base, startup: true, activationEvent: '*', root cause: vscode.git
[2022-07-19 10:27:51.150] [exthost] [info] ExtensionService#_doActivateExtension vscode.ipynb, startup: true, activationEvent: '*'
[2022-07-19 10:27:51.423] [exthost] [info] ExtensionService#_doActivateExtension CoenraadS.bracket-pair-colorizer-2, startup: true, activationEvent: '*'
[2022-07-19 10:27:52.412] [exthost] [info] ExtensionService#_doActivateExtension ms-vsliveshare.vsliveshare, startup: true, activationEvent: '*'
[2022-07-19 10:27:55.017] [exthost] [info] ExtensionService#_doActivateExtension redwan-hossain.auto-rename-tag-clone, startup: true, activationEvent: '*'
[2022-07-19 10:27:55.072] [exthost] [info] ExtensionService#_doActivateExtension WallabyJs.quokka-vscode, startup: true, activationEvent: '*'
[2022-07-19 10:27:59.328] [exthost] [info] Not activating extension 'glenn2223.live-sass': Timed out while searching for 'workspaceContains' pattern **/*.s[ac]ss
[2022-07-19 10:27:59.355] [exthost] [info] ExtensionService#_doActivateExtension vscode.html-language-features, startup: false, activationEvent: 'onLanguage:html'
[2022-07-19 10:27:59.435] [exthost] [info] ExtensionService#_doActivateExtension vscode.git, startup: true, activationEvent: '*'
[2022-07-19 10:27:59.564] [exthost] [info] ExtensionService#_doActivateExtension vscode.github, startup: true, activationEvent: '*'
[2022-07-19 10:27:59.646] [exthost] [info] ExtensionService#_doActivateExtension vscode.npm, startup: true, activationEvent: 'workspaceContains:package.json'
[2022-07-19 10:28:00.361] [exthost] [info] ExtensionService#_doActivateExtension vscode.emmet, startup: false, activationEvent: 'onStartupFinished'
[2022-07-19 10:28:00.450] [exthost] [info] ExtensionService#_doActivateExtension vscode.merge-conflict, startup: false, activationEvent: 'onStartupFinished'
[2022-07-19 10:28:00.584] [exthost] [info] ExtensionService#_doActivateExtension bradlc.vscode-tailwindcss, startup: false, activationEvent: 'onStartupFinished'
[2022-07-19 10:28:00.833] [exthost] [info] ExtensionService#_doActivateExtension esbenp.prettier-vscode, startup: false, activationEvent: 'onStartupFinished'
[2022-07-19 10:28:01.714] [exthost] [info] ExtensionService#_doActivateExtension formulahendry.code-runner, startup: false, activationEvent: 'onStartupFinished'
[2022-07-19 10:28:04.382] [exthost] [info] ExtensionService#_doActivateExtension PKief.material-icon-theme, startup: false, activationEvent: 'onStartupFinished'
[2022-07-19 10:28:04.499] [exthost] [info] ExtensionService#_doActivateExtension ritwickdey.LiveServer, startup: false, activationEvent: 'onStartupFinished'
[2022-07-19 10:28:14.705] [exthost] [info] ExtensionService#_doActivateExtension streetsidesoftware.code-spell-checker, startup: false, activationEvent: 'onStartupFinished'
[2022-07-19 10:28:14.904] [exthost] [info] ExtensionService#_doActivateExtension zhuangtongfa.material-theme, startup: false, activationEvent: 'onStartupFinished'
[2022-07-19 10:28:23.142] [exthost] [info] Eager extensions activated
[2022-07-19 10:28:23.167] [exthost] [info] ExtensionService#_doActivateExtension vscode.github-authentication, startup: false, activationEvent: 'onAuthenticationRequest:github'
[2022-07-19 10:57:59.915] [exthost] [info] Extension host terminating: received terminate message from renderer
[2022-07-19 10:58:00.572] [exthost] [info] Extension host with pid 2442 exiting with code 0
