[2022-06-16T03:23:11.407Z] Log level: Info
[2022-06-16T03:23:11.410Z] [info] Validating found git in: git
[2022-06-16T03:23:13.006Z] [info] Using git 2.36.1 from git
[2022-06-16T03:23:15.836Z] > git rev-parse --show-toplevel [2802ms]
[2022-06-16T03:23:15.836Z] fatal: not a git repository (or any parent up to mount point /run/media/upalb)
Stopping at filesystem boundary (GIT_DISCOVERY_ACROSS_FILESYSTEM not set).
[2022-06-16T03:23:15.878Z] > git rev-parse --show-toplevel [19ms]
[2022-06-16T03:23:15.878Z] fatal: not a git repository (or any parent up to mount point /run/media/upalb)
Stopping at filesystem boundary (GIT_DISCOVERY_ACROSS_FILESYSTEM not set).
[2022-06-16T03:23:15.963Z] > git rev-parse --show-toplevel [67ms]
[2022-06-16T03:23:15.963Z] fatal: not a git repository (or any parent up to mount point /run/media/upalb)
Stopping at filesystem boundary (GIT_DISCOVERY_ACROSS_FILESYSTEM not set).
[2022-06-16T03:23:16.002Z] > git rev-parse --show-toplevel [24ms]
[2022-06-16T03:23:16.002Z] fatal: not a git repository (or any parent up to mount point /run/media/upalb)
Stopping at filesystem boundary (GIT_DISCOVERY_ACROSS_FILESYSTEM not set).
[2022-06-16T03:23:16.050Z] > git rev-parse --show-toplevel [17ms]
[2022-06-16T03:23:16.050Z] fatal: not a git repository (or any parent up to mount point /run/media/upalb)
Stopping at filesystem boundary (GIT_DISCOVERY_ACROSS_FILESYSTEM not set).
[2022-06-16T03:23:16.070Z] > git rev-parse --show-toplevel [3ms]
[2022-06-16T03:23:16.070Z] fatal: not a git repository (or any parent up to mount point /run/media/upalb)
Stopping at filesystem boundary (GIT_DISCOVERY_ACROSS_FILESYSTEM not set).
[2022-06-16T03:23:16.085Z] > git rev-parse --show-toplevel [2ms]
[2022-06-16T03:23:16.085Z] fatal: not a git repository (or any parent up to mount point /run/media/upalb)
Stopping at filesystem boundary (GIT_DISCOVERY_ACROSS_FILESYSTEM not set).
[2022-06-16T03:23:16.097Z] > git rev-parse --show-toplevel [3ms]
[2022-06-16T03:23:16.097Z] fatal: not a git repository (or any parent up to mount point /run/media/upalb)
Stopping at filesystem boundary (GIT_DISCOVERY_ACROSS_FILESYSTEM not set).
[2022-06-16T03:23:26.815Z] > git rev-parse --show-toplevel [50ms]
[2022-06-16T03:23:26.815Z] fatal: not a git repository (or any parent up to mount point /run/media/upalb)
Stopping at filesystem boundary (GIT_DISCOVERY_ACROSS_FILESYSTEM not set).
[2022-06-16T03:23:49.358Z] > git rev-parse --show-toplevel [8ms]
[2022-06-16T03:23:49.358Z] fatal: not a git repository (or any parent up to mount point /run/media/upalb)
Stopping at filesystem boundary (GIT_DISCOVERY_ACROSS_FILESYSTEM not set).
[2022-06-16T03:23:50.932Z] > git rev-parse --show-toplevel [70ms]
[2022-06-16T03:23:50.932Z] fatal: not a git repository (or any parent up to mount point /run/media/upalb)
Stopping at filesystem boundary (GIT_DISCOVERY_ACROSS_FILESYSTEM not set).
