[2022-07-05T15:19:00.951Z] Log level: Info
[2022-07-05T15:19:00.953Z] [info] Validating found git in: git
[2022-07-05T15:19:01.008Z] [info] Using git 2.37.0 from git
[2022-07-05T15:19:01.049Z] > git rev-parse --show-toplevel [13ms]
[2022-07-05T15:19:01.049Z] fatal: not a git repository (or any parent up to mount point /run/media/upalb)
Stopping at filesystem boundary (GIT_DISCOVERY_ACROSS_FILESYSTEM not set).
[2022-07-05T15:19:01.493Z] > git rev-parse --show-toplevel [412ms]
[2022-07-05T15:19:01.493Z] fatal: not a git repository (or any parent up to mount point /run/media/upalb)
Stopping at filesystem boundary (GIT_DISCOVERY_ACROSS_FILESYSTEM not set).
[2022-07-05T15:19:01.640Z] > git rev-parse --show-toplevel [135ms]
[2022-07-05T15:19:01.640Z] fatal: not a git repository (or any parent up to mount point /run/media/upalb)
Stopping at filesystem boundary (GIT_DISCOVERY_ACROSS_FILESYSTEM not set).
[2022-07-05T15:19:01.698Z] > git rev-parse --show-toplevel [29ms]
[2022-07-05T15:19:01.698Z] fatal: not a git repository (or any parent up to mount point /run/media/upalb)
Stopping at filesystem boundary (GIT_DISCOVERY_ACROSS_FILESYSTEM not set).
[2022-07-05T15:19:02.116Z] > git rev-parse --show-toplevel [397ms]
[2022-07-05T15:19:02.167Z] > git rev-parse --git-dir --git-common-dir [34ms]
[2022-07-05T15:19:02.183Z] [info] Open repository: /run/media/upalb/Miscellaneous/Code/Programming-Hero/Module-04_portfolio
[2022-07-05T15:19:02.238Z] > git rev-parse --show-toplevel [11ms]
[2022-07-05T15:19:02.238Z] fatal: unsafe repository ('/run/media/upalb/Miscellaneous/Code/Programming-Hero/programing_hero_prj2' is owned by someone else)
To add an exception for this directory, call:

	git config --global --add safe.directory /run/media/upalb/Miscellaneous/Code/Programming-Hero/programing_hero_prj2
[2022-07-05T15:19:02.285Z] > git status -z -uall [79ms]
[2022-07-05T15:19:02.332Z] > git rev-parse --show-toplevel [51ms]
[2022-07-05T15:19:02.332Z] fatal: not a git repository (or any parent up to mount point /run/media/upalb)
Stopping at filesystem boundary (GIT_DISCOVERY_ACROSS_FILESYSTEM not set).
[2022-07-05T15:19:02.358Z] > git symbolic-ref --short HEAD [39ms]
[2022-07-05T15:19:02.389Z] > git rev-parse --show-toplevel [32ms]
[2022-07-05T15:19:02.389Z] fatal: not a git repository (or any parent up to mount point /run/media/upalb)
Stopping at filesystem boundary (GIT_DISCOVERY_ACROSS_FILESYSTEM not set).
[2022-07-05T15:19:02.420Z] > git for-each-ref --format=%(refname)%00%(upstream:short)%00%(objectname)%00%(upstream:track)%00%(upstream:remotename)%00%(upstream:remoteref) refs/heads/main refs/remotes/main [32ms]
[2022-07-05T15:19:02.479Z] > git rev-parse --show-toplevel [63ms]
[2022-07-05T15:19:02.479Z] fatal: not a git repository (or any parent up to mount point /run/media/upalb)
Stopping at filesystem boundary (GIT_DISCOVERY_ACROSS_FILESYSTEM not set).
[2022-07-05T15:19:02.500Z] > git remote --verbose [24ms]
[2022-07-05T15:19:02.501Z] > git for-each-ref --sort -committerdate --format %(refname) %(objectname) %(*objectname) [48ms]
[2022-07-05T15:19:02.548Z] > git rev-parse --show-toplevel [50ms]
[2022-07-05T15:19:02.548Z] fatal: not a git repository (or any parent up to mount point /run/media/upalb)
Stopping at filesystem boundary (GIT_DISCOVERY_ACROSS_FILESYSTEM not set).
[2022-07-05T15:19:02.572Z] > git config --get commit.template [29ms]
[2022-07-05T15:19:02.574Z] > git rev-parse --show-toplevel [7ms]
[2022-07-05T15:19:02.574Z] fatal: not a git repository (or any parent up to mount point /run/media/upalb)
Stopping at filesystem boundary (GIT_DISCOVERY_ACROSS_FILESYSTEM not set).
[2022-07-05T15:19:02.648Z] > git rev-parse --show-toplevel [59ms]
[2022-07-05T15:19:02.648Z] fatal: not a git repository (or any parent up to mount point /run/media/upalb)
Stopping at filesystem boundary (GIT_DISCOVERY_ACROSS_FILESYSTEM not set).
[2022-07-05T15:19:02.671Z] > git rev-parse --show-toplevel [4ms]
[2022-07-05T15:19:02.671Z] fatal: not a git repository (or any parent up to mount point /run/media/upalb)
Stopping at filesystem boundary (GIT_DISCOVERY_ACROSS_FILESYSTEM not set).
[2022-07-05T15:19:02.732Z] > git rev-parse --show-toplevel [8ms]
[2022-07-05T15:19:02.732Z] fatal: not a git repository (or any parent up to mount point /run/media/upalb)
Stopping at filesystem boundary (GIT_DISCOVERY_ACROSS_FILESYSTEM not set).
[2022-07-05T15:19:30.492Z] > git check-ignore -v -z --stdin [3ms]
[2022-07-05T15:19:33.051Z] > git rev-parse --show-toplevel [66ms]
[2022-07-05T15:19:33.086Z] > git rev-parse --git-dir --git-common-dir [18ms]
[2022-07-05T15:19:33.122Z] [info] Open repository: /run/media/upalb/Miscellaneous/Code/Programming-Hero/Module-04.5_eat-healthy/Eat-Healthy
[2022-07-05T15:19:33.189Z] > git status -z -uall [45ms]
[2022-07-05T15:19:33.236Z] > git symbolic-ref --short HEAD [8ms]
[2022-07-05T15:19:33.284Z] > git for-each-ref --format=%(refname)%00%(upstream:short)%00%(objectname)%00%(upstream:track)%00%(upstream:remotename)%00%(upstream:remoteref) refs/heads/main refs/remotes/main [28ms]
[2022-07-05T15:19:33.346Z] > git for-each-ref --sort -committerdate --format %(refname) %(objectname) %(*objectname) [33ms]
[2022-07-05T15:19:33.351Z] > git remote --verbose [12ms]
[2022-07-05T15:19:33.450Z] > git config --get commit.template [63ms]
[2022-07-05T15:19:33.715Z] > git show --textconv :index.html [16ms]
[2022-07-05T15:19:33.717Z] > git ls-files --stage -- /run/media/upalb/Miscellaneous/Code/Programming-Hero/Module-04.5_eat-healthy/Eat-Healthy/index.html [3ms]
[2022-07-05T15:19:33.734Z] > git cat-file -s e69de29bb2d1d6434b8b29ae775ad8c2e48c5391 [4ms]
[2022-07-05T15:19:33.889Z] > git check-ignore -v -z --stdin [27ms]
[2022-07-05T15:19:33.896Z] > git check-ignore -v -z --stdin [8ms]
