["INFO" - 9:19:01 PM] Extension Name: esbenp.prettier-vscode.
["INFO" - 9:19:01 PM] Extension Version: 9.5.0.
["INFO" - 9:19:06 PM] Formatting file:///run/media/upalb/Miscellaneous/Code/Learning%20Flexbox/index.html
["INFO" - 9:19:06 PM] Using ignore file (if present) at /run/media/upalb/Miscellaneous/Code/.prettierignore
["INFO" - 9:19:06 PM] File Info:
{
  "ignored": false,
  "inferredParser": "html"
}
["INFO" - 9:19:06 PM] No local configuration (i.e. .prettierrc or .editorconfig) detected, falling back to VS Code configuration
["INFO" - 9:19:06 PM] Prettier Options:
{
  "arrowParens": "always",
  "bracketSpacing": true,
  "endOfLine": "lf",
  "htmlWhitespaceSensitivity": "css",
  "insertPragma": false,
  "jsxBracketSameLine": false,
  "jsxSingleQuote": false,
  "printWidth": 80,
  "proseWrap": "preserve",
  "quoteProps": "as-needed",
  "requirePragma": false,
  "semi": true,
  "singleQuote": false,
  "tabWidth": 2,
  "trailingComma": "es5",
  "useTabs": false,
  "vueIndentScriptAndStyle": false,
  "filepath": "/run/media/upalb/Miscellaneous/Code/Learning Flexbox/index.html",
  "parser": "html"
}
["INFO" - 9:19:06 PM] Formatting completed in 0.141ms.
