[2022-07-05T13:55:00.801Z] Log level: Info
[2022-07-05T13:55:00.821Z] [info] Validating found git in: git
[2022-07-05T13:55:00.861Z] [info] Using git 2.37.0 from git
[2022-07-05T13:55:00.915Z] > git rev-parse --show-toplevel [25ms]
[2022-07-05T13:55:00.915Z] fatal: not a git repository (or any parent up to mount point /run/media/upalb)
Stopping at filesystem boundary (GIT_DISCOVERY_ACROSS_FILESYSTEM not set).
[2022-07-05T13:55:00.938Z] > git rev-parse --show-toplevel [6ms]
[2022-07-05T13:55:00.939Z] fatal: not a git repository (or any parent up to mount point /run/media/upalb)
Stopping at filesystem boundary (GIT_DISCOVERY_ACROSS_FILESYSTEM not set).
[2022-07-05T13:55:00.959Z] > git rev-parse --show-toplevel [7ms]
[2022-07-05T13:55:02.593Z] > git rev-parse --git-dir --git-common-dir [1606ms]
[2022-07-05T13:55:02.609Z] [info] Open repository: /run/media/upalb/Miscellaneous/Code/Programming-Hero/Module-04_portfolio
[2022-07-05T13:55:02.687Z] > git status -z -uall [33ms]
[2022-07-05T13:55:02.721Z] > git symbolic-ref --short HEAD [8ms]
[2022-07-05T13:55:02.761Z] > git rev-parse --show-toplevel [86ms]
[2022-07-05T13:55:02.761Z] fatal: unsafe repository ('/run/media/upalb/Miscellaneous/Code/Programming-Hero/programing_hero_prj2' is owned by someone else)
To add an exception for this directory, call:

	git config --global --add safe.directory /run/media/upalb/Miscellaneous/Code/Programming-Hero/programing_hero_prj2
[2022-07-05T13:55:02.845Z] > git rev-parse --show-toplevel [57ms]
[2022-07-05T13:55:02.845Z] fatal: not a git repository (or any parent up to mount point /run/media/upalb)
Stopping at filesystem boundary (GIT_DISCOVERY_ACROSS_FILESYSTEM not set).
[2022-07-05T13:55:02.846Z] > git for-each-ref --format=%(refname)%00%(upstream:short)%00%(objectname)%00%(upstream:track)%00%(upstream:remotename)%00%(upstream:remoteref) refs/heads/main refs/remotes/main [85ms]
[2022-07-05T13:55:02.898Z] > git for-each-ref --sort -committerdate --format %(refname) %(objectname) %(*objectname) [29ms]
[2022-07-05T13:55:02.902Z] > git remote --verbose [9ms]
[2022-07-05T13:55:02.940Z] > git config --get commit.template [8ms]
[2022-07-05T13:55:03.359Z] > git check-ignore -v -z --stdin [6ms]
[2022-07-05T13:55:18.111Z] > git rev-parse --show-toplevel [6ms]
[2022-07-05T13:55:18.129Z] > git rev-parse --git-dir --git-common-dir [3ms]
[2022-07-05T13:55:18.138Z] [info] Open repository: /home/upalb/downloads/visymo.job-website
[2022-07-05T13:55:18.512Z] > git status -z -uall [347ms]
[2022-07-05T13:55:18.530Z] > git symbolic-ref --short HEAD [3ms]
[2022-07-05T13:55:18.553Z] > git for-each-ref --format=%(refname)%00%(upstream:short)%00%(objectname)%00%(upstream:track)%00%(upstream:remotename)%00%(upstream:remoteref) refs/heads/main refs/remotes/main [2ms]
[2022-07-05T13:55:18.580Z] > git for-each-ref --sort -committerdate --format %(refname) %(objectname) %(*objectname) [14ms]
[2022-07-05T13:55:18.581Z] > git remote --verbose [5ms]
[2022-07-05T13:55:18.603Z] > git config --get commit.template [6ms]
[2022-07-05T13:55:18.931Z] > git check-ignore -v -z --stdin [28ms]
[2022-07-05T13:55:18.938Z] > git check-ignore -v -z --stdin [10ms]
[2022-07-05T13:55:21.236Z] > git show --textconv :index.html [90ms]
[2022-07-05T13:55:21.238Z] > git ls-files --stage -- /home/upalb/downloads/visymo.job-website/index.html [71ms]
[2022-07-05T13:55:21.273Z] > git cat-file -s 6a54c45b8f97b1a5a73217148803fd322bd5824a [9ms]
[2022-07-05T13:55:23.705Z] > git show --textconv :index.css [34ms]
[2022-07-05T13:55:23.717Z] > git ls-files --stage -- /home/upalb/downloads/visymo.job-website/index.css [13ms]
[2022-07-05T13:55:23.747Z] > git cat-file -s ef4a8809746acd01c4d47ea64c44a17cce7c4c91 [9ms]
[2022-07-05T13:55:32.449Z] > git show --textconv :index.html [46ms]
[2022-07-05T13:55:32.469Z] > git ls-files --stage -- /home/upalb/downloads/visymo.job-website/index.html [22ms]
[2022-07-05T13:55:32.507Z] > git cat-file -s 6a54c45b8f97b1a5a73217148803fd322bd5824a [6ms]
[2022-07-05T13:55:37.462Z] > git rev-parse --show-toplevel [8ms]
[2022-07-05T13:55:37.462Z] fatal: not a git repository (or any parent up to mount point /run/media/upalb)
Stopping at filesystem boundary (GIT_DISCOVERY_ACROSS_FILESYSTEM not set).
[2022-07-05T13:55:39.665Z] > git rev-parse --show-toplevel [60ms]
[2022-07-05T13:55:39.665Z] fatal: not a git repository (or any parent up to mount point /run/media/upalb)
Stopping at filesystem boundary (GIT_DISCOVERY_ACROSS_FILESYSTEM not set).
[2022-07-05T13:56:30.240Z] > git show --textconv :index.css [15ms]
[2022-07-05T13:56:30.242Z] > git ls-files --stage -- /home/upalb/downloads/visymo.job-website/index.css [3ms]
[2022-07-05T13:56:30.255Z] > git cat-file -s ef4a8809746acd01c4d47ea64c44a17cce7c4c91 [2ms]
[2022-07-05T13:56:42.650Z] > git status -z -uall [175ms]
[2022-07-05T13:56:42.661Z] > git symbolic-ref --short HEAD [2ms]
[2022-07-05T13:56:42.674Z] > git for-each-ref --format=%(refname)%00%(upstream:short)%00%(objectname)%00%(upstream:track)%00%(upstream:remotename)%00%(upstream:remoteref) refs/heads/main refs/remotes/main [2ms]
[2022-07-05T13:56:42.698Z] > git remote --verbose [3ms]
[2022-07-05T13:56:42.699Z] > git for-each-ref --sort -committerdate --format %(refname) %(objectname) %(*objectname) [15ms]
[2022-07-05T13:56:42.722Z] > git config --get commit.template [3ms]
[2022-07-05T13:56:48.484Z] > git status -z -uall [506ms]
[2022-07-05T13:56:48.513Z] > git symbolic-ref --short HEAD [4ms]
[2022-07-05T13:56:48.551Z] > git for-each-ref --format=%(refname)%00%(upstream:short)%00%(objectname)%00%(upstream:track)%00%(upstream:remotename)%00%(upstream:remoteref) refs/heads/main refs/remotes/main [25ms]
[2022-07-05T13:56:48.587Z] > git for-each-ref --sort -committerdate --format %(refname) %(objectname) %(*objectname) [25ms]
[2022-07-05T13:56:48.587Z] > git remote --verbose [12ms]
[2022-07-05T13:56:48.613Z] > git config --get commit.template [12ms]
[2022-07-05T13:57:36.725Z] > git status -z -uall [247ms]
[2022-07-05T13:57:36.738Z] > git symbolic-ref --short HEAD [2ms]
[2022-07-05T13:57:36.754Z] > git for-each-ref --format=%(refname)%00%(upstream:short)%00%(objectname)%00%(upstream:track)%00%(upstream:remotename)%00%(upstream:remoteref) refs/heads/main refs/remotes/main [4ms]
[2022-07-05T13:57:36.784Z] > git for-each-ref --sort -committerdate --format %(refname) %(objectname) %(*objectname) [14ms]
[2022-07-05T13:57:36.784Z] > git remote --verbose [2ms]
[2022-07-05T13:57:36.800Z] > git config --get commit.template [1ms]
[2022-07-05T13:57:47.455Z] > git rev-parse --show-toplevel [21ms]
[2022-07-05T13:57:47.455Z] fatal: not a git repository (or any parent up to mount point /run/media/upalb)
Stopping at filesystem boundary (GIT_DISCOVERY_ACROSS_FILESYSTEM not set).
[2022-07-05T13:57:53.224Z] > git rev-parse --show-toplevel [4ms]
[2022-07-05T13:57:53.224Z] fatal: not a git repository (or any parent up to mount point /run/media/upalb)
Stopping at filesystem boundary (GIT_DISCOVERY_ACROSS_FILESYSTEM not set).
[2022-07-05T13:58:01.440Z] > git status -z -uall [172ms]
[2022-07-05T13:58:01.451Z] > git symbolic-ref --short HEAD [1ms]
[2022-07-05T13:58:01.463Z] > git for-each-ref --format=%(refname)%00%(upstream:short)%00%(objectname)%00%(upstream:track)%00%(upstream:remotename)%00%(upstream:remoteref) refs/heads/main refs/remotes/main [2ms]
[2022-07-05T13:58:01.484Z] > git for-each-ref --sort -committerdate --format %(refname) %(objectname) %(*objectname) [11ms]
[2022-07-05T13:58:01.485Z] > git remote --verbose [3ms]
[2022-07-05T13:58:01.503Z] > git config --get commit.template [2ms]
[2022-07-05T13:58:27.250Z] > git status -z -uall [164ms]
[2022-07-05T13:58:27.272Z] > git symbolic-ref --short HEAD [4ms]
[2022-07-05T13:58:27.293Z] > git for-each-ref --format=%(refname)%00%(upstream:short)%00%(objectname)%00%(upstream:track)%00%(upstream:remotename)%00%(upstream:remoteref) refs/heads/main refs/remotes/main [3ms]
[2022-07-05T13:58:27.374Z] > git for-each-ref --sort -committerdate --format %(refname) %(objectname) %(*objectname) [54ms]
[2022-07-05T13:58:27.376Z] > git remote --verbose [37ms]
[2022-07-05T13:58:27.404Z] > git config --get commit.template [5ms]
[2022-07-05T13:58:32.602Z] > git status -z -uall [182ms]
[2022-07-05T13:58:32.634Z] > git symbolic-ref --short HEAD [5ms]
[2022-07-05T13:58:32.658Z] > git for-each-ref --format=%(refname)%00%(upstream:short)%00%(objectname)%00%(upstream:track)%00%(upstream:remotename)%00%(upstream:remoteref) refs/heads/main refs/remotes/main [3ms]
[2022-07-05T13:58:32.695Z] > git for-each-ref --sort -committerdate --format %(refname) %(objectname) %(*objectname) [19ms]
[2022-07-05T13:58:32.696Z] > git remote --verbose [3ms]
[2022-07-05T13:58:32.723Z] > git config --get commit.template [3ms]
[2022-07-05T13:58:42.766Z] > git status -z -uall [174ms]
[2022-07-05T13:58:42.779Z] > git symbolic-ref --short HEAD [2ms]
[2022-07-05T13:58:42.796Z] > git for-each-ref --format=%(refname)%00%(upstream:short)%00%(objectname)%00%(upstream:track)%00%(upstream:remotename)%00%(upstream:remoteref) refs/heads/main refs/remotes/main [3ms]
[2022-07-05T13:58:42.824Z] > git for-each-ref --sort -committerdate --format %(refname) %(objectname) %(*objectname) [14ms]
[2022-07-05T13:58:42.824Z] > git remote --verbose [2ms]
[2022-07-05T13:58:42.841Z] > git config --get commit.template [2ms]
[2022-07-05T13:58:56.168Z] > git status -z -uall [170ms]
[2022-07-05T13:58:56.183Z] > git symbolic-ref --short HEAD [2ms]
[2022-07-05T13:58:56.197Z] > git for-each-ref --format=%(refname)%00%(upstream:short)%00%(objectname)%00%(upstream:track)%00%(upstream:remotename)%00%(upstream:remoteref) refs/heads/main refs/remotes/main [4ms]
[2022-07-05T13:58:56.226Z] > git for-each-ref --sort -committerdate --format %(refname) %(objectname) %(*objectname) [12ms]
[2022-07-05T13:58:56.228Z] > git remote --verbose [4ms]
[2022-07-05T13:58:56.243Z] > git config --get commit.template [1ms]
[2022-07-05T13:59:01.430Z] > git status -z -uall [174ms]
[2022-07-05T13:59:01.442Z] > git symbolic-ref --short HEAD [2ms]
[2022-07-05T13:59:01.454Z] > git for-each-ref --format=%(refname)%00%(upstream:short)%00%(objectname)%00%(upstream:track)%00%(upstream:remotename)%00%(upstream:remoteref) refs/heads/main refs/remotes/main [2ms]
[2022-07-05T13:59:01.474Z] > git for-each-ref --sort -committerdate --format %(refname) %(objectname) %(*objectname) [11ms]
[2022-07-05T13:59:01.475Z] > git remote --verbose [2ms]
[2022-07-05T13:59:01.489Z] > git config --get commit.template [2ms]
[2022-07-05T13:59:06.675Z] > git status -z -uall [174ms]
[2022-07-05T13:59:06.690Z] > git symbolic-ref --short HEAD [2ms]
[2022-07-05T13:59:06.703Z] > git for-each-ref --format=%(refname)%00%(upstream:short)%00%(objectname)%00%(upstream:track)%00%(upstream:remotename)%00%(upstream:remoteref) refs/heads/main refs/remotes/main [2ms]
[2022-07-05T13:59:06.726Z] > git for-each-ref --sort -committerdate --format %(refname) %(objectname) %(*objectname) [12ms]
[2022-07-05T13:59:06.726Z] > git remote --verbose [2ms]
[2022-07-05T13:59:06.741Z] > git config --get commit.template [2ms]
[2022-07-05T13:59:12.861Z] > git status -z -uall [198ms]
[2022-07-05T13:59:12.886Z] > git symbolic-ref --short HEAD [6ms]
[2022-07-05T13:59:12.909Z] > git for-each-ref --format=%(refname)%00%(upstream:short)%00%(objectname)%00%(upstream:track)%00%(upstream:remotename)%00%(upstream:remoteref) refs/heads/main refs/remotes/main [6ms]
[2022-07-05T13:59:12.950Z] > git for-each-ref --sort -committerdate --format %(refname) %(objectname) %(*objectname) [21ms]
[2022-07-05T13:59:12.953Z] > git remote --verbose [7ms]
[2022-07-05T13:59:12.991Z] > git config --get commit.template [5ms]
[2022-07-05T13:59:27.402Z] > git status -z -uall [195ms]
[2022-07-05T13:59:27.438Z] > git symbolic-ref --short HEAD [10ms]
[2022-07-05T13:59:27.460Z] > git for-each-ref --format=%(refname)%00%(upstream:short)%00%(objectname)%00%(upstream:track)%00%(upstream:remotename)%00%(upstream:remoteref) refs/heads/main refs/remotes/main [5ms]
[2022-07-05T13:59:27.494Z] > git for-each-ref --sort -committerdate --format %(refname) %(objectname) %(*objectname) [15ms]
[2022-07-05T13:59:27.495Z] > git remote --verbose [3ms]
[2022-07-05T13:59:27.510Z] > git config --get commit.template [1ms]
[2022-07-05T13:59:35.811Z] > git status -z -uall [176ms]
[2022-07-05T13:59:35.824Z] > git symbolic-ref --short HEAD [2ms]
[2022-07-05T13:59:35.842Z] > git for-each-ref --format=%(refname)%00%(upstream:short)%00%(objectname)%00%(upstream:track)%00%(upstream:remotename)%00%(upstream:remoteref) refs/heads/main refs/remotes/main [3ms]
[2022-07-05T13:59:35.863Z] > git for-each-ref --sort -committerdate --format %(refname) %(objectname) %(*objectname) [10ms]
[2022-07-05T13:59:35.864Z] > git remote --verbose [2ms]
[2022-07-05T13:59:35.876Z] > git config --get commit.template [1ms]
[2022-07-05T13:59:47.574Z] > git status -z -uall [168ms]
[2022-07-05T13:59:47.586Z] > git symbolic-ref --short HEAD [3ms]
[2022-07-05T13:59:47.605Z] > git for-each-ref --format=%(refname)%00%(upstream:short)%00%(objectname)%00%(upstream:track)%00%(upstream:remotename)%00%(upstream:remoteref) refs/heads/main refs/remotes/main [3ms]
[2022-07-05T13:59:47.641Z] > git for-each-ref --sort -committerdate --format %(refname) %(objectname) %(*objectname) [19ms]
[2022-07-05T13:59:47.643Z] > git remote --verbose [5ms]
[2022-07-05T13:59:47.682Z] > git config --get commit.template [8ms]
[2022-07-05T13:59:52.887Z] > git status -z -uall [177ms]
[2022-07-05T13:59:52.898Z] > git symbolic-ref --short HEAD [1ms]
[2022-07-05T13:59:52.911Z] > git for-each-ref --format=%(refname)%00%(upstream:short)%00%(objectname)%00%(upstream:track)%00%(upstream:remotename)%00%(upstream:remoteref) refs/heads/main refs/remotes/main [2ms]
[2022-07-05T13:59:52.933Z] > git for-each-ref --sort -committerdate --format %(refname) %(objectname) %(*objectname) [12ms]
[2022-07-05T13:59:52.934Z] > git remote --verbose [3ms]
[2022-07-05T13:59:52.949Z] > git config --get commit.template [2ms]
[2022-07-05T13:59:58.121Z] > git status -z -uall [161ms]
[2022-07-05T13:59:58.132Z] > git symbolic-ref --short HEAD [2ms]
[2022-07-05T13:59:58.143Z] > git for-each-ref --format=%(refname)%00%(upstream:short)%00%(objectname)%00%(upstream:track)%00%(upstream:remotename)%00%(upstream:remoteref) refs/heads/main refs/remotes/main [2ms]
[2022-07-05T13:59:58.163Z] > git for-each-ref --sort -committerdate --format %(refname) %(objectname) %(*objectname) [11ms]
[2022-07-05T13:59:58.163Z] > git remote --verbose [2ms]
[2022-07-05T13:59:58.177Z] > git config --get commit.template [2ms]
[2022-07-05T14:00:07.016Z] > git status -z -uall [188ms]
[2022-07-05T14:00:07.034Z] > git symbolic-ref --short HEAD [2ms]
[2022-07-05T14:00:07.064Z] > git for-each-ref --format=%(refname)%00%(upstream:short)%00%(objectname)%00%(upstream:track)%00%(upstream:remotename)%00%(upstream:remoteref) refs/heads/main refs/remotes/main [7ms]
[2022-07-05T14:00:07.111Z] > git remote --verbose [6ms]
[2022-07-05T14:00:07.112Z] > git for-each-ref --sort -committerdate --format %(refname) %(objectname) %(*objectname) [34ms]
[2022-07-05T14:00:07.149Z] > git config --get commit.template [5ms]
[2022-07-05T14:00:12.386Z] > git status -z -uall [209ms]
[2022-07-05T14:00:12.398Z] > git symbolic-ref --short HEAD [1ms]
[2022-07-05T14:00:12.411Z] > git for-each-ref --format=%(refname)%00%(upstream:short)%00%(objectname)%00%(upstream:track)%00%(upstream:remotename)%00%(upstream:remoteref) refs/heads/main refs/remotes/main [3ms]
[2022-07-05T14:00:12.432Z] > git for-each-ref --sort -committerdate --format %(refname) %(objectname) %(*objectname) [12ms]
[2022-07-05T14:00:12.433Z] > git remote --verbose [3ms]
[2022-07-05T14:00:12.447Z] > git config --get commit.template [2ms]
[2022-07-05T14:00:18.793Z] > git ls-files --stage -- /home/upalb/downloads/visymo.job-website/index.html [22ms]
[2022-07-05T14:00:18.804Z] > git show --textconv :index.html [46ms]
[2022-07-05T14:00:18.806Z] > git cat-file -s 6a54c45b8f97b1a5a73217148803fd322bd5824a [2ms]
[2022-07-05T14:00:21.011Z] > git show --textconv :index.css [11ms]
[2022-07-05T14:00:21.013Z] > git ls-files --stage -- /home/upalb/downloads/visymo.job-website/index.css [3ms]
[2022-07-05T14:00:21.028Z] > git cat-file -s ef4a8809746acd01c4d47ea64c44a17cce7c4c91 [2ms]
[2022-07-05T14:00:32.531Z] > git status -z -uall [194ms]
[2022-07-05T14:00:32.543Z] > git symbolic-ref --short HEAD [2ms]
[2022-07-05T14:00:32.555Z] > git for-each-ref --format=%(refname)%00%(upstream:short)%00%(objectname)%00%(upstream:track)%00%(upstream:remotename)%00%(upstream:remoteref) refs/heads/main refs/remotes/main [2ms]
[2022-07-05T14:00:32.577Z] > git for-each-ref --sort -committerdate --format %(refname) %(objectname) %(*objectname) [12ms]
[2022-07-05T14:00:32.577Z] > git remote --verbose [2ms]
[2022-07-05T14:00:32.591Z] > git config --get commit.template [1ms]
[2022-07-05T14:00:37.805Z] > git status -z -uall [199ms]
[2022-07-05T14:00:37.817Z] > git symbolic-ref --short HEAD [1ms]
[2022-07-05T14:00:37.829Z] > git for-each-ref --format=%(refname)%00%(upstream:short)%00%(objectname)%00%(upstream:track)%00%(upstream:remotename)%00%(upstream:remoteref) refs/heads/main refs/remotes/main [2ms]
[2022-07-05T14:00:37.849Z] > git for-each-ref --sort -committerdate --format %(refname) %(objectname) %(*objectname) [11ms]
[2022-07-05T14:00:37.850Z] > git remote --verbose [2ms]
[2022-07-05T14:00:37.863Z] > git config --get commit.template [1ms]
[2022-07-05T14:00:43.164Z] > git status -z -uall [275ms]
[2022-07-05T14:00:43.180Z] > git symbolic-ref --short HEAD [4ms]
[2022-07-05T14:00:43.199Z] > git for-each-ref --format=%(refname)%00%(upstream:short)%00%(objectname)%00%(upstream:track)%00%(upstream:remotename)%00%(upstream:remoteref) refs/heads/main refs/remotes/main [3ms]
[2022-07-05T14:00:43.236Z] > git for-each-ref --sort -committerdate --format %(refname) %(objectname) %(*objectname) [21ms]
[2022-07-05T14:00:43.237Z] > git remote --verbose [4ms]
[2022-07-05T14:00:43.252Z] > git config --get commit.template [3ms]
[2022-07-05T14:00:48.519Z] > git status -z -uall [256ms]
[2022-07-05T14:00:48.546Z] > git symbolic-ref --short HEAD [8ms]
[2022-07-05T14:00:48.562Z] > git for-each-ref --format=%(refname)%00%(upstream:short)%00%(objectname)%00%(upstream:track)%00%(upstream:remotename)%00%(upstream:remoteref) refs/heads/main refs/remotes/main [2ms]
[2022-07-05T14:00:48.583Z] > git for-each-ref --sort -committerdate --format %(refname) %(objectname) %(*objectname) [11ms]
[2022-07-05T14:00:48.584Z] > git remote --verbose [2ms]
[2022-07-05T14:00:48.600Z] > git config --get commit.template [2ms]
[2022-07-05T14:00:53.783Z] > git status -z -uall [172ms]
[2022-07-05T14:00:53.796Z] > git symbolic-ref --short HEAD [2ms]
[2022-07-05T14:00:53.808Z] > git for-each-ref --format=%(refname)%00%(upstream:short)%00%(objectname)%00%(upstream:track)%00%(upstream:remotename)%00%(upstream:remoteref) refs/heads/main refs/remotes/main [2ms]
[2022-07-05T14:00:53.832Z] > git for-each-ref --sort -committerdate --format %(refname) %(objectname) %(*objectname) [12ms]
[2022-07-05T14:00:53.833Z] > git remote --verbose [3ms]
[2022-07-05T14:00:53.853Z] > git config --get commit.template [3ms]
[2022-07-05T14:01:19.487Z] > git status -z -uall [188ms]
[2022-07-05T14:01:19.505Z] > git symbolic-ref --short HEAD [3ms]
[2022-07-05T14:01:19.522Z] > git for-each-ref --format=%(refname)%00%(upstream:short)%00%(objectname)%00%(upstream:track)%00%(upstream:remotename)%00%(upstream:remoteref) refs/heads/main refs/remotes/main [4ms]
[2022-07-05T14:01:19.544Z] > git for-each-ref --sort -committerdate --format %(refname) %(objectname) %(*objectname) [12ms]
[2022-07-05T14:01:19.544Z] > git remote --verbose [1ms]
[2022-07-05T14:01:19.560Z] > git config --get commit.template [2ms]
[2022-07-05T14:01:24.776Z] > git status -z -uall [192ms]
[2022-07-05T14:01:24.790Z] > git symbolic-ref --short HEAD [3ms]
[2022-07-05T14:01:24.804Z] > git for-each-ref --format=%(refname)%00%(upstream:short)%00%(objectname)%00%(upstream:track)%00%(upstream:remotename)%00%(upstream:remoteref) refs/heads/main refs/remotes/main [3ms]
[2022-07-05T14:01:24.828Z] > git for-each-ref --sort -committerdate --format %(refname) %(objectname) %(*objectname) [13ms]
[2022-07-05T14:01:24.828Z] > git remote --verbose [2ms]
[2022-07-05T14:01:24.853Z] > git config --get commit.template [4ms]
[2022-07-05T14:01:33.818Z] > git status -z -uall [181ms]
[2022-07-05T14:01:33.833Z] > git symbolic-ref --short HEAD [2ms]
[2022-07-05T14:01:33.846Z] > git for-each-ref --format=%(refname)%00%(upstream:short)%00%(objectname)%00%(upstream:track)%00%(upstream:remotename)%00%(upstream:remoteref) refs/heads/main refs/remotes/main [3ms]
[2022-07-05T14:01:33.867Z] > git for-each-ref --sort -committerdate --format %(refname) %(objectname) %(*objectname) [11ms]
[2022-07-05T14:01:33.867Z] > git remote --verbose [2ms]
[2022-07-05T14:01:33.882Z] > git config --get commit.template [2ms]
[2022-07-05T14:01:39.088Z] > git status -z -uall [194ms]
[2022-07-05T14:01:39.112Z] > git symbolic-ref --short HEAD [6ms]
[2022-07-05T14:01:39.145Z] > git for-each-ref --format=%(refname)%00%(upstream:short)%00%(objectname)%00%(upstream:track)%00%(upstream:remotename)%00%(upstream:remoteref) refs/heads/main refs/remotes/main [5ms]
[2022-07-05T14:01:39.175Z] > git for-each-ref --sort -committerdate --format %(refname) %(objectname) %(*objectname) [14ms]
[2022-07-05T14:01:39.175Z] > git remote --verbose [1ms]
[2022-07-05T14:01:39.190Z] > git config --get commit.template [2ms]
[2022-07-05T14:01:54.398Z] > git status -z -uall [213ms]
[2022-07-05T14:01:54.429Z] > git symbolic-ref --short HEAD [7ms]
[2022-07-05T14:01:54.452Z] > git for-each-ref --format=%(refname)%00%(upstream:short)%00%(objectname)%00%(upstream:track)%00%(upstream:remotename)%00%(upstream:remoteref) refs/heads/main refs/remotes/main [2ms]
[2022-07-05T14:01:54.487Z] > git for-each-ref --sort -committerdate --format %(refname) %(objectname) %(*objectname) [18ms]
[2022-07-05T14:01:54.488Z] > git remote --verbose [2ms]
[2022-07-05T14:01:54.515Z] > git config --get commit.template [5ms]
[2022-07-05T14:03:12.566Z] > git status -z -uall [179ms]
[2022-07-05T14:03:12.578Z] > git symbolic-ref --short HEAD [2ms]
[2022-07-05T14:03:12.594Z] > git for-each-ref --format=%(refname)%00%(upstream:short)%00%(objectname)%00%(upstream:track)%00%(upstream:remotename)%00%(upstream:remoteref) refs/heads/main refs/remotes/main [3ms]
[2022-07-05T14:03:12.638Z] > git remote --verbose [22ms]
[2022-07-05T14:03:12.638Z] > git for-each-ref --sort -committerdate --format %(refname) %(objectname) %(*objectname) [34ms]
[2022-07-05T14:03:12.653Z] > git config --get commit.template [1ms]
[2022-07-05T14:03:34.914Z] > git status -z -uall [212ms]
[2022-07-05T14:03:34.955Z] > git symbolic-ref --short HEAD [10ms]
[2022-07-05T14:03:34.984Z] > git for-each-ref --format=%(refname)%00%(upstream:short)%00%(objectname)%00%(upstream:track)%00%(upstream:remotename)%00%(upstream:remoteref) refs/heads/main refs/remotes/main [2ms]
[2022-07-05T14:03:35.056Z] > git for-each-ref --sort -committerdate --format %(refname) %(objectname) %(*objectname) [32ms]
[2022-07-05T14:03:35.061Z] > git remote --verbose [10ms]
[2022-07-05T14:03:35.107Z] > git config --get commit.template [4ms]
[2022-07-05T14:03:44.462Z] > git status -z -uall [219ms]
[2022-07-05T14:03:44.473Z] > git symbolic-ref --short HEAD [2ms]
[2022-07-05T14:03:44.485Z] > git for-each-ref --format=%(refname)%00%(upstream:short)%00%(objectname)%00%(upstream:track)%00%(upstream:remotename)%00%(upstream:remoteref) refs/heads/main refs/remotes/main [2ms]
[2022-07-05T14:03:44.507Z] > git for-each-ref --sort -committerdate --format %(refname) %(objectname) %(*objectname) [12ms]
[2022-07-05T14:03:44.508Z] > git remote --verbose [2ms]
[2022-07-05T14:03:44.523Z] > git config --get commit.template [1ms]
[2022-07-05T14:03:49.700Z] > git status -z -uall [165ms]
[2022-07-05T14:03:49.712Z] > git symbolic-ref --short HEAD [2ms]
[2022-07-05T14:03:49.724Z] > git for-each-ref --format=%(refname)%00%(upstream:short)%00%(objectname)%00%(upstream:track)%00%(upstream:remotename)%00%(upstream:remoteref) refs/heads/main refs/remotes/main [2ms]
[2022-07-05T14:03:49.746Z] > git for-each-ref --sort -committerdate --format %(refname) %(objectname) %(*objectname) [12ms]
[2022-07-05T14:03:49.747Z] > git remote --verbose [2ms]
[2022-07-05T14:03:49.760Z] > git config --get commit.template [1ms]
[2022-07-05T14:04:01.912Z] > git status -z -uall [332ms]
[2022-07-05T14:04:01.930Z] > git symbolic-ref --short HEAD [2ms]
[2022-07-05T14:04:01.945Z] > git for-each-ref --format=%(refname)%00%(upstream:short)%00%(objectname)%00%(upstream:track)%00%(upstream:remotename)%00%(upstream:remoteref) refs/heads/main refs/remotes/main [4ms]
[2022-07-05T14:04:01.972Z] > git for-each-ref --sort -committerdate --format %(refname) %(objectname) %(*objectname) [14ms]
[2022-07-05T14:04:01.972Z] > git remote --verbose [3ms]
[2022-07-05T14:04:01.990Z] > git config --get commit.template [2ms]
[2022-07-05T14:04:07.168Z] > git status -z -uall [167ms]
[2022-07-05T14:04:07.181Z] > git symbolic-ref --short HEAD [3ms]
[2022-07-05T14:04:07.193Z] > git for-each-ref --format=%(refname)%00%(upstream:short)%00%(objectname)%00%(upstream:track)%00%(upstream:remotename)%00%(upstream:remoteref) refs/heads/main refs/remotes/main [2ms]
[2022-07-05T14:04:07.217Z] > git for-each-ref --sort -committerdate --format %(refname) %(objectname) %(*objectname) [14ms]
[2022-07-05T14:04:07.218Z] > git remote --verbose [4ms]
[2022-07-05T14:04:07.238Z] > git config --get commit.template [2ms]
[2022-07-05T14:04:18.788Z] > git status -z -uall [171ms]
[2022-07-05T14:04:18.801Z] > git symbolic-ref --short HEAD [2ms]
[2022-07-05T14:04:18.815Z] > git for-each-ref --format=%(refname)%00%(upstream:short)%00%(objectname)%00%(upstream:track)%00%(upstream:remotename)%00%(upstream:remoteref) refs/heads/main refs/remotes/main [3ms]
[2022-07-05T14:04:18.841Z] > git for-each-ref --sort -committerdate --format %(refname) %(objectname) %(*objectname) [16ms]
[2022-07-05T14:04:18.844Z] > git remote --verbose [5ms]
[2022-07-05T14:04:18.863Z] > git config --get commit.template [2ms]
[2022-07-05T14:04:29.400Z] > git status -z -uall [179ms]
[2022-07-05T14:04:29.413Z] > git symbolic-ref --short HEAD [2ms]
[2022-07-05T14:04:29.427Z] > git for-each-ref --format=%(refname)%00%(upstream:short)%00%(objectname)%00%(upstream:track)%00%(upstream:remotename)%00%(upstream:remoteref) refs/heads/main refs/remotes/main [2ms]
[2022-07-05T14:04:29.460Z] > git for-each-ref --sort -committerdate --format %(refname) %(objectname) %(*objectname) [19ms]
[2022-07-05T14:04:29.463Z] > git remote --verbose [4ms]
[2022-07-05T14:04:29.480Z] > git config --get commit.template [2ms]
[2022-07-05T14:04:34.661Z] > git status -z -uall [169ms]
[2022-07-05T14:04:34.674Z] > git symbolic-ref --short HEAD [1ms]
[2022-07-05T14:04:34.688Z] > git for-each-ref --format=%(refname)%00%(upstream:short)%00%(objectname)%00%(upstream:track)%00%(upstream:remotename)%00%(upstream:remoteref) refs/heads/main refs/remotes/main [2ms]
[2022-07-05T14:04:34.719Z] > git for-each-ref --sort -committerdate --format %(refname) %(objectname) %(*objectname) [19ms]
[2022-07-05T14:04:34.720Z] > git remote --verbose [2ms]
[2022-07-05T14:04:34.740Z] > git config --get commit.template [3ms]
[2022-07-05T14:04:39.918Z] > git status -z -uall [167ms]
[2022-07-05T14:04:39.930Z] > git symbolic-ref --short HEAD [2ms]
[2022-07-05T14:04:39.943Z] > git for-each-ref --format=%(refname)%00%(upstream:short)%00%(objectname)%00%(upstream:track)%00%(upstream:remotename)%00%(upstream:remoteref) refs/heads/main refs/remotes/main [3ms]
[2022-07-05T14:04:39.963Z] > git for-each-ref --sort -committerdate --format %(refname) %(objectname) %(*objectname) [11ms]
[2022-07-05T14:04:39.964Z] > git remote --verbose [2ms]
[2022-07-05T14:04:39.978Z] > git config --get commit.template [1ms]
[2022-07-05T14:05:27.330Z] > git status -z -uall [183ms]
[2022-07-05T14:05:27.343Z] > git symbolic-ref --short HEAD [2ms]
[2022-07-05T14:05:27.356Z] > git for-each-ref --format=%(refname)%00%(upstream:short)%00%(objectname)%00%(upstream:track)%00%(upstream:remotename)%00%(upstream:remoteref) refs/heads/main refs/remotes/main [3ms]
[2022-07-05T14:05:27.379Z] > git for-each-ref --sort -committerdate --format %(refname) %(objectname) %(*objectname) [12ms]
[2022-07-05T14:05:27.380Z] > git remote --verbose [2ms]
[2022-07-05T14:05:27.398Z] > git config --get commit.template [3ms]
[2022-07-05T14:05:46.427Z] > git show --textconv :index.html [20ms]
[2022-07-05T14:05:46.429Z] > git ls-files --stage -- /home/upalb/downloads/visymo.job-website/index.html [4ms]
[2022-07-05T14:05:46.449Z] > git cat-file -s 6a54c45b8f97b1a5a73217148803fd322bd5824a [2ms]
[2022-07-05T14:05:49.230Z] > git show --textconv :index.css [12ms]
[2022-07-05T14:05:49.231Z] > git ls-files --stage -- /home/upalb/downloads/visymo.job-website/index.css [2ms]
[2022-07-05T14:05:49.244Z] > git cat-file -s ef4a8809746acd01c4d47ea64c44a17cce7c4c91 [1ms]
[2022-07-05T14:05:57.259Z] > git status -z -uall [179ms]
[2022-07-05T14:05:57.275Z] > git symbolic-ref --short HEAD [3ms]
[2022-07-05T14:05:57.291Z] > git for-each-ref --format=%(refname)%00%(upstream:short)%00%(objectname)%00%(upstream:track)%00%(upstream:remotename)%00%(upstream:remoteref) refs/heads/main refs/remotes/main [3ms]
[2022-07-05T14:05:57.324Z] > git remote --verbose [2ms]
[2022-07-05T14:05:57.324Z] > git for-each-ref --sort -committerdate --format %(refname) %(objectname) %(*objectname) [20ms]
[2022-07-05T14:05:57.338Z] > git config --get commit.template [2ms]
[2022-07-05T14:06:02.514Z] > git status -z -uall [164ms]
[2022-07-05T14:06:02.528Z] > git symbolic-ref --short HEAD [1ms]
[2022-07-05T14:06:02.541Z] > git for-each-ref --format=%(refname)%00%(upstream:short)%00%(objectname)%00%(upstream:track)%00%(upstream:remotename)%00%(upstream:remoteref) refs/heads/main refs/remotes/main [2ms]
[2022-07-05T14:06:02.562Z] > git for-each-ref --sort -committerdate --format %(refname) %(objectname) %(*objectname) [11ms]
[2022-07-05T14:06:02.563Z] > git remote --verbose [2ms]
[2022-07-05T14:06:02.577Z] > git config --get commit.template [1ms]
[2022-07-05T14:06:07.773Z] > git status -z -uall [185ms]
[2022-07-05T14:06:07.799Z] > git symbolic-ref --short HEAD [6ms]
[2022-07-05T14:06:07.864Z] > git for-each-ref --format=%(refname)%00%(upstream:short)%00%(objectname)%00%(upstream:track)%00%(upstream:remotename)%00%(upstream:remoteref) refs/heads/main refs/remotes/main [46ms]
[2022-07-05T14:06:08.006Z] > git for-each-ref --sort -committerdate --format %(refname) %(objectname) %(*objectname) [129ms]
[2022-07-05T14:06:08.008Z] > git remote --verbose [116ms]
[2022-07-05T14:06:08.025Z] > git config --get commit.template [4ms]
[2022-07-05T14:06:13.232Z] > git status -z -uall [188ms]
[2022-07-05T14:06:13.248Z] > git symbolic-ref --short HEAD [4ms]
[2022-07-05T14:06:13.268Z] > git for-each-ref --format=%(refname)%00%(upstream:short)%00%(objectname)%00%(upstream:track)%00%(upstream:remotename)%00%(upstream:remoteref) refs/heads/main refs/remotes/main [3ms]
[2022-07-05T14:06:13.305Z] > git for-each-ref --sort -committerdate --format %(refname) %(objectname) %(*objectname) [19ms]
[2022-07-05T14:06:13.306Z] > git remote --verbose [3ms]
[2022-07-05T14:06:13.339Z] > git config --get commit.template [3ms]
[2022-07-05T14:06:22.433Z] > git status -z -uall [176ms]
[2022-07-05T14:06:22.446Z] > git symbolic-ref --short HEAD [3ms]
[2022-07-05T14:06:22.459Z] > git for-each-ref --format=%(refname)%00%(upstream:short)%00%(objectname)%00%(upstream:track)%00%(upstream:remotename)%00%(upstream:remoteref) refs/heads/main refs/remotes/main [2ms]
[2022-07-05T14:06:22.482Z] > git for-each-ref --sort -committerdate --format %(refname) %(objectname) %(*objectname) [12ms]
[2022-07-05T14:06:22.483Z] > git remote --verbose [2ms]
[2022-07-05T14:06:22.497Z] > git config --get commit.template [2ms]
[2022-07-05T14:06:29.196Z] > git status -z -uall [171ms]
[2022-07-05T14:06:29.209Z] > git symbolic-ref --short HEAD [2ms]
[2022-07-05T14:06:29.223Z] > git for-each-ref --format=%(refname)%00%(upstream:short)%00%(objectname)%00%(upstream:track)%00%(upstream:remotename)%00%(upstream:remoteref) refs/heads/main refs/remotes/main [2ms]
[2022-07-05T14:06:29.251Z] > git for-each-ref --sort -committerdate --format %(refname) %(objectname) %(*objectname) [16ms]
[2022-07-05T14:06:29.251Z] > git remote --verbose [6ms]
[2022-07-05T14:06:29.265Z] > git config --get commit.template [2ms]
[2022-07-05T14:06:38.406Z] > git status -z -uall [181ms]
[2022-07-05T14:06:38.420Z] > git symbolic-ref --short HEAD [3ms]
[2022-07-05T14:06:38.433Z] > git for-each-ref --format=%(refname)%00%(upstream:short)%00%(objectname)%00%(upstream:track)%00%(upstream:remotename)%00%(upstream:remoteref) refs/heads/main refs/remotes/main [2ms]
[2022-07-05T14:06:38.457Z] > git for-each-ref --sort -committerdate --format %(refname) %(objectname) %(*objectname) [12ms]
[2022-07-05T14:06:38.457Z] > git remote --verbose [2ms]
[2022-07-05T14:06:38.472Z] > git config --get commit.template [2ms]
[2022-07-05T14:06:49.621Z] > git status -z -uall [182ms]
[2022-07-05T14:06:49.636Z] > git symbolic-ref --short HEAD [2ms]
[2022-07-05T14:06:49.648Z] > git for-each-ref --format=%(refname)%00%(upstream:short)%00%(objectname)%00%(upstream:track)%00%(upstream:remotename)%00%(upstream:remoteref) refs/heads/main refs/remotes/main [3ms]
[2022-07-05T14:06:49.668Z] > git for-each-ref --sort -committerdate --format %(refname) %(objectname) %(*objectname) [11ms]
[2022-07-05T14:06:49.668Z] > git remote --verbose [2ms]
[2022-07-05T14:06:49.684Z] > git config --get commit.template [2ms]
[2022-07-05T14:07:45.017Z] > git status -z -uall [177ms]
[2022-07-05T14:07:45.031Z] > git symbolic-ref --short HEAD [3ms]
[2022-07-05T14:07:45.044Z] > git for-each-ref --format=%(refname)%00%(upstream:short)%00%(objectname)%00%(upstream:track)%00%(upstream:remotename)%00%(upstream:remoteref) refs/heads/main refs/remotes/main [2ms]
[2022-07-05T14:07:45.066Z] > git for-each-ref --sort -committerdate --format %(refname) %(objectname) %(*objectname) [10ms]
[2022-07-05T14:07:45.067Z] > git remote --verbose [2ms]
[2022-07-05T14:07:45.081Z] > git config --get commit.template [1ms]
[2022-07-05T14:07:50.253Z] > git status -z -uall [161ms]
[2022-07-05T14:07:50.265Z] > git symbolic-ref --short HEAD [2ms]
[2022-07-05T14:07:50.278Z] > git for-each-ref --format=%(refname)%00%(upstream:short)%00%(objectname)%00%(upstream:track)%00%(upstream:remotename)%00%(upstream:remoteref) refs/heads/main refs/remotes/main [3ms]
[2022-07-05T14:07:50.300Z] > git for-each-ref --sort -committerdate --format %(refname) %(objectname) %(*objectname) [12ms]
[2022-07-05T14:07:50.300Z] > git remote --verbose [3ms]
[2022-07-05T14:07:50.314Z] > git config --get commit.template [1ms]
[2022-07-05T14:07:55.575Z] > git status -z -uall [250ms]
[2022-07-05T14:07:55.596Z] > git symbolic-ref --short HEAD [6ms]
[2022-07-05T14:07:55.622Z] > git for-each-ref --format=%(refname)%00%(upstream:short)%00%(objectname)%00%(upstream:track)%00%(upstream:remotename)%00%(upstream:remoteref) refs/heads/main refs/remotes/main [7ms]
[2022-07-05T14:07:55.653Z] > git for-each-ref --sort -committerdate --format %(refname) %(objectname) %(*objectname) [16ms]
[2022-07-05T14:07:55.654Z] > git remote --verbose [3ms]
[2022-07-05T14:07:55.677Z] > git config --get commit.template [2ms]
[2022-07-05T14:08:07.708Z] > git show --textconv :index.html [17ms]
[2022-07-05T14:08:07.713Z] > git ls-files --stage -- /home/upalb/downloads/visymo.job-website/index.html [6ms]
[2022-07-05T14:08:07.725Z] > git cat-file -s 6a54c45b8f97b1a5a73217148803fd322bd5824a [2ms]
[2022-07-05T14:08:11.587Z] > git show --textconv :index.css [15ms]
[2022-07-05T14:08:11.588Z] > git ls-files --stage -- /home/upalb/downloads/visymo.job-website/index.css [4ms]
[2022-07-05T14:08:11.602Z] > git cat-file -s ef4a8809746acd01c4d47ea64c44a17cce7c4c91 [3ms]
[2022-07-05T14:08:21.163Z] > git status -z -uall [217ms]
[2022-07-05T14:08:21.196Z] > git symbolic-ref --short HEAD [10ms]
[2022-07-05T14:08:21.227Z] > git for-each-ref --format=%(refname)%00%(upstream:short)%00%(objectname)%00%(upstream:track)%00%(upstream:remotename)%00%(upstream:remoteref) refs/heads/main refs/remotes/main [6ms]
[2022-07-05T14:08:21.268Z] > git for-each-ref --sort -committerdate --format %(refname) %(objectname) %(*objectname) [23ms]
[2022-07-05T14:08:21.271Z] > git remote --verbose [6ms]
[2022-07-05T14:08:21.302Z] > git config --get commit.template [3ms]
[2022-07-05T14:08:27.879Z] > git status -z -uall [180ms]
[2022-07-05T14:08:27.896Z] > git symbolic-ref --short HEAD [3ms]
[2022-07-05T14:08:27.914Z] > git for-each-ref --format=%(refname)%00%(upstream:short)%00%(objectname)%00%(upstream:track)%00%(upstream:remotename)%00%(upstream:remoteref) refs/heads/main refs/remotes/main [4ms]
[2022-07-05T14:08:27.956Z] > git for-each-ref --sort -committerdate --format %(refname) %(objectname) %(*objectname) [23ms]
[2022-07-05T14:08:27.958Z] > git remote --verbose [6ms]
[2022-07-05T14:08:27.992Z] > git config --get commit.template [4ms]
[2022-07-05T14:13:13.403Z] > git rev-parse --show-toplevel [4ms]
[2022-07-05T14:13:13.403Z] fatal: not a git repository (or any parent up to mount point /run/media/upalb)
Stopping at filesystem boundary (GIT_DISCOVERY_ACROSS_FILESYSTEM not set).
[2022-07-05T14:13:14.577Z] > git rev-parse --show-toplevel [2ms]
[2022-07-05T14:13:14.577Z] fatal: not a git repository (or any parent up to mount point /run/media/upalb)
Stopping at filesystem boundary (GIT_DISCOVERY_ACROSS_FILESYSTEM not set).
[2022-07-05T14:13:15.330Z] > git rev-parse --show-toplevel [3ms]
[2022-07-05T14:13:15.330Z] fatal: not a git repository (or any parent up to mount point /run/media/upalb)
Stopping at filesystem boundary (GIT_DISCOVERY_ACROSS_FILESYSTEM not set).
[2022-07-05T14:13:16.078Z] > git rev-parse --show-toplevel [3ms]
[2022-07-05T14:13:16.078Z] fatal: not a git repository (or any parent up to mount point /run/media/upalb)
Stopping at filesystem boundary (GIT_DISCOVERY_ACROSS_FILESYSTEM not set).
