[2022-07-21T01:49:15.039Z] Log level: Info
[2022-07-21T01:49:15.040Z] [info] Validating found git in: git
[2022-07-21T01:49:15.334Z] [info] Using git 2.37.1 from git
[2022-07-21T01:49:15.436Z] > git rev-parse --show-toplevel [74ms]
[2022-07-21T01:49:15.468Z] > git rev-parse --git-dir --git-common-dir [6ms]
[2022-07-21T01:49:15.475Z] [info] Open repository: /home/upalb/Assignment-2
[2022-07-21T01:49:15.695Z] > git status -z -uall [205ms]
[2022-07-21T01:49:15.708Z] > git symbolic-ref --short HEAD [1ms]
[2022-07-21T01:49:15.771Z] > git for-each-ref --format=%(refname)%00%(upstream:short)%00%(objectname)%00%(upstream:track)%00%(upstream:remotename)%00%(upstream:remoteref) refs/heads/main refs/remotes/main [51ms]
[2022-07-21T01:49:15.795Z] > git for-each-ref --sort -committerdate --format %(refname) %(objectname) %(*objectname) [12ms]
[2022-07-21T01:49:15.796Z] > git remote --verbose [3ms]
[2022-07-21T01:49:15.871Z] > git config --get commit.template [43ms]
[2022-07-21T01:49:15.897Z] > git status -z -uall [9ms]
[2022-07-21T01:49:16.132Z] > git symbolic-ref --short HEAD [218ms]
[2022-07-21T01:49:16.187Z] > git check-ignore -v -z --stdin [24ms]
[2022-07-21T01:49:16.189Z] > git for-each-ref --format=%(refname)%00%(upstream:short)%00%(objectname)%00%(upstream:track)%00%(upstream:remotename)%00%(upstream:remoteref) refs/heads/main refs/remotes/main [42ms]
[2022-07-21T01:49:16.256Z] > git for-each-ref --sort -committerdate --format %(refname) %(objectname) %(*objectname) [53ms]
[2022-07-21T01:49:16.258Z] > git remote --verbose [40ms]
[2022-07-21T01:49:16.287Z] > git ls-files --stage -- /home/upalb/Assignment-2/index.html [33ms]
[2022-07-21T01:49:16.308Z] > git config --get commit.template [22ms]
[2022-07-21T01:49:16.320Z] > git show --textconv :index.html [83ms]
[2022-07-21T01:49:16.322Z] > git cat-file -s 0e21c6d32ee31341f655bc0d3538074606833024 [19ms]
[2022-07-21T01:49:27.800Z] > git config --global user.email [7ms]
[2022-07-21T01:49:27.852Z] > git config --global user.name [36ms]
[2022-07-21T01:49:27.881Z] > git status -z -uall [13ms]
[2022-07-21T01:49:27.913Z] > git symbolic-ref --short HEAD [9ms]
[2022-07-21T01:49:27.945Z] > git for-each-ref --format=%(refname)%00%(upstream:short)%00%(objectname)%00%(upstream:track)%00%(upstream:remotename)%00%(upstream:remoteref) refs/heads/main refs/remotes/main [19ms]
[2022-07-21T01:49:27.976Z] > git remote --verbose [4ms]
[2022-07-21T01:49:27.976Z] > git for-each-ref --sort -committerdate --format %(refname) %(objectname) %(*objectname) [18ms]
[2022-07-21T01:49:28.021Z] > git config --get commit.template [7ms]
[2022-07-21T01:49:28.426Z] > git show -s --format=%an <%ae> [%ai] 92c1f4b02bf75ecfda62739a71bc00a4184511a4 [391ms]
[2022-07-21T01:49:28.448Z] > git show -s --format=%H%n%aN%n%aE%n%at%n%ct%n%P%n%D%n%B -z 92c1f4b02bf75ecfda62739a71bc00a4184511a4 [3ms]
[2022-07-21T01:49:28.526Z] > git show -s --format=%an <%ae> [%ai] be9e6cdedec2e548ff9d9ca0619fa7c55c0a03c9 [52ms]
[2022-07-21T01:49:28.549Z] > git show -s --format=%H%n%aN%n%aE%n%at%n%ct%n%P%n%D%n%B -z be9e6cdedec2e548ff9d9ca0619fa7c55c0a03c9 [4ms]
[2022-07-21T01:49:28.591Z] > git show -s --format=%an <%ae> [%ai] 44b3a618cdc1cb73b658a97e318fed16e12b9cab [28ms]
[2022-07-21T01:49:28.608Z] > git show -s --format=%H%n%aN%n%aE%n%at%n%ct%n%P%n%D%n%B -z 44b3a618cdc1cb73b658a97e318fed16e12b9cab [3ms]
[2022-07-21T01:49:28.627Z] > git show -s --format=%an <%ae> [%ai] 6ea563e7d5673418771c402497decffbf5c547b7 [3ms]
[2022-07-21T01:49:28.646Z] > git show -s --format=%H%n%aN%n%aE%n%at%n%ct%n%P%n%D%n%B -z 6ea563e7d5673418771c402497decffbf5c547b7 [3ms]
[2022-07-21T01:49:41.801Z] > git ls-files --stage -- /home/upalb/Assignment-2/upcoming-match.html [4ms]
[2022-07-21T01:49:41.880Z] > git show --textconv :upcoming-match.html [109ms]
[2022-07-21T01:49:41.882Z] > git cat-file -s 5acae99ef859b4c3a7283bd3fa09a20c492f0c30 [59ms]
[2022-07-21T01:49:42.906Z] > git show --textconv :index.html [15ms]
[2022-07-21T01:49:42.907Z] > git ls-files --stage -- /home/upalb/Assignment-2/index.html [3ms]
[2022-07-21T01:49:42.921Z] > git cat-file -s 0e21c6d32ee31341f655bc0d3538074606833024 [3ms]
[2022-07-21T02:00:55.817Z] > git status -z -uall [4ms]
[2022-07-21T02:00:55.836Z] > git symbolic-ref --short HEAD [2ms]
[2022-07-21T02:00:55.852Z] > git for-each-ref --format=%(refname)%00%(upstream:short)%00%(objectname)%00%(upstream:track)%00%(upstream:remotename)%00%(upstream:remoteref) refs/heads/main refs/remotes/main [2ms]
[2022-07-21T02:00:55.882Z] > git for-each-ref --sort -committerdate --format %(refname) %(objectname) %(*objectname) [16ms]
[2022-07-21T02:00:55.883Z] > git remote --verbose [3ms]
[2022-07-21T02:00:55.911Z] > git config --get commit.template [5ms]
[2022-07-21T02:01:00.931Z] > git status -z -uall [4ms]
[2022-07-21T02:01:00.953Z] > git symbolic-ref --short HEAD [3ms]
[2022-07-21T02:01:00.968Z] > git for-each-ref --format=%(refname)%00%(upstream:short)%00%(objectname)%00%(upstream:track)%00%(upstream:remotename)%00%(upstream:remoteref) refs/heads/main refs/remotes/main [2ms]
[2022-07-21T02:01:00.999Z] > git for-each-ref --sort -committerdate --format %(refname) %(objectname) %(*objectname) [16ms]
[2022-07-21T02:01:01.000Z] > git remote --verbose [2ms]
[2022-07-21T02:01:01.032Z] > git config --get commit.template [6ms]
[2022-07-21T02:01:06.067Z] > git status -z -uall [12ms]
[2022-07-21T02:01:06.091Z] > git symbolic-ref --short HEAD [3ms]
[2022-07-21T02:01:06.115Z] > git for-each-ref --format=%(refname)%00%(upstream:short)%00%(objectname)%00%(upstream:track)%00%(upstream:remotename)%00%(upstream:remoteref) refs/heads/main refs/remotes/main [4ms]
[2022-07-21T02:01:06.187Z] > git for-each-ref --sort -committerdate --format %(refname) %(objectname) %(*objectname) [44ms]
[2022-07-21T02:01:06.188Z] > git remote --verbose [4ms]
[2022-07-21T02:01:06.259Z] > git config --get commit.template [4ms]
[2022-07-21T02:02:51.140Z] > git status -z -uall [3ms]
[2022-07-21T02:02:51.351Z] > git symbolic-ref --short HEAD [194ms]
[2022-07-21T02:02:51.366Z] > git for-each-ref --format=%(refname)%00%(upstream:short)%00%(objectname)%00%(upstream:track)%00%(upstream:remotename)%00%(upstream:remoteref) refs/heads/main refs/remotes/main [1ms]
[2022-07-21T02:02:51.395Z] > git for-each-ref --sort -committerdate --format %(refname) %(objectname) %(*objectname) [15ms]
[2022-07-21T02:02:51.395Z] > git remote --verbose [2ms]
[2022-07-21T02:02:51.423Z] > git config --get commit.template [3ms]
[2022-07-21T02:03:28.897Z] > git show --textconv :upcoming-match.html [16ms]
[2022-07-21T02:03:28.899Z] > git ls-files --stage -- /home/upalb/Assignment-2/upcoming-match.html [3ms]
[2022-07-21T02:03:28.921Z] > git cat-file -s 5acae99ef859b4c3a7283bd3fa09a20c492f0c30 [10ms]
[2022-07-21T02:05:13.944Z] > git show --textconv :index.html [49ms]
[2022-07-21T02:05:13.951Z] > git ls-files --stage -- /home/upalb/Assignment-2/index.html [9ms]
[2022-07-21T02:05:13.973Z] > git cat-file -s 0e21c6d32ee31341f655bc0d3538074606833024 [2ms]
[2022-07-21T02:05:15.702Z] > git show --textconv :css/style.css [78ms]
[2022-07-21T02:05:15.702Z] > git ls-files --stage -- /home/upalb/Assignment-2/css/style.css [55ms]
[2022-07-21T02:05:15.749Z] > git cat-file -s 781544d50ccc428fef1f6152f563addba0aa1c37 [28ms]
[2022-07-21T02:06:40.815Z] > git status -z -uall [3ms]
[2022-07-21T02:06:40.830Z] > git symbolic-ref --short HEAD [2ms]
[2022-07-21T02:06:40.846Z] > git for-each-ref --format=%(refname)%00%(upstream:short)%00%(objectname)%00%(upstream:track)%00%(upstream:remotename)%00%(upstream:remoteref) refs/heads/main refs/remotes/main [2ms]
[2022-07-21T02:06:40.874Z] > git for-each-ref --sort -committerdate --format %(refname) %(objectname) %(*objectname) [14ms]
[2022-07-21T02:06:40.874Z] > git remote --verbose [2ms]
[2022-07-21T02:06:40.902Z] > git config --get commit.template [4ms]
[2022-07-21T02:06:42.347Z] > git show --textconv :index.html [14ms]
[2022-07-21T02:06:42.349Z] > git ls-files --stage -- /home/upalb/Assignment-2/index.html [3ms]
[2022-07-21T02:06:42.364Z] > git cat-file -s 0e21c6d32ee31341f655bc0d3538074606833024 [2ms]
[2022-07-21T02:06:54.644Z] > git status -z -uall [3ms]
[2022-07-21T02:06:54.659Z] > git symbolic-ref --short HEAD [2ms]
[2022-07-21T02:06:54.676Z] > git for-each-ref --format=%(refname)%00%(upstream:short)%00%(objectname)%00%(upstream:track)%00%(upstream:remotename)%00%(upstream:remoteref) refs/heads/main refs/remotes/main [3ms]
[2022-07-21T02:06:54.706Z] > git remote --verbose [3ms]
[2022-07-21T02:06:54.707Z] > git for-each-ref --sort -committerdate --format %(refname) %(objectname) %(*objectname) [17ms]
[2022-07-21T02:06:54.735Z] > git config --get commit.template [4ms]
[2022-07-21T02:08:00.664Z] > git show --textconv :css/style.css [31ms]
[2022-07-21T02:08:00.665Z] > git ls-files --stage -- /home/upalb/Assignment-2/css/style.css [5ms]
[2022-07-21T02:08:00.696Z] > git cat-file -s 781544d50ccc428fef1f6152f563addba0aa1c37 [2ms]
[2022-07-21T02:08:40.858Z] > git status -z -uall [4ms]
[2022-07-21T02:08:40.875Z] > git symbolic-ref --short HEAD [2ms]
[2022-07-21T02:08:40.891Z] > git for-each-ref --format=%(refname)%00%(upstream:short)%00%(objectname)%00%(upstream:track)%00%(upstream:remotename)%00%(upstream:remoteref) refs/heads/main refs/remotes/main [2ms]
[2022-07-21T02:08:40.926Z] > git for-each-ref --sort -committerdate --format %(refname) %(objectname) %(*objectname) [19ms]
[2022-07-21T02:08:40.927Z] > git remote --verbose [4ms]
[2022-07-21T02:08:40.956Z] > git config --get commit.template [7ms]
[2022-07-21T02:08:54.870Z] > git status -z -uall [14ms]
[2022-07-21T02:08:54.903Z] > git symbolic-ref --short HEAD [5ms]
[2022-07-21T02:08:54.934Z] > git for-each-ref --format=%(refname)%00%(upstream:short)%00%(objectname)%00%(upstream:track)%00%(upstream:remotename)%00%(upstream:remoteref) refs/heads/main refs/remotes/main [6ms]
[2022-07-21T02:08:54.979Z] > git remote --verbose [3ms]
[2022-07-21T02:08:54.979Z] > git for-each-ref --sort -committerdate --format %(refname) %(objectname) %(*objectname) [23ms]
[2022-07-21T02:08:55.010Z] > git config --get commit.template [4ms]
[2022-07-21T02:09:36.156Z] > git status -z -uall [4ms]
[2022-07-21T02:09:36.174Z] > git symbolic-ref --short HEAD [1ms]
[2022-07-21T02:09:36.192Z] > git for-each-ref --format=%(refname)%00%(upstream:short)%00%(objectname)%00%(upstream:track)%00%(upstream:remotename)%00%(upstream:remoteref) refs/heads/main refs/remotes/main [2ms]
[2022-07-21T02:09:36.224Z] > git for-each-ref --sort -committerdate --format %(refname) %(objectname) %(*objectname) [17ms]
[2022-07-21T02:09:36.225Z] > git remote --verbose [2ms]
[2022-07-21T02:09:36.255Z] > git config --get commit.template [5ms]
[2022-07-21T02:18:23.469Z] > git status -z -uall [4ms]
[2022-07-21T02:18:23.485Z] > git symbolic-ref --short HEAD [3ms]
[2022-07-21T02:18:23.499Z] > git for-each-ref --format=%(refname)%00%(upstream:short)%00%(objectname)%00%(upstream:track)%00%(upstream:remotename)%00%(upstream:remoteref) refs/heads/main refs/remotes/main [2ms]
[2022-07-21T02:18:23.528Z] > git for-each-ref --sort -committerdate --format %(refname) %(objectname) %(*objectname) [14ms]
[2022-07-21T02:18:23.529Z] > git remote --verbose [2ms]
[2022-07-21T02:18:23.560Z] > git config --get commit.template [6ms]
[2022-07-21T02:18:25.499Z] > git show --textconv :index.html [67ms]
[2022-07-21T02:18:25.511Z] > git ls-files --stage -- /home/upalb/Assignment-2/index.html [23ms]
[2022-07-21T02:18:25.570Z] > git cat-file -s 0e21c6d32ee31341f655bc0d3538074606833024 [14ms]
[2022-07-21T02:18:35.146Z] > git status -z -uall [7ms]
[2022-07-21T02:18:35.169Z] > git symbolic-ref --short HEAD [2ms]
[2022-07-21T02:18:35.196Z] > git for-each-ref --format=%(refname)%00%(upstream:short)%00%(objectname)%00%(upstream:track)%00%(upstream:remotename)%00%(upstream:remoteref) refs/heads/main refs/remotes/main [7ms]
[2022-07-21T02:18:35.238Z] > git for-each-ref --sort -committerdate --format %(refname) %(objectname) %(*objectname) [21ms]
[2022-07-21T02:18:35.241Z] > git remote --verbose [4ms]
[2022-07-21T02:18:35.282Z] > git config --get commit.template [10ms]
[2022-07-21T02:19:06.891Z] > git status -z -uall [28ms]
[2022-07-21T02:19:06.908Z] > git symbolic-ref --short HEAD [2ms]
[2022-07-21T02:19:06.928Z] > git for-each-ref --format=%(refname)%00%(upstream:short)%00%(objectname)%00%(upstream:track)%00%(upstream:remotename)%00%(upstream:remoteref) refs/heads/main refs/remotes/main [4ms]
[2022-07-21T02:19:06.969Z] > git for-each-ref --sort -committerdate --format %(refname) %(objectname) %(*objectname) [20ms]
[2022-07-21T02:19:06.970Z] > git remote --verbose [2ms]
[2022-07-21T02:19:07.015Z] > git config --get commit.template [11ms]
[2022-07-21T02:19:23.967Z] > git status -z -uall [6ms]
[2022-07-21T02:19:23.983Z] > git symbolic-ref --short HEAD [2ms]
[2022-07-21T02:19:23.999Z] > git for-each-ref --format=%(refname)%00%(upstream:short)%00%(objectname)%00%(upstream:track)%00%(upstream:remotename)%00%(upstream:remoteref) refs/heads/main refs/remotes/main [3ms]
[2022-07-21T02:19:24.036Z] > git for-each-ref --sort -committerdate --format %(refname) %(objectname) %(*objectname) [18ms]
[2022-07-21T02:19:24.037Z] > git remote --verbose [5ms]
[2022-07-21T02:19:24.096Z] > git show --textconv :css/style.css [40ms]
[2022-07-21T02:19:24.097Z] > git config --get commit.template [10ms]
[2022-07-21T02:19:24.098Z] > git ls-files --stage -- /home/upalb/Assignment-2/css/style.css [26ms]
[2022-07-21T02:19:24.113Z] > git cat-file -s 781544d50ccc428fef1f6152f563addba0aa1c37 [2ms]
[2022-07-21T02:19:29.587Z] > git status -z -uall [6ms]
[2022-07-21T02:19:29.606Z] > git symbolic-ref --short HEAD [2ms]
[2022-07-21T02:19:29.626Z] > git for-each-ref --format=%(refname)%00%(upstream:short)%00%(objectname)%00%(upstream:track)%00%(upstream:remotename)%00%(upstream:remoteref) refs/heads/main refs/remotes/main [2ms]
[2022-07-21T02:19:29.661Z] > git for-each-ref --sort -committerdate --format %(refname) %(objectname) %(*objectname) [18ms]
[2022-07-21T02:19:29.662Z] > git remote --verbose [3ms]
[2022-07-21T02:19:29.690Z] > git config --get commit.template [4ms]
[2022-07-21T02:20:02.278Z] > git status -z -uall [4ms]
[2022-07-21T02:20:02.306Z] > git symbolic-ref --short HEAD [4ms]
[2022-07-21T02:20:02.328Z] > git for-each-ref --format=%(refname)%00%(upstream:short)%00%(objectname)%00%(upstream:track)%00%(upstream:remotename)%00%(upstream:remoteref) refs/heads/main refs/remotes/main [2ms]
[2022-07-21T02:20:02.368Z] > git remote --verbose [2ms]
[2022-07-21T02:20:02.369Z] > git for-each-ref --sort -committerdate --format %(refname) %(objectname) %(*objectname) [20ms]
[2022-07-21T02:20:02.403Z] > git config --get commit.template [6ms]
[2022-07-21T02:20:07.424Z] > git status -z -uall [3ms]
[2022-07-21T02:20:07.441Z] > git symbolic-ref --short HEAD [2ms]
[2022-07-21T02:20:07.457Z] > git for-each-ref --format=%(refname)%00%(upstream:short)%00%(objectname)%00%(upstream:track)%00%(upstream:remotename)%00%(upstream:remoteref) refs/heads/main refs/remotes/main [2ms]
[2022-07-21T02:20:07.495Z] > git for-each-ref --sort -committerdate --format %(refname) %(objectname) %(*objectname) [19ms]
[2022-07-21T02:20:07.496Z] > git remote --verbose [2ms]
[2022-07-21T02:20:07.533Z] > git config --get commit.template [5ms]
[2022-07-21T02:20:22.764Z] > git status -z -uall [5ms]
[2022-07-21T02:20:22.789Z] > git symbolic-ref --short HEAD [2ms]
[2022-07-21T02:20:22.815Z] > git for-each-ref --format=%(refname)%00%(upstream:short)%00%(objectname)%00%(upstream:track)%00%(upstream:remotename)%00%(upstream:remoteref) refs/heads/main refs/remotes/main [2ms]
[2022-07-21T02:20:22.850Z] > git for-each-ref --sort -committerdate --format %(refname) %(objectname) %(*objectname) [18ms]
[2022-07-21T02:20:22.850Z] > git remote --verbose [2ms]
[2022-07-21T02:20:22.880Z] > git config --get commit.template [4ms]
[2022-07-21T02:20:27.900Z] > git status -z -uall [3ms]
[2022-07-21T02:20:27.916Z] > git symbolic-ref --short HEAD [2ms]
[2022-07-21T02:20:27.933Z] > git for-each-ref --format=%(refname)%00%(upstream:short)%00%(objectname)%00%(upstream:track)%00%(upstream:remotename)%00%(upstream:remoteref) refs/heads/main refs/remotes/main [2ms]
[2022-07-21T02:20:27.965Z] > git for-each-ref --sort -committerdate --format %(refname) %(objectname) %(*objectname) [17ms]
[2022-07-21T02:20:27.965Z] > git remote --verbose [2ms]
[2022-07-21T02:20:28.003Z] > git config --get commit.template [10ms]
[2022-07-21T02:20:36.793Z] > git status -z -uall [2ms]
[2022-07-21T02:20:36.821Z] > git symbolic-ref --short HEAD [2ms]
[2022-07-21T02:20:36.840Z] > git for-each-ref --format=%(refname)%00%(upstream:short)%00%(objectname)%00%(upstream:track)%00%(upstream:remotename)%00%(upstream:remoteref) refs/heads/main refs/remotes/main [2ms]
[2022-07-21T02:20:36.873Z] > git for-each-ref --sort -committerdate --format %(refname) %(objectname) %(*objectname) [18ms]
[2022-07-21T02:20:36.873Z] > git remote --verbose [2ms]
[2022-07-21T02:20:36.901Z] > git config --get commit.template [7ms]
[2022-07-21T02:20:44.375Z] > git status -z -uall [5ms]
[2022-07-21T02:20:44.396Z] > git symbolic-ref --short HEAD [2ms]
[2022-07-21T02:20:44.418Z] > git for-each-ref --format=%(refname)%00%(upstream:short)%00%(objectname)%00%(upstream:track)%00%(upstream:remotename)%00%(upstream:remoteref) refs/heads/main refs/remotes/main [4ms]
[2022-07-21T02:20:44.463Z] > git for-each-ref --sort -committerdate --format %(refname) %(objectname) %(*objectname) [24ms]
[2022-07-21T02:20:44.464Z] > git remote --verbose [3ms]
[2022-07-21T02:20:44.503Z] > git config --get commit.template [7ms]
[2022-07-21T02:20:55.827Z] > git status -z -uall [47ms]
[2022-07-21T02:20:55.845Z] > git symbolic-ref --short HEAD [2ms]
[2022-07-21T02:20:55.865Z] > git for-each-ref --format=%(refname)%00%(upstream:short)%00%(objectname)%00%(upstream:track)%00%(upstream:remotename)%00%(upstream:remoteref) refs/heads/main refs/remotes/main [3ms]
[2022-07-21T02:20:55.921Z] > git for-each-ref --sort -committerdate --format %(refname) %(objectname) %(*objectname) [28ms]
[2022-07-21T02:20:55.923Z] > git remote --verbose [5ms]
[2022-07-21T02:20:55.980Z] > git config --get commit.template [3ms]
[2022-07-21T02:21:08.367Z] > git status -z -uall [3ms]
[2022-07-21T02:21:08.385Z] > git symbolic-ref --short HEAD [2ms]
[2022-07-21T02:21:08.404Z] > git for-each-ref --format=%(refname)%00%(upstream:short)%00%(objectname)%00%(upstream:track)%00%(upstream:remotename)%00%(upstream:remoteref) refs/heads/main refs/remotes/main [2ms]
[2022-07-21T02:21:08.437Z] > git for-each-ref --sort -committerdate --format %(refname) %(objectname) %(*objectname) [16ms]
[2022-07-21T02:21:08.438Z] > git remote --verbose [2ms]
[2022-07-21T02:21:08.466Z] > git config --get commit.template [3ms]
[2022-07-21T02:21:40.995Z] > git status -z -uall [7ms]
[2022-07-21T02:21:41.036Z] > git symbolic-ref --short HEAD [2ms]
[2022-07-21T02:21:41.070Z] > git for-each-ref --format=%(refname)%00%(upstream:short)%00%(objectname)%00%(upstream:track)%00%(upstream:remotename)%00%(upstream:remoteref) refs/heads/main refs/remotes/main [4ms]
[2022-07-21T02:21:41.115Z] > git for-each-ref --sort -committerdate --format %(refname) %(objectname) %(*objectname) [23ms]
[2022-07-21T02:21:41.115Z] > git remote --verbose [2ms]
[2022-07-21T02:21:41.146Z] > git config --get commit.template [10ms]
[2022-07-21T02:26:09.001Z] > git show --textconv :index.html [25ms]
[2022-07-21T02:26:09.003Z] > git ls-files --stage -- /home/upalb/Assignment-2/index.html [5ms]
[2022-07-21T02:26:09.030Z] > git cat-file -s 0e21c6d32ee31341f655bc0d3538074606833024 [4ms]
[2022-07-21T02:26:35.839Z] > git status -z -uall [5ms]
[2022-07-21T02:26:35.859Z] > git symbolic-ref --short HEAD [2ms]
[2022-07-21T02:26:35.878Z] > git for-each-ref --format=%(refname)%00%(upstream:short)%00%(objectname)%00%(upstream:track)%00%(upstream:remotename)%00%(upstream:remoteref) refs/heads/main refs/remotes/main [4ms]
[2022-07-21T02:26:35.919Z] > git for-each-ref --sort -committerdate --format %(refname) %(objectname) %(*objectname) [24ms]
[2022-07-21T02:26:35.920Z] > git remote --verbose [5ms]
[2022-07-21T02:26:35.952Z] > git config --get commit.template [8ms]
[2022-07-21T02:26:37.384Z] > git show --textconv :css/style.css [21ms]
[2022-07-21T02:26:37.387Z] > git ls-files --stage -- /home/upalb/Assignment-2/css/style.css [4ms]
[2022-07-21T02:26:37.406Z] > git cat-file -s 781544d50ccc428fef1f6152f563addba0aa1c37 [2ms]
[2022-07-21T02:27:08.572Z] > git status -z -uall [3ms]
[2022-07-21T02:27:08.602Z] > git symbolic-ref --short HEAD [2ms]
[2022-07-21T02:27:08.625Z] > git for-each-ref --format=%(refname)%00%(upstream:short)%00%(objectname)%00%(upstream:track)%00%(upstream:remotename)%00%(upstream:remoteref) refs/heads/main refs/remotes/main [4ms]
[2022-07-21T02:27:08.662Z] > git remote --verbose [3ms]
[2022-07-21T02:27:08.662Z] > git for-each-ref --sort -committerdate --format %(refname) %(objectname) %(*objectname) [20ms]
[2022-07-21T02:27:08.689Z] > git config --get commit.template [3ms]
[2022-07-21T02:27:13.708Z] > git status -z -uall [2ms]
[2022-07-21T02:27:13.724Z] > git symbolic-ref --short HEAD [1ms]
[2022-07-21T02:27:13.744Z] > git for-each-ref --format=%(refname)%00%(upstream:short)%00%(objectname)%00%(upstream:track)%00%(upstream:remotename)%00%(upstream:remoteref) refs/heads/main refs/remotes/main [4ms]
[2022-07-21T02:27:13.781Z] > git for-each-ref --sort -committerdate --format %(refname) %(objectname) %(*objectname) [23ms]
[2022-07-21T02:27:13.781Z] > git remote --verbose [8ms]
[2022-07-21T02:27:13.807Z] > git config --get commit.template [3ms]
[2022-07-21T02:27:32.090Z] > git status -z -uall [7ms]
[2022-07-21T02:27:32.114Z] > git symbolic-ref --short HEAD [3ms]
[2022-07-21T02:27:32.138Z] > git for-each-ref --format=%(refname)%00%(upstream:short)%00%(objectname)%00%(upstream:track)%00%(upstream:remotename)%00%(upstream:remoteref) refs/heads/main refs/remotes/main [4ms]
[2022-07-21T02:27:32.172Z] > git for-each-ref --sort -committerdate --format %(refname) %(objectname) %(*objectname) [17ms]
[2022-07-21T02:27:32.173Z] > git remote --verbose [4ms]
[2022-07-21T02:27:32.199Z] > git config --get commit.template [3ms]
[2022-07-21T02:27:39.567Z] > git status -z -uall [4ms]
[2022-07-21T02:27:39.586Z] > git symbolic-ref --short HEAD [1ms]
[2022-07-21T02:27:39.609Z] > git for-each-ref --format=%(refname)%00%(upstream:short)%00%(objectname)%00%(upstream:track)%00%(upstream:remotename)%00%(upstream:remoteref) refs/heads/main refs/remotes/main [3ms]
[2022-07-21T02:27:39.641Z] > git for-each-ref --sort -committerdate --format %(refname) %(objectname) %(*objectname) [16ms]
[2022-07-21T02:27:39.642Z] > git remote --verbose [2ms]
[2022-07-21T02:27:39.671Z] > git config --get commit.template [7ms]
[2022-07-21T02:27:46.286Z] > git status -z -uall [3ms]
[2022-07-21T02:27:46.313Z] > git symbolic-ref --short HEAD [1ms]
[2022-07-21T02:27:46.334Z] > git for-each-ref --format=%(refname)%00%(upstream:short)%00%(objectname)%00%(upstream:track)%00%(upstream:remotename)%00%(upstream:remoteref) refs/heads/main refs/remotes/main [2ms]
[2022-07-21T02:27:46.368Z] > git for-each-ref --sort -committerdate --format %(refname) %(objectname) %(*objectname) [17ms]
[2022-07-21T02:27:46.369Z] > git remote --verbose [2ms]
[2022-07-21T02:27:46.396Z] > git config --get commit.template [3ms]
[2022-07-21T02:27:51.417Z] > git status -z -uall [4ms]
[2022-07-21T02:27:51.436Z] > git symbolic-ref --short HEAD [2ms]
[2022-07-21T02:27:51.455Z] > git for-each-ref --format=%(refname)%00%(upstream:short)%00%(objectname)%00%(upstream:track)%00%(upstream:remotename)%00%(upstream:remoteref) refs/heads/main refs/remotes/main [2ms]
[2022-07-21T02:27:51.491Z] > git for-each-ref --sort -committerdate --format %(refname) %(objectname) %(*objectname) [19ms]
[2022-07-21T02:27:51.491Z] > git remote --verbose [2ms]
[2022-07-21T02:27:51.531Z] > git config --get commit.template [7ms]
[2022-07-21T02:28:23.169Z] > git status -z -uall [2ms]
[2022-07-21T02:28:23.187Z] > git symbolic-ref --short HEAD [2ms]
[2022-07-21T02:28:23.211Z] > git for-each-ref --format=%(refname)%00%(upstream:short)%00%(objectname)%00%(upstream:track)%00%(upstream:remotename)%00%(upstream:remoteref) refs/heads/main refs/remotes/main [3ms]
[2022-07-21T02:28:23.239Z] > git for-each-ref --sort -committerdate --format %(refname) %(objectname) %(*objectname) [15ms]
[2022-07-21T02:28:23.240Z] > git remote --verbose [2ms]
[2022-07-21T02:28:23.263Z] > git config --get commit.template [4ms]
[2022-07-21T02:28:27.189Z] > git show --textconv :index.html [18ms]
[2022-07-21T02:28:27.191Z] > git ls-files --stage -- /home/upalb/Assignment-2/index.html [4ms]
[2022-07-21T02:28:27.207Z] > git cat-file -s 0e21c6d32ee31341f655bc0d3538074606833024 [2ms]
[2022-07-21T02:28:32.373Z] > git show --textconv :upcoming-match.html [18ms]
[2022-07-21T02:28:32.374Z] > git ls-files --stage -- /home/upalb/Assignment-2/upcoming-match.html [2ms]
[2022-07-21T02:28:32.391Z] > git cat-file -s 5acae99ef859b4c3a7283bd3fa09a20c492f0c30 [2ms]
[2022-07-21T02:28:42.531Z] > git status -z -uall [4ms]
[2022-07-21T02:28:42.548Z] > git symbolic-ref --short HEAD [1ms]
[2022-07-21T02:28:42.568Z] > git for-each-ref --format=%(refname)%00%(upstream:short)%00%(objectname)%00%(upstream:track)%00%(upstream:remotename)%00%(upstream:remoteref) refs/heads/main refs/remotes/main [4ms]
[2022-07-21T02:28:42.602Z] > git for-each-ref --sort -committerdate --format %(refname) %(objectname) %(*objectname) [19ms]
[2022-07-21T02:28:42.603Z] > git remote --verbose [4ms]
[2022-07-21T02:28:42.628Z] > git config --get commit.template [3ms]
[2022-07-21T02:29:03.591Z] > git status -z -uall [3ms]
[2022-07-21T02:29:03.608Z] > git symbolic-ref --short HEAD [2ms]
[2022-07-21T02:29:03.628Z] > git for-each-ref --format=%(refname)%00%(upstream:short)%00%(objectname)%00%(upstream:track)%00%(upstream:remotename)%00%(upstream:remoteref) refs/heads/main refs/remotes/main [4ms]
[2022-07-21T02:29:03.662Z] > git for-each-ref --sort -committerdate --format %(refname) %(objectname) %(*objectname) [17ms]
[2022-07-21T02:29:03.662Z] > git remote --verbose [2ms]
[2022-07-21T02:29:03.696Z] > git config --get commit.template [2ms]
[2022-07-21T02:29:04.084Z] > git show --textconv :index.html [19ms]
[2022-07-21T02:29:04.086Z] > git ls-files --stage -- /home/upalb/Assignment-2/index.html [5ms]
[2022-07-21T02:29:04.121Z] > git cat-file -s 0e21c6d32ee31341f655bc0d3538074606833024 [16ms]
[2022-07-21T02:30:05.647Z] > git status -z -uall [6ms]
[2022-07-21T02:30:05.668Z] > git symbolic-ref --short HEAD [2ms]
[2022-07-21T02:30:05.687Z] > git for-each-ref --format=%(refname)%00%(upstream:short)%00%(objectname)%00%(upstream:track)%00%(upstream:remotename)%00%(upstream:remoteref) refs/heads/main refs/remotes/main [2ms]
[2022-07-21T02:30:05.718Z] > git for-each-ref --sort -committerdate --format %(refname) %(objectname) %(*objectname) [17ms]
[2022-07-21T02:30:05.719Z] > git remote --verbose [2ms]
[2022-07-21T02:30:05.745Z] > git config --get commit.template [4ms]
[2022-07-21T02:30:36.632Z] > git show --textconv :upcoming-match.html [18ms]
[2022-07-21T02:30:36.634Z] > git ls-files --stage -- /home/upalb/Assignment-2/upcoming-match.html [3ms]
[2022-07-21T02:30:36.653Z] > git cat-file -s 5acae99ef859b4c3a7283bd3fa09a20c492f0c30 [4ms]
[2022-07-21T02:31:26.596Z] > git status -z -uall [3ms]
[2022-07-21T02:31:26.614Z] > git symbolic-ref --short HEAD [2ms]
[2022-07-21T02:31:26.633Z] > git for-each-ref --format=%(refname)%00%(upstream:short)%00%(objectname)%00%(upstream:track)%00%(upstream:remotename)%00%(upstream:remoteref) refs/heads/main refs/remotes/main [2ms]
[2022-07-21T02:31:26.669Z] > git for-each-ref --sort -committerdate --format %(refname) %(objectname) %(*objectname) [20ms]
[2022-07-21T02:31:26.670Z] > git remote --verbose [3ms]
[2022-07-21T02:31:26.698Z] > git config --get commit.template [4ms]
[2022-07-21T02:31:30.841Z] > git show --textconv :index.html [19ms]
[2022-07-21T02:31:30.846Z] > git ls-files --stage -- /home/upalb/Assignment-2/index.html [8ms]
[2022-07-21T02:31:30.864Z] > git cat-file -s 0e21c6d32ee31341f655bc0d3538074606833024 [3ms]
[2022-07-21T02:32:45.023Z] > git show --textconv :css/style.css [22ms]
[2022-07-21T02:32:45.024Z] > git ls-files --stage -- /home/upalb/Assignment-2/css/style.css [8ms]
[2022-07-21T02:32:45.041Z] > git cat-file -s 781544d50ccc428fef1f6152f563addba0aa1c37 [2ms]
[2022-07-21T02:32:45.974Z] > git show --textconv :index.html [33ms]
[2022-07-21T02:32:45.976Z] > git ls-files --stage -- /home/upalb/Assignment-2/index.html [4ms]
[2022-07-21T02:32:45.999Z] > git cat-file -s 0e21c6d32ee31341f655bc0d3538074606833024 [4ms]
[2022-07-21T02:33:27.634Z] > git status -z -uall [7ms]
[2022-07-21T02:33:27.656Z] > git symbolic-ref --short HEAD [2ms]
[2022-07-21T02:33:27.672Z] > git for-each-ref --format=%(refname)%00%(upstream:short)%00%(objectname)%00%(upstream:track)%00%(upstream:remotename)%00%(upstream:remoteref) refs/heads/main refs/remotes/main [2ms]
[2022-07-21T02:33:27.700Z] > git for-each-ref --sort -committerdate --format %(refname) %(objectname) %(*objectname) [14ms]
[2022-07-21T02:33:27.701Z] > git remote --verbose [2ms]
[2022-07-21T02:33:27.722Z] > git config --get commit.template [1ms]
[2022-07-21T02:33:32.777Z] > git status -z -uall [9ms]
[2022-07-21T02:33:32.832Z] > git symbolic-ref --short HEAD [11ms]
[2022-07-21T02:33:32.886Z] > git for-each-ref --format=%(refname)%00%(upstream:short)%00%(objectname)%00%(upstream:track)%00%(upstream:remotename)%00%(upstream:remoteref) refs/heads/main refs/remotes/main [14ms]
[2022-07-21T02:33:32.968Z] > git for-each-ref --sort -committerdate --format %(refname) %(objectname) %(*objectname) [49ms]
[2022-07-21T02:33:32.969Z] > git remote --verbose [7ms]
[2022-07-21T02:33:33.027Z] > git config --get commit.template [8ms]
[2022-07-21T02:33:45.605Z] > git status -z -uall [12ms]
[2022-07-21T02:33:45.667Z] > git symbolic-ref --short HEAD [12ms]
[2022-07-21T02:33:45.724Z] > git for-each-ref --format=%(refname)%00%(upstream:short)%00%(objectname)%00%(upstream:track)%00%(upstream:remotename)%00%(upstream:remoteref) refs/heads/main refs/remotes/main [9ms]
[2022-07-21T02:33:45.810Z] > git for-each-ref --sort -committerdate --format %(refname) %(objectname) %(*objectname) [46ms]
[2022-07-21T02:33:45.814Z] > git remote --verbose [16ms]
[2022-07-21T02:33:45.890Z] > git config --get commit.template [25ms]
[2022-07-21T02:33:56.643Z] > git status -z -uall [1ms]
[2022-07-21T02:33:56.711Z] > git symbolic-ref --short HEAD [9ms]
[2022-07-21T02:33:56.765Z] > git for-each-ref --format=%(refname)%00%(upstream:short)%00%(objectname)%00%(upstream:track)%00%(upstream:remotename)%00%(upstream:remoteref) refs/heads/main refs/remotes/main [25ms]
[2022-07-21T02:33:56.879Z] > git for-each-ref --sort -committerdate --format %(refname) %(objectname) %(*objectname) [45ms]
[2022-07-21T02:33:56.938Z] > git remote --verbose [63ms]
[2022-07-21T02:33:56.970Z] > git config --get commit.template [2ms]
[2022-07-21T02:35:48.955Z] > git status -z -uall [3ms]
[2022-07-21T02:35:48.977Z] > git symbolic-ref --short HEAD [3ms]
[2022-07-21T02:35:49.000Z] > git for-each-ref --format=%(refname)%00%(upstream:short)%00%(objectname)%00%(upstream:track)%00%(upstream:remotename)%00%(upstream:remoteref) refs/heads/main refs/remotes/main [2ms]
[2022-07-21T02:35:49.040Z] > git for-each-ref --sort -committerdate --format %(refname) %(objectname) %(*objectname) [20ms]
[2022-07-21T02:35:49.041Z] > git remote --verbose [2ms]
[2022-07-21T02:35:49.071Z] > git config --get commit.template [3ms]
[2022-07-21T02:37:17.913Z] > git status -z -uall [4ms]
[2022-07-21T02:37:17.944Z] > git symbolic-ref --short HEAD [3ms]
[2022-07-21T02:37:17.971Z] > git for-each-ref --format=%(refname)%00%(upstream:short)%00%(objectname)%00%(upstream:track)%00%(upstream:remotename)%00%(upstream:remoteref) refs/heads/main refs/remotes/main [5ms]
[2022-07-21T02:37:18.014Z] > git for-each-ref --sort -committerdate --format %(refname) %(objectname) %(*objectname) [20ms]
[2022-07-21T02:37:18.014Z] > git remote --verbose [2ms]
[2022-07-21T02:37:18.039Z] > git config --get commit.template [5ms]
[2022-07-21T02:39:09.116Z] > git status -z -uall [3ms]
[2022-07-21T02:39:09.139Z] > git symbolic-ref --short HEAD [3ms]
[2022-07-21T02:39:09.160Z] > git for-each-ref --format=%(refname)%00%(upstream:short)%00%(objectname)%00%(upstream:track)%00%(upstream:remotename)%00%(upstream:remoteref) refs/heads/main refs/remotes/main [3ms]
[2022-07-21T02:39:09.195Z] > git for-each-ref --sort -committerdate --format %(refname) %(objectname) %(*objectname) [18ms]
[2022-07-21T02:39:09.196Z] > git remote --verbose [2ms]
[2022-07-21T02:39:09.243Z] > git config --get commit.template [6ms]
[2022-07-21T02:39:40.218Z] > git show --textconv :upcoming-match.html [18ms]
[2022-07-21T02:39:40.219Z] > git ls-files --stage -- /home/upalb/Assignment-2/upcoming-match.html [2ms]
[2022-07-21T02:39:40.236Z] > git cat-file -s 5acae99ef859b4c3a7283bd3fa09a20c492f0c30 [3ms]
[2022-07-21T02:39:43.589Z] > git show --textconv :index.html [24ms]
[2022-07-21T02:39:43.592Z] > git ls-files --stage -- /home/upalb/Assignment-2/index.html [4ms]
[2022-07-21T02:39:43.614Z] > git cat-file -s 0e21c6d32ee31341f655bc0d3538074606833024 [3ms]
[2022-07-21T02:40:12.382Z] > git status -z -uall [8ms]
[2022-07-21T02:40:12.427Z] > git symbolic-ref --short HEAD [5ms]
[2022-07-21T02:40:12.481Z] > git for-each-ref --format=%(refname)%00%(upstream:short)%00%(objectname)%00%(upstream:track)%00%(upstream:remotename)%00%(upstream:remoteref) refs/heads/main refs/remotes/main [15ms]
[2022-07-21T02:40:12.579Z] > git for-each-ref --sort -committerdate --format %(refname) %(objectname) %(*objectname) [32ms]
[2022-07-21T02:40:12.595Z] > git remote --verbose [18ms]
[2022-07-21T02:40:12.663Z] > git config --get commit.template [6ms]
[2022-07-21T02:41:52.503Z] > git status -z -uall [4ms]
[2022-07-21T02:41:52.523Z] > git symbolic-ref --short HEAD [2ms]
[2022-07-21T02:41:52.539Z] > git for-each-ref --format=%(refname)%00%(upstream:short)%00%(objectname)%00%(upstream:track)%00%(upstream:remotename)%00%(upstream:remoteref) refs/heads/main refs/remotes/main [2ms]
[2022-07-21T02:41:52.568Z] > git for-each-ref --sort -committerdate --format %(refname) %(objectname) %(*objectname) [15ms]
[2022-07-21T02:41:52.568Z] > git remote --verbose [2ms]
[2022-07-21T02:41:52.590Z] > git config --get commit.template [3ms]
[2022-07-21T02:42:02.875Z] > git status -z -uall [3ms]
[2022-07-21T02:42:02.894Z] > git symbolic-ref --short HEAD [2ms]
[2022-07-21T02:42:02.915Z] > git for-each-ref --format=%(refname)%00%(upstream:short)%00%(objectname)%00%(upstream:track)%00%(upstream:remotename)%00%(upstream:remoteref) refs/heads/main refs/remotes/main [3ms]
[2022-07-21T02:42:02.948Z] > git for-each-ref --sort -committerdate --format %(refname) %(objectname) %(*objectname) [16ms]
[2022-07-21T02:42:02.948Z] > git remote --verbose [2ms]
[2022-07-21T02:42:02.975Z] > git config --get commit.template [7ms]
[2022-07-21T02:43:50.740Z] > git status -z -uall [4ms]
[2022-07-21T02:43:50.761Z] > git symbolic-ref --short HEAD [2ms]
[2022-07-21T02:43:50.779Z] > git for-each-ref --format=%(refname)%00%(upstream:short)%00%(objectname)%00%(upstream:track)%00%(upstream:remotename)%00%(upstream:remoteref) refs/heads/main refs/remotes/main [2ms]
[2022-07-21T02:43:50.807Z] > git for-each-ref --sort -committerdate --format %(refname) %(objectname) %(*objectname) [15ms]
[2022-07-21T02:43:50.807Z] > git remote --verbose [2ms]
[2022-07-21T02:43:50.831Z] > git config --get commit.template [4ms]
[2022-07-21T02:44:05.650Z] > git status -z -uall [3ms]
[2022-07-21T02:44:05.669Z] > git symbolic-ref --short HEAD [2ms]
[2022-07-21T02:44:05.686Z] > git for-each-ref --format=%(refname)%00%(upstream:short)%00%(objectname)%00%(upstream:track)%00%(upstream:remotename)%00%(upstream:remoteref) refs/heads/main refs/remotes/main [3ms]
[2022-07-21T02:44:05.719Z] > git for-each-ref --sort -committerdate --format %(refname) %(objectname) %(*objectname) [16ms]
[2022-07-21T02:44:05.720Z] > git remote --verbose [2ms]
[2022-07-21T02:44:05.756Z] > git config --get commit.template [5ms]
[2022-07-21T02:44:24.624Z] > git status -z -uall [7ms]
[2022-07-21T02:44:24.669Z] > git symbolic-ref --short HEAD [5ms]
[2022-07-21T02:44:24.706Z] > git for-each-ref --format=%(refname)%00%(upstream:short)%00%(objectname)%00%(upstream:track)%00%(upstream:remotename)%00%(upstream:remoteref) refs/heads/main refs/remotes/main [4ms]
[2022-07-21T02:44:24.780Z] > git for-each-ref --sort -committerdate --format %(refname) %(objectname) %(*objectname) [39ms]
[2022-07-21T02:44:24.786Z] > git remote --verbose [10ms]
[2022-07-21T02:44:24.826Z] > git config --get commit.template [2ms]
[2022-07-21T02:44:31.513Z] > git status -z -uall [4ms]
[2022-07-21T02:44:31.532Z] > git symbolic-ref --short HEAD [3ms]
[2022-07-21T02:44:31.560Z] > git for-each-ref --format=%(refname)%00%(upstream:short)%00%(objectname)%00%(upstream:track)%00%(upstream:remotename)%00%(upstream:remoteref) refs/heads/main refs/remotes/main [3ms]
[2022-07-21T02:44:31.601Z] > git for-each-ref --sort -committerdate --format %(refname) %(objectname) %(*objectname) [22ms]
[2022-07-21T02:44:31.601Z] > git remote --verbose [3ms]
[2022-07-21T02:44:31.630Z] > git config --get commit.template [4ms]
[2022-07-21T02:45:17.627Z] > git status -z -uall [7ms]
[2022-07-21T02:45:17.649Z] > git symbolic-ref --short HEAD [2ms]
[2022-07-21T02:45:17.668Z] > git for-each-ref --format=%(refname)%00%(upstream:short)%00%(objectname)%00%(upstream:track)%00%(upstream:remotename)%00%(upstream:remoteref) refs/heads/main refs/remotes/main [3ms]
[2022-07-21T02:45:17.705Z] > git for-each-ref --sort -committerdate --format %(refname) %(objectname) %(*objectname) [22ms]
[2022-07-21T02:45:17.706Z] > git remote --verbose [4ms]
[2022-07-21T02:45:17.739Z] > git config --get commit.template [2ms]
[2022-07-21T02:45:22.764Z] > git status -z -uall [4ms]
[2022-07-21T02:45:22.785Z] > git symbolic-ref --short HEAD [3ms]
[2022-07-21T02:45:22.806Z] > git for-each-ref --format=%(refname)%00%(upstream:short)%00%(objectname)%00%(upstream:track)%00%(upstream:remotename)%00%(upstream:remoteref) refs/heads/main refs/remotes/main [4ms]
[2022-07-21T02:45:22.846Z] > git for-each-ref --sort -committerdate --format %(refname) %(objectname) %(*objectname) [21ms]
[2022-07-21T02:45:22.847Z] > git remote --verbose [3ms]
[2022-07-21T02:45:22.878Z] > git config --get commit.template [5ms]
[2022-07-21T02:45:38.671Z] > git status -z -uall [3ms]
[2022-07-21T02:45:38.691Z] > git symbolic-ref --short HEAD [3ms]
[2022-07-21T02:45:38.710Z] > git for-each-ref --format=%(refname)%00%(upstream:short)%00%(objectname)%00%(upstream:track)%00%(upstream:remotename)%00%(upstream:remoteref) refs/heads/main refs/remotes/main [2ms]
[2022-07-21T02:45:38.751Z] > git for-each-ref --sort -committerdate --format %(refname) %(objectname) %(*objectname) [22ms]
[2022-07-21T02:45:38.751Z] > git remote --verbose [2ms]
[2022-07-21T02:45:38.787Z] > git config --get commit.template [12ms]
[2022-07-21T02:46:20.247Z] > git status -z -uall [3ms]
[2022-07-21T02:46:20.262Z] > git symbolic-ref --short HEAD [1ms]
[2022-07-21T02:46:20.278Z] > git for-each-ref --format=%(refname)%00%(upstream:short)%00%(objectname)%00%(upstream:track)%00%(upstream:remotename)%00%(upstream:remoteref) refs/heads/main refs/remotes/main [2ms]
[2022-07-21T02:46:20.309Z] > git for-each-ref --sort -committerdate --format %(refname) %(objectname) %(*objectname) [15ms]
[2022-07-21T02:46:20.310Z] > git remote --verbose [3ms]
[2022-07-21T02:46:20.336Z] > git config --get commit.template [3ms]
[2022-07-21T02:46:51.509Z] > git status -z -uall [3ms]
[2022-07-21T02:46:51.537Z] > git symbolic-ref --short HEAD [1ms]
[2022-07-21T02:46:51.554Z] > git for-each-ref --format=%(refname)%00%(upstream:short)%00%(objectname)%00%(upstream:track)%00%(upstream:remotename)%00%(upstream:remoteref) refs/heads/main refs/remotes/main [3ms]
[2022-07-21T02:46:51.587Z] > git for-each-ref --sort -committerdate --format %(refname) %(objectname) %(*objectname) [15ms]
[2022-07-21T02:46:51.588Z] > git remote --verbose [2ms]
[2022-07-21T02:46:51.621Z] > git config --get commit.template [11ms]
[2022-07-21T02:48:03.724Z] > git status -z -uall [3ms]
[2022-07-21T02:48:03.748Z] > git symbolic-ref --short HEAD [2ms]
[2022-07-21T02:48:03.769Z] > git for-each-ref --format=%(refname)%00%(upstream:short)%00%(objectname)%00%(upstream:track)%00%(upstream:remotename)%00%(upstream:remoteref) refs/heads/main refs/remotes/main [2ms]
[2022-07-21T02:48:03.809Z] > git for-each-ref --sort -committerdate --format %(refname) %(objectname) %(*objectname) [21ms]
[2022-07-21T02:48:03.811Z] > git remote --verbose [4ms]
[2022-07-21T02:48:03.854Z] > git config --get commit.template [15ms]
[2022-07-21T02:48:05.110Z] > git show --textconv :css/style.css [18ms]
[2022-07-21T02:48:05.112Z] > git ls-files --stage -- /home/upalb/Assignment-2/css/style.css [3ms]
[2022-07-21T02:48:05.135Z] > git cat-file -s 781544d50ccc428fef1f6152f563addba0aa1c37 [1ms]
[2022-07-21T02:48:19.577Z] > git status -z -uall [3ms]
[2022-07-21T02:48:19.596Z] > git symbolic-ref --short HEAD [1ms]
[2022-07-21T02:48:19.619Z] > git for-each-ref --format=%(refname)%00%(upstream:short)%00%(objectname)%00%(upstream:track)%00%(upstream:remotename)%00%(upstream:remoteref) refs/heads/main refs/remotes/main [4ms]
[2022-07-21T02:48:19.655Z] > git for-each-ref --sort -committerdate --format %(refname) %(objectname) %(*objectname) [18ms]
[2022-07-21T02:48:19.655Z] > git remote --verbose [2ms]
[2022-07-21T02:48:19.681Z] > git config --get commit.template [3ms]
[2022-07-21T02:48:34.414Z] > git status -z -uall [2ms]
[2022-07-21T02:48:34.432Z] > git symbolic-ref --short HEAD [2ms]
[2022-07-21T02:48:34.448Z] > git for-each-ref --format=%(refname)%00%(upstream:short)%00%(objectname)%00%(upstream:track)%00%(upstream:remotename)%00%(upstream:remoteref) refs/heads/main refs/remotes/main [2ms]
[2022-07-21T02:48:34.484Z] > git for-each-ref --sort -committerdate --format %(refname) %(objectname) %(*objectname) [17ms]
[2022-07-21T02:48:34.484Z] > git remote --verbose [2ms]
[2022-07-21T02:48:34.514Z] > git config --get commit.template [3ms]
[2022-07-21T02:48:50.186Z] > git status -z -uall [7ms]
[2022-07-21T02:48:50.212Z] > git symbolic-ref --short HEAD [2ms]
[2022-07-21T02:48:50.238Z] > git for-each-ref --format=%(refname)%00%(upstream:short)%00%(objectname)%00%(upstream:track)%00%(upstream:remotename)%00%(upstream:remoteref) refs/heads/main refs/remotes/main [2ms]
[2022-07-21T02:48:50.276Z] > git for-each-ref --sort -committerdate --format %(refname) %(objectname) %(*objectname) [18ms]
[2022-07-21T02:48:50.276Z] > git remote --verbose [2ms]
[2022-07-21T02:48:50.308Z] > git config --get commit.template [9ms]
[2022-07-21T02:49:02.058Z] > git status -z -uall [3ms]
[2022-07-21T02:49:02.079Z] > git symbolic-ref --short HEAD [4ms]
[2022-07-21T02:49:02.102Z] > git for-each-ref --format=%(refname)%00%(upstream:short)%00%(objectname)%00%(upstream:track)%00%(upstream:remotename)%00%(upstream:remoteref) refs/heads/main refs/remotes/main [4ms]
[2022-07-21T02:49:02.149Z] > git for-each-ref --sort -committerdate --format %(refname) %(objectname) %(*objectname) [26ms]
[2022-07-21T02:49:02.150Z] > git remote --verbose [3ms]
[2022-07-21T02:49:02.193Z] > git config --get commit.template [10ms]
[2022-07-21T02:49:28.267Z] > git status -z -uall [4ms]
[2022-07-21T02:49:28.299Z] > git symbolic-ref --short HEAD [4ms]
[2022-07-21T02:49:28.327Z] > git for-each-ref --format=%(refname)%00%(upstream:short)%00%(objectname)%00%(upstream:track)%00%(upstream:remotename)%00%(upstream:remoteref) refs/heads/main refs/remotes/main [3ms]
[2022-07-21T02:49:28.369Z] > git for-each-ref --sort -committerdate --format %(refname) %(objectname) %(*objectname) [22ms]
[2022-07-21T02:49:28.370Z] > git remote --verbose [2ms]
[2022-07-21T02:49:28.394Z] > git config --get commit.template [3ms]
[2022-07-21T02:55:52.066Z] > git ls-files --stage -- /home/upalb/Assignment-2/upcoming-match.html [7ms]
[2022-07-21T02:55:52.093Z] > git cat-file -s 5acae99ef859b4c3a7283bd3fa09a20c492f0c30 [5ms]
[2022-07-21T02:55:52.160Z] > git show --textconv :upcoming-match.html [127ms]
[2022-07-21T02:56:06.360Z] > git status -z -uall [3ms]
[2022-07-21T02:56:06.383Z] > git symbolic-ref --short HEAD [6ms]
[2022-07-21T02:56:06.403Z] > git for-each-ref --format=%(refname)%00%(upstream:short)%00%(objectname)%00%(upstream:track)%00%(upstream:remotename)%00%(upstream:remoteref) refs/heads/main refs/remotes/main [2ms]
[2022-07-21T02:56:06.433Z] > git for-each-ref --sort -committerdate --format %(refname) %(objectname) %(*objectname) [15ms]
[2022-07-21T02:56:06.434Z] > git remote --verbose [2ms]
[2022-07-21T02:56:06.466Z] > git config --get commit.template [8ms]
[2022-07-21T02:56:09.287Z] > git show --textconv :index.html [21ms]
[2022-07-21T02:56:09.289Z] > git ls-files --stage -- /home/upalb/Assignment-2/index.html [3ms]
[2022-07-21T02:56:09.305Z] > git cat-file -s 0e21c6d32ee31341f655bc0d3538074606833024 [2ms]
[2022-07-21T02:56:09.662Z] > git show --textconv :css/style.css [17ms]
[2022-07-21T02:56:09.665Z] > git ls-files --stage -- /home/upalb/Assignment-2/css/style.css [6ms]
[2022-07-21T02:56:09.681Z] > git cat-file -s 781544d50ccc428fef1f6152f563addba0aa1c37 [4ms]
[2022-07-21T02:56:37.499Z] > git status -z -uall [3ms]
[2022-07-21T02:56:37.515Z] > git symbolic-ref --short HEAD [2ms]
[2022-07-21T02:56:37.534Z] > git for-each-ref --format=%(refname)%00%(upstream:short)%00%(objectname)%00%(upstream:track)%00%(upstream:remotename)%00%(upstream:remoteref) refs/heads/main refs/remotes/main [2ms]
[2022-07-21T02:56:37.563Z] > git for-each-ref --sort -committerdate --format %(refname) %(objectname) %(*objectname) [14ms]
[2022-07-21T02:56:37.563Z] > git remote --verbose [1ms]
[2022-07-21T02:56:37.591Z] > git config --get commit.template [6ms]
[2022-07-21T02:56:46.683Z] > git status -z -uall [7ms]
[2022-07-21T02:56:46.710Z] > git symbolic-ref --short HEAD [3ms]
[2022-07-21T02:56:46.734Z] > git for-each-ref --format=%(refname)%00%(upstream:short)%00%(objectname)%00%(upstream:track)%00%(upstream:remotename)%00%(upstream:remoteref) refs/heads/main refs/remotes/main [5ms]
[2022-07-21T02:56:46.767Z] > git for-each-ref --sort -committerdate --format %(refname) %(objectname) %(*objectname) [16ms]
[2022-07-21T02:56:46.768Z] > git remote --verbose [2ms]
[2022-07-21T02:56:46.794Z] > git config --get commit.template [3ms]
[2022-07-21T02:56:47.917Z] > git show --textconv :index.html [16ms]
[2022-07-21T02:56:47.918Z] > git ls-files --stage -- /home/upalb/Assignment-2/index.html [2ms]
[2022-07-21T02:56:47.936Z] > git cat-file -s 0e21c6d32ee31341f655bc0d3538074606833024 [3ms]
[2022-07-21T02:56:52.592Z] > git show --textconv :upcoming-match.html [18ms]
[2022-07-21T02:56:52.594Z] > git ls-files --stage -- /home/upalb/Assignment-2/upcoming-match.html [3ms]
[2022-07-21T02:56:52.612Z] > git cat-file -s 5acae99ef859b4c3a7283bd3fa09a20c492f0c30 [2ms]
[2022-07-21T02:57:05.895Z] > git status -z -uall [12ms]
[2022-07-21T02:57:05.934Z] > git symbolic-ref --short HEAD [2ms]
[2022-07-21T02:57:05.983Z] > git for-each-ref --format=%(refname)%00%(upstream:short)%00%(objectname)%00%(upstream:track)%00%(upstream:remotename)%00%(upstream:remoteref) refs/heads/main refs/remotes/main [15ms]
[2022-07-21T02:57:06.063Z] > git for-each-ref --sort -committerdate --format %(refname) %(objectname) %(*objectname) [50ms]
[2022-07-21T02:57:06.069Z] > git remote --verbose [7ms]
[2022-07-21T02:57:06.137Z] > git config --get commit.template [5ms]
[2022-07-21T02:59:10.614Z] > git show --textconv :css/style.css [21ms]
[2022-07-21T02:59:10.615Z] > git ls-files --stage -- /home/upalb/Assignment-2/css/style.css [5ms]
[2022-07-21T02:59:10.638Z] > git cat-file -s 781544d50ccc428fef1f6152f563addba0aa1c37 [3ms]
[2022-07-21T02:59:30.640Z] > git status -z -uall [5ms]
[2022-07-21T02:59:30.667Z] > git symbolic-ref --short HEAD [2ms]
[2022-07-21T02:59:30.698Z] > git for-each-ref --format=%(refname)%00%(upstream:short)%00%(objectname)%00%(upstream:track)%00%(upstream:remotename)%00%(upstream:remoteref) refs/heads/main refs/remotes/main [3ms]
[2022-07-21T02:59:30.749Z] > git for-each-ref --sort -committerdate --format %(refname) %(objectname) %(*objectname) [28ms]
[2022-07-21T02:59:30.750Z] > git remote --verbose [2ms]
[2022-07-21T02:59:30.781Z] > git config --get commit.template [6ms]
[2022-07-21T03:00:03.392Z] > git show --textconv :upcoming-match.html [27ms]
[2022-07-21T03:00:03.394Z] > git ls-files --stage -- /home/upalb/Assignment-2/upcoming-match.html [6ms]
[2022-07-21T03:00:03.415Z] > git cat-file -s 5acae99ef859b4c3a7283bd3fa09a20c492f0c30 [3ms]
[2022-07-21T03:00:13.388Z] > git status -z -uall [4ms]
[2022-07-21T03:00:13.403Z] > git symbolic-ref --short HEAD [1ms]
[2022-07-21T03:00:13.420Z] > git for-each-ref --format=%(refname)%00%(upstream:short)%00%(objectname)%00%(upstream:track)%00%(upstream:remotename)%00%(upstream:remoteref) refs/heads/main refs/remotes/main [2ms]
[2022-07-21T03:00:13.453Z] > git for-each-ref --sort -committerdate --format %(refname) %(objectname) %(*objectname) [14ms]
[2022-07-21T03:00:13.454Z] > git remote --verbose [2ms]
[2022-07-21T03:00:13.479Z] > git config --get commit.template [5ms]
[2022-07-21T03:00:42.763Z] > git status -z -uall [3ms]
[2022-07-21T03:00:42.782Z] > git symbolic-ref --short HEAD [2ms]
[2022-07-21T03:00:42.799Z] > git for-each-ref --format=%(refname)%00%(upstream:short)%00%(objectname)%00%(upstream:track)%00%(upstream:remotename)%00%(upstream:remoteref) refs/heads/main refs/remotes/main [2ms]
[2022-07-21T03:00:42.831Z] > git for-each-ref --sort -committerdate --format %(refname) %(objectname) %(*objectname) [17ms]
[2022-07-21T03:00:42.832Z] > git remote --verbose [2ms]
[2022-07-21T03:00:42.865Z] > git config --get commit.template [8ms]
[2022-07-21T03:01:31.684Z] > git show --textconv :css/style.css [30ms]
[2022-07-21T03:01:31.689Z] > git ls-files --stage -- /home/upalb/Assignment-2/css/style.css [8ms]
[2022-07-21T03:01:31.724Z] > git cat-file -s 781544d50ccc428fef1f6152f563addba0aa1c37 [8ms]
[2022-07-21T03:01:50.875Z] > git status -z -uall [10ms]
[2022-07-21T03:01:50.902Z] > git symbolic-ref --short HEAD [4ms]
[2022-07-21T03:01:50.932Z] > git for-each-ref --format=%(refname)%00%(upstream:short)%00%(objectname)%00%(upstream:track)%00%(upstream:remotename)%00%(upstream:remoteref) refs/heads/main refs/remotes/main [2ms]
[2022-07-21T03:01:50.978Z] > git for-each-ref --sort -committerdate --format %(refname) %(objectname) %(*objectname) [21ms]
[2022-07-21T03:01:50.979Z] > git remote --verbose [2ms]
[2022-07-21T03:01:51.023Z] > git config --get commit.template [11ms]
[2022-07-21T03:01:56.057Z] > git status -z -uall [7ms]
[2022-07-21T03:01:56.083Z] > git symbolic-ref --short HEAD [2ms]
[2022-07-21T03:01:56.111Z] > git for-each-ref --format=%(refname)%00%(upstream:short)%00%(objectname)%00%(upstream:track)%00%(upstream:remotename)%00%(upstream:remoteref) refs/heads/main refs/remotes/main [3ms]
[2022-07-21T03:01:56.161Z] > git for-each-ref --sort -committerdate --format %(refname) %(objectname) %(*objectname) [27ms]
[2022-07-21T03:01:56.162Z] > git remote --verbose [3ms]
[2022-07-21T03:01:56.200Z] > git config --get commit.template [4ms]
[2022-07-21T03:02:00.651Z] > git show --textconv :upcoming-match.html [25ms]
[2022-07-21T03:02:00.653Z] > git ls-files --stage -- /home/upalb/Assignment-2/upcoming-match.html [4ms]
[2022-07-21T03:02:00.676Z] > git cat-file -s 5acae99ef859b4c3a7283bd3fa09a20c492f0c30 [5ms]
[2022-07-21T03:02:11.003Z] > git status -z -uall [11ms]
[2022-07-21T03:02:11.032Z] > git symbolic-ref --short HEAD [5ms]
[2022-07-21T03:02:11.059Z] > git for-each-ref --format=%(refname)%00%(upstream:short)%00%(objectname)%00%(upstream:track)%00%(upstream:remotename)%00%(upstream:remoteref) refs/heads/main refs/remotes/main [2ms]
[2022-07-21T03:02:11.120Z] > git for-each-ref --sort -committerdate --format %(refname) %(objectname) %(*objectname) [32ms]
[2022-07-21T03:02:11.122Z] > git remote --verbose [7ms]
[2022-07-21T03:02:11.167Z] > git config --get commit.template [5ms]
[2022-07-21T03:02:14.106Z] > git show --textconv :index.html [37ms]
[2022-07-21T03:02:14.116Z] > git ls-files --stage -- /home/upalb/Assignment-2/index.html [13ms]
[2022-07-21T03:02:14.159Z] > git cat-file -s 0e21c6d32ee31341f655bc0d3538074606833024 [3ms]
[2022-07-21T03:02:16.192Z] > git status -z -uall [5ms]
[2022-07-21T03:02:16.218Z] > git symbolic-ref --short HEAD [2ms]
[2022-07-21T03:02:16.242Z] > git for-each-ref --format=%(refname)%00%(upstream:short)%00%(objectname)%00%(upstream:track)%00%(upstream:remotename)%00%(upstream:remoteref) refs/heads/main refs/remotes/main [3ms]
[2022-07-21T03:02:16.282Z] > git for-each-ref --sort -committerdate --format %(refname) %(objectname) %(*objectname) [21ms]
[2022-07-21T03:02:16.283Z] > git remote --verbose [3ms]
[2022-07-21T03:02:16.311Z] > git config --get commit.template [4ms]
[2022-07-21T03:02:18.852Z] > git show --textconv :upcoming-match.html [21ms]
[2022-07-21T03:02:18.854Z] > git ls-files --stage -- /home/upalb/Assignment-2/upcoming-match.html [3ms]
[2022-07-21T03:02:18.879Z] > git cat-file -s 5acae99ef859b4c3a7283bd3fa09a20c492f0c30 [3ms]
[2022-07-21T03:02:22.615Z] > git show --textconv :index.html [53ms]
[2022-07-21T03:02:22.618Z] > git ls-files --stage -- /home/upalb/Assignment-2/index.html [27ms]
[2022-07-21T03:02:22.655Z] > git cat-file -s 0e21c6d32ee31341f655bc0d3538074606833024 [9ms]
[2022-07-21T03:02:27.349Z] > git status -z -uall [16ms]
[2022-07-21T03:02:27.415Z] > git symbolic-ref --short HEAD [14ms]
[2022-07-21T03:02:27.465Z] > git for-each-ref --format=%(refname)%00%(upstream:short)%00%(objectname)%00%(upstream:track)%00%(upstream:remotename)%00%(upstream:remoteref) refs/heads/main refs/remotes/main [5ms]
[2022-07-21T03:02:27.682Z] > git remote --verbose [26ms]
[2022-07-21T03:02:27.685Z] > git for-each-ref --sort -committerdate --format %(refname) %(objectname) %(*objectname) [100ms]
[2022-07-21T03:02:28.155Z] > git config --get commit.template [355ms]
[2022-07-21T03:05:51.583Z] > git show --textconv :css/style.css [18ms]
[2022-07-21T03:05:51.585Z] > git ls-files --stage -- /home/upalb/Assignment-2/css/style.css [3ms]
[2022-07-21T03:05:51.608Z] > git cat-file -s 781544d50ccc428fef1f6152f563addba0aa1c37 [3ms]
[2022-07-21T03:06:01.973Z] > git status -z -uall [4ms]
[2022-07-21T03:06:01.993Z] > git symbolic-ref --short HEAD [1ms]
[2022-07-21T03:06:02.025Z] > git for-each-ref --format=%(refname)%00%(upstream:short)%00%(objectname)%00%(upstream:track)%00%(upstream:remotename)%00%(upstream:remoteref) refs/heads/main refs/remotes/main [3ms]
[2022-07-21T03:06:02.057Z] > git for-each-ref --sort -committerdate --format %(refname) %(objectname) %(*objectname) [16ms]
[2022-07-21T03:06:02.059Z] > git remote --verbose [3ms]
[2022-07-21T03:06:02.094Z] > git config --get commit.template [5ms]
[2022-07-21T03:06:06.381Z] > git show --textconv :index.html [18ms]
[2022-07-21T03:06:06.382Z] > git ls-files --stage -- /home/upalb/Assignment-2/index.html [2ms]
[2022-07-21T03:06:06.401Z] > git cat-file -s 0e21c6d32ee31341f655bc0d3538074606833024 [3ms]
[2022-07-21T03:06:45.578Z] > git status -z -uall [59ms]
[2022-07-21T03:06:45.714Z] > git symbolic-ref --short HEAD [20ms]
[2022-07-21T03:06:45.797Z] > git for-each-ref --format=%(refname)%00%(upstream:short)%00%(objectname)%00%(upstream:track)%00%(upstream:remotename)%00%(upstream:remoteref) refs/heads/main refs/remotes/main [12ms]
[2022-07-21T03:06:45.912Z] > git for-each-ref --sort -committerdate --format %(refname) %(objectname) %(*objectname) [59ms]
[2022-07-21T03:06:45.998Z] > git remote --verbose [93ms]
[2022-07-21T03:06:46.699Z] > git config --get commit.template [610ms]
[2022-07-21T03:06:46.863Z] > git show --textconv :upcoming-match.html [66ms]
[2022-07-21T03:06:46.929Z] > git ls-files --stage -- /home/upalb/Assignment-2/upcoming-match.html [78ms]
[2022-07-21T03:06:47.023Z] > git cat-file -s 5acae99ef859b4c3a7283bd3fa09a20c492f0c30 [19ms]
[2022-07-21T03:06:51.146Z] > git show --textconv :index.html [36ms]
[2022-07-21T03:06:51.154Z] > git ls-files --stage -- /home/upalb/Assignment-2/index.html [10ms]
[2022-07-21T03:06:51.197Z] > git cat-file -s 0e21c6d32ee31341f655bc0d3538074606833024 [7ms]
[2022-07-21T03:06:51.731Z] > git status -z -uall [2ms]
[2022-07-21T03:06:51.750Z] > git symbolic-ref --short HEAD [2ms]
[2022-07-21T03:06:51.768Z] > git for-each-ref --format=%(refname)%00%(upstream:short)%00%(objectname)%00%(upstream:track)%00%(upstream:remotename)%00%(upstream:remoteref) refs/heads/main refs/remotes/main [2ms]
[2022-07-21T03:06:51.800Z] > git for-each-ref --sort -committerdate --format %(refname) %(objectname) %(*objectname) [17ms]
[2022-07-21T03:06:51.801Z] > git remote --verbose [3ms]
[2022-07-21T03:06:51.848Z] > git config --get commit.template [5ms]
[2022-07-21T03:06:54.217Z] > git show --textconv :upcoming-match.html [17ms]
[2022-07-21T03:06:54.219Z] > git ls-files --stage -- /home/upalb/Assignment-2/upcoming-match.html [3ms]
[2022-07-21T03:06:54.238Z] > git cat-file -s 5acae99ef859b4c3a7283bd3fa09a20c492f0c30 [2ms]
[2022-07-21T03:06:56.927Z] > git status -z -uall [35ms]
[2022-07-21T03:06:57.041Z] > git symbolic-ref --short HEAD [56ms]
[2022-07-21T03:06:57.106Z] > git show --textconv :index.html [27ms]
[2022-07-21T03:06:57.109Z] > git for-each-ref --format=%(refname)%00%(upstream:short)%00%(objectname)%00%(upstream:track)%00%(upstream:remotename)%00%(upstream:remoteref) refs/heads/main refs/remotes/main [47ms]
[2022-07-21T03:06:57.144Z] > git remote --verbose [3ms]
[2022-07-21T03:06:57.144Z] > git for-each-ref --sort -committerdate --format %(refname) %(objectname) %(*objectname) [20ms]
[2022-07-21T03:06:57.149Z] > git ls-files --stage -- /home/upalb/Assignment-2/index.html [46ms]
[2022-07-21T03:06:57.187Z] > git cat-file -s 0e21c6d32ee31341f655bc0d3538074606833024 [24ms]
[2022-07-21T03:06:57.188Z] > git config --get commit.template [5ms]
[2022-07-21T03:06:59.048Z] > git show --textconv :css/style.css [32ms]
[2022-07-21T03:06:59.052Z] > git ls-files --stage -- /home/upalb/Assignment-2/css/style.css [5ms]
[2022-07-21T03:06:59.074Z] > git cat-file -s 781544d50ccc428fef1f6152f563addba0aa1c37 [3ms]
[2022-07-21T03:07:02.208Z] > git status -z -uall [3ms]
[2022-07-21T03:07:02.226Z] > git symbolic-ref --short HEAD [2ms]
[2022-07-21T03:07:02.247Z] > git for-each-ref --format=%(refname)%00%(upstream:short)%00%(objectname)%00%(upstream:track)%00%(upstream:remotename)%00%(upstream:remoteref) refs/heads/main refs/remotes/main [2ms]
[2022-07-21T03:07:02.295Z] > git for-each-ref --sort -committerdate --format %(refname) %(objectname) %(*objectname) [31ms]
[2022-07-21T03:07:02.295Z] > git remote --verbose [3ms]
[2022-07-21T03:07:02.359Z] > git config --get commit.template [3ms]
[2022-07-21T03:12:57.091Z] > git ls-files --stage -- /home/upalb/Assignment-2/index.html [65ms]
[2022-07-21T03:12:57.264Z] > git cat-file -s 0e21c6d32ee31341f655bc0d3538074606833024 [122ms]
[2022-07-21T03:12:57.280Z] > git show --textconv :index.html [305ms]
[2022-07-21T03:13:09.620Z] > git ls-files --stage -- /home/upalb/Assignment-2/upcoming-match.html [2ms]
[2022-07-21T03:13:09.641Z] > git show --textconv :upcoming-match.html [42ms]
[2022-07-21T03:13:09.642Z] > git cat-file -s 5acae99ef859b4c3a7283bd3fa09a20c492f0c30 [2ms]
[2022-07-21T03:13:27.119Z] > git status -z -uall [51ms]
[2022-07-21T03:13:27.138Z] > git symbolic-ref --short HEAD [2ms]
[2022-07-21T03:13:27.157Z] > git for-each-ref --format=%(refname)%00%(upstream:short)%00%(objectname)%00%(upstream:track)%00%(upstream:remotename)%00%(upstream:remoteref) refs/heads/main refs/remotes/main [2ms]
[2022-07-21T03:13:27.220Z] > git for-each-ref --sort -committerdate --format %(refname) %(objectname) %(*objectname) [37ms]
[2022-07-21T03:13:27.222Z] > git remote --verbose [12ms]
[2022-07-21T03:13:27.747Z] > git config --get commit.template [427ms]
[2022-07-21T03:14:05.032Z] > git status -z -uall [57ms]
[2022-07-21T03:14:05.143Z] > git symbolic-ref --short HEAD [19ms]
[2022-07-21T03:14:05.231Z] > git for-each-ref --format=%(refname)%00%(upstream:short)%00%(objectname)%00%(upstream:track)%00%(upstream:remotename)%00%(upstream:remoteref) refs/heads/main refs/remotes/main [6ms]
[2022-07-21T03:14:05.340Z] > git remote --verbose [24ms]
[2022-07-21T03:14:05.340Z] > git for-each-ref --sort -committerdate --format %(refname) %(objectname) %(*objectname) [57ms]
[2022-07-21T03:14:05.428Z] > git config --get commit.template [20ms]
[2022-07-21T03:14:05.896Z] > git show --textconv :index.html [22ms]
[2022-07-21T03:14:05.897Z] > git ls-files --stage -- /home/upalb/Assignment-2/index.html [7ms]
[2022-07-21T03:14:05.914Z] > git cat-file -s 0e21c6d32ee31341f655bc0d3538074606833024 [3ms]
[2022-07-21T03:14:08.271Z] > git ls-files --stage -- /home/upalb/Assignment-2/css/style.css [21ms]
[2022-07-21T03:14:08.317Z] > git show --textconv :css/style.css [99ms]
[2022-07-21T03:14:08.329Z] > git cat-file -s 781544d50ccc428fef1f6152f563addba0aa1c37 [35ms]
[2022-07-21T03:14:10.468Z] > git status -z -uall [6ms]
[2022-07-21T03:14:10.502Z] > git symbolic-ref --short HEAD [2ms]
[2022-07-21T03:14:10.523Z] > git for-each-ref --format=%(refname)%00%(upstream:short)%00%(objectname)%00%(upstream:track)%00%(upstream:remotename)%00%(upstream:remoteref) refs/heads/main refs/remotes/main [3ms]
[2022-07-21T03:14:10.561Z] > git for-each-ref --sort -committerdate --format %(refname) %(objectname) %(*objectname) [19ms]
[2022-07-21T03:14:10.562Z] > git remote --verbose [4ms]
[2022-07-21T03:14:10.587Z] > git config --get commit.template [4ms]
[2022-07-21T03:14:18.713Z] > git status -z -uall [8ms]
[2022-07-21T03:14:18.759Z] > git symbolic-ref --short HEAD [4ms]
[2022-07-21T03:14:18.809Z] > git for-each-ref --format=%(refname)%00%(upstream:short)%00%(objectname)%00%(upstream:track)%00%(upstream:remotename)%00%(upstream:remoteref) refs/heads/main refs/remotes/main [3ms]
[2022-07-21T03:14:18.862Z] > git for-each-ref --sort -committerdate --format %(refname) %(objectname) %(*objectname) [30ms]
[2022-07-21T03:14:18.862Z] > git remote --verbose [2ms]
[2022-07-21T03:14:18.911Z] > git config --get commit.template [6ms]
[2022-07-21T03:15:06.066Z] > git status -z -uall [4ms]
[2022-07-21T03:15:06.098Z] > git symbolic-ref --short HEAD [9ms]
[2022-07-21T03:15:06.124Z] > git for-each-ref --format=%(refname)%00%(upstream:short)%00%(objectname)%00%(upstream:track)%00%(upstream:remotename)%00%(upstream:remoteref) refs/heads/main refs/remotes/main [3ms]
[2022-07-21T03:15:06.163Z] > git for-each-ref --sort -committerdate --format %(refname) %(objectname) %(*objectname) [20ms]
[2022-07-21T03:15:06.165Z] > git remote --verbose [4ms]
[2022-07-21T03:15:06.201Z] > git config --get commit.template [6ms]
[2022-07-21T03:15:47.503Z] > git status -z -uall [14ms]
[2022-07-21T03:15:47.546Z] > git symbolic-ref --short HEAD [4ms]
[2022-07-21T03:15:47.635Z] > git for-each-ref --format=%(refname)%00%(upstream:short)%00%(objectname)%00%(upstream:track)%00%(upstream:remotename)%00%(upstream:remoteref) refs/heads/main refs/remotes/main [7ms]
[2022-07-21T03:15:47.775Z] > git remote --verbose [7ms]
[2022-07-21T03:15:47.787Z] > git for-each-ref --sort -committerdate --format %(refname) %(objectname) %(*objectname) [93ms]
[2022-07-21T03:15:47.871Z] > git config --get commit.template [5ms]
[2022-07-21T03:16:34.293Z] > git status -z -uall [3ms]
[2022-07-21T03:16:34.313Z] > git symbolic-ref --short HEAD [2ms]
[2022-07-21T03:16:34.336Z] > git for-each-ref --format=%(refname)%00%(upstream:short)%00%(objectname)%00%(upstream:track)%00%(upstream:remotename)%00%(upstream:remoteref) refs/heads/main refs/remotes/main [4ms]
[2022-07-21T03:16:34.375Z] > git for-each-ref --sort -committerdate --format %(refname) %(objectname) %(*objectname) [20ms]
[2022-07-21T03:16:34.376Z] > git remote --verbose [3ms]
[2022-07-21T03:16:34.432Z] > git config --get commit.template [15ms]
[2022-07-21T03:33:09.313Z] > git status -z -uall [8ms]
[2022-07-21T03:33:09.339Z] > git symbolic-ref --short HEAD [3ms]
[2022-07-21T03:33:09.360Z] > git for-each-ref --format=%(refname)%00%(upstream:short)%00%(objectname)%00%(upstream:track)%00%(upstream:remotename)%00%(upstream:remoteref) refs/heads/main refs/remotes/main [3ms]
[2022-07-21T03:33:09.404Z] > git for-each-ref --sort -committerdate --format %(refname) %(objectname) %(*objectname) [25ms]
[2022-07-21T03:33:09.405Z] > git remote --verbose [5ms]
[2022-07-21T03:33:09.434Z] > git config --get commit.template [2ms]
[2022-07-21T03:33:14.458Z] > git status -z -uall [4ms]
[2022-07-21T03:33:14.474Z] > git symbolic-ref --short HEAD [2ms]
[2022-07-21T03:33:14.494Z] > git for-each-ref --format=%(refname)%00%(upstream:short)%00%(objectname)%00%(upstream:track)%00%(upstream:remotename)%00%(upstream:remoteref) refs/heads/main refs/remotes/main [2ms]
[2022-07-21T03:33:14.533Z] > git for-each-ref --sort -committerdate --format %(refname) %(objectname) %(*objectname) [17ms]
[2022-07-21T03:33:14.534Z] > git remote --verbose [2ms]
[2022-07-21T03:33:14.561Z] > git config --get commit.template [5ms]
[2022-07-21T03:33:19.061Z] > git show --textconv :index.html [19ms]
[2022-07-21T03:33:19.063Z] > git ls-files --stage -- /home/upalb/Assignment-2/index.html [3ms]
[2022-07-21T03:33:19.082Z] > git cat-file -s 0e21c6d32ee31341f655bc0d3538074606833024 [2ms]
[2022-07-21T03:33:20.242Z] > git show --textconv :upcoming-match.html [21ms]
[2022-07-21T03:33:20.244Z] > git ls-files --stage -- /home/upalb/Assignment-2/upcoming-match.html [3ms]
[2022-07-21T03:33:20.262Z] > git cat-file -s 5acae99ef859b4c3a7283bd3fa09a20c492f0c30 [2ms]
[2022-07-21T03:42:59.825Z] > git status -z -uall [429ms]
[2022-07-21T03:42:59.856Z] > git symbolic-ref --short HEAD [3ms]
[2022-07-21T03:42:59.919Z] > git for-each-ref --format=%(refname)%00%(upstream:short)%00%(objectname)%00%(upstream:track)%00%(upstream:remotename)%00%(upstream:remoteref) refs/heads/main refs/remotes/main [45ms]
[2022-07-21T03:42:59.968Z] > git for-each-ref --sort -committerdate --format %(refname) %(objectname) %(*objectname) [23ms]
[2022-07-21T03:42:59.971Z] > git remote --verbose [4ms]
[2022-07-21T03:43:00.014Z] > git config --get commit.template [4ms]
[2022-07-21T03:43:05.038Z] > git status -z -uall [4ms]
[2022-07-21T03:43:05.057Z] > git symbolic-ref --short HEAD [2ms]
[2022-07-21T03:43:05.073Z] > git for-each-ref --format=%(refname)%00%(upstream:short)%00%(objectname)%00%(upstream:track)%00%(upstream:remotename)%00%(upstream:remoteref) refs/heads/main refs/remotes/main [1ms]
[2022-07-21T03:43:05.105Z] > git for-each-ref --sort -committerdate --format %(refname) %(objectname) %(*objectname) [17ms]
[2022-07-21T03:43:05.105Z] > git remote --verbose [2ms]
[2022-07-21T03:43:05.140Z] > git config --get commit.template [11ms]
[2022-07-21T03:43:48.660Z] > git status -z -uall [5ms]
[2022-07-21T03:43:48.677Z] > git symbolic-ref --short HEAD [1ms]
[2022-07-21T03:43:48.695Z] > git for-each-ref --format=%(refname)%00%(upstream:short)%00%(objectname)%00%(upstream:track)%00%(upstream:remotename)%00%(upstream:remoteref) refs/heads/main refs/remotes/main [2ms]
[2022-07-21T03:43:48.725Z] > git for-each-ref --sort -committerdate --format %(refname) %(objectname) %(*objectname) [15ms]
[2022-07-21T03:43:48.726Z] > git remote --verbose [2ms]
[2022-07-21T03:43:48.752Z] > git config --get commit.template [3ms]
[2022-07-21T03:45:02.305Z] > git status -z -uall [4ms]
[2022-07-21T03:45:02.322Z] > git symbolic-ref --short HEAD [2ms]
[2022-07-21T03:45:02.340Z] > git for-each-ref --format=%(refname)%00%(upstream:short)%00%(objectname)%00%(upstream:track)%00%(upstream:remotename)%00%(upstream:remoteref) refs/heads/main refs/remotes/main [3ms]
[2022-07-21T03:45:02.375Z] > git for-each-ref --sort -committerdate --format %(refname) %(objectname) %(*objectname) [17ms]
[2022-07-21T03:45:02.375Z] > git remote --verbose [2ms]
[2022-07-21T03:45:02.402Z] > git config --get commit.template [3ms]
[2022-07-21T03:46:33.443Z] > git status -z -uall [7ms]
[2022-07-21T03:46:33.475Z] > git symbolic-ref --short HEAD [6ms]
[2022-07-21T03:46:33.507Z] > git for-each-ref --format=%(refname)%00%(upstream:short)%00%(objectname)%00%(upstream:track)%00%(upstream:remotename)%00%(upstream:remoteref) refs/heads/main refs/remotes/main [4ms]
[2022-07-21T03:46:33.556Z] > git for-each-ref --sort -committerdate --format %(refname) %(objectname) %(*objectname) [19ms]
[2022-07-21T03:46:33.557Z] > git remote --verbose [2ms]
[2022-07-21T03:46:33.588Z] > git config --get commit.template [5ms]
[2022-07-21T03:46:45.853Z] > git status -z -uall [4ms]
[2022-07-21T03:46:45.874Z] > git symbolic-ref --short HEAD [1ms]
[2022-07-21T03:46:45.892Z] > git for-each-ref --format=%(refname)%00%(upstream:short)%00%(objectname)%00%(upstream:track)%00%(upstream:remotename)%00%(upstream:remoteref) refs/heads/main refs/remotes/main [3ms]
[2022-07-21T03:46:45.929Z] > git for-each-ref --sort -committerdate --format %(refname) %(objectname) %(*objectname) [21ms]
[2022-07-21T03:46:45.930Z] > git remote --verbose [3ms]
[2022-07-21T03:46:45.962Z] > git config --get commit.template [6ms]
[2022-07-21T03:47:14.204Z] > git status -z -uall [4ms]
[2022-07-21T03:47:14.221Z] > git symbolic-ref --short HEAD [2ms]
[2022-07-21T03:47:14.238Z] > git for-each-ref --format=%(refname)%00%(upstream:short)%00%(objectname)%00%(upstream:track)%00%(upstream:remotename)%00%(upstream:remoteref) refs/heads/main refs/remotes/main [2ms]
[2022-07-21T03:47:14.270Z] > git for-each-ref --sort -committerdate --format %(refname) %(objectname) %(*objectname) [17ms]
[2022-07-21T03:47:14.270Z] > git remote --verbose [2ms]
[2022-07-21T03:47:14.298Z] > git config --get commit.template [3ms]
[2022-07-21T03:47:49.824Z] > git status -z -uall [7ms]
[2022-07-21T03:47:49.859Z] > git symbolic-ref --short HEAD [4ms]
[2022-07-21T03:47:49.887Z] > git for-each-ref --format=%(refname)%00%(upstream:short)%00%(objectname)%00%(upstream:track)%00%(upstream:remotename)%00%(upstream:remoteref) refs/heads/main refs/remotes/main [5ms]
[2022-07-21T03:47:49.923Z] > git for-each-ref --sort -committerdate --format %(refname) %(objectname) %(*objectname) [18ms]
[2022-07-21T03:47:49.923Z] > git remote --verbose [2ms]
[2022-07-21T03:47:49.948Z] > git config --get commit.template [3ms]
[2022-07-21T03:48:12.366Z] > git status -z -uall [8ms]
[2022-07-21T03:48:12.389Z] > git symbolic-ref --short HEAD [3ms]
[2022-07-21T03:48:12.422Z] > git for-each-ref --format=%(refname)%00%(upstream:short)%00%(objectname)%00%(upstream:track)%00%(upstream:remotename)%00%(upstream:remoteref) refs/heads/main refs/remotes/main [2ms]
[2022-07-21T03:48:12.463Z] > git for-each-ref --sort -committerdate --format %(refname) %(objectname) %(*objectname) [20ms]
[2022-07-21T03:48:12.463Z] > git remote --verbose [1ms]
[2022-07-21T03:48:12.488Z] > git config --get commit.template [4ms]
[2022-07-21T03:49:31.308Z] > git status -z -uall [4ms]
[2022-07-21T03:49:31.341Z] > git symbolic-ref --short HEAD [4ms]
[2022-07-21T03:49:31.368Z] > git for-each-ref --format=%(refname)%00%(upstream:short)%00%(objectname)%00%(upstream:track)%00%(upstream:remotename)%00%(upstream:remoteref) refs/heads/main refs/remotes/main [4ms]
[2022-07-21T03:49:31.445Z] > git for-each-ref --sort -committerdate --format %(refname) %(objectname) %(*objectname) [54ms]
[2022-07-21T03:49:31.445Z] > git remote --verbose [31ms]
[2022-07-21T03:49:31.477Z] > git config --get commit.template [2ms]
[2022-07-21T03:53:20.585Z] > git status -z -uall [5ms]
[2022-07-21T03:53:20.605Z] > git symbolic-ref --short HEAD [2ms]
[2022-07-21T03:53:20.627Z] > git for-each-ref --format=%(refname)%00%(upstream:short)%00%(objectname)%00%(upstream:track)%00%(upstream:remotename)%00%(upstream:remoteref) refs/heads/main refs/remotes/main [2ms]
[2022-07-21T03:53:20.687Z] > git for-each-ref --sort -committerdate --format %(refname) %(objectname) %(*objectname) [38ms]
[2022-07-21T03:53:20.688Z] > git remote --verbose [22ms]
[2022-07-21T03:53:20.708Z] > git config --get commit.template [2ms]
[2022-07-21T03:53:20.715Z] > git ls-files --stage -- /home/upalb/Assignment-2/upcoming-match.html [29ms]
[2022-07-21T03:53:20.759Z] > git cat-file -s 5acae99ef859b4c3a7283bd3fa09a20c492f0c30 [30ms]
[2022-07-21T03:53:20.784Z] > git show --textconv :upcoming-match.html [3ms]
[2022-07-21T03:53:25.830Z] > git status -z -uall [89ms]
[2022-07-21T03:53:25.857Z] > git show --textconv :index.html [57ms]
[2022-07-21T03:53:25.860Z] > git ls-files --stage -- /home/upalb/Assignment-2/index.html [30ms]
[2022-07-21T03:53:25.882Z] > git symbolic-ref --short HEAD [27ms]
[2022-07-21T03:53:25.901Z] > git cat-file -s 0e21c6d32ee31341f655bc0d3538074606833024 [22ms]
[2022-07-21T03:53:25.904Z] > git for-each-ref --format=%(refname)%00%(upstream:short)%00%(objectname)%00%(upstream:track)%00%(upstream:remotename)%00%(upstream:remoteref) refs/heads/main refs/remotes/main [5ms]
[2022-07-21T03:53:25.948Z] > git for-each-ref --sort -committerdate --format %(refname) %(objectname) %(*objectname) [27ms]
[2022-07-21T03:53:25.950Z] > git remote --verbose [8ms]
[2022-07-21T03:53:25.981Z] > git config --get commit.template [4ms]
[2022-07-21T03:53:26.940Z] > git ls-files --stage -- /home/upalb/Assignment-2/css/style.css [2ms]
[2022-07-21T03:53:26.963Z] > git show --textconv :css/style.css [47ms]
[2022-07-21T03:53:26.965Z] > git cat-file -s 781544d50ccc428fef1f6152f563addba0aa1c37 [3ms]
[2022-07-21T03:53:28.050Z] > git show --textconv :index.html [22ms]
[2022-07-21T03:53:28.052Z] > git ls-files --stage -- /home/upalb/Assignment-2/index.html [2ms]
[2022-07-21T03:53:28.073Z] > git cat-file -s 0e21c6d32ee31341f655bc0d3538074606833024 [2ms]
[2022-07-21T03:53:31.010Z] > git status -z -uall [6ms]
[2022-07-21T03:53:31.033Z] > git symbolic-ref --short HEAD [1ms]
[2022-07-21T03:53:31.061Z] > git for-each-ref --format=%(refname)%00%(upstream:short)%00%(objectname)%00%(upstream:track)%00%(upstream:remotename)%00%(upstream:remoteref) refs/heads/main refs/remotes/main [7ms]
[2022-07-21T03:53:31.108Z] > git for-each-ref --sort -committerdate --format %(refname) %(objectname) %(*objectname) [24ms]
[2022-07-21T03:53:31.110Z] > git remote --verbose [6ms]
[2022-07-21T03:53:31.136Z] > git config --get commit.template [1ms]
[2022-07-21T03:54:04.247Z] > git status -z -uall [3ms]
[2022-07-21T03:54:04.265Z] > git symbolic-ref --short HEAD [2ms]
[2022-07-21T03:54:04.283Z] > git for-each-ref --format=%(refname)%00%(upstream:short)%00%(objectname)%00%(upstream:track)%00%(upstream:remotename)%00%(upstream:remoteref) refs/heads/main refs/remotes/main [2ms]
[2022-07-21T03:54:04.331Z] > git for-each-ref --sort -committerdate --format %(refname) %(objectname) %(*objectname) [25ms]
[2022-07-21T03:54:04.332Z] > git remote --verbose [3ms]
[2022-07-21T03:54:04.361Z] > git config --get commit.template [3ms]
[2022-07-21T03:54:19.383Z] > git status -z -uall [3ms]
[2022-07-21T03:54:19.403Z] > git symbolic-ref --short HEAD [2ms]
[2022-07-21T03:54:19.422Z] > git for-each-ref --format=%(refname)%00%(upstream:short)%00%(objectname)%00%(upstream:track)%00%(upstream:remotename)%00%(upstream:remoteref) refs/heads/main refs/remotes/main [2ms]
[2022-07-21T03:54:19.454Z] > git for-each-ref --sort -committerdate --format %(refname) %(objectname) %(*objectname) [15ms]
[2022-07-21T03:54:19.454Z] > git remote --verbose [1ms]
[2022-07-21T03:54:19.473Z] > git config --get commit.template [2ms]
[2022-07-21T03:54:29.796Z] > git status -z -uall [3ms]
[2022-07-21T03:54:29.824Z] > git symbolic-ref --short HEAD [2ms]
[2022-07-21T03:54:29.845Z] > git for-each-ref --format=%(refname)%00%(upstream:short)%00%(objectname)%00%(upstream:track)%00%(upstream:remotename)%00%(upstream:remoteref) refs/heads/main refs/remotes/main [2ms]
[2022-07-21T03:54:29.883Z] > git for-each-ref --sort -committerdate --format %(refname) %(objectname) %(*objectname) [19ms]
[2022-07-21T03:54:29.883Z] > git remote --verbose [2ms]
[2022-07-21T03:54:29.901Z] > git config --get commit.template [1ms]
[2022-07-21T03:54:46.828Z] > git status -z -uall [3ms]
[2022-07-21T03:54:46.848Z] > git symbolic-ref --short HEAD [1ms]
[2022-07-21T03:54:46.869Z] > git for-each-ref --format=%(refname)%00%(upstream:short)%00%(objectname)%00%(upstream:track)%00%(upstream:remotename)%00%(upstream:remoteref) refs/heads/main refs/remotes/main [2ms]
[2022-07-21T03:54:46.908Z] > git for-each-ref --sort -committerdate --format %(refname) %(objectname) %(*objectname) [21ms]
[2022-07-21T03:54:46.909Z] > git remote --verbose [4ms]
[2022-07-21T03:54:46.934Z] > git config --get commit.template [2ms]
[2022-07-21T03:55:02.045Z] > git status -z -uall [3ms]
[2022-07-21T03:55:02.068Z] > git symbolic-ref --short HEAD [2ms]
[2022-07-21T03:55:02.085Z] > git for-each-ref --format=%(refname)%00%(upstream:short)%00%(objectname)%00%(upstream:track)%00%(upstream:remotename)%00%(upstream:remoteref) refs/heads/main refs/remotes/main [2ms]
[2022-07-21T03:55:02.118Z] > git for-each-ref --sort -committerdate --format %(refname) %(objectname) %(*objectname) [19ms]
[2022-07-21T03:55:02.119Z] > git remote --verbose [6ms]
[2022-07-21T03:55:02.138Z] > git config --get commit.template [1ms]
[2022-07-21T03:55:03.637Z] > git show --textconv :upcoming-match.html [16ms]
[2022-07-21T03:55:03.639Z] > git ls-files --stage -- /home/upalb/Assignment-2/upcoming-match.html [2ms]
[2022-07-21T03:55:03.656Z] > git cat-file -s 5acae99ef859b4c3a7283bd3fa09a20c492f0c30 [2ms]
[2022-07-21T03:55:33.607Z] > git show --textconv :index.html [17ms]
[2022-07-21T03:55:33.609Z] > git ls-files --stage -- /home/upalb/Assignment-2/index.html [3ms]
[2022-07-21T03:55:33.643Z] > git cat-file -s 0e21c6d32ee31341f655bc0d3538074606833024 [19ms]
[2022-07-21T03:55:33.646Z] > git status -z -uall [3ms]
[2022-07-21T03:55:33.668Z] > git symbolic-ref --short HEAD [3ms]
[2022-07-21T03:55:33.686Z] > git for-each-ref --format=%(refname)%00%(upstream:short)%00%(objectname)%00%(upstream:track)%00%(upstream:remotename)%00%(upstream:remoteref) refs/heads/main refs/remotes/main [2ms]
[2022-07-21T03:55:33.720Z] > git for-each-ref --sort -committerdate --format %(refname) %(objectname) %(*objectname) [17ms]
[2022-07-21T03:55:33.721Z] > git remote --verbose [3ms]
[2022-07-21T03:55:33.748Z] > git config --get commit.template [5ms]
[2022-07-21T03:55:40.935Z] > git show --textconv :upcoming-match.html [18ms]
[2022-07-21T03:55:40.936Z] > git ls-files --stage -- /home/upalb/Assignment-2/upcoming-match.html [2ms]
[2022-07-21T03:55:40.954Z] > git cat-file -s 5acae99ef859b4c3a7283bd3fa09a20c492f0c30 [3ms]
[2022-07-21T03:55:44.911Z] > git status -z -uall [3ms]
[2022-07-21T03:55:44.928Z] > git symbolic-ref --short HEAD [2ms]
[2022-07-21T03:55:44.945Z] > git for-each-ref --format=%(refname)%00%(upstream:short)%00%(objectname)%00%(upstream:track)%00%(upstream:remotename)%00%(upstream:remoteref) refs/heads/main refs/remotes/main [2ms]
[2022-07-21T03:55:44.977Z] > git for-each-ref --sort -committerdate --format %(refname) %(objectname) %(*objectname) [16ms]
[2022-07-21T03:55:44.977Z] > git remote --verbose [2ms]
[2022-07-21T03:55:44.996Z] > git config --get commit.template [2ms]
[2022-07-21T03:56:50.850Z] > git status -z -uall [4ms]
[2022-07-21T03:56:50.871Z] > git symbolic-ref --short HEAD [2ms]
[2022-07-21T03:56:50.893Z] > git for-each-ref --format=%(refname)%00%(upstream:short)%00%(objectname)%00%(upstream:track)%00%(upstream:remotename)%00%(upstream:remoteref) refs/heads/main refs/remotes/main [2ms]
[2022-07-21T03:56:50.940Z] > git for-each-ref --sort -committerdate --format %(refname) %(objectname) %(*objectname) [25ms]
[2022-07-21T03:56:50.941Z] > git remote --verbose [3ms]
[2022-07-21T03:56:50.964Z] > git config --get commit.template [4ms]
[2022-07-21T03:56:57.384Z] > git status -z -uall [10ms]
[2022-07-21T03:56:57.428Z] > git symbolic-ref --short HEAD [4ms]
[2022-07-21T03:56:57.460Z] > git for-each-ref --format=%(refname)%00%(upstream:short)%00%(objectname)%00%(upstream:track)%00%(upstream:remotename)%00%(upstream:remoteref) refs/heads/main refs/remotes/main [3ms]
[2022-07-21T03:56:57.493Z] > git for-each-ref --sort -committerdate --format %(refname) %(objectname) %(*objectname) [17ms]
[2022-07-21T03:56:57.494Z] > git remote --verbose [3ms]
[2022-07-21T03:56:57.519Z] > git config --get commit.template [5ms]
[2022-07-21T03:58:13.233Z] > git show --textconv :index.html [24ms]
[2022-07-21T03:58:13.234Z] > git ls-files --stage -- /home/upalb/Assignment-2/index.html [3ms]
[2022-07-21T03:58:13.249Z] > git cat-file -s 0e21c6d32ee31341f655bc0d3538074606833024 [2ms]
[2022-07-21T03:58:13.293Z] > git status -z -uall [2ms]
[2022-07-21T03:58:13.324Z] > git symbolic-ref --short HEAD [3ms]
[2022-07-21T03:58:13.343Z] > git for-each-ref --format=%(refname)%00%(upstream:short)%00%(objectname)%00%(upstream:track)%00%(upstream:remotename)%00%(upstream:remoteref) refs/heads/main refs/remotes/main [3ms]
[2022-07-21T03:58:13.381Z] > git for-each-ref --sort -committerdate --format %(refname) %(objectname) %(*objectname) [19ms]
[2022-07-21T03:58:13.382Z] > git remote --verbose [3ms]
[2022-07-21T03:58:13.404Z] > git config --get commit.template [2ms]
[2022-07-21T03:58:14.345Z] > git show --textconv :css/style.css [23ms]
[2022-07-21T03:58:14.346Z] > git ls-files --stage -- /home/upalb/Assignment-2/css/style.css [4ms]
[2022-07-21T03:58:14.365Z] > git cat-file -s 781544d50ccc428fef1f6152f563addba0aa1c37 [3ms]
[2022-07-21T03:58:17.156Z] > git show --textconv :upcoming-match.html [36ms]
[2022-07-21T03:58:17.158Z] > git ls-files --stage -- /home/upalb/Assignment-2/upcoming-match.html [4ms]
[2022-07-21T03:58:17.182Z] > git cat-file -s 5acae99ef859b4c3a7283bd3fa09a20c492f0c30 [2ms]
[2022-07-21T03:58:18.441Z] > git status -z -uall [7ms]
[2022-07-21T03:58:18.462Z] > git symbolic-ref --short HEAD [4ms]
[2022-07-21T03:58:18.490Z] > git for-each-ref --format=%(refname)%00%(upstream:short)%00%(objectname)%00%(upstream:track)%00%(upstream:remotename)%00%(upstream:remoteref) refs/heads/main refs/remotes/main [3ms]
[2022-07-21T03:58:18.523Z] > git for-each-ref --sort -committerdate --format %(refname) %(objectname) %(*objectname) [18ms]
[2022-07-21T03:58:18.524Z] > git remote --verbose [2ms]
[2022-07-21T03:58:18.541Z] > git config --get commit.template [1ms]
[2022-07-21T03:58:38.041Z] > git status -z -uall [3ms]
[2022-07-21T03:58:38.060Z] > git symbolic-ref --short HEAD [2ms]
[2022-07-21T03:58:38.081Z] > git for-each-ref --format=%(refname)%00%(upstream:short)%00%(objectname)%00%(upstream:track)%00%(upstream:remotename)%00%(upstream:remoteref) refs/heads/main refs/remotes/main [5ms]
[2022-07-21T03:58:38.117Z] > git for-each-ref --sort -committerdate --format %(refname) %(objectname) %(*objectname) [19ms]
[2022-07-21T03:58:38.118Z] > git remote --verbose [3ms]
[2022-07-21T03:58:38.137Z] > git config --get commit.template [2ms]
[2022-07-21T03:58:44.561Z] > git status -z -uall [4ms]
[2022-07-21T03:58:44.578Z] > git symbolic-ref --short HEAD [2ms]
[2022-07-21T03:58:44.594Z] > git for-each-ref --format=%(refname)%00%(upstream:short)%00%(objectname)%00%(upstream:track)%00%(upstream:remotename)%00%(upstream:remoteref) refs/heads/main refs/remotes/main [3ms]
[2022-07-21T03:58:44.621Z] > git for-each-ref --sort -committerdate --format %(refname) %(objectname) %(*objectname) [14ms]
[2022-07-21T03:58:44.621Z] > git remote --verbose [1ms]
[2022-07-21T03:58:44.640Z] > git config --get commit.template [2ms]
[2022-07-21T03:59:32.899Z] > git show --textconv :index.html [16ms]
[2022-07-21T03:59:32.908Z] > git ls-files --stage -- /home/upalb/Assignment-2/index.html [10ms]
[2022-07-21T03:59:32.923Z] > git cat-file -s 0e21c6d32ee31341f655bc0d3538074606833024 [1ms]
[2022-07-21T03:59:46.535Z] > git status -z -uall [3ms]
[2022-07-21T03:59:46.549Z] > git symbolic-ref --short HEAD [1ms]
[2022-07-21T03:59:46.564Z] > git for-each-ref --format=%(refname)%00%(upstream:short)%00%(objectname)%00%(upstream:track)%00%(upstream:remotename)%00%(upstream:remoteref) refs/heads/main refs/remotes/main [2ms]
[2022-07-21T03:59:46.590Z] > git for-each-ref --sort -committerdate --format %(refname) %(objectname) %(*objectname) [13ms]
[2022-07-21T03:59:46.591Z] > git remote --verbose [2ms]
[2022-07-21T03:59:46.612Z] > git config --get commit.template [2ms]
[2022-07-21T03:59:56.325Z] > git show --textconv :css/style.css [15ms]
[2022-07-21T03:59:56.326Z] > git ls-files --stage -- /home/upalb/Assignment-2/css/style.css [2ms]
[2022-07-21T03:59:56.340Z] > git cat-file -s 781544d50ccc428fef1f6152f563addba0aa1c37 [1ms]
[2022-07-21T04:00:12.035Z] > git status -z -uall [2ms]
[2022-07-21T04:00:12.056Z] > git symbolic-ref --short HEAD [4ms]
[2022-07-21T04:00:12.075Z] > git for-each-ref --format=%(refname)%00%(upstream:short)%00%(objectname)%00%(upstream:track)%00%(upstream:remotename)%00%(upstream:remoteref) refs/heads/main refs/remotes/main [3ms]
[2022-07-21T04:00:12.112Z] > git for-each-ref --sort -committerdate --format %(refname) %(objectname) %(*objectname) [20ms]
[2022-07-21T04:00:12.112Z] > git remote --verbose [2ms]
[2022-07-21T04:00:12.134Z] > git config --get commit.template [2ms]
