[2022-07-09T13:12:36.947Z] Log level: Info
[2022-07-09T13:12:36.949Z] [info] Validating found git in: git
[2022-07-09T13:12:37.131Z] [info] Using git 2.37.0 from git
[2022-07-09T13:12:37.815Z] > git rev-parse --show-toplevel [492ms]
[2022-07-09T13:12:37.815Z] fatal: not a git repository (or any parent up to mount point /run/media/upalb)
Stopping at filesystem boundary (GIT_DISCOVERY_ACROSS_FILESYSTEM not set).
[2022-07-09T13:12:38.515Z] > git rev-parse --show-toplevel [673ms]
[2022-07-09T13:12:38.575Z] > git rev-parse --git-dir --git-common-dir [34ms]
[2022-07-09T13:12:38.591Z] [info] Open repository: /run/media/upalb/Miscellaneous/Code/Programming-Hero/Assigmnent 1
[2022-07-09T13:12:38.981Z] > git rev-parse --show-toplevel [319ms]
[2022-07-09T13:12:38.981Z] fatal: not a git repository (or any parent up to mount point /run/media/upalb)
Stopping at filesystem boundary (GIT_DISCOVERY_ACROSS_FILESYSTEM not set).
[2022-07-09T13:12:39.229Z] > git rev-parse --show-toplevel [209ms]
[2022-07-09T13:12:39.229Z] fatal: not a git repository (or any parent up to mount point /run/media/upalb)
Stopping at filesystem boundary (GIT_DISCOVERY_ACROSS_FILESYSTEM not set).
[2022-07-09T13:12:39.291Z] > git rev-parse --show-toplevel [29ms]
[2022-07-09T13:12:39.291Z] fatal: not a git repository (or any parent up to mount point /run/media/upalb)
Stopping at filesystem boundary (GIT_DISCOVERY_ACROSS_FILESYSTEM not set).
[2022-07-09T13:12:39.354Z] > git rev-parse --show-toplevel [23ms]
[2022-07-09T13:12:39.355Z] fatal: not a git repository (or any parent up to mount point /run/media/upalb)
Stopping at filesystem boundary (GIT_DISCOVERY_ACROSS_FILESYSTEM not set).
[2022-07-09T13:12:39.495Z] > git rev-parse --show-toplevel [115ms]
[2022-07-09T13:12:39.495Z] fatal: not a git repository (or any parent up to mount point /run/media/upalb)
Stopping at filesystem boundary (GIT_DISCOVERY_ACROSS_FILESYSTEM not set).
[2022-07-09T13:12:39.602Z] > git rev-parse --show-toplevel [50ms]
[2022-07-09T13:12:39.602Z] fatal: not a git repository (or any parent up to mount point /run/media/upalb)
Stopping at filesystem boundary (GIT_DISCOVERY_ACROSS_FILESYSTEM not set).
[2022-07-09T13:12:39.646Z] > git rev-parse --show-toplevel [13ms]
[2022-07-09T13:12:39.646Z] fatal: not a git repository (or any parent up to mount point /run/media/upalb)
Stopping at filesystem boundary (GIT_DISCOVERY_ACROSS_FILESYSTEM not set).
[2022-07-09T13:12:39.690Z] > git check-ignore -v -z --stdin [197ms]
[2022-07-09T13:12:39.725Z] > git rev-parse --show-toplevel [37ms]
[2022-07-09T13:12:39.725Z] fatal: not a git repository (or any parent up to mount point /run/media/upalb)
Stopping at filesystem boundary (GIT_DISCOVERY_ACROSS_FILESYSTEM not set).
[2022-07-09T13:12:39.841Z] > git status -z -uall [1190ms]
[2022-07-09T13:12:40.050Z] > git ls-files --stage -- /run/media/upalb/Miscellaneous/Code/Programming-Hero/Assigmnent 1/style.css [282ms]
[2022-07-09T13:12:40.121Z] > git symbolic-ref --short HEAD [260ms]
[2022-07-09T13:12:40.411Z] > git show --textconv :style.css [662ms]
[2022-07-09T13:12:40.503Z] > git cat-file -s 17b3b034ba21ee13587fa09de2b18ae08a6ed46b [434ms]
[2022-07-09T13:12:40.821Z] > git for-each-ref --format=%(refname)%00%(upstream:short)%00%(objectname)%00%(upstream:track)%00%(upstream:remotename)%00%(upstream:remoteref) refs/heads/main refs/remotes/main [682ms]
[2022-07-09T13:12:41.091Z] > git remote --verbose [157ms]
[2022-07-09T13:12:41.109Z] > git for-each-ref --sort -committerdate --format %(refname) %(objectname) %(*objectname) [205ms]
[2022-07-09T13:12:41.356Z] > git config --get commit.template [160ms]
[2022-07-09T13:14:51.064Z] > git rev-parse --show-toplevel [19ms]
[2022-07-09T13:14:51.064Z] fatal: not a git repository (or any parent up to mount point /run/media/upalb)
Stopping at filesystem boundary (GIT_DISCOVERY_ACROSS_FILESYSTEM not set).
[2022-07-09T13:48:28.003Z] > git rev-parse --show-toplevel [389ms]
[2022-07-09T13:48:28.003Z] fatal: not a git repository (or any parent up to mount point /run/media/upalb)
Stopping at filesystem boundary (GIT_DISCOVERY_ACROSS_FILESYSTEM not set).
