[2022-07-14T02:08:51.646Z] Log level: Info
[2022-07-14T02:08:51.647Z] [info] Validating found git in: git
[2022-07-14T02:08:51.959Z] [info] Using git 2.37.1 from git
[2022-07-14T02:08:52.139Z] > git rev-parse --show-toplevel [158ms]
[2022-07-14T02:08:52.157Z] > git rev-parse --git-dir --git-common-dir [4ms]
[2022-07-14T02:08:52.163Z] [info] Open repository: /home/upalb/Grover
[2022-07-14T02:08:57.693Z] > git status -z -uall [5515ms]
[2022-07-14T02:08:57.752Z] > git symbolic-ref --short HEAD [37ms]
[2022-07-14T02:08:57.936Z] > git show --textconv :scss/_choose.scss [25ms]
[2022-07-14T02:08:57.936Z] > git for-each-ref --format=%(refname)%00%(upstream:short)%00%(objectname)%00%(upstream:track)%00%(upstream:remotename)%00%(upstream:remoteref) refs/heads/main refs/remotes/main [74ms]
[2022-07-14T02:08:57.984Z] > git remote --verbose [17ms]
[2022-07-14T02:08:57.985Z] > git for-each-ref --sort -committerdate --format %(refname) %(objectname) %(*objectname) [34ms]
[2022-07-14T02:08:57.991Z] > git ls-files --stage -- /home/upalb/Grover/scss/_choose.scss [61ms]
[2022-07-14T02:08:58.078Z] > git config --get commit.template [62ms]
[2022-07-14T02:08:58.362Z] > git status -z -uall [268ms]
[2022-07-14T02:08:58.377Z] > git check-ignore -v -z --stdin [31ms]
[2022-07-14T02:08:58.383Z] > git symbolic-ref --short HEAD [6ms]
[2022-07-14T02:08:58.412Z] > git for-each-ref --format=%(refname)%00%(upstream:short)%00%(objectname)%00%(upstream:track)%00%(upstream:remotename)%00%(upstream:remoteref) refs/heads/main refs/remotes/main [10ms]
[2022-07-14T02:08:58.444Z] > git for-each-ref --sort -committerdate --format %(refname) %(objectname) %(*objectname) [18ms]
[2022-07-14T02:08:58.448Z] > git remote --verbose [7ms]
[2022-07-14T02:08:58.475Z] > git config --get commit.template [10ms]
[2022-07-14T02:09:06.894Z] > git config --global user.email [9ms]
[2022-07-14T02:09:06.923Z] > git config --global user.name [8ms]
[2022-07-14T02:09:06.953Z] > git status -z -uall [4ms]
[2022-07-14T02:09:06.977Z] > git symbolic-ref --short HEAD [7ms]
[2022-07-14T02:09:07.016Z] > git for-each-ref --format=%(refname)%00%(upstream:short)%00%(objectname)%00%(upstream:track)%00%(upstream:remotename)%00%(upstream:remoteref) refs/heads/main refs/remotes/main [21ms]
[2022-07-14T02:09:07.051Z] > git for-each-ref --sort -committerdate --format %(refname) %(objectname) %(*objectname) [21ms]
[2022-07-14T02:09:07.052Z] > git remote --verbose [6ms]
[2022-07-14T02:09:07.073Z] > git config --get commit.template [3ms]
[2022-07-14T02:09:07.246Z] > git show -s --format=%an <%ae> [%ai] b223393853401ac3f5ca227f72fb38824f0ca07a [156ms]
[2022-07-14T02:09:07.267Z] > git show -s --format=%H%n%aN%n%aE%n%at%n%ct%n%P%n%D%n%B -z b223393853401ac3f5ca227f72fb38824f0ca07a [4ms]
[2022-07-14T02:09:07.317Z] > git show -s --format=%an <%ae> [%ai] a9d092d7ef1fdb0f8f80a5158531c76e32c5eaae [32ms]
[2022-07-14T02:09:07.338Z] > git show -s --format=%H%n%aN%n%aE%n%at%n%ct%n%P%n%D%n%B -z a9d092d7ef1fdb0f8f80a5158531c76e32c5eaae [3ms]
[2022-07-14T02:09:07.355Z] > git show -s --format=%an <%ae> [%ai] 1f90a79f2f581c421671fef5065d87fef401bbd7 [2ms]
[2022-07-14T02:09:07.372Z] > git show -s --format=%H%n%aN%n%aE%n%at%n%ct%n%P%n%D%n%B -z 1f90a79f2f581c421671fef5065d87fef401bbd7 [3ms]
[2022-07-14T02:11:33.649Z] > git show --textconv :scss/_hero.scss [29ms]
[2022-07-14T02:11:33.652Z] > git ls-files --stage -- /home/upalb/Grover/scss/_hero.scss [8ms]
[2022-07-14T02:11:33.679Z] > git cat-file -s 719dc26e37c50964f1828be900777ef3330a8218 [4ms]
[2022-07-14T02:12:05.872Z] > git ls-files --stage -- /home/upalb/Grover/scss/_navbar.scss [2ms]
[2022-07-14T02:12:05.935Z] > git show --textconv :scss/_navbar.scss [94ms]
[2022-07-14T02:12:05.936Z] > git cat-file -s ce76ba0869b3364ddde948067f643c4eec933768 [48ms]
[2022-07-14T02:12:10.942Z] > git show --textconv :scss/style.scss [17ms]
[2022-07-14T02:12:10.945Z] > git ls-files --stage -- /home/upalb/Grover/scss/style.scss [6ms]
[2022-07-14T02:12:10.963Z] > git cat-file -s 585df4f41676726486fd9639de1d1ca335d654e9 [3ms]
[2022-07-14T02:12:12.806Z] > git show --textconv :scss/_mixins.scss [42ms]
[2022-07-14T02:12:12.807Z] > git ls-files --stage -- /home/upalb/Grover/scss/_mixins.scss [25ms]
[2022-07-14T02:12:12.887Z] > git cat-file -s 73fb625f6606e8aede6c00cff209bbe29b247c6a [63ms]
[2022-07-14T02:19:19.405Z] > git show --textconv :js/index.js [37ms]
[2022-07-14T02:19:19.405Z] > git ls-files --stage -- /home/upalb/Grover/js/index.js [7ms]
[2022-07-14T02:19:19.433Z] > git cat-file -s e39d88d066b5454f4ae3d606acefeab8cd705eb4 [9ms]
[2022-07-14T02:19:20.456Z] > git ls-files --stage -- /home/upalb/Grover/scss/_resets.scss [17ms]
[2022-07-14T02:19:20.543Z] > git show --textconv :scss/_resets.scss [137ms]
[2022-07-14T02:19:20.555Z] > git cat-file -s 9d25db701f273dea18190df3addadeee792bc8b8 [16ms]
[2022-07-14T02:19:21.450Z] > git show --textconv :js/index.js [71ms]
[2022-07-14T02:19:21.453Z] > git ls-files --stage -- /home/upalb/Grover/js/index.js [13ms]
[2022-07-14T02:19:21.471Z] > git cat-file -s e39d88d066b5454f4ae3d606acefeab8cd705eb4 [2ms]
[2022-07-14T02:19:26.679Z] > git show --textconv :scss/_resets.scss [24ms]
[2022-07-14T02:19:26.683Z] > git ls-files --stage -- /home/upalb/Grover/scss/_resets.scss [9ms]
[2022-07-14T02:19:26.709Z] > git cat-file -s 9d25db701f273dea18190df3addadeee792bc8b8 [4ms]
[2022-07-14T02:19:47.816Z] > git show --textconv :scss/_utils.scss [23ms]
[2022-07-14T02:19:47.818Z] > git ls-files --stage -- /home/upalb/Grover/scss/_utils.scss [5ms]
[2022-07-14T02:19:47.832Z] > git cat-file -s ddaedb4d294a3117ef38b6cbf4b8118d9777c11c [2ms]
[2022-07-14T02:25:48.605Z] > git show --textconv :scss/_resets.scss [20ms]
[2022-07-14T02:25:48.608Z] > git ls-files --stage -- /home/upalb/Grover/scss/_resets.scss [6ms]
[2022-07-14T02:25:48.628Z] > git cat-file -s 9d25db701f273dea18190df3addadeee792bc8b8 [2ms]
[2022-07-14T02:25:49.110Z] > git show --textconv :js/index.js [15ms]
[2022-07-14T02:25:49.111Z] > git ls-files --stage -- /home/upalb/Grover/js/index.js [2ms]
[2022-07-14T02:25:49.130Z] > git cat-file -s e39d88d066b5454f4ae3d606acefeab8cd705eb4 [2ms]
[2022-07-14T02:25:49.495Z] > git show --textconv :scss/_mixins.scss [24ms]
[2022-07-14T02:25:49.500Z] > git ls-files --stage -- /home/upalb/Grover/scss/_mixins.scss [10ms]
[2022-07-14T02:25:49.526Z] > git cat-file -s 73fb625f6606e8aede6c00cff209bbe29b247c6a [8ms]
[2022-07-14T02:25:49.867Z] > git show --textconv :scss/style.scss [16ms]
[2022-07-14T02:25:49.868Z] > git ls-files --stage -- /home/upalb/Grover/scss/style.scss [5ms]
[2022-07-14T02:25:49.886Z] > git cat-file -s 585df4f41676726486fd9639de1d1ca335d654e9 [3ms]
[2022-07-14T02:25:50.344Z] > git show --textconv :scss/_navbar.scss [16ms]
[2022-07-14T02:25:50.345Z] > git ls-files --stage -- /home/upalb/Grover/scss/_navbar.scss [2ms]
[2022-07-14T02:25:50.362Z] > git cat-file -s ce76ba0869b3364ddde948067f643c4eec933768 [3ms]
[2022-07-14T02:25:50.655Z] > git show --textconv :scss/_hero.scss [19ms]
[2022-07-14T02:25:50.658Z] > git ls-files --stage -- /home/upalb/Grover/scss/_hero.scss [6ms]
[2022-07-14T02:25:50.676Z] > git cat-file -s 719dc26e37c50964f1828be900777ef3330a8218 [2ms]
[2022-07-14T02:25:51.038Z] > git show --textconv :scss/_choose.scss [17ms]
[2022-07-14T02:25:51.042Z] > git ls-files --stage -- /home/upalb/Grover/scss/_choose.scss [5ms]
[2022-07-14T02:25:51.577Z] > git ls-files --stage -- /home/upalb/Grover/scss/_variables.scss [2ms]
[2022-07-14T02:25:51.597Z] > git show --textconv :scss/_variables.scss [40ms]
[2022-07-14T02:25:51.598Z] > git cat-file -s dda30e6d2ca985afa4e7d67a8f098a7dc9e807fb [3ms]
[2022-07-14T02:25:52.308Z] > git show --textconv :index.html [49ms]
[2022-07-14T02:25:52.308Z] > git ls-files --stage -- /home/upalb/Grover/index.html [13ms]
[2022-07-14T02:25:52.340Z] > git cat-file -s cb80bd9861a1caf3564203f327d68c28e6c2982f [6ms]
[2022-07-14T02:25:56.969Z] > git check-ignore -v -z --stdin [3ms]
